[2023-07-30T18:29:24.650+0300] {processor.py:157} INFO - Started process (PID=28973) to work on /Users/olgastash/neoflex_env_airflow/lib/python3.10/site-packages/airflow/example_dags/example_dynamic_task_mapping_with_no_taskflow_operators.py
[2023-07-30T18:29:24.652+0300] {processor.py:826} INFO - Processing file /Users/olgastash/neoflex_env_airflow/lib/python3.10/site-packages/airflow/example_dags/example_dynamic_task_mapping_with_no_taskflow_operators.py for tasks to queue
[2023-07-30T18:29:24.652+0300] {logging_mixin.py:150} INFO - [2023-07-30T18:29:24.652+0300] {dagbag.py:541} INFO - Filling up the DagBag from /Users/olgastash/neoflex_env_airflow/lib/python3.10/site-packages/airflow/example_dags/example_dynamic_task_mapping_with_no_taskflow_operators.py
[2023-07-30T18:29:24.673+0300] {processor.py:836} INFO - DAG(s) dict_keys(['example_dynamic_task_mapping_with_no_taskflow_operators']) retrieved from /Users/olgastash/neoflex_env_airflow/lib/python3.10/site-packages/airflow/example_dags/example_dynamic_task_mapping_with_no_taskflow_operators.py
[2023-07-30T18:29:25.637+0300] {logging_mixin.py:150} INFO - [2023-07-30T18:29:25.637+0300] {manager.py:504} INFO - Created Permission View: can read on DAG:example_dynamic_task_mapping_with_no_taskflow_operators
[2023-07-30T18:29:25.647+0300] {logging_mixin.py:150} INFO - [2023-07-30T18:29:25.647+0300] {manager.py:504} INFO - Created Permission View: can edit on DAG:example_dynamic_task_mapping_with_no_taskflow_operators
[2023-07-30T18:29:25.654+0300] {logging_mixin.py:150} INFO - [2023-07-30T18:29:25.653+0300] {manager.py:504} INFO - Created Permission View: can delete on DAG:example_dynamic_task_mapping_with_no_taskflow_operators
[2023-07-30T18:29:25.666+0300] {logging_mixin.py:150} INFO - [2023-07-30T18:29:25.665+0300] {dag.py:2742} INFO - Sync 1 DAGs
[2023-07-30T18:29:25.677+0300] {logging_mixin.py:150} INFO - [2023-07-30T18:29:25.677+0300] {dag.py:2763} INFO - Creating ORM DAG for example_dynamic_task_mapping_with_no_taskflow_operators
[2023-07-30T18:29:25.695+0300] {logging_mixin.py:150} INFO - [2023-07-30T18:29:25.695+0300] {dag.py:3504} INFO - Setting next_dagrun for example_dynamic_task_mapping_with_no_taskflow_operators to 2023-07-29T15:29:25.694864+00:00, run_after=2023-07-30T15:29:25.694864+00:00
[2023-07-30T18:29:25.729+0300] {processor.py:179} INFO - Processing /Users/olgastash/neoflex_env_airflow/lib/python3.10/site-packages/airflow/example_dags/example_dynamic_task_mapping_with_no_taskflow_operators.py took 1.079 seconds
[2023-07-30T18:31:54.631+0300] {processor.py:157} INFO - Started process (PID=29088) to work on /Users/olgastash/neoflex_env_airflow/lib/python3.10/site-packages/airflow/example_dags/example_dynamic_task_mapping_with_no_taskflow_operators.py
[2023-07-30T18:31:54.632+0300] {processor.py:826} INFO - Processing file /Users/olgastash/neoflex_env_airflow/lib/python3.10/site-packages/airflow/example_dags/example_dynamic_task_mapping_with_no_taskflow_operators.py for tasks to queue
[2023-07-30T18:31:54.632+0300] {logging_mixin.py:150} INFO - [2023-07-30T18:31:54.632+0300] {dagbag.py:541} INFO - Filling up the DagBag from /Users/olgastash/neoflex_env_airflow/lib/python3.10/site-packages/airflow/example_dags/example_dynamic_task_mapping_with_no_taskflow_operators.py
[2023-07-30T18:31:54.656+0300] {processor.py:836} INFO - DAG(s) dict_keys(['example_dynamic_task_mapping_with_no_taskflow_operators']) retrieved from /Users/olgastash/neoflex_env_airflow/lib/python3.10/site-packages/airflow/example_dags/example_dynamic_task_mapping_with_no_taskflow_operators.py
[2023-07-30T18:31:55.575+0300] {logging_mixin.py:150} INFO - [2023-07-30T18:31:55.575+0300] {dag.py:2742} INFO - Sync 1 DAGs
[2023-07-30T18:31:55.595+0300] {logging_mixin.py:150} INFO - [2023-07-30T18:31:55.595+0300] {dag.py:3504} INFO - Setting next_dagrun for example_dynamic_task_mapping_with_no_taskflow_operators to 2023-07-29T15:31:55.595133+00:00, run_after=2023-07-30T15:31:55.595133+00:00
[2023-07-30T18:31:55.614+0300] {processor.py:179} INFO - Processing /Users/olgastash/neoflex_env_airflow/lib/python3.10/site-packages/airflow/example_dags/example_dynamic_task_mapping_with_no_taskflow_operators.py took 0.985 seconds
[2023-07-30T18:35:52.314+0300] {processor.py:157} INFO - Started process (PID=29243) to work on /Users/olgastash/neoflex_env_airflow/lib/python3.10/site-packages/airflow/example_dags/example_dynamic_task_mapping_with_no_taskflow_operators.py
[2023-07-30T18:35:52.315+0300] {processor.py:826} INFO - Processing file /Users/olgastash/neoflex_env_airflow/lib/python3.10/site-packages/airflow/example_dags/example_dynamic_task_mapping_with_no_taskflow_operators.py for tasks to queue
[2023-07-30T18:35:52.315+0300] {logging_mixin.py:150} INFO - [2023-07-30T18:35:52.315+0300] {dagbag.py:541} INFO - Filling up the DagBag from /Users/olgastash/neoflex_env_airflow/lib/python3.10/site-packages/airflow/example_dags/example_dynamic_task_mapping_with_no_taskflow_operators.py
[2023-07-30T18:35:52.336+0300] {processor.py:836} INFO - DAG(s) dict_keys(['example_dynamic_task_mapping_with_no_taskflow_operators']) retrieved from /Users/olgastash/neoflex_env_airflow/lib/python3.10/site-packages/airflow/example_dags/example_dynamic_task_mapping_with_no_taskflow_operators.py
[2023-07-30T18:35:53.214+0300] {logging_mixin.py:150} INFO - [2023-07-30T18:35:53.213+0300] {dag.py:2742} INFO - Sync 1 DAGs
[2023-07-30T18:35:53.233+0300] {logging_mixin.py:150} INFO - [2023-07-30T18:35:53.233+0300] {dag.py:3504} INFO - Setting next_dagrun for example_dynamic_task_mapping_with_no_taskflow_operators to 2023-07-29T15:35:53.232946+00:00, run_after=2023-07-30T15:35:53.232946+00:00
[2023-07-30T18:35:53.251+0300] {processor.py:179} INFO - Processing /Users/olgastash/neoflex_env_airflow/lib/python3.10/site-packages/airflow/example_dags/example_dynamic_task_mapping_with_no_taskflow_operators.py took 0.938 seconds
[2023-07-30T18:39:46.460+0300] {processor.py:157} INFO - Started process (PID=29388) to work on /Users/olgastash/neoflex_env_airflow/lib/python3.10/site-packages/airflow/example_dags/example_dynamic_task_mapping_with_no_taskflow_operators.py
[2023-07-30T18:39:46.461+0300] {processor.py:826} INFO - Processing file /Users/olgastash/neoflex_env_airflow/lib/python3.10/site-packages/airflow/example_dags/example_dynamic_task_mapping_with_no_taskflow_operators.py for tasks to queue
[2023-07-30T18:39:46.461+0300] {logging_mixin.py:150} INFO - [2023-07-30T18:39:46.461+0300] {dagbag.py:541} INFO - Filling up the DagBag from /Users/olgastash/neoflex_env_airflow/lib/python3.10/site-packages/airflow/example_dags/example_dynamic_task_mapping_with_no_taskflow_operators.py
[2023-07-30T18:39:46.482+0300] {processor.py:836} INFO - DAG(s) dict_keys(['example_dynamic_task_mapping_with_no_taskflow_operators']) retrieved from /Users/olgastash/neoflex_env_airflow/lib/python3.10/site-packages/airflow/example_dags/example_dynamic_task_mapping_with_no_taskflow_operators.py
[2023-07-30T18:39:47.366+0300] {logging_mixin.py:150} INFO - [2023-07-30T18:39:47.365+0300] {dag.py:2742} INFO - Sync 1 DAGs
[2023-07-30T18:39:47.384+0300] {logging_mixin.py:150} INFO - [2023-07-30T18:39:47.384+0300] {dag.py:3504} INFO - Setting next_dagrun for example_dynamic_task_mapping_with_no_taskflow_operators to 2023-07-29T15:39:47.384620+00:00, run_after=2023-07-30T15:39:47.384620+00:00
[2023-07-30T18:39:47.402+0300] {processor.py:179} INFO - Processing /Users/olgastash/neoflex_env_airflow/lib/python3.10/site-packages/airflow/example_dags/example_dynamic_task_mapping_with_no_taskflow_operators.py took 0.943 seconds
[2023-07-30T18:43:42.557+0300] {processor.py:157} INFO - Started process (PID=29590) to work on /Users/olgastash/neoflex_env_airflow/lib/python3.10/site-packages/airflow/example_dags/example_dynamic_task_mapping_with_no_taskflow_operators.py
[2023-07-30T18:43:42.559+0300] {processor.py:826} INFO - Processing file /Users/olgastash/neoflex_env_airflow/lib/python3.10/site-packages/airflow/example_dags/example_dynamic_task_mapping_with_no_taskflow_operators.py for tasks to queue
[2023-07-30T18:43:42.559+0300] {logging_mixin.py:150} INFO - [2023-07-30T18:43:42.559+0300] {dagbag.py:541} INFO - Filling up the DagBag from /Users/olgastash/neoflex_env_airflow/lib/python3.10/site-packages/airflow/example_dags/example_dynamic_task_mapping_with_no_taskflow_operators.py
[2023-07-30T18:43:42.580+0300] {processor.py:836} INFO - DAG(s) dict_keys(['example_dynamic_task_mapping_with_no_taskflow_operators']) retrieved from /Users/olgastash/neoflex_env_airflow/lib/python3.10/site-packages/airflow/example_dags/example_dynamic_task_mapping_with_no_taskflow_operators.py
[2023-07-30T18:43:43.450+0300] {logging_mixin.py:150} INFO - [2023-07-30T18:43:43.449+0300] {dag.py:2742} INFO - Sync 1 DAGs
[2023-07-30T18:43:43.469+0300] {logging_mixin.py:150} INFO - [2023-07-30T18:43:43.469+0300] {dag.py:3504} INFO - Setting next_dagrun for example_dynamic_task_mapping_with_no_taskflow_operators to 2023-07-29T15:43:43.469127+00:00, run_after=2023-07-30T15:43:43.469127+00:00
[2023-07-30T18:43:43.488+0300] {processor.py:179} INFO - Processing /Users/olgastash/neoflex_env_airflow/lib/python3.10/site-packages/airflow/example_dags/example_dynamic_task_mapping_with_no_taskflow_operators.py took 0.931 seconds
[2023-07-30T18:47:37.066+0300] {processor.py:157} INFO - Started process (PID=29807) to work on /Users/olgastash/neoflex_env_airflow/lib/python3.10/site-packages/airflow/example_dags/example_dynamic_task_mapping_with_no_taskflow_operators.py
[2023-07-30T18:47:37.067+0300] {processor.py:826} INFO - Processing file /Users/olgastash/neoflex_env_airflow/lib/python3.10/site-packages/airflow/example_dags/example_dynamic_task_mapping_with_no_taskflow_operators.py for tasks to queue
[2023-07-30T18:47:37.067+0300] {logging_mixin.py:150} INFO - [2023-07-30T18:47:37.067+0300] {dagbag.py:541} INFO - Filling up the DagBag from /Users/olgastash/neoflex_env_airflow/lib/python3.10/site-packages/airflow/example_dags/example_dynamic_task_mapping_with_no_taskflow_operators.py
[2023-07-30T18:47:37.088+0300] {processor.py:836} INFO - DAG(s) dict_keys(['example_dynamic_task_mapping_with_no_taskflow_operators']) retrieved from /Users/olgastash/neoflex_env_airflow/lib/python3.10/site-packages/airflow/example_dags/example_dynamic_task_mapping_with_no_taskflow_operators.py
[2023-07-30T18:47:37.965+0300] {logging_mixin.py:150} INFO - [2023-07-30T18:47:37.965+0300] {dag.py:2742} INFO - Sync 1 DAGs
[2023-07-30T18:47:37.985+0300] {logging_mixin.py:150} INFO - [2023-07-30T18:47:37.985+0300] {dag.py:3504} INFO - Setting next_dagrun for example_dynamic_task_mapping_with_no_taskflow_operators to 2023-07-29T15:47:37.984933+00:00, run_after=2023-07-30T15:47:37.984933+00:00
[2023-07-30T18:47:38.003+0300] {processor.py:179} INFO - Processing /Users/olgastash/neoflex_env_airflow/lib/python3.10/site-packages/airflow/example_dags/example_dynamic_task_mapping_with_no_taskflow_operators.py took 0.938 seconds
[2023-07-30T18:51:27.050+0300] {processor.py:157} INFO - Started process (PID=29995) to work on /Users/olgastash/neoflex_env_airflow/lib/python3.10/site-packages/airflow/example_dags/example_dynamic_task_mapping_with_no_taskflow_operators.py
[2023-07-30T18:51:27.051+0300] {processor.py:826} INFO - Processing file /Users/olgastash/neoflex_env_airflow/lib/python3.10/site-packages/airflow/example_dags/example_dynamic_task_mapping_with_no_taskflow_operators.py for tasks to queue
[2023-07-30T18:51:27.051+0300] {logging_mixin.py:150} INFO - [2023-07-30T18:51:27.051+0300] {dagbag.py:541} INFO - Filling up the DagBag from /Users/olgastash/neoflex_env_airflow/lib/python3.10/site-packages/airflow/example_dags/example_dynamic_task_mapping_with_no_taskflow_operators.py
[2023-07-30T18:51:27.073+0300] {processor.py:836} INFO - DAG(s) dict_keys(['example_dynamic_task_mapping_with_no_taskflow_operators']) retrieved from /Users/olgastash/neoflex_env_airflow/lib/python3.10/site-packages/airflow/example_dags/example_dynamic_task_mapping_with_no_taskflow_operators.py
[2023-07-30T18:51:28.015+0300] {logging_mixin.py:150} INFO - [2023-07-30T18:51:28.015+0300] {dag.py:2742} INFO - Sync 1 DAGs
[2023-07-30T18:51:28.035+0300] {logging_mixin.py:150} INFO - [2023-07-30T18:51:28.035+0300] {dag.py:3504} INFO - Setting next_dagrun for example_dynamic_task_mapping_with_no_taskflow_operators to 2023-07-29T15:51:28.035336+00:00, run_after=2023-07-30T15:51:28.035336+00:00
[2023-07-30T18:51:28.054+0300] {processor.py:179} INFO - Processing /Users/olgastash/neoflex_env_airflow/lib/python3.10/site-packages/airflow/example_dags/example_dynamic_task_mapping_with_no_taskflow_operators.py took 1.005 seconds
[2023-07-30T18:55:12.914+0300] {processor.py:157} INFO - Started process (PID=30195) to work on /Users/olgastash/neoflex_env_airflow/lib/python3.10/site-packages/airflow/example_dags/example_dynamic_task_mapping_with_no_taskflow_operators.py
[2023-07-30T18:55:12.915+0300] {processor.py:826} INFO - Processing file /Users/olgastash/neoflex_env_airflow/lib/python3.10/site-packages/airflow/example_dags/example_dynamic_task_mapping_with_no_taskflow_operators.py for tasks to queue
[2023-07-30T18:55:12.915+0300] {logging_mixin.py:150} INFO - [2023-07-30T18:55:12.915+0300] {dagbag.py:541} INFO - Filling up the DagBag from /Users/olgastash/neoflex_env_airflow/lib/python3.10/site-packages/airflow/example_dags/example_dynamic_task_mapping_with_no_taskflow_operators.py
[2023-07-30T18:55:12.936+0300] {processor.py:836} INFO - DAG(s) dict_keys(['example_dynamic_task_mapping_with_no_taskflow_operators']) retrieved from /Users/olgastash/neoflex_env_airflow/lib/python3.10/site-packages/airflow/example_dags/example_dynamic_task_mapping_with_no_taskflow_operators.py
[2023-07-30T18:55:13.783+0300] {logging_mixin.py:150} INFO - [2023-07-30T18:55:13.783+0300] {dag.py:2742} INFO - Sync 1 DAGs
[2023-07-30T18:55:13.802+0300] {logging_mixin.py:150} INFO - [2023-07-30T18:55:13.802+0300] {dag.py:3504} INFO - Setting next_dagrun for example_dynamic_task_mapping_with_no_taskflow_operators to 2023-07-29T15:55:13.802164+00:00, run_after=2023-07-30T15:55:13.802164+00:00
[2023-07-30T18:55:13.820+0300] {processor.py:179} INFO - Processing /Users/olgastash/neoflex_env_airflow/lib/python3.10/site-packages/airflow/example_dags/example_dynamic_task_mapping_with_no_taskflow_operators.py took 0.907 seconds
[2023-07-30T18:59:00.542+0300] {processor.py:157} INFO - Started process (PID=30383) to work on /Users/olgastash/neoflex_env_airflow/lib/python3.10/site-packages/airflow/example_dags/example_dynamic_task_mapping_with_no_taskflow_operators.py
[2023-07-30T18:59:00.544+0300] {processor.py:826} INFO - Processing file /Users/olgastash/neoflex_env_airflow/lib/python3.10/site-packages/airflow/example_dags/example_dynamic_task_mapping_with_no_taskflow_operators.py for tasks to queue
[2023-07-30T18:59:00.544+0300] {logging_mixin.py:150} INFO - [2023-07-30T18:59:00.544+0300] {dagbag.py:541} INFO - Filling up the DagBag from /Users/olgastash/neoflex_env_airflow/lib/python3.10/site-packages/airflow/example_dags/example_dynamic_task_mapping_with_no_taskflow_operators.py
[2023-07-30T18:59:00.565+0300] {processor.py:836} INFO - DAG(s) dict_keys(['example_dynamic_task_mapping_with_no_taskflow_operators']) retrieved from /Users/olgastash/neoflex_env_airflow/lib/python3.10/site-packages/airflow/example_dags/example_dynamic_task_mapping_with_no_taskflow_operators.py
[2023-07-30T18:59:01.516+0300] {logging_mixin.py:150} INFO - [2023-07-30T18:59:01.515+0300] {dag.py:2742} INFO - Sync 1 DAGs
[2023-07-30T18:59:01.533+0300] {logging_mixin.py:150} INFO - [2023-07-30T18:59:01.533+0300] {dag.py:3504} INFO - Setting next_dagrun for example_dynamic_task_mapping_with_no_taskflow_operators to 2023-07-29T15:59:01.533603+00:00, run_after=2023-07-30T15:59:01.533603+00:00
[2023-07-30T18:59:01.555+0300] {processor.py:179} INFO - Processing /Users/olgastash/neoflex_env_airflow/lib/python3.10/site-packages/airflow/example_dags/example_dynamic_task_mapping_with_no_taskflow_operators.py took 1.013 seconds
[2023-07-30T19:03:11.579+0300] {processor.py:157} INFO - Started process (PID=30558) to work on /Users/olgastash/neoflex_env_airflow/lib/python3.10/site-packages/airflow/example_dags/example_dynamic_task_mapping_with_no_taskflow_operators.py
[2023-07-30T19:03:11.581+0300] {processor.py:826} INFO - Processing file /Users/olgastash/neoflex_env_airflow/lib/python3.10/site-packages/airflow/example_dags/example_dynamic_task_mapping_with_no_taskflow_operators.py for tasks to queue
[2023-07-30T19:03:11.582+0300] {logging_mixin.py:150} INFO - [2023-07-30T19:03:11.582+0300] {dagbag.py:541} INFO - Filling up the DagBag from /Users/olgastash/neoflex_env_airflow/lib/python3.10/site-packages/airflow/example_dags/example_dynamic_task_mapping_with_no_taskflow_operators.py
[2023-07-30T19:03:11.667+0300] {processor.py:836} INFO - DAG(s) dict_keys(['example_dynamic_task_mapping_with_no_taskflow_operators']) retrieved from /Users/olgastash/neoflex_env_airflow/lib/python3.10/site-packages/airflow/example_dags/example_dynamic_task_mapping_with_no_taskflow_operators.py
[2023-07-30T19:03:13.570+0300] {logging_mixin.py:150} INFO - [2023-07-30T19:03:13.569+0300] {dag.py:2742} INFO - Sync 1 DAGs
[2023-07-30T19:03:13.620+0300] {logging_mixin.py:150} INFO - [2023-07-30T19:03:13.620+0300] {dag.py:3504} INFO - Setting next_dagrun for example_dynamic_task_mapping_with_no_taskflow_operators to 2023-07-29T16:03:13.620045+00:00, run_after=2023-07-30T16:03:13.620045+00:00
[2023-07-30T19:03:13.661+0300] {processor.py:179} INFO - Processing /Users/olgastash/neoflex_env_airflow/lib/python3.10/site-packages/airflow/example_dags/example_dynamic_task_mapping_with_no_taskflow_operators.py took 2.084 seconds
[2023-07-30T19:07:17.454+0300] {processor.py:157} INFO - Started process (PID=30696) to work on /Users/olgastash/neoflex_env_airflow/lib/python3.10/site-packages/airflow/example_dags/example_dynamic_task_mapping_with_no_taskflow_operators.py
[2023-07-30T19:07:17.455+0300] {processor.py:826} INFO - Processing file /Users/olgastash/neoflex_env_airflow/lib/python3.10/site-packages/airflow/example_dags/example_dynamic_task_mapping_with_no_taskflow_operators.py for tasks to queue
[2023-07-30T19:07:17.455+0300] {logging_mixin.py:150} INFO - [2023-07-30T19:07:17.455+0300] {dagbag.py:541} INFO - Filling up the DagBag from /Users/olgastash/neoflex_env_airflow/lib/python3.10/site-packages/airflow/example_dags/example_dynamic_task_mapping_with_no_taskflow_operators.py
[2023-07-30T19:07:17.476+0300] {processor.py:836} INFO - DAG(s) dict_keys(['example_dynamic_task_mapping_with_no_taskflow_operators']) retrieved from /Users/olgastash/neoflex_env_airflow/lib/python3.10/site-packages/airflow/example_dags/example_dynamic_task_mapping_with_no_taskflow_operators.py
[2023-07-30T19:07:18.421+0300] {logging_mixin.py:150} INFO - [2023-07-30T19:07:18.421+0300] {dag.py:2742} INFO - Sync 1 DAGs
[2023-07-30T19:07:18.439+0300] {logging_mixin.py:150} INFO - [2023-07-30T19:07:18.439+0300] {dag.py:3504} INFO - Setting next_dagrun for example_dynamic_task_mapping_with_no_taskflow_operators to 2023-07-29T16:07:18.438921+00:00, run_after=2023-07-30T16:07:18.438921+00:00
[2023-07-30T19:07:18.460+0300] {processor.py:179} INFO - Processing /Users/olgastash/neoflex_env_airflow/lib/python3.10/site-packages/airflow/example_dags/example_dynamic_task_mapping_with_no_taskflow_operators.py took 1.007 seconds
[2023-07-30T19:11:15.368+0300] {processor.py:157} INFO - Started process (PID=30832) to work on /Users/olgastash/neoflex_env_airflow/lib/python3.10/site-packages/airflow/example_dags/example_dynamic_task_mapping_with_no_taskflow_operators.py
[2023-07-30T19:11:15.370+0300] {processor.py:826} INFO - Processing file /Users/olgastash/neoflex_env_airflow/lib/python3.10/site-packages/airflow/example_dags/example_dynamic_task_mapping_with_no_taskflow_operators.py for tasks to queue
[2023-07-30T19:11:15.370+0300] {logging_mixin.py:150} INFO - [2023-07-30T19:11:15.370+0300] {dagbag.py:541} INFO - Filling up the DagBag from /Users/olgastash/neoflex_env_airflow/lib/python3.10/site-packages/airflow/example_dags/example_dynamic_task_mapping_with_no_taskflow_operators.py
[2023-07-30T19:11:15.392+0300] {processor.py:836} INFO - DAG(s) dict_keys(['example_dynamic_task_mapping_with_no_taskflow_operators']) retrieved from /Users/olgastash/neoflex_env_airflow/lib/python3.10/site-packages/airflow/example_dags/example_dynamic_task_mapping_with_no_taskflow_operators.py
[2023-07-30T19:11:16.373+0300] {logging_mixin.py:150} INFO - [2023-07-30T19:11:16.373+0300] {dag.py:2742} INFO - Sync 1 DAGs
[2023-07-30T19:11:16.393+0300] {logging_mixin.py:150} INFO - [2023-07-30T19:11:16.393+0300] {dag.py:3504} INFO - Setting next_dagrun for example_dynamic_task_mapping_with_no_taskflow_operators to 2023-07-29T16:11:16.393078+00:00, run_after=2023-07-30T16:11:16.393078+00:00
[2023-07-30T19:11:16.415+0300] {processor.py:179} INFO - Processing /Users/olgastash/neoflex_env_airflow/lib/python3.10/site-packages/airflow/example_dags/example_dynamic_task_mapping_with_no_taskflow_operators.py took 1.047 seconds
[2023-07-30T19:15:30.899+0300] {processor.py:157} INFO - Started process (PID=30987) to work on /Users/olgastash/neoflex_env_airflow/lib/python3.10/site-packages/airflow/example_dags/example_dynamic_task_mapping_with_no_taskflow_operators.py
[2023-07-30T19:15:30.900+0300] {processor.py:826} INFO - Processing file /Users/olgastash/neoflex_env_airflow/lib/python3.10/site-packages/airflow/example_dags/example_dynamic_task_mapping_with_no_taskflow_operators.py for tasks to queue
[2023-07-30T19:15:30.901+0300] {logging_mixin.py:150} INFO - [2023-07-30T19:15:30.901+0300] {dagbag.py:541} INFO - Filling up the DagBag from /Users/olgastash/neoflex_env_airflow/lib/python3.10/site-packages/airflow/example_dags/example_dynamic_task_mapping_with_no_taskflow_operators.py
[2023-07-30T19:15:30.921+0300] {processor.py:836} INFO - DAG(s) dict_keys(['example_dynamic_task_mapping_with_no_taskflow_operators']) retrieved from /Users/olgastash/neoflex_env_airflow/lib/python3.10/site-packages/airflow/example_dags/example_dynamic_task_mapping_with_no_taskflow_operators.py
[2023-07-30T19:15:31.867+0300] {logging_mixin.py:150} INFO - [2023-07-30T19:15:31.867+0300] {dag.py:2742} INFO - Sync 1 DAGs
[2023-07-30T19:15:31.885+0300] {logging_mixin.py:150} INFO - [2023-07-30T19:15:31.885+0300] {dag.py:3504} INFO - Setting next_dagrun for example_dynamic_task_mapping_with_no_taskflow_operators to 2023-07-29T16:15:31.885010+00:00, run_after=2023-07-30T16:15:31.885010+00:00
[2023-07-30T19:15:31.906+0300] {processor.py:179} INFO - Processing /Users/olgastash/neoflex_env_airflow/lib/python3.10/site-packages/airflow/example_dags/example_dynamic_task_mapping_with_no_taskflow_operators.py took 1.007 seconds
[2023-07-30T19:19:38.415+0300] {processor.py:157} INFO - Started process (PID=31204) to work on /Users/olgastash/neoflex_env_airflow/lib/python3.10/site-packages/airflow/example_dags/example_dynamic_task_mapping_with_no_taskflow_operators.py
[2023-07-30T19:19:38.416+0300] {processor.py:826} INFO - Processing file /Users/olgastash/neoflex_env_airflow/lib/python3.10/site-packages/airflow/example_dags/example_dynamic_task_mapping_with_no_taskflow_operators.py for tasks to queue
[2023-07-30T19:19:38.417+0300] {logging_mixin.py:150} INFO - [2023-07-30T19:19:38.417+0300] {dagbag.py:541} INFO - Filling up the DagBag from /Users/olgastash/neoflex_env_airflow/lib/python3.10/site-packages/airflow/example_dags/example_dynamic_task_mapping_with_no_taskflow_operators.py
[2023-07-30T19:19:38.438+0300] {processor.py:836} INFO - DAG(s) dict_keys(['example_dynamic_task_mapping_with_no_taskflow_operators']) retrieved from /Users/olgastash/neoflex_env_airflow/lib/python3.10/site-packages/airflow/example_dags/example_dynamic_task_mapping_with_no_taskflow_operators.py
[2023-07-30T19:19:39.486+0300] {logging_mixin.py:150} INFO - [2023-07-30T19:19:39.485+0300] {dag.py:2742} INFO - Sync 1 DAGs
[2023-07-30T19:19:39.506+0300] {logging_mixin.py:150} INFO - [2023-07-30T19:19:39.506+0300] {dag.py:3504} INFO - Setting next_dagrun for example_dynamic_task_mapping_with_no_taskflow_operators to 2023-07-29T16:19:39.506467+00:00, run_after=2023-07-30T16:19:39.506467+00:00
[2023-07-30T19:19:39.535+0300] {processor.py:179} INFO - Processing /Users/olgastash/neoflex_env_airflow/lib/python3.10/site-packages/airflow/example_dags/example_dynamic_task_mapping_with_no_taskflow_operators.py took 1.121 seconds
[2023-07-30T19:23:51.191+0300] {processor.py:157} INFO - Started process (PID=31355) to work on /Users/olgastash/neoflex_env_airflow/lib/python3.10/site-packages/airflow/example_dags/example_dynamic_task_mapping_with_no_taskflow_operators.py
[2023-07-30T19:23:51.193+0300] {processor.py:826} INFO - Processing file /Users/olgastash/neoflex_env_airflow/lib/python3.10/site-packages/airflow/example_dags/example_dynamic_task_mapping_with_no_taskflow_operators.py for tasks to queue
[2023-07-30T19:23:51.193+0300] {logging_mixin.py:150} INFO - [2023-07-30T19:23:51.193+0300] {dagbag.py:541} INFO - Filling up the DagBag from /Users/olgastash/neoflex_env_airflow/lib/python3.10/site-packages/airflow/example_dags/example_dynamic_task_mapping_with_no_taskflow_operators.py
[2023-07-30T19:23:51.214+0300] {processor.py:836} INFO - DAG(s) dict_keys(['example_dynamic_task_mapping_with_no_taskflow_operators']) retrieved from /Users/olgastash/neoflex_env_airflow/lib/python3.10/site-packages/airflow/example_dags/example_dynamic_task_mapping_with_no_taskflow_operators.py
[2023-07-30T19:23:52.095+0300] {logging_mixin.py:150} INFO - [2023-07-30T19:23:52.094+0300] {dag.py:2742} INFO - Sync 1 DAGs
[2023-07-30T19:23:52.114+0300] {logging_mixin.py:150} INFO - [2023-07-30T19:23:52.113+0300] {dag.py:3504} INFO - Setting next_dagrun for example_dynamic_task_mapping_with_no_taskflow_operators to 2023-07-29T16:23:52.113832+00:00, run_after=2023-07-30T16:23:52.113832+00:00
[2023-07-30T19:23:52.132+0300] {processor.py:179} INFO - Processing /Users/olgastash/neoflex_env_airflow/lib/python3.10/site-packages/airflow/example_dags/example_dynamic_task_mapping_with_no_taskflow_operators.py took 0.941 seconds
[2023-07-30T19:27:52.682+0300] {processor.py:157} INFO - Started process (PID=31498) to work on /Users/olgastash/neoflex_env_airflow/lib/python3.10/site-packages/airflow/example_dags/example_dynamic_task_mapping_with_no_taskflow_operators.py
[2023-07-30T19:27:52.683+0300] {processor.py:826} INFO - Processing file /Users/olgastash/neoflex_env_airflow/lib/python3.10/site-packages/airflow/example_dags/example_dynamic_task_mapping_with_no_taskflow_operators.py for tasks to queue
[2023-07-30T19:27:52.684+0300] {logging_mixin.py:150} INFO - [2023-07-30T19:27:52.684+0300] {dagbag.py:541} INFO - Filling up the DagBag from /Users/olgastash/neoflex_env_airflow/lib/python3.10/site-packages/airflow/example_dags/example_dynamic_task_mapping_with_no_taskflow_operators.py
[2023-07-30T19:27:52.704+0300] {processor.py:836} INFO - DAG(s) dict_keys(['example_dynamic_task_mapping_with_no_taskflow_operators']) retrieved from /Users/olgastash/neoflex_env_airflow/lib/python3.10/site-packages/airflow/example_dags/example_dynamic_task_mapping_with_no_taskflow_operators.py
[2023-07-30T19:27:53.657+0300] {logging_mixin.py:150} INFO - [2023-07-30T19:27:53.656+0300] {dag.py:2742} INFO - Sync 1 DAGs
[2023-07-30T19:27:53.674+0300] {logging_mixin.py:150} INFO - [2023-07-30T19:27:53.674+0300] {dag.py:3504} INFO - Setting next_dagrun for example_dynamic_task_mapping_with_no_taskflow_operators to 2023-07-29T16:27:53.674376+00:00, run_after=2023-07-30T16:27:53.674376+00:00
[2023-07-30T19:27:53.697+0300] {processor.py:179} INFO - Processing /Users/olgastash/neoflex_env_airflow/lib/python3.10/site-packages/airflow/example_dags/example_dynamic_task_mapping_with_no_taskflow_operators.py took 1.015 seconds
[2023-07-30T20:12:04.300+0300] {processor.py:157} INFO - Started process (PID=31778) to work on /Users/olgastash/neoflex_env_airflow/lib/python3.10/site-packages/airflow/example_dags/example_dynamic_task_mapping_with_no_taskflow_operators.py
[2023-07-30T20:12:04.302+0300] {processor.py:826} INFO - Processing file /Users/olgastash/neoflex_env_airflow/lib/python3.10/site-packages/airflow/example_dags/example_dynamic_task_mapping_with_no_taskflow_operators.py for tasks to queue
[2023-07-30T20:12:04.302+0300] {logging_mixin.py:150} INFO - [2023-07-30T20:12:04.302+0300] {dagbag.py:541} INFO - Filling up the DagBag from /Users/olgastash/neoflex_env_airflow/lib/python3.10/site-packages/airflow/example_dags/example_dynamic_task_mapping_with_no_taskflow_operators.py
[2023-07-30T20:12:04.323+0300] {processor.py:836} INFO - DAG(s) dict_keys(['example_dynamic_task_mapping_with_no_taskflow_operators']) retrieved from /Users/olgastash/neoflex_env_airflow/lib/python3.10/site-packages/airflow/example_dags/example_dynamic_task_mapping_with_no_taskflow_operators.py
[2023-07-30T20:12:05.292+0300] {logging_mixin.py:150} INFO - [2023-07-30T20:12:05.292+0300] {dag.py:2742} INFO - Sync 1 DAGs
[2023-07-30T20:12:05.310+0300] {logging_mixin.py:150} INFO - [2023-07-30T20:12:05.310+0300] {dag.py:3504} INFO - Setting next_dagrun for example_dynamic_task_mapping_with_no_taskflow_operators to 2023-07-29T17:12:05.310592+00:00, run_after=2023-07-30T17:12:05.310592+00:00
[2023-07-30T20:12:05.332+0300] {processor.py:179} INFO - Processing /Users/olgastash/neoflex_env_airflow/lib/python3.10/site-packages/airflow/example_dags/example_dynamic_task_mapping_with_no_taskflow_operators.py took 1.032 seconds
[2023-07-30T20:16:24.833+0300] {processor.py:157} INFO - Started process (PID=31998) to work on /Users/olgastash/neoflex_env_airflow/lib/python3.10/site-packages/airflow/example_dags/example_dynamic_task_mapping_with_no_taskflow_operators.py
[2023-07-30T20:16:24.835+0300] {processor.py:826} INFO - Processing file /Users/olgastash/neoflex_env_airflow/lib/python3.10/site-packages/airflow/example_dags/example_dynamic_task_mapping_with_no_taskflow_operators.py for tasks to queue
[2023-07-30T20:16:24.835+0300] {logging_mixin.py:150} INFO - [2023-07-30T20:16:24.835+0300] {dagbag.py:541} INFO - Filling up the DagBag from /Users/olgastash/neoflex_env_airflow/lib/python3.10/site-packages/airflow/example_dags/example_dynamic_task_mapping_with_no_taskflow_operators.py
[2023-07-30T20:16:24.858+0300] {processor.py:836} INFO - DAG(s) dict_keys(['example_dynamic_task_mapping_with_no_taskflow_operators']) retrieved from /Users/olgastash/neoflex_env_airflow/lib/python3.10/site-packages/airflow/example_dags/example_dynamic_task_mapping_with_no_taskflow_operators.py
[2023-07-30T20:16:25.882+0300] {logging_mixin.py:150} INFO - [2023-07-30T20:16:25.881+0300] {dag.py:2742} INFO - Sync 1 DAGs
[2023-07-30T20:16:25.900+0300] {logging_mixin.py:150} INFO - [2023-07-30T20:16:25.900+0300] {dag.py:3504} INFO - Setting next_dagrun for example_dynamic_task_mapping_with_no_taskflow_operators to 2023-07-29T17:16:25.900495+00:00, run_after=2023-07-30T17:16:25.900495+00:00
[2023-07-30T20:16:25.921+0300] {processor.py:179} INFO - Processing /Users/olgastash/neoflex_env_airflow/lib/python3.10/site-packages/airflow/example_dags/example_dynamic_task_mapping_with_no_taskflow_operators.py took 1.089 seconds
[2023-07-30T20:21:01.185+0300] {processor.py:157} INFO - Started process (PID=32224) to work on /Users/olgastash/neoflex_env_airflow/lib/python3.10/site-packages/airflow/example_dags/example_dynamic_task_mapping_with_no_taskflow_operators.py
[2023-07-30T20:21:01.186+0300] {processor.py:826} INFO - Processing file /Users/olgastash/neoflex_env_airflow/lib/python3.10/site-packages/airflow/example_dags/example_dynamic_task_mapping_with_no_taskflow_operators.py for tasks to queue
[2023-07-30T20:21:01.186+0300] {logging_mixin.py:150} INFO - [2023-07-30T20:21:01.186+0300] {dagbag.py:541} INFO - Filling up the DagBag from /Users/olgastash/neoflex_env_airflow/lib/python3.10/site-packages/airflow/example_dags/example_dynamic_task_mapping_with_no_taskflow_operators.py
[2023-07-30T20:21:01.206+0300] {processor.py:836} INFO - DAG(s) dict_keys(['example_dynamic_task_mapping_with_no_taskflow_operators']) retrieved from /Users/olgastash/neoflex_env_airflow/lib/python3.10/site-packages/airflow/example_dags/example_dynamic_task_mapping_with_no_taskflow_operators.py
[2023-07-30T20:21:02.155+0300] {logging_mixin.py:150} INFO - [2023-07-30T20:21:02.155+0300] {dag.py:2742} INFO - Sync 1 DAGs
[2023-07-30T20:21:02.174+0300] {logging_mixin.py:150} INFO - [2023-07-30T20:21:02.173+0300] {dag.py:3504} INFO - Setting next_dagrun for example_dynamic_task_mapping_with_no_taskflow_operators to 2023-07-29T17:21:02.173664+00:00, run_after=2023-07-30T17:21:02.173664+00:00
[2023-07-30T20:21:02.198+0300] {processor.py:179} INFO - Processing /Users/olgastash/neoflex_env_airflow/lib/python3.10/site-packages/airflow/example_dags/example_dynamic_task_mapping_with_no_taskflow_operators.py took 1.014 seconds
[2023-07-30T20:25:21.882+0300] {processor.py:157} INFO - Started process (PID=32512) to work on /Users/olgastash/neoflex_env_airflow/lib/python3.10/site-packages/airflow/example_dags/example_dynamic_task_mapping_with_no_taskflow_operators.py
[2023-07-30T20:25:21.883+0300] {processor.py:826} INFO - Processing file /Users/olgastash/neoflex_env_airflow/lib/python3.10/site-packages/airflow/example_dags/example_dynamic_task_mapping_with_no_taskflow_operators.py for tasks to queue
[2023-07-30T20:25:21.884+0300] {logging_mixin.py:150} INFO - [2023-07-30T20:25:21.883+0300] {dagbag.py:541} INFO - Filling up the DagBag from /Users/olgastash/neoflex_env_airflow/lib/python3.10/site-packages/airflow/example_dags/example_dynamic_task_mapping_with_no_taskflow_operators.py
[2023-07-30T20:25:21.926+0300] {processor.py:836} INFO - DAG(s) dict_keys(['example_dynamic_task_mapping_with_no_taskflow_operators']) retrieved from /Users/olgastash/neoflex_env_airflow/lib/python3.10/site-packages/airflow/example_dags/example_dynamic_task_mapping_with_no_taskflow_operators.py
[2023-07-30T20:25:23.198+0300] {logging_mixin.py:150} INFO - [2023-07-30T20:25:23.198+0300] {dag.py:2742} INFO - Sync 1 DAGs
[2023-07-30T20:25:23.219+0300] {logging_mixin.py:150} INFO - [2023-07-30T20:25:23.219+0300] {dag.py:3504} INFO - Setting next_dagrun for example_dynamic_task_mapping_with_no_taskflow_operators to 2023-07-29T17:25:23.219547+00:00, run_after=2023-07-30T17:25:23.219547+00:00
[2023-07-30T20:25:23.240+0300] {processor.py:179} INFO - Processing /Users/olgastash/neoflex_env_airflow/lib/python3.10/site-packages/airflow/example_dags/example_dynamic_task_mapping_with_no_taskflow_operators.py took 1.360 seconds
[2023-07-30T20:29:34.548+0300] {processor.py:157} INFO - Started process (PID=32678) to work on /Users/olgastash/neoflex_env_airflow/lib/python3.10/site-packages/airflow/example_dags/example_dynamic_task_mapping_with_no_taskflow_operators.py
[2023-07-30T20:29:34.549+0300] {processor.py:826} INFO - Processing file /Users/olgastash/neoflex_env_airflow/lib/python3.10/site-packages/airflow/example_dags/example_dynamic_task_mapping_with_no_taskflow_operators.py for tasks to queue
[2023-07-30T20:29:34.550+0300] {logging_mixin.py:150} INFO - [2023-07-30T20:29:34.549+0300] {dagbag.py:541} INFO - Filling up the DagBag from /Users/olgastash/neoflex_env_airflow/lib/python3.10/site-packages/airflow/example_dags/example_dynamic_task_mapping_with_no_taskflow_operators.py
[2023-07-30T20:29:34.574+0300] {processor.py:836} INFO - DAG(s) dict_keys(['example_dynamic_task_mapping_with_no_taskflow_operators']) retrieved from /Users/olgastash/neoflex_env_airflow/lib/python3.10/site-packages/airflow/example_dags/example_dynamic_task_mapping_with_no_taskflow_operators.py
[2023-07-30T20:29:35.811+0300] {logging_mixin.py:150} INFO - [2023-07-30T20:29:35.810+0300] {dag.py:2742} INFO - Sync 1 DAGs
[2023-07-30T20:29:35.835+0300] {logging_mixin.py:150} INFO - [2023-07-30T20:29:35.834+0300] {dag.py:3504} INFO - Setting next_dagrun for example_dynamic_task_mapping_with_no_taskflow_operators to 2023-07-29T17:29:35.834432+00:00, run_after=2023-07-30T17:29:35.834432+00:00
[2023-07-30T20:29:35.864+0300] {processor.py:179} INFO - Processing /Users/olgastash/neoflex_env_airflow/lib/python3.10/site-packages/airflow/example_dags/example_dynamic_task_mapping_with_no_taskflow_operators.py took 1.318 seconds
[2023-07-30T20:33:59.280+0300] {processor.py:157} INFO - Started process (PID=32948) to work on /Users/olgastash/neoflex_env_airflow/lib/python3.10/site-packages/airflow/example_dags/example_dynamic_task_mapping_with_no_taskflow_operators.py
[2023-07-30T20:33:59.281+0300] {processor.py:826} INFO - Processing file /Users/olgastash/neoflex_env_airflow/lib/python3.10/site-packages/airflow/example_dags/example_dynamic_task_mapping_with_no_taskflow_operators.py for tasks to queue
[2023-07-30T20:33:59.282+0300] {logging_mixin.py:150} INFO - [2023-07-30T20:33:59.282+0300] {dagbag.py:541} INFO - Filling up the DagBag from /Users/olgastash/neoflex_env_airflow/lib/python3.10/site-packages/airflow/example_dags/example_dynamic_task_mapping_with_no_taskflow_operators.py
[2023-07-30T20:33:59.303+0300] {processor.py:836} INFO - DAG(s) dict_keys(['example_dynamic_task_mapping_with_no_taskflow_operators']) retrieved from /Users/olgastash/neoflex_env_airflow/lib/python3.10/site-packages/airflow/example_dags/example_dynamic_task_mapping_with_no_taskflow_operators.py
[2023-07-30T20:34:00.288+0300] {logging_mixin.py:150} INFO - [2023-07-30T20:34:00.288+0300] {dag.py:2742} INFO - Sync 1 DAGs
[2023-07-30T20:34:00.308+0300] {logging_mixin.py:150} INFO - [2023-07-30T20:34:00.308+0300] {dag.py:3504} INFO - Setting next_dagrun for example_dynamic_task_mapping_with_no_taskflow_operators to 2023-07-29T17:34:00.308091+00:00, run_after=2023-07-30T17:34:00.308091+00:00
[2023-07-30T20:34:00.329+0300] {processor.py:179} INFO - Processing /Users/olgastash/neoflex_env_airflow/lib/python3.10/site-packages/airflow/example_dags/example_dynamic_task_mapping_with_no_taskflow_operators.py took 1.049 seconds
[2023-07-30T20:38:14.263+0300] {processor.py:157} INFO - Started process (PID=33207) to work on /Users/olgastash/neoflex_env_airflow/lib/python3.10/site-packages/airflow/example_dags/example_dynamic_task_mapping_with_no_taskflow_operators.py
[2023-07-30T20:38:14.264+0300] {processor.py:826} INFO - Processing file /Users/olgastash/neoflex_env_airflow/lib/python3.10/site-packages/airflow/example_dags/example_dynamic_task_mapping_with_no_taskflow_operators.py for tasks to queue
[2023-07-30T20:38:14.265+0300] {logging_mixin.py:150} INFO - [2023-07-30T20:38:14.264+0300] {dagbag.py:541} INFO - Filling up the DagBag from /Users/olgastash/neoflex_env_airflow/lib/python3.10/site-packages/airflow/example_dags/example_dynamic_task_mapping_with_no_taskflow_operators.py
[2023-07-30T20:38:14.287+0300] {processor.py:836} INFO - DAG(s) dict_keys(['example_dynamic_task_mapping_with_no_taskflow_operators']) retrieved from /Users/olgastash/neoflex_env_airflow/lib/python3.10/site-packages/airflow/example_dags/example_dynamic_task_mapping_with_no_taskflow_operators.py
[2023-07-30T20:38:15.296+0300] {logging_mixin.py:150} INFO - [2023-07-30T20:38:15.296+0300] {dag.py:2742} INFO - Sync 1 DAGs
[2023-07-30T20:38:15.317+0300] {logging_mixin.py:150} INFO - [2023-07-30T20:38:15.316+0300] {dag.py:3504} INFO - Setting next_dagrun for example_dynamic_task_mapping_with_no_taskflow_operators to 2023-07-29T17:38:15.316737+00:00, run_after=2023-07-30T17:38:15.316737+00:00
[2023-07-30T20:38:15.338+0300] {processor.py:179} INFO - Processing /Users/olgastash/neoflex_env_airflow/lib/python3.10/site-packages/airflow/example_dags/example_dynamic_task_mapping_with_no_taskflow_operators.py took 1.076 seconds
[2023-07-30T20:42:33.784+0300] {processor.py:157} INFO - Started process (PID=33442) to work on /Users/olgastash/neoflex_env_airflow/lib/python3.10/site-packages/airflow/example_dags/example_dynamic_task_mapping_with_no_taskflow_operators.py
[2023-07-30T20:42:33.785+0300] {processor.py:826} INFO - Processing file /Users/olgastash/neoflex_env_airflow/lib/python3.10/site-packages/airflow/example_dags/example_dynamic_task_mapping_with_no_taskflow_operators.py for tasks to queue
[2023-07-30T20:42:33.786+0300] {logging_mixin.py:150} INFO - [2023-07-30T20:42:33.786+0300] {dagbag.py:541} INFO - Filling up the DagBag from /Users/olgastash/neoflex_env_airflow/lib/python3.10/site-packages/airflow/example_dags/example_dynamic_task_mapping_with_no_taskflow_operators.py
[2023-07-30T20:42:33.807+0300] {processor.py:836} INFO - DAG(s) dict_keys(['example_dynamic_task_mapping_with_no_taskflow_operators']) retrieved from /Users/olgastash/neoflex_env_airflow/lib/python3.10/site-packages/airflow/example_dags/example_dynamic_task_mapping_with_no_taskflow_operators.py
[2023-07-30T20:42:34.955+0300] {logging_mixin.py:150} INFO - [2023-07-30T20:42:34.955+0300] {dag.py:2742} INFO - Sync 1 DAGs
[2023-07-30T20:42:34.975+0300] {logging_mixin.py:150} INFO - [2023-07-30T20:42:34.975+0300] {dag.py:3504} INFO - Setting next_dagrun for example_dynamic_task_mapping_with_no_taskflow_operators to 2023-07-29T17:42:34.975025+00:00, run_after=2023-07-30T17:42:34.975025+00:00
[2023-07-30T20:42:34.995+0300] {processor.py:179} INFO - Processing /Users/olgastash/neoflex_env_airflow/lib/python3.10/site-packages/airflow/example_dags/example_dynamic_task_mapping_with_no_taskflow_operators.py took 1.212 seconds
[2023-07-30T20:46:52.012+0300] {processor.py:157} INFO - Started process (PID=33699) to work on /Users/olgastash/neoflex_env_airflow/lib/python3.10/site-packages/airflow/example_dags/example_dynamic_task_mapping_with_no_taskflow_operators.py
[2023-07-30T20:46:52.013+0300] {processor.py:826} INFO - Processing file /Users/olgastash/neoflex_env_airflow/lib/python3.10/site-packages/airflow/example_dags/example_dynamic_task_mapping_with_no_taskflow_operators.py for tasks to queue
[2023-07-30T20:46:52.014+0300] {logging_mixin.py:150} INFO - [2023-07-30T20:46:52.014+0300] {dagbag.py:541} INFO - Filling up the DagBag from /Users/olgastash/neoflex_env_airflow/lib/python3.10/site-packages/airflow/example_dags/example_dynamic_task_mapping_with_no_taskflow_operators.py
[2023-07-30T20:46:52.035+0300] {processor.py:836} INFO - DAG(s) dict_keys(['example_dynamic_task_mapping_with_no_taskflow_operators']) retrieved from /Users/olgastash/neoflex_env_airflow/lib/python3.10/site-packages/airflow/example_dags/example_dynamic_task_mapping_with_no_taskflow_operators.py
[2023-07-30T20:46:53.025+0300] {logging_mixin.py:150} INFO - [2023-07-30T20:46:53.024+0300] {dag.py:2742} INFO - Sync 1 DAGs
[2023-07-30T20:46:53.044+0300] {logging_mixin.py:150} INFO - [2023-07-30T20:46:53.043+0300] {dag.py:3504} INFO - Setting next_dagrun for example_dynamic_task_mapping_with_no_taskflow_operators to 2023-07-29T17:46:53.043761+00:00, run_after=2023-07-30T17:46:53.043761+00:00
[2023-07-30T20:46:53.064+0300] {processor.py:179} INFO - Processing /Users/olgastash/neoflex_env_airflow/lib/python3.10/site-packages/airflow/example_dags/example_dynamic_task_mapping_with_no_taskflow_operators.py took 1.052 seconds
[2023-07-30T20:51:13.090+0300] {processor.py:157} INFO - Started process (PID=33924) to work on /Users/olgastash/neoflex_env_airflow/lib/python3.10/site-packages/airflow/example_dags/example_dynamic_task_mapping_with_no_taskflow_operators.py
[2023-07-30T20:51:13.091+0300] {processor.py:826} INFO - Processing file /Users/olgastash/neoflex_env_airflow/lib/python3.10/site-packages/airflow/example_dags/example_dynamic_task_mapping_with_no_taskflow_operators.py for tasks to queue
[2023-07-30T20:51:13.092+0300] {logging_mixin.py:150} INFO - [2023-07-30T20:51:13.091+0300] {dagbag.py:541} INFO - Filling up the DagBag from /Users/olgastash/neoflex_env_airflow/lib/python3.10/site-packages/airflow/example_dags/example_dynamic_task_mapping_with_no_taskflow_operators.py
[2023-07-30T20:51:13.113+0300] {processor.py:836} INFO - DAG(s) dict_keys(['example_dynamic_task_mapping_with_no_taskflow_operators']) retrieved from /Users/olgastash/neoflex_env_airflow/lib/python3.10/site-packages/airflow/example_dags/example_dynamic_task_mapping_with_no_taskflow_operators.py
[2023-07-30T20:51:14.144+0300] {logging_mixin.py:150} INFO - [2023-07-30T20:51:14.144+0300] {dag.py:2742} INFO - Sync 1 DAGs
[2023-07-30T20:51:14.164+0300] {logging_mixin.py:150} INFO - [2023-07-30T20:51:14.163+0300] {dag.py:3504} INFO - Setting next_dagrun for example_dynamic_task_mapping_with_no_taskflow_operators to 2023-07-29T17:51:14.163661+00:00, run_after=2023-07-30T17:51:14.163661+00:00
[2023-07-30T20:51:14.183+0300] {processor.py:179} INFO - Processing /Users/olgastash/neoflex_env_airflow/lib/python3.10/site-packages/airflow/example_dags/example_dynamic_task_mapping_with_no_taskflow_operators.py took 1.095 seconds
[2023-07-30T20:55:42.655+0300] {processor.py:157} INFO - Started process (PID=34148) to work on /Users/olgastash/neoflex_env_airflow/lib/python3.10/site-packages/airflow/example_dags/example_dynamic_task_mapping_with_no_taskflow_operators.py
[2023-07-30T20:55:42.657+0300] {processor.py:826} INFO - Processing file /Users/olgastash/neoflex_env_airflow/lib/python3.10/site-packages/airflow/example_dags/example_dynamic_task_mapping_with_no_taskflow_operators.py for tasks to queue
[2023-07-30T20:55:42.657+0300] {logging_mixin.py:150} INFO - [2023-07-30T20:55:42.657+0300] {dagbag.py:541} INFO - Filling up the DagBag from /Users/olgastash/neoflex_env_airflow/lib/python3.10/site-packages/airflow/example_dags/example_dynamic_task_mapping_with_no_taskflow_operators.py
[2023-07-30T20:55:42.681+0300] {processor.py:836} INFO - DAG(s) dict_keys(['example_dynamic_task_mapping_with_no_taskflow_operators']) retrieved from /Users/olgastash/neoflex_env_airflow/lib/python3.10/site-packages/airflow/example_dags/example_dynamic_task_mapping_with_no_taskflow_operators.py
[2023-07-30T20:55:43.837+0300] {logging_mixin.py:150} INFO - [2023-07-30T20:55:43.836+0300] {dag.py:2742} INFO - Sync 1 DAGs
[2023-07-30T20:55:43.861+0300] {logging_mixin.py:150} INFO - [2023-07-30T20:55:43.861+0300] {dag.py:3504} INFO - Setting next_dagrun for example_dynamic_task_mapping_with_no_taskflow_operators to 2023-07-29T17:55:43.861317+00:00, run_after=2023-07-30T17:55:43.861317+00:00
[2023-07-30T20:55:43.886+0300] {processor.py:179} INFO - Processing /Users/olgastash/neoflex_env_airflow/lib/python3.10/site-packages/airflow/example_dags/example_dynamic_task_mapping_with_no_taskflow_operators.py took 1.232 seconds
[2023-07-30T21:00:10.246+0300] {processor.py:157} INFO - Started process (PID=34343) to work on /Users/olgastash/neoflex_env_airflow/lib/python3.10/site-packages/airflow/example_dags/example_dynamic_task_mapping_with_no_taskflow_operators.py
[2023-07-30T21:00:10.248+0300] {processor.py:826} INFO - Processing file /Users/olgastash/neoflex_env_airflow/lib/python3.10/site-packages/airflow/example_dags/example_dynamic_task_mapping_with_no_taskflow_operators.py for tasks to queue
[2023-07-30T21:00:10.248+0300] {logging_mixin.py:150} INFO - [2023-07-30T21:00:10.248+0300] {dagbag.py:541} INFO - Filling up the DagBag from /Users/olgastash/neoflex_env_airflow/lib/python3.10/site-packages/airflow/example_dags/example_dynamic_task_mapping_with_no_taskflow_operators.py
[2023-07-30T21:00:10.269+0300] {processor.py:836} INFO - DAG(s) dict_keys(['example_dynamic_task_mapping_with_no_taskflow_operators']) retrieved from /Users/olgastash/neoflex_env_airflow/lib/python3.10/site-packages/airflow/example_dags/example_dynamic_task_mapping_with_no_taskflow_operators.py
[2023-07-30T21:00:11.272+0300] {logging_mixin.py:150} INFO - [2023-07-30T21:00:11.272+0300] {dag.py:2742} INFO - Sync 1 DAGs
[2023-07-30T21:00:11.291+0300] {logging_mixin.py:150} INFO - [2023-07-30T21:00:11.291+0300] {dag.py:3504} INFO - Setting next_dagrun for example_dynamic_task_mapping_with_no_taskflow_operators to 2023-07-29T18:00:11.291390+00:00, run_after=2023-07-30T18:00:11.291390+00:00
[2023-07-30T21:00:11.311+0300] {processor.py:179} INFO - Processing /Users/olgastash/neoflex_env_airflow/lib/python3.10/site-packages/airflow/example_dags/example_dynamic_task_mapping_with_no_taskflow_operators.py took 1.065 seconds
[2023-07-30T21:04:37.814+0300] {processor.py:157} INFO - Started process (PID=34513) to work on /Users/olgastash/neoflex_env_airflow/lib/python3.10/site-packages/airflow/example_dags/example_dynamic_task_mapping_with_no_taskflow_operators.py
[2023-07-30T21:04:37.816+0300] {processor.py:826} INFO - Processing file /Users/olgastash/neoflex_env_airflow/lib/python3.10/site-packages/airflow/example_dags/example_dynamic_task_mapping_with_no_taskflow_operators.py for tasks to queue
[2023-07-30T21:04:37.816+0300] {logging_mixin.py:150} INFO - [2023-07-30T21:04:37.816+0300] {dagbag.py:541} INFO - Filling up the DagBag from /Users/olgastash/neoflex_env_airflow/lib/python3.10/site-packages/airflow/example_dags/example_dynamic_task_mapping_with_no_taskflow_operators.py
[2023-07-30T21:04:37.838+0300] {processor.py:836} INFO - DAG(s) dict_keys(['example_dynamic_task_mapping_with_no_taskflow_operators']) retrieved from /Users/olgastash/neoflex_env_airflow/lib/python3.10/site-packages/airflow/example_dags/example_dynamic_task_mapping_with_no_taskflow_operators.py
[2023-07-30T21:04:38.759+0300] {logging_mixin.py:150} INFO - [2023-07-30T21:04:38.759+0300] {dag.py:2742} INFO - Sync 1 DAGs
[2023-07-30T21:04:38.778+0300] {logging_mixin.py:150} INFO - [2023-07-30T21:04:38.777+0300] {dag.py:3504} INFO - Setting next_dagrun for example_dynamic_task_mapping_with_no_taskflow_operators to 2023-07-29T18:04:38.777656+00:00, run_after=2023-07-30T18:04:38.777656+00:00
[2023-07-30T21:04:38.796+0300] {processor.py:179} INFO - Processing /Users/olgastash/neoflex_env_airflow/lib/python3.10/site-packages/airflow/example_dags/example_dynamic_task_mapping_with_no_taskflow_operators.py took 0.983 seconds
[2023-07-30T21:09:13.240+0300] {processor.py:157} INFO - Started process (PID=34706) to work on /Users/olgastash/neoflex_env_airflow/lib/python3.10/site-packages/airflow/example_dags/example_dynamic_task_mapping_with_no_taskflow_operators.py
[2023-07-30T21:09:13.241+0300] {processor.py:826} INFO - Processing file /Users/olgastash/neoflex_env_airflow/lib/python3.10/site-packages/airflow/example_dags/example_dynamic_task_mapping_with_no_taskflow_operators.py for tasks to queue
[2023-07-30T21:09:13.242+0300] {logging_mixin.py:150} INFO - [2023-07-30T21:09:13.242+0300] {dagbag.py:541} INFO - Filling up the DagBag from /Users/olgastash/neoflex_env_airflow/lib/python3.10/site-packages/airflow/example_dags/example_dynamic_task_mapping_with_no_taskflow_operators.py
[2023-07-30T21:09:13.265+0300] {processor.py:836} INFO - DAG(s) dict_keys(['example_dynamic_task_mapping_with_no_taskflow_operators']) retrieved from /Users/olgastash/neoflex_env_airflow/lib/python3.10/site-packages/airflow/example_dags/example_dynamic_task_mapping_with_no_taskflow_operators.py
[2023-07-30T21:09:14.464+0300] {logging_mixin.py:150} INFO - [2023-07-30T21:09:14.464+0300] {dag.py:2742} INFO - Sync 1 DAGs
[2023-07-30T21:09:14.484+0300] {logging_mixin.py:150} INFO - [2023-07-30T21:09:14.484+0300] {dag.py:3504} INFO - Setting next_dagrun for example_dynamic_task_mapping_with_no_taskflow_operators to 2023-07-29T18:09:14.484419+00:00, run_after=2023-07-30T18:09:14.484419+00:00
[2023-07-30T21:09:14.505+0300] {processor.py:179} INFO - Processing /Users/olgastash/neoflex_env_airflow/lib/python3.10/site-packages/airflow/example_dags/example_dynamic_task_mapping_with_no_taskflow_operators.py took 1.266 seconds
[2023-07-30T21:13:43.760+0300] {processor.py:157} INFO - Started process (PID=34959) to work on /Users/olgastash/neoflex_env_airflow/lib/python3.10/site-packages/airflow/example_dags/example_dynamic_task_mapping_with_no_taskflow_operators.py
[2023-07-30T21:13:43.761+0300] {processor.py:826} INFO - Processing file /Users/olgastash/neoflex_env_airflow/lib/python3.10/site-packages/airflow/example_dags/example_dynamic_task_mapping_with_no_taskflow_operators.py for tasks to queue
[2023-07-30T21:13:43.762+0300] {logging_mixin.py:150} INFO - [2023-07-30T21:13:43.762+0300] {dagbag.py:541} INFO - Filling up the DagBag from /Users/olgastash/neoflex_env_airflow/lib/python3.10/site-packages/airflow/example_dags/example_dynamic_task_mapping_with_no_taskflow_operators.py
[2023-07-30T21:13:43.785+0300] {processor.py:836} INFO - DAG(s) dict_keys(['example_dynamic_task_mapping_with_no_taskflow_operators']) retrieved from /Users/olgastash/neoflex_env_airflow/lib/python3.10/site-packages/airflow/example_dags/example_dynamic_task_mapping_with_no_taskflow_operators.py
[2023-07-30T21:13:44.907+0300] {logging_mixin.py:150} INFO - [2023-07-30T21:13:44.906+0300] {dag.py:2742} INFO - Sync 1 DAGs
[2023-07-30T21:13:44.929+0300] {logging_mixin.py:150} INFO - [2023-07-30T21:13:44.929+0300] {dag.py:3504} INFO - Setting next_dagrun for example_dynamic_task_mapping_with_no_taskflow_operators to 2023-07-29T18:13:44.929589+00:00, run_after=2023-07-30T18:13:44.929589+00:00
[2023-07-30T21:13:44.955+0300] {processor.py:179} INFO - Processing /Users/olgastash/neoflex_env_airflow/lib/python3.10/site-packages/airflow/example_dags/example_dynamic_task_mapping_with_no_taskflow_operators.py took 1.196 seconds
[2023-07-30T21:18:24.575+0300] {processor.py:157} INFO - Started process (PID=35147) to work on /Users/olgastash/neoflex_env_airflow/lib/python3.10/site-packages/airflow/example_dags/example_dynamic_task_mapping_with_no_taskflow_operators.py
[2023-07-30T21:18:24.577+0300] {processor.py:826} INFO - Processing file /Users/olgastash/neoflex_env_airflow/lib/python3.10/site-packages/airflow/example_dags/example_dynamic_task_mapping_with_no_taskflow_operators.py for tasks to queue
[2023-07-30T21:18:24.578+0300] {logging_mixin.py:150} INFO - [2023-07-30T21:18:24.578+0300] {dagbag.py:541} INFO - Filling up the DagBag from /Users/olgastash/neoflex_env_airflow/lib/python3.10/site-packages/airflow/example_dags/example_dynamic_task_mapping_with_no_taskflow_operators.py
[2023-07-30T21:18:24.601+0300] {processor.py:836} INFO - DAG(s) dict_keys(['example_dynamic_task_mapping_with_no_taskflow_operators']) retrieved from /Users/olgastash/neoflex_env_airflow/lib/python3.10/site-packages/airflow/example_dags/example_dynamic_task_mapping_with_no_taskflow_operators.py
[2023-07-30T21:18:25.744+0300] {logging_mixin.py:150} INFO - [2023-07-30T21:18:25.743+0300] {dag.py:2742} INFO - Sync 1 DAGs
[2023-07-30T21:18:25.766+0300] {logging_mixin.py:150} INFO - [2023-07-30T21:18:25.766+0300] {dag.py:3504} INFO - Setting next_dagrun for example_dynamic_task_mapping_with_no_taskflow_operators to 2023-07-29T18:18:25.766170+00:00, run_after=2023-07-30T18:18:25.766170+00:00
[2023-07-30T21:18:25.792+0300] {processor.py:179} INFO - Processing /Users/olgastash/neoflex_env_airflow/lib/python3.10/site-packages/airflow/example_dags/example_dynamic_task_mapping_with_no_taskflow_operators.py took 1.217 seconds
[2023-07-30T21:22:44.162+0300] {processor.py:157} INFO - Started process (PID=35316) to work on /Users/olgastash/neoflex_env_airflow/lib/python3.10/site-packages/airflow/example_dags/example_dynamic_task_mapping_with_no_taskflow_operators.py
[2023-07-30T21:22:44.163+0300] {processor.py:826} INFO - Processing file /Users/olgastash/neoflex_env_airflow/lib/python3.10/site-packages/airflow/example_dags/example_dynamic_task_mapping_with_no_taskflow_operators.py for tasks to queue
[2023-07-30T21:22:44.164+0300] {logging_mixin.py:150} INFO - [2023-07-30T21:22:44.164+0300] {dagbag.py:541} INFO - Filling up the DagBag from /Users/olgastash/neoflex_env_airflow/lib/python3.10/site-packages/airflow/example_dags/example_dynamic_task_mapping_with_no_taskflow_operators.py
[2023-07-30T21:22:44.185+0300] {processor.py:836} INFO - DAG(s) dict_keys(['example_dynamic_task_mapping_with_no_taskflow_operators']) retrieved from /Users/olgastash/neoflex_env_airflow/lib/python3.10/site-packages/airflow/example_dags/example_dynamic_task_mapping_with_no_taskflow_operators.py
[2023-07-30T21:22:45.193+0300] {logging_mixin.py:150} INFO - [2023-07-30T21:22:45.192+0300] {dag.py:2742} INFO - Sync 1 DAGs
[2023-07-30T21:22:45.212+0300] {logging_mixin.py:150} INFO - [2023-07-30T21:22:45.212+0300] {dag.py:3504} INFO - Setting next_dagrun for example_dynamic_task_mapping_with_no_taskflow_operators to 2023-07-29T18:22:45.212050+00:00, run_after=2023-07-30T18:22:45.212050+00:00
[2023-07-30T21:22:45.232+0300] {processor.py:179} INFO - Processing /Users/olgastash/neoflex_env_airflow/lib/python3.10/site-packages/airflow/example_dags/example_dynamic_task_mapping_with_no_taskflow_operators.py took 1.071 seconds
[2023-07-30T21:27:02.318+0300] {processor.py:157} INFO - Started process (PID=35511) to work on /Users/olgastash/neoflex_env_airflow/lib/python3.10/site-packages/airflow/example_dags/example_dynamic_task_mapping_with_no_taskflow_operators.py
[2023-07-30T21:27:02.319+0300] {processor.py:826} INFO - Processing file /Users/olgastash/neoflex_env_airflow/lib/python3.10/site-packages/airflow/example_dags/example_dynamic_task_mapping_with_no_taskflow_operators.py for tasks to queue
[2023-07-30T21:27:02.320+0300] {logging_mixin.py:150} INFO - [2023-07-30T21:27:02.320+0300] {dagbag.py:541} INFO - Filling up the DagBag from /Users/olgastash/neoflex_env_airflow/lib/python3.10/site-packages/airflow/example_dags/example_dynamic_task_mapping_with_no_taskflow_operators.py
[2023-07-30T21:27:02.341+0300] {processor.py:836} INFO - DAG(s) dict_keys(['example_dynamic_task_mapping_with_no_taskflow_operators']) retrieved from /Users/olgastash/neoflex_env_airflow/lib/python3.10/site-packages/airflow/example_dags/example_dynamic_task_mapping_with_no_taskflow_operators.py
[2023-07-30T21:27:03.327+0300] {logging_mixin.py:150} INFO - [2023-07-30T21:27:03.327+0300] {dag.py:2742} INFO - Sync 1 DAGs
[2023-07-30T21:27:03.347+0300] {logging_mixin.py:150} INFO - [2023-07-30T21:27:03.346+0300] {dag.py:3504} INFO - Setting next_dagrun for example_dynamic_task_mapping_with_no_taskflow_operators to 2023-07-29T18:27:03.346669+00:00, run_after=2023-07-30T18:27:03.346669+00:00
[2023-07-30T21:27:03.366+0300] {processor.py:179} INFO - Processing /Users/olgastash/neoflex_env_airflow/lib/python3.10/site-packages/airflow/example_dags/example_dynamic_task_mapping_with_no_taskflow_operators.py took 1.049 seconds
[2023-07-30T21:31:20.322+0300] {processor.py:157} INFO - Started process (PID=35709) to work on /Users/olgastash/neoflex_env_airflow/lib/python3.10/site-packages/airflow/example_dags/example_dynamic_task_mapping_with_no_taskflow_operators.py
[2023-07-30T21:31:20.323+0300] {processor.py:826} INFO - Processing file /Users/olgastash/neoflex_env_airflow/lib/python3.10/site-packages/airflow/example_dags/example_dynamic_task_mapping_with_no_taskflow_operators.py for tasks to queue
[2023-07-30T21:31:20.323+0300] {logging_mixin.py:150} INFO - [2023-07-30T21:31:20.323+0300] {dagbag.py:541} INFO - Filling up the DagBag from /Users/olgastash/neoflex_env_airflow/lib/python3.10/site-packages/airflow/example_dags/example_dynamic_task_mapping_with_no_taskflow_operators.py
[2023-07-30T21:31:20.344+0300] {processor.py:836} INFO - DAG(s) dict_keys(['example_dynamic_task_mapping_with_no_taskflow_operators']) retrieved from /Users/olgastash/neoflex_env_airflow/lib/python3.10/site-packages/airflow/example_dags/example_dynamic_task_mapping_with_no_taskflow_operators.py
[2023-07-30T21:31:21.309+0300] {logging_mixin.py:150} INFO - [2023-07-30T21:31:21.308+0300] {dag.py:2742} INFO - Sync 1 DAGs
[2023-07-30T21:31:21.327+0300] {logging_mixin.py:150} INFO - [2023-07-30T21:31:21.327+0300] {dag.py:3504} INFO - Setting next_dagrun for example_dynamic_task_mapping_with_no_taskflow_operators to 2023-07-29T18:31:21.327310+00:00, run_after=2023-07-30T18:31:21.327310+00:00
[2023-07-30T21:31:21.347+0300] {processor.py:179} INFO - Processing /Users/olgastash/neoflex_env_airflow/lib/python3.10/site-packages/airflow/example_dags/example_dynamic_task_mapping_with_no_taskflow_operators.py took 1.026 seconds
[2023-07-30T21:35:37.127+0300] {processor.py:157} INFO - Started process (PID=35905) to work on /Users/olgastash/neoflex_env_airflow/lib/python3.10/site-packages/airflow/example_dags/example_dynamic_task_mapping_with_no_taskflow_operators.py
[2023-07-30T21:35:37.128+0300] {processor.py:826} INFO - Processing file /Users/olgastash/neoflex_env_airflow/lib/python3.10/site-packages/airflow/example_dags/example_dynamic_task_mapping_with_no_taskflow_operators.py for tasks to queue
[2023-07-30T21:35:37.129+0300] {logging_mixin.py:150} INFO - [2023-07-30T21:35:37.129+0300] {dagbag.py:541} INFO - Filling up the DagBag from /Users/olgastash/neoflex_env_airflow/lib/python3.10/site-packages/airflow/example_dags/example_dynamic_task_mapping_with_no_taskflow_operators.py
[2023-07-30T21:35:37.151+0300] {processor.py:836} INFO - DAG(s) dict_keys(['example_dynamic_task_mapping_with_no_taskflow_operators']) retrieved from /Users/olgastash/neoflex_env_airflow/lib/python3.10/site-packages/airflow/example_dags/example_dynamic_task_mapping_with_no_taskflow_operators.py
[2023-07-30T21:35:38.177+0300] {logging_mixin.py:150} INFO - [2023-07-30T21:35:38.176+0300] {dag.py:2742} INFO - Sync 1 DAGs
[2023-07-30T21:35:38.197+0300] {logging_mixin.py:150} INFO - [2023-07-30T21:35:38.197+0300] {dag.py:3504} INFO - Setting next_dagrun for example_dynamic_task_mapping_with_no_taskflow_operators to 2023-07-29T18:35:38.197120+00:00, run_after=2023-07-30T18:35:38.197120+00:00
[2023-07-30T21:35:38.217+0300] {processor.py:179} INFO - Processing /Users/olgastash/neoflex_env_airflow/lib/python3.10/site-packages/airflow/example_dags/example_dynamic_task_mapping_with_no_taskflow_operators.py took 1.091 seconds
[2023-07-30T21:39:57.403+0300] {processor.py:157} INFO - Started process (PID=36101) to work on /Users/olgastash/neoflex_env_airflow/lib/python3.10/site-packages/airflow/example_dags/example_dynamic_task_mapping_with_no_taskflow_operators.py
[2023-07-30T21:39:57.404+0300] {processor.py:826} INFO - Processing file /Users/olgastash/neoflex_env_airflow/lib/python3.10/site-packages/airflow/example_dags/example_dynamic_task_mapping_with_no_taskflow_operators.py for tasks to queue
[2023-07-30T21:39:57.404+0300] {logging_mixin.py:150} INFO - [2023-07-30T21:39:57.404+0300] {dagbag.py:541} INFO - Filling up the DagBag from /Users/olgastash/neoflex_env_airflow/lib/python3.10/site-packages/airflow/example_dags/example_dynamic_task_mapping_with_no_taskflow_operators.py
[2023-07-30T21:39:57.426+0300] {processor.py:836} INFO - DAG(s) dict_keys(['example_dynamic_task_mapping_with_no_taskflow_operators']) retrieved from /Users/olgastash/neoflex_env_airflow/lib/python3.10/site-packages/airflow/example_dags/example_dynamic_task_mapping_with_no_taskflow_operators.py
[2023-07-30T21:39:58.415+0300] {logging_mixin.py:150} INFO - [2023-07-30T21:39:58.415+0300] {dag.py:2742} INFO - Sync 1 DAGs
[2023-07-30T21:39:58.434+0300] {logging_mixin.py:150} INFO - [2023-07-30T21:39:58.434+0300] {dag.py:3504} INFO - Setting next_dagrun for example_dynamic_task_mapping_with_no_taskflow_operators to 2023-07-29T18:39:58.434470+00:00, run_after=2023-07-30T18:39:58.434470+00:00
[2023-07-30T21:39:58.456+0300] {processor.py:179} INFO - Processing /Users/olgastash/neoflex_env_airflow/lib/python3.10/site-packages/airflow/example_dags/example_dynamic_task_mapping_with_no_taskflow_operators.py took 1.054 seconds
[2023-07-30T21:44:17.349+0300] {processor.py:157} INFO - Started process (PID=36331) to work on /Users/olgastash/neoflex_env_airflow/lib/python3.10/site-packages/airflow/example_dags/example_dynamic_task_mapping_with_no_taskflow_operators.py
[2023-07-30T21:44:17.350+0300] {processor.py:826} INFO - Processing file /Users/olgastash/neoflex_env_airflow/lib/python3.10/site-packages/airflow/example_dags/example_dynamic_task_mapping_with_no_taskflow_operators.py for tasks to queue
[2023-07-30T21:44:17.351+0300] {logging_mixin.py:150} INFO - [2023-07-30T21:44:17.351+0300] {dagbag.py:541} INFO - Filling up the DagBag from /Users/olgastash/neoflex_env_airflow/lib/python3.10/site-packages/airflow/example_dags/example_dynamic_task_mapping_with_no_taskflow_operators.py
[2023-07-30T21:44:17.372+0300] {processor.py:836} INFO - DAG(s) dict_keys(['example_dynamic_task_mapping_with_no_taskflow_operators']) retrieved from /Users/olgastash/neoflex_env_airflow/lib/python3.10/site-packages/airflow/example_dags/example_dynamic_task_mapping_with_no_taskflow_operators.py
[2023-07-30T21:44:18.269+0300] {logging_mixin.py:150} INFO - [2023-07-30T21:44:18.269+0300] {dag.py:2742} INFO - Sync 1 DAGs
[2023-07-30T21:44:18.287+0300] {logging_mixin.py:150} INFO - [2023-07-30T21:44:18.287+0300] {dag.py:3504} INFO - Setting next_dagrun for example_dynamic_task_mapping_with_no_taskflow_operators to 2023-07-29T18:44:18.287589+00:00, run_after=2023-07-30T18:44:18.287589+00:00
[2023-07-30T21:44:18.306+0300] {processor.py:179} INFO - Processing /Users/olgastash/neoflex_env_airflow/lib/python3.10/site-packages/airflow/example_dags/example_dynamic_task_mapping_with_no_taskflow_operators.py took 0.958 seconds
[2023-07-30T21:48:36.525+0300] {processor.py:157} INFO - Started process (PID=36500) to work on /Users/olgastash/neoflex_env_airflow/lib/python3.10/site-packages/airflow/example_dags/example_dynamic_task_mapping_with_no_taskflow_operators.py
[2023-07-30T21:48:36.526+0300] {processor.py:826} INFO - Processing file /Users/olgastash/neoflex_env_airflow/lib/python3.10/site-packages/airflow/example_dags/example_dynamic_task_mapping_with_no_taskflow_operators.py for tasks to queue
[2023-07-30T21:48:36.526+0300] {logging_mixin.py:150} INFO - [2023-07-30T21:48:36.526+0300] {dagbag.py:541} INFO - Filling up the DagBag from /Users/olgastash/neoflex_env_airflow/lib/python3.10/site-packages/airflow/example_dags/example_dynamic_task_mapping_with_no_taskflow_operators.py
[2023-07-30T21:48:36.547+0300] {processor.py:836} INFO - DAG(s) dict_keys(['example_dynamic_task_mapping_with_no_taskflow_operators']) retrieved from /Users/olgastash/neoflex_env_airflow/lib/python3.10/site-packages/airflow/example_dags/example_dynamic_task_mapping_with_no_taskflow_operators.py
[2023-07-30T21:48:37.535+0300] {logging_mixin.py:150} INFO - [2023-07-30T21:48:37.534+0300] {dag.py:2742} INFO - Sync 1 DAGs
[2023-07-30T21:48:37.554+0300] {logging_mixin.py:150} INFO - [2023-07-30T21:48:37.553+0300] {dag.py:3504} INFO - Setting next_dagrun for example_dynamic_task_mapping_with_no_taskflow_operators to 2023-07-29T18:48:37.553807+00:00, run_after=2023-07-30T18:48:37.553807+00:00
[2023-07-30T21:48:37.574+0300] {processor.py:179} INFO - Processing /Users/olgastash/neoflex_env_airflow/lib/python3.10/site-packages/airflow/example_dags/example_dynamic_task_mapping_with_no_taskflow_operators.py took 1.050 seconds
[2023-07-30T21:52:55.541+0300] {processor.py:157} INFO - Started process (PID=36702) to work on /Users/olgastash/neoflex_env_airflow/lib/python3.10/site-packages/airflow/example_dags/example_dynamic_task_mapping_with_no_taskflow_operators.py
[2023-07-30T21:52:55.543+0300] {processor.py:826} INFO - Processing file /Users/olgastash/neoflex_env_airflow/lib/python3.10/site-packages/airflow/example_dags/example_dynamic_task_mapping_with_no_taskflow_operators.py for tasks to queue
[2023-07-30T21:52:55.543+0300] {logging_mixin.py:150} INFO - [2023-07-30T21:52:55.543+0300] {dagbag.py:541} INFO - Filling up the DagBag from /Users/olgastash/neoflex_env_airflow/lib/python3.10/site-packages/airflow/example_dags/example_dynamic_task_mapping_with_no_taskflow_operators.py
[2023-07-30T21:52:55.563+0300] {processor.py:836} INFO - DAG(s) dict_keys(['example_dynamic_task_mapping_with_no_taskflow_operators']) retrieved from /Users/olgastash/neoflex_env_airflow/lib/python3.10/site-packages/airflow/example_dags/example_dynamic_task_mapping_with_no_taskflow_operators.py
[2023-07-30T21:52:56.529+0300] {logging_mixin.py:150} INFO - [2023-07-30T21:52:56.528+0300] {dag.py:2742} INFO - Sync 1 DAGs
[2023-07-30T21:52:56.547+0300] {logging_mixin.py:150} INFO - [2023-07-30T21:52:56.547+0300] {dag.py:3504} INFO - Setting next_dagrun for example_dynamic_task_mapping_with_no_taskflow_operators to 2023-07-29T18:52:56.547650+00:00, run_after=2023-07-30T18:52:56.547650+00:00
[2023-07-30T21:52:56.568+0300] {processor.py:179} INFO - Processing /Users/olgastash/neoflex_env_airflow/lib/python3.10/site-packages/airflow/example_dags/example_dynamic_task_mapping_with_no_taskflow_operators.py took 1.027 seconds
[2023-07-30T21:57:19.101+0300] {processor.py:157} INFO - Started process (PID=36916) to work on /Users/olgastash/neoflex_env_airflow/lib/python3.10/site-packages/airflow/example_dags/example_dynamic_task_mapping_with_no_taskflow_operators.py
[2023-07-30T21:57:19.114+0300] {processor.py:826} INFO - Processing file /Users/olgastash/neoflex_env_airflow/lib/python3.10/site-packages/airflow/example_dags/example_dynamic_task_mapping_with_no_taskflow_operators.py for tasks to queue
[2023-07-30T21:57:19.115+0300] {logging_mixin.py:150} INFO - [2023-07-30T21:57:19.115+0300] {dagbag.py:541} INFO - Filling up the DagBag from /Users/olgastash/neoflex_env_airflow/lib/python3.10/site-packages/airflow/example_dags/example_dynamic_task_mapping_with_no_taskflow_operators.py
[2023-07-30T21:57:19.136+0300] {processor.py:836} INFO - DAG(s) dict_keys(['example_dynamic_task_mapping_with_no_taskflow_operators']) retrieved from /Users/olgastash/neoflex_env_airflow/lib/python3.10/site-packages/airflow/example_dags/example_dynamic_task_mapping_with_no_taskflow_operators.py
[2023-07-30T21:57:20.150+0300] {logging_mixin.py:150} INFO - [2023-07-30T21:57:20.150+0300] {dag.py:2742} INFO - Sync 1 DAGs
[2023-07-30T21:57:20.170+0300] {logging_mixin.py:150} INFO - [2023-07-30T21:57:20.170+0300] {dag.py:3504} INFO - Setting next_dagrun for example_dynamic_task_mapping_with_no_taskflow_operators to 2023-07-29T18:57:20.170351+00:00, run_after=2023-07-30T18:57:20.170351+00:00
[2023-07-30T21:57:20.193+0300] {processor.py:179} INFO - Processing /Users/olgastash/neoflex_env_airflow/lib/python3.10/site-packages/airflow/example_dags/example_dynamic_task_mapping_with_no_taskflow_operators.py took 1.092 seconds
[2023-07-30T22:01:44.359+0300] {processor.py:157} INFO - Started process (PID=37116) to work on /Users/olgastash/neoflex_env_airflow/lib/python3.10/site-packages/airflow/example_dags/example_dynamic_task_mapping_with_no_taskflow_operators.py
[2023-07-30T22:01:44.360+0300] {processor.py:826} INFO - Processing file /Users/olgastash/neoflex_env_airflow/lib/python3.10/site-packages/airflow/example_dags/example_dynamic_task_mapping_with_no_taskflow_operators.py for tasks to queue
[2023-07-30T22:01:44.361+0300] {logging_mixin.py:150} INFO - [2023-07-30T22:01:44.361+0300] {dagbag.py:541} INFO - Filling up the DagBag from /Users/olgastash/neoflex_env_airflow/lib/python3.10/site-packages/airflow/example_dags/example_dynamic_task_mapping_with_no_taskflow_operators.py
[2023-07-30T22:01:44.382+0300] {processor.py:836} INFO - DAG(s) dict_keys(['example_dynamic_task_mapping_with_no_taskflow_operators']) retrieved from /Users/olgastash/neoflex_env_airflow/lib/python3.10/site-packages/airflow/example_dags/example_dynamic_task_mapping_with_no_taskflow_operators.py
[2023-07-30T22:01:45.370+0300] {logging_mixin.py:150} INFO - [2023-07-30T22:01:45.370+0300] {dag.py:2742} INFO - Sync 1 DAGs
[2023-07-30T22:01:45.389+0300] {logging_mixin.py:150} INFO - [2023-07-30T22:01:45.389+0300] {dag.py:3504} INFO - Setting next_dagrun for example_dynamic_task_mapping_with_no_taskflow_operators to 2023-07-29T19:01:45.389481+00:00, run_after=2023-07-30T19:01:45.389481+00:00
[2023-07-30T22:01:45.410+0300] {processor.py:179} INFO - Processing /Users/olgastash/neoflex_env_airflow/lib/python3.10/site-packages/airflow/example_dags/example_dynamic_task_mapping_with_no_taskflow_operators.py took 1.052 seconds
[2023-07-30T22:06:13.481+0300] {processor.py:157} INFO - Started process (PID=37330) to work on /Users/olgastash/neoflex_env_airflow/lib/python3.10/site-packages/airflow/example_dags/example_dynamic_task_mapping_with_no_taskflow_operators.py
[2023-07-30T22:06:13.482+0300] {processor.py:826} INFO - Processing file /Users/olgastash/neoflex_env_airflow/lib/python3.10/site-packages/airflow/example_dags/example_dynamic_task_mapping_with_no_taskflow_operators.py for tasks to queue
[2023-07-30T22:06:13.483+0300] {logging_mixin.py:150} INFO - [2023-07-30T22:06:13.483+0300] {dagbag.py:541} INFO - Filling up the DagBag from /Users/olgastash/neoflex_env_airflow/lib/python3.10/site-packages/airflow/example_dags/example_dynamic_task_mapping_with_no_taskflow_operators.py
[2023-07-30T22:06:13.505+0300] {processor.py:836} INFO - DAG(s) dict_keys(['example_dynamic_task_mapping_with_no_taskflow_operators']) retrieved from /Users/olgastash/neoflex_env_airflow/lib/python3.10/site-packages/airflow/example_dags/example_dynamic_task_mapping_with_no_taskflow_operators.py
[2023-07-30T22:06:14.506+0300] {logging_mixin.py:150} INFO - [2023-07-30T22:06:14.506+0300] {dag.py:2742} INFO - Sync 1 DAGs
[2023-07-30T22:06:14.526+0300] {logging_mixin.py:150} INFO - [2023-07-30T22:06:14.525+0300] {dag.py:3504} INFO - Setting next_dagrun for example_dynamic_task_mapping_with_no_taskflow_operators to 2023-07-29T19:06:14.525807+00:00, run_after=2023-07-30T19:06:14.525807+00:00
[2023-07-30T22:06:14.546+0300] {processor.py:179} INFO - Processing /Users/olgastash/neoflex_env_airflow/lib/python3.10/site-packages/airflow/example_dags/example_dynamic_task_mapping_with_no_taskflow_operators.py took 1.065 seconds
[2023-07-30T22:10:41.036+0300] {processor.py:157} INFO - Started process (PID=37527) to work on /Users/olgastash/neoflex_env_airflow/lib/python3.10/site-packages/airflow/example_dags/example_dynamic_task_mapping_with_no_taskflow_operators.py
[2023-07-30T22:10:41.037+0300] {processor.py:826} INFO - Processing file /Users/olgastash/neoflex_env_airflow/lib/python3.10/site-packages/airflow/example_dags/example_dynamic_task_mapping_with_no_taskflow_operators.py for tasks to queue
[2023-07-30T22:10:41.038+0300] {logging_mixin.py:150} INFO - [2023-07-30T22:10:41.038+0300] {dagbag.py:541} INFO - Filling up the DagBag from /Users/olgastash/neoflex_env_airflow/lib/python3.10/site-packages/airflow/example_dags/example_dynamic_task_mapping_with_no_taskflow_operators.py
[2023-07-30T22:10:41.060+0300] {processor.py:836} INFO - DAG(s) dict_keys(['example_dynamic_task_mapping_with_no_taskflow_operators']) retrieved from /Users/olgastash/neoflex_env_airflow/lib/python3.10/site-packages/airflow/example_dags/example_dynamic_task_mapping_with_no_taskflow_operators.py
[2023-07-30T22:10:42.076+0300] {logging_mixin.py:150} INFO - [2023-07-30T22:10:42.076+0300] {dag.py:2742} INFO - Sync 1 DAGs
[2023-07-30T22:10:42.097+0300] {logging_mixin.py:150} INFO - [2023-07-30T22:10:42.097+0300] {dag.py:3504} INFO - Setting next_dagrun for example_dynamic_task_mapping_with_no_taskflow_operators to 2023-07-29T19:10:42.096992+00:00, run_after=2023-07-30T19:10:42.096992+00:00
[2023-07-30T22:10:42.119+0300] {processor.py:179} INFO - Processing /Users/olgastash/neoflex_env_airflow/lib/python3.10/site-packages/airflow/example_dags/example_dynamic_task_mapping_with_no_taskflow_operators.py took 1.084 seconds
[2023-07-30T22:15:11.123+0300] {processor.py:157} INFO - Started process (PID=37748) to work on /Users/olgastash/neoflex_env_airflow/lib/python3.10/site-packages/airflow/example_dags/example_dynamic_task_mapping_with_no_taskflow_operators.py
[2023-07-30T22:15:11.125+0300] {processor.py:826} INFO - Processing file /Users/olgastash/neoflex_env_airflow/lib/python3.10/site-packages/airflow/example_dags/example_dynamic_task_mapping_with_no_taskflow_operators.py for tasks to queue
[2023-07-30T22:15:11.125+0300] {logging_mixin.py:150} INFO - [2023-07-30T22:15:11.125+0300] {dagbag.py:541} INFO - Filling up the DagBag from /Users/olgastash/neoflex_env_airflow/lib/python3.10/site-packages/airflow/example_dags/example_dynamic_task_mapping_with_no_taskflow_operators.py
[2023-07-30T22:15:11.151+0300] {processor.py:836} INFO - DAG(s) dict_keys(['example_dynamic_task_mapping_with_no_taskflow_operators']) retrieved from /Users/olgastash/neoflex_env_airflow/lib/python3.10/site-packages/airflow/example_dags/example_dynamic_task_mapping_with_no_taskflow_operators.py
[2023-07-30T22:15:12.152+0300] {logging_mixin.py:150} INFO - [2023-07-30T22:15:12.152+0300] {dag.py:2742} INFO - Sync 1 DAGs
[2023-07-30T22:15:12.171+0300] {logging_mixin.py:150} INFO - [2023-07-30T22:15:12.171+0300] {dag.py:3504} INFO - Setting next_dagrun for example_dynamic_task_mapping_with_no_taskflow_operators to 2023-07-29T19:15:12.171548+00:00, run_after=2023-07-30T19:15:12.171548+00:00
[2023-07-30T22:15:12.192+0300] {processor.py:179} INFO - Processing /Users/olgastash/neoflex_env_airflow/lib/python3.10/site-packages/airflow/example_dags/example_dynamic_task_mapping_with_no_taskflow_operators.py took 1.069 seconds
[2023-07-30T22:19:40.463+0300] {processor.py:157} INFO - Started process (PID=37978) to work on /Users/olgastash/neoflex_env_airflow/lib/python3.10/site-packages/airflow/example_dags/example_dynamic_task_mapping_with_no_taskflow_operators.py
[2023-07-30T22:19:40.464+0300] {processor.py:826} INFO - Processing file /Users/olgastash/neoflex_env_airflow/lib/python3.10/site-packages/airflow/example_dags/example_dynamic_task_mapping_with_no_taskflow_operators.py for tasks to queue
[2023-07-30T22:19:40.464+0300] {logging_mixin.py:150} INFO - [2023-07-30T22:19:40.464+0300] {dagbag.py:541} INFO - Filling up the DagBag from /Users/olgastash/neoflex_env_airflow/lib/python3.10/site-packages/airflow/example_dags/example_dynamic_task_mapping_with_no_taskflow_operators.py
[2023-07-30T22:19:40.485+0300] {processor.py:836} INFO - DAG(s) dict_keys(['example_dynamic_task_mapping_with_no_taskflow_operators']) retrieved from /Users/olgastash/neoflex_env_airflow/lib/python3.10/site-packages/airflow/example_dags/example_dynamic_task_mapping_with_no_taskflow_operators.py
[2023-07-30T22:19:41.379+0300] {logging_mixin.py:150} INFO - [2023-07-30T22:19:41.379+0300] {dag.py:2742} INFO - Sync 1 DAGs
[2023-07-30T22:19:41.398+0300] {logging_mixin.py:150} INFO - [2023-07-30T22:19:41.398+0300] {dag.py:3504} INFO - Setting next_dagrun for example_dynamic_task_mapping_with_no_taskflow_operators to 2023-07-29T19:19:41.398576+00:00, run_after=2023-07-30T19:19:41.398576+00:00
[2023-07-30T22:19:41.419+0300] {processor.py:179} INFO - Processing /Users/olgastash/neoflex_env_airflow/lib/python3.10/site-packages/airflow/example_dags/example_dynamic_task_mapping_with_no_taskflow_operators.py took 0.957 seconds
[2023-07-30T22:24:09.624+0300] {processor.py:157} INFO - Started process (PID=38229) to work on /Users/olgastash/neoflex_env_airflow/lib/python3.10/site-packages/airflow/example_dags/example_dynamic_task_mapping_with_no_taskflow_operators.py
[2023-07-30T22:24:09.625+0300] {processor.py:826} INFO - Processing file /Users/olgastash/neoflex_env_airflow/lib/python3.10/site-packages/airflow/example_dags/example_dynamic_task_mapping_with_no_taskflow_operators.py for tasks to queue
[2023-07-30T22:24:09.626+0300] {logging_mixin.py:150} INFO - [2023-07-30T22:24:09.625+0300] {dagbag.py:541} INFO - Filling up the DagBag from /Users/olgastash/neoflex_env_airflow/lib/python3.10/site-packages/airflow/example_dags/example_dynamic_task_mapping_with_no_taskflow_operators.py
[2023-07-30T22:24:09.646+0300] {processor.py:836} INFO - DAG(s) dict_keys(['example_dynamic_task_mapping_with_no_taskflow_operators']) retrieved from /Users/olgastash/neoflex_env_airflow/lib/python3.10/site-packages/airflow/example_dags/example_dynamic_task_mapping_with_no_taskflow_operators.py
[2023-07-30T22:24:10.714+0300] {logging_mixin.py:150} INFO - [2023-07-30T22:24:10.714+0300] {dag.py:2742} INFO - Sync 1 DAGs
[2023-07-30T22:24:10.735+0300] {logging_mixin.py:150} INFO - [2023-07-30T22:24:10.735+0300] {dag.py:3504} INFO - Setting next_dagrun for example_dynamic_task_mapping_with_no_taskflow_operators to 2023-07-29T19:24:10.735439+00:00, run_after=2023-07-30T19:24:10.735439+00:00
[2023-07-30T22:24:10.757+0300] {processor.py:179} INFO - Processing /Users/olgastash/neoflex_env_airflow/lib/python3.10/site-packages/airflow/example_dags/example_dynamic_task_mapping_with_no_taskflow_operators.py took 1.134 seconds
[2023-07-30T22:28:40.439+0300] {processor.py:157} INFO - Started process (PID=38487) to work on /Users/olgastash/neoflex_env_airflow/lib/python3.10/site-packages/airflow/example_dags/example_dynamic_task_mapping_with_no_taskflow_operators.py
[2023-07-30T22:28:40.440+0300] {processor.py:826} INFO - Processing file /Users/olgastash/neoflex_env_airflow/lib/python3.10/site-packages/airflow/example_dags/example_dynamic_task_mapping_with_no_taskflow_operators.py for tasks to queue
[2023-07-30T22:28:40.441+0300] {logging_mixin.py:150} INFO - [2023-07-30T22:28:40.440+0300] {dagbag.py:541} INFO - Filling up the DagBag from /Users/olgastash/neoflex_env_airflow/lib/python3.10/site-packages/airflow/example_dags/example_dynamic_task_mapping_with_no_taskflow_operators.py
[2023-07-30T22:28:40.462+0300] {processor.py:836} INFO - DAG(s) dict_keys(['example_dynamic_task_mapping_with_no_taskflow_operators']) retrieved from /Users/olgastash/neoflex_env_airflow/lib/python3.10/site-packages/airflow/example_dags/example_dynamic_task_mapping_with_no_taskflow_operators.py
[2023-07-30T22:28:41.493+0300] {logging_mixin.py:150} INFO - [2023-07-30T22:28:41.493+0300] {dag.py:2742} INFO - Sync 1 DAGs
[2023-07-30T22:28:41.514+0300] {logging_mixin.py:150} INFO - [2023-07-30T22:28:41.513+0300] {dag.py:3504} INFO - Setting next_dagrun for example_dynamic_task_mapping_with_no_taskflow_operators to 2023-07-29T19:28:41.513837+00:00, run_after=2023-07-30T19:28:41.513837+00:00
[2023-07-30T22:28:41.535+0300] {processor.py:179} INFO - Processing /Users/olgastash/neoflex_env_airflow/lib/python3.10/site-packages/airflow/example_dags/example_dynamic_task_mapping_with_no_taskflow_operators.py took 1.097 seconds
[2023-07-30T22:33:07.731+0300] {processor.py:157} INFO - Started process (PID=38692) to work on /Users/olgastash/neoflex_env_airflow/lib/python3.10/site-packages/airflow/example_dags/example_dynamic_task_mapping_with_no_taskflow_operators.py
[2023-07-30T22:33:07.732+0300] {processor.py:826} INFO - Processing file /Users/olgastash/neoflex_env_airflow/lib/python3.10/site-packages/airflow/example_dags/example_dynamic_task_mapping_with_no_taskflow_operators.py for tasks to queue
[2023-07-30T22:33:07.733+0300] {logging_mixin.py:150} INFO - [2023-07-30T22:33:07.732+0300] {dagbag.py:541} INFO - Filling up the DagBag from /Users/olgastash/neoflex_env_airflow/lib/python3.10/site-packages/airflow/example_dags/example_dynamic_task_mapping_with_no_taskflow_operators.py
[2023-07-30T22:33:07.754+0300] {processor.py:836} INFO - DAG(s) dict_keys(['example_dynamic_task_mapping_with_no_taskflow_operators']) retrieved from /Users/olgastash/neoflex_env_airflow/lib/python3.10/site-packages/airflow/example_dags/example_dynamic_task_mapping_with_no_taskflow_operators.py
[2023-07-30T22:33:08.782+0300] {logging_mixin.py:150} INFO - [2023-07-30T22:33:08.781+0300] {dag.py:2742} INFO - Sync 1 DAGs
[2023-07-30T22:33:08.801+0300] {logging_mixin.py:150} INFO - [2023-07-30T22:33:08.801+0300] {dag.py:3504} INFO - Setting next_dagrun for example_dynamic_task_mapping_with_no_taskflow_operators to 2023-07-29T19:33:08.800982+00:00, run_after=2023-07-30T19:33:08.800982+00:00
[2023-07-30T22:33:08.821+0300] {processor.py:179} INFO - Processing /Users/olgastash/neoflex_env_airflow/lib/python3.10/site-packages/airflow/example_dags/example_dynamic_task_mapping_with_no_taskflow_operators.py took 1.091 seconds
[2023-07-30T22:37:36.076+0300] {processor.py:157} INFO - Started process (PID=38913) to work on /Users/olgastash/neoflex_env_airflow/lib/python3.10/site-packages/airflow/example_dags/example_dynamic_task_mapping_with_no_taskflow_operators.py
[2023-07-30T22:37:36.078+0300] {processor.py:826} INFO - Processing file /Users/olgastash/neoflex_env_airflow/lib/python3.10/site-packages/airflow/example_dags/example_dynamic_task_mapping_with_no_taskflow_operators.py for tasks to queue
[2023-07-30T22:37:36.079+0300] {logging_mixin.py:150} INFO - [2023-07-30T22:37:36.078+0300] {dagbag.py:541} INFO - Filling up the DagBag from /Users/olgastash/neoflex_env_airflow/lib/python3.10/site-packages/airflow/example_dags/example_dynamic_task_mapping_with_no_taskflow_operators.py
[2023-07-30T22:37:36.111+0300] {processor.py:836} INFO - DAG(s) dict_keys(['example_dynamic_task_mapping_with_no_taskflow_operators']) retrieved from /Users/olgastash/neoflex_env_airflow/lib/python3.10/site-packages/airflow/example_dags/example_dynamic_task_mapping_with_no_taskflow_operators.py
[2023-07-30T22:37:37.187+0300] {logging_mixin.py:150} INFO - [2023-07-30T22:37:37.187+0300] {dag.py:2742} INFO - Sync 1 DAGs
[2023-07-30T22:37:37.209+0300] {logging_mixin.py:150} INFO - [2023-07-30T22:37:37.208+0300] {dag.py:3504} INFO - Setting next_dagrun for example_dynamic_task_mapping_with_no_taskflow_operators to 2023-07-29T19:37:37.208535+00:00, run_after=2023-07-30T19:37:37.208535+00:00
[2023-07-30T22:37:37.231+0300] {processor.py:179} INFO - Processing /Users/olgastash/neoflex_env_airflow/lib/python3.10/site-packages/airflow/example_dags/example_dynamic_task_mapping_with_no_taskflow_operators.py took 1.156 seconds
[2023-07-30T22:42:01.602+0300] {processor.py:157} INFO - Started process (PID=39147) to work on /Users/olgastash/neoflex_env_airflow/lib/python3.10/site-packages/airflow/example_dags/example_dynamic_task_mapping_with_no_taskflow_operators.py
[2023-07-30T22:42:01.603+0300] {processor.py:826} INFO - Processing file /Users/olgastash/neoflex_env_airflow/lib/python3.10/site-packages/airflow/example_dags/example_dynamic_task_mapping_with_no_taskflow_operators.py for tasks to queue
[2023-07-30T22:42:01.604+0300] {logging_mixin.py:150} INFO - [2023-07-30T22:42:01.604+0300] {dagbag.py:541} INFO - Filling up the DagBag from /Users/olgastash/neoflex_env_airflow/lib/python3.10/site-packages/airflow/example_dags/example_dynamic_task_mapping_with_no_taskflow_operators.py
[2023-07-30T22:42:01.626+0300] {processor.py:836} INFO - DAG(s) dict_keys(['example_dynamic_task_mapping_with_no_taskflow_operators']) retrieved from /Users/olgastash/neoflex_env_airflow/lib/python3.10/site-packages/airflow/example_dags/example_dynamic_task_mapping_with_no_taskflow_operators.py
[2023-07-30T22:42:02.653+0300] {logging_mixin.py:150} INFO - [2023-07-30T22:42:02.653+0300] {dag.py:2742} INFO - Sync 1 DAGs
[2023-07-30T22:42:02.674+0300] {logging_mixin.py:150} INFO - [2023-07-30T22:42:02.674+0300] {dag.py:3504} INFO - Setting next_dagrun for example_dynamic_task_mapping_with_no_taskflow_operators to 2023-07-29T19:42:02.673873+00:00, run_after=2023-07-30T19:42:02.673873+00:00
[2023-07-30T22:42:02.696+0300] {processor.py:179} INFO - Processing /Users/olgastash/neoflex_env_airflow/lib/python3.10/site-packages/airflow/example_dags/example_dynamic_task_mapping_with_no_taskflow_operators.py took 1.094 seconds
[2023-07-30T22:46:28.441+0300] {processor.py:157} INFO - Started process (PID=39358) to work on /Users/olgastash/neoflex_env_airflow/lib/python3.10/site-packages/airflow/example_dags/example_dynamic_task_mapping_with_no_taskflow_operators.py
[2023-07-30T22:46:28.442+0300] {processor.py:826} INFO - Processing file /Users/olgastash/neoflex_env_airflow/lib/python3.10/site-packages/airflow/example_dags/example_dynamic_task_mapping_with_no_taskflow_operators.py for tasks to queue
[2023-07-30T22:46:28.443+0300] {logging_mixin.py:150} INFO - [2023-07-30T22:46:28.443+0300] {dagbag.py:541} INFO - Filling up the DagBag from /Users/olgastash/neoflex_env_airflow/lib/python3.10/site-packages/airflow/example_dags/example_dynamic_task_mapping_with_no_taskflow_operators.py
[2023-07-30T22:46:28.465+0300] {processor.py:836} INFO - DAG(s) dict_keys(['example_dynamic_task_mapping_with_no_taskflow_operators']) retrieved from /Users/olgastash/neoflex_env_airflow/lib/python3.10/site-packages/airflow/example_dags/example_dynamic_task_mapping_with_no_taskflow_operators.py
[2023-07-30T22:46:29.462+0300] {logging_mixin.py:150} INFO - [2023-07-30T22:46:29.461+0300] {dag.py:2742} INFO - Sync 1 DAGs
[2023-07-30T22:46:29.482+0300] {logging_mixin.py:150} INFO - [2023-07-30T22:46:29.482+0300] {dag.py:3504} INFO - Setting next_dagrun for example_dynamic_task_mapping_with_no_taskflow_operators to 2023-07-29T19:46:29.481844+00:00, run_after=2023-07-30T19:46:29.481844+00:00
[2023-07-30T22:46:29.504+0300] {processor.py:179} INFO - Processing /Users/olgastash/neoflex_env_airflow/lib/python3.10/site-packages/airflow/example_dags/example_dynamic_task_mapping_with_no_taskflow_operators.py took 1.063 seconds
[2023-07-30T22:50:54.838+0300] {processor.py:157} INFO - Started process (PID=39595) to work on /Users/olgastash/neoflex_env_airflow/lib/python3.10/site-packages/airflow/example_dags/example_dynamic_task_mapping_with_no_taskflow_operators.py
[2023-07-30T22:50:54.839+0300] {processor.py:826} INFO - Processing file /Users/olgastash/neoflex_env_airflow/lib/python3.10/site-packages/airflow/example_dags/example_dynamic_task_mapping_with_no_taskflow_operators.py for tasks to queue
[2023-07-30T22:50:54.840+0300] {logging_mixin.py:150} INFO - [2023-07-30T22:50:54.840+0300] {dagbag.py:541} INFO - Filling up the DagBag from /Users/olgastash/neoflex_env_airflow/lib/python3.10/site-packages/airflow/example_dags/example_dynamic_task_mapping_with_no_taskflow_operators.py
[2023-07-30T22:50:54.861+0300] {processor.py:836} INFO - DAG(s) dict_keys(['example_dynamic_task_mapping_with_no_taskflow_operators']) retrieved from /Users/olgastash/neoflex_env_airflow/lib/python3.10/site-packages/airflow/example_dags/example_dynamic_task_mapping_with_no_taskflow_operators.py
[2023-07-30T22:50:55.985+0300] {logging_mixin.py:150} INFO - [2023-07-30T22:50:55.984+0300] {dag.py:2742} INFO - Sync 1 DAGs
[2023-07-30T22:50:56.020+0300] {logging_mixin.py:150} INFO - [2023-07-30T22:50:56.019+0300] {dag.py:3504} INFO - Setting next_dagrun for example_dynamic_task_mapping_with_no_taskflow_operators to 2023-07-29T19:50:56.019603+00:00, run_after=2023-07-30T19:50:56.019603+00:00
[2023-07-30T22:50:56.054+0300] {processor.py:179} INFO - Processing /Users/olgastash/neoflex_env_airflow/lib/python3.10/site-packages/airflow/example_dags/example_dynamic_task_mapping_with_no_taskflow_operators.py took 1.217 seconds
[2023-07-30T22:55:26.641+0300] {processor.py:157} INFO - Started process (PID=39841) to work on /Users/olgastash/neoflex_env_airflow/lib/python3.10/site-packages/airflow/example_dags/example_dynamic_task_mapping_with_no_taskflow_operators.py
[2023-07-30T22:55:26.642+0300] {processor.py:826} INFO - Processing file /Users/olgastash/neoflex_env_airflow/lib/python3.10/site-packages/airflow/example_dags/example_dynamic_task_mapping_with_no_taskflow_operators.py for tasks to queue
[2023-07-30T22:55:26.643+0300] {logging_mixin.py:150} INFO - [2023-07-30T22:55:26.643+0300] {dagbag.py:541} INFO - Filling up the DagBag from /Users/olgastash/neoflex_env_airflow/lib/python3.10/site-packages/airflow/example_dags/example_dynamic_task_mapping_with_no_taskflow_operators.py
[2023-07-30T22:55:26.664+0300] {processor.py:836} INFO - DAG(s) dict_keys(['example_dynamic_task_mapping_with_no_taskflow_operators']) retrieved from /Users/olgastash/neoflex_env_airflow/lib/python3.10/site-packages/airflow/example_dags/example_dynamic_task_mapping_with_no_taskflow_operators.py
[2023-07-30T22:55:27.716+0300] {logging_mixin.py:150} INFO - [2023-07-30T22:55:27.716+0300] {dag.py:2742} INFO - Sync 1 DAGs
[2023-07-30T22:55:27.738+0300] {logging_mixin.py:150} INFO - [2023-07-30T22:55:27.738+0300] {dag.py:3504} INFO - Setting next_dagrun for example_dynamic_task_mapping_with_no_taskflow_operators to 2023-07-29T19:55:27.737979+00:00, run_after=2023-07-30T19:55:27.737979+00:00
[2023-07-30T22:55:27.776+0300] {processor.py:179} INFO - Processing /Users/olgastash/neoflex_env_airflow/lib/python3.10/site-packages/airflow/example_dags/example_dynamic_task_mapping_with_no_taskflow_operators.py took 1.135 seconds
[2023-07-30T22:59:59.647+0300] {processor.py:157} INFO - Started process (PID=40066) to work on /Users/olgastash/neoflex_env_airflow/lib/python3.10/site-packages/airflow/example_dags/example_dynamic_task_mapping_with_no_taskflow_operators.py
[2023-07-30T22:59:59.648+0300] {processor.py:826} INFO - Processing file /Users/olgastash/neoflex_env_airflow/lib/python3.10/site-packages/airflow/example_dags/example_dynamic_task_mapping_with_no_taskflow_operators.py for tasks to queue
[2023-07-30T22:59:59.649+0300] {logging_mixin.py:150} INFO - [2023-07-30T22:59:59.648+0300] {dagbag.py:541} INFO - Filling up the DagBag from /Users/olgastash/neoflex_env_airflow/lib/python3.10/site-packages/airflow/example_dags/example_dynamic_task_mapping_with_no_taskflow_operators.py
[2023-07-30T22:59:59.670+0300] {processor.py:836} INFO - DAG(s) dict_keys(['example_dynamic_task_mapping_with_no_taskflow_operators']) retrieved from /Users/olgastash/neoflex_env_airflow/lib/python3.10/site-packages/airflow/example_dags/example_dynamic_task_mapping_with_no_taskflow_operators.py
[2023-07-30T23:00:00.651+0300] {logging_mixin.py:150} INFO - [2023-07-30T23:00:00.651+0300] {dag.py:2742} INFO - Sync 1 DAGs
[2023-07-30T23:00:00.677+0300] {logging_mixin.py:150} INFO - [2023-07-30T23:00:00.677+0300] {dag.py:3504} INFO - Setting next_dagrun for example_dynamic_task_mapping_with_no_taskflow_operators to 2023-07-29T20:00:00.677348+00:00, run_after=2023-07-30T20:00:00.677348+00:00
[2023-07-30T23:00:00.705+0300] {processor.py:179} INFO - Processing /Users/olgastash/neoflex_env_airflow/lib/python3.10/site-packages/airflow/example_dags/example_dynamic_task_mapping_with_no_taskflow_operators.py took 1.060 seconds
[2023-07-30T23:04:30.534+0300] {processor.py:157} INFO - Started process (PID=40319) to work on /Users/olgastash/neoflex_env_airflow/lib/python3.10/site-packages/airflow/example_dags/example_dynamic_task_mapping_with_no_taskflow_operators.py
[2023-07-30T23:04:30.535+0300] {processor.py:826} INFO - Processing file /Users/olgastash/neoflex_env_airflow/lib/python3.10/site-packages/airflow/example_dags/example_dynamic_task_mapping_with_no_taskflow_operators.py for tasks to queue
[2023-07-30T23:04:30.535+0300] {logging_mixin.py:150} INFO - [2023-07-30T23:04:30.535+0300] {dagbag.py:541} INFO - Filling up the DagBag from /Users/olgastash/neoflex_env_airflow/lib/python3.10/site-packages/airflow/example_dags/example_dynamic_task_mapping_with_no_taskflow_operators.py
[2023-07-30T23:04:30.558+0300] {processor.py:836} INFO - DAG(s) dict_keys(['example_dynamic_task_mapping_with_no_taskflow_operators']) retrieved from /Users/olgastash/neoflex_env_airflow/lib/python3.10/site-packages/airflow/example_dags/example_dynamic_task_mapping_with_no_taskflow_operators.py
[2023-07-30T23:04:31.592+0300] {logging_mixin.py:150} INFO - [2023-07-30T23:04:31.591+0300] {dag.py:2742} INFO - Sync 1 DAGs
[2023-07-30T23:04:31.612+0300] {logging_mixin.py:150} INFO - [2023-07-30T23:04:31.612+0300] {dag.py:3504} INFO - Setting next_dagrun for example_dynamic_task_mapping_with_no_taskflow_operators to 2023-07-29T20:04:31.611986+00:00, run_after=2023-07-30T20:04:31.611986+00:00
[2023-07-30T23:04:31.633+0300] {processor.py:179} INFO - Processing /Users/olgastash/neoflex_env_airflow/lib/python3.10/site-packages/airflow/example_dags/example_dynamic_task_mapping_with_no_taskflow_operators.py took 1.100 seconds
