[2023-07-30T18:29:48.289+0300] {processor.py:157} INFO - Started process (PID=29004) to work on /Users/olgastash/neoflex_env_airflow/lib/python3.10/site-packages/airflow/example_dags/example_branch_operator.py
[2023-07-30T18:29:48.290+0300] {processor.py:826} INFO - Processing file /Users/olgastash/neoflex_env_airflow/lib/python3.10/site-packages/airflow/example_dags/example_branch_operator.py for tasks to queue
[2023-07-30T18:29:48.290+0300] {logging_mixin.py:150} INFO - [2023-07-30T18:29:48.290+0300] {dagbag.py:541} INFO - Filling up the DagBag from /Users/olgastash/neoflex_env_airflow/lib/python3.10/site-packages/airflow/example_dags/example_branch_operator.py
[2023-07-30T18:29:48.331+0300] {processor.py:836} INFO - DAG(s) dict_keys(['example_branch_operator']) retrieved from /Users/olgastash/neoflex_env_airflow/lib/python3.10/site-packages/airflow/example_dags/example_branch_operator.py
[2023-07-30T18:29:49.280+0300] {logging_mixin.py:150} INFO - [2023-07-30T18:29:49.280+0300] {manager.py:504} INFO - Created Permission View: can delete on DAG:example_branch_operator
[2023-07-30T18:29:49.289+0300] {logging_mixin.py:150} INFO - [2023-07-30T18:29:49.289+0300] {manager.py:504} INFO - Created Permission View: can read on DAG:example_branch_operator
[2023-07-30T18:29:49.295+0300] {logging_mixin.py:150} INFO - [2023-07-30T18:29:49.295+0300] {manager.py:504} INFO - Created Permission View: can edit on DAG:example_branch_operator
[2023-07-30T18:29:49.307+0300] {logging_mixin.py:150} INFO - [2023-07-30T18:29:49.306+0300] {dag.py:2742} INFO - Sync 1 DAGs
[2023-07-30T18:29:49.319+0300] {logging_mixin.py:150} INFO - [2023-07-30T18:29:49.318+0300] {dag.py:2763} INFO - Creating ORM DAG for example_branch_operator
[2023-07-30T18:29:49.329+0300] {logging_mixin.py:150} INFO - [2023-07-30T18:29:49.329+0300] {dag.py:3504} INFO - Setting next_dagrun for example_branch_operator to 2023-07-29T00:00:00+00:00, run_after=2023-07-30T00:00:00+00:00
[2023-07-30T18:29:49.349+0300] {processor.py:179} INFO - Processing /Users/olgastash/neoflex_env_airflow/lib/python3.10/site-packages/airflow/example_dags/example_branch_operator.py took 1.061 seconds
[2023-07-30T18:33:47.180+0300] {processor.py:157} INFO - Started process (PID=29160) to work on /Users/olgastash/neoflex_env_airflow/lib/python3.10/site-packages/airflow/example_dags/example_branch_operator.py
[2023-07-30T18:33:47.181+0300] {processor.py:826} INFO - Processing file /Users/olgastash/neoflex_env_airflow/lib/python3.10/site-packages/airflow/example_dags/example_branch_operator.py for tasks to queue
[2023-07-30T18:33:47.182+0300] {logging_mixin.py:150} INFO - [2023-07-30T18:33:47.182+0300] {dagbag.py:541} INFO - Filling up the DagBag from /Users/olgastash/neoflex_env_airflow/lib/python3.10/site-packages/airflow/example_dags/example_branch_operator.py
[2023-07-30T18:33:47.224+0300] {processor.py:836} INFO - DAG(s) dict_keys(['example_branch_operator']) retrieved from /Users/olgastash/neoflex_env_airflow/lib/python3.10/site-packages/airflow/example_dags/example_branch_operator.py
[2023-07-30T18:33:48.184+0300] {logging_mixin.py:150} INFO - [2023-07-30T18:33:48.184+0300] {dag.py:2742} INFO - Sync 1 DAGs
[2023-07-30T18:33:48.209+0300] {logging_mixin.py:150} INFO - [2023-07-30T18:33:48.208+0300] {dag.py:3504} INFO - Setting next_dagrun for example_branch_operator to 2023-07-29T00:00:00+00:00, run_after=2023-07-30T00:00:00+00:00
[2023-07-30T18:33:48.231+0300] {processor.py:179} INFO - Processing /Users/olgastash/neoflex_env_airflow/lib/python3.10/site-packages/airflow/example_dags/example_branch_operator.py took 1.052 seconds
[2023-07-30T18:37:39.921+0300] {processor.py:157} INFO - Started process (PID=29310) to work on /Users/olgastash/neoflex_env_airflow/lib/python3.10/site-packages/airflow/example_dags/example_branch_operator.py
[2023-07-30T18:37:39.922+0300] {processor.py:826} INFO - Processing file /Users/olgastash/neoflex_env_airflow/lib/python3.10/site-packages/airflow/example_dags/example_branch_operator.py for tasks to queue
[2023-07-30T18:37:39.922+0300] {logging_mixin.py:150} INFO - [2023-07-30T18:37:39.922+0300] {dagbag.py:541} INFO - Filling up the DagBag from /Users/olgastash/neoflex_env_airflow/lib/python3.10/site-packages/airflow/example_dags/example_branch_operator.py
[2023-07-30T18:37:39.962+0300] {processor.py:836} INFO - DAG(s) dict_keys(['example_branch_operator']) retrieved from /Users/olgastash/neoflex_env_airflow/lib/python3.10/site-packages/airflow/example_dags/example_branch_operator.py
[2023-07-30T18:37:40.818+0300] {logging_mixin.py:150} INFO - [2023-07-30T18:37:40.818+0300] {dag.py:2742} INFO - Sync 1 DAGs
[2023-07-30T18:37:40.838+0300] {logging_mixin.py:150} INFO - [2023-07-30T18:37:40.838+0300] {dag.py:3504} INFO - Setting next_dagrun for example_branch_operator to 2023-07-29T00:00:00+00:00, run_after=2023-07-30T00:00:00+00:00
[2023-07-30T18:37:40.856+0300] {processor.py:179} INFO - Processing /Users/olgastash/neoflex_env_airflow/lib/python3.10/site-packages/airflow/example_dags/example_branch_operator.py took 0.936 seconds
[2023-07-30T18:41:39.194+0300] {processor.py:157} INFO - Started process (PID=29482) to work on /Users/olgastash/neoflex_env_airflow/lib/python3.10/site-packages/airflow/example_dags/example_branch_operator.py
[2023-07-30T18:41:39.195+0300] {processor.py:826} INFO - Processing file /Users/olgastash/neoflex_env_airflow/lib/python3.10/site-packages/airflow/example_dags/example_branch_operator.py for tasks to queue
[2023-07-30T18:41:39.196+0300] {logging_mixin.py:150} INFO - [2023-07-30T18:41:39.195+0300] {dagbag.py:541} INFO - Filling up the DagBag from /Users/olgastash/neoflex_env_airflow/lib/python3.10/site-packages/airflow/example_dags/example_branch_operator.py
[2023-07-30T18:41:39.235+0300] {processor.py:836} INFO - DAG(s) dict_keys(['example_branch_operator']) retrieved from /Users/olgastash/neoflex_env_airflow/lib/python3.10/site-packages/airflow/example_dags/example_branch_operator.py
[2023-07-30T18:41:40.136+0300] {logging_mixin.py:150} INFO - [2023-07-30T18:41:40.136+0300] {dag.py:2742} INFO - Sync 1 DAGs
[2023-07-30T18:41:40.157+0300] {logging_mixin.py:150} INFO - [2023-07-30T18:41:40.157+0300] {dag.py:3504} INFO - Setting next_dagrun for example_branch_operator to 2023-07-29T00:00:00+00:00, run_after=2023-07-30T00:00:00+00:00
[2023-07-30T18:41:40.177+0300] {processor.py:179} INFO - Processing /Users/olgastash/neoflex_env_airflow/lib/python3.10/site-packages/airflow/example_dags/example_branch_operator.py took 0.983 seconds
[2023-07-30T18:45:31.598+0300] {processor.py:157} INFO - Started process (PID=29673) to work on /Users/olgastash/neoflex_env_airflow/lib/python3.10/site-packages/airflow/example_dags/example_branch_operator.py
[2023-07-30T18:45:31.599+0300] {processor.py:826} INFO - Processing file /Users/olgastash/neoflex_env_airflow/lib/python3.10/site-packages/airflow/example_dags/example_branch_operator.py for tasks to queue
[2023-07-30T18:45:31.599+0300] {logging_mixin.py:150} INFO - [2023-07-30T18:45:31.599+0300] {dagbag.py:541} INFO - Filling up the DagBag from /Users/olgastash/neoflex_env_airflow/lib/python3.10/site-packages/airflow/example_dags/example_branch_operator.py
[2023-07-30T18:45:31.641+0300] {processor.py:836} INFO - DAG(s) dict_keys(['example_branch_operator']) retrieved from /Users/olgastash/neoflex_env_airflow/lib/python3.10/site-packages/airflow/example_dags/example_branch_operator.py
[2023-07-30T18:45:32.562+0300] {logging_mixin.py:150} INFO - [2023-07-30T18:45:32.562+0300] {dag.py:2742} INFO - Sync 1 DAGs
[2023-07-30T18:45:32.583+0300] {logging_mixin.py:150} INFO - [2023-07-30T18:45:32.583+0300] {dag.py:3504} INFO - Setting next_dagrun for example_branch_operator to 2023-07-29T00:00:00+00:00, run_after=2023-07-30T00:00:00+00:00
[2023-07-30T18:45:32.602+0300] {processor.py:179} INFO - Processing /Users/olgastash/neoflex_env_airflow/lib/python3.10/site-packages/airflow/example_dags/example_branch_operator.py took 1.005 seconds
[2023-07-30T18:49:22.751+0300] {processor.py:157} INFO - Started process (PID=29899) to work on /Users/olgastash/neoflex_env_airflow/lib/python3.10/site-packages/airflow/example_dags/example_branch_operator.py
[2023-07-30T18:49:22.753+0300] {processor.py:826} INFO - Processing file /Users/olgastash/neoflex_env_airflow/lib/python3.10/site-packages/airflow/example_dags/example_branch_operator.py for tasks to queue
[2023-07-30T18:49:22.753+0300] {logging_mixin.py:150} INFO - [2023-07-30T18:49:22.753+0300] {dagbag.py:541} INFO - Filling up the DagBag from /Users/olgastash/neoflex_env_airflow/lib/python3.10/site-packages/airflow/example_dags/example_branch_operator.py
[2023-07-30T18:49:22.794+0300] {processor.py:836} INFO - DAG(s) dict_keys(['example_branch_operator']) retrieved from /Users/olgastash/neoflex_env_airflow/lib/python3.10/site-packages/airflow/example_dags/example_branch_operator.py
[2023-07-30T18:49:23.669+0300] {logging_mixin.py:150} INFO - [2023-07-30T18:49:23.669+0300] {dag.py:2742} INFO - Sync 1 DAGs
[2023-07-30T18:49:23.689+0300] {logging_mixin.py:150} INFO - [2023-07-30T18:49:23.688+0300] {dag.py:3504} INFO - Setting next_dagrun for example_branch_operator to 2023-07-29T00:00:00+00:00, run_after=2023-07-30T00:00:00+00:00
[2023-07-30T18:49:23.707+0300] {processor.py:179} INFO - Processing /Users/olgastash/neoflex_env_airflow/lib/python3.10/site-packages/airflow/example_dags/example_branch_operator.py took 0.956 seconds
[2023-07-30T18:53:15.836+0300] {processor.py:157} INFO - Started process (PID=30085) to work on /Users/olgastash/neoflex_env_airflow/lib/python3.10/site-packages/airflow/example_dags/example_branch_operator.py
[2023-07-30T18:53:15.837+0300] {processor.py:826} INFO - Processing file /Users/olgastash/neoflex_env_airflow/lib/python3.10/site-packages/airflow/example_dags/example_branch_operator.py for tasks to queue
[2023-07-30T18:53:15.837+0300] {logging_mixin.py:150} INFO - [2023-07-30T18:53:15.837+0300] {dagbag.py:541} INFO - Filling up the DagBag from /Users/olgastash/neoflex_env_airflow/lib/python3.10/site-packages/airflow/example_dags/example_branch_operator.py
[2023-07-30T18:53:15.878+0300] {processor.py:836} INFO - DAG(s) dict_keys(['example_branch_operator']) retrieved from /Users/olgastash/neoflex_env_airflow/lib/python3.10/site-packages/airflow/example_dags/example_branch_operator.py
[2023-07-30T18:53:16.731+0300] {logging_mixin.py:150} INFO - [2023-07-30T18:53:16.731+0300] {dag.py:2742} INFO - Sync 1 DAGs
[2023-07-30T18:53:16.752+0300] {logging_mixin.py:150} INFO - [2023-07-30T18:53:16.751+0300] {dag.py:3504} INFO - Setting next_dagrun for example_branch_operator to 2023-07-29T00:00:00+00:00, run_after=2023-07-30T00:00:00+00:00
[2023-07-30T18:53:16.770+0300] {processor.py:179} INFO - Processing /Users/olgastash/neoflex_env_airflow/lib/python3.10/site-packages/airflow/example_dags/example_branch_operator.py took 0.936 seconds
[2023-07-30T18:57:01.667+0300] {processor.py:157} INFO - Started process (PID=30292) to work on /Users/olgastash/neoflex_env_airflow/lib/python3.10/site-packages/airflow/example_dags/example_branch_operator.py
[2023-07-30T18:57:01.668+0300] {processor.py:826} INFO - Processing file /Users/olgastash/neoflex_env_airflow/lib/python3.10/site-packages/airflow/example_dags/example_branch_operator.py for tasks to queue
[2023-07-30T18:57:01.668+0300] {logging_mixin.py:150} INFO - [2023-07-30T18:57:01.668+0300] {dagbag.py:541} INFO - Filling up the DagBag from /Users/olgastash/neoflex_env_airflow/lib/python3.10/site-packages/airflow/example_dags/example_branch_operator.py
[2023-07-30T18:57:01.708+0300] {processor.py:836} INFO - DAG(s) dict_keys(['example_branch_operator']) retrieved from /Users/olgastash/neoflex_env_airflow/lib/python3.10/site-packages/airflow/example_dags/example_branch_operator.py
[2023-07-30T18:57:02.573+0300] {logging_mixin.py:150} INFO - [2023-07-30T18:57:02.572+0300] {dag.py:2742} INFO - Sync 1 DAGs
[2023-07-30T18:57:02.592+0300] {logging_mixin.py:150} INFO - [2023-07-30T18:57:02.592+0300] {dag.py:3504} INFO - Setting next_dagrun for example_branch_operator to 2023-07-29T00:00:00+00:00, run_after=2023-07-30T00:00:00+00:00
[2023-07-30T18:57:02.612+0300] {processor.py:179} INFO - Processing /Users/olgastash/neoflex_env_airflow/lib/python3.10/site-packages/airflow/example_dags/example_branch_operator.py took 0.946 seconds
[2023-07-30T19:01:01.713+0300] {processor.py:157} INFO - Started process (PID=30462) to work on /Users/olgastash/neoflex_env_airflow/lib/python3.10/site-packages/airflow/example_dags/example_branch_operator.py
[2023-07-30T19:01:01.714+0300] {processor.py:826} INFO - Processing file /Users/olgastash/neoflex_env_airflow/lib/python3.10/site-packages/airflow/example_dags/example_branch_operator.py for tasks to queue
[2023-07-30T19:01:01.715+0300] {logging_mixin.py:150} INFO - [2023-07-30T19:01:01.714+0300] {dagbag.py:541} INFO - Filling up the DagBag from /Users/olgastash/neoflex_env_airflow/lib/python3.10/site-packages/airflow/example_dags/example_branch_operator.py
[2023-07-30T19:01:01.756+0300] {processor.py:836} INFO - DAG(s) dict_keys(['example_branch_operator']) retrieved from /Users/olgastash/neoflex_env_airflow/lib/python3.10/site-packages/airflow/example_dags/example_branch_operator.py
[2023-07-30T19:01:02.734+0300] {logging_mixin.py:150} INFO - [2023-07-30T19:01:02.734+0300] {dag.py:2742} INFO - Sync 1 DAGs
[2023-07-30T19:01:02.755+0300] {logging_mixin.py:150} INFO - [2023-07-30T19:01:02.755+0300] {dag.py:3504} INFO - Setting next_dagrun for example_branch_operator to 2023-07-29T00:00:00+00:00, run_after=2023-07-30T00:00:00+00:00
[2023-07-30T19:01:02.778+0300] {processor.py:179} INFO - Processing /Users/olgastash/neoflex_env_airflow/lib/python3.10/site-packages/airflow/example_dags/example_branch_operator.py took 1.066 seconds
[2023-07-30T19:05:13.917+0300] {processor.py:157} INFO - Started process (PID=30627) to work on /Users/olgastash/neoflex_env_airflow/lib/python3.10/site-packages/airflow/example_dags/example_branch_operator.py
[2023-07-30T19:05:13.918+0300] {processor.py:826} INFO - Processing file /Users/olgastash/neoflex_env_airflow/lib/python3.10/site-packages/airflow/example_dags/example_branch_operator.py for tasks to queue
[2023-07-30T19:05:13.919+0300] {logging_mixin.py:150} INFO - [2023-07-30T19:05:13.919+0300] {dagbag.py:541} INFO - Filling up the DagBag from /Users/olgastash/neoflex_env_airflow/lib/python3.10/site-packages/airflow/example_dags/example_branch_operator.py
[2023-07-30T19:05:13.960+0300] {processor.py:836} INFO - DAG(s) dict_keys(['example_branch_operator']) retrieved from /Users/olgastash/neoflex_env_airflow/lib/python3.10/site-packages/airflow/example_dags/example_branch_operator.py
[2023-07-30T19:05:14.926+0300] {logging_mixin.py:150} INFO - [2023-07-30T19:05:14.926+0300] {dag.py:2742} INFO - Sync 1 DAGs
[2023-07-30T19:05:14.947+0300] {logging_mixin.py:150} INFO - [2023-07-30T19:05:14.947+0300] {dag.py:3504} INFO - Setting next_dagrun for example_branch_operator to 2023-07-29T00:00:00+00:00, run_after=2023-07-30T00:00:00+00:00
[2023-07-30T19:05:14.967+0300] {processor.py:179} INFO - Processing /Users/olgastash/neoflex_env_airflow/lib/python3.10/site-packages/airflow/example_dags/example_branch_operator.py took 1.051 seconds
[2023-07-30T19:09:04.821+0300] {processor.py:157} INFO - Started process (PID=30757) to work on /Users/olgastash/neoflex_env_airflow/lib/python3.10/site-packages/airflow/example_dags/example_branch_operator.py
[2023-07-30T19:09:04.823+0300] {processor.py:826} INFO - Processing file /Users/olgastash/neoflex_env_airflow/lib/python3.10/site-packages/airflow/example_dags/example_branch_operator.py for tasks to queue
[2023-07-30T19:09:04.823+0300] {logging_mixin.py:150} INFO - [2023-07-30T19:09:04.823+0300] {dagbag.py:541} INFO - Filling up the DagBag from /Users/olgastash/neoflex_env_airflow/lib/python3.10/site-packages/airflow/example_dags/example_branch_operator.py
[2023-07-30T19:09:04.887+0300] {processor.py:836} INFO - DAG(s) dict_keys(['example_branch_operator']) retrieved from /Users/olgastash/neoflex_env_airflow/lib/python3.10/site-packages/airflow/example_dags/example_branch_operator.py
[2023-07-30T19:09:05.864+0300] {logging_mixin.py:150} INFO - [2023-07-30T19:09:05.863+0300] {dag.py:2742} INFO - Sync 1 DAGs
[2023-07-30T19:09:05.885+0300] {logging_mixin.py:150} INFO - [2023-07-30T19:09:05.885+0300] {dag.py:3504} INFO - Setting next_dagrun for example_branch_operator to 2023-07-29T00:00:00+00:00, run_after=2023-07-30T00:00:00+00:00
[2023-07-30T19:09:05.906+0300] {processor.py:179} INFO - Processing /Users/olgastash/neoflex_env_airflow/lib/python3.10/site-packages/airflow/example_dags/example_branch_operator.py took 1.086 seconds
[2023-07-30T19:13:23.946+0300] {processor.py:157} INFO - Started process (PID=30920) to work on /Users/olgastash/neoflex_env_airflow/lib/python3.10/site-packages/airflow/example_dags/example_branch_operator.py
[2023-07-30T19:13:23.948+0300] {processor.py:826} INFO - Processing file /Users/olgastash/neoflex_env_airflow/lib/python3.10/site-packages/airflow/example_dags/example_branch_operator.py for tasks to queue
[2023-07-30T19:13:23.948+0300] {logging_mixin.py:150} INFO - [2023-07-30T19:13:23.948+0300] {dagbag.py:541} INFO - Filling up the DagBag from /Users/olgastash/neoflex_env_airflow/lib/python3.10/site-packages/airflow/example_dags/example_branch_operator.py
[2023-07-30T19:13:23.989+0300] {processor.py:836} INFO - DAG(s) dict_keys(['example_branch_operator']) retrieved from /Users/olgastash/neoflex_env_airflow/lib/python3.10/site-packages/airflow/example_dags/example_branch_operator.py
[2023-07-30T19:13:24.852+0300] {logging_mixin.py:150} INFO - [2023-07-30T19:13:24.852+0300] {dag.py:2742} INFO - Sync 1 DAGs
[2023-07-30T19:13:24.872+0300] {logging_mixin.py:150} INFO - [2023-07-30T19:13:24.872+0300] {dag.py:3504} INFO - Setting next_dagrun for example_branch_operator to 2023-07-29T00:00:00+00:00, run_after=2023-07-30T00:00:00+00:00
[2023-07-30T19:13:24.891+0300] {processor.py:179} INFO - Processing /Users/olgastash/neoflex_env_airflow/lib/python3.10/site-packages/airflow/example_dags/example_branch_operator.py took 0.945 seconds
[2023-07-30T19:17:25.290+0300] {processor.py:157} INFO - Started process (PID=31122) to work on /Users/olgastash/neoflex_env_airflow/lib/python3.10/site-packages/airflow/example_dags/example_branch_operator.py
[2023-07-30T19:17:25.291+0300] {processor.py:826} INFO - Processing file /Users/olgastash/neoflex_env_airflow/lib/python3.10/site-packages/airflow/example_dags/example_branch_operator.py for tasks to queue
[2023-07-30T19:17:25.292+0300] {logging_mixin.py:150} INFO - [2023-07-30T19:17:25.291+0300] {dagbag.py:541} INFO - Filling up the DagBag from /Users/olgastash/neoflex_env_airflow/lib/python3.10/site-packages/airflow/example_dags/example_branch_operator.py
[2023-07-30T19:17:25.331+0300] {processor.py:836} INFO - DAG(s) dict_keys(['example_branch_operator']) retrieved from /Users/olgastash/neoflex_env_airflow/lib/python3.10/site-packages/airflow/example_dags/example_branch_operator.py
[2023-07-30T19:17:26.304+0300] {logging_mixin.py:150} INFO - [2023-07-30T19:17:26.303+0300] {dag.py:2742} INFO - Sync 1 DAGs
[2023-07-30T19:17:26.325+0300] {logging_mixin.py:150} INFO - [2023-07-30T19:17:26.325+0300] {dag.py:3504} INFO - Setting next_dagrun for example_branch_operator to 2023-07-29T00:00:00+00:00, run_after=2023-07-30T00:00:00+00:00
[2023-07-30T19:17:26.346+0300] {processor.py:179} INFO - Processing /Users/olgastash/neoflex_env_airflow/lib/python3.10/site-packages/airflow/example_dags/example_branch_operator.py took 1.056 seconds
[2023-07-30T19:21:44.947+0300] {processor.py:157} INFO - Started process (PID=31279) to work on /Users/olgastash/neoflex_env_airflow/lib/python3.10/site-packages/airflow/example_dags/example_branch_operator.py
[2023-07-30T19:21:44.948+0300] {processor.py:826} INFO - Processing file /Users/olgastash/neoflex_env_airflow/lib/python3.10/site-packages/airflow/example_dags/example_branch_operator.py for tasks to queue
[2023-07-30T19:21:44.948+0300] {logging_mixin.py:150} INFO - [2023-07-30T19:21:44.948+0300] {dagbag.py:541} INFO - Filling up the DagBag from /Users/olgastash/neoflex_env_airflow/lib/python3.10/site-packages/airflow/example_dags/example_branch_operator.py
[2023-07-30T19:21:44.988+0300] {processor.py:836} INFO - DAG(s) dict_keys(['example_branch_operator']) retrieved from /Users/olgastash/neoflex_env_airflow/lib/python3.10/site-packages/airflow/example_dags/example_branch_operator.py
[2023-07-30T19:21:45.968+0300] {logging_mixin.py:150} INFO - [2023-07-30T19:21:45.967+0300] {dag.py:2742} INFO - Sync 1 DAGs
[2023-07-30T19:21:45.988+0300] {logging_mixin.py:150} INFO - [2023-07-30T19:21:45.988+0300] {dag.py:3504} INFO - Setting next_dagrun for example_branch_operator to 2023-07-29T00:00:00+00:00, run_after=2023-07-30T00:00:00+00:00
[2023-07-30T19:21:46.008+0300] {processor.py:179} INFO - Processing /Users/olgastash/neoflex_env_airflow/lib/python3.10/site-packages/airflow/example_dags/example_branch_operator.py took 1.062 seconds
[2023-07-30T19:25:47.160+0300] {processor.py:157} INFO - Started process (PID=31423) to work on /Users/olgastash/neoflex_env_airflow/lib/python3.10/site-packages/airflow/example_dags/example_branch_operator.py
[2023-07-30T19:25:47.161+0300] {processor.py:826} INFO - Processing file /Users/olgastash/neoflex_env_airflow/lib/python3.10/site-packages/airflow/example_dags/example_branch_operator.py for tasks to queue
[2023-07-30T19:25:47.162+0300] {logging_mixin.py:150} INFO - [2023-07-30T19:25:47.162+0300] {dagbag.py:541} INFO - Filling up the DagBag from /Users/olgastash/neoflex_env_airflow/lib/python3.10/site-packages/airflow/example_dags/example_branch_operator.py
[2023-07-30T19:25:47.200+0300] {processor.py:836} INFO - DAG(s) dict_keys(['example_branch_operator']) retrieved from /Users/olgastash/neoflex_env_airflow/lib/python3.10/site-packages/airflow/example_dags/example_branch_operator.py
[2023-07-30T19:25:48.154+0300] {logging_mixin.py:150} INFO - [2023-07-30T19:25:48.154+0300] {dag.py:2742} INFO - Sync 1 DAGs
[2023-07-30T19:25:48.175+0300] {logging_mixin.py:150} INFO - [2023-07-30T19:25:48.175+0300] {dag.py:3504} INFO - Setting next_dagrun for example_branch_operator to 2023-07-29T00:00:00+00:00, run_after=2023-07-30T00:00:00+00:00
[2023-07-30T19:25:48.196+0300] {processor.py:179} INFO - Processing /Users/olgastash/neoflex_env_airflow/lib/python3.10/site-packages/airflow/example_dags/example_branch_operator.py took 1.036 seconds
[2023-07-30T19:59:09.340+0300] {processor.py:157} INFO - Started process (PID=31603) to work on /Users/olgastash/neoflex_env_airflow/lib/python3.10/site-packages/airflow/example_dags/example_branch_operator.py
[2023-07-30T19:59:09.344+0300] {processor.py:826} INFO - Processing file /Users/olgastash/neoflex_env_airflow/lib/python3.10/site-packages/airflow/example_dags/example_branch_operator.py for tasks to queue
[2023-07-30T19:59:09.346+0300] {logging_mixin.py:150} INFO - [2023-07-30T19:59:09.345+0300] {dagbag.py:541} INFO - Filling up the DagBag from /Users/olgastash/neoflex_env_airflow/lib/python3.10/site-packages/airflow/example_dags/example_branch_operator.py
[2023-07-30T19:59:09.471+0300] {processor.py:836} INFO - DAG(s) dict_keys(['example_branch_operator']) retrieved from /Users/olgastash/neoflex_env_airflow/lib/python3.10/site-packages/airflow/example_dags/example_branch_operator.py
[2023-07-30T19:59:12.556+0300] {logging_mixin.py:150} INFO - [2023-07-30T19:59:12.555+0300] {dag.py:2742} INFO - Sync 1 DAGs
[2023-07-30T19:59:12.622+0300] {logging_mixin.py:150} INFO - [2023-07-30T19:59:12.621+0300] {dag.py:3504} INFO - Setting next_dagrun for example_branch_operator to 2023-07-29T00:00:00+00:00, run_after=2023-07-30T00:00:00+00:00
[2023-07-30T19:59:12.685+0300] {processor.py:179} INFO - Processing /Users/olgastash/neoflex_env_airflow/lib/python3.10/site-packages/airflow/example_dags/example_branch_operator.py took 3.346 seconds
[2023-07-30T20:12:28.690+0300] {processor.py:157} INFO - Started process (PID=31803) to work on /Users/olgastash/neoflex_env_airflow/lib/python3.10/site-packages/airflow/example_dags/example_branch_operator.py
[2023-07-30T20:12:28.691+0300] {processor.py:826} INFO - Processing file /Users/olgastash/neoflex_env_airflow/lib/python3.10/site-packages/airflow/example_dags/example_branch_operator.py for tasks to queue
[2023-07-30T20:12:28.691+0300] {logging_mixin.py:150} INFO - [2023-07-30T20:12:28.691+0300] {dagbag.py:541} INFO - Filling up the DagBag from /Users/olgastash/neoflex_env_airflow/lib/python3.10/site-packages/airflow/example_dags/example_branch_operator.py
[2023-07-30T20:12:28.731+0300] {processor.py:836} INFO - DAG(s) dict_keys(['example_branch_operator']) retrieved from /Users/olgastash/neoflex_env_airflow/lib/python3.10/site-packages/airflow/example_dags/example_branch_operator.py
[2023-07-30T20:12:29.787+0300] {logging_mixin.py:150} INFO - [2023-07-30T20:12:29.786+0300] {dag.py:2742} INFO - Sync 1 DAGs
[2023-07-30T20:12:29.809+0300] {logging_mixin.py:150} INFO - [2023-07-30T20:12:29.808+0300] {dag.py:3504} INFO - Setting next_dagrun for example_branch_operator to 2023-07-29T00:00:00+00:00, run_after=2023-07-30T00:00:00+00:00
[2023-07-30T20:12:29.832+0300] {processor.py:179} INFO - Processing /Users/olgastash/neoflex_env_airflow/lib/python3.10/site-packages/airflow/example_dags/example_branch_operator.py took 1.143 seconds
[2023-07-30T20:16:49.089+0300] {processor.py:157} INFO - Started process (PID=32020) to work on /Users/olgastash/neoflex_env_airflow/lib/python3.10/site-packages/airflow/example_dags/example_branch_operator.py
[2023-07-30T20:16:49.090+0300] {processor.py:826} INFO - Processing file /Users/olgastash/neoflex_env_airflow/lib/python3.10/site-packages/airflow/example_dags/example_branch_operator.py for tasks to queue
[2023-07-30T20:16:49.090+0300] {logging_mixin.py:150} INFO - [2023-07-30T20:16:49.090+0300] {dagbag.py:541} INFO - Filling up the DagBag from /Users/olgastash/neoflex_env_airflow/lib/python3.10/site-packages/airflow/example_dags/example_branch_operator.py
[2023-07-30T20:16:49.135+0300] {processor.py:836} INFO - DAG(s) dict_keys(['example_branch_operator']) retrieved from /Users/olgastash/neoflex_env_airflow/lib/python3.10/site-packages/airflow/example_dags/example_branch_operator.py
[2023-07-30T20:16:50.150+0300] {logging_mixin.py:150} INFO - [2023-07-30T20:16:50.149+0300] {dag.py:2742} INFO - Sync 1 DAGs
[2023-07-30T20:16:50.172+0300] {logging_mixin.py:150} INFO - [2023-07-30T20:16:50.172+0300] {dag.py:3504} INFO - Setting next_dagrun for example_branch_operator to 2023-07-29T00:00:00+00:00, run_after=2023-07-30T00:00:00+00:00
[2023-07-30T20:16:50.192+0300] {processor.py:179} INFO - Processing /Users/olgastash/neoflex_env_airflow/lib/python3.10/site-packages/airflow/example_dags/example_branch_operator.py took 1.104 seconds
[2023-07-30T20:21:25.469+0300] {processor.py:157} INFO - Started process (PID=32238) to work on /Users/olgastash/neoflex_env_airflow/lib/python3.10/site-packages/airflow/example_dags/example_branch_operator.py
[2023-07-30T20:21:25.470+0300] {processor.py:826} INFO - Processing file /Users/olgastash/neoflex_env_airflow/lib/python3.10/site-packages/airflow/example_dags/example_branch_operator.py for tasks to queue
[2023-07-30T20:21:25.471+0300] {logging_mixin.py:150} INFO - [2023-07-30T20:21:25.471+0300] {dagbag.py:541} INFO - Filling up the DagBag from /Users/olgastash/neoflex_env_airflow/lib/python3.10/site-packages/airflow/example_dags/example_branch_operator.py
[2023-07-30T20:21:25.511+0300] {processor.py:836} INFO - DAG(s) dict_keys(['example_branch_operator']) retrieved from /Users/olgastash/neoflex_env_airflow/lib/python3.10/site-packages/airflow/example_dags/example_branch_operator.py
[2023-07-30T20:21:26.473+0300] {logging_mixin.py:150} INFO - [2023-07-30T20:21:26.473+0300] {dag.py:2742} INFO - Sync 1 DAGs
[2023-07-30T20:21:26.494+0300] {logging_mixin.py:150} INFO - [2023-07-30T20:21:26.494+0300] {dag.py:3504} INFO - Setting next_dagrun for example_branch_operator to 2023-07-29T00:00:00+00:00, run_after=2023-07-30T00:00:00+00:00
[2023-07-30T20:21:26.513+0300] {processor.py:179} INFO - Processing /Users/olgastash/neoflex_env_airflow/lib/python3.10/site-packages/airflow/example_dags/example_branch_operator.py took 1.045 seconds
[2023-07-30T20:25:47.029+0300] {processor.py:157} INFO - Started process (PID=32539) to work on /Users/olgastash/neoflex_env_airflow/lib/python3.10/site-packages/airflow/example_dags/example_branch_operator.py
[2023-07-30T20:25:47.030+0300] {processor.py:826} INFO - Processing file /Users/olgastash/neoflex_env_airflow/lib/python3.10/site-packages/airflow/example_dags/example_branch_operator.py for tasks to queue
[2023-07-30T20:25:47.030+0300] {logging_mixin.py:150} INFO - [2023-07-30T20:25:47.030+0300] {dagbag.py:541} INFO - Filling up the DagBag from /Users/olgastash/neoflex_env_airflow/lib/python3.10/site-packages/airflow/example_dags/example_branch_operator.py
[2023-07-30T20:25:47.071+0300] {processor.py:836} INFO - DAG(s) dict_keys(['example_branch_operator']) retrieved from /Users/olgastash/neoflex_env_airflow/lib/python3.10/site-packages/airflow/example_dags/example_branch_operator.py
[2023-07-30T20:25:48.073+0300] {logging_mixin.py:150} INFO - [2023-07-30T20:25:48.073+0300] {dag.py:2742} INFO - Sync 1 DAGs
[2023-07-30T20:25:48.093+0300] {logging_mixin.py:150} INFO - [2023-07-30T20:25:48.093+0300] {dag.py:3504} INFO - Setting next_dagrun for example_branch_operator to 2023-07-29T00:00:00+00:00, run_after=2023-07-30T00:00:00+00:00
[2023-07-30T20:25:48.113+0300] {processor.py:179} INFO - Processing /Users/olgastash/neoflex_env_airflow/lib/python3.10/site-packages/airflow/example_dags/example_branch_operator.py took 1.085 seconds
[2023-07-30T20:30:01.942+0300] {processor.py:157} INFO - Started process (PID=32706) to work on /Users/olgastash/neoflex_env_airflow/lib/python3.10/site-packages/airflow/example_dags/example_branch_operator.py
[2023-07-30T20:30:01.943+0300] {processor.py:826} INFO - Processing file /Users/olgastash/neoflex_env_airflow/lib/python3.10/site-packages/airflow/example_dags/example_branch_operator.py for tasks to queue
[2023-07-30T20:30:01.944+0300] {logging_mixin.py:150} INFO - [2023-07-30T20:30:01.944+0300] {dagbag.py:541} INFO - Filling up the DagBag from /Users/olgastash/neoflex_env_airflow/lib/python3.10/site-packages/airflow/example_dags/example_branch_operator.py
[2023-07-30T20:30:01.987+0300] {processor.py:836} INFO - DAG(s) dict_keys(['example_branch_operator']) retrieved from /Users/olgastash/neoflex_env_airflow/lib/python3.10/site-packages/airflow/example_dags/example_branch_operator.py
[2023-07-30T20:30:03.008+0300] {logging_mixin.py:150} INFO - [2023-07-30T20:30:03.008+0300] {dag.py:2742} INFO - Sync 1 DAGs
[2023-07-30T20:30:03.029+0300] {logging_mixin.py:150} INFO - [2023-07-30T20:30:03.029+0300] {dag.py:3504} INFO - Setting next_dagrun for example_branch_operator to 2023-07-29T00:00:00+00:00, run_after=2023-07-30T00:00:00+00:00
[2023-07-30T20:30:03.050+0300] {processor.py:179} INFO - Processing /Users/olgastash/neoflex_env_airflow/lib/python3.10/site-packages/airflow/example_dags/example_branch_operator.py took 1.109 seconds
[2023-07-30T20:34:21.950+0300] {processor.py:157} INFO - Started process (PID=32965) to work on /Users/olgastash/neoflex_env_airflow/lib/python3.10/site-packages/airflow/example_dags/example_branch_operator.py
[2023-07-30T20:34:21.951+0300] {processor.py:826} INFO - Processing file /Users/olgastash/neoflex_env_airflow/lib/python3.10/site-packages/airflow/example_dags/example_branch_operator.py for tasks to queue
[2023-07-30T20:34:21.952+0300] {logging_mixin.py:150} INFO - [2023-07-30T20:34:21.952+0300] {dagbag.py:541} INFO - Filling up the DagBag from /Users/olgastash/neoflex_env_airflow/lib/python3.10/site-packages/airflow/example_dags/example_branch_operator.py
[2023-07-30T20:34:21.993+0300] {processor.py:836} INFO - DAG(s) dict_keys(['example_branch_operator']) retrieved from /Users/olgastash/neoflex_env_airflow/lib/python3.10/site-packages/airflow/example_dags/example_branch_operator.py
[2023-07-30T20:34:22.884+0300] {logging_mixin.py:150} INFO - [2023-07-30T20:34:22.883+0300] {dag.py:2742} INFO - Sync 1 DAGs
[2023-07-30T20:34:22.905+0300] {logging_mixin.py:150} INFO - [2023-07-30T20:34:22.905+0300] {dag.py:3504} INFO - Setting next_dagrun for example_branch_operator to 2023-07-29T00:00:00+00:00, run_after=2023-07-30T00:00:00+00:00
[2023-07-30T20:34:22.923+0300] {processor.py:179} INFO - Processing /Users/olgastash/neoflex_env_airflow/lib/python3.10/site-packages/airflow/example_dags/example_branch_operator.py took 0.974 seconds
[2023-07-30T20:38:39.325+0300] {processor.py:157} INFO - Started process (PID=33226) to work on /Users/olgastash/neoflex_env_airflow/lib/python3.10/site-packages/airflow/example_dags/example_branch_operator.py
[2023-07-30T20:38:39.326+0300] {processor.py:826} INFO - Processing file /Users/olgastash/neoflex_env_airflow/lib/python3.10/site-packages/airflow/example_dags/example_branch_operator.py for tasks to queue
[2023-07-30T20:38:39.327+0300] {logging_mixin.py:150} INFO - [2023-07-30T20:38:39.326+0300] {dagbag.py:541} INFO - Filling up the DagBag from /Users/olgastash/neoflex_env_airflow/lib/python3.10/site-packages/airflow/example_dags/example_branch_operator.py
[2023-07-30T20:38:39.366+0300] {processor.py:836} INFO - DAG(s) dict_keys(['example_branch_operator']) retrieved from /Users/olgastash/neoflex_env_airflow/lib/python3.10/site-packages/airflow/example_dags/example_branch_operator.py
[2023-07-30T20:38:40.382+0300] {logging_mixin.py:150} INFO - [2023-07-30T20:38:40.382+0300] {dag.py:2742} INFO - Sync 1 DAGs
[2023-07-30T20:38:40.402+0300] {logging_mixin.py:150} INFO - [2023-07-30T20:38:40.402+0300] {dag.py:3504} INFO - Setting next_dagrun for example_branch_operator to 2023-07-29T00:00:00+00:00, run_after=2023-07-30T00:00:00+00:00
[2023-07-30T20:38:40.422+0300] {processor.py:179} INFO - Processing /Users/olgastash/neoflex_env_airflow/lib/python3.10/site-packages/airflow/example_dags/example_branch_operator.py took 1.098 seconds
[2023-07-30T20:42:57.409+0300] {processor.py:157} INFO - Started process (PID=33462) to work on /Users/olgastash/neoflex_env_airflow/lib/python3.10/site-packages/airflow/example_dags/example_branch_operator.py
[2023-07-30T20:42:57.410+0300] {processor.py:826} INFO - Processing file /Users/olgastash/neoflex_env_airflow/lib/python3.10/site-packages/airflow/example_dags/example_branch_operator.py for tasks to queue
[2023-07-30T20:42:57.410+0300] {logging_mixin.py:150} INFO - [2023-07-30T20:42:57.410+0300] {dagbag.py:541} INFO - Filling up the DagBag from /Users/olgastash/neoflex_env_airflow/lib/python3.10/site-packages/airflow/example_dags/example_branch_operator.py
[2023-07-30T20:42:57.451+0300] {processor.py:836} INFO - DAG(s) dict_keys(['example_branch_operator']) retrieved from /Users/olgastash/neoflex_env_airflow/lib/python3.10/site-packages/airflow/example_dags/example_branch_operator.py
[2023-07-30T20:42:58.479+0300] {logging_mixin.py:150} INFO - [2023-07-30T20:42:58.479+0300] {dag.py:2742} INFO - Sync 1 DAGs
[2023-07-30T20:42:58.500+0300] {logging_mixin.py:150} INFO - [2023-07-30T20:42:58.500+0300] {dag.py:3504} INFO - Setting next_dagrun for example_branch_operator to 2023-07-29T00:00:00+00:00, run_after=2023-07-30T00:00:00+00:00
[2023-07-30T20:42:58.521+0300] {processor.py:179} INFO - Processing /Users/olgastash/neoflex_env_airflow/lib/python3.10/site-packages/airflow/example_dags/example_branch_operator.py took 1.113 seconds
[2023-07-30T20:47:14.739+0300] {processor.py:157} INFO - Started process (PID=33716) to work on /Users/olgastash/neoflex_env_airflow/lib/python3.10/site-packages/airflow/example_dags/example_branch_operator.py
[2023-07-30T20:47:14.740+0300] {processor.py:826} INFO - Processing file /Users/olgastash/neoflex_env_airflow/lib/python3.10/site-packages/airflow/example_dags/example_branch_operator.py for tasks to queue
[2023-07-30T20:47:14.741+0300] {logging_mixin.py:150} INFO - [2023-07-30T20:47:14.740+0300] {dagbag.py:541} INFO - Filling up the DagBag from /Users/olgastash/neoflex_env_airflow/lib/python3.10/site-packages/airflow/example_dags/example_branch_operator.py
[2023-07-30T20:47:14.781+0300] {processor.py:836} INFO - DAG(s) dict_keys(['example_branch_operator']) retrieved from /Users/olgastash/neoflex_env_airflow/lib/python3.10/site-packages/airflow/example_dags/example_branch_operator.py
[2023-07-30T20:47:15.771+0300] {logging_mixin.py:150} INFO - [2023-07-30T20:47:15.771+0300] {dag.py:2742} INFO - Sync 1 DAGs
[2023-07-30T20:47:15.791+0300] {logging_mixin.py:150} INFO - [2023-07-30T20:47:15.791+0300] {dag.py:3504} INFO - Setting next_dagrun for example_branch_operator to 2023-07-29T00:00:00+00:00, run_after=2023-07-30T00:00:00+00:00
[2023-07-30T20:47:15.811+0300] {processor.py:179} INFO - Processing /Users/olgastash/neoflex_env_airflow/lib/python3.10/site-packages/airflow/example_dags/example_branch_operator.py took 1.073 seconds
[2023-07-30T20:51:35.932+0300] {processor.py:157} INFO - Started process (PID=33946) to work on /Users/olgastash/neoflex_env_airflow/lib/python3.10/site-packages/airflow/example_dags/example_branch_operator.py
[2023-07-30T20:51:35.933+0300] {processor.py:826} INFO - Processing file /Users/olgastash/neoflex_env_airflow/lib/python3.10/site-packages/airflow/example_dags/example_branch_operator.py for tasks to queue
[2023-07-30T20:51:35.934+0300] {logging_mixin.py:150} INFO - [2023-07-30T20:51:35.934+0300] {dagbag.py:541} INFO - Filling up the DagBag from /Users/olgastash/neoflex_env_airflow/lib/python3.10/site-packages/airflow/example_dags/example_branch_operator.py
[2023-07-30T20:51:35.974+0300] {processor.py:836} INFO - DAG(s) dict_keys(['example_branch_operator']) retrieved from /Users/olgastash/neoflex_env_airflow/lib/python3.10/site-packages/airflow/example_dags/example_branch_operator.py
[2023-07-30T20:51:36.956+0300] {logging_mixin.py:150} INFO - [2023-07-30T20:51:36.956+0300] {dag.py:2742} INFO - Sync 1 DAGs
[2023-07-30T20:51:36.976+0300] {logging_mixin.py:150} INFO - [2023-07-30T20:51:36.976+0300] {dag.py:3504} INFO - Setting next_dagrun for example_branch_operator to 2023-07-29T00:00:00+00:00, run_after=2023-07-30T00:00:00+00:00
[2023-07-30T20:51:36.996+0300] {processor.py:179} INFO - Processing /Users/olgastash/neoflex_env_airflow/lib/python3.10/site-packages/airflow/example_dags/example_branch_operator.py took 1.065 seconds
[2023-07-30T20:56:07.403+0300] {processor.py:157} INFO - Started process (PID=34165) to work on /Users/olgastash/neoflex_env_airflow/lib/python3.10/site-packages/airflow/example_dags/example_branch_operator.py
[2023-07-30T20:56:07.404+0300] {processor.py:826} INFO - Processing file /Users/olgastash/neoflex_env_airflow/lib/python3.10/site-packages/airflow/example_dags/example_branch_operator.py for tasks to queue
[2023-07-30T20:56:07.405+0300] {logging_mixin.py:150} INFO - [2023-07-30T20:56:07.405+0300] {dagbag.py:541} INFO - Filling up the DagBag from /Users/olgastash/neoflex_env_airflow/lib/python3.10/site-packages/airflow/example_dags/example_branch_operator.py
[2023-07-30T20:56:07.445+0300] {processor.py:836} INFO - DAG(s) dict_keys(['example_branch_operator']) retrieved from /Users/olgastash/neoflex_env_airflow/lib/python3.10/site-packages/airflow/example_dags/example_branch_operator.py
[2023-07-30T20:56:08.434+0300] {logging_mixin.py:150} INFO - [2023-07-30T20:56:08.434+0300] {dag.py:2742} INFO - Sync 1 DAGs
[2023-07-30T20:56:08.454+0300] {logging_mixin.py:150} INFO - [2023-07-30T20:56:08.453+0300] {dag.py:3504} INFO - Setting next_dagrun for example_branch_operator to 2023-07-29T00:00:00+00:00, run_after=2023-07-30T00:00:00+00:00
[2023-07-30T20:56:08.473+0300] {processor.py:179} INFO - Processing /Users/olgastash/neoflex_env_airflow/lib/python3.10/site-packages/airflow/example_dags/example_branch_operator.py took 1.071 seconds
[2023-07-30T21:00:34.608+0300] {processor.py:157} INFO - Started process (PID=34359) to work on /Users/olgastash/neoflex_env_airflow/lib/python3.10/site-packages/airflow/example_dags/example_branch_operator.py
[2023-07-30T21:00:34.609+0300] {processor.py:826} INFO - Processing file /Users/olgastash/neoflex_env_airflow/lib/python3.10/site-packages/airflow/example_dags/example_branch_operator.py for tasks to queue
[2023-07-30T21:00:34.610+0300] {logging_mixin.py:150} INFO - [2023-07-30T21:00:34.610+0300] {dagbag.py:541} INFO - Filling up the DagBag from /Users/olgastash/neoflex_env_airflow/lib/python3.10/site-packages/airflow/example_dags/example_branch_operator.py
[2023-07-30T21:00:34.650+0300] {processor.py:836} INFO - DAG(s) dict_keys(['example_branch_operator']) retrieved from /Users/olgastash/neoflex_env_airflow/lib/python3.10/site-packages/airflow/example_dags/example_branch_operator.py
[2023-07-30T21:00:35.665+0300] {logging_mixin.py:150} INFO - [2023-07-30T21:00:35.664+0300] {dag.py:2742} INFO - Sync 1 DAGs
[2023-07-30T21:00:35.687+0300] {logging_mixin.py:150} INFO - [2023-07-30T21:00:35.686+0300] {dag.py:3504} INFO - Setting next_dagrun for example_branch_operator to 2023-07-29T00:00:00+00:00, run_after=2023-07-30T00:00:00+00:00
[2023-07-30T21:00:35.707+0300] {processor.py:179} INFO - Processing /Users/olgastash/neoflex_env_airflow/lib/python3.10/site-packages/airflow/example_dags/example_branch_operator.py took 1.100 seconds
[2023-07-30T21:05:04.851+0300] {processor.py:157} INFO - Started process (PID=34527) to work on /Users/olgastash/neoflex_env_airflow/lib/python3.10/site-packages/airflow/example_dags/example_branch_operator.py
[2023-07-30T21:05:04.853+0300] {processor.py:826} INFO - Processing file /Users/olgastash/neoflex_env_airflow/lib/python3.10/site-packages/airflow/example_dags/example_branch_operator.py for tasks to queue
[2023-07-30T21:05:04.853+0300] {logging_mixin.py:150} INFO - [2023-07-30T21:05:04.853+0300] {dagbag.py:541} INFO - Filling up the DagBag from /Users/olgastash/neoflex_env_airflow/lib/python3.10/site-packages/airflow/example_dags/example_branch_operator.py
[2023-07-30T21:05:04.894+0300] {processor.py:836} INFO - DAG(s) dict_keys(['example_branch_operator']) retrieved from /Users/olgastash/neoflex_env_airflow/lib/python3.10/site-packages/airflow/example_dags/example_branch_operator.py
[2023-07-30T21:05:05.945+0300] {logging_mixin.py:150} INFO - [2023-07-30T21:05:05.944+0300] {dag.py:2742} INFO - Sync 1 DAGs
[2023-07-30T21:05:05.968+0300] {logging_mixin.py:150} INFO - [2023-07-30T21:05:05.968+0300] {dag.py:3504} INFO - Setting next_dagrun for example_branch_operator to 2023-07-29T00:00:00+00:00, run_after=2023-07-30T00:00:00+00:00
[2023-07-30T21:05:05.991+0300] {processor.py:179} INFO - Processing /Users/olgastash/neoflex_env_airflow/lib/python3.10/site-packages/airflow/example_dags/example_branch_operator.py took 1.140 seconds
[2023-07-30T21:09:37.562+0300] {processor.py:157} INFO - Started process (PID=34732) to work on /Users/olgastash/neoflex_env_airflow/lib/python3.10/site-packages/airflow/example_dags/example_branch_operator.py
[2023-07-30T21:09:37.565+0300] {processor.py:826} INFO - Processing file /Users/olgastash/neoflex_env_airflow/lib/python3.10/site-packages/airflow/example_dags/example_branch_operator.py for tasks to queue
[2023-07-30T21:09:37.565+0300] {logging_mixin.py:150} INFO - [2023-07-30T21:09:37.565+0300] {dagbag.py:541} INFO - Filling up the DagBag from /Users/olgastash/neoflex_env_airflow/lib/python3.10/site-packages/airflow/example_dags/example_branch_operator.py
[2023-07-30T21:09:37.607+0300] {processor.py:836} INFO - DAG(s) dict_keys(['example_branch_operator']) retrieved from /Users/olgastash/neoflex_env_airflow/lib/python3.10/site-packages/airflow/example_dags/example_branch_operator.py
[2023-07-30T21:09:38.530+0300] {logging_mixin.py:150} INFO - [2023-07-30T21:09:38.529+0300] {dag.py:2742} INFO - Sync 1 DAGs
[2023-07-30T21:09:38.552+0300] {logging_mixin.py:150} INFO - [2023-07-30T21:09:38.552+0300] {dag.py:3504} INFO - Setting next_dagrun for example_branch_operator to 2023-07-29T00:00:00+00:00, run_after=2023-07-30T00:00:00+00:00
[2023-07-30T21:09:38.573+0300] {processor.py:179} INFO - Processing /Users/olgastash/neoflex_env_airflow/lib/python3.10/site-packages/airflow/example_dags/example_branch_operator.py took 1.013 seconds
[2023-07-30T21:14:11.270+0300] {processor.py:157} INFO - Started process (PID=34983) to work on /Users/olgastash/neoflex_env_airflow/lib/python3.10/site-packages/airflow/example_dags/example_branch_operator.py
[2023-07-30T21:14:11.271+0300] {processor.py:826} INFO - Processing file /Users/olgastash/neoflex_env_airflow/lib/python3.10/site-packages/airflow/example_dags/example_branch_operator.py for tasks to queue
[2023-07-30T21:14:11.272+0300] {logging_mixin.py:150} INFO - [2023-07-30T21:14:11.272+0300] {dagbag.py:541} INFO - Filling up the DagBag from /Users/olgastash/neoflex_env_airflow/lib/python3.10/site-packages/airflow/example_dags/example_branch_operator.py
[2023-07-30T21:14:11.317+0300] {processor.py:836} INFO - DAG(s) dict_keys(['example_branch_operator']) retrieved from /Users/olgastash/neoflex_env_airflow/lib/python3.10/site-packages/airflow/example_dags/example_branch_operator.py
[2023-07-30T21:14:12.447+0300] {logging_mixin.py:150} INFO - [2023-07-30T21:14:12.447+0300] {dag.py:2742} INFO - Sync 1 DAGs
[2023-07-30T21:14:12.470+0300] {logging_mixin.py:150} INFO - [2023-07-30T21:14:12.470+0300] {dag.py:3504} INFO - Setting next_dagrun for example_branch_operator to 2023-07-29T00:00:00+00:00, run_after=2023-07-30T00:00:00+00:00
[2023-07-30T21:14:12.495+0300] {processor.py:179} INFO - Processing /Users/olgastash/neoflex_env_airflow/lib/python3.10/site-packages/airflow/example_dags/example_branch_operator.py took 1.226 seconds
[2023-07-30T21:18:49.438+0300] {processor.py:157} INFO - Started process (PID=35161) to work on /Users/olgastash/neoflex_env_airflow/lib/python3.10/site-packages/airflow/example_dags/example_branch_operator.py
[2023-07-30T21:18:49.440+0300] {processor.py:826} INFO - Processing file /Users/olgastash/neoflex_env_airflow/lib/python3.10/site-packages/airflow/example_dags/example_branch_operator.py for tasks to queue
[2023-07-30T21:18:49.440+0300] {logging_mixin.py:150} INFO - [2023-07-30T21:18:49.440+0300] {dagbag.py:541} INFO - Filling up the DagBag from /Users/olgastash/neoflex_env_airflow/lib/python3.10/site-packages/airflow/example_dags/example_branch_operator.py
[2023-07-30T21:18:49.482+0300] {processor.py:836} INFO - DAG(s) dict_keys(['example_branch_operator']) retrieved from /Users/olgastash/neoflex_env_airflow/lib/python3.10/site-packages/airflow/example_dags/example_branch_operator.py
[2023-07-30T21:18:50.529+0300] {logging_mixin.py:150} INFO - [2023-07-30T21:18:50.528+0300] {dag.py:2742} INFO - Sync 1 DAGs
[2023-07-30T21:18:50.548+0300] {logging_mixin.py:150} INFO - [2023-07-30T21:18:50.548+0300] {dag.py:3504} INFO - Setting next_dagrun for example_branch_operator to 2023-07-29T00:00:00+00:00, run_after=2023-07-30T00:00:00+00:00
[2023-07-30T21:18:50.571+0300] {processor.py:179} INFO - Processing /Users/olgastash/neoflex_env_airflow/lib/python3.10/site-packages/airflow/example_dags/example_branch_operator.py took 1.133 seconds
[2023-07-30T21:23:08.706+0300] {processor.py:157} INFO - Started process (PID=35336) to work on /Users/olgastash/neoflex_env_airflow/lib/python3.10/site-packages/airflow/example_dags/example_branch_operator.py
[2023-07-30T21:23:08.707+0300] {processor.py:826} INFO - Processing file /Users/olgastash/neoflex_env_airflow/lib/python3.10/site-packages/airflow/example_dags/example_branch_operator.py for tasks to queue
[2023-07-30T21:23:08.708+0300] {logging_mixin.py:150} INFO - [2023-07-30T21:23:08.707+0300] {dagbag.py:541} INFO - Filling up the DagBag from /Users/olgastash/neoflex_env_airflow/lib/python3.10/site-packages/airflow/example_dags/example_branch_operator.py
[2023-07-30T21:23:08.748+0300] {processor.py:836} INFO - DAG(s) dict_keys(['example_branch_operator']) retrieved from /Users/olgastash/neoflex_env_airflow/lib/python3.10/site-packages/airflow/example_dags/example_branch_operator.py
[2023-07-30T21:23:09.755+0300] {logging_mixin.py:150} INFO - [2023-07-30T21:23:09.755+0300] {dag.py:2742} INFO - Sync 1 DAGs
[2023-07-30T21:23:09.774+0300] {logging_mixin.py:150} INFO - [2023-07-30T21:23:09.774+0300] {dag.py:3504} INFO - Setting next_dagrun for example_branch_operator to 2023-07-29T00:00:00+00:00, run_after=2023-07-30T00:00:00+00:00
[2023-07-30T21:23:09.796+0300] {processor.py:179} INFO - Processing /Users/olgastash/neoflex_env_airflow/lib/python3.10/site-packages/airflow/example_dags/example_branch_operator.py took 1.090 seconds
[2023-07-30T21:27:28.218+0300] {processor.py:157} INFO - Started process (PID=35553) to work on /Users/olgastash/neoflex_env_airflow/lib/python3.10/site-packages/airflow/example_dags/example_branch_operator.py
[2023-07-30T21:27:28.219+0300] {processor.py:826} INFO - Processing file /Users/olgastash/neoflex_env_airflow/lib/python3.10/site-packages/airflow/example_dags/example_branch_operator.py for tasks to queue
[2023-07-30T21:27:28.220+0300] {logging_mixin.py:150} INFO - [2023-07-30T21:27:28.219+0300] {dagbag.py:541} INFO - Filling up the DagBag from /Users/olgastash/neoflex_env_airflow/lib/python3.10/site-packages/airflow/example_dags/example_branch_operator.py
[2023-07-30T21:27:28.264+0300] {processor.py:836} INFO - DAG(s) dict_keys(['example_branch_operator']) retrieved from /Users/olgastash/neoflex_env_airflow/lib/python3.10/site-packages/airflow/example_dags/example_branch_operator.py
[2023-07-30T21:27:29.268+0300] {logging_mixin.py:150} INFO - [2023-07-30T21:27:29.268+0300] {dag.py:2742} INFO - Sync 1 DAGs
[2023-07-30T21:27:29.287+0300] {logging_mixin.py:150} INFO - [2023-07-30T21:27:29.287+0300] {dag.py:3504} INFO - Setting next_dagrun for example_branch_operator to 2023-07-29T00:00:00+00:00, run_after=2023-07-30T00:00:00+00:00
[2023-07-30T21:27:29.309+0300] {processor.py:179} INFO - Processing /Users/olgastash/neoflex_env_airflow/lib/python3.10/site-packages/airflow/example_dags/example_branch_operator.py took 1.092 seconds
[2023-07-30T21:31:43.132+0300] {processor.py:157} INFO - Started process (PID=35721) to work on /Users/olgastash/neoflex_env_airflow/lib/python3.10/site-packages/airflow/example_dags/example_branch_operator.py
[2023-07-30T21:31:43.133+0300] {processor.py:826} INFO - Processing file /Users/olgastash/neoflex_env_airflow/lib/python3.10/site-packages/airflow/example_dags/example_branch_operator.py for tasks to queue
[2023-07-30T21:31:43.134+0300] {logging_mixin.py:150} INFO - [2023-07-30T21:31:43.134+0300] {dagbag.py:541} INFO - Filling up the DagBag from /Users/olgastash/neoflex_env_airflow/lib/python3.10/site-packages/airflow/example_dags/example_branch_operator.py
[2023-07-30T21:31:43.173+0300] {processor.py:836} INFO - DAG(s) dict_keys(['example_branch_operator']) retrieved from /Users/olgastash/neoflex_env_airflow/lib/python3.10/site-packages/airflow/example_dags/example_branch_operator.py
[2023-07-30T21:31:44.138+0300] {logging_mixin.py:150} INFO - [2023-07-30T21:31:44.138+0300] {dag.py:2742} INFO - Sync 1 DAGs
[2023-07-30T21:31:44.157+0300] {logging_mixin.py:150} INFO - [2023-07-30T21:31:44.157+0300] {dag.py:3504} INFO - Setting next_dagrun for example_branch_operator to 2023-07-29T00:00:00+00:00, run_after=2023-07-30T00:00:00+00:00
[2023-07-30T21:31:44.179+0300] {processor.py:179} INFO - Processing /Users/olgastash/neoflex_env_airflow/lib/python3.10/site-packages/airflow/example_dags/example_branch_operator.py took 1.048 seconds
[2023-07-30T21:36:01.669+0300] {processor.py:157} INFO - Started process (PID=35926) to work on /Users/olgastash/neoflex_env_airflow/lib/python3.10/site-packages/airflow/example_dags/example_branch_operator.py
[2023-07-30T21:36:01.670+0300] {processor.py:826} INFO - Processing file /Users/olgastash/neoflex_env_airflow/lib/python3.10/site-packages/airflow/example_dags/example_branch_operator.py for tasks to queue
[2023-07-30T21:36:01.671+0300] {logging_mixin.py:150} INFO - [2023-07-30T21:36:01.671+0300] {dagbag.py:541} INFO - Filling up the DagBag from /Users/olgastash/neoflex_env_airflow/lib/python3.10/site-packages/airflow/example_dags/example_branch_operator.py
[2023-07-30T21:36:01.711+0300] {processor.py:836} INFO - DAG(s) dict_keys(['example_branch_operator']) retrieved from /Users/olgastash/neoflex_env_airflow/lib/python3.10/site-packages/airflow/example_dags/example_branch_operator.py
[2023-07-30T21:36:02.737+0300] {logging_mixin.py:150} INFO - [2023-07-30T21:36:02.737+0300] {dag.py:2742} INFO - Sync 1 DAGs
[2023-07-30T21:36:02.758+0300] {logging_mixin.py:150} INFO - [2023-07-30T21:36:02.758+0300] {dag.py:3504} INFO - Setting next_dagrun for example_branch_operator to 2023-07-29T00:00:00+00:00, run_after=2023-07-30T00:00:00+00:00
[2023-07-30T21:36:02.780+0300] {processor.py:179} INFO - Processing /Users/olgastash/neoflex_env_airflow/lib/python3.10/site-packages/airflow/example_dags/example_branch_operator.py took 1.112 seconds
[2023-07-30T21:40:21.657+0300] {processor.py:157} INFO - Started process (PID=36144) to work on /Users/olgastash/neoflex_env_airflow/lib/python3.10/site-packages/airflow/example_dags/example_branch_operator.py
[2023-07-30T21:40:21.658+0300] {processor.py:826} INFO - Processing file /Users/olgastash/neoflex_env_airflow/lib/python3.10/site-packages/airflow/example_dags/example_branch_operator.py for tasks to queue
[2023-07-30T21:40:21.658+0300] {logging_mixin.py:150} INFO - [2023-07-30T21:40:21.658+0300] {dagbag.py:541} INFO - Filling up the DagBag from /Users/olgastash/neoflex_env_airflow/lib/python3.10/site-packages/airflow/example_dags/example_branch_operator.py
[2023-07-30T21:40:21.697+0300] {processor.py:836} INFO - DAG(s) dict_keys(['example_branch_operator']) retrieved from /Users/olgastash/neoflex_env_airflow/lib/python3.10/site-packages/airflow/example_dags/example_branch_operator.py
[2023-07-30T21:40:22.673+0300] {logging_mixin.py:150} INFO - [2023-07-30T21:40:22.673+0300] {dag.py:2742} INFO - Sync 1 DAGs
[2023-07-30T21:40:22.692+0300] {logging_mixin.py:150} INFO - [2023-07-30T21:40:22.692+0300] {dag.py:3504} INFO - Setting next_dagrun for example_branch_operator to 2023-07-29T00:00:00+00:00, run_after=2023-07-30T00:00:00+00:00
[2023-07-30T21:40:22.712+0300] {processor.py:179} INFO - Processing /Users/olgastash/neoflex_env_airflow/lib/python3.10/site-packages/airflow/example_dags/example_branch_operator.py took 1.056 seconds
[2023-07-30T21:44:41.307+0300] {processor.py:157} INFO - Started process (PID=36346) to work on /Users/olgastash/neoflex_env_airflow/lib/python3.10/site-packages/airflow/example_dags/example_branch_operator.py
[2023-07-30T21:44:41.308+0300] {processor.py:826} INFO - Processing file /Users/olgastash/neoflex_env_airflow/lib/python3.10/site-packages/airflow/example_dags/example_branch_operator.py for tasks to queue
[2023-07-30T21:44:41.308+0300] {logging_mixin.py:150} INFO - [2023-07-30T21:44:41.308+0300] {dagbag.py:541} INFO - Filling up the DagBag from /Users/olgastash/neoflex_env_airflow/lib/python3.10/site-packages/airflow/example_dags/example_branch_operator.py
[2023-07-30T21:44:41.350+0300] {processor.py:836} INFO - DAG(s) dict_keys(['example_branch_operator']) retrieved from /Users/olgastash/neoflex_env_airflow/lib/python3.10/site-packages/airflow/example_dags/example_branch_operator.py
[2023-07-30T21:44:42.239+0300] {logging_mixin.py:150} INFO - [2023-07-30T21:44:42.238+0300] {dag.py:2742} INFO - Sync 1 DAGs
[2023-07-30T21:44:42.259+0300] {logging_mixin.py:150} INFO - [2023-07-30T21:44:42.259+0300] {dag.py:3504} INFO - Setting next_dagrun for example_branch_operator to 2023-07-29T00:00:00+00:00, run_after=2023-07-30T00:00:00+00:00
[2023-07-30T21:44:42.278+0300] {processor.py:179} INFO - Processing /Users/olgastash/neoflex_env_airflow/lib/python3.10/site-packages/airflow/example_dags/example_branch_operator.py took 0.972 seconds
[2023-07-30T21:49:01.429+0300] {processor.py:157} INFO - Started process (PID=36519) to work on /Users/olgastash/neoflex_env_airflow/lib/python3.10/site-packages/airflow/example_dags/example_branch_operator.py
[2023-07-30T21:49:01.430+0300] {processor.py:826} INFO - Processing file /Users/olgastash/neoflex_env_airflow/lib/python3.10/site-packages/airflow/example_dags/example_branch_operator.py for tasks to queue
[2023-07-30T21:49:01.431+0300] {logging_mixin.py:150} INFO - [2023-07-30T21:49:01.431+0300] {dagbag.py:541} INFO - Filling up the DagBag from /Users/olgastash/neoflex_env_airflow/lib/python3.10/site-packages/airflow/example_dags/example_branch_operator.py
[2023-07-30T21:49:01.472+0300] {processor.py:836} INFO - DAG(s) dict_keys(['example_branch_operator']) retrieved from /Users/olgastash/neoflex_env_airflow/lib/python3.10/site-packages/airflow/example_dags/example_branch_operator.py
[2023-07-30T21:49:02.492+0300] {logging_mixin.py:150} INFO - [2023-07-30T21:49:02.492+0300] {dag.py:2742} INFO - Sync 1 DAGs
[2023-07-30T21:49:02.512+0300] {logging_mixin.py:150} INFO - [2023-07-30T21:49:02.512+0300] {dag.py:3504} INFO - Setting next_dagrun for example_branch_operator to 2023-07-29T00:00:00+00:00, run_after=2023-07-30T00:00:00+00:00
[2023-07-30T21:49:02.533+0300] {processor.py:179} INFO - Processing /Users/olgastash/neoflex_env_airflow/lib/python3.10/site-packages/airflow/example_dags/example_branch_operator.py took 1.105 seconds
[2023-07-30T21:53:19.947+0300] {processor.py:157} INFO - Started process (PID=36716) to work on /Users/olgastash/neoflex_env_airflow/lib/python3.10/site-packages/airflow/example_dags/example_branch_operator.py
[2023-07-30T21:53:19.948+0300] {processor.py:826} INFO - Processing file /Users/olgastash/neoflex_env_airflow/lib/python3.10/site-packages/airflow/example_dags/example_branch_operator.py for tasks to queue
[2023-07-30T21:53:19.949+0300] {logging_mixin.py:150} INFO - [2023-07-30T21:53:19.948+0300] {dagbag.py:541} INFO - Filling up the DagBag from /Users/olgastash/neoflex_env_airflow/lib/python3.10/site-packages/airflow/example_dags/example_branch_operator.py
[2023-07-30T21:53:19.990+0300] {processor.py:836} INFO - DAG(s) dict_keys(['example_branch_operator']) retrieved from /Users/olgastash/neoflex_env_airflow/lib/python3.10/site-packages/airflow/example_dags/example_branch_operator.py
[2023-07-30T21:53:21.057+0300] {logging_mixin.py:150} INFO - [2023-07-30T21:53:21.057+0300] {dag.py:2742} INFO - Sync 1 DAGs
[2023-07-30T21:53:21.078+0300] {logging_mixin.py:150} INFO - [2023-07-30T21:53:21.078+0300] {dag.py:3504} INFO - Setting next_dagrun for example_branch_operator to 2023-07-29T00:00:00+00:00, run_after=2023-07-30T00:00:00+00:00
[2023-07-30T21:53:21.100+0300] {processor.py:179} INFO - Processing /Users/olgastash/neoflex_env_airflow/lib/python3.10/site-packages/airflow/example_dags/example_branch_operator.py took 1.154 seconds
[2023-07-30T21:57:43.740+0300] {processor.py:157} INFO - Started process (PID=36936) to work on /Users/olgastash/neoflex_env_airflow/lib/python3.10/site-packages/airflow/example_dags/example_branch_operator.py
[2023-07-30T21:57:43.741+0300] {processor.py:826} INFO - Processing file /Users/olgastash/neoflex_env_airflow/lib/python3.10/site-packages/airflow/example_dags/example_branch_operator.py for tasks to queue
[2023-07-30T21:57:43.742+0300] {logging_mixin.py:150} INFO - [2023-07-30T21:57:43.742+0300] {dagbag.py:541} INFO - Filling up the DagBag from /Users/olgastash/neoflex_env_airflow/lib/python3.10/site-packages/airflow/example_dags/example_branch_operator.py
[2023-07-30T21:57:43.781+0300] {processor.py:836} INFO - DAG(s) dict_keys(['example_branch_operator']) retrieved from /Users/olgastash/neoflex_env_airflow/lib/python3.10/site-packages/airflow/example_dags/example_branch_operator.py
[2023-07-30T21:57:44.770+0300] {logging_mixin.py:150} INFO - [2023-07-30T21:57:44.770+0300] {dag.py:2742} INFO - Sync 1 DAGs
[2023-07-30T21:57:44.789+0300] {logging_mixin.py:150} INFO - [2023-07-30T21:57:44.789+0300] {dag.py:3504} INFO - Setting next_dagrun for example_branch_operator to 2023-07-29T00:00:00+00:00, run_after=2023-07-30T00:00:00+00:00
[2023-07-30T21:57:44.810+0300] {processor.py:179} INFO - Processing /Users/olgastash/neoflex_env_airflow/lib/python3.10/site-packages/airflow/example_dags/example_branch_operator.py took 1.070 seconds
[2023-07-30T22:02:09.071+0300] {processor.py:157} INFO - Started process (PID=37132) to work on /Users/olgastash/neoflex_env_airflow/lib/python3.10/site-packages/airflow/example_dags/example_branch_operator.py
[2023-07-30T22:02:09.072+0300] {processor.py:826} INFO - Processing file /Users/olgastash/neoflex_env_airflow/lib/python3.10/site-packages/airflow/example_dags/example_branch_operator.py for tasks to queue
[2023-07-30T22:02:09.073+0300] {logging_mixin.py:150} INFO - [2023-07-30T22:02:09.073+0300] {dagbag.py:541} INFO - Filling up the DagBag from /Users/olgastash/neoflex_env_airflow/lib/python3.10/site-packages/airflow/example_dags/example_branch_operator.py
[2023-07-30T22:02:09.114+0300] {processor.py:836} INFO - DAG(s) dict_keys(['example_branch_operator']) retrieved from /Users/olgastash/neoflex_env_airflow/lib/python3.10/site-packages/airflow/example_dags/example_branch_operator.py
[2023-07-30T22:02:10.163+0300] {logging_mixin.py:150} INFO - [2023-07-30T22:02:10.162+0300] {dag.py:2742} INFO - Sync 1 DAGs
[2023-07-30T22:02:10.184+0300] {logging_mixin.py:150} INFO - [2023-07-30T22:02:10.184+0300] {dag.py:3504} INFO - Setting next_dagrun for example_branch_operator to 2023-07-29T00:00:00+00:00, run_after=2023-07-30T00:00:00+00:00
[2023-07-30T22:02:10.206+0300] {processor.py:179} INFO - Processing /Users/olgastash/neoflex_env_airflow/lib/python3.10/site-packages/airflow/example_dags/example_branch_operator.py took 1.136 seconds
[2023-07-30T22:06:37.807+0300] {processor.py:157} INFO - Started process (PID=37347) to work on /Users/olgastash/neoflex_env_airflow/lib/python3.10/site-packages/airflow/example_dags/example_branch_operator.py
[2023-07-30T22:06:37.808+0300] {processor.py:826} INFO - Processing file /Users/olgastash/neoflex_env_airflow/lib/python3.10/site-packages/airflow/example_dags/example_branch_operator.py for tasks to queue
[2023-07-30T22:06:37.808+0300] {logging_mixin.py:150} INFO - [2023-07-30T22:06:37.808+0300] {dagbag.py:541} INFO - Filling up the DagBag from /Users/olgastash/neoflex_env_airflow/lib/python3.10/site-packages/airflow/example_dags/example_branch_operator.py
[2023-07-30T22:06:37.851+0300] {processor.py:836} INFO - DAG(s) dict_keys(['example_branch_operator']) retrieved from /Users/olgastash/neoflex_env_airflow/lib/python3.10/site-packages/airflow/example_dags/example_branch_operator.py
[2023-07-30T22:06:38.892+0300] {logging_mixin.py:150} INFO - [2023-07-30T22:06:38.892+0300] {dag.py:2742} INFO - Sync 1 DAGs
[2023-07-30T22:06:38.912+0300] {logging_mixin.py:150} INFO - [2023-07-30T22:06:38.912+0300] {dag.py:3504} INFO - Setting next_dagrun for example_branch_operator to 2023-07-29T00:00:00+00:00, run_after=2023-07-30T00:00:00+00:00
[2023-07-30T22:06:38.934+0300] {processor.py:179} INFO - Processing /Users/olgastash/neoflex_env_airflow/lib/python3.10/site-packages/airflow/example_dags/example_branch_operator.py took 1.128 seconds
[2023-07-30T22:11:05.889+0300] {processor.py:157} INFO - Started process (PID=37547) to work on /Users/olgastash/neoflex_env_airflow/lib/python3.10/site-packages/airflow/example_dags/example_branch_operator.py
[2023-07-30T22:11:05.890+0300] {processor.py:826} INFO - Processing file /Users/olgastash/neoflex_env_airflow/lib/python3.10/site-packages/airflow/example_dags/example_branch_operator.py for tasks to queue
[2023-07-30T22:11:05.891+0300] {logging_mixin.py:150} INFO - [2023-07-30T22:11:05.890+0300] {dagbag.py:541} INFO - Filling up the DagBag from /Users/olgastash/neoflex_env_airflow/lib/python3.10/site-packages/airflow/example_dags/example_branch_operator.py
[2023-07-30T22:11:05.931+0300] {processor.py:836} INFO - DAG(s) dict_keys(['example_branch_operator']) retrieved from /Users/olgastash/neoflex_env_airflow/lib/python3.10/site-packages/airflow/example_dags/example_branch_operator.py
[2023-07-30T22:11:06.951+0300] {logging_mixin.py:150} INFO - [2023-07-30T22:11:06.951+0300] {dag.py:2742} INFO - Sync 1 DAGs
[2023-07-30T22:11:06.971+0300] {logging_mixin.py:150} INFO - [2023-07-30T22:11:06.971+0300] {dag.py:3504} INFO - Setting next_dagrun for example_branch_operator to 2023-07-29T00:00:00+00:00, run_after=2023-07-30T00:00:00+00:00
[2023-07-30T22:11:06.992+0300] {processor.py:179} INFO - Processing /Users/olgastash/neoflex_env_airflow/lib/python3.10/site-packages/airflow/example_dags/example_branch_operator.py took 1.104 seconds
[2023-07-30T22:15:35.698+0300] {processor.py:157} INFO - Started process (PID=37766) to work on /Users/olgastash/neoflex_env_airflow/lib/python3.10/site-packages/airflow/example_dags/example_branch_operator.py
[2023-07-30T22:15:35.699+0300] {processor.py:826} INFO - Processing file /Users/olgastash/neoflex_env_airflow/lib/python3.10/site-packages/airflow/example_dags/example_branch_operator.py for tasks to queue
[2023-07-30T22:15:35.700+0300] {logging_mixin.py:150} INFO - [2023-07-30T22:15:35.700+0300] {dagbag.py:541} INFO - Filling up the DagBag from /Users/olgastash/neoflex_env_airflow/lib/python3.10/site-packages/airflow/example_dags/example_branch_operator.py
[2023-07-30T22:15:35.742+0300] {processor.py:836} INFO - DAG(s) dict_keys(['example_branch_operator']) retrieved from /Users/olgastash/neoflex_env_airflow/lib/python3.10/site-packages/airflow/example_dags/example_branch_operator.py
[2023-07-30T22:15:36.759+0300] {logging_mixin.py:150} INFO - [2023-07-30T22:15:36.759+0300] {dag.py:2742} INFO - Sync 1 DAGs
[2023-07-30T22:15:36.779+0300] {logging_mixin.py:150} INFO - [2023-07-30T22:15:36.779+0300] {dag.py:3504} INFO - Setting next_dagrun for example_branch_operator to 2023-07-29T00:00:00+00:00, run_after=2023-07-30T00:00:00+00:00
[2023-07-30T22:15:36.800+0300] {processor.py:179} INFO - Processing /Users/olgastash/neoflex_env_airflow/lib/python3.10/site-packages/airflow/example_dags/example_branch_operator.py took 1.103 seconds
[2023-07-30T22:20:04.721+0300] {processor.py:157} INFO - Started process (PID=38004) to work on /Users/olgastash/neoflex_env_airflow/lib/python3.10/site-packages/airflow/example_dags/example_branch_operator.py
[2023-07-30T22:20:04.722+0300] {processor.py:826} INFO - Processing file /Users/olgastash/neoflex_env_airflow/lib/python3.10/site-packages/airflow/example_dags/example_branch_operator.py for tasks to queue
[2023-07-30T22:20:04.723+0300] {logging_mixin.py:150} INFO - [2023-07-30T22:20:04.723+0300] {dagbag.py:541} INFO - Filling up the DagBag from /Users/olgastash/neoflex_env_airflow/lib/python3.10/site-packages/airflow/example_dags/example_branch_operator.py
[2023-07-30T22:20:04.766+0300] {processor.py:836} INFO - DAG(s) dict_keys(['example_branch_operator']) retrieved from /Users/olgastash/neoflex_env_airflow/lib/python3.10/site-packages/airflow/example_dags/example_branch_operator.py
[2023-07-30T22:20:05.780+0300] {logging_mixin.py:150} INFO - [2023-07-30T22:20:05.780+0300] {dag.py:2742} INFO - Sync 1 DAGs
[2023-07-30T22:20:05.800+0300] {logging_mixin.py:150} INFO - [2023-07-30T22:20:05.800+0300] {dag.py:3504} INFO - Setting next_dagrun for example_branch_operator to 2023-07-29T00:00:00+00:00, run_after=2023-07-30T00:00:00+00:00
[2023-07-30T22:20:05.821+0300] {processor.py:179} INFO - Processing /Users/olgastash/neoflex_env_airflow/lib/python3.10/site-packages/airflow/example_dags/example_branch_operator.py took 1.101 seconds
[2023-07-30T22:24:32.948+0300] {processor.py:157} INFO - Started process (PID=38253) to work on /Users/olgastash/neoflex_env_airflow/lib/python3.10/site-packages/airflow/example_dags/example_branch_operator.py
[2023-07-30T22:24:32.949+0300] {processor.py:826} INFO - Processing file /Users/olgastash/neoflex_env_airflow/lib/python3.10/site-packages/airflow/example_dags/example_branch_operator.py for tasks to queue
[2023-07-30T22:24:32.949+0300] {logging_mixin.py:150} INFO - [2023-07-30T22:24:32.949+0300] {dagbag.py:541} INFO - Filling up the DagBag from /Users/olgastash/neoflex_env_airflow/lib/python3.10/site-packages/airflow/example_dags/example_branch_operator.py
[2023-07-30T22:24:32.988+0300] {processor.py:836} INFO - DAG(s) dict_keys(['example_branch_operator']) retrieved from /Users/olgastash/neoflex_env_airflow/lib/python3.10/site-packages/airflow/example_dags/example_branch_operator.py
[2023-07-30T22:24:33.889+0300] {logging_mixin.py:150} INFO - [2023-07-30T22:24:33.888+0300] {dag.py:2742} INFO - Sync 1 DAGs
[2023-07-30T22:24:33.911+0300] {logging_mixin.py:150} INFO - [2023-07-30T22:24:33.910+0300] {dag.py:3504} INFO - Setting next_dagrun for example_branch_operator to 2023-07-29T00:00:00+00:00, run_after=2023-07-30T00:00:00+00:00
[2023-07-30T22:24:33.929+0300] {processor.py:179} INFO - Processing /Users/olgastash/neoflex_env_airflow/lib/python3.10/site-packages/airflow/example_dags/example_branch_operator.py took 0.982 seconds
[2023-07-30T22:29:05.254+0300] {processor.py:157} INFO - Started process (PID=38520) to work on /Users/olgastash/neoflex_env_airflow/lib/python3.10/site-packages/airflow/example_dags/example_branch_operator.py
[2023-07-30T22:29:05.255+0300] {processor.py:826} INFO - Processing file /Users/olgastash/neoflex_env_airflow/lib/python3.10/site-packages/airflow/example_dags/example_branch_operator.py for tasks to queue
[2023-07-30T22:29:05.256+0300] {logging_mixin.py:150} INFO - [2023-07-30T22:29:05.256+0300] {dagbag.py:541} INFO - Filling up the DagBag from /Users/olgastash/neoflex_env_airflow/lib/python3.10/site-packages/airflow/example_dags/example_branch_operator.py
[2023-07-30T22:29:05.299+0300] {processor.py:836} INFO - DAG(s) dict_keys(['example_branch_operator']) retrieved from /Users/olgastash/neoflex_env_airflow/lib/python3.10/site-packages/airflow/example_dags/example_branch_operator.py
[2023-07-30T22:29:06.333+0300] {logging_mixin.py:150} INFO - [2023-07-30T22:29:06.332+0300] {dag.py:2742} INFO - Sync 1 DAGs
[2023-07-30T22:29:06.355+0300] {logging_mixin.py:150} INFO - [2023-07-30T22:29:06.354+0300] {dag.py:3504} INFO - Setting next_dagrun for example_branch_operator to 2023-07-29T00:00:00+00:00, run_after=2023-07-30T00:00:00+00:00
[2023-07-30T22:29:06.377+0300] {processor.py:179} INFO - Processing /Users/olgastash/neoflex_env_airflow/lib/python3.10/site-packages/airflow/example_dags/example_branch_operator.py took 1.124 seconds
[2023-07-30T22:33:32.289+0300] {processor.py:157} INFO - Started process (PID=38708) to work on /Users/olgastash/neoflex_env_airflow/lib/python3.10/site-packages/airflow/example_dags/example_branch_operator.py
[2023-07-30T22:33:32.290+0300] {processor.py:826} INFO - Processing file /Users/olgastash/neoflex_env_airflow/lib/python3.10/site-packages/airflow/example_dags/example_branch_operator.py for tasks to queue
[2023-07-30T22:33:32.291+0300] {logging_mixin.py:150} INFO - [2023-07-30T22:33:32.291+0300] {dagbag.py:541} INFO - Filling up the DagBag from /Users/olgastash/neoflex_env_airflow/lib/python3.10/site-packages/airflow/example_dags/example_branch_operator.py
[2023-07-30T22:33:32.331+0300] {processor.py:836} INFO - DAG(s) dict_keys(['example_branch_operator']) retrieved from /Users/olgastash/neoflex_env_airflow/lib/python3.10/site-packages/airflow/example_dags/example_branch_operator.py
[2023-07-30T22:33:33.347+0300] {logging_mixin.py:150} INFO - [2023-07-30T22:33:33.346+0300] {dag.py:2742} INFO - Sync 1 DAGs
[2023-07-30T22:33:33.366+0300] {logging_mixin.py:150} INFO - [2023-07-30T22:33:33.366+0300] {dag.py:3504} INFO - Setting next_dagrun for example_branch_operator to 2023-07-29T00:00:00+00:00, run_after=2023-07-30T00:00:00+00:00
[2023-07-30T22:33:33.387+0300] {processor.py:179} INFO - Processing /Users/olgastash/neoflex_env_airflow/lib/python3.10/site-packages/airflow/example_dags/example_branch_operator.py took 1.099 seconds
[2023-07-30T22:37:59.448+0300] {processor.py:157} INFO - Started process (PID=38933) to work on /Users/olgastash/neoflex_env_airflow/lib/python3.10/site-packages/airflow/example_dags/example_branch_operator.py
[2023-07-30T22:37:59.450+0300] {processor.py:826} INFO - Processing file /Users/olgastash/neoflex_env_airflow/lib/python3.10/site-packages/airflow/example_dags/example_branch_operator.py for tasks to queue
[2023-07-30T22:37:59.450+0300] {logging_mixin.py:150} INFO - [2023-07-30T22:37:59.450+0300] {dagbag.py:541} INFO - Filling up the DagBag from /Users/olgastash/neoflex_env_airflow/lib/python3.10/site-packages/airflow/example_dags/example_branch_operator.py
[2023-07-30T22:37:59.491+0300] {processor.py:836} INFO - DAG(s) dict_keys(['example_branch_operator']) retrieved from /Users/olgastash/neoflex_env_airflow/lib/python3.10/site-packages/airflow/example_dags/example_branch_operator.py
[2023-07-30T22:38:00.487+0300] {logging_mixin.py:150} INFO - [2023-07-30T22:38:00.486+0300] {dag.py:2742} INFO - Sync 1 DAGs
[2023-07-30T22:38:00.507+0300] {logging_mixin.py:150} INFO - [2023-07-30T22:38:00.507+0300] {dag.py:3504} INFO - Setting next_dagrun for example_branch_operator to 2023-07-29T00:00:00+00:00, run_after=2023-07-30T00:00:00+00:00
[2023-07-30T22:38:00.528+0300] {processor.py:179} INFO - Processing /Users/olgastash/neoflex_env_airflow/lib/python3.10/site-packages/airflow/example_dags/example_branch_operator.py took 1.080 seconds
[2023-07-30T22:42:26.240+0300] {processor.py:157} INFO - Started process (PID=39170) to work on /Users/olgastash/neoflex_env_airflow/lib/python3.10/site-packages/airflow/example_dags/example_branch_operator.py
[2023-07-30T22:42:26.241+0300] {processor.py:826} INFO - Processing file /Users/olgastash/neoflex_env_airflow/lib/python3.10/site-packages/airflow/example_dags/example_branch_operator.py for tasks to queue
[2023-07-30T22:42:26.241+0300] {logging_mixin.py:150} INFO - [2023-07-30T22:42:26.241+0300] {dagbag.py:541} INFO - Filling up the DagBag from /Users/olgastash/neoflex_env_airflow/lib/python3.10/site-packages/airflow/example_dags/example_branch_operator.py
[2023-07-30T22:42:26.282+0300] {processor.py:836} INFO - DAG(s) dict_keys(['example_branch_operator']) retrieved from /Users/olgastash/neoflex_env_airflow/lib/python3.10/site-packages/airflow/example_dags/example_branch_operator.py
[2023-07-30T22:42:27.276+0300] {logging_mixin.py:150} INFO - [2023-07-30T22:42:27.276+0300] {dag.py:2742} INFO - Sync 1 DAGs
[2023-07-30T22:42:27.296+0300] {logging_mixin.py:150} INFO - [2023-07-30T22:42:27.295+0300] {dag.py:3504} INFO - Setting next_dagrun for example_branch_operator to 2023-07-29T00:00:00+00:00, run_after=2023-07-30T00:00:00+00:00
[2023-07-30T22:42:27.317+0300] {processor.py:179} INFO - Processing /Users/olgastash/neoflex_env_airflow/lib/python3.10/site-packages/airflow/example_dags/example_branch_operator.py took 1.078 seconds
[2023-07-30T22:46:52.592+0300] {processor.py:157} INFO - Started process (PID=39373) to work on /Users/olgastash/neoflex_env_airflow/lib/python3.10/site-packages/airflow/example_dags/example_branch_operator.py
[2023-07-30T22:46:52.593+0300] {processor.py:826} INFO - Processing file /Users/olgastash/neoflex_env_airflow/lib/python3.10/site-packages/airflow/example_dags/example_branch_operator.py for tasks to queue
[2023-07-30T22:46:52.594+0300] {logging_mixin.py:150} INFO - [2023-07-30T22:46:52.594+0300] {dagbag.py:541} INFO - Filling up the DagBag from /Users/olgastash/neoflex_env_airflow/lib/python3.10/site-packages/airflow/example_dags/example_branch_operator.py
[2023-07-30T22:46:52.635+0300] {processor.py:836} INFO - DAG(s) dict_keys(['example_branch_operator']) retrieved from /Users/olgastash/neoflex_env_airflow/lib/python3.10/site-packages/airflow/example_dags/example_branch_operator.py
[2023-07-30T22:46:53.631+0300] {logging_mixin.py:150} INFO - [2023-07-30T22:46:53.631+0300] {dag.py:2742} INFO - Sync 1 DAGs
[2023-07-30T22:46:53.651+0300] {logging_mixin.py:150} INFO - [2023-07-30T22:46:53.651+0300] {dag.py:3504} INFO - Setting next_dagrun for example_branch_operator to 2023-07-29T00:00:00+00:00, run_after=2023-07-30T00:00:00+00:00
[2023-07-30T22:46:53.672+0300] {processor.py:179} INFO - Processing /Users/olgastash/neoflex_env_airflow/lib/python3.10/site-packages/airflow/example_dags/example_branch_operator.py took 1.081 seconds
[2023-07-30T22:51:20.375+0300] {processor.py:157} INFO - Started process (PID=39625) to work on /Users/olgastash/neoflex_env_airflow/lib/python3.10/site-packages/airflow/example_dags/example_branch_operator.py
[2023-07-30T22:51:20.376+0300] {processor.py:826} INFO - Processing file /Users/olgastash/neoflex_env_airflow/lib/python3.10/site-packages/airflow/example_dags/example_branch_operator.py for tasks to queue
[2023-07-30T22:51:20.376+0300] {logging_mixin.py:150} INFO - [2023-07-30T22:51:20.376+0300] {dagbag.py:541} INFO - Filling up the DagBag from /Users/olgastash/neoflex_env_airflow/lib/python3.10/site-packages/airflow/example_dags/example_branch_operator.py
[2023-07-30T22:51:20.422+0300] {processor.py:836} INFO - DAG(s) dict_keys(['example_branch_operator']) retrieved from /Users/olgastash/neoflex_env_airflow/lib/python3.10/site-packages/airflow/example_dags/example_branch_operator.py
[2023-07-30T22:51:21.556+0300] {logging_mixin.py:150} INFO - [2023-07-30T22:51:21.555+0300] {dag.py:2742} INFO - Sync 1 DAGs
[2023-07-30T22:51:21.577+0300] {logging_mixin.py:150} INFO - [2023-07-30T22:51:21.577+0300] {dag.py:3504} INFO - Setting next_dagrun for example_branch_operator to 2023-07-29T00:00:00+00:00, run_after=2023-07-30T00:00:00+00:00
[2023-07-30T22:51:21.602+0300] {processor.py:179} INFO - Processing /Users/olgastash/neoflex_env_airflow/lib/python3.10/site-packages/airflow/example_dags/example_branch_operator.py took 1.228 seconds
[2023-07-30T22:55:51.536+0300] {processor.py:157} INFO - Started process (PID=39854) to work on /Users/olgastash/neoflex_env_airflow/lib/python3.10/site-packages/airflow/example_dags/example_branch_operator.py
[2023-07-30T22:55:51.537+0300] {processor.py:826} INFO - Processing file /Users/olgastash/neoflex_env_airflow/lib/python3.10/site-packages/airflow/example_dags/example_branch_operator.py for tasks to queue
[2023-07-30T22:55:51.538+0300] {logging_mixin.py:150} INFO - [2023-07-30T22:55:51.538+0300] {dagbag.py:541} INFO - Filling up the DagBag from /Users/olgastash/neoflex_env_airflow/lib/python3.10/site-packages/airflow/example_dags/example_branch_operator.py
[2023-07-30T22:55:51.579+0300] {processor.py:836} INFO - DAG(s) dict_keys(['example_branch_operator']) retrieved from /Users/olgastash/neoflex_env_airflow/lib/python3.10/site-packages/airflow/example_dags/example_branch_operator.py
[2023-07-30T22:55:52.625+0300] {logging_mixin.py:150} INFO - [2023-07-30T22:55:52.625+0300] {dag.py:2742} INFO - Sync 1 DAGs
[2023-07-30T22:55:52.647+0300] {logging_mixin.py:150} INFO - [2023-07-30T22:55:52.647+0300] {dag.py:3504} INFO - Setting next_dagrun for example_branch_operator to 2023-07-29T00:00:00+00:00, run_after=2023-07-30T00:00:00+00:00
[2023-07-30T22:55:52.671+0300] {processor.py:179} INFO - Processing /Users/olgastash/neoflex_env_airflow/lib/python3.10/site-packages/airflow/example_dags/example_branch_operator.py took 1.136 seconds
[2023-07-30T23:00:24.201+0300] {processor.py:157} INFO - Started process (PID=40093) to work on /Users/olgastash/neoflex_env_airflow/lib/python3.10/site-packages/airflow/example_dags/example_branch_operator.py
[2023-07-30T23:00:24.202+0300] {processor.py:826} INFO - Processing file /Users/olgastash/neoflex_env_airflow/lib/python3.10/site-packages/airflow/example_dags/example_branch_operator.py for tasks to queue
[2023-07-30T23:00:24.203+0300] {logging_mixin.py:150} INFO - [2023-07-30T23:00:24.202+0300] {dagbag.py:541} INFO - Filling up the DagBag from /Users/olgastash/neoflex_env_airflow/lib/python3.10/site-packages/airflow/example_dags/example_branch_operator.py
[2023-07-30T23:00:24.242+0300] {processor.py:836} INFO - DAG(s) dict_keys(['example_branch_operator']) retrieved from /Users/olgastash/neoflex_env_airflow/lib/python3.10/site-packages/airflow/example_dags/example_branch_operator.py
[2023-07-30T23:00:25.235+0300] {logging_mixin.py:150} INFO - [2023-07-30T23:00:25.235+0300] {dag.py:2742} INFO - Sync 1 DAGs
[2023-07-30T23:00:25.255+0300] {logging_mixin.py:150} INFO - [2023-07-30T23:00:25.255+0300] {dag.py:3504} INFO - Setting next_dagrun for example_branch_operator to 2023-07-29T00:00:00+00:00, run_after=2023-07-30T00:00:00+00:00
[2023-07-30T23:00:25.277+0300] {processor.py:179} INFO - Processing /Users/olgastash/neoflex_env_airflow/lib/python3.10/site-packages/airflow/example_dags/example_branch_operator.py took 1.076 seconds
[2023-07-30T23:04:53.861+0300] {processor.py:157} INFO - Started process (PID=40343) to work on /Users/olgastash/neoflex_env_airflow/lib/python3.10/site-packages/airflow/example_dags/example_branch_operator.py
[2023-07-30T23:04:53.862+0300] {processor.py:826} INFO - Processing file /Users/olgastash/neoflex_env_airflow/lib/python3.10/site-packages/airflow/example_dags/example_branch_operator.py for tasks to queue
[2023-07-30T23:04:53.863+0300] {logging_mixin.py:150} INFO - [2023-07-30T23:04:53.863+0300] {dagbag.py:541} INFO - Filling up the DagBag from /Users/olgastash/neoflex_env_airflow/lib/python3.10/site-packages/airflow/example_dags/example_branch_operator.py
[2023-07-30T23:04:53.903+0300] {processor.py:836} INFO - DAG(s) dict_keys(['example_branch_operator']) retrieved from /Users/olgastash/neoflex_env_airflow/lib/python3.10/site-packages/airflow/example_dags/example_branch_operator.py
[2023-07-30T23:04:54.817+0300] {logging_mixin.py:150} INFO - [2023-07-30T23:04:54.817+0300] {dag.py:2742} INFO - Sync 1 DAGs
[2023-07-30T23:04:54.841+0300] {logging_mixin.py:150} INFO - [2023-07-30T23:04:54.841+0300] {dag.py:3504} INFO - Setting next_dagrun for example_branch_operator to 2023-07-29T00:00:00+00:00, run_after=2023-07-30T00:00:00+00:00
[2023-07-30T23:04:54.861+0300] {processor.py:179} INFO - Processing /Users/olgastash/neoflex_env_airflow/lib/python3.10/site-packages/airflow/example_dags/example_branch_operator.py took 1.001 seconds
