[2023-07-30T18:29:10.825+0300] {processor.py:157} INFO - Started process (PID=28965) to work on /Users/olgastash/neoflex_env_airflow/lib/python3.10/site-packages/airflow/example_dags/example_latest_only_with_trigger.py
[2023-07-30T18:29:10.826+0300] {processor.py:826} INFO - Processing file /Users/olgastash/neoflex_env_airflow/lib/python3.10/site-packages/airflow/example_dags/example_latest_only_with_trigger.py for tasks to queue
[2023-07-30T18:29:10.827+0300] {logging_mixin.py:150} INFO - [2023-07-30T18:29:10.827+0300] {dagbag.py:541} INFO - Filling up the DagBag from /Users/olgastash/neoflex_env_airflow/lib/python3.10/site-packages/airflow/example_dags/example_latest_only_with_trigger.py
[2023-07-30T18:29:10.848+0300] {processor.py:836} INFO - DAG(s) dict_keys(['latest_only_with_trigger']) retrieved from /Users/olgastash/neoflex_env_airflow/lib/python3.10/site-packages/airflow/example_dags/example_latest_only_with_trigger.py
[2023-07-30T18:29:11.827+0300] {logging_mixin.py:150} INFO - [2023-07-30T18:29:11.827+0300] {manager.py:504} INFO - Created Permission View: can edit on DAG:latest_only_with_trigger
[2023-07-30T18:29:11.837+0300] {logging_mixin.py:150} INFO - [2023-07-30T18:29:11.837+0300] {manager.py:504} INFO - Created Permission View: can read on DAG:latest_only_with_trigger
[2023-07-30T18:29:11.845+0300] {logging_mixin.py:150} INFO - [2023-07-30T18:29:11.844+0300] {manager.py:504} INFO - Created Permission View: can delete on DAG:latest_only_with_trigger
[2023-07-30T18:29:11.856+0300] {logging_mixin.py:150} INFO - [2023-07-30T18:29:11.856+0300] {dag.py:2742} INFO - Sync 1 DAGs
[2023-07-30T18:29:11.866+0300] {logging_mixin.py:150} INFO - [2023-07-30T18:29:11.866+0300] {dag.py:2763} INFO - Creating ORM DAG for latest_only_with_trigger
[2023-07-30T18:29:11.875+0300] {logging_mixin.py:150} INFO - [2023-07-30T18:29:11.875+0300] {dag.py:3504} INFO - Setting next_dagrun for latest_only_with_trigger to 2023-07-30T11:29:11.875202+00:00, run_after=2023-07-30T15:29:11.875202+00:00
[2023-07-30T18:29:11.894+0300] {processor.py:179} INFO - Processing /Users/olgastash/neoflex_env_airflow/lib/python3.10/site-packages/airflow/example_dags/example_latest_only_with_trigger.py took 1.069 seconds
[2023-07-30T18:31:42.222+0300] {processor.py:157} INFO - Started process (PID=29080) to work on /Users/olgastash/neoflex_env_airflow/lib/python3.10/site-packages/airflow/example_dags/example_latest_only_with_trigger.py
[2023-07-30T18:31:42.223+0300] {processor.py:826} INFO - Processing file /Users/olgastash/neoflex_env_airflow/lib/python3.10/site-packages/airflow/example_dags/example_latest_only_with_trigger.py for tasks to queue
[2023-07-30T18:31:42.224+0300] {logging_mixin.py:150} INFO - [2023-07-30T18:31:42.224+0300] {dagbag.py:541} INFO - Filling up the DagBag from /Users/olgastash/neoflex_env_airflow/lib/python3.10/site-packages/airflow/example_dags/example_latest_only_with_trigger.py
[2023-07-30T18:31:42.248+0300] {processor.py:836} INFO - DAG(s) dict_keys(['latest_only_with_trigger']) retrieved from /Users/olgastash/neoflex_env_airflow/lib/python3.10/site-packages/airflow/example_dags/example_latest_only_with_trigger.py
[2023-07-30T18:31:43.131+0300] {logging_mixin.py:150} INFO - [2023-07-30T18:31:43.130+0300] {dag.py:2742} INFO - Sync 1 DAGs
[2023-07-30T18:31:43.150+0300] {logging_mixin.py:150} INFO - [2023-07-30T18:31:43.149+0300] {dag.py:3504} INFO - Setting next_dagrun for latest_only_with_trigger to 2023-07-30T11:31:43.149780+00:00, run_after=2023-07-30T15:31:43.149780+00:00
[2023-07-30T18:31:43.168+0300] {processor.py:179} INFO - Processing /Users/olgastash/neoflex_env_airflow/lib/python3.10/site-packages/airflow/example_dags/example_latest_only_with_trigger.py took 0.947 seconds
[2023-07-30T18:35:40.074+0300] {processor.py:157} INFO - Started process (PID=29231) to work on /Users/olgastash/neoflex_env_airflow/lib/python3.10/site-packages/airflow/example_dags/example_latest_only_with_trigger.py
[2023-07-30T18:35:40.075+0300] {processor.py:826} INFO - Processing file /Users/olgastash/neoflex_env_airflow/lib/python3.10/site-packages/airflow/example_dags/example_latest_only_with_trigger.py for tasks to queue
[2023-07-30T18:35:40.076+0300] {logging_mixin.py:150} INFO - [2023-07-30T18:35:40.076+0300] {dagbag.py:541} INFO - Filling up the DagBag from /Users/olgastash/neoflex_env_airflow/lib/python3.10/site-packages/airflow/example_dags/example_latest_only_with_trigger.py
[2023-07-30T18:35:40.098+0300] {processor.py:836} INFO - DAG(s) dict_keys(['latest_only_with_trigger']) retrieved from /Users/olgastash/neoflex_env_airflow/lib/python3.10/site-packages/airflow/example_dags/example_latest_only_with_trigger.py
[2023-07-30T18:35:40.977+0300] {logging_mixin.py:150} INFO - [2023-07-30T18:35:40.977+0300] {dag.py:2742} INFO - Sync 1 DAGs
[2023-07-30T18:35:40.997+0300] {logging_mixin.py:150} INFO - [2023-07-30T18:35:40.997+0300] {dag.py:3504} INFO - Setting next_dagrun for latest_only_with_trigger to 2023-07-30T11:35:40.996980+00:00, run_after=2023-07-30T15:35:40.996980+00:00
[2023-07-30T18:35:41.016+0300] {processor.py:179} INFO - Processing /Users/olgastash/neoflex_env_airflow/lib/python3.10/site-packages/airflow/example_dags/example_latest_only_with_trigger.py took 0.942 seconds
[2023-07-30T18:39:31.375+0300] {processor.py:157} INFO - Started process (PID=29381) to work on /Users/olgastash/neoflex_env_airflow/lib/python3.10/site-packages/airflow/example_dags/example_latest_only_with_trigger.py
[2023-07-30T18:39:31.376+0300] {processor.py:826} INFO - Processing file /Users/olgastash/neoflex_env_airflow/lib/python3.10/site-packages/airflow/example_dags/example_latest_only_with_trigger.py for tasks to queue
[2023-07-30T18:39:31.377+0300] {logging_mixin.py:150} INFO - [2023-07-30T18:39:31.377+0300] {dagbag.py:541} INFO - Filling up the DagBag from /Users/olgastash/neoflex_env_airflow/lib/python3.10/site-packages/airflow/example_dags/example_latest_only_with_trigger.py
[2023-07-30T18:39:31.402+0300] {processor.py:836} INFO - DAG(s) dict_keys(['latest_only_with_trigger']) retrieved from /Users/olgastash/neoflex_env_airflow/lib/python3.10/site-packages/airflow/example_dags/example_latest_only_with_trigger.py
[2023-07-30T18:39:32.352+0300] {logging_mixin.py:150} INFO - [2023-07-30T18:39:32.352+0300] {dag.py:2742} INFO - Sync 1 DAGs
[2023-07-30T18:39:32.380+0300] {logging_mixin.py:150} INFO - [2023-07-30T18:39:32.380+0300] {dag.py:3504} INFO - Setting next_dagrun for latest_only_with_trigger to 2023-07-30T11:39:32.380436+00:00, run_after=2023-07-30T15:39:32.380436+00:00
[2023-07-30T18:39:32.401+0300] {processor.py:179} INFO - Processing /Users/olgastash/neoflex_env_airflow/lib/python3.10/site-packages/airflow/example_dags/example_latest_only_with_trigger.py took 1.027 seconds
[2023-07-30T18:43:30.176+0300] {processor.py:157} INFO - Started process (PID=29582) to work on /Users/olgastash/neoflex_env_airflow/lib/python3.10/site-packages/airflow/example_dags/example_latest_only_with_trigger.py
[2023-07-30T18:43:30.177+0300] {processor.py:826} INFO - Processing file /Users/olgastash/neoflex_env_airflow/lib/python3.10/site-packages/airflow/example_dags/example_latest_only_with_trigger.py for tasks to queue
[2023-07-30T18:43:30.178+0300] {logging_mixin.py:150} INFO - [2023-07-30T18:43:30.178+0300] {dagbag.py:541} INFO - Filling up the DagBag from /Users/olgastash/neoflex_env_airflow/lib/python3.10/site-packages/airflow/example_dags/example_latest_only_with_trigger.py
[2023-07-30T18:43:30.202+0300] {processor.py:836} INFO - DAG(s) dict_keys(['latest_only_with_trigger']) retrieved from /Users/olgastash/neoflex_env_airflow/lib/python3.10/site-packages/airflow/example_dags/example_latest_only_with_trigger.py
[2023-07-30T18:43:31.127+0300] {logging_mixin.py:150} INFO - [2023-07-30T18:43:31.126+0300] {dag.py:2742} INFO - Sync 1 DAGs
[2023-07-30T18:43:31.148+0300] {logging_mixin.py:150} INFO - [2023-07-30T18:43:31.148+0300] {dag.py:3504} INFO - Setting next_dagrun for latest_only_with_trigger to 2023-07-30T11:43:31.148283+00:00, run_after=2023-07-30T15:43:31.148283+00:00
[2023-07-30T18:43:31.168+0300] {processor.py:179} INFO - Processing /Users/olgastash/neoflex_env_airflow/lib/python3.10/site-packages/airflow/example_dags/example_latest_only_with_trigger.py took 0.993 seconds
[2023-07-30T18:47:23.986+0300] {processor.py:157} INFO - Started process (PID=29801) to work on /Users/olgastash/neoflex_env_airflow/lib/python3.10/site-packages/airflow/example_dags/example_latest_only_with_trigger.py
[2023-07-30T18:47:23.987+0300] {processor.py:826} INFO - Processing file /Users/olgastash/neoflex_env_airflow/lib/python3.10/site-packages/airflow/example_dags/example_latest_only_with_trigger.py for tasks to queue
[2023-07-30T18:47:23.988+0300] {logging_mixin.py:150} INFO - [2023-07-30T18:47:23.988+0300] {dagbag.py:541} INFO - Filling up the DagBag from /Users/olgastash/neoflex_env_airflow/lib/python3.10/site-packages/airflow/example_dags/example_latest_only_with_trigger.py
[2023-07-30T18:47:24.010+0300] {processor.py:836} INFO - DAG(s) dict_keys(['latest_only_with_trigger']) retrieved from /Users/olgastash/neoflex_env_airflow/lib/python3.10/site-packages/airflow/example_dags/example_latest_only_with_trigger.py
[2023-07-30T18:47:24.858+0300] {logging_mixin.py:150} INFO - [2023-07-30T18:47:24.858+0300] {dag.py:2742} INFO - Sync 1 DAGs
[2023-07-30T18:47:24.877+0300] {logging_mixin.py:150} INFO - [2023-07-30T18:47:24.877+0300] {dag.py:3504} INFO - Setting next_dagrun for latest_only_with_trigger to 2023-07-30T11:47:24.877406+00:00, run_after=2023-07-30T15:47:24.877406+00:00
[2023-07-30T18:47:24.896+0300] {processor.py:179} INFO - Processing /Users/olgastash/neoflex_env_airflow/lib/python3.10/site-packages/airflow/example_dags/example_latest_only_with_trigger.py took 0.910 seconds
[2023-07-30T18:51:14.734+0300] {processor.py:157} INFO - Started process (PID=29985) to work on /Users/olgastash/neoflex_env_airflow/lib/python3.10/site-packages/airflow/example_dags/example_latest_only_with_trigger.py
[2023-07-30T18:51:14.735+0300] {processor.py:826} INFO - Processing file /Users/olgastash/neoflex_env_airflow/lib/python3.10/site-packages/airflow/example_dags/example_latest_only_with_trigger.py for tasks to queue
[2023-07-30T18:51:14.736+0300] {logging_mixin.py:150} INFO - [2023-07-30T18:51:14.736+0300] {dagbag.py:541} INFO - Filling up the DagBag from /Users/olgastash/neoflex_env_airflow/lib/python3.10/site-packages/airflow/example_dags/example_latest_only_with_trigger.py
[2023-07-30T18:51:14.758+0300] {processor.py:836} INFO - DAG(s) dict_keys(['latest_only_with_trigger']) retrieved from /Users/olgastash/neoflex_env_airflow/lib/python3.10/site-packages/airflow/example_dags/example_latest_only_with_trigger.py
[2023-07-30T18:51:15.627+0300] {logging_mixin.py:150} INFO - [2023-07-30T18:51:15.626+0300] {dag.py:2742} INFO - Sync 1 DAGs
[2023-07-30T18:51:15.646+0300] {logging_mixin.py:150} INFO - [2023-07-30T18:51:15.646+0300] {dag.py:3504} INFO - Setting next_dagrun for latest_only_with_trigger to 2023-07-30T11:51:15.646074+00:00, run_after=2023-07-30T15:51:15.646074+00:00
[2023-07-30T18:51:15.665+0300] {processor.py:179} INFO - Processing /Users/olgastash/neoflex_env_airflow/lib/python3.10/site-packages/airflow/example_dags/example_latest_only_with_trigger.py took 0.932 seconds
[2023-07-30T18:55:00.499+0300] {processor.py:157} INFO - Started process (PID=30185) to work on /Users/olgastash/neoflex_env_airflow/lib/python3.10/site-packages/airflow/example_dags/example_latest_only_with_trigger.py
[2023-07-30T18:55:00.500+0300] {processor.py:826} INFO - Processing file /Users/olgastash/neoflex_env_airflow/lib/python3.10/site-packages/airflow/example_dags/example_latest_only_with_trigger.py for tasks to queue
[2023-07-30T18:55:00.500+0300] {logging_mixin.py:150} INFO - [2023-07-30T18:55:00.500+0300] {dagbag.py:541} INFO - Filling up the DagBag from /Users/olgastash/neoflex_env_airflow/lib/python3.10/site-packages/airflow/example_dags/example_latest_only_with_trigger.py
[2023-07-30T18:55:00.522+0300] {processor.py:836} INFO - DAG(s) dict_keys(['latest_only_with_trigger']) retrieved from /Users/olgastash/neoflex_env_airflow/lib/python3.10/site-packages/airflow/example_dags/example_latest_only_with_trigger.py
[2023-07-30T18:55:01.377+0300] {logging_mixin.py:150} INFO - [2023-07-30T18:55:01.377+0300] {dag.py:2742} INFO - Sync 1 DAGs
[2023-07-30T18:55:01.396+0300] {logging_mixin.py:150} INFO - [2023-07-30T18:55:01.396+0300] {dag.py:3504} INFO - Setting next_dagrun for latest_only_with_trigger to 2023-07-30T11:55:01.396452+00:00, run_after=2023-07-30T15:55:01.396452+00:00
[2023-07-30T18:55:01.416+0300] {processor.py:179} INFO - Processing /Users/olgastash/neoflex_env_airflow/lib/python3.10/site-packages/airflow/example_dags/example_latest_only_with_trigger.py took 0.918 seconds
[2023-07-30T18:58:48.797+0300] {processor.py:157} INFO - Started process (PID=30372) to work on /Users/olgastash/neoflex_env_airflow/lib/python3.10/site-packages/airflow/example_dags/example_latest_only_with_trigger.py
[2023-07-30T18:58:48.798+0300] {processor.py:826} INFO - Processing file /Users/olgastash/neoflex_env_airflow/lib/python3.10/site-packages/airflow/example_dags/example_latest_only_with_trigger.py for tasks to queue
[2023-07-30T18:58:48.799+0300] {logging_mixin.py:150} INFO - [2023-07-30T18:58:48.798+0300] {dagbag.py:541} INFO - Filling up the DagBag from /Users/olgastash/neoflex_env_airflow/lib/python3.10/site-packages/airflow/example_dags/example_latest_only_with_trigger.py
[2023-07-30T18:58:48.821+0300] {processor.py:836} INFO - DAG(s) dict_keys(['latest_only_with_trigger']) retrieved from /Users/olgastash/neoflex_env_airflow/lib/python3.10/site-packages/airflow/example_dags/example_latest_only_with_trigger.py
[2023-07-30T18:58:49.671+0300] {logging_mixin.py:150} INFO - [2023-07-30T18:58:49.671+0300] {dag.py:2742} INFO - Sync 1 DAGs
[2023-07-30T18:58:49.690+0300] {logging_mixin.py:150} INFO - [2023-07-30T18:58:49.690+0300] {dag.py:3504} INFO - Setting next_dagrun for latest_only_with_trigger to 2023-07-30T11:58:49.690479+00:00, run_after=2023-07-30T15:58:49.690479+00:00
[2023-07-30T18:58:49.710+0300] {processor.py:179} INFO - Processing /Users/olgastash/neoflex_env_airflow/lib/python3.10/site-packages/airflow/example_dags/example_latest_only_with_trigger.py took 0.914 seconds
[2023-07-30T19:02:57.201+0300] {processor.py:157} INFO - Started process (PID=30528) to work on /Users/olgastash/neoflex_env_airflow/lib/python3.10/site-packages/airflow/example_dags/example_latest_only_with_trigger.py
[2023-07-30T19:02:57.202+0300] {processor.py:826} INFO - Processing file /Users/olgastash/neoflex_env_airflow/lib/python3.10/site-packages/airflow/example_dags/example_latest_only_with_trigger.py for tasks to queue
[2023-07-30T19:02:57.202+0300] {logging_mixin.py:150} INFO - [2023-07-30T19:02:57.202+0300] {dagbag.py:541} INFO - Filling up the DagBag from /Users/olgastash/neoflex_env_airflow/lib/python3.10/site-packages/airflow/example_dags/example_latest_only_with_trigger.py
[2023-07-30T19:02:57.224+0300] {processor.py:836} INFO - DAG(s) dict_keys(['latest_only_with_trigger']) retrieved from /Users/olgastash/neoflex_env_airflow/lib/python3.10/site-packages/airflow/example_dags/example_latest_only_with_trigger.py
[2023-07-30T19:02:58.324+0300] {logging_mixin.py:150} INFO - [2023-07-30T19:02:58.323+0300] {dag.py:2742} INFO - Sync 1 DAGs
[2023-07-30T19:02:58.362+0300] {logging_mixin.py:150} INFO - [2023-07-30T19:02:58.362+0300] {dag.py:3504} INFO - Setting next_dagrun for latest_only_with_trigger to 2023-07-30T12:02:58.362101+00:00, run_after=2023-07-30T16:02:58.362101+00:00
[2023-07-30T19:02:58.400+0300] {processor.py:179} INFO - Processing /Users/olgastash/neoflex_env_airflow/lib/python3.10/site-packages/airflow/example_dags/example_latest_only_with_trigger.py took 1.200 seconds
[2023-07-30T19:07:05.025+0300] {processor.py:157} INFO - Started process (PID=30688) to work on /Users/olgastash/neoflex_env_airflow/lib/python3.10/site-packages/airflow/example_dags/example_latest_only_with_trigger.py
[2023-07-30T19:07:05.026+0300] {processor.py:826} INFO - Processing file /Users/olgastash/neoflex_env_airflow/lib/python3.10/site-packages/airflow/example_dags/example_latest_only_with_trigger.py for tasks to queue
[2023-07-30T19:07:05.026+0300] {logging_mixin.py:150} INFO - [2023-07-30T19:07:05.026+0300] {dagbag.py:541} INFO - Filling up the DagBag from /Users/olgastash/neoflex_env_airflow/lib/python3.10/site-packages/airflow/example_dags/example_latest_only_with_trigger.py
[2023-07-30T19:07:05.048+0300] {processor.py:836} INFO - DAG(s) dict_keys(['latest_only_with_trigger']) retrieved from /Users/olgastash/neoflex_env_airflow/lib/python3.10/site-packages/airflow/example_dags/example_latest_only_with_trigger.py
[2023-07-30T19:07:05.998+0300] {logging_mixin.py:150} INFO - [2023-07-30T19:07:05.997+0300] {dag.py:2742} INFO - Sync 1 DAGs
[2023-07-30T19:07:06.015+0300] {logging_mixin.py:150} INFO - [2023-07-30T19:07:06.015+0300] {dag.py:3504} INFO - Setting next_dagrun for latest_only_with_trigger to 2023-07-30T12:07:06.015469+00:00, run_after=2023-07-30T16:07:06.015469+00:00
[2023-07-30T19:07:06.038+0300] {processor.py:179} INFO - Processing /Users/olgastash/neoflex_env_airflow/lib/python3.10/site-packages/airflow/example_dags/example_latest_only_with_trigger.py took 1.014 seconds
[2023-07-30T19:11:01.684+0300] {processor.py:157} INFO - Started process (PID=30822) to work on /Users/olgastash/neoflex_env_airflow/lib/python3.10/site-packages/airflow/example_dags/example_latest_only_with_trigger.py
[2023-07-30T19:11:01.685+0300] {processor.py:826} INFO - Processing file /Users/olgastash/neoflex_env_airflow/lib/python3.10/site-packages/airflow/example_dags/example_latest_only_with_trigger.py for tasks to queue
[2023-07-30T19:11:01.686+0300] {logging_mixin.py:150} INFO - [2023-07-30T19:11:01.685+0300] {dagbag.py:541} INFO - Filling up the DagBag from /Users/olgastash/neoflex_env_airflow/lib/python3.10/site-packages/airflow/example_dags/example_latest_only_with_trigger.py
[2023-07-30T19:11:01.708+0300] {processor.py:836} INFO - DAG(s) dict_keys(['latest_only_with_trigger']) retrieved from /Users/olgastash/neoflex_env_airflow/lib/python3.10/site-packages/airflow/example_dags/example_latest_only_with_trigger.py
[2023-07-30T19:11:02.692+0300] {logging_mixin.py:150} INFO - [2023-07-30T19:11:02.691+0300] {dag.py:2742} INFO - Sync 1 DAGs
[2023-07-30T19:11:02.709+0300] {logging_mixin.py:150} INFO - [2023-07-30T19:11:02.709+0300] {dag.py:3504} INFO - Setting next_dagrun for latest_only_with_trigger to 2023-07-30T12:11:02.709288+00:00, run_after=2023-07-30T16:11:02.709288+00:00
[2023-07-30T19:11:02.733+0300] {processor.py:179} INFO - Processing /Users/olgastash/neoflex_env_airflow/lib/python3.10/site-packages/airflow/example_dags/example_latest_only_with_trigger.py took 1.050 seconds
[2023-07-30T19:15:17.534+0300] {processor.py:157} INFO - Started process (PID=30981) to work on /Users/olgastash/neoflex_env_airflow/lib/python3.10/site-packages/airflow/example_dags/example_latest_only_with_trigger.py
[2023-07-30T19:15:17.535+0300] {processor.py:826} INFO - Processing file /Users/olgastash/neoflex_env_airflow/lib/python3.10/site-packages/airflow/example_dags/example_latest_only_with_trigger.py for tasks to queue
[2023-07-30T19:15:17.536+0300] {logging_mixin.py:150} INFO - [2023-07-30T19:15:17.536+0300] {dagbag.py:541} INFO - Filling up the DagBag from /Users/olgastash/neoflex_env_airflow/lib/python3.10/site-packages/airflow/example_dags/example_latest_only_with_trigger.py
[2023-07-30T19:15:17.557+0300] {processor.py:836} INFO - DAG(s) dict_keys(['latest_only_with_trigger']) retrieved from /Users/olgastash/neoflex_env_airflow/lib/python3.10/site-packages/airflow/example_dags/example_latest_only_with_trigger.py
[2023-07-30T19:15:18.500+0300] {logging_mixin.py:150} INFO - [2023-07-30T19:15:18.500+0300] {dag.py:2742} INFO - Sync 1 DAGs
[2023-07-30T19:15:18.518+0300] {logging_mixin.py:150} INFO - [2023-07-30T19:15:18.518+0300] {dag.py:3504} INFO - Setting next_dagrun for latest_only_with_trigger to 2023-07-30T12:15:18.518432+00:00, run_after=2023-07-30T16:15:18.518432+00:00
[2023-07-30T19:15:18.542+0300] {processor.py:179} INFO - Processing /Users/olgastash/neoflex_env_airflow/lib/python3.10/site-packages/airflow/example_dags/example_latest_only_with_trigger.py took 1.008 seconds
[2023-07-30T19:19:24.181+0300] {processor.py:157} INFO - Started process (PID=31195) to work on /Users/olgastash/neoflex_env_airflow/lib/python3.10/site-packages/airflow/example_dags/example_latest_only_with_trigger.py
[2023-07-30T19:19:24.182+0300] {processor.py:826} INFO - Processing file /Users/olgastash/neoflex_env_airflow/lib/python3.10/site-packages/airflow/example_dags/example_latest_only_with_trigger.py for tasks to queue
[2023-07-30T19:19:24.183+0300] {logging_mixin.py:150} INFO - [2023-07-30T19:19:24.183+0300] {dagbag.py:541} INFO - Filling up the DagBag from /Users/olgastash/neoflex_env_airflow/lib/python3.10/site-packages/airflow/example_dags/example_latest_only_with_trigger.py
[2023-07-30T19:19:24.205+0300] {processor.py:836} INFO - DAG(s) dict_keys(['latest_only_with_trigger']) retrieved from /Users/olgastash/neoflex_env_airflow/lib/python3.10/site-packages/airflow/example_dags/example_latest_only_with_trigger.py
[2023-07-30T19:19:25.185+0300] {logging_mixin.py:150} INFO - [2023-07-30T19:19:25.184+0300] {dag.py:2742} INFO - Sync 1 DAGs
[2023-07-30T19:19:25.203+0300] {logging_mixin.py:150} INFO - [2023-07-30T19:19:25.203+0300] {dag.py:3504} INFO - Setting next_dagrun for latest_only_with_trigger to 2023-07-30T12:19:25.202883+00:00, run_after=2023-07-30T16:19:25.202883+00:00
[2023-07-30T19:19:25.224+0300] {processor.py:179} INFO - Processing /Users/olgastash/neoflex_env_airflow/lib/python3.10/site-packages/airflow/example_dags/example_latest_only_with_trigger.py took 1.044 seconds
[2023-07-30T19:23:38.910+0300] {processor.py:157} INFO - Started process (PID=31348) to work on /Users/olgastash/neoflex_env_airflow/lib/python3.10/site-packages/airflow/example_dags/example_latest_only_with_trigger.py
[2023-07-30T19:23:38.911+0300] {processor.py:826} INFO - Processing file /Users/olgastash/neoflex_env_airflow/lib/python3.10/site-packages/airflow/example_dags/example_latest_only_with_trigger.py for tasks to queue
[2023-07-30T19:23:38.912+0300] {logging_mixin.py:150} INFO - [2023-07-30T19:23:38.912+0300] {dagbag.py:541} INFO - Filling up the DagBag from /Users/olgastash/neoflex_env_airflow/lib/python3.10/site-packages/airflow/example_dags/example_latest_only_with_trigger.py
[2023-07-30T19:23:38.934+0300] {processor.py:836} INFO - DAG(s) dict_keys(['latest_only_with_trigger']) retrieved from /Users/olgastash/neoflex_env_airflow/lib/python3.10/site-packages/airflow/example_dags/example_latest_only_with_trigger.py
[2023-07-30T19:23:39.800+0300] {logging_mixin.py:150} INFO - [2023-07-30T19:23:39.799+0300] {dag.py:2742} INFO - Sync 1 DAGs
[2023-07-30T19:23:39.819+0300] {logging_mixin.py:150} INFO - [2023-07-30T19:23:39.819+0300] {dag.py:3504} INFO - Setting next_dagrun for latest_only_with_trigger to 2023-07-30T12:23:39.818920+00:00, run_after=2023-07-30T16:23:39.818920+00:00
[2023-07-30T19:23:39.837+0300] {processor.py:179} INFO - Processing /Users/olgastash/neoflex_env_airflow/lib/python3.10/site-packages/airflow/example_dags/example_latest_only_with_trigger.py took 0.928 seconds
[2023-07-30T19:27:40.242+0300] {processor.py:157} INFO - Started process (PID=31491) to work on /Users/olgastash/neoflex_env_airflow/lib/python3.10/site-packages/airflow/example_dags/example_latest_only_with_trigger.py
[2023-07-30T19:27:40.243+0300] {processor.py:826} INFO - Processing file /Users/olgastash/neoflex_env_airflow/lib/python3.10/site-packages/airflow/example_dags/example_latest_only_with_trigger.py for tasks to queue
[2023-07-30T19:27:40.244+0300] {logging_mixin.py:150} INFO - [2023-07-30T19:27:40.244+0300] {dagbag.py:541} INFO - Filling up the DagBag from /Users/olgastash/neoflex_env_airflow/lib/python3.10/site-packages/airflow/example_dags/example_latest_only_with_trigger.py
[2023-07-30T19:27:40.266+0300] {processor.py:836} INFO - DAG(s) dict_keys(['latest_only_with_trigger']) retrieved from /Users/olgastash/neoflex_env_airflow/lib/python3.10/site-packages/airflow/example_dags/example_latest_only_with_trigger.py
[2023-07-30T19:27:41.214+0300] {logging_mixin.py:150} INFO - [2023-07-30T19:27:41.214+0300] {dag.py:2742} INFO - Sync 1 DAGs
[2023-07-30T19:27:41.233+0300] {logging_mixin.py:150} INFO - [2023-07-30T19:27:41.232+0300] {dag.py:3504} INFO - Setting next_dagrun for latest_only_with_trigger to 2023-07-30T12:27:41.232726+00:00, run_after=2023-07-30T16:27:41.232726+00:00
[2023-07-30T19:27:41.255+0300] {processor.py:179} INFO - Processing /Users/olgastash/neoflex_env_airflow/lib/python3.10/site-packages/airflow/example_dags/example_latest_only_with_trigger.py took 1.014 seconds
[2023-07-30T20:11:50.375+0300] {processor.py:157} INFO - Started process (PID=31769) to work on /Users/olgastash/neoflex_env_airflow/lib/python3.10/site-packages/airflow/example_dags/example_latest_only_with_trigger.py
[2023-07-30T20:11:50.377+0300] {processor.py:826} INFO - Processing file /Users/olgastash/neoflex_env_airflow/lib/python3.10/site-packages/airflow/example_dags/example_latest_only_with_trigger.py for tasks to queue
[2023-07-30T20:11:50.377+0300] {logging_mixin.py:150} INFO - [2023-07-30T20:11:50.377+0300] {dagbag.py:541} INFO - Filling up the DagBag from /Users/olgastash/neoflex_env_airflow/lib/python3.10/site-packages/airflow/example_dags/example_latest_only_with_trigger.py
[2023-07-30T20:11:50.401+0300] {processor.py:836} INFO - DAG(s) dict_keys(['latest_only_with_trigger']) retrieved from /Users/olgastash/neoflex_env_airflow/lib/python3.10/site-packages/airflow/example_dags/example_latest_only_with_trigger.py
[2023-07-30T20:11:51.455+0300] {logging_mixin.py:150} INFO - [2023-07-30T20:11:51.455+0300] {dag.py:2742} INFO - Sync 1 DAGs
[2023-07-30T20:11:51.474+0300] {logging_mixin.py:150} INFO - [2023-07-30T20:11:51.473+0300] {dag.py:3504} INFO - Setting next_dagrun for latest_only_with_trigger to 2023-07-30T13:11:51.473713+00:00, run_after=2023-07-30T17:11:51.473713+00:00
[2023-07-30T20:11:51.496+0300] {processor.py:179} INFO - Processing /Users/olgastash/neoflex_env_airflow/lib/python3.10/site-packages/airflow/example_dags/example_latest_only_with_trigger.py took 1.121 seconds
[2023-07-30T20:14:17.747+0300] {processor.py:157} INFO - Started process (PID=31919) to work on /Users/olgastash/neoflex_env_airflow/lib/python3.10/site-packages/airflow/example_dags/example_latest_only_with_trigger.py
[2023-07-30T20:14:17.748+0300] {processor.py:826} INFO - Processing file /Users/olgastash/neoflex_env_airflow/lib/python3.10/site-packages/airflow/example_dags/example_latest_only_with_trigger.py for tasks to queue
[2023-07-30T20:14:17.749+0300] {logging_mixin.py:150} INFO - [2023-07-30T20:14:17.748+0300] {dagbag.py:541} INFO - Filling up the DagBag from /Users/olgastash/neoflex_env_airflow/lib/python3.10/site-packages/airflow/example_dags/example_latest_only_with_trigger.py
[2023-07-30T20:14:17.774+0300] {processor.py:836} INFO - DAG(s) dict_keys(['latest_only_with_trigger']) retrieved from /Users/olgastash/neoflex_env_airflow/lib/python3.10/site-packages/airflow/example_dags/example_latest_only_with_trigger.py
[2023-07-30T20:14:18.693+0300] {logging_mixin.py:150} INFO - [2023-07-30T20:14:18.693+0300] {dag.py:2742} INFO - Sync 1 DAGs
[2023-07-30T20:14:18.714+0300] {logging_mixin.py:150} INFO - [2023-07-30T20:14:18.714+0300] {dag.py:3504} INFO - Setting next_dagrun for latest_only_with_trigger to 2023-07-30T13:14:18.714491+00:00, run_after=2023-07-30T17:14:18.714491+00:00
[2023-07-30T20:14:18.735+0300] {processor.py:179} INFO - Processing /Users/olgastash/neoflex_env_airflow/lib/python3.10/site-packages/airflow/example_dags/example_latest_only_with_trigger.py took 0.989 seconds
[2023-07-30T20:18:39.307+0300] {processor.py:157} INFO - Started process (PID=32141) to work on /Users/olgastash/neoflex_env_airflow/lib/python3.10/site-packages/airflow/example_dags/example_latest_only_with_trigger.py
[2023-07-30T20:18:39.308+0300] {processor.py:826} INFO - Processing file /Users/olgastash/neoflex_env_airflow/lib/python3.10/site-packages/airflow/example_dags/example_latest_only_with_trigger.py for tasks to queue
[2023-07-30T20:18:39.308+0300] {logging_mixin.py:150} INFO - [2023-07-30T20:18:39.308+0300] {dagbag.py:541} INFO - Filling up the DagBag from /Users/olgastash/neoflex_env_airflow/lib/python3.10/site-packages/airflow/example_dags/example_latest_only_with_trigger.py
[2023-07-30T20:18:39.333+0300] {processor.py:836} INFO - DAG(s) dict_keys(['latest_only_with_trigger']) retrieved from /Users/olgastash/neoflex_env_airflow/lib/python3.10/site-packages/airflow/example_dags/example_latest_only_with_trigger.py
[2023-07-30T20:18:40.330+0300] {logging_mixin.py:150} INFO - [2023-07-30T20:18:40.330+0300] {dag.py:2742} INFO - Sync 1 DAGs
[2023-07-30T20:18:40.350+0300] {logging_mixin.py:150} INFO - [2023-07-30T20:18:40.350+0300] {dag.py:3504} INFO - Setting next_dagrun for latest_only_with_trigger to 2023-07-30T13:18:40.350494+00:00, run_after=2023-07-30T17:18:40.350494+00:00
[2023-07-30T20:18:40.374+0300] {processor.py:179} INFO - Processing /Users/olgastash/neoflex_env_airflow/lib/python3.10/site-packages/airflow/example_dags/example_latest_only_with_trigger.py took 1.068 seconds
[2023-07-30T20:23:12.903+0300] {processor.py:157} INFO - Started process (PID=32417) to work on /Users/olgastash/neoflex_env_airflow/lib/python3.10/site-packages/airflow/example_dags/example_latest_only_with_trigger.py
[2023-07-30T20:23:12.904+0300] {processor.py:826} INFO - Processing file /Users/olgastash/neoflex_env_airflow/lib/python3.10/site-packages/airflow/example_dags/example_latest_only_with_trigger.py for tasks to queue
[2023-07-30T20:23:12.905+0300] {logging_mixin.py:150} INFO - [2023-07-30T20:23:12.905+0300] {dagbag.py:541} INFO - Filling up the DagBag from /Users/olgastash/neoflex_env_airflow/lib/python3.10/site-packages/airflow/example_dags/example_latest_only_with_trigger.py
[2023-07-30T20:23:12.928+0300] {processor.py:836} INFO - DAG(s) dict_keys(['latest_only_with_trigger']) retrieved from /Users/olgastash/neoflex_env_airflow/lib/python3.10/site-packages/airflow/example_dags/example_latest_only_with_trigger.py
[2023-07-30T20:23:13.910+0300] {logging_mixin.py:150} INFO - [2023-07-30T20:23:13.910+0300] {dag.py:2742} INFO - Sync 1 DAGs
[2023-07-30T20:23:13.929+0300] {logging_mixin.py:150} INFO - [2023-07-30T20:23:13.929+0300] {dag.py:3504} INFO - Setting next_dagrun for latest_only_with_trigger to 2023-07-30T13:23:13.929254+00:00, run_after=2023-07-30T17:23:13.929254+00:00
[2023-07-30T20:23:13.951+0300] {processor.py:179} INFO - Processing /Users/olgastash/neoflex_env_airflow/lib/python3.10/site-packages/airflow/example_dags/example_latest_only_with_trigger.py took 1.048 seconds
[2023-07-30T20:27:33.913+0300] {processor.py:157} INFO - Started process (PID=32600) to work on /Users/olgastash/neoflex_env_airflow/lib/python3.10/site-packages/airflow/example_dags/example_latest_only_with_trigger.py
[2023-07-30T20:27:33.914+0300] {processor.py:826} INFO - Processing file /Users/olgastash/neoflex_env_airflow/lib/python3.10/site-packages/airflow/example_dags/example_latest_only_with_trigger.py for tasks to queue
[2023-07-30T20:27:33.915+0300] {logging_mixin.py:150} INFO - [2023-07-30T20:27:33.914+0300] {dagbag.py:541} INFO - Filling up the DagBag from /Users/olgastash/neoflex_env_airflow/lib/python3.10/site-packages/airflow/example_dags/example_latest_only_with_trigger.py
[2023-07-30T20:27:33.936+0300] {processor.py:836} INFO - DAG(s) dict_keys(['latest_only_with_trigger']) retrieved from /Users/olgastash/neoflex_env_airflow/lib/python3.10/site-packages/airflow/example_dags/example_latest_only_with_trigger.py
[2023-07-30T20:27:34.904+0300] {logging_mixin.py:150} INFO - [2023-07-30T20:27:34.904+0300] {dag.py:2742} INFO - Sync 1 DAGs
[2023-07-30T20:27:34.923+0300] {logging_mixin.py:150} INFO - [2023-07-30T20:27:34.923+0300] {dag.py:3504} INFO - Setting next_dagrun for latest_only_with_trigger to 2023-07-30T13:27:34.922885+00:00, run_after=2023-07-30T17:27:34.922885+00:00
[2023-07-30T20:27:34.943+0300] {processor.py:179} INFO - Processing /Users/olgastash/neoflex_env_airflow/lib/python3.10/site-packages/airflow/example_dags/example_latest_only_with_trigger.py took 1.031 seconds
[2023-07-30T20:31:54.033+0300] {processor.py:157} INFO - Started process (PID=32813) to work on /Users/olgastash/neoflex_env_airflow/lib/python3.10/site-packages/airflow/example_dags/example_latest_only_with_trigger.py
[2023-07-30T20:31:54.034+0300] {processor.py:826} INFO - Processing file /Users/olgastash/neoflex_env_airflow/lib/python3.10/site-packages/airflow/example_dags/example_latest_only_with_trigger.py for tasks to queue
[2023-07-30T20:31:54.035+0300] {logging_mixin.py:150} INFO - [2023-07-30T20:31:54.035+0300] {dagbag.py:541} INFO - Filling up the DagBag from /Users/olgastash/neoflex_env_airflow/lib/python3.10/site-packages/airflow/example_dags/example_latest_only_with_trigger.py
[2023-07-30T20:31:54.058+0300] {processor.py:836} INFO - DAG(s) dict_keys(['latest_only_with_trigger']) retrieved from /Users/olgastash/neoflex_env_airflow/lib/python3.10/site-packages/airflow/example_dags/example_latest_only_with_trigger.py
[2023-07-30T20:31:55.066+0300] {logging_mixin.py:150} INFO - [2023-07-30T20:31:55.065+0300] {dag.py:2742} INFO - Sync 1 DAGs
[2023-07-30T20:31:55.087+0300] {logging_mixin.py:150} INFO - [2023-07-30T20:31:55.087+0300] {dag.py:3504} INFO - Setting next_dagrun for latest_only_with_trigger to 2023-07-30T13:31:55.086946+00:00, run_after=2023-07-30T17:31:55.086946+00:00
[2023-07-30T20:31:55.110+0300] {processor.py:179} INFO - Processing /Users/olgastash/neoflex_env_airflow/lib/python3.10/site-packages/airflow/example_dags/example_latest_only_with_trigger.py took 1.078 seconds
[2023-07-30T20:36:08.549+0300] {processor.py:157} INFO - Started process (PID=33063) to work on /Users/olgastash/neoflex_env_airflow/lib/python3.10/site-packages/airflow/example_dags/example_latest_only_with_trigger.py
[2023-07-30T20:36:08.550+0300] {processor.py:826} INFO - Processing file /Users/olgastash/neoflex_env_airflow/lib/python3.10/site-packages/airflow/example_dags/example_latest_only_with_trigger.py for tasks to queue
[2023-07-30T20:36:08.551+0300] {logging_mixin.py:150} INFO - [2023-07-30T20:36:08.550+0300] {dagbag.py:541} INFO - Filling up the DagBag from /Users/olgastash/neoflex_env_airflow/lib/python3.10/site-packages/airflow/example_dags/example_latest_only_with_trigger.py
[2023-07-30T20:36:08.573+0300] {processor.py:836} INFO - DAG(s) dict_keys(['latest_only_with_trigger']) retrieved from /Users/olgastash/neoflex_env_airflow/lib/python3.10/site-packages/airflow/example_dags/example_latest_only_with_trigger.py
[2023-07-30T20:36:09.552+0300] {logging_mixin.py:150} INFO - [2023-07-30T20:36:09.551+0300] {dag.py:2742} INFO - Sync 1 DAGs
[2023-07-30T20:36:09.571+0300] {logging_mixin.py:150} INFO - [2023-07-30T20:36:09.571+0300] {dag.py:3504} INFO - Setting next_dagrun for latest_only_with_trigger to 2023-07-30T13:36:09.571410+00:00, run_after=2023-07-30T17:36:09.571410+00:00
[2023-07-30T20:36:09.592+0300] {processor.py:179} INFO - Processing /Users/olgastash/neoflex_env_airflow/lib/python3.10/site-packages/airflow/example_dags/example_latest_only_with_trigger.py took 1.044 seconds
[2023-07-30T20:40:24.470+0300] {processor.py:157} INFO - Started process (PID=33310) to work on /Users/olgastash/neoflex_env_airflow/lib/python3.10/site-packages/airflow/example_dags/example_latest_only_with_trigger.py
[2023-07-30T20:40:24.471+0300] {processor.py:826} INFO - Processing file /Users/olgastash/neoflex_env_airflow/lib/python3.10/site-packages/airflow/example_dags/example_latest_only_with_trigger.py for tasks to queue
[2023-07-30T20:40:24.472+0300] {logging_mixin.py:150} INFO - [2023-07-30T20:40:24.471+0300] {dagbag.py:541} INFO - Filling up the DagBag from /Users/olgastash/neoflex_env_airflow/lib/python3.10/site-packages/airflow/example_dags/example_latest_only_with_trigger.py
[2023-07-30T20:40:24.493+0300] {processor.py:836} INFO - DAG(s) dict_keys(['latest_only_with_trigger']) retrieved from /Users/olgastash/neoflex_env_airflow/lib/python3.10/site-packages/airflow/example_dags/example_latest_only_with_trigger.py
[2023-07-30T20:40:25.611+0300] {logging_mixin.py:150} INFO - [2023-07-30T20:40:25.611+0300] {dag.py:2742} INFO - Sync 1 DAGs
[2023-07-30T20:40:25.632+0300] {logging_mixin.py:150} INFO - [2023-07-30T20:40:25.632+0300] {dag.py:3504} INFO - Setting next_dagrun for latest_only_with_trigger to 2023-07-30T13:40:25.632561+00:00, run_after=2023-07-30T17:40:25.632561+00:00
[2023-07-30T20:40:25.654+0300] {processor.py:179} INFO - Processing /Users/olgastash/neoflex_env_airflow/lib/python3.10/site-packages/airflow/example_dags/example_latest_only_with_trigger.py took 1.185 seconds
[2023-07-30T20:44:42.442+0300] {processor.py:157} INFO - Started process (PID=33589) to work on /Users/olgastash/neoflex_env_airflow/lib/python3.10/site-packages/airflow/example_dags/example_latest_only_with_trigger.py
[2023-07-30T20:44:42.443+0300] {processor.py:826} INFO - Processing file /Users/olgastash/neoflex_env_airflow/lib/python3.10/site-packages/airflow/example_dags/example_latest_only_with_trigger.py for tasks to queue
[2023-07-30T20:44:42.444+0300] {logging_mixin.py:150} INFO - [2023-07-30T20:44:42.444+0300] {dagbag.py:541} INFO - Filling up the DagBag from /Users/olgastash/neoflex_env_airflow/lib/python3.10/site-packages/airflow/example_dags/example_latest_only_with_trigger.py
[2023-07-30T20:44:42.466+0300] {processor.py:836} INFO - DAG(s) dict_keys(['latest_only_with_trigger']) retrieved from /Users/olgastash/neoflex_env_airflow/lib/python3.10/site-packages/airflow/example_dags/example_latest_only_with_trigger.py
[2023-07-30T20:44:43.342+0300] {logging_mixin.py:150} INFO - [2023-07-30T20:44:43.342+0300] {dag.py:2742} INFO - Sync 1 DAGs
[2023-07-30T20:44:43.360+0300] {logging_mixin.py:150} INFO - [2023-07-30T20:44:43.360+0300] {dag.py:3504} INFO - Setting next_dagrun for latest_only_with_trigger to 2023-07-30T13:44:43.360388+00:00, run_after=2023-07-30T17:44:43.360388+00:00
[2023-07-30T20:44:43.380+0300] {processor.py:179} INFO - Processing /Users/olgastash/neoflex_env_airflow/lib/python3.10/site-packages/airflow/example_dags/example_latest_only_with_trigger.py took 0.938 seconds
[2023-07-30T20:49:01.232+0300] {processor.py:157} INFO - Started process (PID=33812) to work on /Users/olgastash/neoflex_env_airflow/lib/python3.10/site-packages/airflow/example_dags/example_latest_only_with_trigger.py
[2023-07-30T20:49:01.233+0300] {processor.py:826} INFO - Processing file /Users/olgastash/neoflex_env_airflow/lib/python3.10/site-packages/airflow/example_dags/example_latest_only_with_trigger.py for tasks to queue
[2023-07-30T20:49:01.233+0300] {logging_mixin.py:150} INFO - [2023-07-30T20:49:01.233+0300] {dagbag.py:541} INFO - Filling up the DagBag from /Users/olgastash/neoflex_env_airflow/lib/python3.10/site-packages/airflow/example_dags/example_latest_only_with_trigger.py
[2023-07-30T20:49:01.256+0300] {processor.py:836} INFO - DAG(s) dict_keys(['latest_only_with_trigger']) retrieved from /Users/olgastash/neoflex_env_airflow/lib/python3.10/site-packages/airflow/example_dags/example_latest_only_with_trigger.py
[2023-07-30T20:49:02.274+0300] {logging_mixin.py:150} INFO - [2023-07-30T20:49:02.273+0300] {dag.py:2742} INFO - Sync 1 DAGs
[2023-07-30T20:49:02.294+0300] {logging_mixin.py:150} INFO - [2023-07-30T20:49:02.293+0300] {dag.py:3504} INFO - Setting next_dagrun for latest_only_with_trigger to 2023-07-30T13:49:02.293631+00:00, run_after=2023-07-30T17:49:02.293631+00:00
[2023-07-30T20:49:02.314+0300] {processor.py:179} INFO - Processing /Users/olgastash/neoflex_env_airflow/lib/python3.10/site-packages/airflow/example_dags/example_latest_only_with_trigger.py took 1.083 seconds
[2023-07-30T20:53:30.246+0300] {processor.py:157} INFO - Started process (PID=34045) to work on /Users/olgastash/neoflex_env_airflow/lib/python3.10/site-packages/airflow/example_dags/example_latest_only_with_trigger.py
[2023-07-30T20:53:30.248+0300] {processor.py:826} INFO - Processing file /Users/olgastash/neoflex_env_airflow/lib/python3.10/site-packages/airflow/example_dags/example_latest_only_with_trigger.py for tasks to queue
[2023-07-30T20:53:30.248+0300] {logging_mixin.py:150} INFO - [2023-07-30T20:53:30.248+0300] {dagbag.py:541} INFO - Filling up the DagBag from /Users/olgastash/neoflex_env_airflow/lib/python3.10/site-packages/airflow/example_dags/example_latest_only_with_trigger.py
[2023-07-30T20:53:30.273+0300] {processor.py:836} INFO - DAG(s) dict_keys(['latest_only_with_trigger']) retrieved from /Users/olgastash/neoflex_env_airflow/lib/python3.10/site-packages/airflow/example_dags/example_latest_only_with_trigger.py
[2023-07-30T20:53:31.327+0300] {logging_mixin.py:150} INFO - [2023-07-30T20:53:31.327+0300] {dag.py:2742} INFO - Sync 1 DAGs
[2023-07-30T20:53:31.347+0300] {logging_mixin.py:150} INFO - [2023-07-30T20:53:31.347+0300] {dag.py:3504} INFO - Setting next_dagrun for latest_only_with_trigger to 2023-07-30T13:53:31.347408+00:00, run_after=2023-07-30T17:53:31.347408+00:00
[2023-07-30T20:53:31.368+0300] {processor.py:179} INFO - Processing /Users/olgastash/neoflex_env_airflow/lib/python3.10/site-packages/airflow/example_dags/example_latest_only_with_trigger.py took 1.123 seconds
[2023-07-30T20:57:52.328+0300] {processor.py:157} INFO - Started process (PID=34251) to work on /Users/olgastash/neoflex_env_airflow/lib/python3.10/site-packages/airflow/example_dags/example_latest_only_with_trigger.py
[2023-07-30T20:57:52.330+0300] {processor.py:826} INFO - Processing file /Users/olgastash/neoflex_env_airflow/lib/python3.10/site-packages/airflow/example_dags/example_latest_only_with_trigger.py for tasks to queue
[2023-07-30T20:57:52.331+0300] {logging_mixin.py:150} INFO - [2023-07-30T20:57:52.331+0300] {dagbag.py:541} INFO - Filling up the DagBag from /Users/olgastash/neoflex_env_airflow/lib/python3.10/site-packages/airflow/example_dags/example_latest_only_with_trigger.py
[2023-07-30T20:57:52.358+0300] {processor.py:836} INFO - DAG(s) dict_keys(['latest_only_with_trigger']) retrieved from /Users/olgastash/neoflex_env_airflow/lib/python3.10/site-packages/airflow/example_dags/example_latest_only_with_trigger.py
[2023-07-30T20:57:53.459+0300] {logging_mixin.py:150} INFO - [2023-07-30T20:57:53.458+0300] {dag.py:2742} INFO - Sync 1 DAGs
[2023-07-30T20:57:53.483+0300] {logging_mixin.py:150} INFO - [2023-07-30T20:57:53.483+0300] {dag.py:3504} INFO - Setting next_dagrun for latest_only_with_trigger to 2023-07-30T13:57:53.483534+00:00, run_after=2023-07-30T17:57:53.483534+00:00
[2023-07-30T20:57:53.505+0300] {processor.py:179} INFO - Processing /Users/olgastash/neoflex_env_airflow/lib/python3.10/site-packages/airflow/example_dags/example_latest_only_with_trigger.py took 1.177 seconds
[2023-07-30T21:02:24.520+0300] {processor.py:157} INFO - Started process (PID=34424) to work on /Users/olgastash/neoflex_env_airflow/lib/python3.10/site-packages/airflow/example_dags/example_latest_only_with_trigger.py
[2023-07-30T21:02:24.521+0300] {processor.py:826} INFO - Processing file /Users/olgastash/neoflex_env_airflow/lib/python3.10/site-packages/airflow/example_dags/example_latest_only_with_trigger.py for tasks to queue
[2023-07-30T21:02:24.522+0300] {logging_mixin.py:150} INFO - [2023-07-30T21:02:24.521+0300] {dagbag.py:541} INFO - Filling up the DagBag from /Users/olgastash/neoflex_env_airflow/lib/python3.10/site-packages/airflow/example_dags/example_latest_only_with_trigger.py
[2023-07-30T21:02:24.545+0300] {processor.py:836} INFO - DAG(s) dict_keys(['latest_only_with_trigger']) retrieved from /Users/olgastash/neoflex_env_airflow/lib/python3.10/site-packages/airflow/example_dags/example_latest_only_with_trigger.py
[2023-07-30T21:02:25.548+0300] {logging_mixin.py:150} INFO - [2023-07-30T21:02:25.548+0300] {dag.py:2742} INFO - Sync 1 DAGs
[2023-07-30T21:02:25.568+0300] {logging_mixin.py:150} INFO - [2023-07-30T21:02:25.568+0300] {dag.py:3504} INFO - Setting next_dagrun for latest_only_with_trigger to 2023-07-30T14:02:25.567950+00:00, run_after=2023-07-30T18:02:25.567950+00:00
[2023-07-30T21:02:25.588+0300] {processor.py:179} INFO - Processing /Users/olgastash/neoflex_env_airflow/lib/python3.10/site-packages/airflow/example_dags/example_latest_only_with_trigger.py took 1.069 seconds
[2023-07-30T21:07:01.306+0300] {processor.py:157} INFO - Started process (PID=34614) to work on /Users/olgastash/neoflex_env_airflow/lib/python3.10/site-packages/airflow/example_dags/example_latest_only_with_trigger.py
[2023-07-30T21:07:01.308+0300] {processor.py:826} INFO - Processing file /Users/olgastash/neoflex_env_airflow/lib/python3.10/site-packages/airflow/example_dags/example_latest_only_with_trigger.py for tasks to queue
[2023-07-30T21:07:01.308+0300] {logging_mixin.py:150} INFO - [2023-07-30T21:07:01.308+0300] {dagbag.py:541} INFO - Filling up the DagBag from /Users/olgastash/neoflex_env_airflow/lib/python3.10/site-packages/airflow/example_dags/example_latest_only_with_trigger.py
[2023-07-30T21:07:01.332+0300] {processor.py:836} INFO - DAG(s) dict_keys(['latest_only_with_trigger']) retrieved from /Users/olgastash/neoflex_env_airflow/lib/python3.10/site-packages/airflow/example_dags/example_latest_only_with_trigger.py
[2023-07-30T21:07:02.333+0300] {logging_mixin.py:150} INFO - [2023-07-30T21:07:02.333+0300] {dag.py:2742} INFO - Sync 1 DAGs
[2023-07-30T21:07:02.353+0300] {logging_mixin.py:150} INFO - [2023-07-30T21:07:02.353+0300] {dag.py:3504} INFO - Setting next_dagrun for latest_only_with_trigger to 2023-07-30T14:07:02.352992+00:00, run_after=2023-07-30T18:07:02.352992+00:00
[2023-07-30T21:07:02.373+0300] {processor.py:179} INFO - Processing /Users/olgastash/neoflex_env_airflow/lib/python3.10/site-packages/airflow/example_dags/example_latest_only_with_trigger.py took 1.068 seconds
[2023-07-30T21:11:26.135+0300] {processor.py:157} INFO - Started process (PID=34836) to work on /Users/olgastash/neoflex_env_airflow/lib/python3.10/site-packages/airflow/example_dags/example_latest_only_with_trigger.py
[2023-07-30T21:11:26.136+0300] {processor.py:826} INFO - Processing file /Users/olgastash/neoflex_env_airflow/lib/python3.10/site-packages/airflow/example_dags/example_latest_only_with_trigger.py for tasks to queue
[2023-07-30T21:11:26.137+0300] {logging_mixin.py:150} INFO - [2023-07-30T21:11:26.137+0300] {dagbag.py:541} INFO - Filling up the DagBag from /Users/olgastash/neoflex_env_airflow/lib/python3.10/site-packages/airflow/example_dags/example_latest_only_with_trigger.py
[2023-07-30T21:11:26.161+0300] {processor.py:836} INFO - DAG(s) dict_keys(['latest_only_with_trigger']) retrieved from /Users/olgastash/neoflex_env_airflow/lib/python3.10/site-packages/airflow/example_dags/example_latest_only_with_trigger.py
[2023-07-30T21:11:27.165+0300] {logging_mixin.py:150} INFO - [2023-07-30T21:11:27.164+0300] {dag.py:2742} INFO - Sync 1 DAGs
[2023-07-30T21:11:27.184+0300] {logging_mixin.py:150} INFO - [2023-07-30T21:11:27.184+0300] {dag.py:3504} INFO - Setting next_dagrun for latest_only_with_trigger to 2023-07-30T14:11:27.184154+00:00, run_after=2023-07-30T18:11:27.184154+00:00
[2023-07-30T21:11:27.205+0300] {processor.py:179} INFO - Processing /Users/olgastash/neoflex_env_airflow/lib/python3.10/site-packages/airflow/example_dags/example_latest_only_with_trigger.py took 1.071 seconds
[2023-07-30T21:16:05.732+0300] {processor.py:157} INFO - Started process (PID=35058) to work on /Users/olgastash/neoflex_env_airflow/lib/python3.10/site-packages/airflow/example_dags/example_latest_only_with_trigger.py
[2023-07-30T21:16:05.733+0300] {processor.py:826} INFO - Processing file /Users/olgastash/neoflex_env_airflow/lib/python3.10/site-packages/airflow/example_dags/example_latest_only_with_trigger.py for tasks to queue
[2023-07-30T21:16:05.734+0300] {logging_mixin.py:150} INFO - [2023-07-30T21:16:05.734+0300] {dagbag.py:541} INFO - Filling up the DagBag from /Users/olgastash/neoflex_env_airflow/lib/python3.10/site-packages/airflow/example_dags/example_latest_only_with_trigger.py
[2023-07-30T21:16:05.757+0300] {processor.py:836} INFO - DAG(s) dict_keys(['latest_only_with_trigger']) retrieved from /Users/olgastash/neoflex_env_airflow/lib/python3.10/site-packages/airflow/example_dags/example_latest_only_with_trigger.py
[2023-07-30T21:16:06.756+0300] {logging_mixin.py:150} INFO - [2023-07-30T21:16:06.756+0300] {dag.py:2742} INFO - Sync 1 DAGs
[2023-07-30T21:16:06.776+0300] {logging_mixin.py:150} INFO - [2023-07-30T21:16:06.776+0300] {dag.py:3504} INFO - Setting next_dagrun for latest_only_with_trigger to 2023-07-30T14:16:06.776548+00:00, run_after=2023-07-30T18:16:06.776548+00:00
[2023-07-30T21:16:06.797+0300] {processor.py:179} INFO - Processing /Users/olgastash/neoflex_env_airflow/lib/python3.10/site-packages/airflow/example_dags/example_latest_only_with_trigger.py took 1.066 seconds
[2023-07-30T21:20:34.454+0300] {processor.py:157} INFO - Started process (PID=35226) to work on /Users/olgastash/neoflex_env_airflow/lib/python3.10/site-packages/airflow/example_dags/example_latest_only_with_trigger.py
[2023-07-30T21:20:34.455+0300] {processor.py:826} INFO - Processing file /Users/olgastash/neoflex_env_airflow/lib/python3.10/site-packages/airflow/example_dags/example_latest_only_with_trigger.py for tasks to queue
[2023-07-30T21:20:34.456+0300] {logging_mixin.py:150} INFO - [2023-07-30T21:20:34.456+0300] {dagbag.py:541} INFO - Filling up the DagBag from /Users/olgastash/neoflex_env_airflow/lib/python3.10/site-packages/airflow/example_dags/example_latest_only_with_trigger.py
[2023-07-30T21:20:34.479+0300] {processor.py:836} INFO - DAG(s) dict_keys(['latest_only_with_trigger']) retrieved from /Users/olgastash/neoflex_env_airflow/lib/python3.10/site-packages/airflow/example_dags/example_latest_only_with_trigger.py
[2023-07-30T21:20:35.520+0300] {logging_mixin.py:150} INFO - [2023-07-30T21:20:35.520+0300] {dag.py:2742} INFO - Sync 1 DAGs
[2023-07-30T21:20:35.541+0300] {logging_mixin.py:150} INFO - [2023-07-30T21:20:35.541+0300] {dag.py:3504} INFO - Setting next_dagrun for latest_only_with_trigger to 2023-07-30T14:20:35.540865+00:00, run_after=2023-07-30T18:20:35.540865+00:00
[2023-07-30T21:20:35.579+0300] {processor.py:179} INFO - Processing /Users/olgastash/neoflex_env_airflow/lib/python3.10/site-packages/airflow/example_dags/example_latest_only_with_trigger.py took 1.126 seconds
[2023-07-30T21:24:50.953+0300] {processor.py:157} INFO - Started process (PID=35404) to work on /Users/olgastash/neoflex_env_airflow/lib/python3.10/site-packages/airflow/example_dags/example_latest_only_with_trigger.py
[2023-07-30T21:24:50.954+0300] {processor.py:826} INFO - Processing file /Users/olgastash/neoflex_env_airflow/lib/python3.10/site-packages/airflow/example_dags/example_latest_only_with_trigger.py for tasks to queue
[2023-07-30T21:24:50.955+0300] {logging_mixin.py:150} INFO - [2023-07-30T21:24:50.955+0300] {dagbag.py:541} INFO - Filling up the DagBag from /Users/olgastash/neoflex_env_airflow/lib/python3.10/site-packages/airflow/example_dags/example_latest_only_with_trigger.py
[2023-07-30T21:24:50.977+0300] {processor.py:836} INFO - DAG(s) dict_keys(['latest_only_with_trigger']) retrieved from /Users/olgastash/neoflex_env_airflow/lib/python3.10/site-packages/airflow/example_dags/example_latest_only_with_trigger.py
[2023-07-30T21:24:51.962+0300] {logging_mixin.py:150} INFO - [2023-07-30T21:24:51.961+0300] {dag.py:2742} INFO - Sync 1 DAGs
[2023-07-30T21:24:51.981+0300] {logging_mixin.py:150} INFO - [2023-07-30T21:24:51.981+0300] {dag.py:3504} INFO - Setting next_dagrun for latest_only_with_trigger to 2023-07-30T14:24:51.981168+00:00, run_after=2023-07-30T18:24:51.981168+00:00
[2023-07-30T21:24:52.002+0300] {processor.py:179} INFO - Processing /Users/olgastash/neoflex_env_airflow/lib/python3.10/site-packages/airflow/example_dags/example_latest_only_with_trigger.py took 1.049 seconds
[2023-07-30T21:29:16.853+0300] {processor.py:157} INFO - Started process (PID=35623) to work on /Users/olgastash/neoflex_env_airflow/lib/python3.10/site-packages/airflow/example_dags/example_latest_only_with_trigger.py
[2023-07-30T21:29:16.854+0300] {processor.py:826} INFO - Processing file /Users/olgastash/neoflex_env_airflow/lib/python3.10/site-packages/airflow/example_dags/example_latest_only_with_trigger.py for tasks to queue
[2023-07-30T21:29:16.854+0300] {logging_mixin.py:150} INFO - [2023-07-30T21:29:16.854+0300] {dagbag.py:541} INFO - Filling up the DagBag from /Users/olgastash/neoflex_env_airflow/lib/python3.10/site-packages/airflow/example_dags/example_latest_only_with_trigger.py
[2023-07-30T21:29:16.877+0300] {processor.py:836} INFO - DAG(s) dict_keys(['latest_only_with_trigger']) retrieved from /Users/olgastash/neoflex_env_airflow/lib/python3.10/site-packages/airflow/example_dags/example_latest_only_with_trigger.py
[2023-07-30T21:29:17.760+0300] {logging_mixin.py:150} INFO - [2023-07-30T21:29:17.760+0300] {dag.py:2742} INFO - Sync 1 DAGs
[2023-07-30T21:29:17.779+0300] {logging_mixin.py:150} INFO - [2023-07-30T21:29:17.779+0300] {dag.py:3504} INFO - Setting next_dagrun for latest_only_with_trigger to 2023-07-30T14:29:17.778883+00:00, run_after=2023-07-30T18:29:17.778883+00:00
[2023-07-30T21:29:17.798+0300] {processor.py:179} INFO - Processing /Users/olgastash/neoflex_env_airflow/lib/python3.10/site-packages/airflow/example_dags/example_latest_only_with_trigger.py took 0.946 seconds
[2023-07-30T21:33:25.902+0300] {processor.py:157} INFO - Started process (PID=35793) to work on /Users/olgastash/neoflex_env_airflow/lib/python3.10/site-packages/airflow/example_dags/example_latest_only_with_trigger.py
[2023-07-30T21:33:25.903+0300] {processor.py:826} INFO - Processing file /Users/olgastash/neoflex_env_airflow/lib/python3.10/site-packages/airflow/example_dags/example_latest_only_with_trigger.py for tasks to queue
[2023-07-30T21:33:25.904+0300] {logging_mixin.py:150} INFO - [2023-07-30T21:33:25.904+0300] {dagbag.py:541} INFO - Filling up the DagBag from /Users/olgastash/neoflex_env_airflow/lib/python3.10/site-packages/airflow/example_dags/example_latest_only_with_trigger.py
[2023-07-30T21:33:25.927+0300] {processor.py:836} INFO - DAG(s) dict_keys(['latest_only_with_trigger']) retrieved from /Users/olgastash/neoflex_env_airflow/lib/python3.10/site-packages/airflow/example_dags/example_latest_only_with_trigger.py
[2023-07-30T21:33:26.916+0300] {logging_mixin.py:150} INFO - [2023-07-30T21:33:26.916+0300] {dag.py:2742} INFO - Sync 1 DAGs
[2023-07-30T21:33:26.936+0300] {logging_mixin.py:150} INFO - [2023-07-30T21:33:26.936+0300] {dag.py:3504} INFO - Setting next_dagrun for latest_only_with_trigger to 2023-07-30T14:33:26.936173+00:00, run_after=2023-07-30T18:33:26.936173+00:00
[2023-07-30T21:33:26.958+0300] {processor.py:179} INFO - Processing /Users/olgastash/neoflex_env_airflow/lib/python3.10/site-packages/airflow/example_dags/example_latest_only_with_trigger.py took 1.057 seconds
[2023-07-30T21:37:47.954+0300] {processor.py:157} INFO - Started process (PID=36005) to work on /Users/olgastash/neoflex_env_airflow/lib/python3.10/site-packages/airflow/example_dags/example_latest_only_with_trigger.py
[2023-07-30T21:37:47.955+0300] {processor.py:826} INFO - Processing file /Users/olgastash/neoflex_env_airflow/lib/python3.10/site-packages/airflow/example_dags/example_latest_only_with_trigger.py for tasks to queue
[2023-07-30T21:37:47.956+0300] {logging_mixin.py:150} INFO - [2023-07-30T21:37:47.956+0300] {dagbag.py:541} INFO - Filling up the DagBag from /Users/olgastash/neoflex_env_airflow/lib/python3.10/site-packages/airflow/example_dags/example_latest_only_with_trigger.py
[2023-07-30T21:37:47.978+0300] {processor.py:836} INFO - DAG(s) dict_keys(['latest_only_with_trigger']) retrieved from /Users/olgastash/neoflex_env_airflow/lib/python3.10/site-packages/airflow/example_dags/example_latest_only_with_trigger.py
[2023-07-30T21:37:48.958+0300] {logging_mixin.py:150} INFO - [2023-07-30T21:37:48.957+0300] {dag.py:2742} INFO - Sync 1 DAGs
[2023-07-30T21:37:48.977+0300] {logging_mixin.py:150} INFO - [2023-07-30T21:37:48.977+0300] {dag.py:3504} INFO - Setting next_dagrun for latest_only_with_trigger to 2023-07-30T14:37:48.977092+00:00, run_after=2023-07-30T18:37:48.977092+00:00
[2023-07-30T21:37:48.997+0300] {processor.py:179} INFO - Processing /Users/olgastash/neoflex_env_airflow/lib/python3.10/site-packages/airflow/example_dags/example_latest_only_with_trigger.py took 1.044 seconds
[2023-07-30T21:42:06.298+0300] {processor.py:157} INFO - Started process (PID=36230) to work on /Users/olgastash/neoflex_env_airflow/lib/python3.10/site-packages/airflow/example_dags/example_latest_only_with_trigger.py
[2023-07-30T21:42:06.299+0300] {processor.py:826} INFO - Processing file /Users/olgastash/neoflex_env_airflow/lib/python3.10/site-packages/airflow/example_dags/example_latest_only_with_trigger.py for tasks to queue
[2023-07-30T21:42:06.300+0300] {logging_mixin.py:150} INFO - [2023-07-30T21:42:06.300+0300] {dagbag.py:541} INFO - Filling up the DagBag from /Users/olgastash/neoflex_env_airflow/lib/python3.10/site-packages/airflow/example_dags/example_latest_only_with_trigger.py
[2023-07-30T21:42:06.324+0300] {processor.py:836} INFO - DAG(s) dict_keys(['latest_only_with_trigger']) retrieved from /Users/olgastash/neoflex_env_airflow/lib/python3.10/site-packages/airflow/example_dags/example_latest_only_with_trigger.py
[2023-07-30T21:42:07.370+0300] {logging_mixin.py:150} INFO - [2023-07-30T21:42:07.370+0300] {dag.py:2742} INFO - Sync 1 DAGs
[2023-07-30T21:42:07.392+0300] {logging_mixin.py:150} INFO - [2023-07-30T21:42:07.392+0300] {dag.py:3504} INFO - Setting next_dagrun for latest_only_with_trigger to 2023-07-30T14:42:07.392216+00:00, run_after=2023-07-30T18:42:07.392216+00:00
[2023-07-30T21:42:07.415+0300] {processor.py:179} INFO - Processing /Users/olgastash/neoflex_env_airflow/lib/python3.10/site-packages/airflow/example_dags/example_latest_only_with_trigger.py took 1.117 seconds
[2023-07-30T21:46:27.630+0300] {processor.py:157} INFO - Started process (PID=36410) to work on /Users/olgastash/neoflex_env_airflow/lib/python3.10/site-packages/airflow/example_dags/example_latest_only_with_trigger.py
[2023-07-30T21:46:27.631+0300] {processor.py:826} INFO - Processing file /Users/olgastash/neoflex_env_airflow/lib/python3.10/site-packages/airflow/example_dags/example_latest_only_with_trigger.py for tasks to queue
[2023-07-30T21:46:27.631+0300] {logging_mixin.py:150} INFO - [2023-07-30T21:46:27.631+0300] {dagbag.py:541} INFO - Filling up the DagBag from /Users/olgastash/neoflex_env_airflow/lib/python3.10/site-packages/airflow/example_dags/example_latest_only_with_trigger.py
[2023-07-30T21:46:27.653+0300] {processor.py:836} INFO - DAG(s) dict_keys(['latest_only_with_trigger']) retrieved from /Users/olgastash/neoflex_env_airflow/lib/python3.10/site-packages/airflow/example_dags/example_latest_only_with_trigger.py
[2023-07-30T21:46:28.726+0300] {logging_mixin.py:150} INFO - [2023-07-30T21:46:28.726+0300] {dag.py:2742} INFO - Sync 1 DAGs
[2023-07-30T21:46:28.749+0300] {logging_mixin.py:150} INFO - [2023-07-30T21:46:28.749+0300] {dag.py:3504} INFO - Setting next_dagrun for latest_only_with_trigger to 2023-07-30T14:46:28.749298+00:00, run_after=2023-07-30T18:46:28.749298+00:00
[2023-07-30T21:46:28.771+0300] {processor.py:179} INFO - Processing /Users/olgastash/neoflex_env_airflow/lib/python3.10/site-packages/airflow/example_dags/example_latest_only_with_trigger.py took 1.143 seconds
[2023-07-30T21:50:47.209+0300] {processor.py:157} INFO - Started process (PID=36600) to work on /Users/olgastash/neoflex_env_airflow/lib/python3.10/site-packages/airflow/example_dags/example_latest_only_with_trigger.py
[2023-07-30T21:50:47.211+0300] {processor.py:826} INFO - Processing file /Users/olgastash/neoflex_env_airflow/lib/python3.10/site-packages/airflow/example_dags/example_latest_only_with_trigger.py for tasks to queue
[2023-07-30T21:50:47.211+0300] {logging_mixin.py:150} INFO - [2023-07-30T21:50:47.211+0300] {dagbag.py:541} INFO - Filling up the DagBag from /Users/olgastash/neoflex_env_airflow/lib/python3.10/site-packages/airflow/example_dags/example_latest_only_with_trigger.py
[2023-07-30T21:50:47.234+0300] {processor.py:836} INFO - DAG(s) dict_keys(['latest_only_with_trigger']) retrieved from /Users/olgastash/neoflex_env_airflow/lib/python3.10/site-packages/airflow/example_dags/example_latest_only_with_trigger.py
[2023-07-30T21:50:48.255+0300] {logging_mixin.py:150} INFO - [2023-07-30T21:50:48.255+0300] {dag.py:2742} INFO - Sync 1 DAGs
[2023-07-30T21:50:48.275+0300] {logging_mixin.py:150} INFO - [2023-07-30T21:50:48.275+0300] {dag.py:3504} INFO - Setting next_dagrun for latest_only_with_trigger to 2023-07-30T14:50:48.274969+00:00, run_after=2023-07-30T18:50:48.274969+00:00
[2023-07-30T21:50:48.296+0300] {processor.py:179} INFO - Processing /Users/olgastash/neoflex_env_airflow/lib/python3.10/site-packages/airflow/example_dags/example_latest_only_with_trigger.py took 1.087 seconds
[2023-07-30T21:55:05.778+0300] {processor.py:157} INFO - Started process (PID=36821) to work on /Users/olgastash/neoflex_env_airflow/lib/python3.10/site-packages/airflow/example_dags/example_latest_only_with_trigger.py
[2023-07-30T21:55:05.779+0300] {processor.py:826} INFO - Processing file /Users/olgastash/neoflex_env_airflow/lib/python3.10/site-packages/airflow/example_dags/example_latest_only_with_trigger.py for tasks to queue
[2023-07-30T21:55:05.780+0300] {logging_mixin.py:150} INFO - [2023-07-30T21:55:05.780+0300] {dagbag.py:541} INFO - Filling up the DagBag from /Users/olgastash/neoflex_env_airflow/lib/python3.10/site-packages/airflow/example_dags/example_latest_only_with_trigger.py
[2023-07-30T21:55:05.803+0300] {processor.py:836} INFO - DAG(s) dict_keys(['latest_only_with_trigger']) retrieved from /Users/olgastash/neoflex_env_airflow/lib/python3.10/site-packages/airflow/example_dags/example_latest_only_with_trigger.py
[2023-07-30T21:55:06.810+0300] {logging_mixin.py:150} INFO - [2023-07-30T21:55:06.810+0300] {dag.py:2742} INFO - Sync 1 DAGs
[2023-07-30T21:55:06.830+0300] {logging_mixin.py:150} INFO - [2023-07-30T21:55:06.829+0300] {dag.py:3504} INFO - Setting next_dagrun for latest_only_with_trigger to 2023-07-30T14:55:06.829800+00:00, run_after=2023-07-30T18:55:06.829800+00:00
[2023-07-30T21:55:06.851+0300] {processor.py:179} INFO - Processing /Users/olgastash/neoflex_env_airflow/lib/python3.10/site-packages/airflow/example_dags/example_latest_only_with_trigger.py took 1.073 seconds
[2023-07-30T21:59:29.409+0300] {processor.py:157} INFO - Started process (PID=37006) to work on /Users/olgastash/neoflex_env_airflow/lib/python3.10/site-packages/airflow/example_dags/example_latest_only_with_trigger.py
[2023-07-30T21:59:29.410+0300] {processor.py:826} INFO - Processing file /Users/olgastash/neoflex_env_airflow/lib/python3.10/site-packages/airflow/example_dags/example_latest_only_with_trigger.py for tasks to queue
[2023-07-30T21:59:29.410+0300] {logging_mixin.py:150} INFO - [2023-07-30T21:59:29.410+0300] {dagbag.py:541} INFO - Filling up the DagBag from /Users/olgastash/neoflex_env_airflow/lib/python3.10/site-packages/airflow/example_dags/example_latest_only_with_trigger.py
[2023-07-30T21:59:29.434+0300] {processor.py:836} INFO - DAG(s) dict_keys(['latest_only_with_trigger']) retrieved from /Users/olgastash/neoflex_env_airflow/lib/python3.10/site-packages/airflow/example_dags/example_latest_only_with_trigger.py
[2023-07-30T21:59:30.346+0300] {logging_mixin.py:150} INFO - [2023-07-30T21:59:30.345+0300] {dag.py:2742} INFO - Sync 1 DAGs
[2023-07-30T21:59:30.364+0300] {logging_mixin.py:150} INFO - [2023-07-30T21:59:30.364+0300] {dag.py:3504} INFO - Setting next_dagrun for latest_only_with_trigger to 2023-07-30T14:59:30.364370+00:00, run_after=2023-07-30T18:59:30.364370+00:00
[2023-07-30T21:59:30.385+0300] {processor.py:179} INFO - Processing /Users/olgastash/neoflex_env_airflow/lib/python3.10/site-packages/airflow/example_dags/example_latest_only_with_trigger.py took 0.977 seconds
[2023-07-30T22:03:57.740+0300] {processor.py:157} INFO - Started process (PID=37227) to work on /Users/olgastash/neoflex_env_airflow/lib/python3.10/site-packages/airflow/example_dags/example_latest_only_with_trigger.py
[2023-07-30T22:03:57.741+0300] {processor.py:826} INFO - Processing file /Users/olgastash/neoflex_env_airflow/lib/python3.10/site-packages/airflow/example_dags/example_latest_only_with_trigger.py for tasks to queue
[2023-07-30T22:03:57.742+0300] {logging_mixin.py:150} INFO - [2023-07-30T22:03:57.742+0300] {dagbag.py:541} INFO - Filling up the DagBag from /Users/olgastash/neoflex_env_airflow/lib/python3.10/site-packages/airflow/example_dags/example_latest_only_with_trigger.py
[2023-07-30T22:03:57.765+0300] {processor.py:836} INFO - DAG(s) dict_keys(['latest_only_with_trigger']) retrieved from /Users/olgastash/neoflex_env_airflow/lib/python3.10/site-packages/airflow/example_dags/example_latest_only_with_trigger.py
[2023-07-30T22:03:58.756+0300] {logging_mixin.py:150} INFO - [2023-07-30T22:03:58.755+0300] {dag.py:2742} INFO - Sync 1 DAGs
[2023-07-30T22:03:58.775+0300] {logging_mixin.py:150} INFO - [2023-07-30T22:03:58.775+0300] {dag.py:3504} INFO - Setting next_dagrun for latest_only_with_trigger to 2023-07-30T15:03:58.775193+00:00, run_after=2023-07-30T19:03:58.775193+00:00
[2023-07-30T22:03:58.797+0300] {processor.py:179} INFO - Processing /Users/olgastash/neoflex_env_airflow/lib/python3.10/site-packages/airflow/example_dags/example_latest_only_with_trigger.py took 1.057 seconds
[2023-07-30T22:08:28.224+0300] {processor.py:157} INFO - Started process (PID=37430) to work on /Users/olgastash/neoflex_env_airflow/lib/python3.10/site-packages/airflow/example_dags/example_latest_only_with_trigger.py
[2023-07-30T22:08:28.225+0300] {processor.py:826} INFO - Processing file /Users/olgastash/neoflex_env_airflow/lib/python3.10/site-packages/airflow/example_dags/example_latest_only_with_trigger.py for tasks to queue
[2023-07-30T22:08:28.226+0300] {logging_mixin.py:150} INFO - [2023-07-30T22:08:28.226+0300] {dagbag.py:541} INFO - Filling up the DagBag from /Users/olgastash/neoflex_env_airflow/lib/python3.10/site-packages/airflow/example_dags/example_latest_only_with_trigger.py
[2023-07-30T22:08:28.250+0300] {processor.py:836} INFO - DAG(s) dict_keys(['latest_only_with_trigger']) retrieved from /Users/olgastash/neoflex_env_airflow/lib/python3.10/site-packages/airflow/example_dags/example_latest_only_with_trigger.py
[2023-07-30T22:08:29.256+0300] {logging_mixin.py:150} INFO - [2023-07-30T22:08:29.256+0300] {dag.py:2742} INFO - Sync 1 DAGs
[2023-07-30T22:08:29.275+0300] {logging_mixin.py:150} INFO - [2023-07-30T22:08:29.275+0300] {dag.py:3504} INFO - Setting next_dagrun for latest_only_with_trigger to 2023-07-30T15:08:29.275315+00:00, run_after=2023-07-30T19:08:29.275315+00:00
[2023-07-30T22:08:29.296+0300] {processor.py:179} INFO - Processing /Users/olgastash/neoflex_env_airflow/lib/python3.10/site-packages/airflow/example_dags/example_latest_only_with_trigger.py took 1.073 seconds
[2023-07-30T22:12:56.507+0300] {processor.py:157} INFO - Started process (PID=37638) to work on /Users/olgastash/neoflex_env_airflow/lib/python3.10/site-packages/airflow/example_dags/example_latest_only_with_trigger.py
[2023-07-30T22:12:56.508+0300] {processor.py:826} INFO - Processing file /Users/olgastash/neoflex_env_airflow/lib/python3.10/site-packages/airflow/example_dags/example_latest_only_with_trigger.py for tasks to queue
[2023-07-30T22:12:56.509+0300] {logging_mixin.py:150} INFO - [2023-07-30T22:12:56.508+0300] {dagbag.py:541} INFO - Filling up the DagBag from /Users/olgastash/neoflex_env_airflow/lib/python3.10/site-packages/airflow/example_dags/example_latest_only_with_trigger.py
[2023-07-30T22:12:56.532+0300] {processor.py:836} INFO - DAG(s) dict_keys(['latest_only_with_trigger']) retrieved from /Users/olgastash/neoflex_env_airflow/lib/python3.10/site-packages/airflow/example_dags/example_latest_only_with_trigger.py
[2023-07-30T22:12:57.538+0300] {logging_mixin.py:150} INFO - [2023-07-30T22:12:57.537+0300] {dag.py:2742} INFO - Sync 1 DAGs
[2023-07-30T22:12:57.557+0300] {logging_mixin.py:150} INFO - [2023-07-30T22:12:57.557+0300] {dag.py:3504} INFO - Setting next_dagrun for latest_only_with_trigger to 2023-07-30T15:12:57.557287+00:00, run_after=2023-07-30T19:12:57.557287+00:00
[2023-07-30T22:12:57.578+0300] {processor.py:179} INFO - Processing /Users/olgastash/neoflex_env_airflow/lib/python3.10/site-packages/airflow/example_dags/example_latest_only_with_trigger.py took 1.072 seconds
[2023-07-30T22:17:26.162+0300] {processor.py:157} INFO - Started process (PID=37853) to work on /Users/olgastash/neoflex_env_airflow/lib/python3.10/site-packages/airflow/example_dags/example_latest_only_with_trigger.py
[2023-07-30T22:17:26.163+0300] {processor.py:826} INFO - Processing file /Users/olgastash/neoflex_env_airflow/lib/python3.10/site-packages/airflow/example_dags/example_latest_only_with_trigger.py for tasks to queue
[2023-07-30T22:17:26.164+0300] {logging_mixin.py:150} INFO - [2023-07-30T22:17:26.164+0300] {dagbag.py:541} INFO - Filling up the DagBag from /Users/olgastash/neoflex_env_airflow/lib/python3.10/site-packages/airflow/example_dags/example_latest_only_with_trigger.py
[2023-07-30T22:17:26.188+0300] {processor.py:836} INFO - DAG(s) dict_keys(['latest_only_with_trigger']) retrieved from /Users/olgastash/neoflex_env_airflow/lib/python3.10/site-packages/airflow/example_dags/example_latest_only_with_trigger.py
[2023-07-30T22:17:27.266+0300] {logging_mixin.py:150} INFO - [2023-07-30T22:17:27.266+0300] {dag.py:2742} INFO - Sync 1 DAGs
[2023-07-30T22:17:27.286+0300] {logging_mixin.py:150} INFO - [2023-07-30T22:17:27.286+0300] {dag.py:3504} INFO - Setting next_dagrun for latest_only_with_trigger to 2023-07-30T15:17:27.286432+00:00, run_after=2023-07-30T19:17:27.286432+00:00
[2023-07-30T22:17:27.308+0300] {processor.py:179} INFO - Processing /Users/olgastash/neoflex_env_airflow/lib/python3.10/site-packages/airflow/example_dags/example_latest_only_with_trigger.py took 1.147 seconds
[2023-07-30T22:21:55.900+0300] {processor.py:157} INFO - Started process (PID=38101) to work on /Users/olgastash/neoflex_env_airflow/lib/python3.10/site-packages/airflow/example_dags/example_latest_only_with_trigger.py
[2023-07-30T22:21:55.901+0300] {processor.py:826} INFO - Processing file /Users/olgastash/neoflex_env_airflow/lib/python3.10/site-packages/airflow/example_dags/example_latest_only_with_trigger.py for tasks to queue
[2023-07-30T22:21:55.902+0300] {logging_mixin.py:150} INFO - [2023-07-30T22:21:55.902+0300] {dagbag.py:541} INFO - Filling up the DagBag from /Users/olgastash/neoflex_env_airflow/lib/python3.10/site-packages/airflow/example_dags/example_latest_only_with_trigger.py
[2023-07-30T22:21:55.924+0300] {processor.py:836} INFO - DAG(s) dict_keys(['latest_only_with_trigger']) retrieved from /Users/olgastash/neoflex_env_airflow/lib/python3.10/site-packages/airflow/example_dags/example_latest_only_with_trigger.py
[2023-07-30T22:21:56.943+0300] {logging_mixin.py:150} INFO - [2023-07-30T22:21:56.943+0300] {dag.py:2742} INFO - Sync 1 DAGs
[2023-07-30T22:21:56.964+0300] {logging_mixin.py:150} INFO - [2023-07-30T22:21:56.963+0300] {dag.py:3504} INFO - Setting next_dagrun for latest_only_with_trigger to 2023-07-30T15:21:56.963758+00:00, run_after=2023-07-30T19:21:56.963758+00:00
[2023-07-30T22:21:56.985+0300] {processor.py:179} INFO - Processing /Users/olgastash/neoflex_env_airflow/lib/python3.10/site-packages/airflow/example_dags/example_latest_only_with_trigger.py took 1.086 seconds
[2023-07-30T22:26:25.619+0300] {processor.py:157} INFO - Started process (PID=38359) to work on /Users/olgastash/neoflex_env_airflow/lib/python3.10/site-packages/airflow/example_dags/example_latest_only_with_trigger.py
[2023-07-30T22:26:25.620+0300] {processor.py:826} INFO - Processing file /Users/olgastash/neoflex_env_airflow/lib/python3.10/site-packages/airflow/example_dags/example_latest_only_with_trigger.py for tasks to queue
[2023-07-30T22:26:25.621+0300] {logging_mixin.py:150} INFO - [2023-07-30T22:26:25.621+0300] {dagbag.py:541} INFO - Filling up the DagBag from /Users/olgastash/neoflex_env_airflow/lib/python3.10/site-packages/airflow/example_dags/example_latest_only_with_trigger.py
[2023-07-30T22:26:25.645+0300] {processor.py:836} INFO - DAG(s) dict_keys(['latest_only_with_trigger']) retrieved from /Users/olgastash/neoflex_env_airflow/lib/python3.10/site-packages/airflow/example_dags/example_latest_only_with_trigger.py
[2023-07-30T22:26:26.730+0300] {logging_mixin.py:150} INFO - [2023-07-30T22:26:26.729+0300] {dag.py:2742} INFO - Sync 1 DAGs
[2023-07-30T22:26:26.751+0300] {logging_mixin.py:150} INFO - [2023-07-30T22:26:26.750+0300] {dag.py:3504} INFO - Setting next_dagrun for latest_only_with_trigger to 2023-07-30T15:26:26.750631+00:00, run_after=2023-07-30T19:26:26.750631+00:00
[2023-07-30T22:26:26.773+0300] {processor.py:179} INFO - Processing /Users/olgastash/neoflex_env_airflow/lib/python3.10/site-packages/airflow/example_dags/example_latest_only_with_trigger.py took 1.155 seconds
[2023-07-30T22:30:55.492+0300] {processor.py:157} INFO - Started process (PID=38597) to work on /Users/olgastash/neoflex_env_airflow/lib/python3.10/site-packages/airflow/example_dags/example_latest_only_with_trigger.py
[2023-07-30T22:30:55.493+0300] {processor.py:826} INFO - Processing file /Users/olgastash/neoflex_env_airflow/lib/python3.10/site-packages/airflow/example_dags/example_latest_only_with_trigger.py for tasks to queue
[2023-07-30T22:30:55.493+0300] {logging_mixin.py:150} INFO - [2023-07-30T22:30:55.493+0300] {dagbag.py:541} INFO - Filling up the DagBag from /Users/olgastash/neoflex_env_airflow/lib/python3.10/site-packages/airflow/example_dags/example_latest_only_with_trigger.py
[2023-07-30T22:30:55.516+0300] {processor.py:836} INFO - DAG(s) dict_keys(['latest_only_with_trigger']) retrieved from /Users/olgastash/neoflex_env_airflow/lib/python3.10/site-packages/airflow/example_dags/example_latest_only_with_trigger.py
[2023-07-30T22:30:56.526+0300] {logging_mixin.py:150} INFO - [2023-07-30T22:30:56.525+0300] {dag.py:2742} INFO - Sync 1 DAGs
[2023-07-30T22:30:56.546+0300] {logging_mixin.py:150} INFO - [2023-07-30T22:30:56.545+0300] {dag.py:3504} INFO - Setting next_dagrun for latest_only_with_trigger to 2023-07-30T15:30:56.545724+00:00, run_after=2023-07-30T19:30:56.545724+00:00
[2023-07-30T22:30:56.566+0300] {processor.py:179} INFO - Processing /Users/olgastash/neoflex_env_airflow/lib/python3.10/site-packages/airflow/example_dags/example_latest_only_with_trigger.py took 1.075 seconds
[2023-07-30T22:35:22.017+0300] {processor.py:157} INFO - Started process (PID=38797) to work on /Users/olgastash/neoflex_env_airflow/lib/python3.10/site-packages/airflow/example_dags/example_latest_only_with_trigger.py
[2023-07-30T22:35:22.018+0300] {processor.py:826} INFO - Processing file /Users/olgastash/neoflex_env_airflow/lib/python3.10/site-packages/airflow/example_dags/example_latest_only_with_trigger.py for tasks to queue
[2023-07-30T22:35:22.019+0300] {logging_mixin.py:150} INFO - [2023-07-30T22:35:22.018+0300] {dagbag.py:541} INFO - Filling up the DagBag from /Users/olgastash/neoflex_env_airflow/lib/python3.10/site-packages/airflow/example_dags/example_latest_only_with_trigger.py
[2023-07-30T22:35:22.041+0300] {processor.py:836} INFO - DAG(s) dict_keys(['latest_only_with_trigger']) retrieved from /Users/olgastash/neoflex_env_airflow/lib/python3.10/site-packages/airflow/example_dags/example_latest_only_with_trigger.py
[2023-07-30T22:35:23.029+0300] {logging_mixin.py:150} INFO - [2023-07-30T22:35:23.028+0300] {dag.py:2742} INFO - Sync 1 DAGs
[2023-07-30T22:35:23.048+0300] {logging_mixin.py:150} INFO - [2023-07-30T22:35:23.048+0300] {dag.py:3504} INFO - Setting next_dagrun for latest_only_with_trigger to 2023-07-30T15:35:23.047935+00:00, run_after=2023-07-30T19:35:23.047935+00:00
[2023-07-30T22:35:23.068+0300] {processor.py:179} INFO - Processing /Users/olgastash/neoflex_env_airflow/lib/python3.10/site-packages/airflow/example_dags/example_latest_only_with_trigger.py took 1.052 seconds
[2023-07-30T22:39:46.321+0300] {processor.py:157} INFO - Started process (PID=39013) to work on /Users/olgastash/neoflex_env_airflow/lib/python3.10/site-packages/airflow/example_dags/example_latest_only_with_trigger.py
[2023-07-30T22:39:46.323+0300] {processor.py:826} INFO - Processing file /Users/olgastash/neoflex_env_airflow/lib/python3.10/site-packages/airflow/example_dags/example_latest_only_with_trigger.py for tasks to queue
[2023-07-30T22:39:46.323+0300] {logging_mixin.py:150} INFO - [2023-07-30T22:39:46.323+0300] {dagbag.py:541} INFO - Filling up the DagBag from /Users/olgastash/neoflex_env_airflow/lib/python3.10/site-packages/airflow/example_dags/example_latest_only_with_trigger.py
[2023-07-30T22:39:46.346+0300] {processor.py:836} INFO - DAG(s) dict_keys(['latest_only_with_trigger']) retrieved from /Users/olgastash/neoflex_env_airflow/lib/python3.10/site-packages/airflow/example_dags/example_latest_only_with_trigger.py
[2023-07-30T22:39:47.295+0300] {logging_mixin.py:150} INFO - [2023-07-30T22:39:47.295+0300] {dag.py:2742} INFO - Sync 1 DAGs
[2023-07-30T22:39:47.314+0300] {logging_mixin.py:150} INFO - [2023-07-30T22:39:47.314+0300] {dag.py:3504} INFO - Setting next_dagrun for latest_only_with_trigger to 2023-07-30T15:39:47.314558+00:00, run_after=2023-07-30T19:39:47.314558+00:00
[2023-07-30T22:39:47.335+0300] {processor.py:179} INFO - Processing /Users/olgastash/neoflex_env_airflow/lib/python3.10/site-packages/airflow/example_dags/example_latest_only_with_trigger.py took 1.014 seconds
[2023-07-30T22:44:11.584+0300] {processor.py:157} INFO - Started process (PID=39257) to work on /Users/olgastash/neoflex_env_airflow/lib/python3.10/site-packages/airflow/example_dags/example_latest_only_with_trigger.py
[2023-07-30T22:44:11.586+0300] {processor.py:826} INFO - Processing file /Users/olgastash/neoflex_env_airflow/lib/python3.10/site-packages/airflow/example_dags/example_latest_only_with_trigger.py for tasks to queue
[2023-07-30T22:44:11.586+0300] {logging_mixin.py:150} INFO - [2023-07-30T22:44:11.586+0300] {dagbag.py:541} INFO - Filling up the DagBag from /Users/olgastash/neoflex_env_airflow/lib/python3.10/site-packages/airflow/example_dags/example_latest_only_with_trigger.py
[2023-07-30T22:44:11.609+0300] {processor.py:836} INFO - DAG(s) dict_keys(['latest_only_with_trigger']) retrieved from /Users/olgastash/neoflex_env_airflow/lib/python3.10/site-packages/airflow/example_dags/example_latest_only_with_trigger.py
[2023-07-30T22:44:12.613+0300] {logging_mixin.py:150} INFO - [2023-07-30T22:44:12.613+0300] {dag.py:2742} INFO - Sync 1 DAGs
[2023-07-30T22:44:12.633+0300] {logging_mixin.py:150} INFO - [2023-07-30T22:44:12.633+0300] {dag.py:3504} INFO - Setting next_dagrun for latest_only_with_trigger to 2023-07-30T15:44:12.633502+00:00, run_after=2023-07-30T19:44:12.633502+00:00
[2023-07-30T22:44:12.655+0300] {processor.py:179} INFO - Processing /Users/olgastash/neoflex_env_airflow/lib/python3.10/site-packages/airflow/example_dags/example_latest_only_with_trigger.py took 1.072 seconds
[2023-07-30T22:48:39.770+0300] {processor.py:157} INFO - Started process (PID=39480) to work on /Users/olgastash/neoflex_env_airflow/lib/python3.10/site-packages/airflow/example_dags/example_latest_only_with_trigger.py
[2023-07-30T22:48:39.771+0300] {processor.py:826} INFO - Processing file /Users/olgastash/neoflex_env_airflow/lib/python3.10/site-packages/airflow/example_dags/example_latest_only_with_trigger.py for tasks to queue
[2023-07-30T22:48:39.772+0300] {logging_mixin.py:150} INFO - [2023-07-30T22:48:39.772+0300] {dagbag.py:541} INFO - Filling up the DagBag from /Users/olgastash/neoflex_env_airflow/lib/python3.10/site-packages/airflow/example_dags/example_latest_only_with_trigger.py
[2023-07-30T22:48:39.796+0300] {processor.py:836} INFO - DAG(s) dict_keys(['latest_only_with_trigger']) retrieved from /Users/olgastash/neoflex_env_airflow/lib/python3.10/site-packages/airflow/example_dags/example_latest_only_with_trigger.py
[2023-07-30T22:48:40.853+0300] {logging_mixin.py:150} INFO - [2023-07-30T22:48:40.853+0300] {dag.py:2742} INFO - Sync 1 DAGs
[2023-07-30T22:48:40.872+0300] {logging_mixin.py:150} INFO - [2023-07-30T22:48:40.872+0300] {dag.py:3504} INFO - Setting next_dagrun for latest_only_with_trigger to 2023-07-30T15:48:40.872597+00:00, run_after=2023-07-30T19:48:40.872597+00:00
[2023-07-30T22:48:40.895+0300] {processor.py:179} INFO - Processing /Users/olgastash/neoflex_env_airflow/lib/python3.10/site-packages/airflow/example_dags/example_latest_only_with_trigger.py took 1.126 seconds
[2023-07-30T22:53:11.151+0300] {processor.py:157} INFO - Started process (PID=39729) to work on /Users/olgastash/neoflex_env_airflow/lib/python3.10/site-packages/airflow/example_dags/example_latest_only_with_trigger.py
[2023-07-30T22:53:11.152+0300] {processor.py:826} INFO - Processing file /Users/olgastash/neoflex_env_airflow/lib/python3.10/site-packages/airflow/example_dags/example_latest_only_with_trigger.py for tasks to queue
[2023-07-30T22:53:11.153+0300] {logging_mixin.py:150} INFO - [2023-07-30T22:53:11.152+0300] {dagbag.py:541} INFO - Filling up the DagBag from /Users/olgastash/neoflex_env_airflow/lib/python3.10/site-packages/airflow/example_dags/example_latest_only_with_trigger.py
[2023-07-30T22:53:11.175+0300] {processor.py:836} INFO - DAG(s) dict_keys(['latest_only_with_trigger']) retrieved from /Users/olgastash/neoflex_env_airflow/lib/python3.10/site-packages/airflow/example_dags/example_latest_only_with_trigger.py
[2023-07-30T22:53:12.167+0300] {logging_mixin.py:150} INFO - [2023-07-30T22:53:12.166+0300] {dag.py:2742} INFO - Sync 1 DAGs
[2023-07-30T22:53:12.186+0300] {logging_mixin.py:150} INFO - [2023-07-30T22:53:12.186+0300] {dag.py:3504} INFO - Setting next_dagrun for latest_only_with_trigger to 2023-07-30T15:53:12.186302+00:00, run_after=2023-07-30T19:53:12.186302+00:00
[2023-07-30T22:53:12.207+0300] {processor.py:179} INFO - Processing /Users/olgastash/neoflex_env_airflow/lib/python3.10/site-packages/airflow/example_dags/example_latest_only_with_trigger.py took 1.057 seconds
[2023-07-30T22:57:44.435+0300] {processor.py:157} INFO - Started process (PID=39943) to work on /Users/olgastash/neoflex_env_airflow/lib/python3.10/site-packages/airflow/example_dags/example_latest_only_with_trigger.py
[2023-07-30T22:57:44.436+0300] {processor.py:826} INFO - Processing file /Users/olgastash/neoflex_env_airflow/lib/python3.10/site-packages/airflow/example_dags/example_latest_only_with_trigger.py for tasks to queue
[2023-07-30T22:57:44.437+0300] {logging_mixin.py:150} INFO - [2023-07-30T22:57:44.436+0300] {dagbag.py:541} INFO - Filling up the DagBag from /Users/olgastash/neoflex_env_airflow/lib/python3.10/site-packages/airflow/example_dags/example_latest_only_with_trigger.py
[2023-07-30T22:57:44.460+0300] {processor.py:836} INFO - DAG(s) dict_keys(['latest_only_with_trigger']) retrieved from /Users/olgastash/neoflex_env_airflow/lib/python3.10/site-packages/airflow/example_dags/example_latest_only_with_trigger.py
[2023-07-30T22:57:45.486+0300] {logging_mixin.py:150} INFO - [2023-07-30T22:57:45.486+0300] {dag.py:2742} INFO - Sync 1 DAGs
[2023-07-30T22:57:45.506+0300] {logging_mixin.py:150} INFO - [2023-07-30T22:57:45.506+0300] {dag.py:3504} INFO - Setting next_dagrun for latest_only_with_trigger to 2023-07-30T15:57:45.506103+00:00, run_after=2023-07-30T19:57:45.506103+00:00
[2023-07-30T22:57:45.527+0300] {processor.py:179} INFO - Processing /Users/olgastash/neoflex_env_airflow/lib/python3.10/site-packages/airflow/example_dags/example_latest_only_with_trigger.py took 1.093 seconds
[2023-07-30T23:02:15.921+0300] {processor.py:157} INFO - Started process (PID=40186) to work on /Users/olgastash/neoflex_env_airflow/lib/python3.10/site-packages/airflow/example_dags/example_latest_only_with_trigger.py
[2023-07-30T23:02:15.922+0300] {processor.py:826} INFO - Processing file /Users/olgastash/neoflex_env_airflow/lib/python3.10/site-packages/airflow/example_dags/example_latest_only_with_trigger.py for tasks to queue
[2023-07-30T23:02:15.923+0300] {logging_mixin.py:150} INFO - [2023-07-30T23:02:15.923+0300] {dagbag.py:541} INFO - Filling up the DagBag from /Users/olgastash/neoflex_env_airflow/lib/python3.10/site-packages/airflow/example_dags/example_latest_only_with_trigger.py
[2023-07-30T23:02:15.946+0300] {processor.py:836} INFO - DAG(s) dict_keys(['latest_only_with_trigger']) retrieved from /Users/olgastash/neoflex_env_airflow/lib/python3.10/site-packages/airflow/example_dags/example_latest_only_with_trigger.py
[2023-07-30T23:02:17.020+0300] {logging_mixin.py:150} INFO - [2023-07-30T23:02:17.020+0300] {dag.py:2742} INFO - Sync 1 DAGs
[2023-07-30T23:02:17.040+0300] {logging_mixin.py:150} INFO - [2023-07-30T23:02:17.040+0300] {dag.py:3504} INFO - Setting next_dagrun for latest_only_with_trigger to 2023-07-30T16:02:17.040212+00:00, run_after=2023-07-30T20:02:17.040212+00:00
[2023-07-30T23:02:17.061+0300] {processor.py:179} INFO - Processing /Users/olgastash/neoflex_env_airflow/lib/python3.10/site-packages/airflow/example_dags/example_latest_only_with_trigger.py took 1.141 seconds
