[2023-07-30T18:29:14.279+0300] {processor.py:157} INFO - Started process (PID=28967) to work on /Users/olgastash/neoflex_env_airflow/lib/python3.10/site-packages/airflow/example_dags/example_latest_only.py
[2023-07-30T18:29:14.280+0300] {processor.py:826} INFO - Processing file /Users/olgastash/neoflex_env_airflow/lib/python3.10/site-packages/airflow/example_dags/example_latest_only.py for tasks to queue
[2023-07-30T18:29:14.280+0300] {logging_mixin.py:150} INFO - [2023-07-30T18:29:14.280+0300] {dagbag.py:541} INFO - Filling up the DagBag from /Users/olgastash/neoflex_env_airflow/lib/python3.10/site-packages/airflow/example_dags/example_latest_only.py
[2023-07-30T18:29:14.302+0300] {processor.py:836} INFO - DAG(s) dict_keys(['latest_only']) retrieved from /Users/olgastash/neoflex_env_airflow/lib/python3.10/site-packages/airflow/example_dags/example_latest_only.py
[2023-07-30T18:29:15.301+0300] {logging_mixin.py:150} INFO - [2023-07-30T18:29:15.300+0300] {manager.py:504} INFO - Created Permission View: can edit on DAG:latest_only
[2023-07-30T18:29:15.310+0300] {logging_mixin.py:150} INFO - [2023-07-30T18:29:15.310+0300] {manager.py:504} INFO - Created Permission View: can delete on DAG:latest_only
[2023-07-30T18:29:15.317+0300] {logging_mixin.py:150} INFO - [2023-07-30T18:29:15.317+0300] {manager.py:504} INFO - Created Permission View: can read on DAG:latest_only
[2023-07-30T18:29:15.328+0300] {logging_mixin.py:150} INFO - [2023-07-30T18:29:15.328+0300] {dag.py:2742} INFO - Sync 1 DAGs
[2023-07-30T18:29:15.339+0300] {logging_mixin.py:150} INFO - [2023-07-30T18:29:15.338+0300] {dag.py:2763} INFO - Creating ORM DAG for latest_only
[2023-07-30T18:29:15.348+0300] {logging_mixin.py:150} INFO - [2023-07-30T18:29:15.347+0300] {dag.py:3504} INFO - Setting next_dagrun for latest_only to 2023-07-30T11:29:15.347715+00:00, run_after=2023-07-30T15:29:15.347715+00:00
[2023-07-30T18:29:15.367+0300] {processor.py:179} INFO - Processing /Users/olgastash/neoflex_env_airflow/lib/python3.10/site-packages/airflow/example_dags/example_latest_only.py took 1.089 seconds
[2023-07-30T18:31:45.504+0300] {processor.py:157} INFO - Started process (PID=29082) to work on /Users/olgastash/neoflex_env_airflow/lib/python3.10/site-packages/airflow/example_dags/example_latest_only.py
[2023-07-30T18:31:45.505+0300] {processor.py:826} INFO - Processing file /Users/olgastash/neoflex_env_airflow/lib/python3.10/site-packages/airflow/example_dags/example_latest_only.py for tasks to queue
[2023-07-30T18:31:45.505+0300] {logging_mixin.py:150} INFO - [2023-07-30T18:31:45.505+0300] {dagbag.py:541} INFO - Filling up the DagBag from /Users/olgastash/neoflex_env_airflow/lib/python3.10/site-packages/airflow/example_dags/example_latest_only.py
[2023-07-30T18:31:45.527+0300] {processor.py:836} INFO - DAG(s) dict_keys(['latest_only']) retrieved from /Users/olgastash/neoflex_env_airflow/lib/python3.10/site-packages/airflow/example_dags/example_latest_only.py
[2023-07-30T18:31:46.462+0300] {logging_mixin.py:150} INFO - [2023-07-30T18:31:46.461+0300] {dag.py:2742} INFO - Sync 1 DAGs
[2023-07-30T18:31:46.481+0300] {logging_mixin.py:150} INFO - [2023-07-30T18:31:46.481+0300] {dag.py:3504} INFO - Setting next_dagrun for latest_only to 2023-07-30T11:31:46.481056+00:00, run_after=2023-07-30T15:31:46.481056+00:00
[2023-07-30T18:31:46.500+0300] {processor.py:179} INFO - Processing /Users/olgastash/neoflex_env_airflow/lib/python3.10/site-packages/airflow/example_dags/example_latest_only.py took 0.996 seconds
[2023-07-30T18:35:43.377+0300] {processor.py:157} INFO - Started process (PID=29233) to work on /Users/olgastash/neoflex_env_airflow/lib/python3.10/site-packages/airflow/example_dags/example_latest_only.py
[2023-07-30T18:35:43.378+0300] {processor.py:826} INFO - Processing file /Users/olgastash/neoflex_env_airflow/lib/python3.10/site-packages/airflow/example_dags/example_latest_only.py for tasks to queue
[2023-07-30T18:35:43.379+0300] {logging_mixin.py:150} INFO - [2023-07-30T18:35:43.379+0300] {dagbag.py:541} INFO - Filling up the DagBag from /Users/olgastash/neoflex_env_airflow/lib/python3.10/site-packages/airflow/example_dags/example_latest_only.py
[2023-07-30T18:35:43.401+0300] {processor.py:836} INFO - DAG(s) dict_keys(['latest_only']) retrieved from /Users/olgastash/neoflex_env_airflow/lib/python3.10/site-packages/airflow/example_dags/example_latest_only.py
[2023-07-30T18:35:44.276+0300] {logging_mixin.py:150} INFO - [2023-07-30T18:35:44.276+0300] {dag.py:2742} INFO - Sync 1 DAGs
[2023-07-30T18:35:44.295+0300] {logging_mixin.py:150} INFO - [2023-07-30T18:35:44.295+0300] {dag.py:3504} INFO - Setting next_dagrun for latest_only to 2023-07-30T11:35:44.294955+00:00, run_after=2023-07-30T15:35:44.294955+00:00
[2023-07-30T18:35:44.313+0300] {processor.py:179} INFO - Processing /Users/olgastash/neoflex_env_airflow/lib/python3.10/site-packages/airflow/example_dags/example_latest_only.py took 0.936 seconds
[2023-07-30T18:39:35.195+0300] {processor.py:157} INFO - Started process (PID=29383) to work on /Users/olgastash/neoflex_env_airflow/lib/python3.10/site-packages/airflow/example_dags/example_latest_only.py
[2023-07-30T18:39:35.196+0300] {processor.py:826} INFO - Processing file /Users/olgastash/neoflex_env_airflow/lib/python3.10/site-packages/airflow/example_dags/example_latest_only.py for tasks to queue
[2023-07-30T18:39:35.197+0300] {logging_mixin.py:150} INFO - [2023-07-30T18:39:35.197+0300] {dagbag.py:541} INFO - Filling up the DagBag from /Users/olgastash/neoflex_env_airflow/lib/python3.10/site-packages/airflow/example_dags/example_latest_only.py
[2023-07-30T18:39:35.224+0300] {processor.py:836} INFO - DAG(s) dict_keys(['latest_only']) retrieved from /Users/olgastash/neoflex_env_airflow/lib/python3.10/site-packages/airflow/example_dags/example_latest_only.py
[2023-07-30T18:39:36.254+0300] {logging_mixin.py:150} INFO - [2023-07-30T18:39:36.253+0300] {dag.py:2742} INFO - Sync 1 DAGs
[2023-07-30T18:39:36.280+0300] {logging_mixin.py:150} INFO - [2023-07-30T18:39:36.279+0300] {dag.py:3504} INFO - Setting next_dagrun for latest_only to 2023-07-30T11:39:36.279765+00:00, run_after=2023-07-30T15:39:36.279765+00:00
[2023-07-30T18:39:36.308+0300] {processor.py:179} INFO - Processing /Users/olgastash/neoflex_env_airflow/lib/python3.10/site-packages/airflow/example_dags/example_latest_only.py took 1.114 seconds
[2023-07-30T18:43:33.634+0300] {processor.py:157} INFO - Started process (PID=29585) to work on /Users/olgastash/neoflex_env_airflow/lib/python3.10/site-packages/airflow/example_dags/example_latest_only.py
[2023-07-30T18:43:33.635+0300] {processor.py:826} INFO - Processing file /Users/olgastash/neoflex_env_airflow/lib/python3.10/site-packages/airflow/example_dags/example_latest_only.py for tasks to queue
[2023-07-30T18:43:33.635+0300] {logging_mixin.py:150} INFO - [2023-07-30T18:43:33.635+0300] {dagbag.py:541} INFO - Filling up the DagBag from /Users/olgastash/neoflex_env_airflow/lib/python3.10/site-packages/airflow/example_dags/example_latest_only.py
[2023-07-30T18:43:33.657+0300] {processor.py:836} INFO - DAG(s) dict_keys(['latest_only']) retrieved from /Users/olgastash/neoflex_env_airflow/lib/python3.10/site-packages/airflow/example_dags/example_latest_only.py
[2023-07-30T18:43:34.526+0300] {logging_mixin.py:150} INFO - [2023-07-30T18:43:34.525+0300] {dag.py:2742} INFO - Sync 1 DAGs
[2023-07-30T18:43:34.545+0300] {logging_mixin.py:150} INFO - [2023-07-30T18:43:34.545+0300] {dag.py:3504} INFO - Setting next_dagrun for latest_only to 2023-07-30T11:43:34.545489+00:00, run_after=2023-07-30T15:43:34.545489+00:00
[2023-07-30T18:43:34.564+0300] {processor.py:179} INFO - Processing /Users/olgastash/neoflex_env_airflow/lib/python3.10/site-packages/airflow/example_dags/example_latest_only.py took 0.931 seconds
[2023-07-30T18:47:27.235+0300] {processor.py:157} INFO - Started process (PID=29802) to work on /Users/olgastash/neoflex_env_airflow/lib/python3.10/site-packages/airflow/example_dags/example_latest_only.py
[2023-07-30T18:47:27.236+0300] {processor.py:826} INFO - Processing file /Users/olgastash/neoflex_env_airflow/lib/python3.10/site-packages/airflow/example_dags/example_latest_only.py for tasks to queue
[2023-07-30T18:47:27.237+0300] {logging_mixin.py:150} INFO - [2023-07-30T18:47:27.237+0300] {dagbag.py:541} INFO - Filling up the DagBag from /Users/olgastash/neoflex_env_airflow/lib/python3.10/site-packages/airflow/example_dags/example_latest_only.py
[2023-07-30T18:47:27.259+0300] {processor.py:836} INFO - DAG(s) dict_keys(['latest_only']) retrieved from /Users/olgastash/neoflex_env_airflow/lib/python3.10/site-packages/airflow/example_dags/example_latest_only.py
[2023-07-30T18:47:28.127+0300] {logging_mixin.py:150} INFO - [2023-07-30T18:47:28.127+0300] {dag.py:2742} INFO - Sync 1 DAGs
[2023-07-30T18:47:28.146+0300] {logging_mixin.py:150} INFO - [2023-07-30T18:47:28.146+0300] {dag.py:3504} INFO - Setting next_dagrun for latest_only to 2023-07-30T11:47:28.146537+00:00, run_after=2023-07-30T15:47:28.146537+00:00
[2023-07-30T18:47:28.166+0300] {processor.py:179} INFO - Processing /Users/olgastash/neoflex_env_airflow/lib/python3.10/site-packages/airflow/example_dags/example_latest_only.py took 0.932 seconds
[2023-07-30T18:51:18.027+0300] {processor.py:157} INFO - Started process (PID=29990) to work on /Users/olgastash/neoflex_env_airflow/lib/python3.10/site-packages/airflow/example_dags/example_latest_only.py
[2023-07-30T18:51:18.028+0300] {processor.py:826} INFO - Processing file /Users/olgastash/neoflex_env_airflow/lib/python3.10/site-packages/airflow/example_dags/example_latest_only.py for tasks to queue
[2023-07-30T18:51:18.029+0300] {logging_mixin.py:150} INFO - [2023-07-30T18:51:18.028+0300] {dagbag.py:541} INFO - Filling up the DagBag from /Users/olgastash/neoflex_env_airflow/lib/python3.10/site-packages/airflow/example_dags/example_latest_only.py
[2023-07-30T18:51:18.050+0300] {processor.py:836} INFO - DAG(s) dict_keys(['latest_only']) retrieved from /Users/olgastash/neoflex_env_airflow/lib/python3.10/site-packages/airflow/example_dags/example_latest_only.py
[2023-07-30T18:51:18.921+0300] {logging_mixin.py:150} INFO - [2023-07-30T18:51:18.920+0300] {dag.py:2742} INFO - Sync 1 DAGs
[2023-07-30T18:51:18.940+0300] {logging_mixin.py:150} INFO - [2023-07-30T18:51:18.940+0300] {dag.py:3504} INFO - Setting next_dagrun for latest_only to 2023-07-30T11:51:18.940117+00:00, run_after=2023-07-30T15:51:18.940117+00:00
[2023-07-30T18:51:18.958+0300] {processor.py:179} INFO - Processing /Users/olgastash/neoflex_env_airflow/lib/python3.10/site-packages/airflow/example_dags/example_latest_only.py took 0.933 seconds
[2023-07-30T18:55:02.988+0300] {processor.py:157} INFO - Started process (PID=30186) to work on /Users/olgastash/neoflex_env_airflow/lib/python3.10/site-packages/airflow/example_dags/example_latest_only.py
[2023-07-30T18:55:02.989+0300] {processor.py:826} INFO - Processing file /Users/olgastash/neoflex_env_airflow/lib/python3.10/site-packages/airflow/example_dags/example_latest_only.py for tasks to queue
[2023-07-30T18:55:02.990+0300] {logging_mixin.py:150} INFO - [2023-07-30T18:55:02.990+0300] {dagbag.py:541} INFO - Filling up the DagBag from /Users/olgastash/neoflex_env_airflow/lib/python3.10/site-packages/airflow/example_dags/example_latest_only.py
[2023-07-30T18:55:03.012+0300] {processor.py:836} INFO - DAG(s) dict_keys(['latest_only']) retrieved from /Users/olgastash/neoflex_env_airflow/lib/python3.10/site-packages/airflow/example_dags/example_latest_only.py
[2023-07-30T18:55:03.871+0300] {logging_mixin.py:150} INFO - [2023-07-30T18:55:03.871+0300] {dag.py:2742} INFO - Sync 1 DAGs
[2023-07-30T18:55:03.890+0300] {logging_mixin.py:150} INFO - [2023-07-30T18:55:03.890+0300] {dag.py:3504} INFO - Setting next_dagrun for latest_only to 2023-07-30T11:55:03.890368+00:00, run_after=2023-07-30T15:55:03.890368+00:00
[2023-07-30T18:55:03.910+0300] {processor.py:179} INFO - Processing /Users/olgastash/neoflex_env_airflow/lib/python3.10/site-packages/airflow/example_dags/example_latest_only.py took 0.922 seconds
[2023-07-30T18:58:52.069+0300] {processor.py:157} INFO - Started process (PID=30375) to work on /Users/olgastash/neoflex_env_airflow/lib/python3.10/site-packages/airflow/example_dags/example_latest_only.py
[2023-07-30T18:58:52.070+0300] {processor.py:826} INFO - Processing file /Users/olgastash/neoflex_env_airflow/lib/python3.10/site-packages/airflow/example_dags/example_latest_only.py for tasks to queue
[2023-07-30T18:58:52.071+0300] {logging_mixin.py:150} INFO - [2023-07-30T18:58:52.070+0300] {dagbag.py:541} INFO - Filling up the DagBag from /Users/olgastash/neoflex_env_airflow/lib/python3.10/site-packages/airflow/example_dags/example_latest_only.py
[2023-07-30T18:58:52.093+0300] {processor.py:836} INFO - DAG(s) dict_keys(['latest_only']) retrieved from /Users/olgastash/neoflex_env_airflow/lib/python3.10/site-packages/airflow/example_dags/example_latest_only.py
[2023-07-30T18:58:52.967+0300] {logging_mixin.py:150} INFO - [2023-07-30T18:58:52.967+0300] {dag.py:2742} INFO - Sync 1 DAGs
[2023-07-30T18:58:52.987+0300] {logging_mixin.py:150} INFO - [2023-07-30T18:58:52.986+0300] {dag.py:3504} INFO - Setting next_dagrun for latest_only to 2023-07-30T11:58:52.986712+00:00, run_after=2023-07-30T15:58:52.986712+00:00
[2023-07-30T18:58:53.005+0300] {processor.py:179} INFO - Processing /Users/olgastash/neoflex_env_airflow/lib/python3.10/site-packages/airflow/example_dags/example_latest_only.py took 0.936 seconds
[2023-07-30T19:03:00.916+0300] {processor.py:157} INFO - Started process (PID=30548) to work on /Users/olgastash/neoflex_env_airflow/lib/python3.10/site-packages/airflow/example_dags/example_latest_only.py
[2023-07-30T19:03:00.917+0300] {processor.py:826} INFO - Processing file /Users/olgastash/neoflex_env_airflow/lib/python3.10/site-packages/airflow/example_dags/example_latest_only.py for tasks to queue
[2023-07-30T19:03:00.918+0300] {logging_mixin.py:150} INFO - [2023-07-30T19:03:00.918+0300] {dagbag.py:541} INFO - Filling up the DagBag from /Users/olgastash/neoflex_env_airflow/lib/python3.10/site-packages/airflow/example_dags/example_latest_only.py
[2023-07-30T19:03:00.940+0300] {processor.py:836} INFO - DAG(s) dict_keys(['latest_only']) retrieved from /Users/olgastash/neoflex_env_airflow/lib/python3.10/site-packages/airflow/example_dags/example_latest_only.py
[2023-07-30T19:03:02.232+0300] {logging_mixin.py:150} INFO - [2023-07-30T19:03:02.232+0300] {dag.py:2742} INFO - Sync 1 DAGs
[2023-07-30T19:03:02.250+0300] {logging_mixin.py:150} INFO - [2023-07-30T19:03:02.250+0300] {dag.py:3504} INFO - Setting next_dagrun for latest_only to 2023-07-30T12:03:02.250190+00:00, run_after=2023-07-30T16:03:02.250190+00:00
[2023-07-30T19:03:02.275+0300] {processor.py:179} INFO - Processing /Users/olgastash/neoflex_env_airflow/lib/python3.10/site-packages/airflow/example_dags/example_latest_only.py took 1.359 seconds
[2023-07-30T19:07:08.433+0300] {processor.py:157} INFO - Started process (PID=30691) to work on /Users/olgastash/neoflex_env_airflow/lib/python3.10/site-packages/airflow/example_dags/example_latest_only.py
[2023-07-30T19:07:08.434+0300] {processor.py:826} INFO - Processing file /Users/olgastash/neoflex_env_airflow/lib/python3.10/site-packages/airflow/example_dags/example_latest_only.py for tasks to queue
[2023-07-30T19:07:08.435+0300] {logging_mixin.py:150} INFO - [2023-07-30T19:07:08.435+0300] {dagbag.py:541} INFO - Filling up the DagBag from /Users/olgastash/neoflex_env_airflow/lib/python3.10/site-packages/airflow/example_dags/example_latest_only.py
[2023-07-30T19:07:08.456+0300] {processor.py:836} INFO - DAG(s) dict_keys(['latest_only']) retrieved from /Users/olgastash/neoflex_env_airflow/lib/python3.10/site-packages/airflow/example_dags/example_latest_only.py
[2023-07-30T19:07:09.401+0300] {logging_mixin.py:150} INFO - [2023-07-30T19:07:09.400+0300] {dag.py:2742} INFO - Sync 1 DAGs
[2023-07-30T19:07:09.419+0300] {logging_mixin.py:150} INFO - [2023-07-30T19:07:09.419+0300] {dag.py:3504} INFO - Setting next_dagrun for latest_only to 2023-07-30T12:07:09.418924+00:00, run_after=2023-07-30T16:07:09.418924+00:00
[2023-07-30T19:07:09.441+0300] {processor.py:179} INFO - Processing /Users/olgastash/neoflex_env_airflow/lib/python3.10/site-packages/airflow/example_dags/example_latest_only.py took 1.008 seconds
[2023-07-30T19:11:05.139+0300] {processor.py:157} INFO - Started process (PID=30827) to work on /Users/olgastash/neoflex_env_airflow/lib/python3.10/site-packages/airflow/example_dags/example_latest_only.py
[2023-07-30T19:11:05.140+0300] {processor.py:826} INFO - Processing file /Users/olgastash/neoflex_env_airflow/lib/python3.10/site-packages/airflow/example_dags/example_latest_only.py for tasks to queue
[2023-07-30T19:11:05.141+0300] {logging_mixin.py:150} INFO - [2023-07-30T19:11:05.141+0300] {dagbag.py:541} INFO - Filling up the DagBag from /Users/olgastash/neoflex_env_airflow/lib/python3.10/site-packages/airflow/example_dags/example_latest_only.py
[2023-07-30T19:11:05.163+0300] {processor.py:836} INFO - DAG(s) dict_keys(['latest_only']) retrieved from /Users/olgastash/neoflex_env_airflow/lib/python3.10/site-packages/airflow/example_dags/example_latest_only.py
[2023-07-30T19:11:06.130+0300] {logging_mixin.py:150} INFO - [2023-07-30T19:11:06.130+0300] {dag.py:2742} INFO - Sync 1 DAGs
[2023-07-30T19:11:06.148+0300] {logging_mixin.py:150} INFO - [2023-07-30T19:11:06.148+0300] {dag.py:3504} INFO - Setting next_dagrun for latest_only to 2023-07-30T12:11:06.148312+00:00, run_after=2023-07-30T16:11:06.148312+00:00
[2023-07-30T19:11:06.170+0300] {processor.py:179} INFO - Processing /Users/olgastash/neoflex_env_airflow/lib/python3.10/site-packages/airflow/example_dags/example_latest_only.py took 1.032 seconds
[2023-07-30T19:15:20.899+0300] {processor.py:157} INFO - Started process (PID=30982) to work on /Users/olgastash/neoflex_env_airflow/lib/python3.10/site-packages/airflow/example_dags/example_latest_only.py
[2023-07-30T19:15:20.900+0300] {processor.py:826} INFO - Processing file /Users/olgastash/neoflex_env_airflow/lib/python3.10/site-packages/airflow/example_dags/example_latest_only.py for tasks to queue
[2023-07-30T19:15:20.901+0300] {logging_mixin.py:150} INFO - [2023-07-30T19:15:20.901+0300] {dagbag.py:541} INFO - Filling up the DagBag from /Users/olgastash/neoflex_env_airflow/lib/python3.10/site-packages/airflow/example_dags/example_latest_only.py
[2023-07-30T19:15:20.922+0300] {processor.py:836} INFO - DAG(s) dict_keys(['latest_only']) retrieved from /Users/olgastash/neoflex_env_airflow/lib/python3.10/site-packages/airflow/example_dags/example_latest_only.py
[2023-07-30T19:15:21.880+0300] {logging_mixin.py:150} INFO - [2023-07-30T19:15:21.880+0300] {dag.py:2742} INFO - Sync 1 DAGs
[2023-07-30T19:15:21.898+0300] {logging_mixin.py:150} INFO - [2023-07-30T19:15:21.898+0300] {dag.py:3504} INFO - Setting next_dagrun for latest_only to 2023-07-30T12:15:21.898482+00:00, run_after=2023-07-30T16:15:21.898482+00:00
[2023-07-30T19:15:21.921+0300] {processor.py:179} INFO - Processing /Users/olgastash/neoflex_env_airflow/lib/python3.10/site-packages/airflow/example_dags/example_latest_only.py took 1.022 seconds
[2023-07-30T19:19:27.684+0300] {processor.py:157} INFO - Started process (PID=31198) to work on /Users/olgastash/neoflex_env_airflow/lib/python3.10/site-packages/airflow/example_dags/example_latest_only.py
[2023-07-30T19:19:27.685+0300] {processor.py:826} INFO - Processing file /Users/olgastash/neoflex_env_airflow/lib/python3.10/site-packages/airflow/example_dags/example_latest_only.py for tasks to queue
[2023-07-30T19:19:27.686+0300] {logging_mixin.py:150} INFO - [2023-07-30T19:19:27.686+0300] {dagbag.py:541} INFO - Filling up the DagBag from /Users/olgastash/neoflex_env_airflow/lib/python3.10/site-packages/airflow/example_dags/example_latest_only.py
[2023-07-30T19:19:27.708+0300] {processor.py:836} INFO - DAG(s) dict_keys(['latest_only']) retrieved from /Users/olgastash/neoflex_env_airflow/lib/python3.10/site-packages/airflow/example_dags/example_latest_only.py
[2023-07-30T19:19:28.729+0300] {logging_mixin.py:150} INFO - [2023-07-30T19:19:28.728+0300] {dag.py:2742} INFO - Sync 1 DAGs
[2023-07-30T19:19:28.747+0300] {logging_mixin.py:150} INFO - [2023-07-30T19:19:28.747+0300] {dag.py:3504} INFO - Setting next_dagrun for latest_only to 2023-07-30T12:19:28.747251+00:00, run_after=2023-07-30T16:19:28.747251+00:00
[2023-07-30T19:19:28.769+0300] {processor.py:179} INFO - Processing /Users/olgastash/neoflex_env_airflow/lib/python3.10/site-packages/airflow/example_dags/example_latest_only.py took 1.086 seconds
[2023-07-30T19:23:41.366+0300] {processor.py:157} INFO - Started process (PID=31349) to work on /Users/olgastash/neoflex_env_airflow/lib/python3.10/site-packages/airflow/example_dags/example_latest_only.py
[2023-07-30T19:23:41.367+0300] {processor.py:826} INFO - Processing file /Users/olgastash/neoflex_env_airflow/lib/python3.10/site-packages/airflow/example_dags/example_latest_only.py for tasks to queue
[2023-07-30T19:23:41.367+0300] {logging_mixin.py:150} INFO - [2023-07-30T19:23:41.367+0300] {dagbag.py:541} INFO - Filling up the DagBag from /Users/olgastash/neoflex_env_airflow/lib/python3.10/site-packages/airflow/example_dags/example_latest_only.py
[2023-07-30T19:23:41.389+0300] {processor.py:836} INFO - DAG(s) dict_keys(['latest_only']) retrieved from /Users/olgastash/neoflex_env_airflow/lib/python3.10/site-packages/airflow/example_dags/example_latest_only.py
[2023-07-30T19:23:42.248+0300] {logging_mixin.py:150} INFO - [2023-07-30T19:23:42.248+0300] {dag.py:2742} INFO - Sync 1 DAGs
[2023-07-30T19:23:42.269+0300] {logging_mixin.py:150} INFO - [2023-07-30T19:23:42.268+0300] {dag.py:3504} INFO - Setting next_dagrun for latest_only to 2023-07-30T12:23:42.268603+00:00, run_after=2023-07-30T16:23:42.268603+00:00
[2023-07-30T19:23:42.287+0300] {processor.py:179} INFO - Processing /Users/olgastash/neoflex_env_airflow/lib/python3.10/site-packages/airflow/example_dags/example_latest_only.py took 0.922 seconds
[2023-07-30T19:27:43.610+0300] {processor.py:157} INFO - Started process (PID=31493) to work on /Users/olgastash/neoflex_env_airflow/lib/python3.10/site-packages/airflow/example_dags/example_latest_only.py
[2023-07-30T19:27:43.611+0300] {processor.py:826} INFO - Processing file /Users/olgastash/neoflex_env_airflow/lib/python3.10/site-packages/airflow/example_dags/example_latest_only.py for tasks to queue
[2023-07-30T19:27:43.611+0300] {logging_mixin.py:150} INFO - [2023-07-30T19:27:43.611+0300] {dagbag.py:541} INFO - Filling up the DagBag from /Users/olgastash/neoflex_env_airflow/lib/python3.10/site-packages/airflow/example_dags/example_latest_only.py
[2023-07-30T19:27:43.633+0300] {processor.py:836} INFO - DAG(s) dict_keys(['latest_only']) retrieved from /Users/olgastash/neoflex_env_airflow/lib/python3.10/site-packages/airflow/example_dags/example_latest_only.py
[2023-07-30T19:27:44.578+0300] {logging_mixin.py:150} INFO - [2023-07-30T19:27:44.578+0300] {dag.py:2742} INFO - Sync 1 DAGs
[2023-07-30T19:27:44.596+0300] {logging_mixin.py:150} INFO - [2023-07-30T19:27:44.596+0300] {dag.py:3504} INFO - Setting next_dagrun for latest_only to 2023-07-30T12:27:44.596335+00:00, run_after=2023-07-30T16:27:44.596335+00:00
[2023-07-30T19:27:44.618+0300] {processor.py:179} INFO - Processing /Users/olgastash/neoflex_env_airflow/lib/python3.10/site-packages/airflow/example_dags/example_latest_only.py took 1.009 seconds
[2023-07-30T20:11:54.004+0300] {processor.py:157} INFO - Started process (PID=31772) to work on /Users/olgastash/neoflex_env_airflow/lib/python3.10/site-packages/airflow/example_dags/example_latest_only.py
[2023-07-30T20:11:54.006+0300] {processor.py:826} INFO - Processing file /Users/olgastash/neoflex_env_airflow/lib/python3.10/site-packages/airflow/example_dags/example_latest_only.py for tasks to queue
[2023-07-30T20:11:54.007+0300] {logging_mixin.py:150} INFO - [2023-07-30T20:11:54.006+0300] {dagbag.py:541} INFO - Filling up the DagBag from /Users/olgastash/neoflex_env_airflow/lib/python3.10/site-packages/airflow/example_dags/example_latest_only.py
[2023-07-30T20:11:54.032+0300] {processor.py:836} INFO - DAG(s) dict_keys(['latest_only']) retrieved from /Users/olgastash/neoflex_env_airflow/lib/python3.10/site-packages/airflow/example_dags/example_latest_only.py
[2023-07-30T20:11:55.037+0300] {logging_mixin.py:150} INFO - [2023-07-30T20:11:55.036+0300] {dag.py:2742} INFO - Sync 1 DAGs
[2023-07-30T20:11:55.057+0300] {logging_mixin.py:150} INFO - [2023-07-30T20:11:55.056+0300] {dag.py:3504} INFO - Setting next_dagrun for latest_only to 2023-07-30T13:11:55.056656+00:00, run_after=2023-07-30T17:11:55.056656+00:00
[2023-07-30T20:11:55.081+0300] {processor.py:179} INFO - Processing /Users/olgastash/neoflex_env_airflow/lib/python3.10/site-packages/airflow/example_dags/example_latest_only.py took 1.078 seconds
[2023-07-30T20:14:21.161+0300] {processor.py:157} INFO - Started process (PID=31922) to work on /Users/olgastash/neoflex_env_airflow/lib/python3.10/site-packages/airflow/example_dags/example_latest_only.py
[2023-07-30T20:14:21.162+0300] {processor.py:826} INFO - Processing file /Users/olgastash/neoflex_env_airflow/lib/python3.10/site-packages/airflow/example_dags/example_latest_only.py for tasks to queue
[2023-07-30T20:14:21.163+0300] {logging_mixin.py:150} INFO - [2023-07-30T20:14:21.163+0300] {dagbag.py:541} INFO - Filling up the DagBag from /Users/olgastash/neoflex_env_airflow/lib/python3.10/site-packages/airflow/example_dags/example_latest_only.py
[2023-07-30T20:14:21.185+0300] {processor.py:836} INFO - DAG(s) dict_keys(['latest_only']) retrieved from /Users/olgastash/neoflex_env_airflow/lib/python3.10/site-packages/airflow/example_dags/example_latest_only.py
[2023-07-30T20:14:22.074+0300] {logging_mixin.py:150} INFO - [2023-07-30T20:14:22.074+0300] {dag.py:2742} INFO - Sync 1 DAGs
[2023-07-30T20:14:22.096+0300] {logging_mixin.py:150} INFO - [2023-07-30T20:14:22.096+0300] {dag.py:3504} INFO - Setting next_dagrun for latest_only to 2023-07-30T13:14:22.096130+00:00, run_after=2023-07-30T17:14:22.096130+00:00
[2023-07-30T20:14:22.115+0300] {processor.py:179} INFO - Processing /Users/olgastash/neoflex_env_airflow/lib/python3.10/site-packages/airflow/example_dags/example_latest_only.py took 0.955 seconds
[2023-07-30T20:18:42.345+0300] {processor.py:157} INFO - Started process (PID=32143) to work on /Users/olgastash/neoflex_env_airflow/lib/python3.10/site-packages/airflow/example_dags/example_latest_only.py
[2023-07-30T20:18:42.347+0300] {processor.py:826} INFO - Processing file /Users/olgastash/neoflex_env_airflow/lib/python3.10/site-packages/airflow/example_dags/example_latest_only.py for tasks to queue
[2023-07-30T20:18:42.347+0300] {logging_mixin.py:150} INFO - [2023-07-30T20:18:42.347+0300] {dagbag.py:541} INFO - Filling up the DagBag from /Users/olgastash/neoflex_env_airflow/lib/python3.10/site-packages/airflow/example_dags/example_latest_only.py
[2023-07-30T20:18:42.370+0300] {processor.py:836} INFO - DAG(s) dict_keys(['latest_only']) retrieved from /Users/olgastash/neoflex_env_airflow/lib/python3.10/site-packages/airflow/example_dags/example_latest_only.py
[2023-07-30T20:18:43.347+0300] {logging_mixin.py:150} INFO - [2023-07-30T20:18:43.347+0300] {dag.py:2742} INFO - Sync 1 DAGs
[2023-07-30T20:18:43.366+0300] {logging_mixin.py:150} INFO - [2023-07-30T20:18:43.366+0300] {dag.py:3504} INFO - Setting next_dagrun for latest_only to 2023-07-30T13:18:43.365892+00:00, run_after=2023-07-30T17:18:43.365892+00:00
[2023-07-30T20:18:43.388+0300] {processor.py:179} INFO - Processing /Users/olgastash/neoflex_env_airflow/lib/python3.10/site-packages/airflow/example_dags/example_latest_only.py took 1.044 seconds
[2023-07-30T20:23:16.303+0300] {processor.py:157} INFO - Started process (PID=32419) to work on /Users/olgastash/neoflex_env_airflow/lib/python3.10/site-packages/airflow/example_dags/example_latest_only.py
[2023-07-30T20:23:16.304+0300] {processor.py:826} INFO - Processing file /Users/olgastash/neoflex_env_airflow/lib/python3.10/site-packages/airflow/example_dags/example_latest_only.py for tasks to queue
[2023-07-30T20:23:16.305+0300] {logging_mixin.py:150} INFO - [2023-07-30T20:23:16.305+0300] {dagbag.py:541} INFO - Filling up the DagBag from /Users/olgastash/neoflex_env_airflow/lib/python3.10/site-packages/airflow/example_dags/example_latest_only.py
[2023-07-30T20:23:16.327+0300] {processor.py:836} INFO - DAG(s) dict_keys(['latest_only']) retrieved from /Users/olgastash/neoflex_env_airflow/lib/python3.10/site-packages/airflow/example_dags/example_latest_only.py
[2023-07-30T20:23:17.310+0300] {logging_mixin.py:150} INFO - [2023-07-30T20:23:17.309+0300] {dag.py:2742} INFO - Sync 1 DAGs
[2023-07-30T20:23:17.329+0300] {logging_mixin.py:150} INFO - [2023-07-30T20:23:17.329+0300] {dag.py:3504} INFO - Setting next_dagrun for latest_only to 2023-07-30T13:23:17.329380+00:00, run_after=2023-07-30T17:23:17.329380+00:00
[2023-07-30T20:23:17.349+0300] {processor.py:179} INFO - Processing /Users/olgastash/neoflex_env_airflow/lib/python3.10/site-packages/airflow/example_dags/example_latest_only.py took 1.047 seconds
[2023-07-30T20:27:37.310+0300] {processor.py:157} INFO - Started process (PID=32602) to work on /Users/olgastash/neoflex_env_airflow/lib/python3.10/site-packages/airflow/example_dags/example_latest_only.py
[2023-07-30T20:27:37.311+0300] {processor.py:826} INFO - Processing file /Users/olgastash/neoflex_env_airflow/lib/python3.10/site-packages/airflow/example_dags/example_latest_only.py for tasks to queue
[2023-07-30T20:27:37.312+0300] {logging_mixin.py:150} INFO - [2023-07-30T20:27:37.312+0300] {dagbag.py:541} INFO - Filling up the DagBag from /Users/olgastash/neoflex_env_airflow/lib/python3.10/site-packages/airflow/example_dags/example_latest_only.py
[2023-07-30T20:27:37.335+0300] {processor.py:836} INFO - DAG(s) dict_keys(['latest_only']) retrieved from /Users/olgastash/neoflex_env_airflow/lib/python3.10/site-packages/airflow/example_dags/example_latest_only.py
[2023-07-30T20:27:38.335+0300] {logging_mixin.py:150} INFO - [2023-07-30T20:27:38.335+0300] {dag.py:2742} INFO - Sync 1 DAGs
[2023-07-30T20:27:38.354+0300] {logging_mixin.py:150} INFO - [2023-07-30T20:27:38.354+0300] {dag.py:3504} INFO - Setting next_dagrun for latest_only to 2023-07-30T13:27:38.354430+00:00, run_after=2023-07-30T17:27:38.354430+00:00
[2023-07-30T20:27:38.374+0300] {processor.py:179} INFO - Processing /Users/olgastash/neoflex_env_airflow/lib/python3.10/site-packages/airflow/example_dags/example_latest_only.py took 1.066 seconds
[2023-07-30T20:31:57.512+0300] {processor.py:157} INFO - Started process (PID=32814) to work on /Users/olgastash/neoflex_env_airflow/lib/python3.10/site-packages/airflow/example_dags/example_latest_only.py
[2023-07-30T20:31:57.513+0300] {processor.py:826} INFO - Processing file /Users/olgastash/neoflex_env_airflow/lib/python3.10/site-packages/airflow/example_dags/example_latest_only.py for tasks to queue
[2023-07-30T20:31:57.514+0300] {logging_mixin.py:150} INFO - [2023-07-30T20:31:57.514+0300] {dagbag.py:541} INFO - Filling up the DagBag from /Users/olgastash/neoflex_env_airflow/lib/python3.10/site-packages/airflow/example_dags/example_latest_only.py
[2023-07-30T20:31:57.536+0300] {processor.py:836} INFO - DAG(s) dict_keys(['latest_only']) retrieved from /Users/olgastash/neoflex_env_airflow/lib/python3.10/site-packages/airflow/example_dags/example_latest_only.py
[2023-07-30T20:31:58.532+0300] {logging_mixin.py:150} INFO - [2023-07-30T20:31:58.532+0300] {dag.py:2742} INFO - Sync 1 DAGs
[2023-07-30T20:31:58.553+0300] {logging_mixin.py:150} INFO - [2023-07-30T20:31:58.553+0300] {dag.py:3504} INFO - Setting next_dagrun for latest_only to 2023-07-30T13:31:58.553074+00:00, run_after=2023-07-30T17:31:58.553074+00:00
[2023-07-30T20:31:58.575+0300] {processor.py:179} INFO - Processing /Users/olgastash/neoflex_env_airflow/lib/python3.10/site-packages/airflow/example_dags/example_latest_only.py took 1.064 seconds
[2023-07-30T20:36:11.122+0300] {processor.py:157} INFO - Started process (PID=33066) to work on /Users/olgastash/neoflex_env_airflow/lib/python3.10/site-packages/airflow/example_dags/example_latest_only.py
[2023-07-30T20:36:11.123+0300] {processor.py:826} INFO - Processing file /Users/olgastash/neoflex_env_airflow/lib/python3.10/site-packages/airflow/example_dags/example_latest_only.py for tasks to queue
[2023-07-30T20:36:11.123+0300] {logging_mixin.py:150} INFO - [2023-07-30T20:36:11.123+0300] {dagbag.py:541} INFO - Filling up the DagBag from /Users/olgastash/neoflex_env_airflow/lib/python3.10/site-packages/airflow/example_dags/example_latest_only.py
[2023-07-30T20:36:11.145+0300] {processor.py:836} INFO - DAG(s) dict_keys(['latest_only']) retrieved from /Users/olgastash/neoflex_env_airflow/lib/python3.10/site-packages/airflow/example_dags/example_latest_only.py
[2023-07-30T20:36:12.120+0300] {logging_mixin.py:150} INFO - [2023-07-30T20:36:12.119+0300] {dag.py:2742} INFO - Sync 1 DAGs
[2023-07-30T20:36:12.139+0300] {logging_mixin.py:150} INFO - [2023-07-30T20:36:12.139+0300] {dag.py:3504} INFO - Setting next_dagrun for latest_only to 2023-07-30T13:36:12.138876+00:00, run_after=2023-07-30T17:36:12.138876+00:00
[2023-07-30T20:36:12.159+0300] {processor.py:179} INFO - Processing /Users/olgastash/neoflex_env_airflow/lib/python3.10/site-packages/airflow/example_dags/example_latest_only.py took 1.038 seconds
[2023-07-30T20:40:28.046+0300] {processor.py:157} INFO - Started process (PID=33315) to work on /Users/olgastash/neoflex_env_airflow/lib/python3.10/site-packages/airflow/example_dags/example_latest_only.py
[2023-07-30T20:40:28.048+0300] {processor.py:826} INFO - Processing file /Users/olgastash/neoflex_env_airflow/lib/python3.10/site-packages/airflow/example_dags/example_latest_only.py for tasks to queue
[2023-07-30T20:40:28.048+0300] {logging_mixin.py:150} INFO - [2023-07-30T20:40:28.048+0300] {dagbag.py:541} INFO - Filling up the DagBag from /Users/olgastash/neoflex_env_airflow/lib/python3.10/site-packages/airflow/example_dags/example_latest_only.py
[2023-07-30T20:40:28.069+0300] {processor.py:836} INFO - DAG(s) dict_keys(['latest_only']) retrieved from /Users/olgastash/neoflex_env_airflow/lib/python3.10/site-packages/airflow/example_dags/example_latest_only.py
[2023-07-30T20:40:29.070+0300] {logging_mixin.py:150} INFO - [2023-07-30T20:40:29.070+0300] {dag.py:2742} INFO - Sync 1 DAGs
[2023-07-30T20:40:29.089+0300] {logging_mixin.py:150} INFO - [2023-07-30T20:40:29.089+0300] {dag.py:3504} INFO - Setting next_dagrun for latest_only to 2023-07-30T13:40:29.088878+00:00, run_after=2023-07-30T17:40:29.088878+00:00
[2023-07-30T20:40:29.109+0300] {processor.py:179} INFO - Processing /Users/olgastash/neoflex_env_airflow/lib/python3.10/site-packages/airflow/example_dags/example_latest_only.py took 1.063 seconds
[2023-07-30T20:44:45.766+0300] {processor.py:157} INFO - Started process (PID=33592) to work on /Users/olgastash/neoflex_env_airflow/lib/python3.10/site-packages/airflow/example_dags/example_latest_only.py
[2023-07-30T20:44:45.767+0300] {processor.py:826} INFO - Processing file /Users/olgastash/neoflex_env_airflow/lib/python3.10/site-packages/airflow/example_dags/example_latest_only.py for tasks to queue
[2023-07-30T20:44:45.768+0300] {logging_mixin.py:150} INFO - [2023-07-30T20:44:45.767+0300] {dagbag.py:541} INFO - Filling up the DagBag from /Users/olgastash/neoflex_env_airflow/lib/python3.10/site-packages/airflow/example_dags/example_latest_only.py
[2023-07-30T20:44:45.789+0300] {processor.py:836} INFO - DAG(s) dict_keys(['latest_only']) retrieved from /Users/olgastash/neoflex_env_airflow/lib/python3.10/site-packages/airflow/example_dags/example_latest_only.py
[2023-07-30T20:44:46.803+0300] {logging_mixin.py:150} INFO - [2023-07-30T20:44:46.802+0300] {dag.py:2742} INFO - Sync 1 DAGs
[2023-07-30T20:44:46.822+0300] {logging_mixin.py:150} INFO - [2023-07-30T20:44:46.822+0300] {dag.py:3504} INFO - Setting next_dagrun for latest_only to 2023-07-30T13:44:46.821933+00:00, run_after=2023-07-30T17:44:46.821933+00:00
[2023-07-30T20:44:46.842+0300] {processor.py:179} INFO - Processing /Users/olgastash/neoflex_env_airflow/lib/python3.10/site-packages/airflow/example_dags/example_latest_only.py took 1.077 seconds
[2023-07-30T20:49:04.731+0300] {processor.py:157} INFO - Started process (PID=33816) to work on /Users/olgastash/neoflex_env_airflow/lib/python3.10/site-packages/airflow/example_dags/example_latest_only.py
[2023-07-30T20:49:04.732+0300] {processor.py:826} INFO - Processing file /Users/olgastash/neoflex_env_airflow/lib/python3.10/site-packages/airflow/example_dags/example_latest_only.py for tasks to queue
[2023-07-30T20:49:04.733+0300] {logging_mixin.py:150} INFO - [2023-07-30T20:49:04.733+0300] {dagbag.py:541} INFO - Filling up the DagBag from /Users/olgastash/neoflex_env_airflow/lib/python3.10/site-packages/airflow/example_dags/example_latest_only.py
[2023-07-30T20:49:04.755+0300] {processor.py:836} INFO - DAG(s) dict_keys(['latest_only']) retrieved from /Users/olgastash/neoflex_env_airflow/lib/python3.10/site-packages/airflow/example_dags/example_latest_only.py
[2023-07-30T20:49:05.666+0300] {logging_mixin.py:150} INFO - [2023-07-30T20:49:05.666+0300] {dag.py:2742} INFO - Sync 1 DAGs
[2023-07-30T20:49:05.685+0300] {logging_mixin.py:150} INFO - [2023-07-30T20:49:05.685+0300] {dag.py:3504} INFO - Setting next_dagrun for latest_only to 2023-07-30T13:49:05.685131+00:00, run_after=2023-07-30T17:49:05.685131+00:00
[2023-07-30T20:49:05.704+0300] {processor.py:179} INFO - Processing /Users/olgastash/neoflex_env_airflow/lib/python3.10/site-packages/airflow/example_dags/example_latest_only.py took 0.974 seconds
[2023-07-30T20:53:33.769+0300] {processor.py:157} INFO - Started process (PID=34048) to work on /Users/olgastash/neoflex_env_airflow/lib/python3.10/site-packages/airflow/example_dags/example_latest_only.py
[2023-07-30T20:53:33.771+0300] {processor.py:826} INFO - Processing file /Users/olgastash/neoflex_env_airflow/lib/python3.10/site-packages/airflow/example_dags/example_latest_only.py for tasks to queue
[2023-07-30T20:53:33.771+0300] {logging_mixin.py:150} INFO - [2023-07-30T20:53:33.771+0300] {dagbag.py:541} INFO - Filling up the DagBag from /Users/olgastash/neoflex_env_airflow/lib/python3.10/site-packages/airflow/example_dags/example_latest_only.py
[2023-07-30T20:53:33.794+0300] {processor.py:836} INFO - DAG(s) dict_keys(['latest_only']) retrieved from /Users/olgastash/neoflex_env_airflow/lib/python3.10/site-packages/airflow/example_dags/example_latest_only.py
[2023-07-30T20:53:34.818+0300] {logging_mixin.py:150} INFO - [2023-07-30T20:53:34.818+0300] {dag.py:2742} INFO - Sync 1 DAGs
[2023-07-30T20:53:34.839+0300] {logging_mixin.py:150} INFO - [2023-07-30T20:53:34.839+0300] {dag.py:3504} INFO - Setting next_dagrun for latest_only to 2023-07-30T13:53:34.839469+00:00, run_after=2023-07-30T17:53:34.839469+00:00
[2023-07-30T20:53:34.883+0300] {processor.py:179} INFO - Processing /Users/olgastash/neoflex_env_airflow/lib/python3.10/site-packages/airflow/example_dags/example_latest_only.py took 1.114 seconds
[2023-07-30T20:57:56.313+0300] {processor.py:157} INFO - Started process (PID=34254) to work on /Users/olgastash/neoflex_env_airflow/lib/python3.10/site-packages/airflow/example_dags/example_latest_only.py
[2023-07-30T20:57:56.315+0300] {processor.py:826} INFO - Processing file /Users/olgastash/neoflex_env_airflow/lib/python3.10/site-packages/airflow/example_dags/example_latest_only.py for tasks to queue
[2023-07-30T20:57:56.316+0300] {logging_mixin.py:150} INFO - [2023-07-30T20:57:56.315+0300] {dagbag.py:541} INFO - Filling up the DagBag from /Users/olgastash/neoflex_env_airflow/lib/python3.10/site-packages/airflow/example_dags/example_latest_only.py
[2023-07-30T20:57:56.343+0300] {processor.py:836} INFO - DAG(s) dict_keys(['latest_only']) retrieved from /Users/olgastash/neoflex_env_airflow/lib/python3.10/site-packages/airflow/example_dags/example_latest_only.py
[2023-07-30T20:57:58.141+0300] {logging_mixin.py:150} INFO - [2023-07-30T20:57:58.141+0300] {dag.py:2742} INFO - Sync 1 DAGs
[2023-07-30T20:57:58.164+0300] {logging_mixin.py:150} INFO - [2023-07-30T20:57:58.164+0300] {dag.py:3504} INFO - Setting next_dagrun for latest_only to 2023-07-30T13:57:58.163806+00:00, run_after=2023-07-30T17:57:58.163806+00:00
[2023-07-30T20:57:58.187+0300] {processor.py:179} INFO - Processing /Users/olgastash/neoflex_env_airflow/lib/python3.10/site-packages/airflow/example_dags/example_latest_only.py took 1.875 seconds
[2023-07-30T21:02:27.994+0300] {processor.py:157} INFO - Started process (PID=34427) to work on /Users/olgastash/neoflex_env_airflow/lib/python3.10/site-packages/airflow/example_dags/example_latest_only.py
[2023-07-30T21:02:27.996+0300] {processor.py:826} INFO - Processing file /Users/olgastash/neoflex_env_airflow/lib/python3.10/site-packages/airflow/example_dags/example_latest_only.py for tasks to queue
[2023-07-30T21:02:27.997+0300] {logging_mixin.py:150} INFO - [2023-07-30T21:02:27.996+0300] {dagbag.py:541} INFO - Filling up the DagBag from /Users/olgastash/neoflex_env_airflow/lib/python3.10/site-packages/airflow/example_dags/example_latest_only.py
[2023-07-30T21:02:28.018+0300] {processor.py:836} INFO - DAG(s) dict_keys(['latest_only']) retrieved from /Users/olgastash/neoflex_env_airflow/lib/python3.10/site-packages/airflow/example_dags/example_latest_only.py
[2023-07-30T21:02:29.049+0300] {logging_mixin.py:150} INFO - [2023-07-30T21:02:29.049+0300] {dag.py:2742} INFO - Sync 1 DAGs
[2023-07-30T21:02:29.069+0300] {logging_mixin.py:150} INFO - [2023-07-30T21:02:29.069+0300] {dag.py:3504} INFO - Setting next_dagrun for latest_only to 2023-07-30T14:02:29.069101+00:00, run_after=2023-07-30T18:02:29.069101+00:00
[2023-07-30T21:02:29.089+0300] {processor.py:179} INFO - Processing /Users/olgastash/neoflex_env_airflow/lib/python3.10/site-packages/airflow/example_dags/example_latest_only.py took 1.095 seconds
[2023-07-30T21:07:04.782+0300] {processor.py:157} INFO - Started process (PID=34616) to work on /Users/olgastash/neoflex_env_airflow/lib/python3.10/site-packages/airflow/example_dags/example_latest_only.py
[2023-07-30T21:07:04.784+0300] {processor.py:826} INFO - Processing file /Users/olgastash/neoflex_env_airflow/lib/python3.10/site-packages/airflow/example_dags/example_latest_only.py for tasks to queue
[2023-07-30T21:07:04.785+0300] {logging_mixin.py:150} INFO - [2023-07-30T21:07:04.785+0300] {dagbag.py:541} INFO - Filling up the DagBag from /Users/olgastash/neoflex_env_airflow/lib/python3.10/site-packages/airflow/example_dags/example_latest_only.py
[2023-07-30T21:07:04.808+0300] {processor.py:836} INFO - DAG(s) dict_keys(['latest_only']) retrieved from /Users/olgastash/neoflex_env_airflow/lib/python3.10/site-packages/airflow/example_dags/example_latest_only.py
[2023-07-30T21:07:05.803+0300] {logging_mixin.py:150} INFO - [2023-07-30T21:07:05.803+0300] {dag.py:2742} INFO - Sync 1 DAGs
[2023-07-30T21:07:05.823+0300] {logging_mixin.py:150} INFO - [2023-07-30T21:07:05.823+0300] {dag.py:3504} INFO - Setting next_dagrun for latest_only to 2023-07-30T14:07:05.823445+00:00, run_after=2023-07-30T18:07:05.823445+00:00
[2023-07-30T21:07:05.844+0300] {processor.py:179} INFO - Processing /Users/olgastash/neoflex_env_airflow/lib/python3.10/site-packages/airflow/example_dags/example_latest_only.py took 1.062 seconds
[2023-07-30T21:11:29.600+0300] {processor.py:157} INFO - Started process (PID=34838) to work on /Users/olgastash/neoflex_env_airflow/lib/python3.10/site-packages/airflow/example_dags/example_latest_only.py
[2023-07-30T21:11:29.601+0300] {processor.py:826} INFO - Processing file /Users/olgastash/neoflex_env_airflow/lib/python3.10/site-packages/airflow/example_dags/example_latest_only.py for tasks to queue
[2023-07-30T21:11:29.602+0300] {logging_mixin.py:150} INFO - [2023-07-30T21:11:29.601+0300] {dagbag.py:541} INFO - Filling up the DagBag from /Users/olgastash/neoflex_env_airflow/lib/python3.10/site-packages/airflow/example_dags/example_latest_only.py
[2023-07-30T21:11:29.624+0300] {processor.py:836} INFO - DAG(s) dict_keys(['latest_only']) retrieved from /Users/olgastash/neoflex_env_airflow/lib/python3.10/site-packages/airflow/example_dags/example_latest_only.py
[2023-07-30T21:11:30.626+0300] {logging_mixin.py:150} INFO - [2023-07-30T21:11:30.626+0300] {dag.py:2742} INFO - Sync 1 DAGs
[2023-07-30T21:11:30.645+0300] {logging_mixin.py:150} INFO - [2023-07-30T21:11:30.645+0300] {dag.py:3504} INFO - Setting next_dagrun for latest_only to 2023-07-30T14:11:30.645596+00:00, run_after=2023-07-30T18:11:30.645596+00:00
[2023-07-30T21:11:30.666+0300] {processor.py:179} INFO - Processing /Users/olgastash/neoflex_env_airflow/lib/python3.10/site-packages/airflow/example_dags/example_latest_only.py took 1.067 seconds
[2023-07-30T21:16:09.256+0300] {processor.py:157} INFO - Started process (PID=35065) to work on /Users/olgastash/neoflex_env_airflow/lib/python3.10/site-packages/airflow/example_dags/example_latest_only.py
[2023-07-30T21:16:09.258+0300] {processor.py:826} INFO - Processing file /Users/olgastash/neoflex_env_airflow/lib/python3.10/site-packages/airflow/example_dags/example_latest_only.py for tasks to queue
[2023-07-30T21:16:09.258+0300] {logging_mixin.py:150} INFO - [2023-07-30T21:16:09.258+0300] {dagbag.py:541} INFO - Filling up the DagBag from /Users/olgastash/neoflex_env_airflow/lib/python3.10/site-packages/airflow/example_dags/example_latest_only.py
[2023-07-30T21:16:09.281+0300] {processor.py:836} INFO - DAG(s) dict_keys(['latest_only']) retrieved from /Users/olgastash/neoflex_env_airflow/lib/python3.10/site-packages/airflow/example_dags/example_latest_only.py
[2023-07-30T21:16:10.259+0300] {logging_mixin.py:150} INFO - [2023-07-30T21:16:10.258+0300] {dag.py:2742} INFO - Sync 1 DAGs
[2023-07-30T21:16:10.280+0300] {logging_mixin.py:150} INFO - [2023-07-30T21:16:10.280+0300] {dag.py:3504} INFO - Setting next_dagrun for latest_only to 2023-07-30T14:16:10.280497+00:00, run_after=2023-07-30T18:16:10.280497+00:00
[2023-07-30T21:16:10.304+0300] {processor.py:179} INFO - Processing /Users/olgastash/neoflex_env_airflow/lib/python3.10/site-packages/airflow/example_dags/example_latest_only.py took 1.048 seconds
[2023-07-30T21:20:38.004+0300] {processor.py:157} INFO - Started process (PID=35229) to work on /Users/olgastash/neoflex_env_airflow/lib/python3.10/site-packages/airflow/example_dags/example_latest_only.py
[2023-07-30T21:20:38.006+0300] {processor.py:826} INFO - Processing file /Users/olgastash/neoflex_env_airflow/lib/python3.10/site-packages/airflow/example_dags/example_latest_only.py for tasks to queue
[2023-07-30T21:20:38.006+0300] {logging_mixin.py:150} INFO - [2023-07-30T21:20:38.006+0300] {dagbag.py:541} INFO - Filling up the DagBag from /Users/olgastash/neoflex_env_airflow/lib/python3.10/site-packages/airflow/example_dags/example_latest_only.py
[2023-07-30T21:20:38.030+0300] {processor.py:836} INFO - DAG(s) dict_keys(['latest_only']) retrieved from /Users/olgastash/neoflex_env_airflow/lib/python3.10/site-packages/airflow/example_dags/example_latest_only.py
[2023-07-30T21:20:39.034+0300] {logging_mixin.py:150} INFO - [2023-07-30T21:20:39.033+0300] {dag.py:2742} INFO - Sync 1 DAGs
[2023-07-30T21:20:39.053+0300] {logging_mixin.py:150} INFO - [2023-07-30T21:20:39.053+0300] {dag.py:3504} INFO - Setting next_dagrun for latest_only to 2023-07-30T14:20:39.053120+00:00, run_after=2023-07-30T18:20:39.053120+00:00
[2023-07-30T21:20:39.074+0300] {processor.py:179} INFO - Processing /Users/olgastash/neoflex_env_airflow/lib/python3.10/site-packages/airflow/example_dags/example_latest_only.py took 1.070 seconds
[2023-07-30T21:24:54.416+0300] {processor.py:157} INFO - Started process (PID=35407) to work on /Users/olgastash/neoflex_env_airflow/lib/python3.10/site-packages/airflow/example_dags/example_latest_only.py
[2023-07-30T21:24:54.417+0300] {processor.py:826} INFO - Processing file /Users/olgastash/neoflex_env_airflow/lib/python3.10/site-packages/airflow/example_dags/example_latest_only.py for tasks to queue
[2023-07-30T21:24:54.418+0300] {logging_mixin.py:150} INFO - [2023-07-30T21:24:54.418+0300] {dagbag.py:541} INFO - Filling up the DagBag from /Users/olgastash/neoflex_env_airflow/lib/python3.10/site-packages/airflow/example_dags/example_latest_only.py
[2023-07-30T21:24:54.441+0300] {processor.py:836} INFO - DAG(s) dict_keys(['latest_only']) retrieved from /Users/olgastash/neoflex_env_airflow/lib/python3.10/site-packages/airflow/example_dags/example_latest_only.py
[2023-07-30T21:24:55.472+0300] {logging_mixin.py:150} INFO - [2023-07-30T21:24:55.471+0300] {dag.py:2742} INFO - Sync 1 DAGs
[2023-07-30T21:24:55.492+0300] {logging_mixin.py:150} INFO - [2023-07-30T21:24:55.492+0300] {dag.py:3504} INFO - Setting next_dagrun for latest_only to 2023-07-30T14:24:55.491851+00:00, run_after=2023-07-30T18:24:55.491851+00:00
[2023-07-30T21:24:55.513+0300] {processor.py:179} INFO - Processing /Users/olgastash/neoflex_env_airflow/lib/python3.10/site-packages/airflow/example_dags/example_latest_only.py took 1.098 seconds
[2023-07-30T21:29:19.206+0300] {processor.py:157} INFO - Started process (PID=35625) to work on /Users/olgastash/neoflex_env_airflow/lib/python3.10/site-packages/airflow/example_dags/example_latest_only.py
[2023-07-30T21:29:19.207+0300] {processor.py:826} INFO - Processing file /Users/olgastash/neoflex_env_airflow/lib/python3.10/site-packages/airflow/example_dags/example_latest_only.py for tasks to queue
[2023-07-30T21:29:19.208+0300] {logging_mixin.py:150} INFO - [2023-07-30T21:29:19.208+0300] {dagbag.py:541} INFO - Filling up the DagBag from /Users/olgastash/neoflex_env_airflow/lib/python3.10/site-packages/airflow/example_dags/example_latest_only.py
[2023-07-30T21:29:19.229+0300] {processor.py:836} INFO - DAG(s) dict_keys(['latest_only']) retrieved from /Users/olgastash/neoflex_env_airflow/lib/python3.10/site-packages/airflow/example_dags/example_latest_only.py
[2023-07-30T21:29:20.143+0300] {logging_mixin.py:150} INFO - [2023-07-30T21:29:20.143+0300] {dag.py:2742} INFO - Sync 1 DAGs
[2023-07-30T21:29:20.162+0300] {logging_mixin.py:150} INFO - [2023-07-30T21:29:20.162+0300] {dag.py:3504} INFO - Setting next_dagrun for latest_only to 2023-07-30T14:29:20.162208+00:00, run_after=2023-07-30T18:29:20.162208+00:00
[2023-07-30T21:29:20.183+0300] {processor.py:179} INFO - Processing /Users/olgastash/neoflex_env_airflow/lib/python3.10/site-packages/airflow/example_dags/example_latest_only.py took 0.977 seconds
[2023-07-30T21:33:29.414+0300] {processor.py:157} INFO - Started process (PID=35802) to work on /Users/olgastash/neoflex_env_airflow/lib/python3.10/site-packages/airflow/example_dags/example_latest_only.py
[2023-07-30T21:33:29.415+0300] {processor.py:826} INFO - Processing file /Users/olgastash/neoflex_env_airflow/lib/python3.10/site-packages/airflow/example_dags/example_latest_only.py for tasks to queue
[2023-07-30T21:33:29.416+0300] {logging_mixin.py:150} INFO - [2023-07-30T21:33:29.416+0300] {dagbag.py:541} INFO - Filling up the DagBag from /Users/olgastash/neoflex_env_airflow/lib/python3.10/site-packages/airflow/example_dags/example_latest_only.py
[2023-07-30T21:33:29.437+0300] {processor.py:836} INFO - DAG(s) dict_keys(['latest_only']) retrieved from /Users/olgastash/neoflex_env_airflow/lib/python3.10/site-packages/airflow/example_dags/example_latest_only.py
[2023-07-30T21:33:30.424+0300] {logging_mixin.py:150} INFO - [2023-07-30T21:33:30.423+0300] {dag.py:2742} INFO - Sync 1 DAGs
[2023-07-30T21:33:30.443+0300] {logging_mixin.py:150} INFO - [2023-07-30T21:33:30.442+0300] {dag.py:3504} INFO - Setting next_dagrun for latest_only to 2023-07-30T14:33:30.442845+00:00, run_after=2023-07-30T18:33:30.442845+00:00
[2023-07-30T21:33:30.463+0300] {processor.py:179} INFO - Processing /Users/olgastash/neoflex_env_airflow/lib/python3.10/site-packages/airflow/example_dags/example_latest_only.py took 1.050 seconds
[2023-07-30T21:37:51.366+0300] {processor.py:157} INFO - Started process (PID=36006) to work on /Users/olgastash/neoflex_env_airflow/lib/python3.10/site-packages/airflow/example_dags/example_latest_only.py
[2023-07-30T21:37:51.367+0300] {processor.py:826} INFO - Processing file /Users/olgastash/neoflex_env_airflow/lib/python3.10/site-packages/airflow/example_dags/example_latest_only.py for tasks to queue
[2023-07-30T21:37:51.368+0300] {logging_mixin.py:150} INFO - [2023-07-30T21:37:51.368+0300] {dagbag.py:541} INFO - Filling up the DagBag from /Users/olgastash/neoflex_env_airflow/lib/python3.10/site-packages/airflow/example_dags/example_latest_only.py
[2023-07-30T21:37:51.390+0300] {processor.py:836} INFO - DAG(s) dict_keys(['latest_only']) retrieved from /Users/olgastash/neoflex_env_airflow/lib/python3.10/site-packages/airflow/example_dags/example_latest_only.py
[2023-07-30T21:37:52.396+0300] {logging_mixin.py:150} INFO - [2023-07-30T21:37:52.396+0300] {dag.py:2742} INFO - Sync 1 DAGs
[2023-07-30T21:37:52.416+0300] {logging_mixin.py:150} INFO - [2023-07-30T21:37:52.416+0300] {dag.py:3504} INFO - Setting next_dagrun for latest_only to 2023-07-30T14:37:52.416060+00:00, run_after=2023-07-30T18:37:52.416060+00:00
[2023-07-30T21:37:52.437+0300] {processor.py:179} INFO - Processing /Users/olgastash/neoflex_env_airflow/lib/python3.10/site-packages/airflow/example_dags/example_latest_only.py took 1.072 seconds
[2023-07-30T21:42:09.940+0300] {processor.py:157} INFO - Started process (PID=36235) to work on /Users/olgastash/neoflex_env_airflow/lib/python3.10/site-packages/airflow/example_dags/example_latest_only.py
[2023-07-30T21:42:09.941+0300] {processor.py:826} INFO - Processing file /Users/olgastash/neoflex_env_airflow/lib/python3.10/site-packages/airflow/example_dags/example_latest_only.py for tasks to queue
[2023-07-30T21:42:09.941+0300] {logging_mixin.py:150} INFO - [2023-07-30T21:42:09.941+0300] {dagbag.py:541} INFO - Filling up the DagBag from /Users/olgastash/neoflex_env_airflow/lib/python3.10/site-packages/airflow/example_dags/example_latest_only.py
[2023-07-30T21:42:09.967+0300] {processor.py:836} INFO - DAG(s) dict_keys(['latest_only']) retrieved from /Users/olgastash/neoflex_env_airflow/lib/python3.10/site-packages/airflow/example_dags/example_latest_only.py
[2023-07-30T21:42:11.097+0300] {logging_mixin.py:150} INFO - [2023-07-30T21:42:11.096+0300] {dag.py:2742} INFO - Sync 1 DAGs
[2023-07-30T21:42:11.119+0300] {logging_mixin.py:150} INFO - [2023-07-30T21:42:11.119+0300] {dag.py:3504} INFO - Setting next_dagrun for latest_only to 2023-07-30T14:42:11.118858+00:00, run_after=2023-07-30T18:42:11.118858+00:00
[2023-07-30T21:42:11.143+0300] {processor.py:179} INFO - Processing /Users/olgastash/neoflex_env_airflow/lib/python3.10/site-packages/airflow/example_dags/example_latest_only.py took 1.205 seconds
[2023-07-30T21:46:31.156+0300] {processor.py:157} INFO - Started process (PID=36412) to work on /Users/olgastash/neoflex_env_airflow/lib/python3.10/site-packages/airflow/example_dags/example_latest_only.py
[2023-07-30T21:46:31.157+0300] {processor.py:826} INFO - Processing file /Users/olgastash/neoflex_env_airflow/lib/python3.10/site-packages/airflow/example_dags/example_latest_only.py for tasks to queue
[2023-07-30T21:46:31.158+0300] {logging_mixin.py:150} INFO - [2023-07-30T21:46:31.158+0300] {dagbag.py:541} INFO - Filling up the DagBag from /Users/olgastash/neoflex_env_airflow/lib/python3.10/site-packages/airflow/example_dags/example_latest_only.py
[2023-07-30T21:46:31.180+0300] {processor.py:836} INFO - DAG(s) dict_keys(['latest_only']) retrieved from /Users/olgastash/neoflex_env_airflow/lib/python3.10/site-packages/airflow/example_dags/example_latest_only.py
[2023-07-30T21:46:32.169+0300] {logging_mixin.py:150} INFO - [2023-07-30T21:46:32.168+0300] {dag.py:2742} INFO - Sync 1 DAGs
[2023-07-30T21:46:32.187+0300] {logging_mixin.py:150} INFO - [2023-07-30T21:46:32.187+0300] {dag.py:3504} INFO - Setting next_dagrun for latest_only to 2023-07-30T14:46:32.187507+00:00, run_after=2023-07-30T18:46:32.187507+00:00
[2023-07-30T21:46:32.208+0300] {processor.py:179} INFO - Processing /Users/olgastash/neoflex_env_airflow/lib/python3.10/site-packages/airflow/example_dags/example_latest_only.py took 1.052 seconds
[2023-07-30T21:50:50.692+0300] {processor.py:157} INFO - Started process (PID=36602) to work on /Users/olgastash/neoflex_env_airflow/lib/python3.10/site-packages/airflow/example_dags/example_latest_only.py
[2023-07-30T21:50:50.693+0300] {processor.py:826} INFO - Processing file /Users/olgastash/neoflex_env_airflow/lib/python3.10/site-packages/airflow/example_dags/example_latest_only.py for tasks to queue
[2023-07-30T21:50:50.694+0300] {logging_mixin.py:150} INFO - [2023-07-30T21:50:50.694+0300] {dagbag.py:541} INFO - Filling up the DagBag from /Users/olgastash/neoflex_env_airflow/lib/python3.10/site-packages/airflow/example_dags/example_latest_only.py
[2023-07-30T21:50:50.715+0300] {processor.py:836} INFO - DAG(s) dict_keys(['latest_only']) retrieved from /Users/olgastash/neoflex_env_airflow/lib/python3.10/site-packages/airflow/example_dags/example_latest_only.py
[2023-07-30T21:50:51.695+0300] {logging_mixin.py:150} INFO - [2023-07-30T21:50:51.695+0300] {dag.py:2742} INFO - Sync 1 DAGs
[2023-07-30T21:50:51.715+0300] {logging_mixin.py:150} INFO - [2023-07-30T21:50:51.715+0300] {dag.py:3504} INFO - Setting next_dagrun for latest_only to 2023-07-30T14:50:51.715469+00:00, run_after=2023-07-30T18:50:51.715469+00:00
[2023-07-30T21:50:51.736+0300] {processor.py:179} INFO - Processing /Users/olgastash/neoflex_env_airflow/lib/python3.10/site-packages/airflow/example_dags/example_latest_only.py took 1.045 seconds
[2023-07-30T21:55:09.453+0300] {processor.py:157} INFO - Started process (PID=36822) to work on /Users/olgastash/neoflex_env_airflow/lib/python3.10/site-packages/airflow/example_dags/example_latest_only.py
[2023-07-30T21:55:09.454+0300] {processor.py:826} INFO - Processing file /Users/olgastash/neoflex_env_airflow/lib/python3.10/site-packages/airflow/example_dags/example_latest_only.py for tasks to queue
[2023-07-30T21:55:09.455+0300] {logging_mixin.py:150} INFO - [2023-07-30T21:55:09.455+0300] {dagbag.py:541} INFO - Filling up the DagBag from /Users/olgastash/neoflex_env_airflow/lib/python3.10/site-packages/airflow/example_dags/example_latest_only.py
[2023-07-30T21:55:09.484+0300] {processor.py:836} INFO - DAG(s) dict_keys(['latest_only']) retrieved from /Users/olgastash/neoflex_env_airflow/lib/python3.10/site-packages/airflow/example_dags/example_latest_only.py
[2023-07-30T21:55:10.581+0300] {logging_mixin.py:150} INFO - [2023-07-30T21:55:10.580+0300] {dag.py:2742} INFO - Sync 1 DAGs
[2023-07-30T21:55:10.602+0300] {logging_mixin.py:150} INFO - [2023-07-30T21:55:10.602+0300] {dag.py:3504} INFO - Setting next_dagrun for latest_only to 2023-07-30T14:55:10.602593+00:00, run_after=2023-07-30T18:55:10.602593+00:00
[2023-07-30T21:55:10.627+0300] {processor.py:179} INFO - Processing /Users/olgastash/neoflex_env_airflow/lib/python3.10/site-packages/airflow/example_dags/example_latest_only.py took 1.175 seconds
[2023-07-30T21:59:32.780+0300] {processor.py:157} INFO - Started process (PID=37009) to work on /Users/olgastash/neoflex_env_airflow/lib/python3.10/site-packages/airflow/example_dags/example_latest_only.py
[2023-07-30T21:59:32.781+0300] {processor.py:826} INFO - Processing file /Users/olgastash/neoflex_env_airflow/lib/python3.10/site-packages/airflow/example_dags/example_latest_only.py for tasks to queue
[2023-07-30T21:59:32.782+0300] {logging_mixin.py:150} INFO - [2023-07-30T21:59:32.781+0300] {dagbag.py:541} INFO - Filling up the DagBag from /Users/olgastash/neoflex_env_airflow/lib/python3.10/site-packages/airflow/example_dags/example_latest_only.py
[2023-07-30T21:59:32.803+0300] {processor.py:836} INFO - DAG(s) dict_keys(['latest_only']) retrieved from /Users/olgastash/neoflex_env_airflow/lib/python3.10/site-packages/airflow/example_dags/example_latest_only.py
[2023-07-30T21:59:33.713+0300] {logging_mixin.py:150} INFO - [2023-07-30T21:59:33.713+0300] {dag.py:2742} INFO - Sync 1 DAGs
[2023-07-30T21:59:33.732+0300] {logging_mixin.py:150} INFO - [2023-07-30T21:59:33.732+0300] {dag.py:3504} INFO - Setting next_dagrun for latest_only to 2023-07-30T14:59:33.731928+00:00, run_after=2023-07-30T18:59:33.731928+00:00
[2023-07-30T21:59:33.753+0300] {processor.py:179} INFO - Processing /Users/olgastash/neoflex_env_airflow/lib/python3.10/site-packages/airflow/example_dags/example_latest_only.py took 0.974 seconds
[2023-07-30T22:04:01.190+0300] {processor.py:157} INFO - Started process (PID=37229) to work on /Users/olgastash/neoflex_env_airflow/lib/python3.10/site-packages/airflow/example_dags/example_latest_only.py
[2023-07-30T22:04:01.191+0300] {processor.py:826} INFO - Processing file /Users/olgastash/neoflex_env_airflow/lib/python3.10/site-packages/airflow/example_dags/example_latest_only.py for tasks to queue
[2023-07-30T22:04:01.191+0300] {logging_mixin.py:150} INFO - [2023-07-30T22:04:01.191+0300] {dagbag.py:541} INFO - Filling up the DagBag from /Users/olgastash/neoflex_env_airflow/lib/python3.10/site-packages/airflow/example_dags/example_latest_only.py
[2023-07-30T22:04:01.214+0300] {processor.py:836} INFO - DAG(s) dict_keys(['latest_only']) retrieved from /Users/olgastash/neoflex_env_airflow/lib/python3.10/site-packages/airflow/example_dags/example_latest_only.py
[2023-07-30T22:04:02.224+0300] {logging_mixin.py:150} INFO - [2023-07-30T22:04:02.223+0300] {dag.py:2742} INFO - Sync 1 DAGs
[2023-07-30T22:04:02.244+0300] {logging_mixin.py:150} INFO - [2023-07-30T22:04:02.243+0300] {dag.py:3504} INFO - Setting next_dagrun for latest_only to 2023-07-30T15:04:02.243629+00:00, run_after=2023-07-30T19:04:02.243629+00:00
[2023-07-30T22:04:02.264+0300] {processor.py:179} INFO - Processing /Users/olgastash/neoflex_env_airflow/lib/python3.10/site-packages/airflow/example_dags/example_latest_only.py took 1.076 seconds
[2023-07-30T22:08:31.708+0300] {processor.py:157} INFO - Started process (PID=37431) to work on /Users/olgastash/neoflex_env_airflow/lib/python3.10/site-packages/airflow/example_dags/example_latest_only.py
[2023-07-30T22:08:31.709+0300] {processor.py:826} INFO - Processing file /Users/olgastash/neoflex_env_airflow/lib/python3.10/site-packages/airflow/example_dags/example_latest_only.py for tasks to queue
[2023-07-30T22:08:31.710+0300] {logging_mixin.py:150} INFO - [2023-07-30T22:08:31.709+0300] {dagbag.py:541} INFO - Filling up the DagBag from /Users/olgastash/neoflex_env_airflow/lib/python3.10/site-packages/airflow/example_dags/example_latest_only.py
[2023-07-30T22:08:31.732+0300] {processor.py:836} INFO - DAG(s) dict_keys(['latest_only']) retrieved from /Users/olgastash/neoflex_env_airflow/lib/python3.10/site-packages/airflow/example_dags/example_latest_only.py
[2023-07-30T22:08:32.732+0300] {logging_mixin.py:150} INFO - [2023-07-30T22:08:32.732+0300] {dag.py:2742} INFO - Sync 1 DAGs
[2023-07-30T22:08:32.752+0300] {logging_mixin.py:150} INFO - [2023-07-30T22:08:32.752+0300] {dag.py:3504} INFO - Setting next_dagrun for latest_only to 2023-07-30T15:08:32.751944+00:00, run_after=2023-07-30T19:08:32.751944+00:00
[2023-07-30T22:08:32.773+0300] {processor.py:179} INFO - Processing /Users/olgastash/neoflex_env_airflow/lib/python3.10/site-packages/airflow/example_dags/example_latest_only.py took 1.066 seconds
[2023-07-30T22:12:59.973+0300] {processor.py:157} INFO - Started process (PID=37639) to work on /Users/olgastash/neoflex_env_airflow/lib/python3.10/site-packages/airflow/example_dags/example_latest_only.py
[2023-07-30T22:12:59.974+0300] {processor.py:826} INFO - Processing file /Users/olgastash/neoflex_env_airflow/lib/python3.10/site-packages/airflow/example_dags/example_latest_only.py for tasks to queue
[2023-07-30T22:12:59.974+0300] {logging_mixin.py:150} INFO - [2023-07-30T22:12:59.974+0300] {dagbag.py:541} INFO - Filling up the DagBag from /Users/olgastash/neoflex_env_airflow/lib/python3.10/site-packages/airflow/example_dags/example_latest_only.py
[2023-07-30T22:12:59.996+0300] {processor.py:836} INFO - DAG(s) dict_keys(['latest_only']) retrieved from /Users/olgastash/neoflex_env_airflow/lib/python3.10/site-packages/airflow/example_dags/example_latest_only.py
[2023-07-30T22:13:00.996+0300] {logging_mixin.py:150} INFO - [2023-07-30T22:13:00.996+0300] {dag.py:2742} INFO - Sync 1 DAGs
[2023-07-30T22:13:01.034+0300] {logging_mixin.py:150} INFO - [2023-07-30T22:13:01.034+0300] {dag.py:3504} INFO - Setting next_dagrun for latest_only to 2023-07-30T15:13:01.034453+00:00, run_after=2023-07-30T19:13:01.034453+00:00
[2023-07-30T22:13:01.055+0300] {processor.py:179} INFO - Processing /Users/olgastash/neoflex_env_airflow/lib/python3.10/site-packages/airflow/example_dags/example_latest_only.py took 1.083 seconds
[2023-07-30T22:17:29.743+0300] {processor.py:157} INFO - Started process (PID=37857) to work on /Users/olgastash/neoflex_env_airflow/lib/python3.10/site-packages/airflow/example_dags/example_latest_only.py
[2023-07-30T22:17:29.744+0300] {processor.py:826} INFO - Processing file /Users/olgastash/neoflex_env_airflow/lib/python3.10/site-packages/airflow/example_dags/example_latest_only.py for tasks to queue
[2023-07-30T22:17:29.745+0300] {logging_mixin.py:150} INFO - [2023-07-30T22:17:29.745+0300] {dagbag.py:541} INFO - Filling up the DagBag from /Users/olgastash/neoflex_env_airflow/lib/python3.10/site-packages/airflow/example_dags/example_latest_only.py
[2023-07-30T22:17:29.767+0300] {processor.py:836} INFO - DAG(s) dict_keys(['latest_only']) retrieved from /Users/olgastash/neoflex_env_airflow/lib/python3.10/site-packages/airflow/example_dags/example_latest_only.py
[2023-07-30T22:17:30.756+0300] {logging_mixin.py:150} INFO - [2023-07-30T22:17:30.755+0300] {dag.py:2742} INFO - Sync 1 DAGs
[2023-07-30T22:17:30.775+0300] {logging_mixin.py:150} INFO - [2023-07-30T22:17:30.775+0300] {dag.py:3504} INFO - Setting next_dagrun for latest_only to 2023-07-30T15:17:30.775038+00:00, run_after=2023-07-30T19:17:30.775038+00:00
[2023-07-30T22:17:30.796+0300] {processor.py:179} INFO - Processing /Users/olgastash/neoflex_env_airflow/lib/python3.10/site-packages/airflow/example_dags/example_latest_only.py took 1.054 seconds
[2023-07-30T22:21:59.399+0300] {processor.py:157} INFO - Started process (PID=38105) to work on /Users/olgastash/neoflex_env_airflow/lib/python3.10/site-packages/airflow/example_dags/example_latest_only.py
[2023-07-30T22:21:59.402+0300] {processor.py:826} INFO - Processing file /Users/olgastash/neoflex_env_airflow/lib/python3.10/site-packages/airflow/example_dags/example_latest_only.py for tasks to queue
[2023-07-30T22:21:59.402+0300] {logging_mixin.py:150} INFO - [2023-07-30T22:21:59.402+0300] {dagbag.py:541} INFO - Filling up the DagBag from /Users/olgastash/neoflex_env_airflow/lib/python3.10/site-packages/airflow/example_dags/example_latest_only.py
[2023-07-30T22:21:59.424+0300] {processor.py:836} INFO - DAG(s) dict_keys(['latest_only']) retrieved from /Users/olgastash/neoflex_env_airflow/lib/python3.10/site-packages/airflow/example_dags/example_latest_only.py
[2023-07-30T22:22:00.416+0300] {logging_mixin.py:150} INFO - [2023-07-30T22:22:00.416+0300] {dag.py:2742} INFO - Sync 1 DAGs
[2023-07-30T22:22:00.435+0300] {logging_mixin.py:150} INFO - [2023-07-30T22:22:00.435+0300] {dag.py:3504} INFO - Setting next_dagrun for latest_only to 2023-07-30T15:22:00.435136+00:00, run_after=2023-07-30T19:22:00.435136+00:00
[2023-07-30T22:22:00.456+0300] {processor.py:179} INFO - Processing /Users/olgastash/neoflex_env_airflow/lib/python3.10/site-packages/airflow/example_dags/example_latest_only.py took 1.058 seconds
[2023-07-30T22:26:28.450+0300] {processor.py:157} INFO - Started process (PID=38360) to work on /Users/olgastash/neoflex_env_airflow/lib/python3.10/site-packages/airflow/example_dags/example_latest_only.py
[2023-07-30T22:26:28.451+0300] {processor.py:826} INFO - Processing file /Users/olgastash/neoflex_env_airflow/lib/python3.10/site-packages/airflow/example_dags/example_latest_only.py for tasks to queue
[2023-07-30T22:26:28.451+0300] {logging_mixin.py:150} INFO - [2023-07-30T22:26:28.451+0300] {dagbag.py:541} INFO - Filling up the DagBag from /Users/olgastash/neoflex_env_airflow/lib/python3.10/site-packages/airflow/example_dags/example_latest_only.py
[2023-07-30T22:26:28.474+0300] {processor.py:836} INFO - DAG(s) dict_keys(['latest_only']) retrieved from /Users/olgastash/neoflex_env_airflow/lib/python3.10/site-packages/airflow/example_dags/example_latest_only.py
[2023-07-30T22:26:29.529+0300] {logging_mixin.py:150} INFO - [2023-07-30T22:26:29.529+0300] {dag.py:2742} INFO - Sync 1 DAGs
[2023-07-30T22:26:29.551+0300] {logging_mixin.py:150} INFO - [2023-07-30T22:26:29.550+0300] {dag.py:3504} INFO - Setting next_dagrun for latest_only to 2023-07-30T15:26:29.550575+00:00, run_after=2023-07-30T19:26:29.550575+00:00
[2023-07-30T22:26:29.573+0300] {processor.py:179} INFO - Processing /Users/olgastash/neoflex_env_airflow/lib/python3.10/site-packages/airflow/example_dags/example_latest_only.py took 1.124 seconds
[2023-07-30T22:30:58.961+0300] {processor.py:157} INFO - Started process (PID=38600) to work on /Users/olgastash/neoflex_env_airflow/lib/python3.10/site-packages/airflow/example_dags/example_latest_only.py
[2023-07-30T22:30:58.962+0300] {processor.py:826} INFO - Processing file /Users/olgastash/neoflex_env_airflow/lib/python3.10/site-packages/airflow/example_dags/example_latest_only.py for tasks to queue
[2023-07-30T22:30:58.962+0300] {logging_mixin.py:150} INFO - [2023-07-30T22:30:58.962+0300] {dagbag.py:541} INFO - Filling up the DagBag from /Users/olgastash/neoflex_env_airflow/lib/python3.10/site-packages/airflow/example_dags/example_latest_only.py
[2023-07-30T22:30:58.986+0300] {processor.py:836} INFO - DAG(s) dict_keys(['latest_only']) retrieved from /Users/olgastash/neoflex_env_airflow/lib/python3.10/site-packages/airflow/example_dags/example_latest_only.py
[2023-07-30T22:31:00.002+0300] {logging_mixin.py:150} INFO - [2023-07-30T22:31:00.001+0300] {dag.py:2742} INFO - Sync 1 DAGs
[2023-07-30T22:31:00.022+0300] {logging_mixin.py:150} INFO - [2023-07-30T22:31:00.021+0300] {dag.py:3504} INFO - Setting next_dagrun for latest_only to 2023-07-30T15:31:00.021836+00:00, run_after=2023-07-30T19:31:00.021836+00:00
[2023-07-30T22:31:00.042+0300] {processor.py:179} INFO - Processing /Users/olgastash/neoflex_env_airflow/lib/python3.10/site-packages/airflow/example_dags/example_latest_only.py took 1.082 seconds
[2023-07-30T22:35:25.489+0300] {processor.py:157} INFO - Started process (PID=38799) to work on /Users/olgastash/neoflex_env_airflow/lib/python3.10/site-packages/airflow/example_dags/example_latest_only.py
[2023-07-30T22:35:25.490+0300] {processor.py:826} INFO - Processing file /Users/olgastash/neoflex_env_airflow/lib/python3.10/site-packages/airflow/example_dags/example_latest_only.py for tasks to queue
[2023-07-30T22:35:25.491+0300] {logging_mixin.py:150} INFO - [2023-07-30T22:35:25.490+0300] {dagbag.py:541} INFO - Filling up the DagBag from /Users/olgastash/neoflex_env_airflow/lib/python3.10/site-packages/airflow/example_dags/example_latest_only.py
[2023-07-30T22:35:25.516+0300] {processor.py:836} INFO - DAG(s) dict_keys(['latest_only']) retrieved from /Users/olgastash/neoflex_env_airflow/lib/python3.10/site-packages/airflow/example_dags/example_latest_only.py
[2023-07-30T22:35:26.559+0300] {logging_mixin.py:150} INFO - [2023-07-30T22:35:26.558+0300] {dag.py:2742} INFO - Sync 1 DAGs
[2023-07-30T22:35:26.578+0300] {logging_mixin.py:150} INFO - [2023-07-30T22:35:26.578+0300] {dag.py:3504} INFO - Setting next_dagrun for latest_only to 2023-07-30T15:35:26.577867+00:00, run_after=2023-07-30T19:35:26.577867+00:00
[2023-07-30T22:35:26.599+0300] {processor.py:179} INFO - Processing /Users/olgastash/neoflex_env_airflow/lib/python3.10/site-packages/airflow/example_dags/example_latest_only.py took 1.111 seconds
[2023-07-30T22:39:49.879+0300] {processor.py:157} INFO - Started process (PID=39019) to work on /Users/olgastash/neoflex_env_airflow/lib/python3.10/site-packages/airflow/example_dags/example_latest_only.py
[2023-07-30T22:39:49.880+0300] {processor.py:826} INFO - Processing file /Users/olgastash/neoflex_env_airflow/lib/python3.10/site-packages/airflow/example_dags/example_latest_only.py for tasks to queue
[2023-07-30T22:39:49.880+0300] {logging_mixin.py:150} INFO - [2023-07-30T22:39:49.880+0300] {dagbag.py:541} INFO - Filling up the DagBag from /Users/olgastash/neoflex_env_airflow/lib/python3.10/site-packages/airflow/example_dags/example_latest_only.py
[2023-07-30T22:39:49.902+0300] {processor.py:836} INFO - DAG(s) dict_keys(['latest_only']) retrieved from /Users/olgastash/neoflex_env_airflow/lib/python3.10/site-packages/airflow/example_dags/example_latest_only.py
[2023-07-30T22:39:50.832+0300] {logging_mixin.py:150} INFO - [2023-07-30T22:39:50.832+0300] {dag.py:2742} INFO - Sync 1 DAGs
[2023-07-30T22:39:50.852+0300] {logging_mixin.py:150} INFO - [2023-07-30T22:39:50.852+0300] {dag.py:3504} INFO - Setting next_dagrun for latest_only to 2023-07-30T15:39:50.852173+00:00, run_after=2023-07-30T19:39:50.852173+00:00
[2023-07-30T22:39:50.874+0300] {processor.py:179} INFO - Processing /Users/olgastash/neoflex_env_airflow/lib/python3.10/site-packages/airflow/example_dags/example_latest_only.py took 0.996 seconds
[2023-07-30T22:44:15.098+0300] {processor.py:157} INFO - Started process (PID=39260) to work on /Users/olgastash/neoflex_env_airflow/lib/python3.10/site-packages/airflow/example_dags/example_latest_only.py
[2023-07-30T22:44:15.099+0300] {processor.py:826} INFO - Processing file /Users/olgastash/neoflex_env_airflow/lib/python3.10/site-packages/airflow/example_dags/example_latest_only.py for tasks to queue
[2023-07-30T22:44:15.099+0300] {logging_mixin.py:150} INFO - [2023-07-30T22:44:15.099+0300] {dagbag.py:541} INFO - Filling up the DagBag from /Users/olgastash/neoflex_env_airflow/lib/python3.10/site-packages/airflow/example_dags/example_latest_only.py
[2023-07-30T22:44:15.122+0300] {processor.py:836} INFO - DAG(s) dict_keys(['latest_only']) retrieved from /Users/olgastash/neoflex_env_airflow/lib/python3.10/site-packages/airflow/example_dags/example_latest_only.py
[2023-07-30T22:44:16.197+0300] {logging_mixin.py:150} INFO - [2023-07-30T22:44:16.197+0300] {dag.py:2742} INFO - Sync 1 DAGs
[2023-07-30T22:44:16.218+0300] {logging_mixin.py:150} INFO - [2023-07-30T22:44:16.218+0300] {dag.py:3504} INFO - Setting next_dagrun for latest_only to 2023-07-30T15:44:16.218299+00:00, run_after=2023-07-30T19:44:16.218299+00:00
[2023-07-30T22:44:16.239+0300] {processor.py:179} INFO - Processing /Users/olgastash/neoflex_env_airflow/lib/python3.10/site-packages/airflow/example_dags/example_latest_only.py took 1.142 seconds
[2023-07-30T22:48:43.496+0300] {processor.py:157} INFO - Started process (PID=39486) to work on /Users/olgastash/neoflex_env_airflow/lib/python3.10/site-packages/airflow/example_dags/example_latest_only.py
[2023-07-30T22:48:43.498+0300] {processor.py:826} INFO - Processing file /Users/olgastash/neoflex_env_airflow/lib/python3.10/site-packages/airflow/example_dags/example_latest_only.py for tasks to queue
[2023-07-30T22:48:43.498+0300] {logging_mixin.py:150} INFO - [2023-07-30T22:48:43.498+0300] {dagbag.py:541} INFO - Filling up the DagBag from /Users/olgastash/neoflex_env_airflow/lib/python3.10/site-packages/airflow/example_dags/example_latest_only.py
[2023-07-30T22:48:43.529+0300] {processor.py:836} INFO - DAG(s) dict_keys(['latest_only']) retrieved from /Users/olgastash/neoflex_env_airflow/lib/python3.10/site-packages/airflow/example_dags/example_latest_only.py
[2023-07-30T22:48:44.577+0300] {logging_mixin.py:150} INFO - [2023-07-30T22:48:44.576+0300] {dag.py:2742} INFO - Sync 1 DAGs
[2023-07-30T22:48:44.596+0300] {logging_mixin.py:150} INFO - [2023-07-30T22:48:44.596+0300] {dag.py:3504} INFO - Setting next_dagrun for latest_only to 2023-07-30T15:48:44.596111+00:00, run_after=2023-07-30T19:48:44.596111+00:00
[2023-07-30T22:48:44.616+0300] {processor.py:179} INFO - Processing /Users/olgastash/neoflex_env_airflow/lib/python3.10/site-packages/airflow/example_dags/example_latest_only.py took 1.121 seconds
[2023-07-30T22:53:14.655+0300] {processor.py:157} INFO - Started process (PID=39733) to work on /Users/olgastash/neoflex_env_airflow/lib/python3.10/site-packages/airflow/example_dags/example_latest_only.py
[2023-07-30T22:53:14.656+0300] {processor.py:826} INFO - Processing file /Users/olgastash/neoflex_env_airflow/lib/python3.10/site-packages/airflow/example_dags/example_latest_only.py for tasks to queue
[2023-07-30T22:53:14.657+0300] {logging_mixin.py:150} INFO - [2023-07-30T22:53:14.657+0300] {dagbag.py:541} INFO - Filling up the DagBag from /Users/olgastash/neoflex_env_airflow/lib/python3.10/site-packages/airflow/example_dags/example_latest_only.py
[2023-07-30T22:53:14.679+0300] {processor.py:836} INFO - DAG(s) dict_keys(['latest_only']) retrieved from /Users/olgastash/neoflex_env_airflow/lib/python3.10/site-packages/airflow/example_dags/example_latest_only.py
[2023-07-30T22:53:15.669+0300] {logging_mixin.py:150} INFO - [2023-07-30T22:53:15.669+0300] {dag.py:2742} INFO - Sync 1 DAGs
[2023-07-30T22:53:15.688+0300] {logging_mixin.py:150} INFO - [2023-07-30T22:53:15.688+0300] {dag.py:3504} INFO - Setting next_dagrun for latest_only to 2023-07-30T15:53:15.688439+00:00, run_after=2023-07-30T19:53:15.688439+00:00
[2023-07-30T22:53:15.709+0300] {processor.py:179} INFO - Processing /Users/olgastash/neoflex_env_airflow/lib/python3.10/site-packages/airflow/example_dags/example_latest_only.py took 1.055 seconds
[2023-07-30T22:57:47.935+0300] {processor.py:157} INFO - Started process (PID=39955) to work on /Users/olgastash/neoflex_env_airflow/lib/python3.10/site-packages/airflow/example_dags/example_latest_only.py
[2023-07-30T22:57:47.936+0300] {processor.py:826} INFO - Processing file /Users/olgastash/neoflex_env_airflow/lib/python3.10/site-packages/airflow/example_dags/example_latest_only.py for tasks to queue
[2023-07-30T22:57:47.937+0300] {logging_mixin.py:150} INFO - [2023-07-30T22:57:47.937+0300] {dagbag.py:541} INFO - Filling up the DagBag from /Users/olgastash/neoflex_env_airflow/lib/python3.10/site-packages/airflow/example_dags/example_latest_only.py
[2023-07-30T22:57:47.958+0300] {processor.py:836} INFO - DAG(s) dict_keys(['latest_only']) retrieved from /Users/olgastash/neoflex_env_airflow/lib/python3.10/site-packages/airflow/example_dags/example_latest_only.py
[2023-07-30T22:57:48.966+0300] {logging_mixin.py:150} INFO - [2023-07-30T22:57:48.966+0300] {dag.py:2742} INFO - Sync 1 DAGs
[2023-07-30T22:57:48.986+0300] {logging_mixin.py:150} INFO - [2023-07-30T22:57:48.985+0300] {dag.py:3504} INFO - Setting next_dagrun for latest_only to 2023-07-30T15:57:48.985698+00:00, run_after=2023-07-30T19:57:48.985698+00:00
[2023-07-30T22:57:49.007+0300] {processor.py:179} INFO - Processing /Users/olgastash/neoflex_env_airflow/lib/python3.10/site-packages/airflow/example_dags/example_latest_only.py took 1.073 seconds
[2023-07-30T23:02:19.630+0300] {processor.py:157} INFO - Started process (PID=40195) to work on /Users/olgastash/neoflex_env_airflow/lib/python3.10/site-packages/airflow/example_dags/example_latest_only.py
[2023-07-30T23:02:19.631+0300] {processor.py:826} INFO - Processing file /Users/olgastash/neoflex_env_airflow/lib/python3.10/site-packages/airflow/example_dags/example_latest_only.py for tasks to queue
[2023-07-30T23:02:19.632+0300] {logging_mixin.py:150} INFO - [2023-07-30T23:02:19.632+0300] {dagbag.py:541} INFO - Filling up the DagBag from /Users/olgastash/neoflex_env_airflow/lib/python3.10/site-packages/airflow/example_dags/example_latest_only.py
[2023-07-30T23:02:19.654+0300] {processor.py:836} INFO - DAG(s) dict_keys(['latest_only']) retrieved from /Users/olgastash/neoflex_env_airflow/lib/python3.10/site-packages/airflow/example_dags/example_latest_only.py
[2023-07-30T23:02:20.802+0300] {logging_mixin.py:150} INFO - [2023-07-30T23:02:20.801+0300] {dag.py:2742} INFO - Sync 1 DAGs
[2023-07-30T23:02:20.826+0300] {logging_mixin.py:150} INFO - [2023-07-30T23:02:20.826+0300] {dag.py:3504} INFO - Setting next_dagrun for latest_only to 2023-07-30T16:02:20.826395+00:00, run_after=2023-07-30T20:02:20.826395+00:00
[2023-07-30T23:02:20.853+0300] {processor.py:179} INFO - Processing /Users/olgastash/neoflex_env_airflow/lib/python3.10/site-packages/airflow/example_dags/example_latest_only.py took 1.223 seconds
