[2023-07-30T18:29:35.746+0300] {processor.py:157} INFO - Started process (PID=28987) to work on /Users/olgastash/neoflex_env_airflow/lib/python3.10/site-packages/airflow/example_dags/example_dag_decorator.py
[2023-07-30T18:29:35.747+0300] {processor.py:826} INFO - Processing file /Users/olgastash/neoflex_env_airflow/lib/python3.10/site-packages/airflow/example_dags/example_dag_decorator.py for tasks to queue
[2023-07-30T18:29:35.748+0300] {logging_mixin.py:150} INFO - [2023-07-30T18:29:35.747+0300] {dagbag.py:541} INFO - Filling up the DagBag from /Users/olgastash/neoflex_env_airflow/lib/python3.10/site-packages/airflow/example_dags/example_dag_decorator.py
[2023-07-30T18:29:36.008+0300] {processor.py:836} INFO - DAG(s) dict_keys(['example_dag_decorator']) retrieved from /Users/olgastash/neoflex_env_airflow/lib/python3.10/site-packages/airflow/example_dags/example_dag_decorator.py
[2023-07-30T18:29:36.798+0300] {logging_mixin.py:150} INFO - [2023-07-30T18:29:36.797+0300] {manager.py:504} INFO - Created Permission View: can edit on DAG:example_dag_decorator
[2023-07-30T18:29:36.807+0300] {logging_mixin.py:150} INFO - [2023-07-30T18:29:36.807+0300] {manager.py:504} INFO - Created Permission View: can delete on DAG:example_dag_decorator
[2023-07-30T18:29:36.814+0300] {logging_mixin.py:150} INFO - [2023-07-30T18:29:36.813+0300] {manager.py:504} INFO - Created Permission View: can read on DAG:example_dag_decorator
[2023-07-30T18:29:36.826+0300] {logging_mixin.py:150} INFO - [2023-07-30T18:29:36.826+0300] {dag.py:2742} INFO - Sync 1 DAGs
[2023-07-30T18:29:36.839+0300] {logging_mixin.py:150} INFO - [2023-07-30T18:29:36.839+0300] {dag.py:2763} INFO - Creating ORM DAG for example_dag_decorator
[2023-07-30T18:29:36.849+0300] {logging_mixin.py:150} INFO - [2023-07-30T18:29:36.849+0300] {dag.py:3504} INFO - Setting next_dagrun for example_dag_decorator to None, run_after=None
[2023-07-30T18:29:36.868+0300] {processor.py:179} INFO - Processing /Users/olgastash/neoflex_env_airflow/lib/python3.10/site-packages/airflow/example_dags/example_dag_decorator.py took 1.123 seconds
[2023-07-30T18:33:33.580+0300] {processor.py:157} INFO - Started process (PID=29142) to work on /Users/olgastash/neoflex_env_airflow/lib/python3.10/site-packages/airflow/example_dags/example_dag_decorator.py
[2023-07-30T18:33:33.581+0300] {processor.py:826} INFO - Processing file /Users/olgastash/neoflex_env_airflow/lib/python3.10/site-packages/airflow/example_dags/example_dag_decorator.py for tasks to queue
[2023-07-30T18:33:33.582+0300] {logging_mixin.py:150} INFO - [2023-07-30T18:33:33.581+0300] {dagbag.py:541} INFO - Filling up the DagBag from /Users/olgastash/neoflex_env_airflow/lib/python3.10/site-packages/airflow/example_dags/example_dag_decorator.py
[2023-07-30T18:33:33.831+0300] {processor.py:836} INFO - DAG(s) dict_keys(['example_dag_decorator']) retrieved from /Users/olgastash/neoflex_env_airflow/lib/python3.10/site-packages/airflow/example_dags/example_dag_decorator.py
[2023-07-30T18:33:34.624+0300] {logging_mixin.py:150} INFO - [2023-07-30T18:33:34.624+0300] {dag.py:2742} INFO - Sync 1 DAGs
[2023-07-30T18:33:34.643+0300] {logging_mixin.py:150} INFO - [2023-07-30T18:33:34.643+0300] {dag.py:3504} INFO - Setting next_dagrun for example_dag_decorator to None, run_after=None
[2023-07-30T18:33:34.662+0300] {processor.py:179} INFO - Processing /Users/olgastash/neoflex_env_airflow/lib/python3.10/site-packages/airflow/example_dags/example_dag_decorator.py took 1.082 seconds
[2023-07-30T18:37:27.505+0300] {processor.py:157} INFO - Started process (PID=29304) to work on /Users/olgastash/neoflex_env_airflow/lib/python3.10/site-packages/airflow/example_dags/example_dag_decorator.py
[2023-07-30T18:37:27.506+0300] {processor.py:826} INFO - Processing file /Users/olgastash/neoflex_env_airflow/lib/python3.10/site-packages/airflow/example_dags/example_dag_decorator.py for tasks to queue
[2023-07-30T18:37:27.506+0300] {logging_mixin.py:150} INFO - [2023-07-30T18:37:27.506+0300] {dagbag.py:541} INFO - Filling up the DagBag from /Users/olgastash/neoflex_env_airflow/lib/python3.10/site-packages/airflow/example_dags/example_dag_decorator.py
[2023-07-30T18:37:27.748+0300] {processor.py:836} INFO - DAG(s) dict_keys(['example_dag_decorator']) retrieved from /Users/olgastash/neoflex_env_airflow/lib/python3.10/site-packages/airflow/example_dags/example_dag_decorator.py
[2023-07-30T18:37:28.505+0300] {logging_mixin.py:150} INFO - [2023-07-30T18:37:28.505+0300] {dag.py:2742} INFO - Sync 1 DAGs
[2023-07-30T18:37:28.524+0300] {logging_mixin.py:150} INFO - [2023-07-30T18:37:28.524+0300] {dag.py:3504} INFO - Setting next_dagrun for example_dag_decorator to None, run_after=None
[2023-07-30T18:37:28.543+0300] {processor.py:179} INFO - Processing /Users/olgastash/neoflex_env_airflow/lib/python3.10/site-packages/airflow/example_dags/example_dag_decorator.py took 1.039 seconds
[2023-07-30T18:41:25.521+0300] {processor.py:157} INFO - Started process (PID=29455) to work on /Users/olgastash/neoflex_env_airflow/lib/python3.10/site-packages/airflow/example_dags/example_dag_decorator.py
[2023-07-30T18:41:25.522+0300] {processor.py:826} INFO - Processing file /Users/olgastash/neoflex_env_airflow/lib/python3.10/site-packages/airflow/example_dags/example_dag_decorator.py for tasks to queue
[2023-07-30T18:41:25.522+0300] {logging_mixin.py:150} INFO - [2023-07-30T18:41:25.522+0300] {dagbag.py:541} INFO - Filling up the DagBag from /Users/olgastash/neoflex_env_airflow/lib/python3.10/site-packages/airflow/example_dags/example_dag_decorator.py
[2023-07-30T18:41:25.767+0300] {processor.py:836} INFO - DAG(s) dict_keys(['example_dag_decorator']) retrieved from /Users/olgastash/neoflex_env_airflow/lib/python3.10/site-packages/airflow/example_dags/example_dag_decorator.py
[2023-07-30T18:41:26.537+0300] {logging_mixin.py:150} INFO - [2023-07-30T18:41:26.536+0300] {dag.py:2742} INFO - Sync 1 DAGs
[2023-07-30T18:41:26.556+0300] {logging_mixin.py:150} INFO - [2023-07-30T18:41:26.556+0300] {dag.py:3504} INFO - Setting next_dagrun for example_dag_decorator to None, run_after=None
[2023-07-30T18:41:26.575+0300] {processor.py:179} INFO - Processing /Users/olgastash/neoflex_env_airflow/lib/python3.10/site-packages/airflow/example_dags/example_dag_decorator.py took 1.055 seconds
[2023-07-30T18:45:18.049+0300] {processor.py:157} INFO - Started process (PID=29663) to work on /Users/olgastash/neoflex_env_airflow/lib/python3.10/site-packages/airflow/example_dags/example_dag_decorator.py
[2023-07-30T18:45:18.050+0300] {processor.py:826} INFO - Processing file /Users/olgastash/neoflex_env_airflow/lib/python3.10/site-packages/airflow/example_dags/example_dag_decorator.py for tasks to queue
[2023-07-30T18:45:18.051+0300] {logging_mixin.py:150} INFO - [2023-07-30T18:45:18.050+0300] {dagbag.py:541} INFO - Filling up the DagBag from /Users/olgastash/neoflex_env_airflow/lib/python3.10/site-packages/airflow/example_dags/example_dag_decorator.py
[2023-07-30T18:45:18.293+0300] {processor.py:836} INFO - DAG(s) dict_keys(['example_dag_decorator']) retrieved from /Users/olgastash/neoflex_env_airflow/lib/python3.10/site-packages/airflow/example_dags/example_dag_decorator.py
[2023-07-30T18:45:19.043+0300] {logging_mixin.py:150} INFO - [2023-07-30T18:45:19.042+0300] {dag.py:2742} INFO - Sync 1 DAGs
[2023-07-30T18:45:19.061+0300] {logging_mixin.py:150} INFO - [2023-07-30T18:45:19.061+0300] {dag.py:3504} INFO - Setting next_dagrun for example_dag_decorator to None, run_after=None
[2023-07-30T18:45:19.079+0300] {processor.py:179} INFO - Processing /Users/olgastash/neoflex_env_airflow/lib/python3.10/site-packages/airflow/example_dags/example_dag_decorator.py took 1.031 seconds
[2023-07-30T18:49:09.306+0300] {processor.py:157} INFO - Started process (PID=29893) to work on /Users/olgastash/neoflex_env_airflow/lib/python3.10/site-packages/airflow/example_dags/example_dag_decorator.py
[2023-07-30T18:49:09.307+0300] {processor.py:826} INFO - Processing file /Users/olgastash/neoflex_env_airflow/lib/python3.10/site-packages/airflow/example_dags/example_dag_decorator.py for tasks to queue
[2023-07-30T18:49:09.307+0300] {logging_mixin.py:150} INFO - [2023-07-30T18:49:09.307+0300] {dagbag.py:541} INFO - Filling up the DagBag from /Users/olgastash/neoflex_env_airflow/lib/python3.10/site-packages/airflow/example_dags/example_dag_decorator.py
[2023-07-30T18:49:09.549+0300] {processor.py:836} INFO - DAG(s) dict_keys(['example_dag_decorator']) retrieved from /Users/olgastash/neoflex_env_airflow/lib/python3.10/site-packages/airflow/example_dags/example_dag_decorator.py
[2023-07-30T18:49:10.306+0300] {logging_mixin.py:150} INFO - [2023-07-30T18:49:10.305+0300] {dag.py:2742} INFO - Sync 1 DAGs
[2023-07-30T18:49:10.324+0300] {logging_mixin.py:150} INFO - [2023-07-30T18:49:10.324+0300] {dag.py:3504} INFO - Setting next_dagrun for example_dag_decorator to None, run_after=None
[2023-07-30T18:49:10.343+0300] {processor.py:179} INFO - Processing /Users/olgastash/neoflex_env_airflow/lib/python3.10/site-packages/airflow/example_dags/example_dag_decorator.py took 1.038 seconds
[2023-07-30T18:53:02.625+0300] {processor.py:157} INFO - Started process (PID=30068) to work on /Users/olgastash/neoflex_env_airflow/lib/python3.10/site-packages/airflow/example_dags/example_dag_decorator.py
[2023-07-30T18:53:02.626+0300] {processor.py:826} INFO - Processing file /Users/olgastash/neoflex_env_airflow/lib/python3.10/site-packages/airflow/example_dags/example_dag_decorator.py for tasks to queue
[2023-07-30T18:53:02.627+0300] {logging_mixin.py:150} INFO - [2023-07-30T18:53:02.627+0300] {dagbag.py:541} INFO - Filling up the DagBag from /Users/olgastash/neoflex_env_airflow/lib/python3.10/site-packages/airflow/example_dags/example_dag_decorator.py
[2023-07-30T18:53:02.869+0300] {processor.py:836} INFO - DAG(s) dict_keys(['example_dag_decorator']) retrieved from /Users/olgastash/neoflex_env_airflow/lib/python3.10/site-packages/airflow/example_dags/example_dag_decorator.py
[2023-07-30T18:53:03.646+0300] {logging_mixin.py:150} INFO - [2023-07-30T18:53:03.646+0300] {dag.py:2742} INFO - Sync 1 DAGs
[2023-07-30T18:53:03.665+0300] {logging_mixin.py:150} INFO - [2023-07-30T18:53:03.665+0300] {dag.py:3504} INFO - Setting next_dagrun for example_dag_decorator to None, run_after=None
[2023-07-30T18:53:03.684+0300] {processor.py:179} INFO - Processing /Users/olgastash/neoflex_env_airflow/lib/python3.10/site-packages/airflow/example_dags/example_dag_decorator.py took 1.060 seconds
[2023-07-30T18:56:48.194+0300] {processor.py:157} INFO - Started process (PID=30255) to work on /Users/olgastash/neoflex_env_airflow/lib/python3.10/site-packages/airflow/example_dags/example_dag_decorator.py
[2023-07-30T18:56:48.195+0300] {processor.py:826} INFO - Processing file /Users/olgastash/neoflex_env_airflow/lib/python3.10/site-packages/airflow/example_dags/example_dag_decorator.py for tasks to queue
[2023-07-30T18:56:48.195+0300] {logging_mixin.py:150} INFO - [2023-07-30T18:56:48.195+0300] {dagbag.py:541} INFO - Filling up the DagBag from /Users/olgastash/neoflex_env_airflow/lib/python3.10/site-packages/airflow/example_dags/example_dag_decorator.py
[2023-07-30T18:56:48.444+0300] {processor.py:836} INFO - DAG(s) dict_keys(['example_dag_decorator']) retrieved from /Users/olgastash/neoflex_env_airflow/lib/python3.10/site-packages/airflow/example_dags/example_dag_decorator.py
[2023-07-30T18:56:49.238+0300] {logging_mixin.py:150} INFO - [2023-07-30T18:56:49.238+0300] {dag.py:2742} INFO - Sync 1 DAGs
[2023-07-30T18:56:49.258+0300] {logging_mixin.py:150} INFO - [2023-07-30T18:56:49.258+0300] {dag.py:3504} INFO - Setting next_dagrun for example_dag_decorator to None, run_after=None
[2023-07-30T18:56:49.277+0300] {processor.py:179} INFO - Processing /Users/olgastash/neoflex_env_airflow/lib/python3.10/site-packages/airflow/example_dags/example_dag_decorator.py took 1.084 seconds
[2023-07-30T19:00:47.954+0300] {processor.py:157} INFO - Started process (PID=30455) to work on /Users/olgastash/neoflex_env_airflow/lib/python3.10/site-packages/airflow/example_dags/example_dag_decorator.py
[2023-07-30T19:00:47.955+0300] {processor.py:826} INFO - Processing file /Users/olgastash/neoflex_env_airflow/lib/python3.10/site-packages/airflow/example_dags/example_dag_decorator.py for tasks to queue
[2023-07-30T19:00:47.955+0300] {logging_mixin.py:150} INFO - [2023-07-30T19:00:47.955+0300] {dagbag.py:541} INFO - Filling up the DagBag from /Users/olgastash/neoflex_env_airflow/lib/python3.10/site-packages/airflow/example_dags/example_dag_decorator.py
[2023-07-30T19:00:48.206+0300] {processor.py:836} INFO - DAG(s) dict_keys(['example_dag_decorator']) retrieved from /Users/olgastash/neoflex_env_airflow/lib/python3.10/site-packages/airflow/example_dags/example_dag_decorator.py
[2023-07-30T19:00:48.986+0300] {logging_mixin.py:150} INFO - [2023-07-30T19:00:48.986+0300] {dag.py:2742} INFO - Sync 1 DAGs
[2023-07-30T19:00:49.005+0300] {logging_mixin.py:150} INFO - [2023-07-30T19:00:49.005+0300] {dag.py:3504} INFO - Setting next_dagrun for example_dag_decorator to None, run_after=None
[2023-07-30T19:00:49.025+0300] {processor.py:179} INFO - Processing /Users/olgastash/neoflex_env_airflow/lib/python3.10/site-packages/airflow/example_dags/example_dag_decorator.py took 1.072 seconds
[2023-07-30T19:05:00.210+0300] {processor.py:157} INFO - Started process (PID=30621) to work on /Users/olgastash/neoflex_env_airflow/lib/python3.10/site-packages/airflow/example_dags/example_dag_decorator.py
[2023-07-30T19:05:00.211+0300] {processor.py:826} INFO - Processing file /Users/olgastash/neoflex_env_airflow/lib/python3.10/site-packages/airflow/example_dags/example_dag_decorator.py for tasks to queue
[2023-07-30T19:05:00.211+0300] {logging_mixin.py:150} INFO - [2023-07-30T19:05:00.211+0300] {dagbag.py:541} INFO - Filling up the DagBag from /Users/olgastash/neoflex_env_airflow/lib/python3.10/site-packages/airflow/example_dags/example_dag_decorator.py
[2023-07-30T19:05:00.456+0300] {processor.py:836} INFO - DAG(s) dict_keys(['example_dag_decorator']) retrieved from /Users/olgastash/neoflex_env_airflow/lib/python3.10/site-packages/airflow/example_dags/example_dag_decorator.py
[2023-07-30T19:05:01.247+0300] {logging_mixin.py:150} INFO - [2023-07-30T19:05:01.247+0300] {dag.py:2742} INFO - Sync 1 DAGs
[2023-07-30T19:05:01.266+0300] {logging_mixin.py:150} INFO - [2023-07-30T19:05:01.266+0300] {dag.py:3504} INFO - Setting next_dagrun for example_dag_decorator to None, run_after=None
[2023-07-30T19:05:01.287+0300] {processor.py:179} INFO - Processing /Users/olgastash/neoflex_env_airflow/lib/python3.10/site-packages/airflow/example_dags/example_dag_decorator.py took 1.078 seconds
[2023-07-30T19:08:51.182+0300] {processor.py:157} INFO - Started process (PID=30751) to work on /Users/olgastash/neoflex_env_airflow/lib/python3.10/site-packages/airflow/example_dags/example_dag_decorator.py
[2023-07-30T19:08:51.183+0300] {processor.py:826} INFO - Processing file /Users/olgastash/neoflex_env_airflow/lib/python3.10/site-packages/airflow/example_dags/example_dag_decorator.py for tasks to queue
[2023-07-30T19:08:51.183+0300] {logging_mixin.py:150} INFO - [2023-07-30T19:08:51.183+0300] {dagbag.py:541} INFO - Filling up the DagBag from /Users/olgastash/neoflex_env_airflow/lib/python3.10/site-packages/airflow/example_dags/example_dag_decorator.py
[2023-07-30T19:08:51.424+0300] {processor.py:836} INFO - DAG(s) dict_keys(['example_dag_decorator']) retrieved from /Users/olgastash/neoflex_env_airflow/lib/python3.10/site-packages/airflow/example_dags/example_dag_decorator.py
[2023-07-30T19:08:52.205+0300] {logging_mixin.py:150} INFO - [2023-07-30T19:08:52.205+0300] {dag.py:2742} INFO - Sync 1 DAGs
[2023-07-30T19:08:52.224+0300] {logging_mixin.py:150} INFO - [2023-07-30T19:08:52.224+0300] {dag.py:3504} INFO - Setting next_dagrun for example_dag_decorator to None, run_after=None
[2023-07-30T19:08:52.243+0300] {processor.py:179} INFO - Processing /Users/olgastash/neoflex_env_airflow/lib/python3.10/site-packages/airflow/example_dags/example_dag_decorator.py took 1.062 seconds
[2023-07-30T19:13:10.451+0300] {processor.py:157} INFO - Started process (PID=30914) to work on /Users/olgastash/neoflex_env_airflow/lib/python3.10/site-packages/airflow/example_dags/example_dag_decorator.py
[2023-07-30T19:13:10.452+0300] {processor.py:826} INFO - Processing file /Users/olgastash/neoflex_env_airflow/lib/python3.10/site-packages/airflow/example_dags/example_dag_decorator.py for tasks to queue
[2023-07-30T19:13:10.452+0300] {logging_mixin.py:150} INFO - [2023-07-30T19:13:10.452+0300] {dagbag.py:541} INFO - Filling up the DagBag from /Users/olgastash/neoflex_env_airflow/lib/python3.10/site-packages/airflow/example_dags/example_dag_decorator.py
[2023-07-30T19:13:10.696+0300] {processor.py:836} INFO - DAG(s) dict_keys(['example_dag_decorator']) retrieved from /Users/olgastash/neoflex_env_airflow/lib/python3.10/site-packages/airflow/example_dags/example_dag_decorator.py
[2023-07-30T19:13:11.457+0300] {logging_mixin.py:150} INFO - [2023-07-30T19:13:11.456+0300] {dag.py:2742} INFO - Sync 1 DAGs
[2023-07-30T19:13:11.475+0300] {logging_mixin.py:150} INFO - [2023-07-30T19:13:11.475+0300] {dag.py:3504} INFO - Setting next_dagrun for example_dag_decorator to None, run_after=None
[2023-07-30T19:13:11.496+0300] {processor.py:179} INFO - Processing /Users/olgastash/neoflex_env_airflow/lib/python3.10/site-packages/airflow/example_dags/example_dag_decorator.py took 1.046 seconds
[2023-07-30T19:17:11.341+0300] {processor.py:157} INFO - Started process (PID=31114) to work on /Users/olgastash/neoflex_env_airflow/lib/python3.10/site-packages/airflow/example_dags/example_dag_decorator.py
[2023-07-30T19:17:11.342+0300] {processor.py:826} INFO - Processing file /Users/olgastash/neoflex_env_airflow/lib/python3.10/site-packages/airflow/example_dags/example_dag_decorator.py for tasks to queue
[2023-07-30T19:17:11.343+0300] {logging_mixin.py:150} INFO - [2023-07-30T19:17:11.342+0300] {dagbag.py:541} INFO - Filling up the DagBag from /Users/olgastash/neoflex_env_airflow/lib/python3.10/site-packages/airflow/example_dags/example_dag_decorator.py
[2023-07-30T19:17:11.596+0300] {processor.py:836} INFO - DAG(s) dict_keys(['example_dag_decorator']) retrieved from /Users/olgastash/neoflex_env_airflow/lib/python3.10/site-packages/airflow/example_dags/example_dag_decorator.py
[2023-07-30T19:17:12.416+0300] {logging_mixin.py:150} INFO - [2023-07-30T19:17:12.416+0300] {dag.py:2742} INFO - Sync 1 DAGs
[2023-07-30T19:17:12.435+0300] {logging_mixin.py:150} INFO - [2023-07-30T19:17:12.435+0300] {dag.py:3504} INFO - Setting next_dagrun for example_dag_decorator to None, run_after=None
[2023-07-30T19:17:12.456+0300] {processor.py:179} INFO - Processing /Users/olgastash/neoflex_env_airflow/lib/python3.10/site-packages/airflow/example_dags/example_dag_decorator.py took 1.115 seconds
[2023-07-30T19:21:30.777+0300] {processor.py:157} INFO - Started process (PID=31270) to work on /Users/olgastash/neoflex_env_airflow/lib/python3.10/site-packages/airflow/example_dags/example_dag_decorator.py
[2023-07-30T19:21:30.778+0300] {processor.py:826} INFO - Processing file /Users/olgastash/neoflex_env_airflow/lib/python3.10/site-packages/airflow/example_dags/example_dag_decorator.py for tasks to queue
[2023-07-30T19:21:30.778+0300] {logging_mixin.py:150} INFO - [2023-07-30T19:21:30.778+0300] {dagbag.py:541} INFO - Filling up the DagBag from /Users/olgastash/neoflex_env_airflow/lib/python3.10/site-packages/airflow/example_dags/example_dag_decorator.py
[2023-07-30T19:21:31.050+0300] {processor.py:836} INFO - DAG(s) dict_keys(['example_dag_decorator']) retrieved from /Users/olgastash/neoflex_env_airflow/lib/python3.10/site-packages/airflow/example_dags/example_dag_decorator.py
[2023-07-30T19:21:31.879+0300] {logging_mixin.py:150} INFO - [2023-07-30T19:21:31.878+0300] {dag.py:2742} INFO - Sync 1 DAGs
[2023-07-30T19:21:31.897+0300] {logging_mixin.py:150} INFO - [2023-07-30T19:21:31.897+0300] {dag.py:3504} INFO - Setting next_dagrun for example_dag_decorator to None, run_after=None
[2023-07-30T19:21:31.918+0300] {processor.py:179} INFO - Processing /Users/olgastash/neoflex_env_airflow/lib/python3.10/site-packages/airflow/example_dags/example_dag_decorator.py took 1.142 seconds
[2023-07-30T19:25:33.528+0300] {processor.py:157} INFO - Started process (PID=31417) to work on /Users/olgastash/neoflex_env_airflow/lib/python3.10/site-packages/airflow/example_dags/example_dag_decorator.py
[2023-07-30T19:25:33.529+0300] {processor.py:826} INFO - Processing file /Users/olgastash/neoflex_env_airflow/lib/python3.10/site-packages/airflow/example_dags/example_dag_decorator.py for tasks to queue
[2023-07-30T19:25:33.530+0300] {logging_mixin.py:150} INFO - [2023-07-30T19:25:33.529+0300] {dagbag.py:541} INFO - Filling up the DagBag from /Users/olgastash/neoflex_env_airflow/lib/python3.10/site-packages/airflow/example_dags/example_dag_decorator.py
[2023-07-30T19:25:33.771+0300] {processor.py:836} INFO - DAG(s) dict_keys(['example_dag_decorator']) retrieved from /Users/olgastash/neoflex_env_airflow/lib/python3.10/site-packages/airflow/example_dags/example_dag_decorator.py
[2023-07-30T19:25:34.523+0300] {logging_mixin.py:150} INFO - [2023-07-30T19:25:34.523+0300] {dag.py:2742} INFO - Sync 1 DAGs
[2023-07-30T19:25:34.543+0300] {logging_mixin.py:150} INFO - [2023-07-30T19:25:34.542+0300] {dag.py:3504} INFO - Setting next_dagrun for example_dag_decorator to None, run_after=None
[2023-07-30T19:25:34.564+0300] {processor.py:179} INFO - Processing /Users/olgastash/neoflex_env_airflow/lib/python3.10/site-packages/airflow/example_dags/example_dag_decorator.py took 1.037 seconds
[2023-07-30T19:29:49.755+0300] {processor.py:157} INFO - Started process (PID=31580) to work on /Users/olgastash/neoflex_env_airflow/lib/python3.10/site-packages/airflow/example_dags/example_dag_decorator.py
[2023-07-30T19:29:49.758+0300] {processor.py:826} INFO - Processing file /Users/olgastash/neoflex_env_airflow/lib/python3.10/site-packages/airflow/example_dags/example_dag_decorator.py for tasks to queue
[2023-07-30T19:29:49.760+0300] {logging_mixin.py:150} INFO - [2023-07-30T19:29:49.760+0300] {dagbag.py:541} INFO - Filling up the DagBag from /Users/olgastash/neoflex_env_airflow/lib/python3.10/site-packages/airflow/example_dags/example_dag_decorator.py
[2023-07-30T19:29:50.533+0300] {processor.py:836} INFO - DAG(s) dict_keys(['example_dag_decorator']) retrieved from /Users/olgastash/neoflex_env_airflow/lib/python3.10/site-packages/airflow/example_dags/example_dag_decorator.py
[2023-07-30T19:29:52.973+0300] {logging_mixin.py:150} INFO - [2023-07-30T19:29:52.972+0300] {dag.py:2742} INFO - Sync 1 DAGs
[2023-07-30T19:29:53.035+0300] {logging_mixin.py:150} INFO - [2023-07-30T19:29:53.034+0300] {dag.py:3504} INFO - Setting next_dagrun for example_dag_decorator to None, run_after=None
[2023-07-30T19:29:53.099+0300] {processor.py:179} INFO - Processing /Users/olgastash/neoflex_env_airflow/lib/python3.10/site-packages/airflow/example_dags/example_dag_decorator.py took 3.345 seconds
[2023-07-30T20:12:14.789+0300] {processor.py:157} INFO - Started process (PID=31783) to work on /Users/olgastash/neoflex_env_airflow/lib/python3.10/site-packages/airflow/example_dags/example_dag_decorator.py
[2023-07-30T20:12:14.790+0300] {processor.py:826} INFO - Processing file /Users/olgastash/neoflex_env_airflow/lib/python3.10/site-packages/airflow/example_dags/example_dag_decorator.py for tasks to queue
[2023-07-30T20:12:14.790+0300] {logging_mixin.py:150} INFO - [2023-07-30T20:12:14.790+0300] {dagbag.py:541} INFO - Filling up the DagBag from /Users/olgastash/neoflex_env_airflow/lib/python3.10/site-packages/airflow/example_dags/example_dag_decorator.py
[2023-07-30T20:12:15.036+0300] {processor.py:836} INFO - DAG(s) dict_keys(['example_dag_decorator']) retrieved from /Users/olgastash/neoflex_env_airflow/lib/python3.10/site-packages/airflow/example_dags/example_dag_decorator.py
[2023-07-30T20:12:15.787+0300] {logging_mixin.py:150} INFO - [2023-07-30T20:12:15.787+0300] {dag.py:2742} INFO - Sync 1 DAGs
[2023-07-30T20:12:15.807+0300] {logging_mixin.py:150} INFO - [2023-07-30T20:12:15.806+0300] {dag.py:3504} INFO - Setting next_dagrun for example_dag_decorator to None, run_after=None
[2023-07-30T20:12:15.827+0300] {processor.py:179} INFO - Processing /Users/olgastash/neoflex_env_airflow/lib/python3.10/site-packages/airflow/example_dags/example_dag_decorator.py took 1.040 seconds
[2023-07-30T20:16:35.500+0300] {processor.py:157} INFO - Started process (PID=32008) to work on /Users/olgastash/neoflex_env_airflow/lib/python3.10/site-packages/airflow/example_dags/example_dag_decorator.py
[2023-07-30T20:16:35.502+0300] {processor.py:826} INFO - Processing file /Users/olgastash/neoflex_env_airflow/lib/python3.10/site-packages/airflow/example_dags/example_dag_decorator.py for tasks to queue
[2023-07-30T20:16:35.502+0300] {logging_mixin.py:150} INFO - [2023-07-30T20:16:35.502+0300] {dagbag.py:541} INFO - Filling up the DagBag from /Users/olgastash/neoflex_env_airflow/lib/python3.10/site-packages/airflow/example_dags/example_dag_decorator.py
[2023-07-30T20:16:35.750+0300] {processor.py:836} INFO - DAG(s) dict_keys(['example_dag_decorator']) retrieved from /Users/olgastash/neoflex_env_airflow/lib/python3.10/site-packages/airflow/example_dags/example_dag_decorator.py
[2023-07-30T20:16:36.548+0300] {logging_mixin.py:150} INFO - [2023-07-30T20:16:36.548+0300] {dag.py:2742} INFO - Sync 1 DAGs
[2023-07-30T20:16:36.567+0300] {logging_mixin.py:150} INFO - [2023-07-30T20:16:36.567+0300] {dag.py:3504} INFO - Setting next_dagrun for example_dag_decorator to None, run_after=None
[2023-07-30T20:16:36.588+0300] {processor.py:179} INFO - Processing /Users/olgastash/neoflex_env_airflow/lib/python3.10/site-packages/airflow/example_dags/example_dag_decorator.py took 1.088 seconds
[2023-07-30T20:21:11.556+0300] {processor.py:157} INFO - Started process (PID=32230) to work on /Users/olgastash/neoflex_env_airflow/lib/python3.10/site-packages/airflow/example_dags/example_dag_decorator.py
[2023-07-30T20:21:11.558+0300] {processor.py:826} INFO - Processing file /Users/olgastash/neoflex_env_airflow/lib/python3.10/site-packages/airflow/example_dags/example_dag_decorator.py for tasks to queue
[2023-07-30T20:21:11.558+0300] {logging_mixin.py:150} INFO - [2023-07-30T20:21:11.558+0300] {dagbag.py:541} INFO - Filling up the DagBag from /Users/olgastash/neoflex_env_airflow/lib/python3.10/site-packages/airflow/example_dags/example_dag_decorator.py
[2023-07-30T20:21:11.803+0300] {processor.py:836} INFO - DAG(s) dict_keys(['example_dag_decorator']) retrieved from /Users/olgastash/neoflex_env_airflow/lib/python3.10/site-packages/airflow/example_dags/example_dag_decorator.py
[2023-07-30T20:21:12.574+0300] {logging_mixin.py:150} INFO - [2023-07-30T20:21:12.574+0300] {dag.py:2742} INFO - Sync 1 DAGs
[2023-07-30T20:21:12.593+0300] {logging_mixin.py:150} INFO - [2023-07-30T20:21:12.593+0300] {dag.py:3504} INFO - Setting next_dagrun for example_dag_decorator to None, run_after=None
[2023-07-30T20:21:12.613+0300] {processor.py:179} INFO - Processing /Users/olgastash/neoflex_env_airflow/lib/python3.10/site-packages/airflow/example_dags/example_dag_decorator.py took 1.057 seconds
[2023-07-30T20:25:33.094+0300] {processor.py:157} INFO - Started process (PID=32520) to work on /Users/olgastash/neoflex_env_airflow/lib/python3.10/site-packages/airflow/example_dags/example_dag_decorator.py
[2023-07-30T20:25:33.095+0300] {processor.py:826} INFO - Processing file /Users/olgastash/neoflex_env_airflow/lib/python3.10/site-packages/airflow/example_dags/example_dag_decorator.py for tasks to queue
[2023-07-30T20:25:33.096+0300] {logging_mixin.py:150} INFO - [2023-07-30T20:25:33.096+0300] {dagbag.py:541} INFO - Filling up the DagBag from /Users/olgastash/neoflex_env_airflow/lib/python3.10/site-packages/airflow/example_dags/example_dag_decorator.py
[2023-07-30T20:25:33.355+0300] {processor.py:836} INFO - DAG(s) dict_keys(['example_dag_decorator']) retrieved from /Users/olgastash/neoflex_env_airflow/lib/python3.10/site-packages/airflow/example_dags/example_dag_decorator.py
[2023-07-30T20:25:34.164+0300] {logging_mixin.py:150} INFO - [2023-07-30T20:25:34.163+0300] {dag.py:2742} INFO - Sync 1 DAGs
[2023-07-30T20:25:34.181+0300] {logging_mixin.py:150} INFO - [2023-07-30T20:25:34.181+0300] {dag.py:3504} INFO - Setting next_dagrun for example_dag_decorator to None, run_after=None
[2023-07-30T20:25:34.202+0300] {processor.py:179} INFO - Processing /Users/olgastash/neoflex_env_airflow/lib/python3.10/site-packages/airflow/example_dags/example_dag_decorator.py took 1.109 seconds
[2023-07-30T20:29:46.733+0300] {processor.py:157} INFO - Started process (PID=32695) to work on /Users/olgastash/neoflex_env_airflow/lib/python3.10/site-packages/airflow/example_dags/example_dag_decorator.py
[2023-07-30T20:29:46.734+0300] {processor.py:826} INFO - Processing file /Users/olgastash/neoflex_env_airflow/lib/python3.10/site-packages/airflow/example_dags/example_dag_decorator.py for tasks to queue
[2023-07-30T20:29:46.734+0300] {logging_mixin.py:150} INFO - [2023-07-30T20:29:46.734+0300] {dagbag.py:541} INFO - Filling up the DagBag from /Users/olgastash/neoflex_env_airflow/lib/python3.10/site-packages/airflow/example_dags/example_dag_decorator.py
[2023-07-30T20:29:46.998+0300] {processor.py:836} INFO - DAG(s) dict_keys(['example_dag_decorator']) retrieved from /Users/olgastash/neoflex_env_airflow/lib/python3.10/site-packages/airflow/example_dags/example_dag_decorator.py
[2023-07-30T20:29:48.035+0300] {logging_mixin.py:150} INFO - [2023-07-30T20:29:48.034+0300] {dag.py:2742} INFO - Sync 1 DAGs
[2023-07-30T20:29:48.058+0300] {logging_mixin.py:150} INFO - [2023-07-30T20:29:48.057+0300] {dag.py:3504} INFO - Setting next_dagrun for example_dag_decorator to None, run_after=None
[2023-07-30T20:29:48.086+0300] {processor.py:179} INFO - Processing /Users/olgastash/neoflex_env_airflow/lib/python3.10/site-packages/airflow/example_dags/example_dag_decorator.py took 1.354 seconds
[2023-07-30T20:34:09.506+0300] {processor.py:157} INFO - Started process (PID=32956) to work on /Users/olgastash/neoflex_env_airflow/lib/python3.10/site-packages/airflow/example_dags/example_dag_decorator.py
[2023-07-30T20:34:09.507+0300] {processor.py:826} INFO - Processing file /Users/olgastash/neoflex_env_airflow/lib/python3.10/site-packages/airflow/example_dags/example_dag_decorator.py for tasks to queue
[2023-07-30T20:34:09.508+0300] {logging_mixin.py:150} INFO - [2023-07-30T20:34:09.508+0300] {dagbag.py:541} INFO - Filling up the DagBag from /Users/olgastash/neoflex_env_airflow/lib/python3.10/site-packages/airflow/example_dags/example_dag_decorator.py
[2023-07-30T20:34:09.755+0300] {processor.py:836} INFO - DAG(s) dict_keys(['example_dag_decorator']) retrieved from /Users/olgastash/neoflex_env_airflow/lib/python3.10/site-packages/airflow/example_dags/example_dag_decorator.py
[2023-07-30T20:34:10.539+0300] {logging_mixin.py:150} INFO - [2023-07-30T20:34:10.539+0300] {dag.py:2742} INFO - Sync 1 DAGs
[2023-07-30T20:34:10.557+0300] {logging_mixin.py:150} INFO - [2023-07-30T20:34:10.557+0300] {dag.py:3504} INFO - Setting next_dagrun for example_dag_decorator to None, run_after=None
[2023-07-30T20:34:10.577+0300] {processor.py:179} INFO - Processing /Users/olgastash/neoflex_env_airflow/lib/python3.10/site-packages/airflow/example_dags/example_dag_decorator.py took 1.072 seconds
[2023-07-30T20:38:25.073+0300] {processor.py:157} INFO - Started process (PID=33215) to work on /Users/olgastash/neoflex_env_airflow/lib/python3.10/site-packages/airflow/example_dags/example_dag_decorator.py
[2023-07-30T20:38:25.074+0300] {processor.py:826} INFO - Processing file /Users/olgastash/neoflex_env_airflow/lib/python3.10/site-packages/airflow/example_dags/example_dag_decorator.py for tasks to queue
[2023-07-30T20:38:25.075+0300] {logging_mixin.py:150} INFO - [2023-07-30T20:38:25.075+0300] {dagbag.py:541} INFO - Filling up the DagBag from /Users/olgastash/neoflex_env_airflow/lib/python3.10/site-packages/airflow/example_dags/example_dag_decorator.py
[2023-07-30T20:38:25.324+0300] {processor.py:836} INFO - DAG(s) dict_keys(['example_dag_decorator']) retrieved from /Users/olgastash/neoflex_env_airflow/lib/python3.10/site-packages/airflow/example_dags/example_dag_decorator.py
[2023-07-30T20:38:26.138+0300] {logging_mixin.py:150} INFO - [2023-07-30T20:38:26.137+0300] {dag.py:2742} INFO - Sync 1 DAGs
[2023-07-30T20:38:26.158+0300] {logging_mixin.py:150} INFO - [2023-07-30T20:38:26.158+0300] {dag.py:3504} INFO - Setting next_dagrun for example_dag_decorator to None, run_after=None
[2023-07-30T20:38:26.180+0300] {processor.py:179} INFO - Processing /Users/olgastash/neoflex_env_airflow/lib/python3.10/site-packages/airflow/example_dags/example_dag_decorator.py took 1.108 seconds
[2023-07-30T20:42:44.352+0300] {processor.py:157} INFO - Started process (PID=33451) to work on /Users/olgastash/neoflex_env_airflow/lib/python3.10/site-packages/airflow/example_dags/example_dag_decorator.py
[2023-07-30T20:42:44.353+0300] {processor.py:826} INFO - Processing file /Users/olgastash/neoflex_env_airflow/lib/python3.10/site-packages/airflow/example_dags/example_dag_decorator.py for tasks to queue
[2023-07-30T20:42:44.354+0300] {logging_mixin.py:150} INFO - [2023-07-30T20:42:44.354+0300] {dagbag.py:541} INFO - Filling up the DagBag from /Users/olgastash/neoflex_env_airflow/lib/python3.10/site-packages/airflow/example_dags/example_dag_decorator.py
[2023-07-30T20:42:44.601+0300] {processor.py:836} INFO - DAG(s) dict_keys(['example_dag_decorator']) retrieved from /Users/olgastash/neoflex_env_airflow/lib/python3.10/site-packages/airflow/example_dags/example_dag_decorator.py
[2023-07-30T20:42:45.395+0300] {logging_mixin.py:150} INFO - [2023-07-30T20:42:45.394+0300] {dag.py:2742} INFO - Sync 1 DAGs
[2023-07-30T20:42:45.413+0300] {logging_mixin.py:150} INFO - [2023-07-30T20:42:45.413+0300] {dag.py:3504} INFO - Setting next_dagrun for example_dag_decorator to None, run_after=None
[2023-07-30T20:42:45.434+0300] {processor.py:179} INFO - Processing /Users/olgastash/neoflex_env_airflow/lib/python3.10/site-packages/airflow/example_dags/example_dag_decorator.py took 1.083 seconds
[2023-07-30T20:47:02.418+0300] {processor.py:157} INFO - Started process (PID=33708) to work on /Users/olgastash/neoflex_env_airflow/lib/python3.10/site-packages/airflow/example_dags/example_dag_decorator.py
[2023-07-30T20:47:02.419+0300] {processor.py:826} INFO - Processing file /Users/olgastash/neoflex_env_airflow/lib/python3.10/site-packages/airflow/example_dags/example_dag_decorator.py for tasks to queue
[2023-07-30T20:47:02.420+0300] {logging_mixin.py:150} INFO - [2023-07-30T20:47:02.420+0300] {dagbag.py:541} INFO - Filling up the DagBag from /Users/olgastash/neoflex_env_airflow/lib/python3.10/site-packages/airflow/example_dags/example_dag_decorator.py
[2023-07-30T20:47:02.663+0300] {processor.py:836} INFO - DAG(s) dict_keys(['example_dag_decorator']) retrieved from /Users/olgastash/neoflex_env_airflow/lib/python3.10/site-packages/airflow/example_dags/example_dag_decorator.py
[2023-07-30T20:47:03.445+0300] {logging_mixin.py:150} INFO - [2023-07-30T20:47:03.445+0300] {dag.py:2742} INFO - Sync 1 DAGs
[2023-07-30T20:47:03.463+0300] {logging_mixin.py:150} INFO - [2023-07-30T20:47:03.462+0300] {dag.py:3504} INFO - Setting next_dagrun for example_dag_decorator to None, run_after=None
[2023-07-30T20:47:03.484+0300] {processor.py:179} INFO - Processing /Users/olgastash/neoflex_env_airflow/lib/python3.10/site-packages/airflow/example_dags/example_dag_decorator.py took 1.066 seconds
[2023-07-30T20:51:23.361+0300] {processor.py:157} INFO - Started process (PID=33936) to work on /Users/olgastash/neoflex_env_airflow/lib/python3.10/site-packages/airflow/example_dags/example_dag_decorator.py
[2023-07-30T20:51:23.362+0300] {processor.py:826} INFO - Processing file /Users/olgastash/neoflex_env_airflow/lib/python3.10/site-packages/airflow/example_dags/example_dag_decorator.py for tasks to queue
[2023-07-30T20:51:23.362+0300] {logging_mixin.py:150} INFO - [2023-07-30T20:51:23.362+0300] {dagbag.py:541} INFO - Filling up the DagBag from /Users/olgastash/neoflex_env_airflow/lib/python3.10/site-packages/airflow/example_dags/example_dag_decorator.py
[2023-07-30T20:51:23.612+0300] {processor.py:836} INFO - DAG(s) dict_keys(['example_dag_decorator']) retrieved from /Users/olgastash/neoflex_env_airflow/lib/python3.10/site-packages/airflow/example_dags/example_dag_decorator.py
[2023-07-30T20:51:24.432+0300] {logging_mixin.py:150} INFO - [2023-07-30T20:51:24.432+0300] {dag.py:2742} INFO - Sync 1 DAGs
[2023-07-30T20:51:24.450+0300] {logging_mixin.py:150} INFO - [2023-07-30T20:51:24.450+0300] {dag.py:3504} INFO - Setting next_dagrun for example_dag_decorator to None, run_after=None
[2023-07-30T20:51:24.472+0300] {processor.py:179} INFO - Processing /Users/olgastash/neoflex_env_airflow/lib/python3.10/site-packages/airflow/example_dags/example_dag_decorator.py took 1.112 seconds
[2023-07-30T20:55:53.462+0300] {processor.py:157} INFO - Started process (PID=34155) to work on /Users/olgastash/neoflex_env_airflow/lib/python3.10/site-packages/airflow/example_dags/example_dag_decorator.py
[2023-07-30T20:55:53.463+0300] {processor.py:826} INFO - Processing file /Users/olgastash/neoflex_env_airflow/lib/python3.10/site-packages/airflow/example_dags/example_dag_decorator.py for tasks to queue
[2023-07-30T20:55:53.464+0300] {logging_mixin.py:150} INFO - [2023-07-30T20:55:53.463+0300] {dagbag.py:541} INFO - Filling up the DagBag from /Users/olgastash/neoflex_env_airflow/lib/python3.10/site-packages/airflow/example_dags/example_dag_decorator.py
[2023-07-30T20:55:53.709+0300] {processor.py:836} INFO - DAG(s) dict_keys(['example_dag_decorator']) retrieved from /Users/olgastash/neoflex_env_airflow/lib/python3.10/site-packages/airflow/example_dags/example_dag_decorator.py
[2023-07-30T20:55:54.496+0300] {logging_mixin.py:150} INFO - [2023-07-30T20:55:54.496+0300] {dag.py:2742} INFO - Sync 1 DAGs
[2023-07-30T20:55:54.514+0300] {logging_mixin.py:150} INFO - [2023-07-30T20:55:54.514+0300] {dag.py:3504} INFO - Setting next_dagrun for example_dag_decorator to None, run_after=None
[2023-07-30T20:55:54.535+0300] {processor.py:179} INFO - Processing /Users/olgastash/neoflex_env_airflow/lib/python3.10/site-packages/airflow/example_dags/example_dag_decorator.py took 1.073 seconds
[2023-07-30T21:00:20.275+0300] {processor.py:157} INFO - Started process (PID=34352) to work on /Users/olgastash/neoflex_env_airflow/lib/python3.10/site-packages/airflow/example_dags/example_dag_decorator.py
[2023-07-30T21:00:20.276+0300] {processor.py:826} INFO - Processing file /Users/olgastash/neoflex_env_airflow/lib/python3.10/site-packages/airflow/example_dags/example_dag_decorator.py for tasks to queue
[2023-07-30T21:00:20.277+0300] {logging_mixin.py:150} INFO - [2023-07-30T21:00:20.277+0300] {dagbag.py:541} INFO - Filling up the DagBag from /Users/olgastash/neoflex_env_airflow/lib/python3.10/site-packages/airflow/example_dags/example_dag_decorator.py
[2023-07-30T21:00:20.523+0300] {processor.py:836} INFO - DAG(s) dict_keys(['example_dag_decorator']) retrieved from /Users/olgastash/neoflex_env_airflow/lib/python3.10/site-packages/airflow/example_dags/example_dag_decorator.py
[2023-07-30T21:00:21.339+0300] {logging_mixin.py:150} INFO - [2023-07-30T21:00:21.339+0300] {dag.py:2742} INFO - Sync 1 DAGs
[2023-07-30T21:00:21.359+0300] {logging_mixin.py:150} INFO - [2023-07-30T21:00:21.359+0300] {dag.py:3504} INFO - Setting next_dagrun for example_dag_decorator to None, run_after=None
[2023-07-30T21:00:21.385+0300] {processor.py:179} INFO - Processing /Users/olgastash/neoflex_env_airflow/lib/python3.10/site-packages/airflow/example_dags/example_dag_decorator.py took 1.111 seconds
[2023-07-30T21:04:48.300+0300] {processor.py:157} INFO - Started process (PID=34518) to work on /Users/olgastash/neoflex_env_airflow/lib/python3.10/site-packages/airflow/example_dags/example_dag_decorator.py
[2023-07-30T21:04:48.301+0300] {processor.py:826} INFO - Processing file /Users/olgastash/neoflex_env_airflow/lib/python3.10/site-packages/airflow/example_dags/example_dag_decorator.py for tasks to queue
[2023-07-30T21:04:48.302+0300] {logging_mixin.py:150} INFO - [2023-07-30T21:04:48.302+0300] {dagbag.py:541} INFO - Filling up the DagBag from /Users/olgastash/neoflex_env_airflow/lib/python3.10/site-packages/airflow/example_dags/example_dag_decorator.py
[2023-07-30T21:04:48.554+0300] {processor.py:836} INFO - DAG(s) dict_keys(['example_dag_decorator']) retrieved from /Users/olgastash/neoflex_env_airflow/lib/python3.10/site-packages/airflow/example_dags/example_dag_decorator.py
[2023-07-30T21:04:49.425+0300] {logging_mixin.py:150} INFO - [2023-07-30T21:04:49.425+0300] {dag.py:2742} INFO - Sync 1 DAGs
[2023-07-30T21:04:49.444+0300] {logging_mixin.py:150} INFO - [2023-07-30T21:04:49.444+0300] {dag.py:3504} INFO - Setting next_dagrun for example_dag_decorator to None, run_after=None
[2023-07-30T21:04:49.465+0300] {processor.py:179} INFO - Processing /Users/olgastash/neoflex_env_airflow/lib/python3.10/site-packages/airflow/example_dags/example_dag_decorator.py took 1.165 seconds
[2023-07-30T21:09:23.937+0300] {processor.py:157} INFO - Started process (PID=34717) to work on /Users/olgastash/neoflex_env_airflow/lib/python3.10/site-packages/airflow/example_dags/example_dag_decorator.py
[2023-07-30T21:09:23.939+0300] {processor.py:826} INFO - Processing file /Users/olgastash/neoflex_env_airflow/lib/python3.10/site-packages/airflow/example_dags/example_dag_decorator.py for tasks to queue
[2023-07-30T21:09:23.939+0300] {logging_mixin.py:150} INFO - [2023-07-30T21:09:23.939+0300] {dagbag.py:541} INFO - Filling up the DagBag from /Users/olgastash/neoflex_env_airflow/lib/python3.10/site-packages/airflow/example_dags/example_dag_decorator.py
[2023-07-30T21:09:24.190+0300] {processor.py:836} INFO - DAG(s) dict_keys(['example_dag_decorator']) retrieved from /Users/olgastash/neoflex_env_airflow/lib/python3.10/site-packages/airflow/example_dags/example_dag_decorator.py
[2023-07-30T21:09:24.982+0300] {logging_mixin.py:150} INFO - [2023-07-30T21:09:24.981+0300] {dag.py:2742} INFO - Sync 1 DAGs
[2023-07-30T21:09:25.000+0300] {logging_mixin.py:150} INFO - [2023-07-30T21:09:25.000+0300] {dag.py:3504} INFO - Setting next_dagrun for example_dag_decorator to None, run_after=None
[2023-07-30T21:09:25.019+0300] {processor.py:179} INFO - Processing /Users/olgastash/neoflex_env_airflow/lib/python3.10/site-packages/airflow/example_dags/example_dag_decorator.py took 1.083 seconds
[2023-07-30T21:13:55.822+0300] {processor.py:157} INFO - Started process (PID=34973) to work on /Users/olgastash/neoflex_env_airflow/lib/python3.10/site-packages/airflow/example_dags/example_dag_decorator.py
[2023-07-30T21:13:55.823+0300] {processor.py:826} INFO - Processing file /Users/olgastash/neoflex_env_airflow/lib/python3.10/site-packages/airflow/example_dags/example_dag_decorator.py for tasks to queue
[2023-07-30T21:13:55.824+0300] {logging_mixin.py:150} INFO - [2023-07-30T21:13:55.824+0300] {dagbag.py:541} INFO - Filling up the DagBag from /Users/olgastash/neoflex_env_airflow/lib/python3.10/site-packages/airflow/example_dags/example_dag_decorator.py
[2023-07-30T21:13:56.108+0300] {processor.py:836} INFO - DAG(s) dict_keys(['example_dag_decorator']) retrieved from /Users/olgastash/neoflex_env_airflow/lib/python3.10/site-packages/airflow/example_dags/example_dag_decorator.py
[2023-07-30T21:13:57.155+0300] {logging_mixin.py:150} INFO - [2023-07-30T21:13:57.154+0300] {dag.py:2742} INFO - Sync 1 DAGs
[2023-07-30T21:13:57.181+0300] {logging_mixin.py:150} INFO - [2023-07-30T21:13:57.181+0300] {dag.py:3504} INFO - Setting next_dagrun for example_dag_decorator to None, run_after=None
[2023-07-30T21:13:57.218+0300] {processor.py:179} INFO - Processing /Users/olgastash/neoflex_env_airflow/lib/python3.10/site-packages/airflow/example_dags/example_dag_decorator.py took 1.397 seconds
[2023-07-30T21:18:35.465+0300] {processor.py:157} INFO - Started process (PID=35154) to work on /Users/olgastash/neoflex_env_airflow/lib/python3.10/site-packages/airflow/example_dags/example_dag_decorator.py
[2023-07-30T21:18:35.467+0300] {processor.py:826} INFO - Processing file /Users/olgastash/neoflex_env_airflow/lib/python3.10/site-packages/airflow/example_dags/example_dag_decorator.py for tasks to queue
[2023-07-30T21:18:35.468+0300] {logging_mixin.py:150} INFO - [2023-07-30T21:18:35.467+0300] {dagbag.py:541} INFO - Filling up the DagBag from /Users/olgastash/neoflex_env_airflow/lib/python3.10/site-packages/airflow/example_dags/example_dag_decorator.py
[2023-07-30T21:18:35.729+0300] {processor.py:836} INFO - DAG(s) dict_keys(['example_dag_decorator']) retrieved from /Users/olgastash/neoflex_env_airflow/lib/python3.10/site-packages/airflow/example_dags/example_dag_decorator.py
[2023-07-30T21:18:36.527+0300] {logging_mixin.py:150} INFO - [2023-07-30T21:18:36.527+0300] {dag.py:2742} INFO - Sync 1 DAGs
[2023-07-30T21:18:36.545+0300] {logging_mixin.py:150} INFO - [2023-07-30T21:18:36.545+0300] {dag.py:3504} INFO - Setting next_dagrun for example_dag_decorator to None, run_after=None
[2023-07-30T21:18:36.567+0300] {processor.py:179} INFO - Processing /Users/olgastash/neoflex_env_airflow/lib/python3.10/site-packages/airflow/example_dags/example_dag_decorator.py took 1.103 seconds
[2023-07-30T21:22:54.757+0300] {processor.py:157} INFO - Started process (PID=35327) to work on /Users/olgastash/neoflex_env_airflow/lib/python3.10/site-packages/airflow/example_dags/example_dag_decorator.py
[2023-07-30T21:22:54.759+0300] {processor.py:826} INFO - Processing file /Users/olgastash/neoflex_env_airflow/lib/python3.10/site-packages/airflow/example_dags/example_dag_decorator.py for tasks to queue
[2023-07-30T21:22:54.759+0300] {logging_mixin.py:150} INFO - [2023-07-30T21:22:54.759+0300] {dagbag.py:541} INFO - Filling up the DagBag from /Users/olgastash/neoflex_env_airflow/lib/python3.10/site-packages/airflow/example_dags/example_dag_decorator.py
[2023-07-30T21:22:55.011+0300] {processor.py:836} INFO - DAG(s) dict_keys(['example_dag_decorator']) retrieved from /Users/olgastash/neoflex_env_airflow/lib/python3.10/site-packages/airflow/example_dags/example_dag_decorator.py
[2023-07-30T21:22:55.812+0300] {logging_mixin.py:150} INFO - [2023-07-30T21:22:55.811+0300] {dag.py:2742} INFO - Sync 1 DAGs
[2023-07-30T21:22:55.830+0300] {logging_mixin.py:150} INFO - [2023-07-30T21:22:55.830+0300] {dag.py:3504} INFO - Setting next_dagrun for example_dag_decorator to None, run_after=None
[2023-07-30T21:22:55.852+0300] {processor.py:179} INFO - Processing /Users/olgastash/neoflex_env_airflow/lib/python3.10/site-packages/airflow/example_dags/example_dag_decorator.py took 1.095 seconds
[2023-07-30T21:27:13.269+0300] {processor.py:157} INFO - Started process (PID=35517) to work on /Users/olgastash/neoflex_env_airflow/lib/python3.10/site-packages/airflow/example_dags/example_dag_decorator.py
[2023-07-30T21:27:13.270+0300] {processor.py:826} INFO - Processing file /Users/olgastash/neoflex_env_airflow/lib/python3.10/site-packages/airflow/example_dags/example_dag_decorator.py for tasks to queue
[2023-07-30T21:27:13.271+0300] {logging_mixin.py:150} INFO - [2023-07-30T21:27:13.271+0300] {dagbag.py:541} INFO - Filling up the DagBag from /Users/olgastash/neoflex_env_airflow/lib/python3.10/site-packages/airflow/example_dags/example_dag_decorator.py
[2023-07-30T21:27:13.518+0300] {processor.py:836} INFO - DAG(s) dict_keys(['example_dag_decorator']) retrieved from /Users/olgastash/neoflex_env_airflow/lib/python3.10/site-packages/airflow/example_dags/example_dag_decorator.py
[2023-07-30T21:27:14.594+0300] {logging_mixin.py:150} INFO - [2023-07-30T21:27:14.594+0300] {dag.py:2742} INFO - Sync 1 DAGs
[2023-07-30T21:27:14.626+0300] {logging_mixin.py:150} INFO - [2023-07-30T21:27:14.625+0300] {dag.py:3504} INFO - Setting next_dagrun for example_dag_decorator to None, run_after=None
[2023-07-30T21:27:14.655+0300] {processor.py:179} INFO - Processing /Users/olgastash/neoflex_env_airflow/lib/python3.10/site-packages/airflow/example_dags/example_dag_decorator.py took 1.388 seconds
[2023-07-30T21:31:30.652+0300] {processor.py:157} INFO - Started process (PID=35714) to work on /Users/olgastash/neoflex_env_airflow/lib/python3.10/site-packages/airflow/example_dags/example_dag_decorator.py
[2023-07-30T21:31:30.653+0300] {processor.py:826} INFO - Processing file /Users/olgastash/neoflex_env_airflow/lib/python3.10/site-packages/airflow/example_dags/example_dag_decorator.py for tasks to queue
[2023-07-30T21:31:30.653+0300] {logging_mixin.py:150} INFO - [2023-07-30T21:31:30.653+0300] {dagbag.py:541} INFO - Filling up the DagBag from /Users/olgastash/neoflex_env_airflow/lib/python3.10/site-packages/airflow/example_dags/example_dag_decorator.py
[2023-07-30T21:31:30.899+0300] {processor.py:836} INFO - DAG(s) dict_keys(['example_dag_decorator']) retrieved from /Users/olgastash/neoflex_env_airflow/lib/python3.10/site-packages/airflow/example_dags/example_dag_decorator.py
[2023-07-30T21:31:31.688+0300] {logging_mixin.py:150} INFO - [2023-07-30T21:31:31.688+0300] {dag.py:2742} INFO - Sync 1 DAGs
[2023-07-30T21:31:31.706+0300] {logging_mixin.py:150} INFO - [2023-07-30T21:31:31.706+0300] {dag.py:3504} INFO - Setting next_dagrun for example_dag_decorator to None, run_after=None
[2023-07-30T21:31:31.727+0300] {processor.py:179} INFO - Processing /Users/olgastash/neoflex_env_airflow/lib/python3.10/site-packages/airflow/example_dags/example_dag_decorator.py took 1.077 seconds
[2023-07-30T21:35:47.786+0300] {processor.py:157} INFO - Started process (PID=35911) to work on /Users/olgastash/neoflex_env_airflow/lib/python3.10/site-packages/airflow/example_dags/example_dag_decorator.py
[2023-07-30T21:35:47.787+0300] {processor.py:826} INFO - Processing file /Users/olgastash/neoflex_env_airflow/lib/python3.10/site-packages/airflow/example_dags/example_dag_decorator.py for tasks to queue
[2023-07-30T21:35:47.788+0300] {logging_mixin.py:150} INFO - [2023-07-30T21:35:47.787+0300] {dagbag.py:541} INFO - Filling up the DagBag from /Users/olgastash/neoflex_env_airflow/lib/python3.10/site-packages/airflow/example_dags/example_dag_decorator.py
[2023-07-30T21:35:48.034+0300] {processor.py:836} INFO - DAG(s) dict_keys(['example_dag_decorator']) retrieved from /Users/olgastash/neoflex_env_airflow/lib/python3.10/site-packages/airflow/example_dags/example_dag_decorator.py
[2023-07-30T21:35:48.857+0300] {logging_mixin.py:150} INFO - [2023-07-30T21:35:48.856+0300] {dag.py:2742} INFO - Sync 1 DAGs
[2023-07-30T21:35:48.875+0300] {logging_mixin.py:150} INFO - [2023-07-30T21:35:48.874+0300] {dag.py:3504} INFO - Setting next_dagrun for example_dag_decorator to None, run_after=None
[2023-07-30T21:35:48.897+0300] {processor.py:179} INFO - Processing /Users/olgastash/neoflex_env_airflow/lib/python3.10/site-packages/airflow/example_dags/example_dag_decorator.py took 1.112 seconds
[2023-07-30T21:40:07.863+0300] {processor.py:157} INFO - Started process (PID=36137) to work on /Users/olgastash/neoflex_env_airflow/lib/python3.10/site-packages/airflow/example_dags/example_dag_decorator.py
[2023-07-30T21:40:07.864+0300] {processor.py:826} INFO - Processing file /Users/olgastash/neoflex_env_airflow/lib/python3.10/site-packages/airflow/example_dags/example_dag_decorator.py for tasks to queue
[2023-07-30T21:40:07.865+0300] {logging_mixin.py:150} INFO - [2023-07-30T21:40:07.865+0300] {dagbag.py:541} INFO - Filling up the DagBag from /Users/olgastash/neoflex_env_airflow/lib/python3.10/site-packages/airflow/example_dags/example_dag_decorator.py
[2023-07-30T21:40:08.111+0300] {processor.py:836} INFO - DAG(s) dict_keys(['example_dag_decorator']) retrieved from /Users/olgastash/neoflex_env_airflow/lib/python3.10/site-packages/airflow/example_dags/example_dag_decorator.py
[2023-07-30T21:40:08.895+0300] {logging_mixin.py:150} INFO - [2023-07-30T21:40:08.894+0300] {dag.py:2742} INFO - Sync 1 DAGs
[2023-07-30T21:40:08.912+0300] {logging_mixin.py:150} INFO - [2023-07-30T21:40:08.912+0300] {dag.py:3504} INFO - Setting next_dagrun for example_dag_decorator to None, run_after=None
[2023-07-30T21:40:08.933+0300] {processor.py:179} INFO - Processing /Users/olgastash/neoflex_env_airflow/lib/python3.10/site-packages/airflow/example_dags/example_dag_decorator.py took 1.071 seconds
[2023-07-30T21:44:27.532+0300] {processor.py:157} INFO - Started process (PID=36338) to work on /Users/olgastash/neoflex_env_airflow/lib/python3.10/site-packages/airflow/example_dags/example_dag_decorator.py
[2023-07-30T21:44:27.533+0300] {processor.py:826} INFO - Processing file /Users/olgastash/neoflex_env_airflow/lib/python3.10/site-packages/airflow/example_dags/example_dag_decorator.py for tasks to queue
[2023-07-30T21:44:27.534+0300] {logging_mixin.py:150} INFO - [2023-07-30T21:44:27.534+0300] {dagbag.py:541} INFO - Filling up the DagBag from /Users/olgastash/neoflex_env_airflow/lib/python3.10/site-packages/airflow/example_dags/example_dag_decorator.py
[2023-07-30T21:44:27.775+0300] {processor.py:836} INFO - DAG(s) dict_keys(['example_dag_decorator']) retrieved from /Users/olgastash/neoflex_env_airflow/lib/python3.10/site-packages/airflow/example_dags/example_dag_decorator.py
[2023-07-30T21:44:28.578+0300] {logging_mixin.py:150} INFO - [2023-07-30T21:44:28.577+0300] {dag.py:2742} INFO - Sync 1 DAGs
[2023-07-30T21:44:28.595+0300] {logging_mixin.py:150} INFO - [2023-07-30T21:44:28.595+0300] {dag.py:3504} INFO - Setting next_dagrun for example_dag_decorator to None, run_after=None
[2023-07-30T21:44:28.617+0300] {processor.py:179} INFO - Processing /Users/olgastash/neoflex_env_airflow/lib/python3.10/site-packages/airflow/example_dags/example_dag_decorator.py took 1.085 seconds
[2023-07-30T21:48:47.067+0300] {processor.py:157} INFO - Started process (PID=36506) to work on /Users/olgastash/neoflex_env_airflow/lib/python3.10/site-packages/airflow/example_dags/example_dag_decorator.py
[2023-07-30T21:48:47.068+0300] {processor.py:826} INFO - Processing file /Users/olgastash/neoflex_env_airflow/lib/python3.10/site-packages/airflow/example_dags/example_dag_decorator.py for tasks to queue
[2023-07-30T21:48:47.068+0300] {logging_mixin.py:150} INFO - [2023-07-30T21:48:47.068+0300] {dagbag.py:541} INFO - Filling up the DagBag from /Users/olgastash/neoflex_env_airflow/lib/python3.10/site-packages/airflow/example_dags/example_dag_decorator.py
[2023-07-30T21:48:47.315+0300] {processor.py:836} INFO - DAG(s) dict_keys(['example_dag_decorator']) retrieved from /Users/olgastash/neoflex_env_airflow/lib/python3.10/site-packages/airflow/example_dags/example_dag_decorator.py
[2023-07-30T21:48:48.132+0300] {logging_mixin.py:150} INFO - [2023-07-30T21:48:48.132+0300] {dag.py:2742} INFO - Sync 1 DAGs
[2023-07-30T21:48:48.151+0300] {logging_mixin.py:150} INFO - [2023-07-30T21:48:48.151+0300] {dag.py:3504} INFO - Setting next_dagrun for example_dag_decorator to None, run_after=None
[2023-07-30T21:48:48.174+0300] {processor.py:179} INFO - Processing /Users/olgastash/neoflex_env_airflow/lib/python3.10/site-packages/airflow/example_dags/example_dag_decorator.py took 1.108 seconds
[2023-07-30T21:53:05.908+0300] {processor.py:157} INFO - Started process (PID=36707) to work on /Users/olgastash/neoflex_env_airflow/lib/python3.10/site-packages/airflow/example_dags/example_dag_decorator.py
[2023-07-30T21:53:05.909+0300] {processor.py:826} INFO - Processing file /Users/olgastash/neoflex_env_airflow/lib/python3.10/site-packages/airflow/example_dags/example_dag_decorator.py for tasks to queue
[2023-07-30T21:53:05.910+0300] {logging_mixin.py:150} INFO - [2023-07-30T21:53:05.909+0300] {dagbag.py:541} INFO - Filling up the DagBag from /Users/olgastash/neoflex_env_airflow/lib/python3.10/site-packages/airflow/example_dags/example_dag_decorator.py
[2023-07-30T21:53:06.153+0300] {processor.py:836} INFO - DAG(s) dict_keys(['example_dag_decorator']) retrieved from /Users/olgastash/neoflex_env_airflow/lib/python3.10/site-packages/airflow/example_dags/example_dag_decorator.py
[2023-07-30T21:53:06.946+0300] {logging_mixin.py:150} INFO - [2023-07-30T21:53:06.946+0300] {dag.py:2742} INFO - Sync 1 DAGs
[2023-07-30T21:53:06.964+0300] {logging_mixin.py:150} INFO - [2023-07-30T21:53:06.964+0300] {dag.py:3504} INFO - Setting next_dagrun for example_dag_decorator to None, run_after=None
[2023-07-30T21:53:06.986+0300] {processor.py:179} INFO - Processing /Users/olgastash/neoflex_env_airflow/lib/python3.10/site-packages/airflow/example_dags/example_dag_decorator.py took 1.079 seconds
[2023-07-30T21:57:29.779+0300] {processor.py:157} INFO - Started process (PID=36924) to work on /Users/olgastash/neoflex_env_airflow/lib/python3.10/site-packages/airflow/example_dags/example_dag_decorator.py
[2023-07-30T21:57:29.780+0300] {processor.py:826} INFO - Processing file /Users/olgastash/neoflex_env_airflow/lib/python3.10/site-packages/airflow/example_dags/example_dag_decorator.py for tasks to queue
[2023-07-30T21:57:29.781+0300] {logging_mixin.py:150} INFO - [2023-07-30T21:57:29.781+0300] {dagbag.py:541} INFO - Filling up the DagBag from /Users/olgastash/neoflex_env_airflow/lib/python3.10/site-packages/airflow/example_dags/example_dag_decorator.py
[2023-07-30T21:57:30.039+0300] {processor.py:836} INFO - DAG(s) dict_keys(['example_dag_decorator']) retrieved from /Users/olgastash/neoflex_env_airflow/lib/python3.10/site-packages/airflow/example_dags/example_dag_decorator.py
[2023-07-30T21:57:31.018+0300] {logging_mixin.py:150} INFO - [2023-07-30T21:57:31.017+0300] {dag.py:2742} INFO - Sync 1 DAGs
[2023-07-30T21:57:31.035+0300] {logging_mixin.py:150} INFO - [2023-07-30T21:57:31.035+0300] {dag.py:3504} INFO - Setting next_dagrun for example_dag_decorator to None, run_after=None
[2023-07-30T21:57:31.057+0300] {processor.py:179} INFO - Processing /Users/olgastash/neoflex_env_airflow/lib/python3.10/site-packages/airflow/example_dags/example_dag_decorator.py took 1.279 seconds
[2023-07-30T22:01:55.063+0300] {processor.py:157} INFO - Started process (PID=37123) to work on /Users/olgastash/neoflex_env_airflow/lib/python3.10/site-packages/airflow/example_dags/example_dag_decorator.py
[2023-07-30T22:01:55.064+0300] {processor.py:826} INFO - Processing file /Users/olgastash/neoflex_env_airflow/lib/python3.10/site-packages/airflow/example_dags/example_dag_decorator.py for tasks to queue
[2023-07-30T22:01:55.065+0300] {logging_mixin.py:150} INFO - [2023-07-30T22:01:55.064+0300] {dagbag.py:541} INFO - Filling up the DagBag from /Users/olgastash/neoflex_env_airflow/lib/python3.10/site-packages/airflow/example_dags/example_dag_decorator.py
[2023-07-30T22:01:55.318+0300] {processor.py:836} INFO - DAG(s) dict_keys(['example_dag_decorator']) retrieved from /Users/olgastash/neoflex_env_airflow/lib/python3.10/site-packages/airflow/example_dags/example_dag_decorator.py
[2023-07-30T22:01:56.142+0300] {logging_mixin.py:150} INFO - [2023-07-30T22:01:56.142+0300] {dag.py:2742} INFO - Sync 1 DAGs
[2023-07-30T22:01:56.160+0300] {logging_mixin.py:150} INFO - [2023-07-30T22:01:56.160+0300] {dag.py:3504} INFO - Setting next_dagrun for example_dag_decorator to None, run_after=None
[2023-07-30T22:01:56.182+0300] {processor.py:179} INFO - Processing /Users/olgastash/neoflex_env_airflow/lib/python3.10/site-packages/airflow/example_dags/example_dag_decorator.py took 1.120 seconds
[2023-07-30T22:06:23.860+0300] {processor.py:157} INFO - Started process (PID=37336) to work on /Users/olgastash/neoflex_env_airflow/lib/python3.10/site-packages/airflow/example_dags/example_dag_decorator.py
[2023-07-30T22:06:23.861+0300] {processor.py:826} INFO - Processing file /Users/olgastash/neoflex_env_airflow/lib/python3.10/site-packages/airflow/example_dags/example_dag_decorator.py for tasks to queue
[2023-07-30T22:06:23.861+0300] {logging_mixin.py:150} INFO - [2023-07-30T22:06:23.861+0300] {dagbag.py:541} INFO - Filling up the DagBag from /Users/olgastash/neoflex_env_airflow/lib/python3.10/site-packages/airflow/example_dags/example_dag_decorator.py
[2023-07-30T22:06:24.107+0300] {processor.py:836} INFO - DAG(s) dict_keys(['example_dag_decorator']) retrieved from /Users/olgastash/neoflex_env_airflow/lib/python3.10/site-packages/airflow/example_dags/example_dag_decorator.py
[2023-07-30T22:06:24.899+0300] {logging_mixin.py:150} INFO - [2023-07-30T22:06:24.898+0300] {dag.py:2742} INFO - Sync 1 DAGs
[2023-07-30T22:06:24.917+0300] {logging_mixin.py:150} INFO - [2023-07-30T22:06:24.917+0300] {dag.py:3504} INFO - Setting next_dagrun for example_dag_decorator to None, run_after=None
[2023-07-30T22:06:24.940+0300] {processor.py:179} INFO - Processing /Users/olgastash/neoflex_env_airflow/lib/python3.10/site-packages/airflow/example_dags/example_dag_decorator.py took 1.081 seconds
[2023-07-30T22:10:51.528+0300] {processor.py:157} INFO - Started process (PID=37533) to work on /Users/olgastash/neoflex_env_airflow/lib/python3.10/site-packages/airflow/example_dags/example_dag_decorator.py
[2023-07-30T22:10:51.529+0300] {processor.py:826} INFO - Processing file /Users/olgastash/neoflex_env_airflow/lib/python3.10/site-packages/airflow/example_dags/example_dag_decorator.py for tasks to queue
[2023-07-30T22:10:51.530+0300] {logging_mixin.py:150} INFO - [2023-07-30T22:10:51.530+0300] {dagbag.py:541} INFO - Filling up the DagBag from /Users/olgastash/neoflex_env_airflow/lib/python3.10/site-packages/airflow/example_dags/example_dag_decorator.py
[2023-07-30T22:10:51.785+0300] {processor.py:836} INFO - DAG(s) dict_keys(['example_dag_decorator']) retrieved from /Users/olgastash/neoflex_env_airflow/lib/python3.10/site-packages/airflow/example_dags/example_dag_decorator.py
[2023-07-30T22:10:52.624+0300] {logging_mixin.py:150} INFO - [2023-07-30T22:10:52.623+0300] {dag.py:2742} INFO - Sync 1 DAGs
[2023-07-30T22:10:52.643+0300] {logging_mixin.py:150} INFO - [2023-07-30T22:10:52.642+0300] {dag.py:3504} INFO - Setting next_dagrun for example_dag_decorator to None, run_after=None
[2023-07-30T22:10:52.667+0300] {processor.py:179} INFO - Processing /Users/olgastash/neoflex_env_airflow/lib/python3.10/site-packages/airflow/example_dags/example_dag_decorator.py took 1.140 seconds
[2023-07-30T22:15:21.847+0300] {processor.py:157} INFO - Started process (PID=37756) to work on /Users/olgastash/neoflex_env_airflow/lib/python3.10/site-packages/airflow/example_dags/example_dag_decorator.py
[2023-07-30T22:15:21.849+0300] {processor.py:826} INFO - Processing file /Users/olgastash/neoflex_env_airflow/lib/python3.10/site-packages/airflow/example_dags/example_dag_decorator.py for tasks to queue
[2023-07-30T22:15:21.849+0300] {logging_mixin.py:150} INFO - [2023-07-30T22:15:21.849+0300] {dagbag.py:541} INFO - Filling up the DagBag from /Users/olgastash/neoflex_env_airflow/lib/python3.10/site-packages/airflow/example_dags/example_dag_decorator.py
[2023-07-30T22:15:22.184+0300] {processor.py:836} INFO - DAG(s) dict_keys(['example_dag_decorator']) retrieved from /Users/olgastash/neoflex_env_airflow/lib/python3.10/site-packages/airflow/example_dags/example_dag_decorator.py
[2023-07-30T22:15:23.057+0300] {logging_mixin.py:150} INFO - [2023-07-30T22:15:23.057+0300] {dag.py:2742} INFO - Sync 1 DAGs
[2023-07-30T22:15:23.076+0300] {logging_mixin.py:150} INFO - [2023-07-30T22:15:23.076+0300] {dag.py:3504} INFO - Setting next_dagrun for example_dag_decorator to None, run_after=None
[2023-07-30T22:15:23.098+0300] {processor.py:179} INFO - Processing /Users/olgastash/neoflex_env_airflow/lib/python3.10/site-packages/airflow/example_dags/example_dag_decorator.py took 1.251 seconds
[2023-07-30T22:19:50.758+0300] {processor.py:157} INFO - Started process (PID=37987) to work on /Users/olgastash/neoflex_env_airflow/lib/python3.10/site-packages/airflow/example_dags/example_dag_decorator.py
[2023-07-30T22:19:50.759+0300] {processor.py:826} INFO - Processing file /Users/olgastash/neoflex_env_airflow/lib/python3.10/site-packages/airflow/example_dags/example_dag_decorator.py for tasks to queue
[2023-07-30T22:19:50.760+0300] {logging_mixin.py:150} INFO - [2023-07-30T22:19:50.759+0300] {dagbag.py:541} INFO - Filling up the DagBag from /Users/olgastash/neoflex_env_airflow/lib/python3.10/site-packages/airflow/example_dags/example_dag_decorator.py
[2023-07-30T22:19:51.010+0300] {processor.py:836} INFO - DAG(s) dict_keys(['example_dag_decorator']) retrieved from /Users/olgastash/neoflex_env_airflow/lib/python3.10/site-packages/airflow/example_dags/example_dag_decorator.py
[2023-07-30T22:19:51.840+0300] {logging_mixin.py:150} INFO - [2023-07-30T22:19:51.839+0300] {dag.py:2742} INFO - Sync 1 DAGs
[2023-07-30T22:19:51.858+0300] {logging_mixin.py:150} INFO - [2023-07-30T22:19:51.857+0300] {dag.py:3504} INFO - Setting next_dagrun for example_dag_decorator to None, run_after=None
[2023-07-30T22:19:51.878+0300] {processor.py:179} INFO - Processing /Users/olgastash/neoflex_env_airflow/lib/python3.10/site-packages/airflow/example_dags/example_dag_decorator.py took 1.121 seconds
[2023-07-30T22:24:20.650+0300] {processor.py:157} INFO - Started process (PID=38245) to work on /Users/olgastash/neoflex_env_airflow/lib/python3.10/site-packages/airflow/example_dags/example_dag_decorator.py
[2023-07-30T22:24:20.655+0300] {processor.py:826} INFO - Processing file /Users/olgastash/neoflex_env_airflow/lib/python3.10/site-packages/airflow/example_dags/example_dag_decorator.py for tasks to queue
[2023-07-30T22:24:20.655+0300] {logging_mixin.py:150} INFO - [2023-07-30T22:24:20.655+0300] {dagbag.py:541} INFO - Filling up the DagBag from /Users/olgastash/neoflex_env_airflow/lib/python3.10/site-packages/airflow/example_dags/example_dag_decorator.py
[2023-07-30T22:24:20.901+0300] {processor.py:836} INFO - DAG(s) dict_keys(['example_dag_decorator']) retrieved from /Users/olgastash/neoflex_env_airflow/lib/python3.10/site-packages/airflow/example_dags/example_dag_decorator.py
[2023-07-30T22:24:21.700+0300] {logging_mixin.py:150} INFO - [2023-07-30T22:24:21.700+0300] {dag.py:2742} INFO - Sync 1 DAGs
[2023-07-30T22:24:21.718+0300] {logging_mixin.py:150} INFO - [2023-07-30T22:24:21.717+0300] {dag.py:3504} INFO - Setting next_dagrun for example_dag_decorator to None, run_after=None
[2023-07-30T22:24:21.741+0300] {processor.py:179} INFO - Processing /Users/olgastash/neoflex_env_airflow/lib/python3.10/site-packages/airflow/example_dags/example_dag_decorator.py took 1.091 seconds
[2023-07-30T22:28:51.437+0300] {processor.py:157} INFO - Started process (PID=38497) to work on /Users/olgastash/neoflex_env_airflow/lib/python3.10/site-packages/airflow/example_dags/example_dag_decorator.py
[2023-07-30T22:28:51.438+0300] {processor.py:826} INFO - Processing file /Users/olgastash/neoflex_env_airflow/lib/python3.10/site-packages/airflow/example_dags/example_dag_decorator.py for tasks to queue
[2023-07-30T22:28:51.439+0300] {logging_mixin.py:150} INFO - [2023-07-30T22:28:51.439+0300] {dagbag.py:541} INFO - Filling up the DagBag from /Users/olgastash/neoflex_env_airflow/lib/python3.10/site-packages/airflow/example_dags/example_dag_decorator.py
[2023-07-30T22:28:51.689+0300] {processor.py:836} INFO - DAG(s) dict_keys(['example_dag_decorator']) retrieved from /Users/olgastash/neoflex_env_airflow/lib/python3.10/site-packages/airflow/example_dags/example_dag_decorator.py
[2023-07-30T22:28:52.506+0300] {logging_mixin.py:150} INFO - [2023-07-30T22:28:52.505+0300] {dag.py:2742} INFO - Sync 1 DAGs
[2023-07-30T22:28:52.524+0300] {logging_mixin.py:150} INFO - [2023-07-30T22:28:52.524+0300] {dag.py:3504} INFO - Setting next_dagrun for example_dag_decorator to None, run_after=None
[2023-07-30T22:28:52.548+0300] {processor.py:179} INFO - Processing /Users/olgastash/neoflex_env_airflow/lib/python3.10/site-packages/airflow/example_dags/example_dag_decorator.py took 1.111 seconds
[2023-07-30T22:33:18.338+0300] {processor.py:157} INFO - Started process (PID=38698) to work on /Users/olgastash/neoflex_env_airflow/lib/python3.10/site-packages/airflow/example_dags/example_dag_decorator.py
[2023-07-30T22:33:18.339+0300] {processor.py:826} INFO - Processing file /Users/olgastash/neoflex_env_airflow/lib/python3.10/site-packages/airflow/example_dags/example_dag_decorator.py for tasks to queue
[2023-07-30T22:33:18.340+0300] {logging_mixin.py:150} INFO - [2023-07-30T22:33:18.340+0300] {dagbag.py:541} INFO - Filling up the DagBag from /Users/olgastash/neoflex_env_airflow/lib/python3.10/site-packages/airflow/example_dags/example_dag_decorator.py
[2023-07-30T22:33:18.586+0300] {processor.py:836} INFO - DAG(s) dict_keys(['example_dag_decorator']) retrieved from /Users/olgastash/neoflex_env_airflow/lib/python3.10/site-packages/airflow/example_dags/example_dag_decorator.py
[2023-07-30T22:33:19.401+0300] {logging_mixin.py:150} INFO - [2023-07-30T22:33:19.401+0300] {dag.py:2742} INFO - Sync 1 DAGs
[2023-07-30T22:33:19.419+0300] {logging_mixin.py:150} INFO - [2023-07-30T22:33:19.419+0300] {dag.py:3504} INFO - Setting next_dagrun for example_dag_decorator to None, run_after=None
[2023-07-30T22:33:19.441+0300] {processor.py:179} INFO - Processing /Users/olgastash/neoflex_env_airflow/lib/python3.10/site-packages/airflow/example_dags/example_dag_decorator.py took 1.104 seconds
[2023-07-30T22:37:46.057+0300] {processor.py:157} INFO - Started process (PID=38926) to work on /Users/olgastash/neoflex_env_airflow/lib/python3.10/site-packages/airflow/example_dags/example_dag_decorator.py
[2023-07-30T22:37:46.058+0300] {processor.py:826} INFO - Processing file /Users/olgastash/neoflex_env_airflow/lib/python3.10/site-packages/airflow/example_dags/example_dag_decorator.py for tasks to queue
[2023-07-30T22:37:46.059+0300] {logging_mixin.py:150} INFO - [2023-07-30T22:37:46.058+0300] {dagbag.py:541} INFO - Filling up the DagBag from /Users/olgastash/neoflex_env_airflow/lib/python3.10/site-packages/airflow/example_dags/example_dag_decorator.py
[2023-07-30T22:37:46.308+0300] {processor.py:836} INFO - DAG(s) dict_keys(['example_dag_decorator']) retrieved from /Users/olgastash/neoflex_env_airflow/lib/python3.10/site-packages/airflow/example_dags/example_dag_decorator.py
[2023-07-30T22:37:47.110+0300] {logging_mixin.py:150} INFO - [2023-07-30T22:37:47.110+0300] {dag.py:2742} INFO - Sync 1 DAGs
[2023-07-30T22:37:47.128+0300] {logging_mixin.py:150} INFO - [2023-07-30T22:37:47.128+0300] {dag.py:3504} INFO - Setting next_dagrun for example_dag_decorator to None, run_after=None
[2023-07-30T22:37:47.152+0300] {processor.py:179} INFO - Processing /Users/olgastash/neoflex_env_airflow/lib/python3.10/site-packages/airflow/example_dags/example_dag_decorator.py took 1.096 seconds
[2023-07-30T22:42:12.263+0300] {processor.py:157} INFO - Started process (PID=39154) to work on /Users/olgastash/neoflex_env_airflow/lib/python3.10/site-packages/airflow/example_dags/example_dag_decorator.py
[2023-07-30T22:42:12.264+0300] {processor.py:826} INFO - Processing file /Users/olgastash/neoflex_env_airflow/lib/python3.10/site-packages/airflow/example_dags/example_dag_decorator.py for tasks to queue
[2023-07-30T22:42:12.265+0300] {logging_mixin.py:150} INFO - [2023-07-30T22:42:12.265+0300] {dagbag.py:541} INFO - Filling up the DagBag from /Users/olgastash/neoflex_env_airflow/lib/python3.10/site-packages/airflow/example_dags/example_dag_decorator.py
[2023-07-30T22:42:12.509+0300] {processor.py:836} INFO - DAG(s) dict_keys(['example_dag_decorator']) retrieved from /Users/olgastash/neoflex_env_airflow/lib/python3.10/site-packages/airflow/example_dags/example_dag_decorator.py
[2023-07-30T22:42:13.308+0300] {logging_mixin.py:150} INFO - [2023-07-30T22:42:13.307+0300] {dag.py:2742} INFO - Sync 1 DAGs
[2023-07-30T22:42:13.326+0300] {logging_mixin.py:150} INFO - [2023-07-30T22:42:13.325+0300] {dag.py:3504} INFO - Setting next_dagrun for example_dag_decorator to None, run_after=None
[2023-07-30T22:42:13.348+0300] {processor.py:179} INFO - Processing /Users/olgastash/neoflex_env_airflow/lib/python3.10/site-packages/airflow/example_dags/example_dag_decorator.py took 1.085 seconds
[2023-07-30T22:46:38.772+0300] {processor.py:157} INFO - Started process (PID=39365) to work on /Users/olgastash/neoflex_env_airflow/lib/python3.10/site-packages/airflow/example_dags/example_dag_decorator.py
[2023-07-30T22:46:38.773+0300] {processor.py:826} INFO - Processing file /Users/olgastash/neoflex_env_airflow/lib/python3.10/site-packages/airflow/example_dags/example_dag_decorator.py for tasks to queue
[2023-07-30T22:46:38.773+0300] {logging_mixin.py:150} INFO - [2023-07-30T22:46:38.773+0300] {dagbag.py:541} INFO - Filling up the DagBag from /Users/olgastash/neoflex_env_airflow/lib/python3.10/site-packages/airflow/example_dags/example_dag_decorator.py
[2023-07-30T22:46:39.019+0300] {processor.py:836} INFO - DAG(s) dict_keys(['example_dag_decorator']) retrieved from /Users/olgastash/neoflex_env_airflow/lib/python3.10/site-packages/airflow/example_dags/example_dag_decorator.py
[2023-07-30T22:46:39.816+0300] {logging_mixin.py:150} INFO - [2023-07-30T22:46:39.816+0300] {dag.py:2742} INFO - Sync 1 DAGs
[2023-07-30T22:46:39.847+0300] {logging_mixin.py:150} INFO - [2023-07-30T22:46:39.847+0300] {dag.py:3504} INFO - Setting next_dagrun for example_dag_decorator to None, run_after=None
[2023-07-30T22:46:39.868+0300] {processor.py:179} INFO - Processing /Users/olgastash/neoflex_env_airflow/lib/python3.10/site-packages/airflow/example_dags/example_dag_decorator.py took 1.097 seconds
[2023-07-30T22:51:05.474+0300] {processor.py:157} INFO - Started process (PID=39603) to work on /Users/olgastash/neoflex_env_airflow/lib/python3.10/site-packages/airflow/example_dags/example_dag_decorator.py
[2023-07-30T22:51:05.475+0300] {processor.py:826} INFO - Processing file /Users/olgastash/neoflex_env_airflow/lib/python3.10/site-packages/airflow/example_dags/example_dag_decorator.py for tasks to queue
[2023-07-30T22:51:05.476+0300] {logging_mixin.py:150} INFO - [2023-07-30T22:51:05.476+0300] {dagbag.py:541} INFO - Filling up the DagBag from /Users/olgastash/neoflex_env_airflow/lib/python3.10/site-packages/airflow/example_dags/example_dag_decorator.py
[2023-07-30T22:51:05.747+0300] {processor.py:836} INFO - DAG(s) dict_keys(['example_dag_decorator']) retrieved from /Users/olgastash/neoflex_env_airflow/lib/python3.10/site-packages/airflow/example_dags/example_dag_decorator.py
[2023-07-30T22:51:06.704+0300] {logging_mixin.py:150} INFO - [2023-07-30T22:51:06.704+0300] {dag.py:2742} INFO - Sync 1 DAGs
[2023-07-30T22:51:06.724+0300] {logging_mixin.py:150} INFO - [2023-07-30T22:51:06.723+0300] {dag.py:3504} INFO - Setting next_dagrun for example_dag_decorator to None, run_after=None
[2023-07-30T22:51:06.748+0300] {processor.py:179} INFO - Processing /Users/olgastash/neoflex_env_airflow/lib/python3.10/site-packages/airflow/example_dags/example_dag_decorator.py took 1.275 seconds
[2023-07-30T22:55:37.289+0300] {processor.py:157} INFO - Started process (PID=39846) to work on /Users/olgastash/neoflex_env_airflow/lib/python3.10/site-packages/airflow/example_dags/example_dag_decorator.py
[2023-07-30T22:55:37.290+0300] {processor.py:826} INFO - Processing file /Users/olgastash/neoflex_env_airflow/lib/python3.10/site-packages/airflow/example_dags/example_dag_decorator.py for tasks to queue
[2023-07-30T22:55:37.291+0300] {logging_mixin.py:150} INFO - [2023-07-30T22:55:37.291+0300] {dagbag.py:541} INFO - Filling up the DagBag from /Users/olgastash/neoflex_env_airflow/lib/python3.10/site-packages/airflow/example_dags/example_dag_decorator.py
[2023-07-30T22:55:37.542+0300] {processor.py:836} INFO - DAG(s) dict_keys(['example_dag_decorator']) retrieved from /Users/olgastash/neoflex_env_airflow/lib/python3.10/site-packages/airflow/example_dags/example_dag_decorator.py
[2023-07-30T22:55:38.351+0300] {logging_mixin.py:150} INFO - [2023-07-30T22:55:38.351+0300] {dag.py:2742} INFO - Sync 1 DAGs
[2023-07-30T22:55:38.369+0300] {logging_mixin.py:150} INFO - [2023-07-30T22:55:38.369+0300] {dag.py:3504} INFO - Setting next_dagrun for example_dag_decorator to None, run_after=None
[2023-07-30T22:55:38.391+0300] {processor.py:179} INFO - Processing /Users/olgastash/neoflex_env_airflow/lib/python3.10/site-packages/airflow/example_dags/example_dag_decorator.py took 1.103 seconds
[2023-07-30T23:00:10.654+0300] {processor.py:157} INFO - Started process (PID=40085) to work on /Users/olgastash/neoflex_env_airflow/lib/python3.10/site-packages/airflow/example_dags/example_dag_decorator.py
[2023-07-30T23:00:10.655+0300] {processor.py:826} INFO - Processing file /Users/olgastash/neoflex_env_airflow/lib/python3.10/site-packages/airflow/example_dags/example_dag_decorator.py for tasks to queue
[2023-07-30T23:00:10.656+0300] {logging_mixin.py:150} INFO - [2023-07-30T23:00:10.656+0300] {dagbag.py:541} INFO - Filling up the DagBag from /Users/olgastash/neoflex_env_airflow/lib/python3.10/site-packages/airflow/example_dags/example_dag_decorator.py
[2023-07-30T23:00:10.902+0300] {processor.py:836} INFO - DAG(s) dict_keys(['example_dag_decorator']) retrieved from /Users/olgastash/neoflex_env_airflow/lib/python3.10/site-packages/airflow/example_dags/example_dag_decorator.py
[2023-07-30T23:00:11.714+0300] {logging_mixin.py:150} INFO - [2023-07-30T23:00:11.713+0300] {dag.py:2742} INFO - Sync 1 DAGs
[2023-07-30T23:00:11.732+0300] {logging_mixin.py:150} INFO - [2023-07-30T23:00:11.732+0300] {dag.py:3504} INFO - Setting next_dagrun for example_dag_decorator to None, run_after=None
[2023-07-30T23:00:11.754+0300] {processor.py:179} INFO - Processing /Users/olgastash/neoflex_env_airflow/lib/python3.10/site-packages/airflow/example_dags/example_dag_decorator.py took 1.100 seconds
[2023-07-30T23:04:41.318+0300] {processor.py:157} INFO - Started process (PID=40330) to work on /Users/olgastash/neoflex_env_airflow/lib/python3.10/site-packages/airflow/example_dags/example_dag_decorator.py
[2023-07-30T23:04:41.319+0300] {processor.py:826} INFO - Processing file /Users/olgastash/neoflex_env_airflow/lib/python3.10/site-packages/airflow/example_dags/example_dag_decorator.py for tasks to queue
[2023-07-30T23:04:41.320+0300] {logging_mixin.py:150} INFO - [2023-07-30T23:04:41.319+0300] {dagbag.py:541} INFO - Filling up the DagBag from /Users/olgastash/neoflex_env_airflow/lib/python3.10/site-packages/airflow/example_dags/example_dag_decorator.py
[2023-07-30T23:04:41.566+0300] {processor.py:836} INFO - DAG(s) dict_keys(['example_dag_decorator']) retrieved from /Users/olgastash/neoflex_env_airflow/lib/python3.10/site-packages/airflow/example_dags/example_dag_decorator.py
[2023-07-30T23:04:42.395+0300] {logging_mixin.py:150} INFO - [2023-07-30T23:04:42.395+0300] {dag.py:2742} INFO - Sync 1 DAGs
[2023-07-30T23:04:42.414+0300] {logging_mixin.py:150} INFO - [2023-07-30T23:04:42.413+0300] {dag.py:3504} INFO - Setting next_dagrun for example_dag_decorator to None, run_after=None
[2023-07-30T23:04:42.434+0300] {processor.py:179} INFO - Processing /Users/olgastash/neoflex_env_airflow/lib/python3.10/site-packages/airflow/example_dags/example_dag_decorator.py took 1.117 seconds
