[2023-07-30T18:29:17.795+0300] {processor.py:157} INFO - Started process (PID=28969) to work on /Users/olgastash/neoflex_env_airflow/lib/python3.10/site-packages/airflow/example_dags/example_kubernetes_executor.py
[2023-07-30T18:29:17.796+0300] {processor.py:826} INFO - Processing file /Users/olgastash/neoflex_env_airflow/lib/python3.10/site-packages/airflow/example_dags/example_kubernetes_executor.py for tasks to queue
[2023-07-30T18:29:17.796+0300] {logging_mixin.py:150} INFO - [2023-07-30T18:29:17.796+0300] {dagbag.py:541} INFO - Filling up the DagBag from /Users/olgastash/neoflex_env_airflow/lib/python3.10/site-packages/airflow/example_dags/example_kubernetes_executor.py
[2023-07-30T18:29:17.845+0300] {logging_mixin.py:150} INFO - [2023-07-30T18:29:17.845+0300] {example_kubernetes_executor.py:41} WARNING - The example_kubernetes_executor example DAG requires the kubernetes provider. Please install it with: pip install apache-airflow[cncf.kubernetes]
[2023-07-30T18:29:17.845+0300] {processor.py:838} WARNING - No viable dags retrieved from /Users/olgastash/neoflex_env_airflow/lib/python3.10/site-packages/airflow/example_dags/example_kubernetes_executor.py
[2023-07-30T18:29:18.670+0300] {processor.py:179} INFO - Processing /Users/olgastash/neoflex_env_airflow/lib/python3.10/site-packages/airflow/example_dags/example_kubernetes_executor.py took 0.876 seconds
[2023-07-30T18:31:48.914+0300] {processor.py:157} INFO - Started process (PID=29083) to work on /Users/olgastash/neoflex_env_airflow/lib/python3.10/site-packages/airflow/example_dags/example_kubernetes_executor.py
[2023-07-30T18:31:48.915+0300] {processor.py:826} INFO - Processing file /Users/olgastash/neoflex_env_airflow/lib/python3.10/site-packages/airflow/example_dags/example_kubernetes_executor.py for tasks to queue
[2023-07-30T18:31:48.915+0300] {logging_mixin.py:150} INFO - [2023-07-30T18:31:48.915+0300] {dagbag.py:541} INFO - Filling up the DagBag from /Users/olgastash/neoflex_env_airflow/lib/python3.10/site-packages/airflow/example_dags/example_kubernetes_executor.py
[2023-07-30T18:31:48.966+0300] {logging_mixin.py:150} INFO - [2023-07-30T18:31:48.966+0300] {example_kubernetes_executor.py:41} WARNING - The example_kubernetes_executor example DAG requires the kubernetes provider. Please install it with: pip install apache-airflow[cncf.kubernetes]
[2023-07-30T18:31:48.966+0300] {processor.py:838} WARNING - No viable dags retrieved from /Users/olgastash/neoflex_env_airflow/lib/python3.10/site-packages/airflow/example_dags/example_kubernetes_executor.py
[2023-07-30T18:31:49.829+0300] {processor.py:179} INFO - Processing /Users/olgastash/neoflex_env_airflow/lib/python3.10/site-packages/airflow/example_dags/example_kubernetes_executor.py took 0.916 seconds
[2023-07-30T18:35:45.816+0300] {processor.py:157} INFO - Started process (PID=29236) to work on /Users/olgastash/neoflex_env_airflow/lib/python3.10/site-packages/airflow/example_dags/example_kubernetes_executor.py
[2023-07-30T18:35:45.817+0300] {processor.py:826} INFO - Processing file /Users/olgastash/neoflex_env_airflow/lib/python3.10/site-packages/airflow/example_dags/example_kubernetes_executor.py for tasks to queue
[2023-07-30T18:35:45.818+0300] {logging_mixin.py:150} INFO - [2023-07-30T18:35:45.818+0300] {dagbag.py:541} INFO - Filling up the DagBag from /Users/olgastash/neoflex_env_airflow/lib/python3.10/site-packages/airflow/example_dags/example_kubernetes_executor.py
[2023-07-30T18:35:45.867+0300] {logging_mixin.py:150} INFO - [2023-07-30T18:35:45.866+0300] {example_kubernetes_executor.py:41} WARNING - The example_kubernetes_executor example DAG requires the kubernetes provider. Please install it with: pip install apache-airflow[cncf.kubernetes]
[2023-07-30T18:35:45.867+0300] {processor.py:838} WARNING - No viable dags retrieved from /Users/olgastash/neoflex_env_airflow/lib/python3.10/site-packages/airflow/example_dags/example_kubernetes_executor.py
[2023-07-30T18:35:46.716+0300] {processor.py:179} INFO - Processing /Users/olgastash/neoflex_env_airflow/lib/python3.10/site-packages/airflow/example_dags/example_kubernetes_executor.py took 0.900 seconds
[2023-07-30T18:39:39.199+0300] {processor.py:157} INFO - Started process (PID=29385) to work on /Users/olgastash/neoflex_env_airflow/lib/python3.10/site-packages/airflow/example_dags/example_kubernetes_executor.py
[2023-07-30T18:39:39.201+0300] {processor.py:826} INFO - Processing file /Users/olgastash/neoflex_env_airflow/lib/python3.10/site-packages/airflow/example_dags/example_kubernetes_executor.py for tasks to queue
[2023-07-30T18:39:39.202+0300] {logging_mixin.py:150} INFO - [2023-07-30T18:39:39.201+0300] {dagbag.py:541} INFO - Filling up the DagBag from /Users/olgastash/neoflex_env_airflow/lib/python3.10/site-packages/airflow/example_dags/example_kubernetes_executor.py
[2023-07-30T18:39:39.264+0300] {logging_mixin.py:150} INFO - [2023-07-30T18:39:39.264+0300] {example_kubernetes_executor.py:41} WARNING - The example_kubernetes_executor example DAG requires the kubernetes provider. Please install it with: pip install apache-airflow[cncf.kubernetes]
[2023-07-30T18:39:39.265+0300] {processor.py:838} WARNING - No viable dags retrieved from /Users/olgastash/neoflex_env_airflow/lib/python3.10/site-packages/airflow/example_dags/example_kubernetes_executor.py
[2023-07-30T18:39:40.272+0300] {processor.py:179} INFO - Processing /Users/olgastash/neoflex_env_airflow/lib/python3.10/site-packages/airflow/example_dags/example_kubernetes_executor.py took 1.074 seconds
[2023-07-30T18:43:36.969+0300] {processor.py:157} INFO - Started process (PID=29586) to work on /Users/olgastash/neoflex_env_airflow/lib/python3.10/site-packages/airflow/example_dags/example_kubernetes_executor.py
[2023-07-30T18:43:36.970+0300] {processor.py:826} INFO - Processing file /Users/olgastash/neoflex_env_airflow/lib/python3.10/site-packages/airflow/example_dags/example_kubernetes_executor.py for tasks to queue
[2023-07-30T18:43:36.971+0300] {logging_mixin.py:150} INFO - [2023-07-30T18:43:36.971+0300] {dagbag.py:541} INFO - Filling up the DagBag from /Users/olgastash/neoflex_env_airflow/lib/python3.10/site-packages/airflow/example_dags/example_kubernetes_executor.py
[2023-07-30T18:43:37.020+0300] {logging_mixin.py:150} INFO - [2023-07-30T18:43:37.020+0300] {example_kubernetes_executor.py:41} WARNING - The example_kubernetes_executor example DAG requires the kubernetes provider. Please install it with: pip install apache-airflow[cncf.kubernetes]
[2023-07-30T18:43:37.021+0300] {processor.py:838} WARNING - No viable dags retrieved from /Users/olgastash/neoflex_env_airflow/lib/python3.10/site-packages/airflow/example_dags/example_kubernetes_executor.py
[2023-07-30T18:43:37.869+0300] {processor.py:179} INFO - Processing /Users/olgastash/neoflex_env_airflow/lib/python3.10/site-packages/airflow/example_dags/example_kubernetes_executor.py took 0.901 seconds
[2023-07-30T18:47:30.508+0300] {processor.py:157} INFO - Started process (PID=29803) to work on /Users/olgastash/neoflex_env_airflow/lib/python3.10/site-packages/airflow/example_dags/example_kubernetes_executor.py
[2023-07-30T18:47:30.509+0300] {processor.py:826} INFO - Processing file /Users/olgastash/neoflex_env_airflow/lib/python3.10/site-packages/airflow/example_dags/example_kubernetes_executor.py for tasks to queue
[2023-07-30T18:47:30.509+0300] {logging_mixin.py:150} INFO - [2023-07-30T18:47:30.509+0300] {dagbag.py:541} INFO - Filling up the DagBag from /Users/olgastash/neoflex_env_airflow/lib/python3.10/site-packages/airflow/example_dags/example_kubernetes_executor.py
[2023-07-30T18:47:30.558+0300] {logging_mixin.py:150} INFO - [2023-07-30T18:47:30.558+0300] {example_kubernetes_executor.py:41} WARNING - The example_kubernetes_executor example DAG requires the kubernetes provider. Please install it with: pip install apache-airflow[cncf.kubernetes]
[2023-07-30T18:47:30.558+0300] {processor.py:838} WARNING - No viable dags retrieved from /Users/olgastash/neoflex_env_airflow/lib/python3.10/site-packages/airflow/example_dags/example_kubernetes_executor.py
[2023-07-30T18:47:31.389+0300] {processor.py:179} INFO - Processing /Users/olgastash/neoflex_env_airflow/lib/python3.10/site-packages/airflow/example_dags/example_kubernetes_executor.py took 0.882 seconds
[2023-07-30T18:51:21.298+0300] {processor.py:157} INFO - Started process (PID=29991) to work on /Users/olgastash/neoflex_env_airflow/lib/python3.10/site-packages/airflow/example_dags/example_kubernetes_executor.py
[2023-07-30T18:51:21.299+0300] {processor.py:826} INFO - Processing file /Users/olgastash/neoflex_env_airflow/lib/python3.10/site-packages/airflow/example_dags/example_kubernetes_executor.py for tasks to queue
[2023-07-30T18:51:21.299+0300] {logging_mixin.py:150} INFO - [2023-07-30T18:51:21.299+0300] {dagbag.py:541} INFO - Filling up the DagBag from /Users/olgastash/neoflex_env_airflow/lib/python3.10/site-packages/airflow/example_dags/example_kubernetes_executor.py
[2023-07-30T18:51:21.348+0300] {logging_mixin.py:150} INFO - [2023-07-30T18:51:21.348+0300] {example_kubernetes_executor.py:41} WARNING - The example_kubernetes_executor example DAG requires the kubernetes provider. Please install it with: pip install apache-airflow[cncf.kubernetes]
[2023-07-30T18:51:21.349+0300] {processor.py:838} WARNING - No viable dags retrieved from /Users/olgastash/neoflex_env_airflow/lib/python3.10/site-packages/airflow/example_dags/example_kubernetes_executor.py
[2023-07-30T18:51:22.177+0300] {processor.py:179} INFO - Processing /Users/olgastash/neoflex_env_airflow/lib/python3.10/site-packages/airflow/example_dags/example_kubernetes_executor.py took 0.880 seconds
[2023-07-30T18:55:06.255+0300] {processor.py:157} INFO - Started process (PID=30187) to work on /Users/olgastash/neoflex_env_airflow/lib/python3.10/site-packages/airflow/example_dags/example_kubernetes_executor.py
[2023-07-30T18:55:06.256+0300] {processor.py:826} INFO - Processing file /Users/olgastash/neoflex_env_airflow/lib/python3.10/site-packages/airflow/example_dags/example_kubernetes_executor.py for tasks to queue
[2023-07-30T18:55:06.257+0300] {logging_mixin.py:150} INFO - [2023-07-30T18:55:06.257+0300] {dagbag.py:541} INFO - Filling up the DagBag from /Users/olgastash/neoflex_env_airflow/lib/python3.10/site-packages/airflow/example_dags/example_kubernetes_executor.py
[2023-07-30T18:55:06.305+0300] {logging_mixin.py:150} INFO - [2023-07-30T18:55:06.305+0300] {example_kubernetes_executor.py:41} WARNING - The example_kubernetes_executor example DAG requires the kubernetes provider. Please install it with: pip install apache-airflow[cncf.kubernetes]
[2023-07-30T18:55:06.305+0300] {processor.py:838} WARNING - No viable dags retrieved from /Users/olgastash/neoflex_env_airflow/lib/python3.10/site-packages/airflow/example_dags/example_kubernetes_executor.py
[2023-07-30T18:55:07.257+0300] {processor.py:179} INFO - Processing /Users/olgastash/neoflex_env_airflow/lib/python3.10/site-packages/airflow/example_dags/example_kubernetes_executor.py took 1.003 seconds
[2023-07-30T18:58:55.364+0300] {processor.py:157} INFO - Started process (PID=30377) to work on /Users/olgastash/neoflex_env_airflow/lib/python3.10/site-packages/airflow/example_dags/example_kubernetes_executor.py
[2023-07-30T18:58:55.365+0300] {processor.py:826} INFO - Processing file /Users/olgastash/neoflex_env_airflow/lib/python3.10/site-packages/airflow/example_dags/example_kubernetes_executor.py for tasks to queue
[2023-07-30T18:58:55.365+0300] {logging_mixin.py:150} INFO - [2023-07-30T18:58:55.365+0300] {dagbag.py:541} INFO - Filling up the DagBag from /Users/olgastash/neoflex_env_airflow/lib/python3.10/site-packages/airflow/example_dags/example_kubernetes_executor.py
[2023-07-30T18:58:55.415+0300] {logging_mixin.py:150} INFO - [2023-07-30T18:58:55.415+0300] {example_kubernetes_executor.py:41} WARNING - The example_kubernetes_executor example DAG requires the kubernetes provider. Please install it with: pip install apache-airflow[cncf.kubernetes]
[2023-07-30T18:58:55.416+0300] {processor.py:838} WARNING - No viable dags retrieved from /Users/olgastash/neoflex_env_airflow/lib/python3.10/site-packages/airflow/example_dags/example_kubernetes_executor.py
[2023-07-30T18:58:56.262+0300] {processor.py:179} INFO - Processing /Users/olgastash/neoflex_env_airflow/lib/python3.10/site-packages/airflow/example_dags/example_kubernetes_executor.py took 0.899 seconds
[2023-07-30T19:03:04.809+0300] {processor.py:157} INFO - Started process (PID=30550) to work on /Users/olgastash/neoflex_env_airflow/lib/python3.10/site-packages/airflow/example_dags/example_kubernetes_executor.py
[2023-07-30T19:03:04.811+0300] {processor.py:826} INFO - Processing file /Users/olgastash/neoflex_env_airflow/lib/python3.10/site-packages/airflow/example_dags/example_kubernetes_executor.py for tasks to queue
[2023-07-30T19:03:04.811+0300] {logging_mixin.py:150} INFO - [2023-07-30T19:03:04.811+0300] {dagbag.py:541} INFO - Filling up the DagBag from /Users/olgastash/neoflex_env_airflow/lib/python3.10/site-packages/airflow/example_dags/example_kubernetes_executor.py
[2023-07-30T19:03:04.864+0300] {logging_mixin.py:150} INFO - [2023-07-30T19:03:04.863+0300] {example_kubernetes_executor.py:41} WARNING - The example_kubernetes_executor example DAG requires the kubernetes provider. Please install it with: pip install apache-airflow[cncf.kubernetes]
[2023-07-30T19:03:04.864+0300] {processor.py:838} WARNING - No viable dags retrieved from /Users/olgastash/neoflex_env_airflow/lib/python3.10/site-packages/airflow/example_dags/example_kubernetes_executor.py
[2023-07-30T19:03:05.914+0300] {processor.py:179} INFO - Processing /Users/olgastash/neoflex_env_airflow/lib/python3.10/site-packages/airflow/example_dags/example_kubernetes_executor.py took 1.105 seconds
[2023-07-30T19:07:11.818+0300] {processor.py:157} INFO - Started process (PID=30692) to work on /Users/olgastash/neoflex_env_airflow/lib/python3.10/site-packages/airflow/example_dags/example_kubernetes_executor.py
[2023-07-30T19:07:11.819+0300] {processor.py:826} INFO - Processing file /Users/olgastash/neoflex_env_airflow/lib/python3.10/site-packages/airflow/example_dags/example_kubernetes_executor.py for tasks to queue
[2023-07-30T19:07:11.820+0300] {logging_mixin.py:150} INFO - [2023-07-30T19:07:11.820+0300] {dagbag.py:541} INFO - Filling up the DagBag from /Users/olgastash/neoflex_env_airflow/lib/python3.10/site-packages/airflow/example_dags/example_kubernetes_executor.py
[2023-07-30T19:07:11.869+0300] {logging_mixin.py:150} INFO - [2023-07-30T19:07:11.869+0300] {example_kubernetes_executor.py:41} WARNING - The example_kubernetes_executor example DAG requires the kubernetes provider. Please install it with: pip install apache-airflow[cncf.kubernetes]
[2023-07-30T19:07:11.869+0300] {processor.py:838} WARNING - No viable dags retrieved from /Users/olgastash/neoflex_env_airflow/lib/python3.10/site-packages/airflow/example_dags/example_kubernetes_executor.py
[2023-07-30T19:07:12.711+0300] {processor.py:179} INFO - Processing /Users/olgastash/neoflex_env_airflow/lib/python3.10/site-packages/airflow/example_dags/example_kubernetes_executor.py took 0.893 seconds
[2023-07-30T19:11:08.591+0300] {processor.py:157} INFO - Started process (PID=30829) to work on /Users/olgastash/neoflex_env_airflow/lib/python3.10/site-packages/airflow/example_dags/example_kubernetes_executor.py
[2023-07-30T19:11:08.592+0300] {processor.py:826} INFO - Processing file /Users/olgastash/neoflex_env_airflow/lib/python3.10/site-packages/airflow/example_dags/example_kubernetes_executor.py for tasks to queue
[2023-07-30T19:11:08.593+0300] {logging_mixin.py:150} INFO - [2023-07-30T19:11:08.593+0300] {dagbag.py:541} INFO - Filling up the DagBag from /Users/olgastash/neoflex_env_airflow/lib/python3.10/site-packages/airflow/example_dags/example_kubernetes_executor.py
[2023-07-30T19:11:08.643+0300] {logging_mixin.py:150} INFO - [2023-07-30T19:11:08.643+0300] {example_kubernetes_executor.py:41} WARNING - The example_kubernetes_executor example DAG requires the kubernetes provider. Please install it with: pip install apache-airflow[cncf.kubernetes]
[2023-07-30T19:11:08.643+0300] {processor.py:838} WARNING - No viable dags retrieved from /Users/olgastash/neoflex_env_airflow/lib/python3.10/site-packages/airflow/example_dags/example_kubernetes_executor.py
[2023-07-30T19:11:09.508+0300] {processor.py:179} INFO - Processing /Users/olgastash/neoflex_env_airflow/lib/python3.10/site-packages/airflow/example_dags/example_kubernetes_executor.py took 0.917 seconds
[2023-07-30T19:15:24.275+0300] {processor.py:157} INFO - Started process (PID=30984) to work on /Users/olgastash/neoflex_env_airflow/lib/python3.10/site-packages/airflow/example_dags/example_kubernetes_executor.py
[2023-07-30T19:15:24.277+0300] {processor.py:826} INFO - Processing file /Users/olgastash/neoflex_env_airflow/lib/python3.10/site-packages/airflow/example_dags/example_kubernetes_executor.py for tasks to queue
[2023-07-30T19:15:24.277+0300] {logging_mixin.py:150} INFO - [2023-07-30T19:15:24.277+0300] {dagbag.py:541} INFO - Filling up the DagBag from /Users/olgastash/neoflex_env_airflow/lib/python3.10/site-packages/airflow/example_dags/example_kubernetes_executor.py
[2023-07-30T19:15:24.326+0300] {logging_mixin.py:150} INFO - [2023-07-30T19:15:24.326+0300] {example_kubernetes_executor.py:41} WARNING - The example_kubernetes_executor example DAG requires the kubernetes provider. Please install it with: pip install apache-airflow[cncf.kubernetes]
[2023-07-30T19:15:24.326+0300] {processor.py:838} WARNING - No viable dags retrieved from /Users/olgastash/neoflex_env_airflow/lib/python3.10/site-packages/airflow/example_dags/example_kubernetes_executor.py
[2023-07-30T19:15:25.167+0300] {processor.py:179} INFO - Processing /Users/olgastash/neoflex_env_airflow/lib/python3.10/site-packages/airflow/example_dags/example_kubernetes_executor.py took 0.892 seconds
[2023-07-30T19:19:31.288+0300] {processor.py:157} INFO - Started process (PID=31199) to work on /Users/olgastash/neoflex_env_airflow/lib/python3.10/site-packages/airflow/example_dags/example_kubernetes_executor.py
[2023-07-30T19:19:31.290+0300] {processor.py:826} INFO - Processing file /Users/olgastash/neoflex_env_airflow/lib/python3.10/site-packages/airflow/example_dags/example_kubernetes_executor.py for tasks to queue
[2023-07-30T19:19:31.290+0300] {logging_mixin.py:150} INFO - [2023-07-30T19:19:31.290+0300] {dagbag.py:541} INFO - Filling up the DagBag from /Users/olgastash/neoflex_env_airflow/lib/python3.10/site-packages/airflow/example_dags/example_kubernetes_executor.py
[2023-07-30T19:19:31.342+0300] {logging_mixin.py:150} INFO - [2023-07-30T19:19:31.342+0300] {example_kubernetes_executor.py:41} WARNING - The example_kubernetes_executor example DAG requires the kubernetes provider. Please install it with: pip install apache-airflow[cncf.kubernetes]
[2023-07-30T19:19:31.343+0300] {processor.py:838} WARNING - No viable dags retrieved from /Users/olgastash/neoflex_env_airflow/lib/python3.10/site-packages/airflow/example_dags/example_kubernetes_executor.py
[2023-07-30T19:19:32.225+0300] {processor.py:179} INFO - Processing /Users/olgastash/neoflex_env_airflow/lib/python3.10/site-packages/airflow/example_dags/example_kubernetes_executor.py took 0.938 seconds
[2023-07-30T19:23:44.656+0300] {processor.py:157} INFO - Started process (PID=31351) to work on /Users/olgastash/neoflex_env_airflow/lib/python3.10/site-packages/airflow/example_dags/example_kubernetes_executor.py
[2023-07-30T19:23:44.657+0300] {processor.py:826} INFO - Processing file /Users/olgastash/neoflex_env_airflow/lib/python3.10/site-packages/airflow/example_dags/example_kubernetes_executor.py for tasks to queue
[2023-07-30T19:23:44.658+0300] {logging_mixin.py:150} INFO - [2023-07-30T19:23:44.658+0300] {dagbag.py:541} INFO - Filling up the DagBag from /Users/olgastash/neoflex_env_airflow/lib/python3.10/site-packages/airflow/example_dags/example_kubernetes_executor.py
[2023-07-30T19:23:44.706+0300] {logging_mixin.py:150} INFO - [2023-07-30T19:23:44.706+0300] {example_kubernetes_executor.py:41} WARNING - The example_kubernetes_executor example DAG requires the kubernetes provider. Please install it with: pip install apache-airflow[cncf.kubernetes]
[2023-07-30T19:23:44.706+0300] {processor.py:838} WARNING - No viable dags retrieved from /Users/olgastash/neoflex_env_airflow/lib/python3.10/site-packages/airflow/example_dags/example_kubernetes_executor.py
[2023-07-30T19:23:45.555+0300] {processor.py:179} INFO - Processing /Users/olgastash/neoflex_env_airflow/lib/python3.10/site-packages/airflow/example_dags/example_kubernetes_executor.py took 0.899 seconds
[2023-07-30T19:27:46.966+0300] {processor.py:157} INFO - Started process (PID=31494) to work on /Users/olgastash/neoflex_env_airflow/lib/python3.10/site-packages/airflow/example_dags/example_kubernetes_executor.py
[2023-07-30T19:27:46.967+0300] {processor.py:826} INFO - Processing file /Users/olgastash/neoflex_env_airflow/lib/python3.10/site-packages/airflow/example_dags/example_kubernetes_executor.py for tasks to queue
[2023-07-30T19:27:46.968+0300] {logging_mixin.py:150} INFO - [2023-07-30T19:27:46.967+0300] {dagbag.py:541} INFO - Filling up the DagBag from /Users/olgastash/neoflex_env_airflow/lib/python3.10/site-packages/airflow/example_dags/example_kubernetes_executor.py
[2023-07-30T19:27:47.017+0300] {logging_mixin.py:150} INFO - [2023-07-30T19:27:47.017+0300] {example_kubernetes_executor.py:41} WARNING - The example_kubernetes_executor example DAG requires the kubernetes provider. Please install it with: pip install apache-airflow[cncf.kubernetes]
[2023-07-30T19:27:47.017+0300] {processor.py:838} WARNING - No viable dags retrieved from /Users/olgastash/neoflex_env_airflow/lib/python3.10/site-packages/airflow/example_dags/example_kubernetes_executor.py
[2023-07-30T19:27:47.852+0300] {processor.py:179} INFO - Processing /Users/olgastash/neoflex_env_airflow/lib/python3.10/site-packages/airflow/example_dags/example_kubernetes_executor.py took 0.887 seconds
[2023-07-30T20:11:57.573+0300] {processor.py:157} INFO - Started process (PID=31774) to work on /Users/olgastash/neoflex_env_airflow/lib/python3.10/site-packages/airflow/example_dags/example_kubernetes_executor.py
[2023-07-30T20:11:57.574+0300] {processor.py:826} INFO - Processing file /Users/olgastash/neoflex_env_airflow/lib/python3.10/site-packages/airflow/example_dags/example_kubernetes_executor.py for tasks to queue
[2023-07-30T20:11:57.575+0300] {logging_mixin.py:150} INFO - [2023-07-30T20:11:57.575+0300] {dagbag.py:541} INFO - Filling up the DagBag from /Users/olgastash/neoflex_env_airflow/lib/python3.10/site-packages/airflow/example_dags/example_kubernetes_executor.py
[2023-07-30T20:11:57.629+0300] {logging_mixin.py:150} INFO - [2023-07-30T20:11:57.629+0300] {example_kubernetes_executor.py:41} WARNING - The example_kubernetes_executor example DAG requires the kubernetes provider. Please install it with: pip install apache-airflow[cncf.kubernetes]
[2023-07-30T20:11:57.630+0300] {processor.py:838} WARNING - No viable dags retrieved from /Users/olgastash/neoflex_env_airflow/lib/python3.10/site-packages/airflow/example_dags/example_kubernetes_executor.py
[2023-07-30T20:11:58.509+0300] {processor.py:179} INFO - Processing /Users/olgastash/neoflex_env_airflow/lib/python3.10/site-packages/airflow/example_dags/example_kubernetes_executor.py took 0.936 seconds
[2023-07-30T20:14:24.578+0300] {processor.py:157} INFO - Started process (PID=31923) to work on /Users/olgastash/neoflex_env_airflow/lib/python3.10/site-packages/airflow/example_dags/example_kubernetes_executor.py
[2023-07-30T20:14:24.579+0300] {processor.py:826} INFO - Processing file /Users/olgastash/neoflex_env_airflow/lib/python3.10/site-packages/airflow/example_dags/example_kubernetes_executor.py for tasks to queue
[2023-07-30T20:14:24.580+0300] {logging_mixin.py:150} INFO - [2023-07-30T20:14:24.580+0300] {dagbag.py:541} INFO - Filling up the DagBag from /Users/olgastash/neoflex_env_airflow/lib/python3.10/site-packages/airflow/example_dags/example_kubernetes_executor.py
[2023-07-30T20:14:24.633+0300] {logging_mixin.py:150} INFO - [2023-07-30T20:14:24.632+0300] {example_kubernetes_executor.py:41} WARNING - The example_kubernetes_executor example DAG requires the kubernetes provider. Please install it with: pip install apache-airflow[cncf.kubernetes]
[2023-07-30T20:14:24.633+0300] {processor.py:838} WARNING - No viable dags retrieved from /Users/olgastash/neoflex_env_airflow/lib/python3.10/site-packages/airflow/example_dags/example_kubernetes_executor.py
[2023-07-30T20:14:25.508+0300] {processor.py:179} INFO - Processing /Users/olgastash/neoflex_env_airflow/lib/python3.10/site-packages/airflow/example_dags/example_kubernetes_executor.py took 0.931 seconds
[2023-07-30T20:18:45.803+0300] {processor.py:157} INFO - Started process (PID=32145) to work on /Users/olgastash/neoflex_env_airflow/lib/python3.10/site-packages/airflow/example_dags/example_kubernetes_executor.py
[2023-07-30T20:18:45.805+0300] {processor.py:826} INFO - Processing file /Users/olgastash/neoflex_env_airflow/lib/python3.10/site-packages/airflow/example_dags/example_kubernetes_executor.py for tasks to queue
[2023-07-30T20:18:45.805+0300] {logging_mixin.py:150} INFO - [2023-07-30T20:18:45.805+0300] {dagbag.py:541} INFO - Filling up the DagBag from /Users/olgastash/neoflex_env_airflow/lib/python3.10/site-packages/airflow/example_dags/example_kubernetes_executor.py
[2023-07-30T20:18:45.854+0300] {logging_mixin.py:150} INFO - [2023-07-30T20:18:45.853+0300] {example_kubernetes_executor.py:41} WARNING - The example_kubernetes_executor example DAG requires the kubernetes provider. Please install it with: pip install apache-airflow[cncf.kubernetes]
[2023-07-30T20:18:45.854+0300] {processor.py:838} WARNING - No viable dags retrieved from /Users/olgastash/neoflex_env_airflow/lib/python3.10/site-packages/airflow/example_dags/example_kubernetes_executor.py
[2023-07-30T20:18:46.700+0300] {processor.py:179} INFO - Processing /Users/olgastash/neoflex_env_airflow/lib/python3.10/site-packages/airflow/example_dags/example_kubernetes_executor.py took 0.898 seconds
[2023-07-30T20:23:19.765+0300] {processor.py:157} INFO - Started process (PID=32421) to work on /Users/olgastash/neoflex_env_airflow/lib/python3.10/site-packages/airflow/example_dags/example_kubernetes_executor.py
[2023-07-30T20:23:19.767+0300] {processor.py:826} INFO - Processing file /Users/olgastash/neoflex_env_airflow/lib/python3.10/site-packages/airflow/example_dags/example_kubernetes_executor.py for tasks to queue
[2023-07-30T20:23:19.767+0300] {logging_mixin.py:150} INFO - [2023-07-30T20:23:19.767+0300] {dagbag.py:541} INFO - Filling up the DagBag from /Users/olgastash/neoflex_env_airflow/lib/python3.10/site-packages/airflow/example_dags/example_kubernetes_executor.py
[2023-07-30T20:23:19.816+0300] {logging_mixin.py:150} INFO - [2023-07-30T20:23:19.816+0300] {example_kubernetes_executor.py:41} WARNING - The example_kubernetes_executor example DAG requires the kubernetes provider. Please install it with: pip install apache-airflow[cncf.kubernetes]
[2023-07-30T20:23:19.816+0300] {processor.py:838} WARNING - No viable dags retrieved from /Users/olgastash/neoflex_env_airflow/lib/python3.10/site-packages/airflow/example_dags/example_kubernetes_executor.py
[2023-07-30T20:23:20.686+0300] {processor.py:179} INFO - Processing /Users/olgastash/neoflex_env_airflow/lib/python3.10/site-packages/airflow/example_dags/example_kubernetes_executor.py took 0.921 seconds
[2023-07-30T20:27:40.726+0300] {processor.py:157} INFO - Started process (PID=32603) to work on /Users/olgastash/neoflex_env_airflow/lib/python3.10/site-packages/airflow/example_dags/example_kubernetes_executor.py
[2023-07-30T20:27:40.727+0300] {processor.py:826} INFO - Processing file /Users/olgastash/neoflex_env_airflow/lib/python3.10/site-packages/airflow/example_dags/example_kubernetes_executor.py for tasks to queue
[2023-07-30T20:27:40.728+0300] {logging_mixin.py:150} INFO - [2023-07-30T20:27:40.728+0300] {dagbag.py:541} INFO - Filling up the DagBag from /Users/olgastash/neoflex_env_airflow/lib/python3.10/site-packages/airflow/example_dags/example_kubernetes_executor.py
[2023-07-30T20:27:40.777+0300] {logging_mixin.py:150} INFO - [2023-07-30T20:27:40.777+0300] {example_kubernetes_executor.py:41} WARNING - The example_kubernetes_executor example DAG requires the kubernetes provider. Please install it with: pip install apache-airflow[cncf.kubernetes]
[2023-07-30T20:27:40.777+0300] {processor.py:838} WARNING - No viable dags retrieved from /Users/olgastash/neoflex_env_airflow/lib/python3.10/site-packages/airflow/example_dags/example_kubernetes_executor.py
[2023-07-30T20:27:41.649+0300] {processor.py:179} INFO - Processing /Users/olgastash/neoflex_env_airflow/lib/python3.10/site-packages/airflow/example_dags/example_kubernetes_executor.py took 0.925 seconds
[2023-07-30T20:32:00.961+0300] {processor.py:157} INFO - Started process (PID=32817) to work on /Users/olgastash/neoflex_env_airflow/lib/python3.10/site-packages/airflow/example_dags/example_kubernetes_executor.py
[2023-07-30T20:32:00.962+0300] {processor.py:826} INFO - Processing file /Users/olgastash/neoflex_env_airflow/lib/python3.10/site-packages/airflow/example_dags/example_kubernetes_executor.py for tasks to queue
[2023-07-30T20:32:00.963+0300] {logging_mixin.py:150} INFO - [2023-07-30T20:32:00.963+0300] {dagbag.py:541} INFO - Filling up the DagBag from /Users/olgastash/neoflex_env_airflow/lib/python3.10/site-packages/airflow/example_dags/example_kubernetes_executor.py
[2023-07-30T20:32:01.012+0300] {logging_mixin.py:150} INFO - [2023-07-30T20:32:01.011+0300] {example_kubernetes_executor.py:41} WARNING - The example_kubernetes_executor example DAG requires the kubernetes provider. Please install it with: pip install apache-airflow[cncf.kubernetes]
[2023-07-30T20:32:01.012+0300] {processor.py:838} WARNING - No viable dags retrieved from /Users/olgastash/neoflex_env_airflow/lib/python3.10/site-packages/airflow/example_dags/example_kubernetes_executor.py
[2023-07-30T20:32:01.890+0300] {processor.py:179} INFO - Processing /Users/olgastash/neoflex_env_airflow/lib/python3.10/site-packages/airflow/example_dags/example_kubernetes_executor.py took 0.929 seconds
[2023-07-30T20:36:14.573+0300] {processor.py:157} INFO - Started process (PID=33067) to work on /Users/olgastash/neoflex_env_airflow/lib/python3.10/site-packages/airflow/example_dags/example_kubernetes_executor.py
[2023-07-30T20:36:14.574+0300] {processor.py:826} INFO - Processing file /Users/olgastash/neoflex_env_airflow/lib/python3.10/site-packages/airflow/example_dags/example_kubernetes_executor.py for tasks to queue
[2023-07-30T20:36:14.575+0300] {logging_mixin.py:150} INFO - [2023-07-30T20:36:14.575+0300] {dagbag.py:541} INFO - Filling up the DagBag from /Users/olgastash/neoflex_env_airflow/lib/python3.10/site-packages/airflow/example_dags/example_kubernetes_executor.py
[2023-07-30T20:36:14.625+0300] {logging_mixin.py:150} INFO - [2023-07-30T20:36:14.624+0300] {example_kubernetes_executor.py:41} WARNING - The example_kubernetes_executor example DAG requires the kubernetes provider. Please install it with: pip install apache-airflow[cncf.kubernetes]
[2023-07-30T20:36:14.625+0300] {processor.py:838} WARNING - No viable dags retrieved from /Users/olgastash/neoflex_env_airflow/lib/python3.10/site-packages/airflow/example_dags/example_kubernetes_executor.py
[2023-07-30T20:36:15.498+0300] {processor.py:179} INFO - Processing /Users/olgastash/neoflex_env_airflow/lib/python3.10/site-packages/airflow/example_dags/example_kubernetes_executor.py took 0.926 seconds
[2023-07-30T20:40:31.701+0300] {processor.py:157} INFO - Started process (PID=33317) to work on /Users/olgastash/neoflex_env_airflow/lib/python3.10/site-packages/airflow/example_dags/example_kubernetes_executor.py
[2023-07-30T20:40:31.702+0300] {processor.py:826} INFO - Processing file /Users/olgastash/neoflex_env_airflow/lib/python3.10/site-packages/airflow/example_dags/example_kubernetes_executor.py for tasks to queue
[2023-07-30T20:40:31.702+0300] {logging_mixin.py:150} INFO - [2023-07-30T20:40:31.702+0300] {dagbag.py:541} INFO - Filling up the DagBag from /Users/olgastash/neoflex_env_airflow/lib/python3.10/site-packages/airflow/example_dags/example_kubernetes_executor.py
[2023-07-30T20:40:31.752+0300] {logging_mixin.py:150} INFO - [2023-07-30T20:40:31.752+0300] {example_kubernetes_executor.py:41} WARNING - The example_kubernetes_executor example DAG requires the kubernetes provider. Please install it with: pip install apache-airflow[cncf.kubernetes]
[2023-07-30T20:40:31.753+0300] {processor.py:838} WARNING - No viable dags retrieved from /Users/olgastash/neoflex_env_airflow/lib/python3.10/site-packages/airflow/example_dags/example_kubernetes_executor.py
[2023-07-30T20:40:32.642+0300] {processor.py:179} INFO - Processing /Users/olgastash/neoflex_env_airflow/lib/python3.10/site-packages/airflow/example_dags/example_kubernetes_executor.py took 0.942 seconds
[2023-07-30T20:44:49.209+0300] {processor.py:157} INFO - Started process (PID=33594) to work on /Users/olgastash/neoflex_env_airflow/lib/python3.10/site-packages/airflow/example_dags/example_kubernetes_executor.py
[2023-07-30T20:44:49.210+0300] {processor.py:826} INFO - Processing file /Users/olgastash/neoflex_env_airflow/lib/python3.10/site-packages/airflow/example_dags/example_kubernetes_executor.py for tasks to queue
[2023-07-30T20:44:49.211+0300] {logging_mixin.py:150} INFO - [2023-07-30T20:44:49.211+0300] {dagbag.py:541} INFO - Filling up the DagBag from /Users/olgastash/neoflex_env_airflow/lib/python3.10/site-packages/airflow/example_dags/example_kubernetes_executor.py
[2023-07-30T20:44:49.262+0300] {logging_mixin.py:150} INFO - [2023-07-30T20:44:49.261+0300] {example_kubernetes_executor.py:41} WARNING - The example_kubernetes_executor example DAG requires the kubernetes provider. Please install it with: pip install apache-airflow[cncf.kubernetes]
[2023-07-30T20:44:49.262+0300] {processor.py:838} WARNING - No viable dags retrieved from /Users/olgastash/neoflex_env_airflow/lib/python3.10/site-packages/airflow/example_dags/example_kubernetes_executor.py
[2023-07-30T20:44:50.121+0300] {processor.py:179} INFO - Processing /Users/olgastash/neoflex_env_airflow/lib/python3.10/site-packages/airflow/example_dags/example_kubernetes_executor.py took 0.913 seconds
[2023-07-30T20:49:07.708+0300] {processor.py:157} INFO - Started process (PID=33817) to work on /Users/olgastash/neoflex_env_airflow/lib/python3.10/site-packages/airflow/example_dags/example_kubernetes_executor.py
[2023-07-30T20:49:07.709+0300] {processor.py:826} INFO - Processing file /Users/olgastash/neoflex_env_airflow/lib/python3.10/site-packages/airflow/example_dags/example_kubernetes_executor.py for tasks to queue
[2023-07-30T20:49:07.710+0300] {logging_mixin.py:150} INFO - [2023-07-30T20:49:07.710+0300] {dagbag.py:541} INFO - Filling up the DagBag from /Users/olgastash/neoflex_env_airflow/lib/python3.10/site-packages/airflow/example_dags/example_kubernetes_executor.py
[2023-07-30T20:49:07.759+0300] {logging_mixin.py:150} INFO - [2023-07-30T20:49:07.759+0300] {example_kubernetes_executor.py:41} WARNING - The example_kubernetes_executor example DAG requires the kubernetes provider. Please install it with: pip install apache-airflow[cncf.kubernetes]
[2023-07-30T20:49:07.760+0300] {processor.py:838} WARNING - No viable dags retrieved from /Users/olgastash/neoflex_env_airflow/lib/python3.10/site-packages/airflow/example_dags/example_kubernetes_executor.py
[2023-07-30T20:49:08.656+0300] {processor.py:179} INFO - Processing /Users/olgastash/neoflex_env_airflow/lib/python3.10/site-packages/airflow/example_dags/example_kubernetes_executor.py took 0.949 seconds
[2023-07-30T20:53:37.378+0300] {processor.py:157} INFO - Started process (PID=34050) to work on /Users/olgastash/neoflex_env_airflow/lib/python3.10/site-packages/airflow/example_dags/example_kubernetes_executor.py
[2023-07-30T20:53:37.380+0300] {processor.py:826} INFO - Processing file /Users/olgastash/neoflex_env_airflow/lib/python3.10/site-packages/airflow/example_dags/example_kubernetes_executor.py for tasks to queue
[2023-07-30T20:53:37.380+0300] {logging_mixin.py:150} INFO - [2023-07-30T20:53:37.380+0300] {dagbag.py:541} INFO - Filling up the DagBag from /Users/olgastash/neoflex_env_airflow/lib/python3.10/site-packages/airflow/example_dags/example_kubernetes_executor.py
[2023-07-30T20:53:37.431+0300] {logging_mixin.py:150} INFO - [2023-07-30T20:53:37.431+0300] {example_kubernetes_executor.py:41} WARNING - The example_kubernetes_executor example DAG requires the kubernetes provider. Please install it with: pip install apache-airflow[cncf.kubernetes]
[2023-07-30T20:53:37.432+0300] {processor.py:838} WARNING - No viable dags retrieved from /Users/olgastash/neoflex_env_airflow/lib/python3.10/site-packages/airflow/example_dags/example_kubernetes_executor.py
[2023-07-30T20:53:38.366+0300] {processor.py:179} INFO - Processing /Users/olgastash/neoflex_env_airflow/lib/python3.10/site-packages/airflow/example_dags/example_kubernetes_executor.py took 0.989 seconds
[2023-07-30T20:58:01.101+0300] {processor.py:157} INFO - Started process (PID=34256) to work on /Users/olgastash/neoflex_env_airflow/lib/python3.10/site-packages/airflow/example_dags/example_kubernetes_executor.py
[2023-07-30T20:58:01.106+0300] {processor.py:826} INFO - Processing file /Users/olgastash/neoflex_env_airflow/lib/python3.10/site-packages/airflow/example_dags/example_kubernetes_executor.py for tasks to queue
[2023-07-30T20:58:01.107+0300] {logging_mixin.py:150} INFO - [2023-07-30T20:58:01.106+0300] {dagbag.py:541} INFO - Filling up the DagBag from /Users/olgastash/neoflex_env_airflow/lib/python3.10/site-packages/airflow/example_dags/example_kubernetes_executor.py
[2023-07-30T20:58:01.175+0300] {logging_mixin.py:150} INFO - [2023-07-30T20:58:01.175+0300] {example_kubernetes_executor.py:41} WARNING - The example_kubernetes_executor example DAG requires the kubernetes provider. Please install it with: pip install apache-airflow[cncf.kubernetes]
[2023-07-30T20:58:01.176+0300] {processor.py:838} WARNING - No viable dags retrieved from /Users/olgastash/neoflex_env_airflow/lib/python3.10/site-packages/airflow/example_dags/example_kubernetes_executor.py
[2023-07-30T20:58:02.318+0300] {processor.py:179} INFO - Processing /Users/olgastash/neoflex_env_airflow/lib/python3.10/site-packages/airflow/example_dags/example_kubernetes_executor.py took 1.218 seconds
[2023-07-30T21:02:31.776+0300] {processor.py:157} INFO - Started process (PID=34429) to work on /Users/olgastash/neoflex_env_airflow/lib/python3.10/site-packages/airflow/example_dags/example_kubernetes_executor.py
[2023-07-30T21:02:31.778+0300] {processor.py:826} INFO - Processing file /Users/olgastash/neoflex_env_airflow/lib/python3.10/site-packages/airflow/example_dags/example_kubernetes_executor.py for tasks to queue
[2023-07-30T21:02:31.779+0300] {logging_mixin.py:150} INFO - [2023-07-30T21:02:31.779+0300] {dagbag.py:541} INFO - Filling up the DagBag from /Users/olgastash/neoflex_env_airflow/lib/python3.10/site-packages/airflow/example_dags/example_kubernetes_executor.py
[2023-07-30T21:02:31.875+0300] {logging_mixin.py:150} INFO - [2023-07-30T21:02:31.875+0300] {example_kubernetes_executor.py:41} WARNING - The example_kubernetes_executor example DAG requires the kubernetes provider. Please install it with: pip install apache-airflow[cncf.kubernetes]
[2023-07-30T21:02:31.875+0300] {processor.py:838} WARNING - No viable dags retrieved from /Users/olgastash/neoflex_env_airflow/lib/python3.10/site-packages/airflow/example_dags/example_kubernetes_executor.py
[2023-07-30T21:02:32.992+0300] {processor.py:179} INFO - Processing /Users/olgastash/neoflex_env_airflow/lib/python3.10/site-packages/airflow/example_dags/example_kubernetes_executor.py took 1.217 seconds
[2023-07-30T21:07:08.291+0300] {processor.py:157} INFO - Started process (PID=34617) to work on /Users/olgastash/neoflex_env_airflow/lib/python3.10/site-packages/airflow/example_dags/example_kubernetes_executor.py
[2023-07-30T21:07:08.292+0300] {processor.py:826} INFO - Processing file /Users/olgastash/neoflex_env_airflow/lib/python3.10/site-packages/airflow/example_dags/example_kubernetes_executor.py for tasks to queue
[2023-07-30T21:07:08.293+0300] {logging_mixin.py:150} INFO - [2023-07-30T21:07:08.293+0300] {dagbag.py:541} INFO - Filling up the DagBag from /Users/olgastash/neoflex_env_airflow/lib/python3.10/site-packages/airflow/example_dags/example_kubernetes_executor.py
[2023-07-30T21:07:08.344+0300] {logging_mixin.py:150} INFO - [2023-07-30T21:07:08.344+0300] {example_kubernetes_executor.py:41} WARNING - The example_kubernetes_executor example DAG requires the kubernetes provider. Please install it with: pip install apache-airflow[cncf.kubernetes]
[2023-07-30T21:07:08.345+0300] {processor.py:838} WARNING - No viable dags retrieved from /Users/olgastash/neoflex_env_airflow/lib/python3.10/site-packages/airflow/example_dags/example_kubernetes_executor.py
[2023-07-30T21:07:09.228+0300] {processor.py:179} INFO - Processing /Users/olgastash/neoflex_env_airflow/lib/python3.10/site-packages/airflow/example_dags/example_kubernetes_executor.py took 0.938 seconds
[2023-07-30T21:11:32.107+0300] {processor.py:157} INFO - Started process (PID=34842) to work on /Users/olgastash/neoflex_env_airflow/lib/python3.10/site-packages/airflow/example_dags/example_kubernetes_executor.py
[2023-07-30T21:11:32.108+0300] {processor.py:826} INFO - Processing file /Users/olgastash/neoflex_env_airflow/lib/python3.10/site-packages/airflow/example_dags/example_kubernetes_executor.py for tasks to queue
[2023-07-30T21:11:32.109+0300] {logging_mixin.py:150} INFO - [2023-07-30T21:11:32.108+0300] {dagbag.py:541} INFO - Filling up the DagBag from /Users/olgastash/neoflex_env_airflow/lib/python3.10/site-packages/airflow/example_dags/example_kubernetes_executor.py
[2023-07-30T21:11:32.159+0300] {logging_mixin.py:150} INFO - [2023-07-30T21:11:32.158+0300] {example_kubernetes_executor.py:41} WARNING - The example_kubernetes_executor example DAG requires the kubernetes provider. Please install it with: pip install apache-airflow[cncf.kubernetes]
[2023-07-30T21:11:32.159+0300] {processor.py:838} WARNING - No viable dags retrieved from /Users/olgastash/neoflex_env_airflow/lib/python3.10/site-packages/airflow/example_dags/example_kubernetes_executor.py
[2023-07-30T21:11:33.038+0300] {processor.py:179} INFO - Processing /Users/olgastash/neoflex_env_airflow/lib/python3.10/site-packages/airflow/example_dags/example_kubernetes_executor.py took 0.932 seconds
[2023-07-30T21:16:12.758+0300] {processor.py:157} INFO - Started process (PID=35067) to work on /Users/olgastash/neoflex_env_airflow/lib/python3.10/site-packages/airflow/example_dags/example_kubernetes_executor.py
[2023-07-30T21:16:12.759+0300] {processor.py:826} INFO - Processing file /Users/olgastash/neoflex_env_airflow/lib/python3.10/site-packages/airflow/example_dags/example_kubernetes_executor.py for tasks to queue
[2023-07-30T21:16:12.760+0300] {logging_mixin.py:150} INFO - [2023-07-30T21:16:12.759+0300] {dagbag.py:541} INFO - Filling up the DagBag from /Users/olgastash/neoflex_env_airflow/lib/python3.10/site-packages/airflow/example_dags/example_kubernetes_executor.py
[2023-07-30T21:16:12.809+0300] {logging_mixin.py:150} INFO - [2023-07-30T21:16:12.809+0300] {example_kubernetes_executor.py:41} WARNING - The example_kubernetes_executor example DAG requires the kubernetes provider. Please install it with: pip install apache-airflow[cncf.kubernetes]
[2023-07-30T21:16:12.809+0300] {processor.py:838} WARNING - No viable dags retrieved from /Users/olgastash/neoflex_env_airflow/lib/python3.10/site-packages/airflow/example_dags/example_kubernetes_executor.py
[2023-07-30T21:16:13.699+0300] {processor.py:179} INFO - Processing /Users/olgastash/neoflex_env_airflow/lib/python3.10/site-packages/airflow/example_dags/example_kubernetes_executor.py took 0.942 seconds
[2023-07-30T21:20:41.541+0300] {processor.py:157} INFO - Started process (PID=35231) to work on /Users/olgastash/neoflex_env_airflow/lib/python3.10/site-packages/airflow/example_dags/example_kubernetes_executor.py
[2023-07-30T21:20:41.543+0300] {processor.py:826} INFO - Processing file /Users/olgastash/neoflex_env_airflow/lib/python3.10/site-packages/airflow/example_dags/example_kubernetes_executor.py for tasks to queue
[2023-07-30T21:20:41.543+0300] {logging_mixin.py:150} INFO - [2023-07-30T21:20:41.543+0300] {dagbag.py:541} INFO - Filling up the DagBag from /Users/olgastash/neoflex_env_airflow/lib/python3.10/site-packages/airflow/example_dags/example_kubernetes_executor.py
[2023-07-30T21:20:41.594+0300] {logging_mixin.py:150} INFO - [2023-07-30T21:20:41.593+0300] {example_kubernetes_executor.py:41} WARNING - The example_kubernetes_executor example DAG requires the kubernetes provider. Please install it with: pip install apache-airflow[cncf.kubernetes]
[2023-07-30T21:20:41.594+0300] {processor.py:838} WARNING - No viable dags retrieved from /Users/olgastash/neoflex_env_airflow/lib/python3.10/site-packages/airflow/example_dags/example_kubernetes_executor.py
[2023-07-30T21:20:42.489+0300] {processor.py:179} INFO - Processing /Users/olgastash/neoflex_env_airflow/lib/python3.10/site-packages/airflow/example_dags/example_kubernetes_executor.py took 0.948 seconds
[2023-07-30T21:24:57.972+0300] {processor.py:157} INFO - Started process (PID=35409) to work on /Users/olgastash/neoflex_env_airflow/lib/python3.10/site-packages/airflow/example_dags/example_kubernetes_executor.py
[2023-07-30T21:24:57.973+0300] {processor.py:826} INFO - Processing file /Users/olgastash/neoflex_env_airflow/lib/python3.10/site-packages/airflow/example_dags/example_kubernetes_executor.py for tasks to queue
[2023-07-30T21:24:57.973+0300] {logging_mixin.py:150} INFO - [2023-07-30T21:24:57.973+0300] {dagbag.py:541} INFO - Filling up the DagBag from /Users/olgastash/neoflex_env_airflow/lib/python3.10/site-packages/airflow/example_dags/example_kubernetes_executor.py
[2023-07-30T21:24:58.025+0300] {logging_mixin.py:150} INFO - [2023-07-30T21:24:58.025+0300] {example_kubernetes_executor.py:41} WARNING - The example_kubernetes_executor example DAG requires the kubernetes provider. Please install it with: pip install apache-airflow[cncf.kubernetes]
[2023-07-30T21:24:58.026+0300] {processor.py:838} WARNING - No viable dags retrieved from /Users/olgastash/neoflex_env_airflow/lib/python3.10/site-packages/airflow/example_dags/example_kubernetes_executor.py
[2023-07-30T21:24:58.913+0300] {processor.py:179} INFO - Processing /Users/olgastash/neoflex_env_airflow/lib/python3.10/site-packages/airflow/example_dags/example_kubernetes_executor.py took 0.942 seconds
[2023-07-30T21:29:22.589+0300] {processor.py:157} INFO - Started process (PID=35628) to work on /Users/olgastash/neoflex_env_airflow/lib/python3.10/site-packages/airflow/example_dags/example_kubernetes_executor.py
[2023-07-30T21:29:22.590+0300] {processor.py:826} INFO - Processing file /Users/olgastash/neoflex_env_airflow/lib/python3.10/site-packages/airflow/example_dags/example_kubernetes_executor.py for tasks to queue
[2023-07-30T21:29:22.591+0300] {logging_mixin.py:150} INFO - [2023-07-30T21:29:22.591+0300] {dagbag.py:541} INFO - Filling up the DagBag from /Users/olgastash/neoflex_env_airflow/lib/python3.10/site-packages/airflow/example_dags/example_kubernetes_executor.py
[2023-07-30T21:29:22.642+0300] {logging_mixin.py:150} INFO - [2023-07-30T21:29:22.642+0300] {example_kubernetes_executor.py:41} WARNING - The example_kubernetes_executor example DAG requires the kubernetes provider. Please install it with: pip install apache-airflow[cncf.kubernetes]
[2023-07-30T21:29:22.643+0300] {processor.py:838} WARNING - No viable dags retrieved from /Users/olgastash/neoflex_env_airflow/lib/python3.10/site-packages/airflow/example_dags/example_kubernetes_executor.py
[2023-07-30T21:29:23.516+0300] {processor.py:179} INFO - Processing /Users/olgastash/neoflex_env_airflow/lib/python3.10/site-packages/airflow/example_dags/example_kubernetes_executor.py took 0.928 seconds
[2023-07-30T21:33:32.880+0300] {processor.py:157} INFO - Started process (PID=35804) to work on /Users/olgastash/neoflex_env_airflow/lib/python3.10/site-packages/airflow/example_dags/example_kubernetes_executor.py
[2023-07-30T21:33:32.881+0300] {processor.py:826} INFO - Processing file /Users/olgastash/neoflex_env_airflow/lib/python3.10/site-packages/airflow/example_dags/example_kubernetes_executor.py for tasks to queue
[2023-07-30T21:33:32.882+0300] {logging_mixin.py:150} INFO - [2023-07-30T21:33:32.882+0300] {dagbag.py:541} INFO - Filling up the DagBag from /Users/olgastash/neoflex_env_airflow/lib/python3.10/site-packages/airflow/example_dags/example_kubernetes_executor.py
[2023-07-30T21:33:32.931+0300] {logging_mixin.py:150} INFO - [2023-07-30T21:33:32.931+0300] {example_kubernetes_executor.py:41} WARNING - The example_kubernetes_executor example DAG requires the kubernetes provider. Please install it with: pip install apache-airflow[cncf.kubernetes]
[2023-07-30T21:33:32.932+0300] {processor.py:838} WARNING - No viable dags retrieved from /Users/olgastash/neoflex_env_airflow/lib/python3.10/site-packages/airflow/example_dags/example_kubernetes_executor.py
[2023-07-30T21:33:33.799+0300] {processor.py:179} INFO - Processing /Users/olgastash/neoflex_env_airflow/lib/python3.10/site-packages/airflow/example_dags/example_kubernetes_executor.py took 0.919 seconds
[2023-07-30T21:37:54.817+0300] {processor.py:157} INFO - Started process (PID=36009) to work on /Users/olgastash/neoflex_env_airflow/lib/python3.10/site-packages/airflow/example_dags/example_kubernetes_executor.py
[2023-07-30T21:37:54.818+0300] {processor.py:826} INFO - Processing file /Users/olgastash/neoflex_env_airflow/lib/python3.10/site-packages/airflow/example_dags/example_kubernetes_executor.py for tasks to queue
[2023-07-30T21:37:54.818+0300] {logging_mixin.py:150} INFO - [2023-07-30T21:37:54.818+0300] {dagbag.py:541} INFO - Filling up the DagBag from /Users/olgastash/neoflex_env_airflow/lib/python3.10/site-packages/airflow/example_dags/example_kubernetes_executor.py
[2023-07-30T21:37:54.867+0300] {logging_mixin.py:150} INFO - [2023-07-30T21:37:54.867+0300] {example_kubernetes_executor.py:41} WARNING - The example_kubernetes_executor example DAG requires the kubernetes provider. Please install it with: pip install apache-airflow[cncf.kubernetes]
[2023-07-30T21:37:54.867+0300] {processor.py:838} WARNING - No viable dags retrieved from /Users/olgastash/neoflex_env_airflow/lib/python3.10/site-packages/airflow/example_dags/example_kubernetes_executor.py
[2023-07-30T21:37:55.731+0300] {processor.py:179} INFO - Processing /Users/olgastash/neoflex_env_airflow/lib/python3.10/site-packages/airflow/example_dags/example_kubernetes_executor.py took 0.915 seconds
[2023-07-30T21:42:13.174+0300] {processor.py:157} INFO - Started process (PID=36237) to work on /Users/olgastash/neoflex_env_airflow/lib/python3.10/site-packages/airflow/example_dags/example_kubernetes_executor.py
[2023-07-30T21:42:13.175+0300] {processor.py:826} INFO - Processing file /Users/olgastash/neoflex_env_airflow/lib/python3.10/site-packages/airflow/example_dags/example_kubernetes_executor.py for tasks to queue
[2023-07-30T21:42:13.175+0300] {logging_mixin.py:150} INFO - [2023-07-30T21:42:13.175+0300] {dagbag.py:541} INFO - Filling up the DagBag from /Users/olgastash/neoflex_env_airflow/lib/python3.10/site-packages/airflow/example_dags/example_kubernetes_executor.py
[2023-07-30T21:42:13.226+0300] {logging_mixin.py:150} INFO - [2023-07-30T21:42:13.226+0300] {example_kubernetes_executor.py:41} WARNING - The example_kubernetes_executor example DAG requires the kubernetes provider. Please install it with: pip install apache-airflow[cncf.kubernetes]
[2023-07-30T21:42:13.227+0300] {processor.py:838} WARNING - No viable dags retrieved from /Users/olgastash/neoflex_env_airflow/lib/python3.10/site-packages/airflow/example_dags/example_kubernetes_executor.py
[2023-07-30T21:42:14.222+0300] {processor.py:179} INFO - Processing /Users/olgastash/neoflex_env_airflow/lib/python3.10/site-packages/airflow/example_dags/example_kubernetes_executor.py took 1.049 seconds
[2023-07-30T21:46:34.900+0300] {processor.py:157} INFO - Started process (PID=36415) to work on /Users/olgastash/neoflex_env_airflow/lib/python3.10/site-packages/airflow/example_dags/example_kubernetes_executor.py
[2023-07-30T21:46:34.902+0300] {processor.py:826} INFO - Processing file /Users/olgastash/neoflex_env_airflow/lib/python3.10/site-packages/airflow/example_dags/example_kubernetes_executor.py for tasks to queue
[2023-07-30T21:46:34.903+0300] {logging_mixin.py:150} INFO - [2023-07-30T21:46:34.903+0300] {dagbag.py:541} INFO - Filling up the DagBag from /Users/olgastash/neoflex_env_airflow/lib/python3.10/site-packages/airflow/example_dags/example_kubernetes_executor.py
[2023-07-30T21:46:34.986+0300] {logging_mixin.py:150} INFO - [2023-07-30T21:46:34.986+0300] {example_kubernetes_executor.py:41} WARNING - The example_kubernetes_executor example DAG requires the kubernetes provider. Please install it with: pip install apache-airflow[cncf.kubernetes]
[2023-07-30T21:46:34.986+0300] {processor.py:838} WARNING - No viable dags retrieved from /Users/olgastash/neoflex_env_airflow/lib/python3.10/site-packages/airflow/example_dags/example_kubernetes_executor.py
[2023-07-30T21:46:35.883+0300] {processor.py:179} INFO - Processing /Users/olgastash/neoflex_env_airflow/lib/python3.10/site-packages/airflow/example_dags/example_kubernetes_executor.py took 0.984 seconds
[2023-07-30T21:50:54.126+0300] {processor.py:157} INFO - Started process (PID=36610) to work on /Users/olgastash/neoflex_env_airflow/lib/python3.10/site-packages/airflow/example_dags/example_kubernetes_executor.py
[2023-07-30T21:50:54.127+0300] {processor.py:826} INFO - Processing file /Users/olgastash/neoflex_env_airflow/lib/python3.10/site-packages/airflow/example_dags/example_kubernetes_executor.py for tasks to queue
[2023-07-30T21:50:54.127+0300] {logging_mixin.py:150} INFO - [2023-07-30T21:50:54.127+0300] {dagbag.py:541} INFO - Filling up the DagBag from /Users/olgastash/neoflex_env_airflow/lib/python3.10/site-packages/airflow/example_dags/example_kubernetes_executor.py
[2023-07-30T21:50:54.177+0300] {logging_mixin.py:150} INFO - [2023-07-30T21:50:54.177+0300] {example_kubernetes_executor.py:41} WARNING - The example_kubernetes_executor example DAG requires the kubernetes provider. Please install it with: pip install apache-airflow[cncf.kubernetes]
[2023-07-30T21:50:54.178+0300] {processor.py:838} WARNING - No viable dags retrieved from /Users/olgastash/neoflex_env_airflow/lib/python3.10/site-packages/airflow/example_dags/example_kubernetes_executor.py
[2023-07-30T21:50:55.058+0300] {processor.py:179} INFO - Processing /Users/olgastash/neoflex_env_airflow/lib/python3.10/site-packages/airflow/example_dags/example_kubernetes_executor.py took 0.933 seconds
[2023-07-30T21:55:13.091+0300] {processor.py:157} INFO - Started process (PID=36824) to work on /Users/olgastash/neoflex_env_airflow/lib/python3.10/site-packages/airflow/example_dags/example_kubernetes_executor.py
[2023-07-30T21:55:13.092+0300] {processor.py:826} INFO - Processing file /Users/olgastash/neoflex_env_airflow/lib/python3.10/site-packages/airflow/example_dags/example_kubernetes_executor.py for tasks to queue
[2023-07-30T21:55:13.093+0300] {logging_mixin.py:150} INFO - [2023-07-30T21:55:13.093+0300] {dagbag.py:541} INFO - Filling up the DagBag from /Users/olgastash/neoflex_env_airflow/lib/python3.10/site-packages/airflow/example_dags/example_kubernetes_executor.py
[2023-07-30T21:55:13.143+0300] {logging_mixin.py:150} INFO - [2023-07-30T21:55:13.143+0300] {example_kubernetes_executor.py:41} WARNING - The example_kubernetes_executor example DAG requires the kubernetes provider. Please install it with: pip install apache-airflow[cncf.kubernetes]
[2023-07-30T21:55:13.144+0300] {processor.py:838} WARNING - No viable dags retrieved from /Users/olgastash/neoflex_env_airflow/lib/python3.10/site-packages/airflow/example_dags/example_kubernetes_executor.py
[2023-07-30T21:55:14.030+0300] {processor.py:179} INFO - Processing /Users/olgastash/neoflex_env_airflow/lib/python3.10/site-packages/airflow/example_dags/example_kubernetes_executor.py took 0.940 seconds
[2023-07-30T21:59:36.152+0300] {processor.py:157} INFO - Started process (PID=37010) to work on /Users/olgastash/neoflex_env_airflow/lib/python3.10/site-packages/airflow/example_dags/example_kubernetes_executor.py
[2023-07-30T21:59:36.153+0300] {processor.py:826} INFO - Processing file /Users/olgastash/neoflex_env_airflow/lib/python3.10/site-packages/airflow/example_dags/example_kubernetes_executor.py for tasks to queue
[2023-07-30T21:59:36.154+0300] {logging_mixin.py:150} INFO - [2023-07-30T21:59:36.154+0300] {dagbag.py:541} INFO - Filling up the DagBag from /Users/olgastash/neoflex_env_airflow/lib/python3.10/site-packages/airflow/example_dags/example_kubernetes_executor.py
[2023-07-30T21:59:36.206+0300] {logging_mixin.py:150} INFO - [2023-07-30T21:59:36.206+0300] {example_kubernetes_executor.py:41} WARNING - The example_kubernetes_executor example DAG requires the kubernetes provider. Please install it with: pip install apache-airflow[cncf.kubernetes]
[2023-07-30T21:59:36.207+0300] {processor.py:838} WARNING - No viable dags retrieved from /Users/olgastash/neoflex_env_airflow/lib/python3.10/site-packages/airflow/example_dags/example_kubernetes_executor.py
[2023-07-30T21:59:37.089+0300] {processor.py:179} INFO - Processing /Users/olgastash/neoflex_env_airflow/lib/python3.10/site-packages/airflow/example_dags/example_kubernetes_executor.py took 0.937 seconds
[2023-07-30T22:04:04.657+0300] {processor.py:157} INFO - Started process (PID=37234) to work on /Users/olgastash/neoflex_env_airflow/lib/python3.10/site-packages/airflow/example_dags/example_kubernetes_executor.py
[2023-07-30T22:04:04.658+0300] {processor.py:826} INFO - Processing file /Users/olgastash/neoflex_env_airflow/lib/python3.10/site-packages/airflow/example_dags/example_kubernetes_executor.py for tasks to queue
[2023-07-30T22:04:04.659+0300] {logging_mixin.py:150} INFO - [2023-07-30T22:04:04.658+0300] {dagbag.py:541} INFO - Filling up the DagBag from /Users/olgastash/neoflex_env_airflow/lib/python3.10/site-packages/airflow/example_dags/example_kubernetes_executor.py
[2023-07-30T22:04:04.710+0300] {logging_mixin.py:150} INFO - [2023-07-30T22:04:04.710+0300] {example_kubernetes_executor.py:41} WARNING - The example_kubernetes_executor example DAG requires the kubernetes provider. Please install it with: pip install apache-airflow[cncf.kubernetes]
[2023-07-30T22:04:04.710+0300] {processor.py:838} WARNING - No viable dags retrieved from /Users/olgastash/neoflex_env_airflow/lib/python3.10/site-packages/airflow/example_dags/example_kubernetes_executor.py
[2023-07-30T22:04:05.588+0300] {processor.py:179} INFO - Processing /Users/olgastash/neoflex_env_airflow/lib/python3.10/site-packages/airflow/example_dags/example_kubernetes_executor.py took 0.932 seconds
[2023-07-30T22:08:35.187+0300] {processor.py:157} INFO - Started process (PID=37434) to work on /Users/olgastash/neoflex_env_airflow/lib/python3.10/site-packages/airflow/example_dags/example_kubernetes_executor.py
[2023-07-30T22:08:35.188+0300] {processor.py:826} INFO - Processing file /Users/olgastash/neoflex_env_airflow/lib/python3.10/site-packages/airflow/example_dags/example_kubernetes_executor.py for tasks to queue
[2023-07-30T22:08:35.189+0300] {logging_mixin.py:150} INFO - [2023-07-30T22:08:35.189+0300] {dagbag.py:541} INFO - Filling up the DagBag from /Users/olgastash/neoflex_env_airflow/lib/python3.10/site-packages/airflow/example_dags/example_kubernetes_executor.py
[2023-07-30T22:08:35.239+0300] {logging_mixin.py:150} INFO - [2023-07-30T22:08:35.238+0300] {example_kubernetes_executor.py:41} WARNING - The example_kubernetes_executor example DAG requires the kubernetes provider. Please install it with: pip install apache-airflow[cncf.kubernetes]
[2023-07-30T22:08:35.239+0300] {processor.py:838} WARNING - No viable dags retrieved from /Users/olgastash/neoflex_env_airflow/lib/python3.10/site-packages/airflow/example_dags/example_kubernetes_executor.py
[2023-07-30T22:08:36.114+0300] {processor.py:179} INFO - Processing /Users/olgastash/neoflex_env_airflow/lib/python3.10/site-packages/airflow/example_dags/example_kubernetes_executor.py took 0.927 seconds
[2023-07-30T22:13:03.543+0300] {processor.py:157} INFO - Started process (PID=37642) to work on /Users/olgastash/neoflex_env_airflow/lib/python3.10/site-packages/airflow/example_dags/example_kubernetes_executor.py
[2023-07-30T22:13:03.544+0300] {processor.py:826} INFO - Processing file /Users/olgastash/neoflex_env_airflow/lib/python3.10/site-packages/airflow/example_dags/example_kubernetes_executor.py for tasks to queue
[2023-07-30T22:13:03.544+0300] {logging_mixin.py:150} INFO - [2023-07-30T22:13:03.544+0300] {dagbag.py:541} INFO - Filling up the DagBag from /Users/olgastash/neoflex_env_airflow/lib/python3.10/site-packages/airflow/example_dags/example_kubernetes_executor.py
[2023-07-30T22:13:03.594+0300] {logging_mixin.py:150} INFO - [2023-07-30T22:13:03.594+0300] {example_kubernetes_executor.py:41} WARNING - The example_kubernetes_executor example DAG requires the kubernetes provider. Please install it with: pip install apache-airflow[cncf.kubernetes]
[2023-07-30T22:13:03.594+0300] {processor.py:838} WARNING - No viable dags retrieved from /Users/olgastash/neoflex_env_airflow/lib/python3.10/site-packages/airflow/example_dags/example_kubernetes_executor.py
[2023-07-30T22:13:04.483+0300] {processor.py:179} INFO - Processing /Users/olgastash/neoflex_env_airflow/lib/python3.10/site-packages/airflow/example_dags/example_kubernetes_executor.py took 0.941 seconds
[2023-07-30T22:17:33.244+0300] {processor.py:157} INFO - Started process (PID=37859) to work on /Users/olgastash/neoflex_env_airflow/lib/python3.10/site-packages/airflow/example_dags/example_kubernetes_executor.py
[2023-07-30T22:17:33.245+0300] {processor.py:826} INFO - Processing file /Users/olgastash/neoflex_env_airflow/lib/python3.10/site-packages/airflow/example_dags/example_kubernetes_executor.py for tasks to queue
[2023-07-30T22:17:33.246+0300] {logging_mixin.py:150} INFO - [2023-07-30T22:17:33.246+0300] {dagbag.py:541} INFO - Filling up the DagBag from /Users/olgastash/neoflex_env_airflow/lib/python3.10/site-packages/airflow/example_dags/example_kubernetes_executor.py
[2023-07-30T22:17:33.298+0300] {logging_mixin.py:150} INFO - [2023-07-30T22:17:33.298+0300] {example_kubernetes_executor.py:41} WARNING - The example_kubernetes_executor example DAG requires the kubernetes provider. Please install it with: pip install apache-airflow[cncf.kubernetes]
[2023-07-30T22:17:33.298+0300] {processor.py:838} WARNING - No viable dags retrieved from /Users/olgastash/neoflex_env_airflow/lib/python3.10/site-packages/airflow/example_dags/example_kubernetes_executor.py
[2023-07-30T22:17:34.321+0300] {processor.py:179} INFO - Processing /Users/olgastash/neoflex_env_airflow/lib/python3.10/site-packages/airflow/example_dags/example_kubernetes_executor.py took 1.077 seconds
[2023-07-30T22:22:02.834+0300] {processor.py:157} INFO - Started process (PID=38107) to work on /Users/olgastash/neoflex_env_airflow/lib/python3.10/site-packages/airflow/example_dags/example_kubernetes_executor.py
[2023-07-30T22:22:02.835+0300] {processor.py:826} INFO - Processing file /Users/olgastash/neoflex_env_airflow/lib/python3.10/site-packages/airflow/example_dags/example_kubernetes_executor.py for tasks to queue
[2023-07-30T22:22:02.836+0300] {logging_mixin.py:150} INFO - [2023-07-30T22:22:02.836+0300] {dagbag.py:541} INFO - Filling up the DagBag from /Users/olgastash/neoflex_env_airflow/lib/python3.10/site-packages/airflow/example_dags/example_kubernetes_executor.py
[2023-07-30T22:22:02.887+0300] {logging_mixin.py:150} INFO - [2023-07-30T22:22:02.887+0300] {example_kubernetes_executor.py:41} WARNING - The example_kubernetes_executor example DAG requires the kubernetes provider. Please install it with: pip install apache-airflow[cncf.kubernetes]
[2023-07-30T22:22:02.888+0300] {processor.py:838} WARNING - No viable dags retrieved from /Users/olgastash/neoflex_env_airflow/lib/python3.10/site-packages/airflow/example_dags/example_kubernetes_executor.py
[2023-07-30T22:22:03.786+0300] {processor.py:179} INFO - Processing /Users/olgastash/neoflex_env_airflow/lib/python3.10/site-packages/airflow/example_dags/example_kubernetes_executor.py took 0.953 seconds
[2023-07-30T22:26:32.047+0300] {processor.py:157} INFO - Started process (PID=38361) to work on /Users/olgastash/neoflex_env_airflow/lib/python3.10/site-packages/airflow/example_dags/example_kubernetes_executor.py
[2023-07-30T22:26:32.048+0300] {processor.py:826} INFO - Processing file /Users/olgastash/neoflex_env_airflow/lib/python3.10/site-packages/airflow/example_dags/example_kubernetes_executor.py for tasks to queue
[2023-07-30T22:26:32.049+0300] {logging_mixin.py:150} INFO - [2023-07-30T22:26:32.049+0300] {dagbag.py:541} INFO - Filling up the DagBag from /Users/olgastash/neoflex_env_airflow/lib/python3.10/site-packages/airflow/example_dags/example_kubernetes_executor.py
[2023-07-30T22:26:32.104+0300] {logging_mixin.py:150} INFO - [2023-07-30T22:26:32.104+0300] {example_kubernetes_executor.py:41} WARNING - The example_kubernetes_executor example DAG requires the kubernetes provider. Please install it with: pip install apache-airflow[cncf.kubernetes]
[2023-07-30T22:26:32.104+0300] {processor.py:838} WARNING - No viable dags retrieved from /Users/olgastash/neoflex_env_airflow/lib/python3.10/site-packages/airflow/example_dags/example_kubernetes_executor.py
[2023-07-30T22:26:33.005+0300] {processor.py:179} INFO - Processing /Users/olgastash/neoflex_env_airflow/lib/python3.10/site-packages/airflow/example_dags/example_kubernetes_executor.py took 0.958 seconds
[2023-07-30T22:31:02.461+0300] {processor.py:157} INFO - Started process (PID=38602) to work on /Users/olgastash/neoflex_env_airflow/lib/python3.10/site-packages/airflow/example_dags/example_kubernetes_executor.py
[2023-07-30T22:31:02.462+0300] {processor.py:826} INFO - Processing file /Users/olgastash/neoflex_env_airflow/lib/python3.10/site-packages/airflow/example_dags/example_kubernetes_executor.py for tasks to queue
[2023-07-30T22:31:02.462+0300] {logging_mixin.py:150} INFO - [2023-07-30T22:31:02.462+0300] {dagbag.py:541} INFO - Filling up the DagBag from /Users/olgastash/neoflex_env_airflow/lib/python3.10/site-packages/airflow/example_dags/example_kubernetes_executor.py
[2023-07-30T22:31:02.515+0300] {logging_mixin.py:150} INFO - [2023-07-30T22:31:02.515+0300] {example_kubernetes_executor.py:41} WARNING - The example_kubernetes_executor example DAG requires the kubernetes provider. Please install it with: pip install apache-airflow[cncf.kubernetes]
[2023-07-30T22:31:02.516+0300] {processor.py:838} WARNING - No viable dags retrieved from /Users/olgastash/neoflex_env_airflow/lib/python3.10/site-packages/airflow/example_dags/example_kubernetes_executor.py
[2023-07-30T22:31:03.425+0300] {processor.py:179} INFO - Processing /Users/olgastash/neoflex_env_airflow/lib/python3.10/site-packages/airflow/example_dags/example_kubernetes_executor.py took 0.965 seconds
[2023-07-30T22:35:29.026+0300] {processor.py:157} INFO - Started process (PID=38801) to work on /Users/olgastash/neoflex_env_airflow/lib/python3.10/site-packages/airflow/example_dags/example_kubernetes_executor.py
[2023-07-30T22:35:29.027+0300] {processor.py:826} INFO - Processing file /Users/olgastash/neoflex_env_airflow/lib/python3.10/site-packages/airflow/example_dags/example_kubernetes_executor.py for tasks to queue
[2023-07-30T22:35:29.027+0300] {logging_mixin.py:150} INFO - [2023-07-30T22:35:29.027+0300] {dagbag.py:541} INFO - Filling up the DagBag from /Users/olgastash/neoflex_env_airflow/lib/python3.10/site-packages/airflow/example_dags/example_kubernetes_executor.py
[2023-07-30T22:35:29.078+0300] {logging_mixin.py:150} INFO - [2023-07-30T22:35:29.078+0300] {example_kubernetes_executor.py:41} WARNING - The example_kubernetes_executor example DAG requires the kubernetes provider. Please install it with: pip install apache-airflow[cncf.kubernetes]
[2023-07-30T22:35:29.078+0300] {processor.py:838} WARNING - No viable dags retrieved from /Users/olgastash/neoflex_env_airflow/lib/python3.10/site-packages/airflow/example_dags/example_kubernetes_executor.py
[2023-07-30T22:35:29.964+0300] {processor.py:179} INFO - Processing /Users/olgastash/neoflex_env_airflow/lib/python3.10/site-packages/airflow/example_dags/example_kubernetes_executor.py took 0.939 seconds
[2023-07-30T22:39:53.326+0300] {processor.py:157} INFO - Started process (PID=39022) to work on /Users/olgastash/neoflex_env_airflow/lib/python3.10/site-packages/airflow/example_dags/example_kubernetes_executor.py
[2023-07-30T22:39:53.327+0300] {processor.py:826} INFO - Processing file /Users/olgastash/neoflex_env_airflow/lib/python3.10/site-packages/airflow/example_dags/example_kubernetes_executor.py for tasks to queue
[2023-07-30T22:39:53.327+0300] {logging_mixin.py:150} INFO - [2023-07-30T22:39:53.327+0300] {dagbag.py:541} INFO - Filling up the DagBag from /Users/olgastash/neoflex_env_airflow/lib/python3.10/site-packages/airflow/example_dags/example_kubernetes_executor.py
[2023-07-30T22:39:53.379+0300] {logging_mixin.py:150} INFO - [2023-07-30T22:39:53.379+0300] {example_kubernetes_executor.py:41} WARNING - The example_kubernetes_executor example DAG requires the kubernetes provider. Please install it with: pip install apache-airflow[cncf.kubernetes]
[2023-07-30T22:39:53.379+0300] {processor.py:838} WARNING - No viable dags retrieved from /Users/olgastash/neoflex_env_airflow/lib/python3.10/site-packages/airflow/example_dags/example_kubernetes_executor.py
[2023-07-30T22:39:54.274+0300] {processor.py:179} INFO - Processing /Users/olgastash/neoflex_env_airflow/lib/python3.10/site-packages/airflow/example_dags/example_kubernetes_executor.py took 0.949 seconds
[2023-07-30T22:44:18.696+0300] {processor.py:157} INFO - Started process (PID=39264) to work on /Users/olgastash/neoflex_env_airflow/lib/python3.10/site-packages/airflow/example_dags/example_kubernetes_executor.py
[2023-07-30T22:44:18.698+0300] {processor.py:826} INFO - Processing file /Users/olgastash/neoflex_env_airflow/lib/python3.10/site-packages/airflow/example_dags/example_kubernetes_executor.py for tasks to queue
[2023-07-30T22:44:18.698+0300] {logging_mixin.py:150} INFO - [2023-07-30T22:44:18.698+0300] {dagbag.py:541} INFO - Filling up the DagBag from /Users/olgastash/neoflex_env_airflow/lib/python3.10/site-packages/airflow/example_dags/example_kubernetes_executor.py
[2023-07-30T22:44:18.749+0300] {logging_mixin.py:150} INFO - [2023-07-30T22:44:18.749+0300] {example_kubernetes_executor.py:41} WARNING - The example_kubernetes_executor example DAG requires the kubernetes provider. Please install it with: pip install apache-airflow[cncf.kubernetes]
[2023-07-30T22:44:18.749+0300] {processor.py:838} WARNING - No viable dags retrieved from /Users/olgastash/neoflex_env_airflow/lib/python3.10/site-packages/airflow/example_dags/example_kubernetes_executor.py
[2023-07-30T22:44:19.666+0300] {processor.py:179} INFO - Processing /Users/olgastash/neoflex_env_airflow/lib/python3.10/site-packages/airflow/example_dags/example_kubernetes_executor.py took 0.970 seconds
[2023-07-30T22:48:46.823+0300] {processor.py:157} INFO - Started process (PID=39489) to work on /Users/olgastash/neoflex_env_airflow/lib/python3.10/site-packages/airflow/example_dags/example_kubernetes_executor.py
[2023-07-30T22:48:46.825+0300] {processor.py:826} INFO - Processing file /Users/olgastash/neoflex_env_airflow/lib/python3.10/site-packages/airflow/example_dags/example_kubernetes_executor.py for tasks to queue
[2023-07-30T22:48:46.826+0300] {logging_mixin.py:150} INFO - [2023-07-30T22:48:46.825+0300] {dagbag.py:541} INFO - Filling up the DagBag from /Users/olgastash/neoflex_env_airflow/lib/python3.10/site-packages/airflow/example_dags/example_kubernetes_executor.py
[2023-07-30T22:48:46.912+0300] {logging_mixin.py:150} INFO - [2023-07-30T22:48:46.912+0300] {example_kubernetes_executor.py:41} WARNING - The example_kubernetes_executor example DAG requires the kubernetes provider. Please install it with: pip install apache-airflow[cncf.kubernetes]
[2023-07-30T22:48:46.913+0300] {processor.py:838} WARNING - No viable dags retrieved from /Users/olgastash/neoflex_env_airflow/lib/python3.10/site-packages/airflow/example_dags/example_kubernetes_executor.py
[2023-07-30T22:48:47.926+0300] {processor.py:179} INFO - Processing /Users/olgastash/neoflex_env_airflow/lib/python3.10/site-packages/airflow/example_dags/example_kubernetes_executor.py took 1.105 seconds
[2023-07-30T22:53:18.105+0300] {processor.py:157} INFO - Started process (PID=39734) to work on /Users/olgastash/neoflex_env_airflow/lib/python3.10/site-packages/airflow/example_dags/example_kubernetes_executor.py
[2023-07-30T22:53:18.106+0300] {processor.py:826} INFO - Processing file /Users/olgastash/neoflex_env_airflow/lib/python3.10/site-packages/airflow/example_dags/example_kubernetes_executor.py for tasks to queue
[2023-07-30T22:53:18.107+0300] {logging_mixin.py:150} INFO - [2023-07-30T22:53:18.107+0300] {dagbag.py:541} INFO - Filling up the DagBag from /Users/olgastash/neoflex_env_airflow/lib/python3.10/site-packages/airflow/example_dags/example_kubernetes_executor.py
[2023-07-30T22:53:18.158+0300] {logging_mixin.py:150} INFO - [2023-07-30T22:53:18.157+0300] {example_kubernetes_executor.py:41} WARNING - The example_kubernetes_executor example DAG requires the kubernetes provider. Please install it with: pip install apache-airflow[cncf.kubernetes]
[2023-07-30T22:53:18.158+0300] {processor.py:838} WARNING - No viable dags retrieved from /Users/olgastash/neoflex_env_airflow/lib/python3.10/site-packages/airflow/example_dags/example_kubernetes_executor.py
[2023-07-30T22:53:19.043+0300] {processor.py:179} INFO - Processing /Users/olgastash/neoflex_env_airflow/lib/python3.10/site-packages/airflow/example_dags/example_kubernetes_executor.py took 0.938 seconds
[2023-07-30T22:57:51.398+0300] {processor.py:157} INFO - Started process (PID=39958) to work on /Users/olgastash/neoflex_env_airflow/lib/python3.10/site-packages/airflow/example_dags/example_kubernetes_executor.py
[2023-07-30T22:57:51.399+0300] {processor.py:826} INFO - Processing file /Users/olgastash/neoflex_env_airflow/lib/python3.10/site-packages/airflow/example_dags/example_kubernetes_executor.py for tasks to queue
[2023-07-30T22:57:51.399+0300] {logging_mixin.py:150} INFO - [2023-07-30T22:57:51.399+0300] {dagbag.py:541} INFO - Filling up the DagBag from /Users/olgastash/neoflex_env_airflow/lib/python3.10/site-packages/airflow/example_dags/example_kubernetes_executor.py
[2023-07-30T22:57:51.449+0300] {logging_mixin.py:150} INFO - [2023-07-30T22:57:51.449+0300] {example_kubernetes_executor.py:41} WARNING - The example_kubernetes_executor example DAG requires the kubernetes provider. Please install it with: pip install apache-airflow[cncf.kubernetes]
[2023-07-30T22:57:51.450+0300] {processor.py:838} WARNING - No viable dags retrieved from /Users/olgastash/neoflex_env_airflow/lib/python3.10/site-packages/airflow/example_dags/example_kubernetes_executor.py
[2023-07-30T22:57:52.323+0300] {processor.py:179} INFO - Processing /Users/olgastash/neoflex_env_airflow/lib/python3.10/site-packages/airflow/example_dags/example_kubernetes_executor.py took 0.926 seconds
[2023-07-30T23:02:23.364+0300] {processor.py:157} INFO - Started process (PID=40200) to work on /Users/olgastash/neoflex_env_airflow/lib/python3.10/site-packages/airflow/example_dags/example_kubernetes_executor.py
[2023-07-30T23:02:23.365+0300] {processor.py:826} INFO - Processing file /Users/olgastash/neoflex_env_airflow/lib/python3.10/site-packages/airflow/example_dags/example_kubernetes_executor.py for tasks to queue
[2023-07-30T23:02:23.366+0300] {logging_mixin.py:150} INFO - [2023-07-30T23:02:23.365+0300] {dagbag.py:541} INFO - Filling up the DagBag from /Users/olgastash/neoflex_env_airflow/lib/python3.10/site-packages/airflow/example_dags/example_kubernetes_executor.py
[2023-07-30T23:02:23.416+0300] {logging_mixin.py:150} INFO - [2023-07-30T23:02:23.416+0300] {example_kubernetes_executor.py:41} WARNING - The example_kubernetes_executor example DAG requires the kubernetes provider. Please install it with: pip install apache-airflow[cncf.kubernetes]
[2023-07-30T23:02:23.416+0300] {processor.py:838} WARNING - No viable dags retrieved from /Users/olgastash/neoflex_env_airflow/lib/python3.10/site-packages/airflow/example_dags/example_kubernetes_executor.py
[2023-07-30T23:02:24.318+0300] {processor.py:179} INFO - Processing /Users/olgastash/neoflex_env_airflow/lib/python3.10/site-packages/airflow/example_dags/example_kubernetes_executor.py took 0.955 seconds
