[2023-07-30T18:29:51.843+0300] {processor.py:157} INFO - Started process (PID=29007) to work on /Users/olgastash/neoflex_env_airflow/lib/python3.10/site-packages/airflow/example_dags/example_branch_labels.py
[2023-07-30T18:29:51.844+0300] {processor.py:826} INFO - Processing file /Users/olgastash/neoflex_env_airflow/lib/python3.10/site-packages/airflow/example_dags/example_branch_labels.py for tasks to queue
[2023-07-30T18:29:51.844+0300] {logging_mixin.py:150} INFO - [2023-07-30T18:29:51.844+0300] {dagbag.py:541} INFO - Filling up the DagBag from /Users/olgastash/neoflex_env_airflow/lib/python3.10/site-packages/airflow/example_dags/example_branch_labels.py
[2023-07-30T18:29:51.868+0300] {processor.py:836} INFO - DAG(s) dict_keys(['example_branch_labels']) retrieved from /Users/olgastash/neoflex_env_airflow/lib/python3.10/site-packages/airflow/example_dags/example_branch_labels.py
[2023-07-30T18:29:52.824+0300] {logging_mixin.py:150} INFO - [2023-07-30T18:29:52.824+0300] {manager.py:504} INFO - Created Permission View: can edit on DAG:example_branch_labels
[2023-07-30T18:29:52.833+0300] {logging_mixin.py:150} INFO - [2023-07-30T18:29:52.833+0300] {manager.py:504} INFO - Created Permission View: can read on DAG:example_branch_labels
[2023-07-30T18:29:52.839+0300] {logging_mixin.py:150} INFO - [2023-07-30T18:29:52.839+0300] {manager.py:504} INFO - Created Permission View: can delete on DAG:example_branch_labels
[2023-07-30T18:29:52.850+0300] {logging_mixin.py:150} INFO - [2023-07-30T18:29:52.850+0300] {dag.py:2742} INFO - Sync 1 DAGs
[2023-07-30T18:29:52.860+0300] {logging_mixin.py:150} INFO - [2023-07-30T18:29:52.859+0300] {dag.py:2763} INFO - Creating ORM DAG for example_branch_labels
[2023-07-30T18:29:52.870+0300] {logging_mixin.py:150} INFO - [2023-07-30T18:29:52.870+0300] {dag.py:3504} INFO - Setting next_dagrun for example_branch_labels to 2023-07-29T00:00:00+00:00, run_after=2023-07-30T00:00:00+00:00
[2023-07-30T18:29:52.887+0300] {processor.py:179} INFO - Processing /Users/olgastash/neoflex_env_airflow/lib/python3.10/site-packages/airflow/example_dags/example_branch_labels.py took 1.045 seconds
[2023-07-30T18:33:50.778+0300] {processor.py:157} INFO - Started process (PID=29162) to work on /Users/olgastash/neoflex_env_airflow/lib/python3.10/site-packages/airflow/example_dags/example_branch_labels.py
[2023-07-30T18:33:50.779+0300] {processor.py:826} INFO - Processing file /Users/olgastash/neoflex_env_airflow/lib/python3.10/site-packages/airflow/example_dags/example_branch_labels.py for tasks to queue
[2023-07-30T18:33:50.780+0300] {logging_mixin.py:150} INFO - [2023-07-30T18:33:50.780+0300] {dagbag.py:541} INFO - Filling up the DagBag from /Users/olgastash/neoflex_env_airflow/lib/python3.10/site-packages/airflow/example_dags/example_branch_labels.py
[2023-07-30T18:33:50.803+0300] {processor.py:836} INFO - DAG(s) dict_keys(['example_branch_labels']) retrieved from /Users/olgastash/neoflex_env_airflow/lib/python3.10/site-packages/airflow/example_dags/example_branch_labels.py
[2023-07-30T18:33:51.687+0300] {logging_mixin.py:150} INFO - [2023-07-30T18:33:51.687+0300] {dag.py:2742} INFO - Sync 1 DAGs
[2023-07-30T18:33:51.709+0300] {logging_mixin.py:150} INFO - [2023-07-30T18:33:51.709+0300] {dag.py:3504} INFO - Setting next_dagrun for example_branch_labels to 2023-07-29T00:00:00+00:00, run_after=2023-07-30T00:00:00+00:00
[2023-07-30T18:33:51.727+0300] {processor.py:179} INFO - Processing /Users/olgastash/neoflex_env_airflow/lib/python3.10/site-packages/airflow/example_dags/example_branch_labels.py took 0.950 seconds
[2023-07-30T18:37:43.218+0300] {processor.py:157} INFO - Started process (PID=29312) to work on /Users/olgastash/neoflex_env_airflow/lib/python3.10/site-packages/airflow/example_dags/example_branch_labels.py
[2023-07-30T18:37:43.220+0300] {processor.py:826} INFO - Processing file /Users/olgastash/neoflex_env_airflow/lib/python3.10/site-packages/airflow/example_dags/example_branch_labels.py for tasks to queue
[2023-07-30T18:37:43.220+0300] {logging_mixin.py:150} INFO - [2023-07-30T18:37:43.220+0300] {dagbag.py:541} INFO - Filling up the DagBag from /Users/olgastash/neoflex_env_airflow/lib/python3.10/site-packages/airflow/example_dags/example_branch_labels.py
[2023-07-30T18:37:43.243+0300] {processor.py:836} INFO - DAG(s) dict_keys(['example_branch_labels']) retrieved from /Users/olgastash/neoflex_env_airflow/lib/python3.10/site-packages/airflow/example_dags/example_branch_labels.py
[2023-07-30T18:37:44.100+0300] {logging_mixin.py:150} INFO - [2023-07-30T18:37:44.099+0300] {dag.py:2742} INFO - Sync 1 DAGs
[2023-07-30T18:37:44.121+0300] {logging_mixin.py:150} INFO - [2023-07-30T18:37:44.121+0300] {dag.py:3504} INFO - Setting next_dagrun for example_branch_labels to 2023-07-29T00:00:00+00:00, run_after=2023-07-30T00:00:00+00:00
[2023-07-30T18:37:44.138+0300] {processor.py:179} INFO - Processing /Users/olgastash/neoflex_env_airflow/lib/python3.10/site-packages/airflow/example_dags/example_branch_labels.py took 0.921 seconds
[2023-07-30T18:41:42.708+0300] {processor.py:157} INFO - Started process (PID=29485) to work on /Users/olgastash/neoflex_env_airflow/lib/python3.10/site-packages/airflow/example_dags/example_branch_labels.py
[2023-07-30T18:41:42.709+0300] {processor.py:826} INFO - Processing file /Users/olgastash/neoflex_env_airflow/lib/python3.10/site-packages/airflow/example_dags/example_branch_labels.py for tasks to queue
[2023-07-30T18:41:42.710+0300] {logging_mixin.py:150} INFO - [2023-07-30T18:41:42.710+0300] {dagbag.py:541} INFO - Filling up the DagBag from /Users/olgastash/neoflex_env_airflow/lib/python3.10/site-packages/airflow/example_dags/example_branch_labels.py
[2023-07-30T18:41:42.733+0300] {processor.py:836} INFO - DAG(s) dict_keys(['example_branch_labels']) retrieved from /Users/olgastash/neoflex_env_airflow/lib/python3.10/site-packages/airflow/example_dags/example_branch_labels.py
[2023-07-30T18:41:43.618+0300] {logging_mixin.py:150} INFO - [2023-07-30T18:41:43.618+0300] {dag.py:2742} INFO - Sync 1 DAGs
[2023-07-30T18:41:43.640+0300] {logging_mixin.py:150} INFO - [2023-07-30T18:41:43.639+0300] {dag.py:3504} INFO - Setting next_dagrun for example_branch_labels to 2023-07-29T00:00:00+00:00, run_after=2023-07-30T00:00:00+00:00
[2023-07-30T18:41:43.658+0300] {processor.py:179} INFO - Processing /Users/olgastash/neoflex_env_airflow/lib/python3.10/site-packages/airflow/example_dags/example_branch_labels.py took 0.950 seconds
[2023-07-30T18:45:35.018+0300] {processor.py:157} INFO - Started process (PID=29676) to work on /Users/olgastash/neoflex_env_airflow/lib/python3.10/site-packages/airflow/example_dags/example_branch_labels.py
[2023-07-30T18:45:35.019+0300] {processor.py:826} INFO - Processing file /Users/olgastash/neoflex_env_airflow/lib/python3.10/site-packages/airflow/example_dags/example_branch_labels.py for tasks to queue
[2023-07-30T18:45:35.019+0300] {logging_mixin.py:150} INFO - [2023-07-30T18:45:35.019+0300] {dagbag.py:541} INFO - Filling up the DagBag from /Users/olgastash/neoflex_env_airflow/lib/python3.10/site-packages/airflow/example_dags/example_branch_labels.py
[2023-07-30T18:45:35.043+0300] {processor.py:836} INFO - DAG(s) dict_keys(['example_branch_labels']) retrieved from /Users/olgastash/neoflex_env_airflow/lib/python3.10/site-packages/airflow/example_dags/example_branch_labels.py
[2023-07-30T18:45:35.903+0300] {logging_mixin.py:150} INFO - [2023-07-30T18:45:35.903+0300] {dag.py:2742} INFO - Sync 1 DAGs
[2023-07-30T18:45:35.923+0300] {logging_mixin.py:150} INFO - [2023-07-30T18:45:35.923+0300] {dag.py:3504} INFO - Setting next_dagrun for example_branch_labels to 2023-07-29T00:00:00+00:00, run_after=2023-07-30T00:00:00+00:00
[2023-07-30T18:45:35.942+0300] {processor.py:179} INFO - Processing /Users/olgastash/neoflex_env_airflow/lib/python3.10/site-packages/airflow/example_dags/example_branch_labels.py took 0.925 seconds
[2023-07-30T18:49:26.071+0300] {processor.py:157} INFO - Started process (PID=29902) to work on /Users/olgastash/neoflex_env_airflow/lib/python3.10/site-packages/airflow/example_dags/example_branch_labels.py
[2023-07-30T18:49:26.072+0300] {processor.py:826} INFO - Processing file /Users/olgastash/neoflex_env_airflow/lib/python3.10/site-packages/airflow/example_dags/example_branch_labels.py for tasks to queue
[2023-07-30T18:49:26.073+0300] {logging_mixin.py:150} INFO - [2023-07-30T18:49:26.073+0300] {dagbag.py:541} INFO - Filling up the DagBag from /Users/olgastash/neoflex_env_airflow/lib/python3.10/site-packages/airflow/example_dags/example_branch_labels.py
[2023-07-30T18:49:26.097+0300] {processor.py:836} INFO - DAG(s) dict_keys(['example_branch_labels']) retrieved from /Users/olgastash/neoflex_env_airflow/lib/python3.10/site-packages/airflow/example_dags/example_branch_labels.py
[2023-07-30T18:49:26.983+0300] {logging_mixin.py:150} INFO - [2023-07-30T18:49:26.983+0300] {dag.py:2742} INFO - Sync 1 DAGs
[2023-07-30T18:49:27.005+0300] {logging_mixin.py:150} INFO - [2023-07-30T18:49:27.004+0300] {dag.py:3504} INFO - Setting next_dagrun for example_branch_labels to 2023-07-29T00:00:00+00:00, run_after=2023-07-30T00:00:00+00:00
[2023-07-30T18:49:27.023+0300] {processor.py:179} INFO - Processing /Users/olgastash/neoflex_env_airflow/lib/python3.10/site-packages/airflow/example_dags/example_branch_labels.py took 0.952 seconds
[2023-07-30T18:53:19.114+0300] {processor.py:157} INFO - Started process (PID=30087) to work on /Users/olgastash/neoflex_env_airflow/lib/python3.10/site-packages/airflow/example_dags/example_branch_labels.py
[2023-07-30T18:53:19.115+0300] {processor.py:826} INFO - Processing file /Users/olgastash/neoflex_env_airflow/lib/python3.10/site-packages/airflow/example_dags/example_branch_labels.py for tasks to queue
[2023-07-30T18:53:19.116+0300] {logging_mixin.py:150} INFO - [2023-07-30T18:53:19.116+0300] {dagbag.py:541} INFO - Filling up the DagBag from /Users/olgastash/neoflex_env_airflow/lib/python3.10/site-packages/airflow/example_dags/example_branch_labels.py
[2023-07-30T18:53:19.138+0300] {processor.py:836} INFO - DAG(s) dict_keys(['example_branch_labels']) retrieved from /Users/olgastash/neoflex_env_airflow/lib/python3.10/site-packages/airflow/example_dags/example_branch_labels.py
[2023-07-30T18:53:19.992+0300] {logging_mixin.py:150} INFO - [2023-07-30T18:53:19.992+0300] {dag.py:2742} INFO - Sync 1 DAGs
[2023-07-30T18:53:20.013+0300] {logging_mixin.py:150} INFO - [2023-07-30T18:53:20.012+0300] {dag.py:3504} INFO - Setting next_dagrun for example_branch_labels to 2023-07-29T00:00:00+00:00, run_after=2023-07-30T00:00:00+00:00
[2023-07-30T18:53:20.032+0300] {processor.py:179} INFO - Processing /Users/olgastash/neoflex_env_airflow/lib/python3.10/site-packages/airflow/example_dags/example_branch_labels.py took 0.918 seconds
[2023-07-30T18:57:04.942+0300] {processor.py:157} INFO - Started process (PID=30293) to work on /Users/olgastash/neoflex_env_airflow/lib/python3.10/site-packages/airflow/example_dags/example_branch_labels.py
[2023-07-30T18:57:04.943+0300] {processor.py:826} INFO - Processing file /Users/olgastash/neoflex_env_airflow/lib/python3.10/site-packages/airflow/example_dags/example_branch_labels.py for tasks to queue
[2023-07-30T18:57:04.944+0300] {logging_mixin.py:150} INFO - [2023-07-30T18:57:04.944+0300] {dagbag.py:541} INFO - Filling up the DagBag from /Users/olgastash/neoflex_env_airflow/lib/python3.10/site-packages/airflow/example_dags/example_branch_labels.py
[2023-07-30T18:57:04.967+0300] {processor.py:836} INFO - DAG(s) dict_keys(['example_branch_labels']) retrieved from /Users/olgastash/neoflex_env_airflow/lib/python3.10/site-packages/airflow/example_dags/example_branch_labels.py
[2023-07-30T18:57:05.810+0300] {logging_mixin.py:150} INFO - [2023-07-30T18:57:05.810+0300] {dag.py:2742} INFO - Sync 1 DAGs
[2023-07-30T18:57:05.831+0300] {logging_mixin.py:150} INFO - [2023-07-30T18:57:05.831+0300] {dag.py:3504} INFO - Setting next_dagrun for example_branch_labels to 2023-07-29T00:00:00+00:00, run_after=2023-07-30T00:00:00+00:00
[2023-07-30T18:57:05.850+0300] {processor.py:179} INFO - Processing /Users/olgastash/neoflex_env_airflow/lib/python3.10/site-packages/airflow/example_dags/example_branch_labels.py took 0.908 seconds
[2023-07-30T19:01:05.171+0300] {processor.py:157} INFO - Started process (PID=30464) to work on /Users/olgastash/neoflex_env_airflow/lib/python3.10/site-packages/airflow/example_dags/example_branch_labels.py
[2023-07-30T19:01:05.172+0300] {processor.py:826} INFO - Processing file /Users/olgastash/neoflex_env_airflow/lib/python3.10/site-packages/airflow/example_dags/example_branch_labels.py for tasks to queue
[2023-07-30T19:01:05.173+0300] {logging_mixin.py:150} INFO - [2023-07-30T19:01:05.173+0300] {dagbag.py:541} INFO - Filling up the DagBag from /Users/olgastash/neoflex_env_airflow/lib/python3.10/site-packages/airflow/example_dags/example_branch_labels.py
[2023-07-30T19:01:05.197+0300] {processor.py:836} INFO - DAG(s) dict_keys(['example_branch_labels']) retrieved from /Users/olgastash/neoflex_env_airflow/lib/python3.10/site-packages/airflow/example_dags/example_branch_labels.py
[2023-07-30T19:01:06.188+0300] {logging_mixin.py:150} INFO - [2023-07-30T19:01:06.188+0300] {dag.py:2742} INFO - Sync 1 DAGs
[2023-07-30T19:01:06.209+0300] {logging_mixin.py:150} INFO - [2023-07-30T19:01:06.209+0300] {dag.py:3504} INFO - Setting next_dagrun for example_branch_labels to 2023-07-29T00:00:00+00:00, run_after=2023-07-30T00:00:00+00:00
[2023-07-30T19:01:06.231+0300] {processor.py:179} INFO - Processing /Users/olgastash/neoflex_env_airflow/lib/python3.10/site-packages/airflow/example_dags/example_branch_labels.py took 1.060 seconds
[2023-07-30T19:05:17.328+0300] {processor.py:157} INFO - Started process (PID=30630) to work on /Users/olgastash/neoflex_env_airflow/lib/python3.10/site-packages/airflow/example_dags/example_branch_labels.py
[2023-07-30T19:05:17.329+0300] {processor.py:826} INFO - Processing file /Users/olgastash/neoflex_env_airflow/lib/python3.10/site-packages/airflow/example_dags/example_branch_labels.py for tasks to queue
[2023-07-30T19:05:17.330+0300] {logging_mixin.py:150} INFO - [2023-07-30T19:05:17.330+0300] {dagbag.py:541} INFO - Filling up the DagBag from /Users/olgastash/neoflex_env_airflow/lib/python3.10/site-packages/airflow/example_dags/example_branch_labels.py
[2023-07-30T19:05:17.353+0300] {processor.py:836} INFO - DAG(s) dict_keys(['example_branch_labels']) retrieved from /Users/olgastash/neoflex_env_airflow/lib/python3.10/site-packages/airflow/example_dags/example_branch_labels.py
[2023-07-30T19:05:18.308+0300] {logging_mixin.py:150} INFO - [2023-07-30T19:05:18.308+0300] {dag.py:2742} INFO - Sync 1 DAGs
[2023-07-30T19:05:18.328+0300] {logging_mixin.py:150} INFO - [2023-07-30T19:05:18.328+0300] {dag.py:3504} INFO - Setting next_dagrun for example_branch_labels to 2023-07-29T00:00:00+00:00, run_after=2023-07-30T00:00:00+00:00
[2023-07-30T19:05:18.349+0300] {processor.py:179} INFO - Processing /Users/olgastash/neoflex_env_airflow/lib/python3.10/site-packages/airflow/example_dags/example_branch_labels.py took 1.021 seconds
[2023-07-30T19:09:08.306+0300] {processor.py:157} INFO - Started process (PID=30760) to work on /Users/olgastash/neoflex_env_airflow/lib/python3.10/site-packages/airflow/example_dags/example_branch_labels.py
[2023-07-30T19:09:08.307+0300] {processor.py:826} INFO - Processing file /Users/olgastash/neoflex_env_airflow/lib/python3.10/site-packages/airflow/example_dags/example_branch_labels.py for tasks to queue
[2023-07-30T19:09:08.307+0300] {logging_mixin.py:150} INFO - [2023-07-30T19:09:08.307+0300] {dagbag.py:541} INFO - Filling up the DagBag from /Users/olgastash/neoflex_env_airflow/lib/python3.10/site-packages/airflow/example_dags/example_branch_labels.py
[2023-07-30T19:09:08.330+0300] {processor.py:836} INFO - DAG(s) dict_keys(['example_branch_labels']) retrieved from /Users/olgastash/neoflex_env_airflow/lib/python3.10/site-packages/airflow/example_dags/example_branch_labels.py
[2023-07-30T19:09:09.293+0300] {logging_mixin.py:150} INFO - [2023-07-30T19:09:09.293+0300] {dag.py:2742} INFO - Sync 1 DAGs
[2023-07-30T19:09:09.312+0300] {logging_mixin.py:150} INFO - [2023-07-30T19:09:09.312+0300] {dag.py:3504} INFO - Setting next_dagrun for example_branch_labels to 2023-07-29T00:00:00+00:00, run_after=2023-07-30T00:00:00+00:00
[2023-07-30T19:09:09.334+0300] {processor.py:179} INFO - Processing /Users/olgastash/neoflex_env_airflow/lib/python3.10/site-packages/airflow/example_dags/example_branch_labels.py took 1.029 seconds
[2023-07-30T19:13:27.252+0300] {processor.py:157} INFO - Started process (PID=30922) to work on /Users/olgastash/neoflex_env_airflow/lib/python3.10/site-packages/airflow/example_dags/example_branch_labels.py
[2023-07-30T19:13:27.253+0300] {processor.py:826} INFO - Processing file /Users/olgastash/neoflex_env_airflow/lib/python3.10/site-packages/airflow/example_dags/example_branch_labels.py for tasks to queue
[2023-07-30T19:13:27.254+0300] {logging_mixin.py:150} INFO - [2023-07-30T19:13:27.254+0300] {dagbag.py:541} INFO - Filling up the DagBag from /Users/olgastash/neoflex_env_airflow/lib/python3.10/site-packages/airflow/example_dags/example_branch_labels.py
[2023-07-30T19:13:27.278+0300] {processor.py:836} INFO - DAG(s) dict_keys(['example_branch_labels']) retrieved from /Users/olgastash/neoflex_env_airflow/lib/python3.10/site-packages/airflow/example_dags/example_branch_labels.py
[2023-07-30T19:13:28.155+0300] {logging_mixin.py:150} INFO - [2023-07-30T19:13:28.155+0300] {dag.py:2742} INFO - Sync 1 DAGs
[2023-07-30T19:13:28.177+0300] {logging_mixin.py:150} INFO - [2023-07-30T19:13:28.177+0300] {dag.py:3504} INFO - Setting next_dagrun for example_branch_labels to 2023-07-29T00:00:00+00:00, run_after=2023-07-30T00:00:00+00:00
[2023-07-30T19:13:28.195+0300] {processor.py:179} INFO - Processing /Users/olgastash/neoflex_env_airflow/lib/python3.10/site-packages/airflow/example_dags/example_branch_labels.py took 0.943 seconds
[2023-07-30T19:17:28.712+0300] {processor.py:157} INFO - Started process (PID=31123) to work on /Users/olgastash/neoflex_env_airflow/lib/python3.10/site-packages/airflow/example_dags/example_branch_labels.py
[2023-07-30T19:17:28.713+0300] {processor.py:826} INFO - Processing file /Users/olgastash/neoflex_env_airflow/lib/python3.10/site-packages/airflow/example_dags/example_branch_labels.py for tasks to queue
[2023-07-30T19:17:28.713+0300] {logging_mixin.py:150} INFO - [2023-07-30T19:17:28.713+0300] {dagbag.py:541} INFO - Filling up the DagBag from /Users/olgastash/neoflex_env_airflow/lib/python3.10/site-packages/airflow/example_dags/example_branch_labels.py
[2023-07-30T19:17:28.736+0300] {processor.py:836} INFO - DAG(s) dict_keys(['example_branch_labels']) retrieved from /Users/olgastash/neoflex_env_airflow/lib/python3.10/site-packages/airflow/example_dags/example_branch_labels.py
[2023-07-30T19:17:29.722+0300] {logging_mixin.py:150} INFO - [2023-07-30T19:17:29.722+0300] {dag.py:2742} INFO - Sync 1 DAGs
[2023-07-30T19:17:29.742+0300] {logging_mixin.py:150} INFO - [2023-07-30T19:17:29.742+0300] {dag.py:3504} INFO - Setting next_dagrun for example_branch_labels to 2023-07-29T00:00:00+00:00, run_after=2023-07-30T00:00:00+00:00
[2023-07-30T19:17:29.764+0300] {processor.py:179} INFO - Processing /Users/olgastash/neoflex_env_airflow/lib/python3.10/site-packages/airflow/example_dags/example_branch_labels.py took 1.053 seconds
[2023-07-30T19:21:48.294+0300] {processor.py:157} INFO - Started process (PID=31281) to work on /Users/olgastash/neoflex_env_airflow/lib/python3.10/site-packages/airflow/example_dags/example_branch_labels.py
[2023-07-30T19:21:48.295+0300] {processor.py:826} INFO - Processing file /Users/olgastash/neoflex_env_airflow/lib/python3.10/site-packages/airflow/example_dags/example_branch_labels.py for tasks to queue
[2023-07-30T19:21:48.296+0300] {logging_mixin.py:150} INFO - [2023-07-30T19:21:48.296+0300] {dagbag.py:541} INFO - Filling up the DagBag from /Users/olgastash/neoflex_env_airflow/lib/python3.10/site-packages/airflow/example_dags/example_branch_labels.py
[2023-07-30T19:21:48.319+0300] {processor.py:836} INFO - DAG(s) dict_keys(['example_branch_labels']) retrieved from /Users/olgastash/neoflex_env_airflow/lib/python3.10/site-packages/airflow/example_dags/example_branch_labels.py
[2023-07-30T19:21:49.267+0300] {logging_mixin.py:150} INFO - [2023-07-30T19:21:49.266+0300] {dag.py:2742} INFO - Sync 1 DAGs
[2023-07-30T19:21:49.286+0300] {logging_mixin.py:150} INFO - [2023-07-30T19:21:49.286+0300] {dag.py:3504} INFO - Setting next_dagrun for example_branch_labels to 2023-07-29T00:00:00+00:00, run_after=2023-07-30T00:00:00+00:00
[2023-07-30T19:21:49.308+0300] {processor.py:179} INFO - Processing /Users/olgastash/neoflex_env_airflow/lib/python3.10/site-packages/airflow/example_dags/example_branch_labels.py took 1.014 seconds
[2023-07-30T19:25:50.587+0300] {processor.py:157} INFO - Started process (PID=31426) to work on /Users/olgastash/neoflex_env_airflow/lib/python3.10/site-packages/airflow/example_dags/example_branch_labels.py
[2023-07-30T19:25:50.589+0300] {processor.py:826} INFO - Processing file /Users/olgastash/neoflex_env_airflow/lib/python3.10/site-packages/airflow/example_dags/example_branch_labels.py for tasks to queue
[2023-07-30T19:25:50.589+0300] {logging_mixin.py:150} INFO - [2023-07-30T19:25:50.589+0300] {dagbag.py:541} INFO - Filling up the DagBag from /Users/olgastash/neoflex_env_airflow/lib/python3.10/site-packages/airflow/example_dags/example_branch_labels.py
[2023-07-30T19:25:50.613+0300] {processor.py:836} INFO - DAG(s) dict_keys(['example_branch_labels']) retrieved from /Users/olgastash/neoflex_env_airflow/lib/python3.10/site-packages/airflow/example_dags/example_branch_labels.py
[2023-07-30T19:25:51.580+0300] {logging_mixin.py:150} INFO - [2023-07-30T19:25:51.580+0300] {dag.py:2742} INFO - Sync 1 DAGs
[2023-07-30T19:25:51.601+0300] {logging_mixin.py:150} INFO - [2023-07-30T19:25:51.600+0300] {dag.py:3504} INFO - Setting next_dagrun for example_branch_labels to 2023-07-29T00:00:00+00:00, run_after=2023-07-30T00:00:00+00:00
[2023-07-30T19:25:51.623+0300] {processor.py:179} INFO - Processing /Users/olgastash/neoflex_env_airflow/lib/python3.10/site-packages/airflow/example_dags/example_branch_labels.py took 1.036 seconds
[2023-07-30T19:59:17.808+0300] {processor.py:157} INFO - Started process (PID=31616) to work on /Users/olgastash/neoflex_env_airflow/lib/python3.10/site-packages/airflow/example_dags/example_branch_labels.py
[2023-07-30T19:59:17.812+0300] {processor.py:826} INFO - Processing file /Users/olgastash/neoflex_env_airflow/lib/python3.10/site-packages/airflow/example_dags/example_branch_labels.py for tasks to queue
[2023-07-30T19:59:17.814+0300] {logging_mixin.py:150} INFO - [2023-07-30T19:59:17.813+0300] {dagbag.py:541} INFO - Filling up the DagBag from /Users/olgastash/neoflex_env_airflow/lib/python3.10/site-packages/airflow/example_dags/example_branch_labels.py
[2023-07-30T19:59:17.887+0300] {processor.py:836} INFO - DAG(s) dict_keys(['example_branch_labels']) retrieved from /Users/olgastash/neoflex_env_airflow/lib/python3.10/site-packages/airflow/example_dags/example_branch_labels.py
[2023-07-30T19:59:20.913+0300] {logging_mixin.py:150} INFO - [2023-07-30T19:59:20.912+0300] {dag.py:2742} INFO - Sync 1 DAGs
[2023-07-30T19:59:20.974+0300] {logging_mixin.py:150} INFO - [2023-07-30T19:59:20.974+0300] {dag.py:3504} INFO - Setting next_dagrun for example_branch_labels to 2023-07-29T00:00:00+00:00, run_after=2023-07-30T00:00:00+00:00
[2023-07-30T19:59:21.042+0300] {processor.py:179} INFO - Processing /Users/olgastash/neoflex_env_airflow/lib/python3.10/site-packages/airflow/example_dags/example_branch_labels.py took 3.236 seconds
[2023-07-30T20:14:27.920+0300] {processor.py:157} INFO - Started process (PID=31926) to work on /Users/olgastash/neoflex_env_airflow/lib/python3.10/site-packages/airflow/example_dags/example_branch_labels.py
[2023-07-30T20:14:27.921+0300] {processor.py:826} INFO - Processing file /Users/olgastash/neoflex_env_airflow/lib/python3.10/site-packages/airflow/example_dags/example_branch_labels.py for tasks to queue
[2023-07-30T20:14:27.922+0300] {logging_mixin.py:150} INFO - [2023-07-30T20:14:27.922+0300] {dagbag.py:541} INFO - Filling up the DagBag from /Users/olgastash/neoflex_env_airflow/lib/python3.10/site-packages/airflow/example_dags/example_branch_labels.py
[2023-07-30T20:14:27.946+0300] {processor.py:836} INFO - DAG(s) dict_keys(['example_branch_labels']) retrieved from /Users/olgastash/neoflex_env_airflow/lib/python3.10/site-packages/airflow/example_dags/example_branch_labels.py
[2023-07-30T20:14:28.935+0300] {logging_mixin.py:150} INFO - [2023-07-30T20:14:28.934+0300] {dag.py:2742} INFO - Sync 1 DAGs
[2023-07-30T20:14:28.955+0300] {logging_mixin.py:150} INFO - [2023-07-30T20:14:28.955+0300] {dag.py:3504} INFO - Setting next_dagrun for example_branch_labels to 2023-07-29T00:00:00+00:00, run_after=2023-07-30T00:00:00+00:00
[2023-07-30T20:14:28.978+0300] {processor.py:179} INFO - Processing /Users/olgastash/neoflex_env_airflow/lib/python3.10/site-packages/airflow/example_dags/example_branch_labels.py took 1.058 seconds
[2023-07-30T20:18:48.285+0300] {processor.py:157} INFO - Started process (PID=32146) to work on /Users/olgastash/neoflex_env_airflow/lib/python3.10/site-packages/airflow/example_dags/example_branch_labels.py
[2023-07-30T20:18:48.287+0300] {processor.py:826} INFO - Processing file /Users/olgastash/neoflex_env_airflow/lib/python3.10/site-packages/airflow/example_dags/example_branch_labels.py for tasks to queue
[2023-07-30T20:18:48.288+0300] {logging_mixin.py:150} INFO - [2023-07-30T20:18:48.287+0300] {dagbag.py:541} INFO - Filling up the DagBag from /Users/olgastash/neoflex_env_airflow/lib/python3.10/site-packages/airflow/example_dags/example_branch_labels.py
[2023-07-30T20:18:48.311+0300] {processor.py:836} INFO - DAG(s) dict_keys(['example_branch_labels']) retrieved from /Users/olgastash/neoflex_env_airflow/lib/python3.10/site-packages/airflow/example_dags/example_branch_labels.py
[2023-07-30T20:18:49.266+0300] {logging_mixin.py:150} INFO - [2023-07-30T20:18:49.265+0300] {dag.py:2742} INFO - Sync 1 DAGs
[2023-07-30T20:18:49.285+0300] {logging_mixin.py:150} INFO - [2023-07-30T20:18:49.285+0300] {dag.py:3504} INFO - Setting next_dagrun for example_branch_labels to 2023-07-29T00:00:00+00:00, run_after=2023-07-30T00:00:00+00:00
[2023-07-30T20:18:49.307+0300] {processor.py:179} INFO - Processing /Users/olgastash/neoflex_env_airflow/lib/python3.10/site-packages/airflow/example_dags/example_branch_labels.py took 1.023 seconds
[2023-07-30T20:23:23.096+0300] {processor.py:157} INFO - Started process (PID=32423) to work on /Users/olgastash/neoflex_env_airflow/lib/python3.10/site-packages/airflow/example_dags/example_branch_labels.py
[2023-07-30T20:23:23.098+0300] {processor.py:826} INFO - Processing file /Users/olgastash/neoflex_env_airflow/lib/python3.10/site-packages/airflow/example_dags/example_branch_labels.py for tasks to queue
[2023-07-30T20:23:23.099+0300] {logging_mixin.py:150} INFO - [2023-07-30T20:23:23.099+0300] {dagbag.py:541} INFO - Filling up the DagBag from /Users/olgastash/neoflex_env_airflow/lib/python3.10/site-packages/airflow/example_dags/example_branch_labels.py
[2023-07-30T20:23:23.122+0300] {processor.py:836} INFO - DAG(s) dict_keys(['example_branch_labels']) retrieved from /Users/olgastash/neoflex_env_airflow/lib/python3.10/site-packages/airflow/example_dags/example_branch_labels.py
[2023-07-30T20:23:24.130+0300] {logging_mixin.py:150} INFO - [2023-07-30T20:23:24.130+0300] {dag.py:2742} INFO - Sync 1 DAGs
[2023-07-30T20:23:24.153+0300] {logging_mixin.py:150} INFO - [2023-07-30T20:23:24.153+0300] {dag.py:3504} INFO - Setting next_dagrun for example_branch_labels to 2023-07-29T00:00:00+00:00, run_after=2023-07-30T00:00:00+00:00
[2023-07-30T20:23:24.174+0300] {processor.py:179} INFO - Processing /Users/olgastash/neoflex_env_airflow/lib/python3.10/site-packages/airflow/example_dags/example_branch_labels.py took 1.078 seconds
[2023-07-30T20:27:43.991+0300] {processor.py:157} INFO - Started process (PID=32605) to work on /Users/olgastash/neoflex_env_airflow/lib/python3.10/site-packages/airflow/example_dags/example_branch_labels.py
[2023-07-30T20:27:43.993+0300] {processor.py:826} INFO - Processing file /Users/olgastash/neoflex_env_airflow/lib/python3.10/site-packages/airflow/example_dags/example_branch_labels.py for tasks to queue
[2023-07-30T20:27:43.994+0300] {logging_mixin.py:150} INFO - [2023-07-30T20:27:43.994+0300] {dagbag.py:541} INFO - Filling up the DagBag from /Users/olgastash/neoflex_env_airflow/lib/python3.10/site-packages/airflow/example_dags/example_branch_labels.py
[2023-07-30T20:27:44.017+0300] {processor.py:836} INFO - DAG(s) dict_keys(['example_branch_labels']) retrieved from /Users/olgastash/neoflex_env_airflow/lib/python3.10/site-packages/airflow/example_dags/example_branch_labels.py
[2023-07-30T20:27:44.987+0300] {logging_mixin.py:150} INFO - [2023-07-30T20:27:44.986+0300] {dag.py:2742} INFO - Sync 1 DAGs
[2023-07-30T20:27:45.007+0300] {logging_mixin.py:150} INFO - [2023-07-30T20:27:45.007+0300] {dag.py:3504} INFO - Setting next_dagrun for example_branch_labels to 2023-07-29T00:00:00+00:00, run_after=2023-07-30T00:00:00+00:00
[2023-07-30T20:27:45.027+0300] {processor.py:179} INFO - Processing /Users/olgastash/neoflex_env_airflow/lib/python3.10/site-packages/airflow/example_dags/example_branch_labels.py took 1.038 seconds
[2023-07-30T20:32:06.518+0300] {processor.py:157} INFO - Started process (PID=32820) to work on /Users/olgastash/neoflex_env_airflow/lib/python3.10/site-packages/airflow/example_dags/example_branch_labels.py
[2023-07-30T20:32:06.519+0300] {processor.py:826} INFO - Processing file /Users/olgastash/neoflex_env_airflow/lib/python3.10/site-packages/airflow/example_dags/example_branch_labels.py for tasks to queue
[2023-07-30T20:32:06.519+0300] {logging_mixin.py:150} INFO - [2023-07-30T20:32:06.519+0300] {dagbag.py:541} INFO - Filling up the DagBag from /Users/olgastash/neoflex_env_airflow/lib/python3.10/site-packages/airflow/example_dags/example_branch_labels.py
[2023-07-30T20:32:06.542+0300] {processor.py:836} INFO - DAG(s) dict_keys(['example_branch_labels']) retrieved from /Users/olgastash/neoflex_env_airflow/lib/python3.10/site-packages/airflow/example_dags/example_branch_labels.py
[2023-07-30T20:32:07.557+0300] {logging_mixin.py:150} INFO - [2023-07-30T20:32:07.557+0300] {dag.py:2742} INFO - Sync 1 DAGs
[2023-07-30T20:32:07.578+0300] {logging_mixin.py:150} INFO - [2023-07-30T20:32:07.578+0300] {dag.py:3504} INFO - Setting next_dagrun for example_branch_labels to 2023-07-29T00:00:00+00:00, run_after=2023-07-30T00:00:00+00:00
[2023-07-30T20:32:07.601+0300] {processor.py:179} INFO - Processing /Users/olgastash/neoflex_env_airflow/lib/python3.10/site-packages/airflow/example_dags/example_branch_labels.py took 1.084 seconds
[2023-07-30T20:36:20.902+0300] {processor.py:157} INFO - Started process (PID=33072) to work on /Users/olgastash/neoflex_env_airflow/lib/python3.10/site-packages/airflow/example_dags/example_branch_labels.py
[2023-07-30T20:36:20.903+0300] {processor.py:826} INFO - Processing file /Users/olgastash/neoflex_env_airflow/lib/python3.10/site-packages/airflow/example_dags/example_branch_labels.py for tasks to queue
[2023-07-30T20:36:20.904+0300] {logging_mixin.py:150} INFO - [2023-07-30T20:36:20.904+0300] {dagbag.py:541} INFO - Filling up the DagBag from /Users/olgastash/neoflex_env_airflow/lib/python3.10/site-packages/airflow/example_dags/example_branch_labels.py
[2023-07-30T20:36:20.929+0300] {processor.py:836} INFO - DAG(s) dict_keys(['example_branch_labels']) retrieved from /Users/olgastash/neoflex_env_airflow/lib/python3.10/site-packages/airflow/example_dags/example_branch_labels.py
[2023-07-30T20:36:21.942+0300] {logging_mixin.py:150} INFO - [2023-07-30T20:36:21.942+0300] {dag.py:2742} INFO - Sync 1 DAGs
[2023-07-30T20:36:21.964+0300] {logging_mixin.py:150} INFO - [2023-07-30T20:36:21.963+0300] {dag.py:3504} INFO - Setting next_dagrun for example_branch_labels to 2023-07-29T00:00:00+00:00, run_after=2023-07-30T00:00:00+00:00
[2023-07-30T20:36:21.984+0300] {processor.py:179} INFO - Processing /Users/olgastash/neoflex_env_airflow/lib/python3.10/site-packages/airflow/example_dags/example_branch_labels.py took 1.083 seconds
[2023-07-30T20:40:38.705+0300] {processor.py:157} INFO - Started process (PID=33323) to work on /Users/olgastash/neoflex_env_airflow/lib/python3.10/site-packages/airflow/example_dags/example_branch_labels.py
[2023-07-30T20:40:38.706+0300] {processor.py:826} INFO - Processing file /Users/olgastash/neoflex_env_airflow/lib/python3.10/site-packages/airflow/example_dags/example_branch_labels.py for tasks to queue
[2023-07-30T20:40:38.707+0300] {logging_mixin.py:150} INFO - [2023-07-30T20:40:38.707+0300] {dagbag.py:541} INFO - Filling up the DagBag from /Users/olgastash/neoflex_env_airflow/lib/python3.10/site-packages/airflow/example_dags/example_branch_labels.py
[2023-07-30T20:40:38.737+0300] {processor.py:836} INFO - DAG(s) dict_keys(['example_branch_labels']) retrieved from /Users/olgastash/neoflex_env_airflow/lib/python3.10/site-packages/airflow/example_dags/example_branch_labels.py
[2023-07-30T20:40:40.055+0300] {logging_mixin.py:150} INFO - [2023-07-30T20:40:40.055+0300] {dag.py:2742} INFO - Sync 1 DAGs
[2023-07-30T20:40:40.080+0300] {logging_mixin.py:150} INFO - [2023-07-30T20:40:40.079+0300] {dag.py:3504} INFO - Setting next_dagrun for example_branch_labels to 2023-07-29T00:00:00+00:00, run_after=2023-07-30T00:00:00+00:00
[2023-07-30T20:40:40.102+0300] {processor.py:179} INFO - Processing /Users/olgastash/neoflex_env_airflow/lib/python3.10/site-packages/airflow/example_dags/example_branch_labels.py took 1.398 seconds
[2023-07-30T20:44:55.932+0300] {processor.py:157} INFO - Started process (PID=33597) to work on /Users/olgastash/neoflex_env_airflow/lib/python3.10/site-packages/airflow/example_dags/example_branch_labels.py
[2023-07-30T20:44:55.933+0300] {processor.py:826} INFO - Processing file /Users/olgastash/neoflex_env_airflow/lib/python3.10/site-packages/airflow/example_dags/example_branch_labels.py for tasks to queue
[2023-07-30T20:44:55.934+0300] {logging_mixin.py:150} INFO - [2023-07-30T20:44:55.934+0300] {dagbag.py:541} INFO - Filling up the DagBag from /Users/olgastash/neoflex_env_airflow/lib/python3.10/site-packages/airflow/example_dags/example_branch_labels.py
[2023-07-30T20:44:55.958+0300] {processor.py:836} INFO - DAG(s) dict_keys(['example_branch_labels']) retrieved from /Users/olgastash/neoflex_env_airflow/lib/python3.10/site-packages/airflow/example_dags/example_branch_labels.py
[2023-07-30T20:44:56.939+0300] {logging_mixin.py:150} INFO - [2023-07-30T20:44:56.939+0300] {dag.py:2742} INFO - Sync 1 DAGs
[2023-07-30T20:44:56.960+0300] {logging_mixin.py:150} INFO - [2023-07-30T20:44:56.960+0300] {dag.py:3504} INFO - Setting next_dagrun for example_branch_labels to 2023-07-29T00:00:00+00:00, run_after=2023-07-30T00:00:00+00:00
[2023-07-30T20:44:56.980+0300] {processor.py:179} INFO - Processing /Users/olgastash/neoflex_env_airflow/lib/python3.10/site-packages/airflow/example_dags/example_branch_labels.py took 1.048 seconds
[2023-07-30T20:49:14.536+0300] {processor.py:157} INFO - Started process (PID=33822) to work on /Users/olgastash/neoflex_env_airflow/lib/python3.10/site-packages/airflow/example_dags/example_branch_labels.py
[2023-07-30T20:49:14.537+0300] {processor.py:826} INFO - Processing file /Users/olgastash/neoflex_env_airflow/lib/python3.10/site-packages/airflow/example_dags/example_branch_labels.py for tasks to queue
[2023-07-30T20:49:14.537+0300] {logging_mixin.py:150} INFO - [2023-07-30T20:49:14.537+0300] {dagbag.py:541} INFO - Filling up the DagBag from /Users/olgastash/neoflex_env_airflow/lib/python3.10/site-packages/airflow/example_dags/example_branch_labels.py
[2023-07-30T20:49:14.561+0300] {processor.py:836} INFO - DAG(s) dict_keys(['example_branch_labels']) retrieved from /Users/olgastash/neoflex_env_airflow/lib/python3.10/site-packages/airflow/example_dags/example_branch_labels.py
[2023-07-30T20:49:15.477+0300] {logging_mixin.py:150} INFO - [2023-07-30T20:49:15.477+0300] {dag.py:2742} INFO - Sync 1 DAGs
[2023-07-30T20:49:15.497+0300] {logging_mixin.py:150} INFO - [2023-07-30T20:49:15.497+0300] {dag.py:3504} INFO - Setting next_dagrun for example_branch_labels to 2023-07-29T00:00:00+00:00, run_after=2023-07-30T00:00:00+00:00
[2023-07-30T20:49:15.516+0300] {processor.py:179} INFO - Processing /Users/olgastash/neoflex_env_airflow/lib/python3.10/site-packages/airflow/example_dags/example_branch_labels.py took 0.981 seconds
[2023-07-30T20:53:44.539+0300] {processor.py:157} INFO - Started process (PID=34058) to work on /Users/olgastash/neoflex_env_airflow/lib/python3.10/site-packages/airflow/example_dags/example_branch_labels.py
[2023-07-30T20:53:44.541+0300] {processor.py:826} INFO - Processing file /Users/olgastash/neoflex_env_airflow/lib/python3.10/site-packages/airflow/example_dags/example_branch_labels.py for tasks to queue
[2023-07-30T20:53:44.542+0300] {logging_mixin.py:150} INFO - [2023-07-30T20:53:44.542+0300] {dagbag.py:541} INFO - Filling up the DagBag from /Users/olgastash/neoflex_env_airflow/lib/python3.10/site-packages/airflow/example_dags/example_branch_labels.py
[2023-07-30T20:53:44.568+0300] {processor.py:836} INFO - DAG(s) dict_keys(['example_branch_labels']) retrieved from /Users/olgastash/neoflex_env_airflow/lib/python3.10/site-packages/airflow/example_dags/example_branch_labels.py
[2023-07-30T20:53:45.620+0300] {logging_mixin.py:150} INFO - [2023-07-30T20:53:45.619+0300] {dag.py:2742} INFO - Sync 1 DAGs
[2023-07-30T20:53:45.643+0300] {logging_mixin.py:150} INFO - [2023-07-30T20:53:45.642+0300] {dag.py:3504} INFO - Setting next_dagrun for example_branch_labels to 2023-07-29T00:00:00+00:00, run_after=2023-07-30T00:00:00+00:00
[2023-07-30T20:53:45.679+0300] {processor.py:179} INFO - Processing /Users/olgastash/neoflex_env_airflow/lib/python3.10/site-packages/airflow/example_dags/example_branch_labels.py took 1.140 seconds
[2023-07-30T20:58:08.652+0300] {processor.py:157} INFO - Started process (PID=34260) to work on /Users/olgastash/neoflex_env_airflow/lib/python3.10/site-packages/airflow/example_dags/example_branch_labels.py
[2023-07-30T20:58:08.653+0300] {processor.py:826} INFO - Processing file /Users/olgastash/neoflex_env_airflow/lib/python3.10/site-packages/airflow/example_dags/example_branch_labels.py for tasks to queue
[2023-07-30T20:58:08.654+0300] {logging_mixin.py:150} INFO - [2023-07-30T20:58:08.653+0300] {dagbag.py:541} INFO - Filling up the DagBag from /Users/olgastash/neoflex_env_airflow/lib/python3.10/site-packages/airflow/example_dags/example_branch_labels.py
[2023-07-30T20:58:08.678+0300] {processor.py:836} INFO - DAG(s) dict_keys(['example_branch_labels']) retrieved from /Users/olgastash/neoflex_env_airflow/lib/python3.10/site-packages/airflow/example_dags/example_branch_labels.py
[2023-07-30T20:58:09.745+0300] {logging_mixin.py:150} INFO - [2023-07-30T20:58:09.745+0300] {dag.py:2742} INFO - Sync 1 DAGs
[2023-07-30T20:58:09.766+0300] {logging_mixin.py:150} INFO - [2023-07-30T20:58:09.766+0300] {dag.py:3504} INFO - Setting next_dagrun for example_branch_labels to 2023-07-29T00:00:00+00:00, run_after=2023-07-30T00:00:00+00:00
[2023-07-30T20:58:09.787+0300] {processor.py:179} INFO - Processing /Users/olgastash/neoflex_env_airflow/lib/python3.10/site-packages/airflow/example_dags/example_branch_labels.py took 1.136 seconds
[2023-07-30T21:02:38.881+0300] {processor.py:157} INFO - Started process (PID=34438) to work on /Users/olgastash/neoflex_env_airflow/lib/python3.10/site-packages/airflow/example_dags/example_branch_labels.py
[2023-07-30T21:02:38.883+0300] {processor.py:826} INFO - Processing file /Users/olgastash/neoflex_env_airflow/lib/python3.10/site-packages/airflow/example_dags/example_branch_labels.py for tasks to queue
[2023-07-30T21:02:38.883+0300] {logging_mixin.py:150} INFO - [2023-07-30T21:02:38.883+0300] {dagbag.py:541} INFO - Filling up the DagBag from /Users/olgastash/neoflex_env_airflow/lib/python3.10/site-packages/airflow/example_dags/example_branch_labels.py
[2023-07-30T21:02:38.907+0300] {processor.py:836} INFO - DAG(s) dict_keys(['example_branch_labels']) retrieved from /Users/olgastash/neoflex_env_airflow/lib/python3.10/site-packages/airflow/example_dags/example_branch_labels.py
[2023-07-30T21:02:39.920+0300] {logging_mixin.py:150} INFO - [2023-07-30T21:02:39.919+0300] {dag.py:2742} INFO - Sync 1 DAGs
[2023-07-30T21:02:39.942+0300] {logging_mixin.py:150} INFO - [2023-07-30T21:02:39.941+0300] {dag.py:3504} INFO - Setting next_dagrun for example_branch_labels to 2023-07-29T00:00:00+00:00, run_after=2023-07-30T00:00:00+00:00
[2023-07-30T21:02:39.964+0300] {processor.py:179} INFO - Processing /Users/olgastash/neoflex_env_airflow/lib/python3.10/site-packages/airflow/example_dags/example_branch_labels.py took 1.084 seconds
[2023-07-30T21:07:15.128+0300] {processor.py:157} INFO - Started process (PID=34622) to work on /Users/olgastash/neoflex_env_airflow/lib/python3.10/site-packages/airflow/example_dags/example_branch_labels.py
[2023-07-30T21:07:15.130+0300] {processor.py:826} INFO - Processing file /Users/olgastash/neoflex_env_airflow/lib/python3.10/site-packages/airflow/example_dags/example_branch_labels.py for tasks to queue
[2023-07-30T21:07:15.130+0300] {logging_mixin.py:150} INFO - [2023-07-30T21:07:15.130+0300] {dagbag.py:541} INFO - Filling up the DagBag from /Users/olgastash/neoflex_env_airflow/lib/python3.10/site-packages/airflow/example_dags/example_branch_labels.py
[2023-07-30T21:07:15.154+0300] {processor.py:836} INFO - DAG(s) dict_keys(['example_branch_labels']) retrieved from /Users/olgastash/neoflex_env_airflow/lib/python3.10/site-packages/airflow/example_dags/example_branch_labels.py
[2023-07-30T21:07:16.165+0300] {logging_mixin.py:150} INFO - [2023-07-30T21:07:16.165+0300] {dag.py:2742} INFO - Sync 1 DAGs
[2023-07-30T21:07:16.187+0300] {logging_mixin.py:150} INFO - [2023-07-30T21:07:16.187+0300] {dag.py:3504} INFO - Setting next_dagrun for example_branch_labels to 2023-07-29T00:00:00+00:00, run_after=2023-07-30T00:00:00+00:00
[2023-07-30T21:07:16.208+0300] {processor.py:179} INFO - Processing /Users/olgastash/neoflex_env_airflow/lib/python3.10/site-packages/airflow/example_dags/example_branch_labels.py took 1.080 seconds
[2023-07-30T21:11:38.929+0300] {processor.py:157} INFO - Started process (PID=34847) to work on /Users/olgastash/neoflex_env_airflow/lib/python3.10/site-packages/airflow/example_dags/example_branch_labels.py
[2023-07-30T21:11:38.931+0300] {processor.py:826} INFO - Processing file /Users/olgastash/neoflex_env_airflow/lib/python3.10/site-packages/airflow/example_dags/example_branch_labels.py for tasks to queue
[2023-07-30T21:11:38.931+0300] {logging_mixin.py:150} INFO - [2023-07-30T21:11:38.931+0300] {dagbag.py:541} INFO - Filling up the DagBag from /Users/olgastash/neoflex_env_airflow/lib/python3.10/site-packages/airflow/example_dags/example_branch_labels.py
[2023-07-30T21:11:38.956+0300] {processor.py:836} INFO - DAG(s) dict_keys(['example_branch_labels']) retrieved from /Users/olgastash/neoflex_env_airflow/lib/python3.10/site-packages/airflow/example_dags/example_branch_labels.py
[2023-07-30T21:11:39.977+0300] {logging_mixin.py:150} INFO - [2023-07-30T21:11:39.977+0300] {dag.py:2742} INFO - Sync 1 DAGs
[2023-07-30T21:11:39.998+0300] {logging_mixin.py:150} INFO - [2023-07-30T21:11:39.998+0300] {dag.py:3504} INFO - Setting next_dagrun for example_branch_labels to 2023-07-29T00:00:00+00:00, run_after=2023-07-30T00:00:00+00:00
[2023-07-30T21:11:40.019+0300] {processor.py:179} INFO - Processing /Users/olgastash/neoflex_env_airflow/lib/python3.10/site-packages/airflow/example_dags/example_branch_labels.py took 1.090 seconds
[2023-07-30T21:16:19.584+0300] {processor.py:157} INFO - Started process (PID=35071) to work on /Users/olgastash/neoflex_env_airflow/lib/python3.10/site-packages/airflow/example_dags/example_branch_labels.py
[2023-07-30T21:16:19.585+0300] {processor.py:826} INFO - Processing file /Users/olgastash/neoflex_env_airflow/lib/python3.10/site-packages/airflow/example_dags/example_branch_labels.py for tasks to queue
[2023-07-30T21:16:19.586+0300] {logging_mixin.py:150} INFO - [2023-07-30T21:16:19.585+0300] {dagbag.py:541} INFO - Filling up the DagBag from /Users/olgastash/neoflex_env_airflow/lib/python3.10/site-packages/airflow/example_dags/example_branch_labels.py
[2023-07-30T21:16:19.609+0300] {processor.py:836} INFO - DAG(s) dict_keys(['example_branch_labels']) retrieved from /Users/olgastash/neoflex_env_airflow/lib/python3.10/site-packages/airflow/example_dags/example_branch_labels.py
[2023-07-30T21:16:20.608+0300] {logging_mixin.py:150} INFO - [2023-07-30T21:16:20.608+0300] {dag.py:2742} INFO - Sync 1 DAGs
[2023-07-30T21:16:20.630+0300] {logging_mixin.py:150} INFO - [2023-07-30T21:16:20.629+0300] {dag.py:3504} INFO - Setting next_dagrun for example_branch_labels to 2023-07-29T00:00:00+00:00, run_after=2023-07-30T00:00:00+00:00
[2023-07-30T21:16:20.651+0300] {processor.py:179} INFO - Processing /Users/olgastash/neoflex_env_airflow/lib/python3.10/site-packages/airflow/example_dags/example_branch_labels.py took 1.067 seconds
[2023-07-30T21:20:48.317+0300] {processor.py:157} INFO - Started process (PID=35234) to work on /Users/olgastash/neoflex_env_airflow/lib/python3.10/site-packages/airflow/example_dags/example_branch_labels.py
[2023-07-30T21:20:48.319+0300] {processor.py:826} INFO - Processing file /Users/olgastash/neoflex_env_airflow/lib/python3.10/site-packages/airflow/example_dags/example_branch_labels.py for tasks to queue
[2023-07-30T21:20:48.319+0300] {logging_mixin.py:150} INFO - [2023-07-30T21:20:48.319+0300] {dagbag.py:541} INFO - Filling up the DagBag from /Users/olgastash/neoflex_env_airflow/lib/python3.10/site-packages/airflow/example_dags/example_branch_labels.py
[2023-07-30T21:20:48.343+0300] {processor.py:836} INFO - DAG(s) dict_keys(['example_branch_labels']) retrieved from /Users/olgastash/neoflex_env_airflow/lib/python3.10/site-packages/airflow/example_dags/example_branch_labels.py
[2023-07-30T21:20:49.336+0300] {logging_mixin.py:150} INFO - [2023-07-30T21:20:49.336+0300] {dag.py:2742} INFO - Sync 1 DAGs
[2023-07-30T21:20:49.357+0300] {logging_mixin.py:150} INFO - [2023-07-30T21:20:49.356+0300] {dag.py:3504} INFO - Setting next_dagrun for example_branch_labels to 2023-07-29T00:00:00+00:00, run_after=2023-07-30T00:00:00+00:00
[2023-07-30T21:20:49.377+0300] {processor.py:179} INFO - Processing /Users/olgastash/neoflex_env_airflow/lib/python3.10/site-packages/airflow/example_dags/example_branch_labels.py took 1.060 seconds
[2023-07-30T21:25:04.810+0300] {processor.py:157} INFO - Started process (PID=35413) to work on /Users/olgastash/neoflex_env_airflow/lib/python3.10/site-packages/airflow/example_dags/example_branch_labels.py
[2023-07-30T21:25:04.811+0300] {processor.py:826} INFO - Processing file /Users/olgastash/neoflex_env_airflow/lib/python3.10/site-packages/airflow/example_dags/example_branch_labels.py for tasks to queue
[2023-07-30T21:25:04.812+0300] {logging_mixin.py:150} INFO - [2023-07-30T21:25:04.811+0300] {dagbag.py:541} INFO - Filling up the DagBag from /Users/olgastash/neoflex_env_airflow/lib/python3.10/site-packages/airflow/example_dags/example_branch_labels.py
[2023-07-30T21:25:04.835+0300] {processor.py:836} INFO - DAG(s) dict_keys(['example_branch_labels']) retrieved from /Users/olgastash/neoflex_env_airflow/lib/python3.10/site-packages/airflow/example_dags/example_branch_labels.py
[2023-07-30T21:25:05.842+0300] {logging_mixin.py:150} INFO - [2023-07-30T21:25:05.841+0300] {dag.py:2742} INFO - Sync 1 DAGs
[2023-07-30T21:25:05.863+0300] {logging_mixin.py:150} INFO - [2023-07-30T21:25:05.863+0300] {dag.py:3504} INFO - Setting next_dagrun for example_branch_labels to 2023-07-29T00:00:00+00:00, run_after=2023-07-30T00:00:00+00:00
[2023-07-30T21:25:05.884+0300] {processor.py:179} INFO - Processing /Users/olgastash/neoflex_env_airflow/lib/python3.10/site-packages/airflow/example_dags/example_branch_labels.py took 1.074 seconds
[2023-07-30T21:29:29.249+0300] {processor.py:157} INFO - Started process (PID=35632) to work on /Users/olgastash/neoflex_env_airflow/lib/python3.10/site-packages/airflow/example_dags/example_branch_labels.py
[2023-07-30T21:29:29.250+0300] {processor.py:826} INFO - Processing file /Users/olgastash/neoflex_env_airflow/lib/python3.10/site-packages/airflow/example_dags/example_branch_labels.py for tasks to queue
[2023-07-30T21:29:29.251+0300] {logging_mixin.py:150} INFO - [2023-07-30T21:29:29.251+0300] {dagbag.py:541} INFO - Filling up the DagBag from /Users/olgastash/neoflex_env_airflow/lib/python3.10/site-packages/airflow/example_dags/example_branch_labels.py
[2023-07-30T21:29:29.274+0300] {processor.py:836} INFO - DAG(s) dict_keys(['example_branch_labels']) retrieved from /Users/olgastash/neoflex_env_airflow/lib/python3.10/site-packages/airflow/example_dags/example_branch_labels.py
[2023-07-30T21:29:30.160+0300] {logging_mixin.py:150} INFO - [2023-07-30T21:29:30.159+0300] {dag.py:2742} INFO - Sync 1 DAGs
[2023-07-30T21:29:30.179+0300] {logging_mixin.py:150} INFO - [2023-07-30T21:29:30.179+0300] {dag.py:3504} INFO - Setting next_dagrun for example_branch_labels to 2023-07-29T00:00:00+00:00, run_after=2023-07-30T00:00:00+00:00
[2023-07-30T21:29:30.198+0300] {processor.py:179} INFO - Processing /Users/olgastash/neoflex_env_airflow/lib/python3.10/site-packages/airflow/example_dags/example_branch_labels.py took 0.949 seconds
[2023-07-30T21:33:39.732+0300] {processor.py:157} INFO - Started process (PID=35807) to work on /Users/olgastash/neoflex_env_airflow/lib/python3.10/site-packages/airflow/example_dags/example_branch_labels.py
[2023-07-30T21:33:39.733+0300] {processor.py:826} INFO - Processing file /Users/olgastash/neoflex_env_airflow/lib/python3.10/site-packages/airflow/example_dags/example_branch_labels.py for tasks to queue
[2023-07-30T21:33:39.734+0300] {logging_mixin.py:150} INFO - [2023-07-30T21:33:39.733+0300] {dagbag.py:541} INFO - Filling up the DagBag from /Users/olgastash/neoflex_env_airflow/lib/python3.10/site-packages/airflow/example_dags/example_branch_labels.py
[2023-07-30T21:33:39.758+0300] {processor.py:836} INFO - DAG(s) dict_keys(['example_branch_labels']) retrieved from /Users/olgastash/neoflex_env_airflow/lib/python3.10/site-packages/airflow/example_dags/example_branch_labels.py
[2023-07-30T21:33:40.790+0300] {logging_mixin.py:150} INFO - [2023-07-30T21:33:40.790+0300] {dag.py:2742} INFO - Sync 1 DAGs
[2023-07-30T21:33:40.811+0300] {logging_mixin.py:150} INFO - [2023-07-30T21:33:40.811+0300] {dag.py:3504} INFO - Setting next_dagrun for example_branch_labels to 2023-07-29T00:00:00+00:00, run_after=2023-07-30T00:00:00+00:00
[2023-07-30T21:33:40.832+0300] {processor.py:179} INFO - Processing /Users/olgastash/neoflex_env_airflow/lib/python3.10/site-packages/airflow/example_dags/example_branch_labels.py took 1.101 seconds
[2023-07-30T21:38:01.484+0300] {processor.py:157} INFO - Started process (PID=36011) to work on /Users/olgastash/neoflex_env_airflow/lib/python3.10/site-packages/airflow/example_dags/example_branch_labels.py
[2023-07-30T21:38:01.485+0300] {processor.py:826} INFO - Processing file /Users/olgastash/neoflex_env_airflow/lib/python3.10/site-packages/airflow/example_dags/example_branch_labels.py for tasks to queue
[2023-07-30T21:38:01.485+0300] {logging_mixin.py:150} INFO - [2023-07-30T21:38:01.485+0300] {dagbag.py:541} INFO - Filling up the DagBag from /Users/olgastash/neoflex_env_airflow/lib/python3.10/site-packages/airflow/example_dags/example_branch_labels.py
[2023-07-30T21:38:01.508+0300] {processor.py:836} INFO - DAG(s) dict_keys(['example_branch_labels']) retrieved from /Users/olgastash/neoflex_env_airflow/lib/python3.10/site-packages/airflow/example_dags/example_branch_labels.py
[2023-07-30T21:38:02.475+0300] {logging_mixin.py:150} INFO - [2023-07-30T21:38:02.475+0300] {dag.py:2742} INFO - Sync 1 DAGs
[2023-07-30T21:38:02.496+0300] {logging_mixin.py:150} INFO - [2023-07-30T21:38:02.495+0300] {dag.py:3504} INFO - Setting next_dagrun for example_branch_labels to 2023-07-29T00:00:00+00:00, run_after=2023-07-30T00:00:00+00:00
[2023-07-30T21:38:02.515+0300] {processor.py:179} INFO - Processing /Users/olgastash/neoflex_env_airflow/lib/python3.10/site-packages/airflow/example_dags/example_branch_labels.py took 1.032 seconds
[2023-07-30T21:42:20.361+0300] {processor.py:157} INFO - Started process (PID=36243) to work on /Users/olgastash/neoflex_env_airflow/lib/python3.10/site-packages/airflow/example_dags/example_branch_labels.py
[2023-07-30T21:42:20.362+0300] {processor.py:826} INFO - Processing file /Users/olgastash/neoflex_env_airflow/lib/python3.10/site-packages/airflow/example_dags/example_branch_labels.py for tasks to queue
[2023-07-30T21:42:20.363+0300] {logging_mixin.py:150} INFO - [2023-07-30T21:42:20.363+0300] {dagbag.py:541} INFO - Filling up the DagBag from /Users/olgastash/neoflex_env_airflow/lib/python3.10/site-packages/airflow/example_dags/example_branch_labels.py
[2023-07-30T21:42:20.387+0300] {processor.py:836} INFO - DAG(s) dict_keys(['example_branch_labels']) retrieved from /Users/olgastash/neoflex_env_airflow/lib/python3.10/site-packages/airflow/example_dags/example_branch_labels.py
[2023-07-30T21:42:21.379+0300] {logging_mixin.py:150} INFO - [2023-07-30T21:42:21.379+0300] {dag.py:2742} INFO - Sync 1 DAGs
[2023-07-30T21:42:21.400+0300] {logging_mixin.py:150} INFO - [2023-07-30T21:42:21.400+0300] {dag.py:3504} INFO - Setting next_dagrun for example_branch_labels to 2023-07-29T00:00:00+00:00, run_after=2023-07-30T00:00:00+00:00
[2023-07-30T21:42:21.420+0300] {processor.py:179} INFO - Processing /Users/olgastash/neoflex_env_airflow/lib/python3.10/site-packages/airflow/example_dags/example_branch_labels.py took 1.059 seconds
[2023-07-30T21:46:42.041+0300] {processor.py:157} INFO - Started process (PID=36421) to work on /Users/olgastash/neoflex_env_airflow/lib/python3.10/site-packages/airflow/example_dags/example_branch_labels.py
[2023-07-30T21:46:42.043+0300] {processor.py:826} INFO - Processing file /Users/olgastash/neoflex_env_airflow/lib/python3.10/site-packages/airflow/example_dags/example_branch_labels.py for tasks to queue
[2023-07-30T21:46:42.043+0300] {logging_mixin.py:150} INFO - [2023-07-30T21:46:42.043+0300] {dagbag.py:541} INFO - Filling up the DagBag from /Users/olgastash/neoflex_env_airflow/lib/python3.10/site-packages/airflow/example_dags/example_branch_labels.py
[2023-07-30T21:46:42.067+0300] {processor.py:836} INFO - DAG(s) dict_keys(['example_branch_labels']) retrieved from /Users/olgastash/neoflex_env_airflow/lib/python3.10/site-packages/airflow/example_dags/example_branch_labels.py
[2023-07-30T21:46:43.206+0300] {logging_mixin.py:150} INFO - [2023-07-30T21:46:43.206+0300] {dag.py:2742} INFO - Sync 1 DAGs
[2023-07-30T21:46:43.228+0300] {logging_mixin.py:150} INFO - [2023-07-30T21:46:43.228+0300] {dag.py:3504} INFO - Setting next_dagrun for example_branch_labels to 2023-07-29T00:00:00+00:00, run_after=2023-07-30T00:00:00+00:00
[2023-07-30T21:46:43.249+0300] {processor.py:179} INFO - Processing /Users/olgastash/neoflex_env_airflow/lib/python3.10/site-packages/airflow/example_dags/example_branch_labels.py took 1.209 seconds
[2023-07-30T21:51:00.965+0300] {processor.py:157} INFO - Started process (PID=36614) to work on /Users/olgastash/neoflex_env_airflow/lib/python3.10/site-packages/airflow/example_dags/example_branch_labels.py
[2023-07-30T21:51:00.966+0300] {processor.py:826} INFO - Processing file /Users/olgastash/neoflex_env_airflow/lib/python3.10/site-packages/airflow/example_dags/example_branch_labels.py for tasks to queue
[2023-07-30T21:51:00.966+0300] {logging_mixin.py:150} INFO - [2023-07-30T21:51:00.966+0300] {dagbag.py:541} INFO - Filling up the DagBag from /Users/olgastash/neoflex_env_airflow/lib/python3.10/site-packages/airflow/example_dags/example_branch_labels.py
[2023-07-30T21:51:01.001+0300] {processor.py:836} INFO - DAG(s) dict_keys(['example_branch_labels']) retrieved from /Users/olgastash/neoflex_env_airflow/lib/python3.10/site-packages/airflow/example_dags/example_branch_labels.py
[2023-07-30T21:51:01.996+0300] {logging_mixin.py:150} INFO - [2023-07-30T21:51:01.995+0300] {dag.py:2742} INFO - Sync 1 DAGs
[2023-07-30T21:51:02.017+0300] {logging_mixin.py:150} INFO - [2023-07-30T21:51:02.016+0300] {dag.py:3504} INFO - Setting next_dagrun for example_branch_labels to 2023-07-29T00:00:00+00:00, run_after=2023-07-30T00:00:00+00:00
[2023-07-30T21:51:02.036+0300] {processor.py:179} INFO - Processing /Users/olgastash/neoflex_env_airflow/lib/python3.10/site-packages/airflow/example_dags/example_branch_labels.py took 1.072 seconds
[2023-07-30T21:55:19.750+0300] {processor.py:157} INFO - Started process (PID=36828) to work on /Users/olgastash/neoflex_env_airflow/lib/python3.10/site-packages/airflow/example_dags/example_branch_labels.py
[2023-07-30T21:55:19.751+0300] {processor.py:826} INFO - Processing file /Users/olgastash/neoflex_env_airflow/lib/python3.10/site-packages/airflow/example_dags/example_branch_labels.py for tasks to queue
[2023-07-30T21:55:19.752+0300] {logging_mixin.py:150} INFO - [2023-07-30T21:55:19.751+0300] {dagbag.py:541} INFO - Filling up the DagBag from /Users/olgastash/neoflex_env_airflow/lib/python3.10/site-packages/airflow/example_dags/example_branch_labels.py
[2023-07-30T21:55:19.775+0300] {processor.py:836} INFO - DAG(s) dict_keys(['example_branch_labels']) retrieved from /Users/olgastash/neoflex_env_airflow/lib/python3.10/site-packages/airflow/example_dags/example_branch_labels.py
[2023-07-30T21:55:20.775+0300] {logging_mixin.py:150} INFO - [2023-07-30T21:55:20.775+0300] {dag.py:2742} INFO - Sync 1 DAGs
[2023-07-30T21:55:20.797+0300] {logging_mixin.py:150} INFO - [2023-07-30T21:55:20.797+0300] {dag.py:3504} INFO - Setting next_dagrun for example_branch_labels to 2023-07-29T00:00:00+00:00, run_after=2023-07-30T00:00:00+00:00
[2023-07-30T21:55:20.817+0300] {processor.py:179} INFO - Processing /Users/olgastash/neoflex_env_airflow/lib/python3.10/site-packages/airflow/example_dags/example_branch_labels.py took 1.068 seconds
[2023-07-30T21:59:42.914+0300] {processor.py:157} INFO - Started process (PID=37018) to work on /Users/olgastash/neoflex_env_airflow/lib/python3.10/site-packages/airflow/example_dags/example_branch_labels.py
[2023-07-30T21:59:42.916+0300] {processor.py:826} INFO - Processing file /Users/olgastash/neoflex_env_airflow/lib/python3.10/site-packages/airflow/example_dags/example_branch_labels.py for tasks to queue
[2023-07-30T21:59:42.917+0300] {logging_mixin.py:150} INFO - [2023-07-30T21:59:42.917+0300] {dagbag.py:541} INFO - Filling up the DagBag from /Users/olgastash/neoflex_env_airflow/lib/python3.10/site-packages/airflow/example_dags/example_branch_labels.py
[2023-07-30T21:59:42.941+0300] {processor.py:836} INFO - DAG(s) dict_keys(['example_branch_labels']) retrieved from /Users/olgastash/neoflex_env_airflow/lib/python3.10/site-packages/airflow/example_dags/example_branch_labels.py
[2023-07-30T21:59:43.842+0300] {logging_mixin.py:150} INFO - [2023-07-30T21:59:43.841+0300] {dag.py:2742} INFO - Sync 1 DAGs
[2023-07-30T21:59:43.862+0300] {logging_mixin.py:150} INFO - [2023-07-30T21:59:43.862+0300] {dag.py:3504} INFO - Setting next_dagrun for example_branch_labels to 2023-07-29T00:00:00+00:00, run_after=2023-07-30T00:00:00+00:00
[2023-07-30T21:59:43.882+0300] {processor.py:179} INFO - Processing /Users/olgastash/neoflex_env_airflow/lib/python3.10/site-packages/airflow/example_dags/example_branch_labels.py took 0.969 seconds
[2023-07-30T22:04:11.472+0300] {processor.py:157} INFO - Started process (PID=37239) to work on /Users/olgastash/neoflex_env_airflow/lib/python3.10/site-packages/airflow/example_dags/example_branch_labels.py
[2023-07-30T22:04:11.473+0300] {processor.py:826} INFO - Processing file /Users/olgastash/neoflex_env_airflow/lib/python3.10/site-packages/airflow/example_dags/example_branch_labels.py for tasks to queue
[2023-07-30T22:04:11.474+0300] {logging_mixin.py:150} INFO - [2023-07-30T22:04:11.473+0300] {dagbag.py:541} INFO - Filling up the DagBag from /Users/olgastash/neoflex_env_airflow/lib/python3.10/site-packages/airflow/example_dags/example_branch_labels.py
[2023-07-30T22:04:11.497+0300] {processor.py:836} INFO - DAG(s) dict_keys(['example_branch_labels']) retrieved from /Users/olgastash/neoflex_env_airflow/lib/python3.10/site-packages/airflow/example_dags/example_branch_labels.py
[2023-07-30T22:04:12.532+0300] {logging_mixin.py:150} INFO - [2023-07-30T22:04:12.531+0300] {dag.py:2742} INFO - Sync 1 DAGs
[2023-07-30T22:04:12.565+0300] {logging_mixin.py:150} INFO - [2023-07-30T22:04:12.564+0300] {dag.py:3504} INFO - Setting next_dagrun for example_branch_labels to 2023-07-29T00:00:00+00:00, run_after=2023-07-30T00:00:00+00:00
[2023-07-30T22:04:12.598+0300] {processor.py:179} INFO - Processing /Users/olgastash/neoflex_env_airflow/lib/python3.10/site-packages/airflow/example_dags/example_branch_labels.py took 1.126 seconds
[2023-07-30T22:08:42.045+0300] {processor.py:157} INFO - Started process (PID=37439) to work on /Users/olgastash/neoflex_env_airflow/lib/python3.10/site-packages/airflow/example_dags/example_branch_labels.py
[2023-07-30T22:08:42.046+0300] {processor.py:826} INFO - Processing file /Users/olgastash/neoflex_env_airflow/lib/python3.10/site-packages/airflow/example_dags/example_branch_labels.py for tasks to queue
[2023-07-30T22:08:42.047+0300] {logging_mixin.py:150} INFO - [2023-07-30T22:08:42.047+0300] {dagbag.py:541} INFO - Filling up the DagBag from /Users/olgastash/neoflex_env_airflow/lib/python3.10/site-packages/airflow/example_dags/example_branch_labels.py
[2023-07-30T22:08:42.072+0300] {processor.py:836} INFO - DAG(s) dict_keys(['example_branch_labels']) retrieved from /Users/olgastash/neoflex_env_airflow/lib/python3.10/site-packages/airflow/example_dags/example_branch_labels.py
[2023-07-30T22:08:43.098+0300] {logging_mixin.py:150} INFO - [2023-07-30T22:08:43.097+0300] {dag.py:2742} INFO - Sync 1 DAGs
[2023-07-30T22:08:43.121+0300] {logging_mixin.py:150} INFO - [2023-07-30T22:08:43.121+0300] {dag.py:3504} INFO - Setting next_dagrun for example_branch_labels to 2023-07-29T00:00:00+00:00, run_after=2023-07-30T00:00:00+00:00
[2023-07-30T22:08:43.143+0300] {processor.py:179} INFO - Processing /Users/olgastash/neoflex_env_airflow/lib/python3.10/site-packages/airflow/example_dags/example_branch_labels.py took 1.099 seconds
[2023-07-30T22:13:10.387+0300] {processor.py:157} INFO - Started process (PID=37652) to work on /Users/olgastash/neoflex_env_airflow/lib/python3.10/site-packages/airflow/example_dags/example_branch_labels.py
[2023-07-30T22:13:10.388+0300] {processor.py:826} INFO - Processing file /Users/olgastash/neoflex_env_airflow/lib/python3.10/site-packages/airflow/example_dags/example_branch_labels.py for tasks to queue
[2023-07-30T22:13:10.388+0300] {logging_mixin.py:150} INFO - [2023-07-30T22:13:10.388+0300] {dagbag.py:541} INFO - Filling up the DagBag from /Users/olgastash/neoflex_env_airflow/lib/python3.10/site-packages/airflow/example_dags/example_branch_labels.py
[2023-07-30T22:13:10.412+0300] {processor.py:836} INFO - DAG(s) dict_keys(['example_branch_labels']) retrieved from /Users/olgastash/neoflex_env_airflow/lib/python3.10/site-packages/airflow/example_dags/example_branch_labels.py
[2023-07-30T22:13:11.403+0300] {logging_mixin.py:150} INFO - [2023-07-30T22:13:11.402+0300] {dag.py:2742} INFO - Sync 1 DAGs
[2023-07-30T22:13:11.424+0300] {logging_mixin.py:150} INFO - [2023-07-30T22:13:11.424+0300] {dag.py:3504} INFO - Setting next_dagrun for example_branch_labels to 2023-07-29T00:00:00+00:00, run_after=2023-07-30T00:00:00+00:00
[2023-07-30T22:13:11.445+0300] {processor.py:179} INFO - Processing /Users/olgastash/neoflex_env_airflow/lib/python3.10/site-packages/airflow/example_dags/example_branch_labels.py took 1.059 seconds
[2023-07-30T22:17:40.254+0300] {processor.py:157} INFO - Started process (PID=37865) to work on /Users/olgastash/neoflex_env_airflow/lib/python3.10/site-packages/airflow/example_dags/example_branch_labels.py
[2023-07-30T22:17:40.255+0300] {processor.py:826} INFO - Processing file /Users/olgastash/neoflex_env_airflow/lib/python3.10/site-packages/airflow/example_dags/example_branch_labels.py for tasks to queue
[2023-07-30T22:17:40.256+0300] {logging_mixin.py:150} INFO - [2023-07-30T22:17:40.255+0300] {dagbag.py:541} INFO - Filling up the DagBag from /Users/olgastash/neoflex_env_airflow/lib/python3.10/site-packages/airflow/example_dags/example_branch_labels.py
[2023-07-30T22:17:40.279+0300] {processor.py:836} INFO - DAG(s) dict_keys(['example_branch_labels']) retrieved from /Users/olgastash/neoflex_env_airflow/lib/python3.10/site-packages/airflow/example_dags/example_branch_labels.py
[2023-07-30T22:17:41.314+0300] {logging_mixin.py:150} INFO - [2023-07-30T22:17:41.313+0300] {dag.py:2742} INFO - Sync 1 DAGs
[2023-07-30T22:17:41.335+0300] {logging_mixin.py:150} INFO - [2023-07-30T22:17:41.335+0300] {dag.py:3504} INFO - Setting next_dagrun for example_branch_labels to 2023-07-29T00:00:00+00:00, run_after=2023-07-30T00:00:00+00:00
[2023-07-30T22:17:41.355+0300] {processor.py:179} INFO - Processing /Users/olgastash/neoflex_env_airflow/lib/python3.10/site-packages/airflow/example_dags/example_branch_labels.py took 1.101 seconds
[2023-07-30T22:22:09.835+0300] {processor.py:157} INFO - Started process (PID=38121) to work on /Users/olgastash/neoflex_env_airflow/lib/python3.10/site-packages/airflow/example_dags/example_branch_labels.py
[2023-07-30T22:22:09.836+0300] {processor.py:826} INFO - Processing file /Users/olgastash/neoflex_env_airflow/lib/python3.10/site-packages/airflow/example_dags/example_branch_labels.py for tasks to queue
[2023-07-30T22:22:09.837+0300] {logging_mixin.py:150} INFO - [2023-07-30T22:22:09.837+0300] {dagbag.py:541} INFO - Filling up the DagBag from /Users/olgastash/neoflex_env_airflow/lib/python3.10/site-packages/airflow/example_dags/example_branch_labels.py
[2023-07-30T22:22:09.863+0300] {processor.py:836} INFO - DAG(s) dict_keys(['example_branch_labels']) retrieved from /Users/olgastash/neoflex_env_airflow/lib/python3.10/site-packages/airflow/example_dags/example_branch_labels.py
[2023-07-30T22:22:10.877+0300] {logging_mixin.py:150} INFO - [2023-07-30T22:22:10.876+0300] {dag.py:2742} INFO - Sync 1 DAGs
[2023-07-30T22:22:10.899+0300] {logging_mixin.py:150} INFO - [2023-07-30T22:22:10.899+0300] {dag.py:3504} INFO - Setting next_dagrun for example_branch_labels to 2023-07-29T00:00:00+00:00, run_after=2023-07-30T00:00:00+00:00
[2023-07-30T22:22:10.920+0300] {processor.py:179} INFO - Processing /Users/olgastash/neoflex_env_airflow/lib/python3.10/site-packages/airflow/example_dags/example_branch_labels.py took 1.086 seconds
[2023-07-30T22:26:39.129+0300] {processor.py:157} INFO - Started process (PID=38367) to work on /Users/olgastash/neoflex_env_airflow/lib/python3.10/site-packages/airflow/example_dags/example_branch_labels.py
[2023-07-30T22:26:39.130+0300] {processor.py:826} INFO - Processing file /Users/olgastash/neoflex_env_airflow/lib/python3.10/site-packages/airflow/example_dags/example_branch_labels.py for tasks to queue
[2023-07-30T22:26:39.131+0300] {logging_mixin.py:150} INFO - [2023-07-30T22:26:39.131+0300] {dagbag.py:541} INFO - Filling up the DagBag from /Users/olgastash/neoflex_env_airflow/lib/python3.10/site-packages/airflow/example_dags/example_branch_labels.py
[2023-07-30T22:26:39.156+0300] {processor.py:836} INFO - DAG(s) dict_keys(['example_branch_labels']) retrieved from /Users/olgastash/neoflex_env_airflow/lib/python3.10/site-packages/airflow/example_dags/example_branch_labels.py
[2023-07-30T22:26:40.152+0300] {logging_mixin.py:150} INFO - [2023-07-30T22:26:40.152+0300] {dag.py:2742} INFO - Sync 1 DAGs
[2023-07-30T22:26:40.173+0300] {logging_mixin.py:150} INFO - [2023-07-30T22:26:40.172+0300] {dag.py:3504} INFO - Setting next_dagrun for example_branch_labels to 2023-07-29T00:00:00+00:00, run_after=2023-07-30T00:00:00+00:00
[2023-07-30T22:26:40.193+0300] {processor.py:179} INFO - Processing /Users/olgastash/neoflex_env_airflow/lib/python3.10/site-packages/airflow/example_dags/example_branch_labels.py took 1.065 seconds
[2023-07-30T22:31:09.463+0300] {processor.py:157} INFO - Started process (PID=38607) to work on /Users/olgastash/neoflex_env_airflow/lib/python3.10/site-packages/airflow/example_dags/example_branch_labels.py
[2023-07-30T22:31:09.464+0300] {processor.py:826} INFO - Processing file /Users/olgastash/neoflex_env_airflow/lib/python3.10/site-packages/airflow/example_dags/example_branch_labels.py for tasks to queue
[2023-07-30T22:31:09.465+0300] {logging_mixin.py:150} INFO - [2023-07-30T22:31:09.464+0300] {dagbag.py:541} INFO - Filling up the DagBag from /Users/olgastash/neoflex_env_airflow/lib/python3.10/site-packages/airflow/example_dags/example_branch_labels.py
[2023-07-30T22:31:09.488+0300] {processor.py:836} INFO - DAG(s) dict_keys(['example_branch_labels']) retrieved from /Users/olgastash/neoflex_env_airflow/lib/python3.10/site-packages/airflow/example_dags/example_branch_labels.py
[2023-07-30T22:31:10.478+0300] {logging_mixin.py:150} INFO - [2023-07-30T22:31:10.478+0300] {dag.py:2742} INFO - Sync 1 DAGs
[2023-07-30T22:31:10.499+0300] {logging_mixin.py:150} INFO - [2023-07-30T22:31:10.499+0300] {dag.py:3504} INFO - Setting next_dagrun for example_branch_labels to 2023-07-29T00:00:00+00:00, run_after=2023-07-30T00:00:00+00:00
[2023-07-30T22:31:10.519+0300] {processor.py:179} INFO - Processing /Users/olgastash/neoflex_env_airflow/lib/python3.10/site-packages/airflow/example_dags/example_branch_labels.py took 1.057 seconds
[2023-07-30T22:35:35.848+0300] {processor.py:157} INFO - Started process (PID=38805) to work on /Users/olgastash/neoflex_env_airflow/lib/python3.10/site-packages/airflow/example_dags/example_branch_labels.py
[2023-07-30T22:35:35.850+0300] {processor.py:826} INFO - Processing file /Users/olgastash/neoflex_env_airflow/lib/python3.10/site-packages/airflow/example_dags/example_branch_labels.py for tasks to queue
[2023-07-30T22:35:35.850+0300] {logging_mixin.py:150} INFO - [2023-07-30T22:35:35.850+0300] {dagbag.py:541} INFO - Filling up the DagBag from /Users/olgastash/neoflex_env_airflow/lib/python3.10/site-packages/airflow/example_dags/example_branch_labels.py
[2023-07-30T22:35:35.874+0300] {processor.py:836} INFO - DAG(s) dict_keys(['example_branch_labels']) retrieved from /Users/olgastash/neoflex_env_airflow/lib/python3.10/site-packages/airflow/example_dags/example_branch_labels.py
[2023-07-30T22:35:36.880+0300] {logging_mixin.py:150} INFO - [2023-07-30T22:35:36.880+0300] {dag.py:2742} INFO - Sync 1 DAGs
[2023-07-30T22:35:36.902+0300] {logging_mixin.py:150} INFO - [2023-07-30T22:35:36.902+0300] {dag.py:3504} INFO - Setting next_dagrun for example_branch_labels to 2023-07-29T00:00:00+00:00, run_after=2023-07-30T00:00:00+00:00
[2023-07-30T22:35:36.923+0300] {processor.py:179} INFO - Processing /Users/olgastash/neoflex_env_airflow/lib/python3.10/site-packages/airflow/example_dags/example_branch_labels.py took 1.076 seconds
[2023-07-30T22:40:00.012+0300] {processor.py:157} INFO - Started process (PID=39026) to work on /Users/olgastash/neoflex_env_airflow/lib/python3.10/site-packages/airflow/example_dags/example_branch_labels.py
[2023-07-30T22:40:00.013+0300] {processor.py:826} INFO - Processing file /Users/olgastash/neoflex_env_airflow/lib/python3.10/site-packages/airflow/example_dags/example_branch_labels.py for tasks to queue
[2023-07-30T22:40:00.013+0300] {logging_mixin.py:150} INFO - [2023-07-30T22:40:00.013+0300] {dagbag.py:541} INFO - Filling up the DagBag from /Users/olgastash/neoflex_env_airflow/lib/python3.10/site-packages/airflow/example_dags/example_branch_labels.py
[2023-07-30T22:40:00.038+0300] {processor.py:836} INFO - DAG(s) dict_keys(['example_branch_labels']) retrieved from /Users/olgastash/neoflex_env_airflow/lib/python3.10/site-packages/airflow/example_dags/example_branch_labels.py
[2023-07-30T22:40:00.952+0300] {logging_mixin.py:150} INFO - [2023-07-30T22:40:00.952+0300] {dag.py:2742} INFO - Sync 1 DAGs
[2023-07-30T22:40:00.973+0300] {logging_mixin.py:150} INFO - [2023-07-30T22:40:00.973+0300] {dag.py:3504} INFO - Setting next_dagrun for example_branch_labels to 2023-07-29T00:00:00+00:00, run_after=2023-07-30T00:00:00+00:00
[2023-07-30T22:40:00.995+0300] {processor.py:179} INFO - Processing /Users/olgastash/neoflex_env_airflow/lib/python3.10/site-packages/airflow/example_dags/example_branch_labels.py took 0.984 seconds
[2023-07-30T22:44:25.523+0300] {processor.py:157} INFO - Started process (PID=39267) to work on /Users/olgastash/neoflex_env_airflow/lib/python3.10/site-packages/airflow/example_dags/example_branch_labels.py
[2023-07-30T22:44:25.524+0300] {processor.py:826} INFO - Processing file /Users/olgastash/neoflex_env_airflow/lib/python3.10/site-packages/airflow/example_dags/example_branch_labels.py for tasks to queue
[2023-07-30T22:44:25.525+0300] {logging_mixin.py:150} INFO - [2023-07-30T22:44:25.524+0300] {dagbag.py:541} INFO - Filling up the DagBag from /Users/olgastash/neoflex_env_airflow/lib/python3.10/site-packages/airflow/example_dags/example_branch_labels.py
[2023-07-30T22:44:25.548+0300] {processor.py:836} INFO - DAG(s) dict_keys(['example_branch_labels']) retrieved from /Users/olgastash/neoflex_env_airflow/lib/python3.10/site-packages/airflow/example_dags/example_branch_labels.py
[2023-07-30T22:44:26.536+0300] {logging_mixin.py:150} INFO - [2023-07-30T22:44:26.535+0300] {dag.py:2742} INFO - Sync 1 DAGs
[2023-07-30T22:44:26.556+0300] {logging_mixin.py:150} INFO - [2023-07-30T22:44:26.556+0300] {dag.py:3504} INFO - Setting next_dagrun for example_branch_labels to 2023-07-29T00:00:00+00:00, run_after=2023-07-30T00:00:00+00:00
[2023-07-30T22:44:26.577+0300] {processor.py:179} INFO - Processing /Users/olgastash/neoflex_env_airflow/lib/python3.10/site-packages/airflow/example_dags/example_branch_labels.py took 1.055 seconds
[2023-07-30T22:48:54.014+0300] {processor.py:157} INFO - Started process (PID=39498) to work on /Users/olgastash/neoflex_env_airflow/lib/python3.10/site-packages/airflow/example_dags/example_branch_labels.py
[2023-07-30T22:48:54.015+0300] {processor.py:826} INFO - Processing file /Users/olgastash/neoflex_env_airflow/lib/python3.10/site-packages/airflow/example_dags/example_branch_labels.py for tasks to queue
[2023-07-30T22:48:54.016+0300] {logging_mixin.py:150} INFO - [2023-07-30T22:48:54.015+0300] {dagbag.py:541} INFO - Filling up the DagBag from /Users/olgastash/neoflex_env_airflow/lib/python3.10/site-packages/airflow/example_dags/example_branch_labels.py
[2023-07-30T22:48:54.039+0300] {processor.py:836} INFO - DAG(s) dict_keys(['example_branch_labels']) retrieved from /Users/olgastash/neoflex_env_airflow/lib/python3.10/site-packages/airflow/example_dags/example_branch_labels.py
[2023-07-30T22:48:55.145+0300] {logging_mixin.py:150} INFO - [2023-07-30T22:48:55.145+0300] {dag.py:2742} INFO - Sync 1 DAGs
[2023-07-30T22:48:55.167+0300] {logging_mixin.py:150} INFO - [2023-07-30T22:48:55.166+0300] {dag.py:3504} INFO - Setting next_dagrun for example_branch_labels to 2023-07-29T00:00:00+00:00, run_after=2023-07-30T00:00:00+00:00
[2023-07-30T22:48:55.187+0300] {processor.py:179} INFO - Processing /Users/olgastash/neoflex_env_airflow/lib/python3.10/site-packages/airflow/example_dags/example_branch_labels.py took 1.174 seconds
[2023-07-30T22:53:24.963+0300] {processor.py:157} INFO - Started process (PID=39739) to work on /Users/olgastash/neoflex_env_airflow/lib/python3.10/site-packages/airflow/example_dags/example_branch_labels.py
[2023-07-30T22:53:24.964+0300] {processor.py:826} INFO - Processing file /Users/olgastash/neoflex_env_airflow/lib/python3.10/site-packages/airflow/example_dags/example_branch_labels.py for tasks to queue
[2023-07-30T22:53:24.965+0300] {logging_mixin.py:150} INFO - [2023-07-30T22:53:24.965+0300] {dagbag.py:541} INFO - Filling up the DagBag from /Users/olgastash/neoflex_env_airflow/lib/python3.10/site-packages/airflow/example_dags/example_branch_labels.py
[2023-07-30T22:53:24.990+0300] {processor.py:836} INFO - DAG(s) dict_keys(['example_branch_labels']) retrieved from /Users/olgastash/neoflex_env_airflow/lib/python3.10/site-packages/airflow/example_dags/example_branch_labels.py
[2023-07-30T22:53:26.012+0300] {logging_mixin.py:150} INFO - [2023-07-30T22:53:26.012+0300] {dag.py:2742} INFO - Sync 1 DAGs
[2023-07-30T22:53:26.034+0300] {logging_mixin.py:150} INFO - [2023-07-30T22:53:26.034+0300] {dag.py:3504} INFO - Setting next_dagrun for example_branch_labels to 2023-07-29T00:00:00+00:00, run_after=2023-07-30T00:00:00+00:00
[2023-07-30T22:53:26.058+0300] {processor.py:179} INFO - Processing /Users/olgastash/neoflex_env_airflow/lib/python3.10/site-packages/airflow/example_dags/example_branch_labels.py took 1.095 seconds
[2023-07-30T22:57:58.267+0300] {processor.py:157} INFO - Started process (PID=39962) to work on /Users/olgastash/neoflex_env_airflow/lib/python3.10/site-packages/airflow/example_dags/example_branch_labels.py
[2023-07-30T22:57:58.268+0300] {processor.py:826} INFO - Processing file /Users/olgastash/neoflex_env_airflow/lib/python3.10/site-packages/airflow/example_dags/example_branch_labels.py for tasks to queue
[2023-07-30T22:57:58.269+0300] {logging_mixin.py:150} INFO - [2023-07-30T22:57:58.269+0300] {dagbag.py:541} INFO - Filling up the DagBag from /Users/olgastash/neoflex_env_airflow/lib/python3.10/site-packages/airflow/example_dags/example_branch_labels.py
[2023-07-30T22:57:58.293+0300] {processor.py:836} INFO - DAG(s) dict_keys(['example_branch_labels']) retrieved from /Users/olgastash/neoflex_env_airflow/lib/python3.10/site-packages/airflow/example_dags/example_branch_labels.py
[2023-07-30T22:57:59.298+0300] {logging_mixin.py:150} INFO - [2023-07-30T22:57:59.297+0300] {dag.py:2742} INFO - Sync 1 DAGs
[2023-07-30T22:57:59.319+0300] {logging_mixin.py:150} INFO - [2023-07-30T22:57:59.319+0300] {dag.py:3504} INFO - Setting next_dagrun for example_branch_labels to 2023-07-29T00:00:00+00:00, run_after=2023-07-30T00:00:00+00:00
[2023-07-30T22:57:59.340+0300] {processor.py:179} INFO - Processing /Users/olgastash/neoflex_env_airflow/lib/python3.10/site-packages/airflow/example_dags/example_branch_labels.py took 1.073 seconds
[2023-07-30T23:02:29.908+0300] {processor.py:157} INFO - Started process (PID=40208) to work on /Users/olgastash/neoflex_env_airflow/lib/python3.10/site-packages/airflow/example_dags/example_branch_labels.py
[2023-07-30T23:02:29.909+0300] {processor.py:826} INFO - Processing file /Users/olgastash/neoflex_env_airflow/lib/python3.10/site-packages/airflow/example_dags/example_branch_labels.py for tasks to queue
[2023-07-30T23:02:29.909+0300] {logging_mixin.py:150} INFO - [2023-07-30T23:02:29.909+0300] {dagbag.py:541} INFO - Filling up the DagBag from /Users/olgastash/neoflex_env_airflow/lib/python3.10/site-packages/airflow/example_dags/example_branch_labels.py
[2023-07-30T23:02:29.934+0300] {processor.py:836} INFO - DAG(s) dict_keys(['example_branch_labels']) retrieved from /Users/olgastash/neoflex_env_airflow/lib/python3.10/site-packages/airflow/example_dags/example_branch_labels.py
[2023-07-30T23:02:30.941+0300] {logging_mixin.py:150} INFO - [2023-07-30T23:02:30.940+0300] {dag.py:2742} INFO - Sync 1 DAGs
[2023-07-30T23:02:30.962+0300] {logging_mixin.py:150} INFO - [2023-07-30T23:02:30.962+0300] {dag.py:3504} INFO - Setting next_dagrun for example_branch_labels to 2023-07-29T00:00:00+00:00, run_after=2023-07-30T00:00:00+00:00
[2023-07-30T23:02:30.982+0300] {processor.py:179} INFO - Processing /Users/olgastash/neoflex_env_airflow/lib/python3.10/site-packages/airflow/example_dags/example_branch_labels.py took 1.076 seconds
