[2023-07-30T18:29:21.154+0300] {processor.py:157} INFO - Started process (PID=28970) to work on /Users/olgastash/neoflex_env_airflow/lib/python3.10/site-packages/airflow/example_dags/example_external_task_marker_dag.py
[2023-07-30T18:29:21.155+0300] {processor.py:826} INFO - Processing file /Users/olgastash/neoflex_env_airflow/lib/python3.10/site-packages/airflow/example_dags/example_external_task_marker_dag.py for tasks to queue
[2023-07-30T18:29:21.155+0300] {logging_mixin.py:150} INFO - [2023-07-30T18:29:21.155+0300] {dagbag.py:541} INFO - Filling up the DagBag from /Users/olgastash/neoflex_env_airflow/lib/python3.10/site-packages/airflow/example_dags/example_external_task_marker_dag.py
[2023-07-30T18:29:21.178+0300] {processor.py:836} INFO - DAG(s) dict_keys(['example_external_task_marker_parent', 'example_external_task_marker_child']) retrieved from /Users/olgastash/neoflex_env_airflow/lib/python3.10/site-packages/airflow/example_dags/example_external_task_marker_dag.py
[2023-07-30T18:29:22.131+0300] {logging_mixin.py:150} INFO - [2023-07-30T18:29:22.130+0300] {manager.py:504} INFO - Created Permission View: can delete on DAG:example_external_task_marker_parent
[2023-07-30T18:29:22.140+0300] {logging_mixin.py:150} INFO - [2023-07-30T18:29:22.140+0300] {manager.py:504} INFO - Created Permission View: can read on DAG:example_external_task_marker_parent
[2023-07-30T18:29:22.146+0300] {logging_mixin.py:150} INFO - [2023-07-30T18:29:22.146+0300] {manager.py:504} INFO - Created Permission View: can edit on DAG:example_external_task_marker_parent
[2023-07-30T18:29:22.177+0300] {logging_mixin.py:150} INFO - [2023-07-30T18:29:22.176+0300] {manager.py:504} INFO - Created Permission View: can delete on DAG:example_external_task_marker_child
[2023-07-30T18:29:22.183+0300] {logging_mixin.py:150} INFO - [2023-07-30T18:29:22.183+0300] {manager.py:504} INFO - Created Permission View: can read on DAG:example_external_task_marker_child
[2023-07-30T18:29:22.189+0300] {logging_mixin.py:150} INFO - [2023-07-30T18:29:22.189+0300] {manager.py:504} INFO - Created Permission View: can edit on DAG:example_external_task_marker_child
[2023-07-30T18:29:22.194+0300] {logging_mixin.py:150} INFO - [2023-07-30T18:29:22.193+0300] {dag.py:2742} INFO - Sync 2 DAGs
[2023-07-30T18:29:22.204+0300] {logging_mixin.py:150} INFO - [2023-07-30T18:29:22.204+0300] {dag.py:2763} INFO - Creating ORM DAG for example_external_task_marker_parent
[2023-07-30T18:29:22.205+0300] {logging_mixin.py:150} INFO - [2023-07-30T18:29:22.204+0300] {dag.py:2763} INFO - Creating ORM DAG for example_external_task_marker_child
[2023-07-30T18:29:22.213+0300] {logging_mixin.py:150} INFO - [2023-07-30T18:29:22.213+0300] {dag.py:3504} INFO - Setting next_dagrun for example_external_task_marker_child to None, run_after=None
[2023-07-30T18:29:22.214+0300] {logging_mixin.py:150} INFO - [2023-07-30T18:29:22.214+0300] {dag.py:3504} INFO - Setting next_dagrun for example_external_task_marker_parent to None, run_after=None
[2023-07-30T18:29:22.233+0300] {processor.py:179} INFO - Processing /Users/olgastash/neoflex_env_airflow/lib/python3.10/site-packages/airflow/example_dags/example_external_task_marker_dag.py took 1.080 seconds
[2023-07-30T18:31:51.261+0300] {processor.py:157} INFO - Started process (PID=29085) to work on /Users/olgastash/neoflex_env_airflow/lib/python3.10/site-packages/airflow/example_dags/example_external_task_marker_dag.py
[2023-07-30T18:31:51.262+0300] {processor.py:826} INFO - Processing file /Users/olgastash/neoflex_env_airflow/lib/python3.10/site-packages/airflow/example_dags/example_external_task_marker_dag.py for tasks to queue
[2023-07-30T18:31:51.263+0300] {logging_mixin.py:150} INFO - [2023-07-30T18:31:51.262+0300] {dagbag.py:541} INFO - Filling up the DagBag from /Users/olgastash/neoflex_env_airflow/lib/python3.10/site-packages/airflow/example_dags/example_external_task_marker_dag.py
[2023-07-30T18:31:51.287+0300] {processor.py:836} INFO - DAG(s) dict_keys(['example_external_task_marker_parent', 'example_external_task_marker_child']) retrieved from /Users/olgastash/neoflex_env_airflow/lib/python3.10/site-packages/airflow/example_dags/example_external_task_marker_dag.py
[2023-07-30T18:31:52.174+0300] {logging_mixin.py:150} INFO - [2023-07-30T18:31:52.173+0300] {dag.py:2742} INFO - Sync 2 DAGs
[2023-07-30T18:31:52.192+0300] {logging_mixin.py:150} INFO - [2023-07-30T18:31:52.192+0300] {dag.py:3504} INFO - Setting next_dagrun for example_external_task_marker_child to None, run_after=None
[2023-07-30T18:31:52.195+0300] {logging_mixin.py:150} INFO - [2023-07-30T18:31:52.195+0300] {dag.py:3504} INFO - Setting next_dagrun for example_external_task_marker_parent to None, run_after=None
[2023-07-30T18:31:52.213+0300] {processor.py:179} INFO - Processing /Users/olgastash/neoflex_env_airflow/lib/python3.10/site-packages/airflow/example_dags/example_external_task_marker_dag.py took 0.953 seconds
[2023-07-30T18:35:49.060+0300] {processor.py:157} INFO - Started process (PID=29242) to work on /Users/olgastash/neoflex_env_airflow/lib/python3.10/site-packages/airflow/example_dags/example_external_task_marker_dag.py
[2023-07-30T18:35:49.061+0300] {processor.py:826} INFO - Processing file /Users/olgastash/neoflex_env_airflow/lib/python3.10/site-packages/airflow/example_dags/example_external_task_marker_dag.py for tasks to queue
[2023-07-30T18:35:49.061+0300] {logging_mixin.py:150} INFO - [2023-07-30T18:35:49.061+0300] {dagbag.py:541} INFO - Filling up the DagBag from /Users/olgastash/neoflex_env_airflow/lib/python3.10/site-packages/airflow/example_dags/example_external_task_marker_dag.py
[2023-07-30T18:35:49.084+0300] {processor.py:836} INFO - DAG(s) dict_keys(['example_external_task_marker_child', 'example_external_task_marker_parent']) retrieved from /Users/olgastash/neoflex_env_airflow/lib/python3.10/site-packages/airflow/example_dags/example_external_task_marker_dag.py
[2023-07-30T18:35:49.945+0300] {logging_mixin.py:150} INFO - [2023-07-30T18:35:49.943+0300] {dag.py:2742} INFO - Sync 2 DAGs
[2023-07-30T18:35:49.962+0300] {logging_mixin.py:150} INFO - [2023-07-30T18:35:49.962+0300] {dag.py:3504} INFO - Setting next_dagrun for example_external_task_marker_child to None, run_after=None
[2023-07-30T18:35:49.965+0300] {logging_mixin.py:150} INFO - [2023-07-30T18:35:49.965+0300] {dag.py:3504} INFO - Setting next_dagrun for example_external_task_marker_parent to None, run_after=None
[2023-07-30T18:35:49.982+0300] {processor.py:179} INFO - Processing /Users/olgastash/neoflex_env_airflow/lib/python3.10/site-packages/airflow/example_dags/example_external_task_marker_dag.py took 0.923 seconds
[2023-07-30T18:39:43.053+0300] {processor.py:157} INFO - Started process (PID=29387) to work on /Users/olgastash/neoflex_env_airflow/lib/python3.10/site-packages/airflow/example_dags/example_external_task_marker_dag.py
[2023-07-30T18:39:43.054+0300] {processor.py:826} INFO - Processing file /Users/olgastash/neoflex_env_airflow/lib/python3.10/site-packages/airflow/example_dags/example_external_task_marker_dag.py for tasks to queue
[2023-07-30T18:39:43.055+0300] {logging_mixin.py:150} INFO - [2023-07-30T18:39:43.055+0300] {dagbag.py:541} INFO - Filling up the DagBag from /Users/olgastash/neoflex_env_airflow/lib/python3.10/site-packages/airflow/example_dags/example_external_task_marker_dag.py
[2023-07-30T18:39:43.079+0300] {processor.py:836} INFO - DAG(s) dict_keys(['example_external_task_marker_child', 'example_external_task_marker_parent']) retrieved from /Users/olgastash/neoflex_env_airflow/lib/python3.10/site-packages/airflow/example_dags/example_external_task_marker_dag.py
[2023-07-30T18:39:44.044+0300] {logging_mixin.py:150} INFO - [2023-07-30T18:39:44.043+0300] {dag.py:2742} INFO - Sync 2 DAGs
[2023-07-30T18:39:44.063+0300] {logging_mixin.py:150} INFO - [2023-07-30T18:39:44.063+0300] {dag.py:3504} INFO - Setting next_dagrun for example_external_task_marker_child to None, run_after=None
[2023-07-30T18:39:44.066+0300] {logging_mixin.py:150} INFO - [2023-07-30T18:39:44.066+0300] {dag.py:3504} INFO - Setting next_dagrun for example_external_task_marker_parent to None, run_after=None
[2023-07-30T18:39:44.083+0300] {processor.py:179} INFO - Processing /Users/olgastash/neoflex_env_airflow/lib/python3.10/site-packages/airflow/example_dags/example_external_task_marker_dag.py took 1.030 seconds
[2023-07-30T18:43:40.223+0300] {processor.py:157} INFO - Started process (PID=29587) to work on /Users/olgastash/neoflex_env_airflow/lib/python3.10/site-packages/airflow/example_dags/example_external_task_marker_dag.py
[2023-07-30T18:43:40.224+0300] {processor.py:826} INFO - Processing file /Users/olgastash/neoflex_env_airflow/lib/python3.10/site-packages/airflow/example_dags/example_external_task_marker_dag.py for tasks to queue
[2023-07-30T18:43:40.225+0300] {logging_mixin.py:150} INFO - [2023-07-30T18:43:40.225+0300] {dagbag.py:541} INFO - Filling up the DagBag from /Users/olgastash/neoflex_env_airflow/lib/python3.10/site-packages/airflow/example_dags/example_external_task_marker_dag.py
[2023-07-30T18:43:40.247+0300] {processor.py:836} INFO - DAG(s) dict_keys(['example_external_task_marker_child', 'example_external_task_marker_parent']) retrieved from /Users/olgastash/neoflex_env_airflow/lib/python3.10/site-packages/airflow/example_dags/example_external_task_marker_dag.py
[2023-07-30T18:43:41.108+0300] {logging_mixin.py:150} INFO - [2023-07-30T18:43:41.107+0300] {dag.py:2742} INFO - Sync 2 DAGs
[2023-07-30T18:43:41.127+0300] {logging_mixin.py:150} INFO - [2023-07-30T18:43:41.127+0300] {dag.py:3504} INFO - Setting next_dagrun for example_external_task_marker_child to None, run_after=None
[2023-07-30T18:43:41.130+0300] {logging_mixin.py:150} INFO - [2023-07-30T18:43:41.129+0300] {dag.py:3504} INFO - Setting next_dagrun for example_external_task_marker_parent to None, run_after=None
[2023-07-30T18:43:41.147+0300] {processor.py:179} INFO - Processing /Users/olgastash/neoflex_env_airflow/lib/python3.10/site-packages/airflow/example_dags/example_external_task_marker_dag.py took 0.924 seconds
[2023-07-30T18:47:33.767+0300] {processor.py:157} INFO - Started process (PID=29806) to work on /Users/olgastash/neoflex_env_airflow/lib/python3.10/site-packages/airflow/example_dags/example_external_task_marker_dag.py
[2023-07-30T18:47:33.768+0300] {processor.py:826} INFO - Processing file /Users/olgastash/neoflex_env_airflow/lib/python3.10/site-packages/airflow/example_dags/example_external_task_marker_dag.py for tasks to queue
[2023-07-30T18:47:33.769+0300] {logging_mixin.py:150} INFO - [2023-07-30T18:47:33.769+0300] {dagbag.py:541} INFO - Filling up the DagBag from /Users/olgastash/neoflex_env_airflow/lib/python3.10/site-packages/airflow/example_dags/example_external_task_marker_dag.py
[2023-07-30T18:47:33.792+0300] {processor.py:836} INFO - DAG(s) dict_keys(['example_external_task_marker_parent', 'example_external_task_marker_child']) retrieved from /Users/olgastash/neoflex_env_airflow/lib/python3.10/site-packages/airflow/example_dags/example_external_task_marker_dag.py
[2023-07-30T18:47:34.675+0300] {logging_mixin.py:150} INFO - [2023-07-30T18:47:34.675+0300] {dag.py:2742} INFO - Sync 2 DAGs
[2023-07-30T18:47:34.694+0300] {logging_mixin.py:150} INFO - [2023-07-30T18:47:34.693+0300] {dag.py:3504} INFO - Setting next_dagrun for example_external_task_marker_child to None, run_after=None
[2023-07-30T18:47:34.697+0300] {logging_mixin.py:150} INFO - [2023-07-30T18:47:34.696+0300] {dag.py:3504} INFO - Setting next_dagrun for example_external_task_marker_parent to None, run_after=None
[2023-07-30T18:47:34.714+0300] {processor.py:179} INFO - Processing /Users/olgastash/neoflex_env_airflow/lib/python3.10/site-packages/airflow/example_dags/example_external_task_marker_dag.py took 0.947 seconds
[2023-07-30T18:51:23.710+0300] {processor.py:157} INFO - Started process (PID=29992) to work on /Users/olgastash/neoflex_env_airflow/lib/python3.10/site-packages/airflow/example_dags/example_external_task_marker_dag.py
[2023-07-30T18:51:23.711+0300] {processor.py:826} INFO - Processing file /Users/olgastash/neoflex_env_airflow/lib/python3.10/site-packages/airflow/example_dags/example_external_task_marker_dag.py for tasks to queue
[2023-07-30T18:51:23.712+0300] {logging_mixin.py:150} INFO - [2023-07-30T18:51:23.712+0300] {dagbag.py:541} INFO - Filling up the DagBag from /Users/olgastash/neoflex_env_airflow/lib/python3.10/site-packages/airflow/example_dags/example_external_task_marker_dag.py
[2023-07-30T18:51:23.735+0300] {processor.py:836} INFO - DAG(s) dict_keys(['example_external_task_marker_child', 'example_external_task_marker_parent']) retrieved from /Users/olgastash/neoflex_env_airflow/lib/python3.10/site-packages/airflow/example_dags/example_external_task_marker_dag.py
[2023-07-30T18:51:24.604+0300] {logging_mixin.py:150} INFO - [2023-07-30T18:51:24.603+0300] {dag.py:2742} INFO - Sync 2 DAGs
[2023-07-30T18:51:24.623+0300] {logging_mixin.py:150} INFO - [2023-07-30T18:51:24.622+0300] {dag.py:3504} INFO - Setting next_dagrun for example_external_task_marker_child to None, run_after=None
[2023-07-30T18:51:24.625+0300] {logging_mixin.py:150} INFO - [2023-07-30T18:51:24.625+0300] {dag.py:3504} INFO - Setting next_dagrun for example_external_task_marker_parent to None, run_after=None
[2023-07-30T18:51:24.642+0300] {processor.py:179} INFO - Processing /Users/olgastash/neoflex_env_airflow/lib/python3.10/site-packages/airflow/example_dags/example_external_task_marker_dag.py took 0.933 seconds
[2023-07-30T18:55:09.645+0300] {processor.py:157} INFO - Started process (PID=30194) to work on /Users/olgastash/neoflex_env_airflow/lib/python3.10/site-packages/airflow/example_dags/example_external_task_marker_dag.py
[2023-07-30T18:55:09.646+0300] {processor.py:826} INFO - Processing file /Users/olgastash/neoflex_env_airflow/lib/python3.10/site-packages/airflow/example_dags/example_external_task_marker_dag.py for tasks to queue
[2023-07-30T18:55:09.646+0300] {logging_mixin.py:150} INFO - [2023-07-30T18:55:09.646+0300] {dagbag.py:541} INFO - Filling up the DagBag from /Users/olgastash/neoflex_env_airflow/lib/python3.10/site-packages/airflow/example_dags/example_external_task_marker_dag.py
[2023-07-30T18:55:09.669+0300] {processor.py:836} INFO - DAG(s) dict_keys(['example_external_task_marker_parent', 'example_external_task_marker_child']) retrieved from /Users/olgastash/neoflex_env_airflow/lib/python3.10/site-packages/airflow/example_dags/example_external_task_marker_dag.py
[2023-07-30T18:55:10.535+0300] {logging_mixin.py:150} INFO - [2023-07-30T18:55:10.535+0300] {dag.py:2742} INFO - Sync 2 DAGs
[2023-07-30T18:55:10.554+0300] {logging_mixin.py:150} INFO - [2023-07-30T18:55:10.553+0300] {dag.py:3504} INFO - Setting next_dagrun for example_external_task_marker_child to None, run_after=None
[2023-07-30T18:55:10.556+0300] {logging_mixin.py:150} INFO - [2023-07-30T18:55:10.556+0300] {dag.py:3504} INFO - Setting next_dagrun for example_external_task_marker_parent to None, run_after=None
[2023-07-30T18:55:10.573+0300] {processor.py:179} INFO - Processing /Users/olgastash/neoflex_env_airflow/lib/python3.10/site-packages/airflow/example_dags/example_external_task_marker_dag.py took 0.929 seconds
[2023-07-30T18:58:57.816+0300] {processor.py:157} INFO - Started process (PID=30381) to work on /Users/olgastash/neoflex_env_airflow/lib/python3.10/site-packages/airflow/example_dags/example_external_task_marker_dag.py
[2023-07-30T18:58:57.818+0300] {processor.py:826} INFO - Processing file /Users/olgastash/neoflex_env_airflow/lib/python3.10/site-packages/airflow/example_dags/example_external_task_marker_dag.py for tasks to queue
[2023-07-30T18:58:57.818+0300] {logging_mixin.py:150} INFO - [2023-07-30T18:58:57.818+0300] {dagbag.py:541} INFO - Filling up the DagBag from /Users/olgastash/neoflex_env_airflow/lib/python3.10/site-packages/airflow/example_dags/example_external_task_marker_dag.py
[2023-07-30T18:58:57.841+0300] {processor.py:836} INFO - DAG(s) dict_keys(['example_external_task_marker_child', 'example_external_task_marker_parent']) retrieved from /Users/olgastash/neoflex_env_airflow/lib/python3.10/site-packages/airflow/example_dags/example_external_task_marker_dag.py
[2023-07-30T18:58:58.808+0300] {logging_mixin.py:150} INFO - [2023-07-30T18:58:58.808+0300] {dag.py:2742} INFO - Sync 2 DAGs
[2023-07-30T18:58:58.826+0300] {logging_mixin.py:150} INFO - [2023-07-30T18:58:58.826+0300] {dag.py:3504} INFO - Setting next_dagrun for example_external_task_marker_child to None, run_after=None
[2023-07-30T18:58:58.828+0300] {logging_mixin.py:150} INFO - [2023-07-30T18:58:58.828+0300] {dag.py:3504} INFO - Setting next_dagrun for example_external_task_marker_parent to None, run_after=None
[2023-07-30T18:58:58.849+0300] {processor.py:179} INFO - Processing /Users/olgastash/neoflex_env_airflow/lib/python3.10/site-packages/airflow/example_dags/example_external_task_marker_dag.py took 1.033 seconds
[2023-07-30T19:03:08.507+0300] {processor.py:157} INFO - Started process (PID=30556) to work on /Users/olgastash/neoflex_env_airflow/lib/python3.10/site-packages/airflow/example_dags/example_external_task_marker_dag.py
[2023-07-30T19:03:08.508+0300] {processor.py:826} INFO - Processing file /Users/olgastash/neoflex_env_airflow/lib/python3.10/site-packages/airflow/example_dags/example_external_task_marker_dag.py for tasks to queue
[2023-07-30T19:03:08.509+0300] {logging_mixin.py:150} INFO - [2023-07-30T19:03:08.508+0300] {dagbag.py:541} INFO - Filling up the DagBag from /Users/olgastash/neoflex_env_airflow/lib/python3.10/site-packages/airflow/example_dags/example_external_task_marker_dag.py
[2023-07-30T19:03:08.532+0300] {processor.py:836} INFO - DAG(s) dict_keys(['example_external_task_marker_child', 'example_external_task_marker_parent']) retrieved from /Users/olgastash/neoflex_env_airflow/lib/python3.10/site-packages/airflow/example_dags/example_external_task_marker_dag.py
[2023-07-30T19:03:09.523+0300] {logging_mixin.py:150} INFO - [2023-07-30T19:03:09.522+0300] {dag.py:2742} INFO - Sync 2 DAGs
[2023-07-30T19:03:09.542+0300] {logging_mixin.py:150} INFO - [2023-07-30T19:03:09.542+0300] {dag.py:3504} INFO - Setting next_dagrun for example_external_task_marker_child to None, run_after=None
[2023-07-30T19:03:09.545+0300] {logging_mixin.py:150} INFO - [2023-07-30T19:03:09.544+0300] {dag.py:3504} INFO - Setting next_dagrun for example_external_task_marker_parent to None, run_after=None
[2023-07-30T19:03:09.561+0300] {processor.py:179} INFO - Processing /Users/olgastash/neoflex_env_airflow/lib/python3.10/site-packages/airflow/example_dags/example_external_task_marker_dag.py took 1.055 seconds
[2023-07-30T19:07:15.033+0300] {processor.py:157} INFO - Started process (PID=30693) to work on /Users/olgastash/neoflex_env_airflow/lib/python3.10/site-packages/airflow/example_dags/example_external_task_marker_dag.py
[2023-07-30T19:07:15.034+0300] {processor.py:826} INFO - Processing file /Users/olgastash/neoflex_env_airflow/lib/python3.10/site-packages/airflow/example_dags/example_external_task_marker_dag.py for tasks to queue
[2023-07-30T19:07:15.035+0300] {logging_mixin.py:150} INFO - [2023-07-30T19:07:15.035+0300] {dagbag.py:541} INFO - Filling up the DagBag from /Users/olgastash/neoflex_env_airflow/lib/python3.10/site-packages/airflow/example_dags/example_external_task_marker_dag.py
[2023-07-30T19:07:15.058+0300] {processor.py:836} INFO - DAG(s) dict_keys(['example_external_task_marker_parent', 'example_external_task_marker_child']) retrieved from /Users/olgastash/neoflex_env_airflow/lib/python3.10/site-packages/airflow/example_dags/example_external_task_marker_dag.py
[2023-07-30T19:07:16.047+0300] {logging_mixin.py:150} INFO - [2023-07-30T19:07:16.046+0300] {dag.py:2742} INFO - Sync 2 DAGs
[2023-07-30T19:07:16.064+0300] {logging_mixin.py:150} INFO - [2023-07-30T19:07:16.064+0300] {dag.py:3504} INFO - Setting next_dagrun for example_external_task_marker_child to None, run_after=None
[2023-07-30T19:07:16.066+0300] {logging_mixin.py:150} INFO - [2023-07-30T19:07:16.066+0300] {dag.py:3504} INFO - Setting next_dagrun for example_external_task_marker_parent to None, run_after=None
[2023-07-30T19:07:16.087+0300] {processor.py:179} INFO - Processing /Users/olgastash/neoflex_env_airflow/lib/python3.10/site-packages/airflow/example_dags/example_external_task_marker_dag.py took 1.055 seconds
[2023-07-30T19:11:11.879+0300] {processor.py:157} INFO - Started process (PID=30831) to work on /Users/olgastash/neoflex_env_airflow/lib/python3.10/site-packages/airflow/example_dags/example_external_task_marker_dag.py
[2023-07-30T19:11:11.880+0300] {processor.py:826} INFO - Processing file /Users/olgastash/neoflex_env_airflow/lib/python3.10/site-packages/airflow/example_dags/example_external_task_marker_dag.py for tasks to queue
[2023-07-30T19:11:11.880+0300] {logging_mixin.py:150} INFO - [2023-07-30T19:11:11.880+0300] {dagbag.py:541} INFO - Filling up the DagBag from /Users/olgastash/neoflex_env_airflow/lib/python3.10/site-packages/airflow/example_dags/example_external_task_marker_dag.py
[2023-07-30T19:11:11.904+0300] {processor.py:836} INFO - DAG(s) dict_keys(['example_external_task_marker_child', 'example_external_task_marker_parent']) retrieved from /Users/olgastash/neoflex_env_airflow/lib/python3.10/site-packages/airflow/example_dags/example_external_task_marker_dag.py
[2023-07-30T19:11:12.896+0300] {logging_mixin.py:150} INFO - [2023-07-30T19:11:12.896+0300] {dag.py:2742} INFO - Sync 2 DAGs
[2023-07-30T19:11:12.915+0300] {logging_mixin.py:150} INFO - [2023-07-30T19:11:12.915+0300] {dag.py:3504} INFO - Setting next_dagrun for example_external_task_marker_child to None, run_after=None
[2023-07-30T19:11:12.917+0300] {logging_mixin.py:150} INFO - [2023-07-30T19:11:12.917+0300] {dag.py:3504} INFO - Setting next_dagrun for example_external_task_marker_parent to None, run_after=None
[2023-07-30T19:11:12.939+0300] {processor.py:179} INFO - Processing /Users/olgastash/neoflex_env_airflow/lib/python3.10/site-packages/airflow/example_dags/example_external_task_marker_dag.py took 1.061 seconds
[2023-07-30T19:15:27.510+0300] {processor.py:157} INFO - Started process (PID=30986) to work on /Users/olgastash/neoflex_env_airflow/lib/python3.10/site-packages/airflow/example_dags/example_external_task_marker_dag.py
[2023-07-30T19:15:27.511+0300] {processor.py:826} INFO - Processing file /Users/olgastash/neoflex_env_airflow/lib/python3.10/site-packages/airflow/example_dags/example_external_task_marker_dag.py for tasks to queue
[2023-07-30T19:15:27.512+0300] {logging_mixin.py:150} INFO - [2023-07-30T19:15:27.512+0300] {dagbag.py:541} INFO - Filling up the DagBag from /Users/olgastash/neoflex_env_airflow/lib/python3.10/site-packages/airflow/example_dags/example_external_task_marker_dag.py
[2023-07-30T19:15:27.535+0300] {processor.py:836} INFO - DAG(s) dict_keys(['example_external_task_marker_child', 'example_external_task_marker_parent']) retrieved from /Users/olgastash/neoflex_env_airflow/lib/python3.10/site-packages/airflow/example_dags/example_external_task_marker_dag.py
[2023-07-30T19:15:28.508+0300] {logging_mixin.py:150} INFO - [2023-07-30T19:15:28.508+0300] {dag.py:2742} INFO - Sync 2 DAGs
[2023-07-30T19:15:28.526+0300] {logging_mixin.py:150} INFO - [2023-07-30T19:15:28.526+0300] {dag.py:3504} INFO - Setting next_dagrun for example_external_task_marker_child to None, run_after=None
[2023-07-30T19:15:28.528+0300] {logging_mixin.py:150} INFO - [2023-07-30T19:15:28.528+0300] {dag.py:3504} INFO - Setting next_dagrun for example_external_task_marker_parent to None, run_after=None
[2023-07-30T19:15:28.549+0300] {processor.py:179} INFO - Processing /Users/olgastash/neoflex_env_airflow/lib/python3.10/site-packages/airflow/example_dags/example_external_task_marker_dag.py took 1.040 seconds
[2023-07-30T19:19:34.769+0300] {processor.py:157} INFO - Started process (PID=31203) to work on /Users/olgastash/neoflex_env_airflow/lib/python3.10/site-packages/airflow/example_dags/example_external_task_marker_dag.py
[2023-07-30T19:19:34.770+0300] {processor.py:826} INFO - Processing file /Users/olgastash/neoflex_env_airflow/lib/python3.10/site-packages/airflow/example_dags/example_external_task_marker_dag.py for tasks to queue
[2023-07-30T19:19:34.771+0300] {logging_mixin.py:150} INFO - [2023-07-30T19:19:34.770+0300] {dagbag.py:541} INFO - Filling up the DagBag from /Users/olgastash/neoflex_env_airflow/lib/python3.10/site-packages/airflow/example_dags/example_external_task_marker_dag.py
[2023-07-30T19:19:34.795+0300] {processor.py:836} INFO - DAG(s) dict_keys(['example_external_task_marker_child', 'example_external_task_marker_parent']) retrieved from /Users/olgastash/neoflex_env_airflow/lib/python3.10/site-packages/airflow/example_dags/example_external_task_marker_dag.py
[2023-07-30T19:19:35.878+0300] {logging_mixin.py:150} INFO - [2023-07-30T19:19:35.878+0300] {dag.py:2742} INFO - Sync 2 DAGs
[2023-07-30T19:19:35.898+0300] {logging_mixin.py:150} INFO - [2023-07-30T19:19:35.898+0300] {dag.py:3504} INFO - Setting next_dagrun for example_external_task_marker_child to None, run_after=None
[2023-07-30T19:19:35.900+0300] {logging_mixin.py:150} INFO - [2023-07-30T19:19:35.900+0300] {dag.py:3504} INFO - Setting next_dagrun for example_external_task_marker_parent to None, run_after=None
[2023-07-30T19:19:35.923+0300] {processor.py:179} INFO - Processing /Users/olgastash/neoflex_env_airflow/lib/python3.10/site-packages/airflow/example_dags/example_external_task_marker_dag.py took 1.155 seconds
[2023-07-30T19:23:47.884+0300] {processor.py:157} INFO - Started process (PID=31353) to work on /Users/olgastash/neoflex_env_airflow/lib/python3.10/site-packages/airflow/example_dags/example_external_task_marker_dag.py
[2023-07-30T19:23:47.885+0300] {processor.py:826} INFO - Processing file /Users/olgastash/neoflex_env_airflow/lib/python3.10/site-packages/airflow/example_dags/example_external_task_marker_dag.py for tasks to queue
[2023-07-30T19:23:47.885+0300] {logging_mixin.py:150} INFO - [2023-07-30T19:23:47.885+0300] {dagbag.py:541} INFO - Filling up the DagBag from /Users/olgastash/neoflex_env_airflow/lib/python3.10/site-packages/airflow/example_dags/example_external_task_marker_dag.py
[2023-07-30T19:23:47.908+0300] {processor.py:836} INFO - DAG(s) dict_keys(['example_external_task_marker_child', 'example_external_task_marker_parent']) retrieved from /Users/olgastash/neoflex_env_airflow/lib/python3.10/site-packages/airflow/example_dags/example_external_task_marker_dag.py
[2023-07-30T19:23:48.775+0300] {logging_mixin.py:150} INFO - [2023-07-30T19:23:48.774+0300] {dag.py:2742} INFO - Sync 2 DAGs
[2023-07-30T19:23:48.793+0300] {logging_mixin.py:150} INFO - [2023-07-30T19:23:48.793+0300] {dag.py:3504} INFO - Setting next_dagrun for example_external_task_marker_child to None, run_after=None
[2023-07-30T19:23:48.796+0300] {logging_mixin.py:150} INFO - [2023-07-30T19:23:48.796+0300] {dag.py:3504} INFO - Setting next_dagrun for example_external_task_marker_parent to None, run_after=None
[2023-07-30T19:23:48.813+0300] {processor.py:179} INFO - Processing /Users/olgastash/neoflex_env_airflow/lib/python3.10/site-packages/airflow/example_dags/example_external_task_marker_dag.py took 0.930 seconds
[2023-07-30T19:27:49.298+0300] {processor.py:157} INFO - Started process (PID=31495) to work on /Users/olgastash/neoflex_env_airflow/lib/python3.10/site-packages/airflow/example_dags/example_external_task_marker_dag.py
[2023-07-30T19:27:49.299+0300] {processor.py:826} INFO - Processing file /Users/olgastash/neoflex_env_airflow/lib/python3.10/site-packages/airflow/example_dags/example_external_task_marker_dag.py for tasks to queue
[2023-07-30T19:27:49.300+0300] {logging_mixin.py:150} INFO - [2023-07-30T19:27:49.299+0300] {dagbag.py:541} INFO - Filling up the DagBag from /Users/olgastash/neoflex_env_airflow/lib/python3.10/site-packages/airflow/example_dags/example_external_task_marker_dag.py
[2023-07-30T19:27:49.322+0300] {processor.py:836} INFO - DAG(s) dict_keys(['example_external_task_marker_parent', 'example_external_task_marker_child']) retrieved from /Users/olgastash/neoflex_env_airflow/lib/python3.10/site-packages/airflow/example_dags/example_external_task_marker_dag.py
[2023-07-30T19:27:50.300+0300] {logging_mixin.py:150} INFO - [2023-07-30T19:27:50.300+0300] {dag.py:2742} INFO - Sync 2 DAGs
[2023-07-30T19:27:50.318+0300] {logging_mixin.py:150} INFO - [2023-07-30T19:27:50.317+0300] {dag.py:3504} INFO - Setting next_dagrun for example_external_task_marker_child to None, run_after=None
[2023-07-30T19:27:50.320+0300] {logging_mixin.py:150} INFO - [2023-07-30T19:27:50.319+0300] {dag.py:3504} INFO - Setting next_dagrun for example_external_task_marker_parent to None, run_after=None
[2023-07-30T19:27:50.340+0300] {processor.py:179} INFO - Processing /Users/olgastash/neoflex_env_airflow/lib/python3.10/site-packages/airflow/example_dags/example_external_task_marker_dag.py took 1.043 seconds
[2023-07-30T20:12:00.858+0300] {processor.py:157} INFO - Started process (PID=31776) to work on /Users/olgastash/neoflex_env_airflow/lib/python3.10/site-packages/airflow/example_dags/example_external_task_marker_dag.py
[2023-07-30T20:12:00.859+0300] {processor.py:826} INFO - Processing file /Users/olgastash/neoflex_env_airflow/lib/python3.10/site-packages/airflow/example_dags/example_external_task_marker_dag.py for tasks to queue
[2023-07-30T20:12:00.860+0300] {logging_mixin.py:150} INFO - [2023-07-30T20:12:00.860+0300] {dagbag.py:541} INFO - Filling up the DagBag from /Users/olgastash/neoflex_env_airflow/lib/python3.10/site-packages/airflow/example_dags/example_external_task_marker_dag.py
[2023-07-30T20:12:00.882+0300] {processor.py:836} INFO - DAG(s) dict_keys(['example_external_task_marker_child', 'example_external_task_marker_parent']) retrieved from /Users/olgastash/neoflex_env_airflow/lib/python3.10/site-packages/airflow/example_dags/example_external_task_marker_dag.py
[2023-07-30T20:12:01.861+0300] {logging_mixin.py:150} INFO - [2023-07-30T20:12:01.861+0300] {dag.py:2742} INFO - Sync 2 DAGs
[2023-07-30T20:12:01.879+0300] {logging_mixin.py:150} INFO - [2023-07-30T20:12:01.879+0300] {dag.py:3504} INFO - Setting next_dagrun for example_external_task_marker_child to None, run_after=None
[2023-07-30T20:12:01.881+0300] {logging_mixin.py:150} INFO - [2023-07-30T20:12:01.881+0300] {dag.py:3504} INFO - Setting next_dagrun for example_external_task_marker_parent to None, run_after=None
[2023-07-30T20:12:01.901+0300] {processor.py:179} INFO - Processing /Users/olgastash/neoflex_env_airflow/lib/python3.10/site-packages/airflow/example_dags/example_external_task_marker_dag.py took 1.044 seconds
[2023-07-30T20:16:21.335+0300] {processor.py:157} INFO - Started process (PID=31997) to work on /Users/olgastash/neoflex_env_airflow/lib/python3.10/site-packages/airflow/example_dags/example_external_task_marker_dag.py
[2023-07-30T20:16:21.336+0300] {processor.py:826} INFO - Processing file /Users/olgastash/neoflex_env_airflow/lib/python3.10/site-packages/airflow/example_dags/example_external_task_marker_dag.py for tasks to queue
[2023-07-30T20:16:21.337+0300] {logging_mixin.py:150} INFO - [2023-07-30T20:16:21.336+0300] {dagbag.py:541} INFO - Filling up the DagBag from /Users/olgastash/neoflex_env_airflow/lib/python3.10/site-packages/airflow/example_dags/example_external_task_marker_dag.py
[2023-07-30T20:16:21.359+0300] {processor.py:836} INFO - DAG(s) dict_keys(['example_external_task_marker_parent', 'example_external_task_marker_child']) retrieved from /Users/olgastash/neoflex_env_airflow/lib/python3.10/site-packages/airflow/example_dags/example_external_task_marker_dag.py
[2023-07-30T20:16:22.372+0300] {logging_mixin.py:150} INFO - [2023-07-30T20:16:22.371+0300] {dag.py:2742} INFO - Sync 2 DAGs
[2023-07-30T20:16:22.389+0300] {logging_mixin.py:150} INFO - [2023-07-30T20:16:22.389+0300] {dag.py:3504} INFO - Setting next_dagrun for example_external_task_marker_child to None, run_after=None
[2023-07-30T20:16:22.391+0300] {logging_mixin.py:150} INFO - [2023-07-30T20:16:22.391+0300] {dag.py:3504} INFO - Setting next_dagrun for example_external_task_marker_parent to None, run_after=None
[2023-07-30T20:16:22.412+0300] {processor.py:179} INFO - Processing /Users/olgastash/neoflex_env_airflow/lib/python3.10/site-packages/airflow/example_dags/example_external_task_marker_dag.py took 1.077 seconds
[2023-07-30T20:20:57.763+0300] {processor.py:157} INFO - Started process (PID=32221) to work on /Users/olgastash/neoflex_env_airflow/lib/python3.10/site-packages/airflow/example_dags/example_external_task_marker_dag.py
[2023-07-30T20:20:57.765+0300] {processor.py:826} INFO - Processing file /Users/olgastash/neoflex_env_airflow/lib/python3.10/site-packages/airflow/example_dags/example_external_task_marker_dag.py for tasks to queue
[2023-07-30T20:20:57.766+0300] {logging_mixin.py:150} INFO - [2023-07-30T20:20:57.766+0300] {dagbag.py:541} INFO - Filling up the DagBag from /Users/olgastash/neoflex_env_airflow/lib/python3.10/site-packages/airflow/example_dags/example_external_task_marker_dag.py
[2023-07-30T20:20:57.788+0300] {processor.py:836} INFO - DAG(s) dict_keys(['example_external_task_marker_child', 'example_external_task_marker_parent']) retrieved from /Users/olgastash/neoflex_env_airflow/lib/python3.10/site-packages/airflow/example_dags/example_external_task_marker_dag.py
[2023-07-30T20:20:58.774+0300] {logging_mixin.py:150} INFO - [2023-07-30T20:20:58.774+0300] {dag.py:2742} INFO - Sync 2 DAGs
[2023-07-30T20:20:58.792+0300] {logging_mixin.py:150} INFO - [2023-07-30T20:20:58.792+0300] {dag.py:3504} INFO - Setting next_dagrun for example_external_task_marker_child to None, run_after=None
[2023-07-30T20:20:58.794+0300] {logging_mixin.py:150} INFO - [2023-07-30T20:20:58.794+0300] {dag.py:3504} INFO - Setting next_dagrun for example_external_task_marker_parent to None, run_after=None
[2023-07-30T20:20:58.816+0300] {processor.py:179} INFO - Processing /Users/olgastash/neoflex_env_airflow/lib/python3.10/site-packages/airflow/example_dags/example_external_task_marker_dag.py took 1.053 seconds
[2023-07-30T20:25:18.528+0300] {processor.py:157} INFO - Started process (PID=32511) to work on /Users/olgastash/neoflex_env_airflow/lib/python3.10/site-packages/airflow/example_dags/example_external_task_marker_dag.py
[2023-07-30T20:25:18.530+0300] {processor.py:826} INFO - Processing file /Users/olgastash/neoflex_env_airflow/lib/python3.10/site-packages/airflow/example_dags/example_external_task_marker_dag.py for tasks to queue
[2023-07-30T20:25:18.530+0300] {logging_mixin.py:150} INFO - [2023-07-30T20:25:18.530+0300] {dagbag.py:541} INFO - Filling up the DagBag from /Users/olgastash/neoflex_env_airflow/lib/python3.10/site-packages/airflow/example_dags/example_external_task_marker_dag.py
[2023-07-30T20:25:18.555+0300] {processor.py:836} INFO - DAG(s) dict_keys(['example_external_task_marker_parent', 'example_external_task_marker_child']) retrieved from /Users/olgastash/neoflex_env_airflow/lib/python3.10/site-packages/airflow/example_dags/example_external_task_marker_dag.py
[2023-07-30T20:25:19.671+0300] {logging_mixin.py:150} INFO - [2023-07-30T20:25:19.670+0300] {dag.py:2742} INFO - Sync 2 DAGs
[2023-07-30T20:25:19.690+0300] {logging_mixin.py:150} INFO - [2023-07-30T20:25:19.690+0300] {dag.py:3504} INFO - Setting next_dagrun for example_external_task_marker_child to None, run_after=None
[2023-07-30T20:25:19.692+0300] {logging_mixin.py:150} INFO - [2023-07-30T20:25:19.692+0300] {dag.py:3504} INFO - Setting next_dagrun for example_external_task_marker_parent to None, run_after=None
[2023-07-30T20:25:19.711+0300] {processor.py:179} INFO - Processing /Users/olgastash/neoflex_env_airflow/lib/python3.10/site-packages/airflow/example_dags/example_external_task_marker_dag.py took 1.184 seconds
[2023-07-30T20:29:31.001+0300] {processor.py:157} INFO - Started process (PID=32673) to work on /Users/olgastash/neoflex_env_airflow/lib/python3.10/site-packages/airflow/example_dags/example_external_task_marker_dag.py
[2023-07-30T20:29:31.002+0300] {processor.py:826} INFO - Processing file /Users/olgastash/neoflex_env_airflow/lib/python3.10/site-packages/airflow/example_dags/example_external_task_marker_dag.py for tasks to queue
[2023-07-30T20:29:31.003+0300] {logging_mixin.py:150} INFO - [2023-07-30T20:29:31.003+0300] {dagbag.py:541} INFO - Filling up the DagBag from /Users/olgastash/neoflex_env_airflow/lib/python3.10/site-packages/airflow/example_dags/example_external_task_marker_dag.py
[2023-07-30T20:29:31.027+0300] {processor.py:836} INFO - DAG(s) dict_keys(['example_external_task_marker_parent', 'example_external_task_marker_child']) retrieved from /Users/olgastash/neoflex_env_airflow/lib/python3.10/site-packages/airflow/example_dags/example_external_task_marker_dag.py
[2023-07-30T20:29:32.234+0300] {logging_mixin.py:150} INFO - [2023-07-30T20:29:32.234+0300] {dag.py:2742} INFO - Sync 2 DAGs
[2023-07-30T20:29:32.263+0300] {logging_mixin.py:150} INFO - [2023-07-30T20:29:32.263+0300] {dag.py:3504} INFO - Setting next_dagrun for example_external_task_marker_child to None, run_after=None
[2023-07-30T20:29:32.267+0300] {logging_mixin.py:150} INFO - [2023-07-30T20:29:32.267+0300] {dag.py:3504} INFO - Setting next_dagrun for example_external_task_marker_parent to None, run_after=None
[2023-07-30T20:29:32.297+0300] {processor.py:179} INFO - Processing /Users/olgastash/neoflex_env_airflow/lib/python3.10/site-packages/airflow/example_dags/example_external_task_marker_dag.py took 1.296 seconds
[2023-07-30T20:32:03.449+0300] {processor.py:157} INFO - Started process (PID=32819) to work on /Users/olgastash/neoflex_env_airflow/lib/python3.10/site-packages/airflow/example_dags/example_external_task_marker_dag.py
[2023-07-30T20:32:03.450+0300] {processor.py:826} INFO - Processing file /Users/olgastash/neoflex_env_airflow/lib/python3.10/site-packages/airflow/example_dags/example_external_task_marker_dag.py for tasks to queue
[2023-07-30T20:32:03.450+0300] {logging_mixin.py:150} INFO - [2023-07-30T20:32:03.450+0300] {dagbag.py:541} INFO - Filling up the DagBag from /Users/olgastash/neoflex_env_airflow/lib/python3.10/site-packages/airflow/example_dags/example_external_task_marker_dag.py
[2023-07-30T20:32:03.473+0300] {processor.py:836} INFO - DAG(s) dict_keys(['example_external_task_marker_parent', 'example_external_task_marker_child']) retrieved from /Users/olgastash/neoflex_env_airflow/lib/python3.10/site-packages/airflow/example_dags/example_external_task_marker_dag.py
[2023-07-30T20:32:04.487+0300] {logging_mixin.py:150} INFO - [2023-07-30T20:32:04.487+0300] {dag.py:2742} INFO - Sync 2 DAGs
[2023-07-30T20:32:04.507+0300] {logging_mixin.py:150} INFO - [2023-07-30T20:32:04.506+0300] {dag.py:3504} INFO - Setting next_dagrun for example_external_task_marker_child to None, run_after=None
[2023-07-30T20:32:04.509+0300] {logging_mixin.py:150} INFO - [2023-07-30T20:32:04.508+0300] {dag.py:3504} INFO - Setting next_dagrun for example_external_task_marker_parent to None, run_after=None
[2023-07-30T20:32:04.528+0300] {processor.py:179} INFO - Processing /Users/olgastash/neoflex_env_airflow/lib/python3.10/site-packages/airflow/example_dags/example_external_task_marker_dag.py took 1.080 seconds
[2023-07-30T20:36:17.432+0300] {processor.py:157} INFO - Started process (PID=33068) to work on /Users/olgastash/neoflex_env_airflow/lib/python3.10/site-packages/airflow/example_dags/example_external_task_marker_dag.py
[2023-07-30T20:36:17.449+0300] {processor.py:826} INFO - Processing file /Users/olgastash/neoflex_env_airflow/lib/python3.10/site-packages/airflow/example_dags/example_external_task_marker_dag.py for tasks to queue
[2023-07-30T20:36:17.449+0300] {logging_mixin.py:150} INFO - [2023-07-30T20:36:17.449+0300] {dagbag.py:541} INFO - Filling up the DagBag from /Users/olgastash/neoflex_env_airflow/lib/python3.10/site-packages/airflow/example_dags/example_external_task_marker_dag.py
[2023-07-30T20:36:17.472+0300] {processor.py:836} INFO - DAG(s) dict_keys(['example_external_task_marker_parent', 'example_external_task_marker_child']) retrieved from /Users/olgastash/neoflex_env_airflow/lib/python3.10/site-packages/airflow/example_dags/example_external_task_marker_dag.py
[2023-07-30T20:36:18.469+0300] {logging_mixin.py:150} INFO - [2023-07-30T20:36:18.468+0300] {dag.py:2742} INFO - Sync 2 DAGs
[2023-07-30T20:36:18.488+0300] {logging_mixin.py:150} INFO - [2023-07-30T20:36:18.487+0300] {dag.py:3504} INFO - Setting next_dagrun for example_external_task_marker_child to None, run_after=None
[2023-07-30T20:36:18.490+0300] {logging_mixin.py:150} INFO - [2023-07-30T20:36:18.490+0300] {dag.py:3504} INFO - Setting next_dagrun for example_external_task_marker_parent to None, run_after=None
[2023-07-30T20:36:18.509+0300] {processor.py:179} INFO - Processing /Users/olgastash/neoflex_env_airflow/lib/python3.10/site-packages/airflow/example_dags/example_external_task_marker_dag.py took 1.078 seconds
[2023-07-30T20:40:35.082+0300] {processor.py:157} INFO - Started process (PID=33322) to work on /Users/olgastash/neoflex_env_airflow/lib/python3.10/site-packages/airflow/example_dags/example_external_task_marker_dag.py
[2023-07-30T20:40:35.083+0300] {processor.py:826} INFO - Processing file /Users/olgastash/neoflex_env_airflow/lib/python3.10/site-packages/airflow/example_dags/example_external_task_marker_dag.py for tasks to queue
[2023-07-30T20:40:35.084+0300] {logging_mixin.py:150} INFO - [2023-07-30T20:40:35.084+0300] {dagbag.py:541} INFO - Filling up the DagBag from /Users/olgastash/neoflex_env_airflow/lib/python3.10/site-packages/airflow/example_dags/example_external_task_marker_dag.py
[2023-07-30T20:40:35.107+0300] {processor.py:836} INFO - DAG(s) dict_keys(['example_external_task_marker_parent', 'example_external_task_marker_child']) retrieved from /Users/olgastash/neoflex_env_airflow/lib/python3.10/site-packages/airflow/example_dags/example_external_task_marker_dag.py
[2023-07-30T20:40:36.169+0300] {logging_mixin.py:150} INFO - [2023-07-30T20:40:36.168+0300] {dag.py:2742} INFO - Sync 2 DAGs
[2023-07-30T20:40:36.188+0300] {logging_mixin.py:150} INFO - [2023-07-30T20:40:36.188+0300] {dag.py:3504} INFO - Setting next_dagrun for example_external_task_marker_child to None, run_after=None
[2023-07-30T20:40:36.190+0300] {logging_mixin.py:150} INFO - [2023-07-30T20:40:36.190+0300] {dag.py:3504} INFO - Setting next_dagrun for example_external_task_marker_parent to None, run_after=None
[2023-07-30T20:40:36.210+0300] {processor.py:179} INFO - Processing /Users/olgastash/neoflex_env_airflow/lib/python3.10/site-packages/airflow/example_dags/example_external_task_marker_dag.py took 1.129 seconds
[2023-07-30T20:44:52.468+0300] {processor.py:157} INFO - Started process (PID=33596) to work on /Users/olgastash/neoflex_env_airflow/lib/python3.10/site-packages/airflow/example_dags/example_external_task_marker_dag.py
[2023-07-30T20:44:52.469+0300] {processor.py:826} INFO - Processing file /Users/olgastash/neoflex_env_airflow/lib/python3.10/site-packages/airflow/example_dags/example_external_task_marker_dag.py for tasks to queue
[2023-07-30T20:44:52.469+0300] {logging_mixin.py:150} INFO - [2023-07-30T20:44:52.469+0300] {dagbag.py:541} INFO - Filling up the DagBag from /Users/olgastash/neoflex_env_airflow/lib/python3.10/site-packages/airflow/example_dags/example_external_task_marker_dag.py
[2023-07-30T20:44:52.492+0300] {processor.py:836} INFO - DAG(s) dict_keys(['example_external_task_marker_parent', 'example_external_task_marker_child']) retrieved from /Users/olgastash/neoflex_env_airflow/lib/python3.10/site-packages/airflow/example_dags/example_external_task_marker_dag.py
[2023-07-30T20:44:53.499+0300] {logging_mixin.py:150} INFO - [2023-07-30T20:44:53.499+0300] {dag.py:2742} INFO - Sync 2 DAGs
[2023-07-30T20:44:53.519+0300] {logging_mixin.py:150} INFO - [2023-07-30T20:44:53.519+0300] {dag.py:3504} INFO - Setting next_dagrun for example_external_task_marker_child to None, run_after=None
[2023-07-30T20:44:53.522+0300] {logging_mixin.py:150} INFO - [2023-07-30T20:44:53.521+0300] {dag.py:3504} INFO - Setting next_dagrun for example_external_task_marker_parent to None, run_after=None
[2023-07-30T20:44:53.541+0300] {processor.py:179} INFO - Processing /Users/olgastash/neoflex_env_airflow/lib/python3.10/site-packages/airflow/example_dags/example_external_task_marker_dag.py took 1.074 seconds
[2023-07-30T20:49:11.067+0300] {processor.py:157} INFO - Started process (PID=33821) to work on /Users/olgastash/neoflex_env_airflow/lib/python3.10/site-packages/airflow/example_dags/example_external_task_marker_dag.py
[2023-07-30T20:49:11.068+0300] {processor.py:826} INFO - Processing file /Users/olgastash/neoflex_env_airflow/lib/python3.10/site-packages/airflow/example_dags/example_external_task_marker_dag.py for tasks to queue
[2023-07-30T20:49:11.069+0300] {logging_mixin.py:150} INFO - [2023-07-30T20:49:11.069+0300] {dagbag.py:541} INFO - Filling up the DagBag from /Users/olgastash/neoflex_env_airflow/lib/python3.10/site-packages/airflow/example_dags/example_external_task_marker_dag.py
[2023-07-30T20:49:11.093+0300] {processor.py:836} INFO - DAG(s) dict_keys(['example_external_task_marker_parent', 'example_external_task_marker_child']) retrieved from /Users/olgastash/neoflex_env_airflow/lib/python3.10/site-packages/airflow/example_dags/example_external_task_marker_dag.py
[2023-07-30T20:49:12.056+0300] {logging_mixin.py:150} INFO - [2023-07-30T20:49:12.055+0300] {dag.py:2742} INFO - Sync 2 DAGs
[2023-07-30T20:49:12.077+0300] {logging_mixin.py:150} INFO - [2023-07-30T20:49:12.076+0300] {dag.py:3504} INFO - Setting next_dagrun for example_external_task_marker_child to None, run_after=None
[2023-07-30T20:49:12.080+0300] {logging_mixin.py:150} INFO - [2023-07-30T20:49:12.080+0300] {dag.py:3504} INFO - Setting next_dagrun for example_external_task_marker_parent to None, run_after=None
[2023-07-30T20:49:12.098+0300] {processor.py:179} INFO - Processing /Users/olgastash/neoflex_env_airflow/lib/python3.10/site-packages/airflow/example_dags/example_external_task_marker_dag.py took 1.032 seconds
[2023-07-30T20:53:40.850+0300] {processor.py:157} INFO - Started process (PID=34054) to work on /Users/olgastash/neoflex_env_airflow/lib/python3.10/site-packages/airflow/example_dags/example_external_task_marker_dag.py
[2023-07-30T20:53:40.852+0300] {processor.py:826} INFO - Processing file /Users/olgastash/neoflex_env_airflow/lib/python3.10/site-packages/airflow/example_dags/example_external_task_marker_dag.py for tasks to queue
[2023-07-30T20:53:40.852+0300] {logging_mixin.py:150} INFO - [2023-07-30T20:53:40.852+0300] {dagbag.py:541} INFO - Filling up the DagBag from /Users/olgastash/neoflex_env_airflow/lib/python3.10/site-packages/airflow/example_dags/example_external_task_marker_dag.py
[2023-07-30T20:53:40.879+0300] {processor.py:836} INFO - DAG(s) dict_keys(['example_external_task_marker_parent', 'example_external_task_marker_child']) retrieved from /Users/olgastash/neoflex_env_airflow/lib/python3.10/site-packages/airflow/example_dags/example_external_task_marker_dag.py
[2023-07-30T20:53:41.957+0300] {logging_mixin.py:150} INFO - [2023-07-30T20:53:41.957+0300] {dag.py:2742} INFO - Sync 2 DAGs
[2023-07-30T20:53:41.976+0300] {logging_mixin.py:150} INFO - [2023-07-30T20:53:41.976+0300] {dag.py:3504} INFO - Setting next_dagrun for example_external_task_marker_child to None, run_after=None
[2023-07-30T20:53:41.979+0300] {logging_mixin.py:150} INFO - [2023-07-30T20:53:41.978+0300] {dag.py:3504} INFO - Setting next_dagrun for example_external_task_marker_parent to None, run_after=None
[2023-07-30T20:53:41.998+0300] {processor.py:179} INFO - Processing /Users/olgastash/neoflex_env_airflow/lib/python3.10/site-packages/airflow/example_dags/example_external_task_marker_dag.py took 1.148 seconds
[2023-07-30T20:58:04.819+0300] {processor.py:157} INFO - Started process (PID=34258) to work on /Users/olgastash/neoflex_env_airflow/lib/python3.10/site-packages/airflow/example_dags/example_external_task_marker_dag.py
[2023-07-30T20:58:04.821+0300] {processor.py:826} INFO - Processing file /Users/olgastash/neoflex_env_airflow/lib/python3.10/site-packages/airflow/example_dags/example_external_task_marker_dag.py for tasks to queue
[2023-07-30T20:58:04.822+0300] {logging_mixin.py:150} INFO - [2023-07-30T20:58:04.822+0300] {dagbag.py:541} INFO - Filling up the DagBag from /Users/olgastash/neoflex_env_airflow/lib/python3.10/site-packages/airflow/example_dags/example_external_task_marker_dag.py
[2023-07-30T20:58:04.848+0300] {processor.py:836} INFO - DAG(s) dict_keys(['example_external_task_marker_parent', 'example_external_task_marker_child']) retrieved from /Users/olgastash/neoflex_env_airflow/lib/python3.10/site-packages/airflow/example_dags/example_external_task_marker_dag.py
[2023-07-30T20:58:06.085+0300] {logging_mixin.py:150} INFO - [2023-07-30T20:58:06.085+0300] {dag.py:2742} INFO - Sync 2 DAGs
[2023-07-30T20:58:06.106+0300] {logging_mixin.py:150} INFO - [2023-07-30T20:58:06.106+0300] {dag.py:3504} INFO - Setting next_dagrun for example_external_task_marker_child to None, run_after=None
[2023-07-30T20:58:06.108+0300] {logging_mixin.py:150} INFO - [2023-07-30T20:58:06.108+0300] {dag.py:3504} INFO - Setting next_dagrun for example_external_task_marker_parent to None, run_after=None
[2023-07-30T20:58:06.131+0300] {processor.py:179} INFO - Processing /Users/olgastash/neoflex_env_airflow/lib/python3.10/site-packages/airflow/example_dags/example_external_task_marker_dag.py took 1.313 seconds
[2023-07-30T21:02:35.391+0300] {processor.py:157} INFO - Started process (PID=34435) to work on /Users/olgastash/neoflex_env_airflow/lib/python3.10/site-packages/airflow/example_dags/example_external_task_marker_dag.py
[2023-07-30T21:02:35.392+0300] {processor.py:826} INFO - Processing file /Users/olgastash/neoflex_env_airflow/lib/python3.10/site-packages/airflow/example_dags/example_external_task_marker_dag.py for tasks to queue
[2023-07-30T21:02:35.393+0300] {logging_mixin.py:150} INFO - [2023-07-30T21:02:35.393+0300] {dagbag.py:541} INFO - Filling up the DagBag from /Users/olgastash/neoflex_env_airflow/lib/python3.10/site-packages/airflow/example_dags/example_external_task_marker_dag.py
[2023-07-30T21:02:35.416+0300] {processor.py:836} INFO - DAG(s) dict_keys(['example_external_task_marker_child', 'example_external_task_marker_parent']) retrieved from /Users/olgastash/neoflex_env_airflow/lib/python3.10/site-packages/airflow/example_dags/example_external_task_marker_dag.py
[2023-07-30T21:02:36.449+0300] {logging_mixin.py:150} INFO - [2023-07-30T21:02:36.449+0300] {dag.py:2742} INFO - Sync 2 DAGs
[2023-07-30T21:02:36.469+0300] {logging_mixin.py:150} INFO - [2023-07-30T21:02:36.469+0300] {dag.py:3504} INFO - Setting next_dagrun for example_external_task_marker_child to None, run_after=None
[2023-07-30T21:02:36.471+0300] {logging_mixin.py:150} INFO - [2023-07-30T21:02:36.471+0300] {dag.py:3504} INFO - Setting next_dagrun for example_external_task_marker_parent to None, run_after=None
[2023-07-30T21:02:36.491+0300] {processor.py:179} INFO - Processing /Users/olgastash/neoflex_env_airflow/lib/python3.10/site-packages/airflow/example_dags/example_external_task_marker_dag.py took 1.101 seconds
[2023-07-30T21:07:11.642+0300] {processor.py:157} INFO - Started process (PID=34620) to work on /Users/olgastash/neoflex_env_airflow/lib/python3.10/site-packages/airflow/example_dags/example_external_task_marker_dag.py
[2023-07-30T21:07:11.644+0300] {processor.py:826} INFO - Processing file /Users/olgastash/neoflex_env_airflow/lib/python3.10/site-packages/airflow/example_dags/example_external_task_marker_dag.py for tasks to queue
[2023-07-30T21:07:11.644+0300] {logging_mixin.py:150} INFO - [2023-07-30T21:07:11.644+0300] {dagbag.py:541} INFO - Filling up the DagBag from /Users/olgastash/neoflex_env_airflow/lib/python3.10/site-packages/airflow/example_dags/example_external_task_marker_dag.py
[2023-07-30T21:07:11.670+0300] {processor.py:836} INFO - DAG(s) dict_keys(['example_external_task_marker_parent', 'example_external_task_marker_child']) retrieved from /Users/olgastash/neoflex_env_airflow/lib/python3.10/site-packages/airflow/example_dags/example_external_task_marker_dag.py
[2023-07-30T21:07:12.701+0300] {logging_mixin.py:150} INFO - [2023-07-30T21:07:12.701+0300] {dag.py:2742} INFO - Sync 2 DAGs
[2023-07-30T21:07:12.721+0300] {logging_mixin.py:150} INFO - [2023-07-30T21:07:12.720+0300] {dag.py:3504} INFO - Setting next_dagrun for example_external_task_marker_child to None, run_after=None
[2023-07-30T21:07:12.723+0300] {logging_mixin.py:150} INFO - [2023-07-30T21:07:12.723+0300] {dag.py:3504} INFO - Setting next_dagrun for example_external_task_marker_parent to None, run_after=None
[2023-07-30T21:07:12.743+0300] {processor.py:179} INFO - Processing /Users/olgastash/neoflex_env_airflow/lib/python3.10/site-packages/airflow/example_dags/example_external_task_marker_dag.py took 1.102 seconds
[2023-07-30T21:11:35.439+0300] {processor.py:157} INFO - Started process (PID=34844) to work on /Users/olgastash/neoflex_env_airflow/lib/python3.10/site-packages/airflow/example_dags/example_external_task_marker_dag.py
[2023-07-30T21:11:35.440+0300] {processor.py:826} INFO - Processing file /Users/olgastash/neoflex_env_airflow/lib/python3.10/site-packages/airflow/example_dags/example_external_task_marker_dag.py for tasks to queue
[2023-07-30T21:11:35.441+0300] {logging_mixin.py:150} INFO - [2023-07-30T21:11:35.441+0300] {dagbag.py:541} INFO - Filling up the DagBag from /Users/olgastash/neoflex_env_airflow/lib/python3.10/site-packages/airflow/example_dags/example_external_task_marker_dag.py
[2023-07-30T21:11:35.464+0300] {processor.py:836} INFO - DAG(s) dict_keys(['example_external_task_marker_parent', 'example_external_task_marker_child']) retrieved from /Users/olgastash/neoflex_env_airflow/lib/python3.10/site-packages/airflow/example_dags/example_external_task_marker_dag.py
[2023-07-30T21:11:36.486+0300] {logging_mixin.py:150} INFO - [2023-07-30T21:11:36.486+0300] {dag.py:2742} INFO - Sync 2 DAGs
[2023-07-30T21:11:36.505+0300] {logging_mixin.py:150} INFO - [2023-07-30T21:11:36.505+0300] {dag.py:3504} INFO - Setting next_dagrun for example_external_task_marker_child to None, run_after=None
[2023-07-30T21:11:36.507+0300] {logging_mixin.py:150} INFO - [2023-07-30T21:11:36.507+0300] {dag.py:3504} INFO - Setting next_dagrun for example_external_task_marker_parent to None, run_after=None
[2023-07-30T21:11:36.527+0300] {processor.py:179} INFO - Processing /Users/olgastash/neoflex_env_airflow/lib/python3.10/site-packages/airflow/example_dags/example_external_task_marker_dag.py took 1.089 seconds
[2023-07-30T21:16:16.110+0300] {processor.py:157} INFO - Started process (PID=35068) to work on /Users/olgastash/neoflex_env_airflow/lib/python3.10/site-packages/airflow/example_dags/example_external_task_marker_dag.py
[2023-07-30T21:16:16.111+0300] {processor.py:826} INFO - Processing file /Users/olgastash/neoflex_env_airflow/lib/python3.10/site-packages/airflow/example_dags/example_external_task_marker_dag.py for tasks to queue
[2023-07-30T21:16:16.112+0300] {logging_mixin.py:150} INFO - [2023-07-30T21:16:16.112+0300] {dagbag.py:541} INFO - Filling up the DagBag from /Users/olgastash/neoflex_env_airflow/lib/python3.10/site-packages/airflow/example_dags/example_external_task_marker_dag.py
[2023-07-30T21:16:16.135+0300] {processor.py:836} INFO - DAG(s) dict_keys(['example_external_task_marker_child', 'example_external_task_marker_parent']) retrieved from /Users/olgastash/neoflex_env_airflow/lib/python3.10/site-packages/airflow/example_dags/example_external_task_marker_dag.py
[2023-07-30T21:16:17.141+0300] {logging_mixin.py:150} INFO - [2023-07-30T21:16:17.141+0300] {dag.py:2742} INFO - Sync 2 DAGs
[2023-07-30T21:16:17.161+0300] {logging_mixin.py:150} INFO - [2023-07-30T21:16:17.160+0300] {dag.py:3504} INFO - Setting next_dagrun for example_external_task_marker_child to None, run_after=None
[2023-07-30T21:16:17.163+0300] {logging_mixin.py:150} INFO - [2023-07-30T21:16:17.163+0300] {dag.py:3504} INFO - Setting next_dagrun for example_external_task_marker_parent to None, run_after=None
[2023-07-30T21:16:17.183+0300] {processor.py:179} INFO - Processing /Users/olgastash/neoflex_env_airflow/lib/python3.10/site-packages/airflow/example_dags/example_external_task_marker_dag.py took 1.073 seconds
[2023-07-30T21:20:44.870+0300] {processor.py:157} INFO - Started process (PID=35232) to work on /Users/olgastash/neoflex_env_airflow/lib/python3.10/site-packages/airflow/example_dags/example_external_task_marker_dag.py
[2023-07-30T21:20:44.872+0300] {processor.py:826} INFO - Processing file /Users/olgastash/neoflex_env_airflow/lib/python3.10/site-packages/airflow/example_dags/example_external_task_marker_dag.py for tasks to queue
[2023-07-30T21:20:44.872+0300] {logging_mixin.py:150} INFO - [2023-07-30T21:20:44.872+0300] {dagbag.py:541} INFO - Filling up the DagBag from /Users/olgastash/neoflex_env_airflow/lib/python3.10/site-packages/airflow/example_dags/example_external_task_marker_dag.py
[2023-07-30T21:20:44.894+0300] {processor.py:836} INFO - DAG(s) dict_keys(['example_external_task_marker_child', 'example_external_task_marker_parent']) retrieved from /Users/olgastash/neoflex_env_airflow/lib/python3.10/site-packages/airflow/example_dags/example_external_task_marker_dag.py
[2023-07-30T21:20:45.894+0300] {logging_mixin.py:150} INFO - [2023-07-30T21:20:45.893+0300] {dag.py:2742} INFO - Sync 2 DAGs
[2023-07-30T21:20:45.913+0300] {logging_mixin.py:150} INFO - [2023-07-30T21:20:45.912+0300] {dag.py:3504} INFO - Setting next_dagrun for example_external_task_marker_child to None, run_after=None
[2023-07-30T21:20:45.915+0300] {logging_mixin.py:150} INFO - [2023-07-30T21:20:45.914+0300] {dag.py:3504} INFO - Setting next_dagrun for example_external_task_marker_parent to None, run_after=None
[2023-07-30T21:20:45.934+0300] {processor.py:179} INFO - Processing /Users/olgastash/neoflex_env_airflow/lib/python3.10/site-packages/airflow/example_dags/example_external_task_marker_dag.py took 1.064 seconds
[2023-07-30T21:25:01.299+0300] {processor.py:157} INFO - Started process (PID=35410) to work on /Users/olgastash/neoflex_env_airflow/lib/python3.10/site-packages/airflow/example_dags/example_external_task_marker_dag.py
[2023-07-30T21:25:01.300+0300] {processor.py:826} INFO - Processing file /Users/olgastash/neoflex_env_airflow/lib/python3.10/site-packages/airflow/example_dags/example_external_task_marker_dag.py for tasks to queue
[2023-07-30T21:25:01.300+0300] {logging_mixin.py:150} INFO - [2023-07-30T21:25:01.300+0300] {dagbag.py:541} INFO - Filling up the DagBag from /Users/olgastash/neoflex_env_airflow/lib/python3.10/site-packages/airflow/example_dags/example_external_task_marker_dag.py
[2023-07-30T21:25:01.323+0300] {processor.py:836} INFO - DAG(s) dict_keys(['example_external_task_marker_child', 'example_external_task_marker_parent']) retrieved from /Users/olgastash/neoflex_env_airflow/lib/python3.10/site-packages/airflow/example_dags/example_external_task_marker_dag.py
[2023-07-30T21:25:02.351+0300] {logging_mixin.py:150} INFO - [2023-07-30T21:25:02.351+0300] {dag.py:2742} INFO - Sync 2 DAGs
[2023-07-30T21:25:02.371+0300] {logging_mixin.py:150} INFO - [2023-07-30T21:25:02.371+0300] {dag.py:3504} INFO - Setting next_dagrun for example_external_task_marker_child to None, run_after=None
[2023-07-30T21:25:02.373+0300] {logging_mixin.py:150} INFO - [2023-07-30T21:25:02.373+0300] {dag.py:3504} INFO - Setting next_dagrun for example_external_task_marker_parent to None, run_after=None
[2023-07-30T21:25:02.393+0300] {processor.py:179} INFO - Processing /Users/olgastash/neoflex_env_airflow/lib/python3.10/site-packages/airflow/example_dags/example_external_task_marker_dag.py took 1.095 seconds
[2023-07-30T21:29:25.897+0300] {processor.py:157} INFO - Started process (PID=35629) to work on /Users/olgastash/neoflex_env_airflow/lib/python3.10/site-packages/airflow/example_dags/example_external_task_marker_dag.py
[2023-07-30T21:29:25.898+0300] {processor.py:826} INFO - Processing file /Users/olgastash/neoflex_env_airflow/lib/python3.10/site-packages/airflow/example_dags/example_external_task_marker_dag.py for tasks to queue
[2023-07-30T21:29:25.899+0300] {logging_mixin.py:150} INFO - [2023-07-30T21:29:25.899+0300] {dagbag.py:541} INFO - Filling up the DagBag from /Users/olgastash/neoflex_env_airflow/lib/python3.10/site-packages/airflow/example_dags/example_external_task_marker_dag.py
[2023-07-30T21:29:25.922+0300] {processor.py:836} INFO - DAG(s) dict_keys(['example_external_task_marker_child', 'example_external_task_marker_parent']) retrieved from /Users/olgastash/neoflex_env_airflow/lib/python3.10/site-packages/airflow/example_dags/example_external_task_marker_dag.py
[2023-07-30T21:29:26.833+0300] {logging_mixin.py:150} INFO - [2023-07-30T21:29:26.833+0300] {dag.py:2742} INFO - Sync 2 DAGs
[2023-07-30T21:29:26.852+0300] {logging_mixin.py:150} INFO - [2023-07-30T21:29:26.852+0300] {dag.py:3504} INFO - Setting next_dagrun for example_external_task_marker_child to None, run_after=None
[2023-07-30T21:29:26.855+0300] {logging_mixin.py:150} INFO - [2023-07-30T21:29:26.854+0300] {dag.py:3504} INFO - Setting next_dagrun for example_external_task_marker_parent to None, run_after=None
[2023-07-30T21:29:26.873+0300] {processor.py:179} INFO - Processing /Users/olgastash/neoflex_env_airflow/lib/python3.10/site-packages/airflow/example_dags/example_external_task_marker_dag.py took 0.977 seconds
[2023-07-30T21:33:36.176+0300] {processor.py:157} INFO - Started process (PID=35805) to work on /Users/olgastash/neoflex_env_airflow/lib/python3.10/site-packages/airflow/example_dags/example_external_task_marker_dag.py
[2023-07-30T21:33:36.177+0300] {processor.py:826} INFO - Processing file /Users/olgastash/neoflex_env_airflow/lib/python3.10/site-packages/airflow/example_dags/example_external_task_marker_dag.py for tasks to queue
[2023-07-30T21:33:36.177+0300] {logging_mixin.py:150} INFO - [2023-07-30T21:33:36.177+0300] {dagbag.py:541} INFO - Filling up the DagBag from /Users/olgastash/neoflex_env_airflow/lib/python3.10/site-packages/airflow/example_dags/example_external_task_marker_dag.py
[2023-07-30T21:33:36.200+0300] {processor.py:836} INFO - DAG(s) dict_keys(['example_external_task_marker_child', 'example_external_task_marker_parent']) retrieved from /Users/olgastash/neoflex_env_airflow/lib/python3.10/site-packages/airflow/example_dags/example_external_task_marker_dag.py
[2023-07-30T21:33:37.214+0300] {logging_mixin.py:150} INFO - [2023-07-30T21:33:37.213+0300] {dag.py:2742} INFO - Sync 2 DAGs
[2023-07-30T21:33:37.234+0300] {logging_mixin.py:150} INFO - [2023-07-30T21:33:37.234+0300] {dag.py:3504} INFO - Setting next_dagrun for example_external_task_marker_child to None, run_after=None
[2023-07-30T21:33:37.236+0300] {logging_mixin.py:150} INFO - [2023-07-30T21:33:37.236+0300] {dag.py:3504} INFO - Setting next_dagrun for example_external_task_marker_parent to None, run_after=None
[2023-07-30T21:33:37.257+0300] {processor.py:179} INFO - Processing /Users/olgastash/neoflex_env_airflow/lib/python3.10/site-packages/airflow/example_dags/example_external_task_marker_dag.py took 1.082 seconds
[2023-07-30T21:37:58.068+0300] {processor.py:157} INFO - Started process (PID=36010) to work on /Users/olgastash/neoflex_env_airflow/lib/python3.10/site-packages/airflow/example_dags/example_external_task_marker_dag.py
[2023-07-30T21:37:58.069+0300] {processor.py:826} INFO - Processing file /Users/olgastash/neoflex_env_airflow/lib/python3.10/site-packages/airflow/example_dags/example_external_task_marker_dag.py for tasks to queue
[2023-07-30T21:37:58.070+0300] {logging_mixin.py:150} INFO - [2023-07-30T21:37:58.069+0300] {dagbag.py:541} INFO - Filling up the DagBag from /Users/olgastash/neoflex_env_airflow/lib/python3.10/site-packages/airflow/example_dags/example_external_task_marker_dag.py
[2023-07-30T21:37:58.092+0300] {processor.py:836} INFO - DAG(s) dict_keys(['example_external_task_marker_child', 'example_external_task_marker_parent']) retrieved from /Users/olgastash/neoflex_env_airflow/lib/python3.10/site-packages/airflow/example_dags/example_external_task_marker_dag.py
[2023-07-30T21:37:59.090+0300] {logging_mixin.py:150} INFO - [2023-07-30T21:37:59.090+0300] {dag.py:2742} INFO - Sync 2 DAGs
[2023-07-30T21:37:59.109+0300] {logging_mixin.py:150} INFO - [2023-07-30T21:37:59.109+0300] {dag.py:3504} INFO - Setting next_dagrun for example_external_task_marker_child to None, run_after=None
[2023-07-30T21:37:59.111+0300] {logging_mixin.py:150} INFO - [2023-07-30T21:37:59.111+0300] {dag.py:3504} INFO - Setting next_dagrun for example_external_task_marker_parent to None, run_after=None
[2023-07-30T21:37:59.131+0300] {processor.py:179} INFO - Processing /Users/olgastash/neoflex_env_airflow/lib/python3.10/site-packages/airflow/example_dags/example_external_task_marker_dag.py took 1.064 seconds
[2023-07-30T21:42:16.824+0300] {processor.py:157} INFO - Started process (PID=36239) to work on /Users/olgastash/neoflex_env_airflow/lib/python3.10/site-packages/airflow/example_dags/example_external_task_marker_dag.py
[2023-07-30T21:42:16.826+0300] {processor.py:826} INFO - Processing file /Users/olgastash/neoflex_env_airflow/lib/python3.10/site-packages/airflow/example_dags/example_external_task_marker_dag.py for tasks to queue
[2023-07-30T21:42:16.826+0300] {logging_mixin.py:150} INFO - [2023-07-30T21:42:16.826+0300] {dagbag.py:541} INFO - Filling up the DagBag from /Users/olgastash/neoflex_env_airflow/lib/python3.10/site-packages/airflow/example_dags/example_external_task_marker_dag.py
[2023-07-30T21:42:16.850+0300] {processor.py:836} INFO - DAG(s) dict_keys(['example_external_task_marker_parent', 'example_external_task_marker_child']) retrieved from /Users/olgastash/neoflex_env_airflow/lib/python3.10/site-packages/airflow/example_dags/example_external_task_marker_dag.py
[2023-07-30T21:42:17.870+0300] {logging_mixin.py:150} INFO - [2023-07-30T21:42:17.869+0300] {dag.py:2742} INFO - Sync 2 DAGs
[2023-07-30T21:42:17.889+0300] {logging_mixin.py:150} INFO - [2023-07-30T21:42:17.889+0300] {dag.py:3504} INFO - Setting next_dagrun for example_external_task_marker_child to None, run_after=None
[2023-07-30T21:42:17.891+0300] {logging_mixin.py:150} INFO - [2023-07-30T21:42:17.891+0300] {dag.py:3504} INFO - Setting next_dagrun for example_external_task_marker_parent to None, run_after=None
[2023-07-30T21:42:17.911+0300] {processor.py:179} INFO - Processing /Users/olgastash/neoflex_env_airflow/lib/python3.10/site-packages/airflow/example_dags/example_external_task_marker_dag.py took 1.087 seconds
[2023-07-30T21:46:38.294+0300] {processor.py:157} INFO - Started process (PID=36417) to work on /Users/olgastash/neoflex_env_airflow/lib/python3.10/site-packages/airflow/example_dags/example_external_task_marker_dag.py
[2023-07-30T21:46:38.295+0300] {processor.py:826} INFO - Processing file /Users/olgastash/neoflex_env_airflow/lib/python3.10/site-packages/airflow/example_dags/example_external_task_marker_dag.py for tasks to queue
[2023-07-30T21:46:38.295+0300] {logging_mixin.py:150} INFO - [2023-07-30T21:46:38.295+0300] {dagbag.py:541} INFO - Filling up the DagBag from /Users/olgastash/neoflex_env_airflow/lib/python3.10/site-packages/airflow/example_dags/example_external_task_marker_dag.py
[2023-07-30T21:46:38.318+0300] {processor.py:836} INFO - DAG(s) dict_keys(['example_external_task_marker_parent', 'example_external_task_marker_child']) retrieved from /Users/olgastash/neoflex_env_airflow/lib/python3.10/site-packages/airflow/example_dags/example_external_task_marker_dag.py
[2023-07-30T21:46:39.439+0300] {logging_mixin.py:150} INFO - [2023-07-30T21:46:39.439+0300] {dag.py:2742} INFO - Sync 2 DAGs
[2023-07-30T21:46:39.458+0300] {logging_mixin.py:150} INFO - [2023-07-30T21:46:39.458+0300] {dag.py:3504} INFO - Setting next_dagrun for example_external_task_marker_child to None, run_after=None
[2023-07-30T21:46:39.460+0300] {logging_mixin.py:150} INFO - [2023-07-30T21:46:39.460+0300] {dag.py:3504} INFO - Setting next_dagrun for example_external_task_marker_parent to None, run_after=None
[2023-07-30T21:46:39.480+0300] {processor.py:179} INFO - Processing /Users/olgastash/neoflex_env_airflow/lib/python3.10/site-packages/airflow/example_dags/example_external_task_marker_dag.py took 1.187 seconds
[2023-07-30T21:50:57.467+0300] {processor.py:157} INFO - Started process (PID=36612) to work on /Users/olgastash/neoflex_env_airflow/lib/python3.10/site-packages/airflow/example_dags/example_external_task_marker_dag.py
[2023-07-30T21:50:57.468+0300] {processor.py:826} INFO - Processing file /Users/olgastash/neoflex_env_airflow/lib/python3.10/site-packages/airflow/example_dags/example_external_task_marker_dag.py for tasks to queue
[2023-07-30T21:50:57.469+0300] {logging_mixin.py:150} INFO - [2023-07-30T21:50:57.469+0300] {dagbag.py:541} INFO - Filling up the DagBag from /Users/olgastash/neoflex_env_airflow/lib/python3.10/site-packages/airflow/example_dags/example_external_task_marker_dag.py
[2023-07-30T21:50:57.491+0300] {processor.py:836} INFO - DAG(s) dict_keys(['example_external_task_marker_child', 'example_external_task_marker_parent']) retrieved from /Users/olgastash/neoflex_env_airflow/lib/python3.10/site-packages/airflow/example_dags/example_external_task_marker_dag.py
[2023-07-30T21:50:58.484+0300] {logging_mixin.py:150} INFO - [2023-07-30T21:50:58.484+0300] {dag.py:2742} INFO - Sync 2 DAGs
[2023-07-30T21:50:58.503+0300] {logging_mixin.py:150} INFO - [2023-07-30T21:50:58.503+0300] {dag.py:3504} INFO - Setting next_dagrun for example_external_task_marker_child to None, run_after=None
[2023-07-30T21:50:58.505+0300] {logging_mixin.py:150} INFO - [2023-07-30T21:50:58.505+0300] {dag.py:3504} INFO - Setting next_dagrun for example_external_task_marker_parent to None, run_after=None
[2023-07-30T21:50:58.525+0300] {processor.py:179} INFO - Processing /Users/olgastash/neoflex_env_airflow/lib/python3.10/site-packages/airflow/example_dags/example_external_task_marker_dag.py took 1.059 seconds
[2023-07-30T21:55:16.420+0300] {processor.py:157} INFO - Started process (PID=36826) to work on /Users/olgastash/neoflex_env_airflow/lib/python3.10/site-packages/airflow/example_dags/example_external_task_marker_dag.py
[2023-07-30T21:55:16.421+0300] {processor.py:826} INFO - Processing file /Users/olgastash/neoflex_env_airflow/lib/python3.10/site-packages/airflow/example_dags/example_external_task_marker_dag.py for tasks to queue
[2023-07-30T21:55:16.421+0300] {logging_mixin.py:150} INFO - [2023-07-30T21:55:16.421+0300] {dagbag.py:541} INFO - Filling up the DagBag from /Users/olgastash/neoflex_env_airflow/lib/python3.10/site-packages/airflow/example_dags/example_external_task_marker_dag.py
[2023-07-30T21:55:16.444+0300] {processor.py:836} INFO - DAG(s) dict_keys(['example_external_task_marker_parent', 'example_external_task_marker_child']) retrieved from /Users/olgastash/neoflex_env_airflow/lib/python3.10/site-packages/airflow/example_dags/example_external_task_marker_dag.py
[2023-07-30T21:55:17.463+0300] {logging_mixin.py:150} INFO - [2023-07-30T21:55:17.463+0300] {dag.py:2742} INFO - Sync 2 DAGs
[2023-07-30T21:55:17.482+0300] {logging_mixin.py:150} INFO - [2023-07-30T21:55:17.482+0300] {dag.py:3504} INFO - Setting next_dagrun for example_external_task_marker_child to None, run_after=None
[2023-07-30T21:55:17.484+0300] {logging_mixin.py:150} INFO - [2023-07-30T21:55:17.484+0300] {dag.py:3504} INFO - Setting next_dagrun for example_external_task_marker_parent to None, run_after=None
[2023-07-30T21:55:17.504+0300] {processor.py:179} INFO - Processing /Users/olgastash/neoflex_env_airflow/lib/python3.10/site-packages/airflow/example_dags/example_external_task_marker_dag.py took 1.085 seconds
[2023-07-30T21:59:39.520+0300] {processor.py:157} INFO - Started process (PID=37013) to work on /Users/olgastash/neoflex_env_airflow/lib/python3.10/site-packages/airflow/example_dags/example_external_task_marker_dag.py
[2023-07-30T21:59:39.521+0300] {processor.py:826} INFO - Processing file /Users/olgastash/neoflex_env_airflow/lib/python3.10/site-packages/airflow/example_dags/example_external_task_marker_dag.py for tasks to queue
[2023-07-30T21:59:39.522+0300] {logging_mixin.py:150} INFO - [2023-07-30T21:59:39.522+0300] {dagbag.py:541} INFO - Filling up the DagBag from /Users/olgastash/neoflex_env_airflow/lib/python3.10/site-packages/airflow/example_dags/example_external_task_marker_dag.py
[2023-07-30T21:59:39.545+0300] {processor.py:836} INFO - DAG(s) dict_keys(['example_external_task_marker_parent', 'example_external_task_marker_child']) retrieved from /Users/olgastash/neoflex_env_airflow/lib/python3.10/site-packages/airflow/example_dags/example_external_task_marker_dag.py
[2023-07-30T21:59:40.489+0300] {logging_mixin.py:150} INFO - [2023-07-30T21:59:40.489+0300] {dag.py:2742} INFO - Sync 2 DAGs
[2023-07-30T21:59:40.508+0300] {logging_mixin.py:150} INFO - [2023-07-30T21:59:40.508+0300] {dag.py:3504} INFO - Setting next_dagrun for example_external_task_marker_child to None, run_after=None
[2023-07-30T21:59:40.512+0300] {logging_mixin.py:150} INFO - [2023-07-30T21:59:40.511+0300] {dag.py:3504} INFO - Setting next_dagrun for example_external_task_marker_parent to None, run_after=None
[2023-07-30T21:59:40.530+0300] {processor.py:179} INFO - Processing /Users/olgastash/neoflex_env_airflow/lib/python3.10/site-packages/airflow/example_dags/example_external_task_marker_dag.py took 1.011 seconds
[2023-07-30T22:04:07.965+0300] {processor.py:157} INFO - Started process (PID=37236) to work on /Users/olgastash/neoflex_env_airflow/lib/python3.10/site-packages/airflow/example_dags/example_external_task_marker_dag.py
[2023-07-30T22:04:07.967+0300] {processor.py:826} INFO - Processing file /Users/olgastash/neoflex_env_airflow/lib/python3.10/site-packages/airflow/example_dags/example_external_task_marker_dag.py for tasks to queue
[2023-07-30T22:04:07.967+0300] {logging_mixin.py:150} INFO - [2023-07-30T22:04:07.967+0300] {dagbag.py:541} INFO - Filling up the DagBag from /Users/olgastash/neoflex_env_airflow/lib/python3.10/site-packages/airflow/example_dags/example_external_task_marker_dag.py
[2023-07-30T22:04:07.990+0300] {processor.py:836} INFO - DAG(s) dict_keys(['example_external_task_marker_parent', 'example_external_task_marker_child']) retrieved from /Users/olgastash/neoflex_env_airflow/lib/python3.10/site-packages/airflow/example_dags/example_external_task_marker_dag.py
[2023-07-30T22:04:09.012+0300] {logging_mixin.py:150} INFO - [2023-07-30T22:04:09.011+0300] {dag.py:2742} INFO - Sync 2 DAGs
[2023-07-30T22:04:09.031+0300] {logging_mixin.py:150} INFO - [2023-07-30T22:04:09.031+0300] {dag.py:3504} INFO - Setting next_dagrun for example_external_task_marker_child to None, run_after=None
[2023-07-30T22:04:09.033+0300] {logging_mixin.py:150} INFO - [2023-07-30T22:04:09.033+0300] {dag.py:3504} INFO - Setting next_dagrun for example_external_task_marker_parent to None, run_after=None
[2023-07-30T22:04:09.053+0300] {processor.py:179} INFO - Processing /Users/olgastash/neoflex_env_airflow/lib/python3.10/site-packages/airflow/example_dags/example_external_task_marker_dag.py took 1.088 seconds
[2023-07-30T22:08:38.513+0300] {processor.py:157} INFO - Started process (PID=37436) to work on /Users/olgastash/neoflex_env_airflow/lib/python3.10/site-packages/airflow/example_dags/example_external_task_marker_dag.py
[2023-07-30T22:08:38.514+0300] {processor.py:826} INFO - Processing file /Users/olgastash/neoflex_env_airflow/lib/python3.10/site-packages/airflow/example_dags/example_external_task_marker_dag.py for tasks to queue
[2023-07-30T22:08:38.515+0300] {logging_mixin.py:150} INFO - [2023-07-30T22:08:38.514+0300] {dagbag.py:541} INFO - Filling up the DagBag from /Users/olgastash/neoflex_env_airflow/lib/python3.10/site-packages/airflow/example_dags/example_external_task_marker_dag.py
[2023-07-30T22:08:38.537+0300] {processor.py:836} INFO - DAG(s) dict_keys(['example_external_task_marker_parent', 'example_external_task_marker_child']) retrieved from /Users/olgastash/neoflex_env_airflow/lib/python3.10/site-packages/airflow/example_dags/example_external_task_marker_dag.py
[2023-07-30T22:08:39.558+0300] {logging_mixin.py:150} INFO - [2023-07-30T22:08:39.558+0300] {dag.py:2742} INFO - Sync 2 DAGs
[2023-07-30T22:08:39.578+0300] {logging_mixin.py:150} INFO - [2023-07-30T22:08:39.578+0300] {dag.py:3504} INFO - Setting next_dagrun for example_external_task_marker_child to None, run_after=None
[2023-07-30T22:08:39.580+0300] {logging_mixin.py:150} INFO - [2023-07-30T22:08:39.580+0300] {dag.py:3504} INFO - Setting next_dagrun for example_external_task_marker_parent to None, run_after=None
[2023-07-30T22:08:39.601+0300] {processor.py:179} INFO - Processing /Users/olgastash/neoflex_env_airflow/lib/python3.10/site-packages/airflow/example_dags/example_external_task_marker_dag.py took 1.089 seconds
[2023-07-30T22:13:06.919+0300] {processor.py:157} INFO - Started process (PID=37650) to work on /Users/olgastash/neoflex_env_airflow/lib/python3.10/site-packages/airflow/example_dags/example_external_task_marker_dag.py
[2023-07-30T22:13:06.920+0300] {processor.py:826} INFO - Processing file /Users/olgastash/neoflex_env_airflow/lib/python3.10/site-packages/airflow/example_dags/example_external_task_marker_dag.py for tasks to queue
[2023-07-30T22:13:06.921+0300] {logging_mixin.py:150} INFO - [2023-07-30T22:13:06.921+0300] {dagbag.py:541} INFO - Filling up the DagBag from /Users/olgastash/neoflex_env_airflow/lib/python3.10/site-packages/airflow/example_dags/example_external_task_marker_dag.py
[2023-07-30T22:13:06.944+0300] {processor.py:836} INFO - DAG(s) dict_keys(['example_external_task_marker_parent', 'example_external_task_marker_child']) retrieved from /Users/olgastash/neoflex_env_airflow/lib/python3.10/site-packages/airflow/example_dags/example_external_task_marker_dag.py
[2023-07-30T22:13:07.957+0300] {logging_mixin.py:150} INFO - [2023-07-30T22:13:07.956+0300] {dag.py:2742} INFO - Sync 2 DAGs
[2023-07-30T22:13:07.975+0300] {logging_mixin.py:150} INFO - [2023-07-30T22:13:07.975+0300] {dag.py:3504} INFO - Setting next_dagrun for example_external_task_marker_child to None, run_after=None
[2023-07-30T22:13:07.977+0300] {logging_mixin.py:150} INFO - [2023-07-30T22:13:07.977+0300] {dag.py:3504} INFO - Setting next_dagrun for example_external_task_marker_parent to None, run_after=None
[2023-07-30T22:13:07.998+0300] {processor.py:179} INFO - Processing /Users/olgastash/neoflex_env_airflow/lib/python3.10/site-packages/airflow/example_dags/example_external_task_marker_dag.py took 1.079 seconds
[2023-07-30T22:17:36.752+0300] {processor.py:157} INFO - Started process (PID=37861) to work on /Users/olgastash/neoflex_env_airflow/lib/python3.10/site-packages/airflow/example_dags/example_external_task_marker_dag.py
[2023-07-30T22:17:36.753+0300] {processor.py:826} INFO - Processing file /Users/olgastash/neoflex_env_airflow/lib/python3.10/site-packages/airflow/example_dags/example_external_task_marker_dag.py for tasks to queue
[2023-07-30T22:17:36.753+0300] {logging_mixin.py:150} INFO - [2023-07-30T22:17:36.753+0300] {dagbag.py:541} INFO - Filling up the DagBag from /Users/olgastash/neoflex_env_airflow/lib/python3.10/site-packages/airflow/example_dags/example_external_task_marker_dag.py
[2023-07-30T22:17:36.776+0300] {processor.py:836} INFO - DAG(s) dict_keys(['example_external_task_marker_child', 'example_external_task_marker_parent']) retrieved from /Users/olgastash/neoflex_env_airflow/lib/python3.10/site-packages/airflow/example_dags/example_external_task_marker_dag.py
[2023-07-30T22:17:37.795+0300] {logging_mixin.py:150} INFO - [2023-07-30T22:17:37.795+0300] {dag.py:2742} INFO - Sync 2 DAGs
[2023-07-30T22:17:37.815+0300] {logging_mixin.py:150} INFO - [2023-07-30T22:17:37.815+0300] {dag.py:3504} INFO - Setting next_dagrun for example_external_task_marker_child to None, run_after=None
[2023-07-30T22:17:37.817+0300] {logging_mixin.py:150} INFO - [2023-07-30T22:17:37.817+0300] {dag.py:3504} INFO - Setting next_dagrun for example_external_task_marker_parent to None, run_after=None
[2023-07-30T22:17:37.837+0300] {processor.py:179} INFO - Processing /Users/olgastash/neoflex_env_airflow/lib/python3.10/site-packages/airflow/example_dags/example_external_task_marker_dag.py took 1.086 seconds
[2023-07-30T22:22:06.268+0300] {processor.py:157} INFO - Started process (PID=38114) to work on /Users/olgastash/neoflex_env_airflow/lib/python3.10/site-packages/airflow/example_dags/example_external_task_marker_dag.py
[2023-07-30T22:22:06.270+0300] {processor.py:826} INFO - Processing file /Users/olgastash/neoflex_env_airflow/lib/python3.10/site-packages/airflow/example_dags/example_external_task_marker_dag.py for tasks to queue
[2023-07-30T22:22:06.271+0300] {logging_mixin.py:150} INFO - [2023-07-30T22:22:06.271+0300] {dagbag.py:541} INFO - Filling up the DagBag from /Users/olgastash/neoflex_env_airflow/lib/python3.10/site-packages/airflow/example_dags/example_external_task_marker_dag.py
[2023-07-30T22:22:06.297+0300] {processor.py:836} INFO - DAG(s) dict_keys(['example_external_task_marker_child', 'example_external_task_marker_parent']) retrieved from /Users/olgastash/neoflex_env_airflow/lib/python3.10/site-packages/airflow/example_dags/example_external_task_marker_dag.py
[2023-07-30T22:22:07.313+0300] {logging_mixin.py:150} INFO - [2023-07-30T22:22:07.312+0300] {dag.py:2742} INFO - Sync 2 DAGs
[2023-07-30T22:22:07.332+0300] {logging_mixin.py:150} INFO - [2023-07-30T22:22:07.331+0300] {dag.py:3504} INFO - Setting next_dagrun for example_external_task_marker_child to None, run_after=None
[2023-07-30T22:22:07.334+0300] {logging_mixin.py:150} INFO - [2023-07-30T22:22:07.333+0300] {dag.py:3504} INFO - Setting next_dagrun for example_external_task_marker_parent to None, run_after=None
[2023-07-30T22:22:07.353+0300] {processor.py:179} INFO - Processing /Users/olgastash/neoflex_env_airflow/lib/python3.10/site-packages/airflow/example_dags/example_external_task_marker_dag.py took 1.085 seconds
[2023-07-30T22:26:35.484+0300] {processor.py:157} INFO - Started process (PID=38364) to work on /Users/olgastash/neoflex_env_airflow/lib/python3.10/site-packages/airflow/example_dags/example_external_task_marker_dag.py
[2023-07-30T22:26:35.485+0300] {processor.py:826} INFO - Processing file /Users/olgastash/neoflex_env_airflow/lib/python3.10/site-packages/airflow/example_dags/example_external_task_marker_dag.py for tasks to queue
[2023-07-30T22:26:35.486+0300] {logging_mixin.py:150} INFO - [2023-07-30T22:26:35.486+0300] {dagbag.py:541} INFO - Filling up the DagBag from /Users/olgastash/neoflex_env_airflow/lib/python3.10/site-packages/airflow/example_dags/example_external_task_marker_dag.py
[2023-07-30T22:26:35.510+0300] {processor.py:836} INFO - DAG(s) dict_keys(['example_external_task_marker_parent', 'example_external_task_marker_child']) retrieved from /Users/olgastash/neoflex_env_airflow/lib/python3.10/site-packages/airflow/example_dags/example_external_task_marker_dag.py
[2023-07-30T22:26:36.591+0300] {logging_mixin.py:150} INFO - [2023-07-30T22:26:36.590+0300] {dag.py:2742} INFO - Sync 2 DAGs
[2023-07-30T22:26:36.612+0300] {logging_mixin.py:150} INFO - [2023-07-30T22:26:36.611+0300] {dag.py:3504} INFO - Setting next_dagrun for example_external_task_marker_child to None, run_after=None
[2023-07-30T22:26:36.614+0300] {logging_mixin.py:150} INFO - [2023-07-30T22:26:36.614+0300] {dag.py:3504} INFO - Setting next_dagrun for example_external_task_marker_parent to None, run_after=None
[2023-07-30T22:26:36.635+0300] {processor.py:179} INFO - Processing /Users/olgastash/neoflex_env_airflow/lib/python3.10/site-packages/airflow/example_dags/example_external_task_marker_dag.py took 1.151 seconds
[2023-07-30T22:31:05.888+0300] {processor.py:157} INFO - Started process (PID=38605) to work on /Users/olgastash/neoflex_env_airflow/lib/python3.10/site-packages/airflow/example_dags/example_external_task_marker_dag.py
[2023-07-30T22:31:05.889+0300] {processor.py:826} INFO - Processing file /Users/olgastash/neoflex_env_airflow/lib/python3.10/site-packages/airflow/example_dags/example_external_task_marker_dag.py for tasks to queue
[2023-07-30T22:31:05.890+0300] {logging_mixin.py:150} INFO - [2023-07-30T22:31:05.890+0300] {dagbag.py:541} INFO - Filling up the DagBag from /Users/olgastash/neoflex_env_airflow/lib/python3.10/site-packages/airflow/example_dags/example_external_task_marker_dag.py
[2023-07-30T22:31:05.913+0300] {processor.py:836} INFO - DAG(s) dict_keys(['example_external_task_marker_parent', 'example_external_task_marker_child']) retrieved from /Users/olgastash/neoflex_env_airflow/lib/python3.10/site-packages/airflow/example_dags/example_external_task_marker_dag.py
[2023-07-30T22:31:06.930+0300] {logging_mixin.py:150} INFO - [2023-07-30T22:31:06.930+0300] {dag.py:2742} INFO - Sync 2 DAGs
[2023-07-30T22:31:06.950+0300] {logging_mixin.py:150} INFO - [2023-07-30T22:31:06.950+0300] {dag.py:3504} INFO - Setting next_dagrun for example_external_task_marker_child to None, run_after=None
[2023-07-30T22:31:06.952+0300] {logging_mixin.py:150} INFO - [2023-07-30T22:31:06.952+0300] {dag.py:3504} INFO - Setting next_dagrun for example_external_task_marker_parent to None, run_after=None
[2023-07-30T22:31:06.972+0300] {processor.py:179} INFO - Processing /Users/olgastash/neoflex_env_airflow/lib/python3.10/site-packages/airflow/example_dags/example_external_task_marker_dag.py took 1.085 seconds
[2023-07-30T22:35:32.375+0300] {processor.py:157} INFO - Started process (PID=38803) to work on /Users/olgastash/neoflex_env_airflow/lib/python3.10/site-packages/airflow/example_dags/example_external_task_marker_dag.py
[2023-07-30T22:35:32.376+0300] {processor.py:826} INFO - Processing file /Users/olgastash/neoflex_env_airflow/lib/python3.10/site-packages/airflow/example_dags/example_external_task_marker_dag.py for tasks to queue
[2023-07-30T22:35:32.376+0300] {logging_mixin.py:150} INFO - [2023-07-30T22:35:32.376+0300] {dagbag.py:541} INFO - Filling up the DagBag from /Users/olgastash/neoflex_env_airflow/lib/python3.10/site-packages/airflow/example_dags/example_external_task_marker_dag.py
[2023-07-30T22:35:32.399+0300] {processor.py:836} INFO - DAG(s) dict_keys(['example_external_task_marker_parent', 'example_external_task_marker_child']) retrieved from /Users/olgastash/neoflex_env_airflow/lib/python3.10/site-packages/airflow/example_dags/example_external_task_marker_dag.py
[2023-07-30T22:35:33.407+0300] {logging_mixin.py:150} INFO - [2023-07-30T22:35:33.406+0300] {dag.py:2742} INFO - Sync 2 DAGs
[2023-07-30T22:35:33.426+0300] {logging_mixin.py:150} INFO - [2023-07-30T22:35:33.426+0300] {dag.py:3504} INFO - Setting next_dagrun for example_external_task_marker_child to None, run_after=None
[2023-07-30T22:35:33.428+0300] {logging_mixin.py:150} INFO - [2023-07-30T22:35:33.428+0300] {dag.py:3504} INFO - Setting next_dagrun for example_external_task_marker_parent to None, run_after=None
[2023-07-30T22:35:33.449+0300] {processor.py:179} INFO - Processing /Users/olgastash/neoflex_env_airflow/lib/python3.10/site-packages/airflow/example_dags/example_external_task_marker_dag.py took 1.075 seconds
[2023-07-30T22:39:56.655+0300] {processor.py:157} INFO - Started process (PID=39025) to work on /Users/olgastash/neoflex_env_airflow/lib/python3.10/site-packages/airflow/example_dags/example_external_task_marker_dag.py
[2023-07-30T22:39:56.656+0300] {processor.py:826} INFO - Processing file /Users/olgastash/neoflex_env_airflow/lib/python3.10/site-packages/airflow/example_dags/example_external_task_marker_dag.py for tasks to queue
[2023-07-30T22:39:56.657+0300] {logging_mixin.py:150} INFO - [2023-07-30T22:39:56.656+0300] {dagbag.py:541} INFO - Filling up the DagBag from /Users/olgastash/neoflex_env_airflow/lib/python3.10/site-packages/airflow/example_dags/example_external_task_marker_dag.py
[2023-07-30T22:39:56.679+0300] {processor.py:836} INFO - DAG(s) dict_keys(['example_external_task_marker_parent', 'example_external_task_marker_child']) retrieved from /Users/olgastash/neoflex_env_airflow/lib/python3.10/site-packages/airflow/example_dags/example_external_task_marker_dag.py
[2023-07-30T22:39:57.586+0300] {logging_mixin.py:150} INFO - [2023-07-30T22:39:57.586+0300] {dag.py:2742} INFO - Sync 2 DAGs
[2023-07-30T22:39:57.604+0300] {logging_mixin.py:150} INFO - [2023-07-30T22:39:57.604+0300] {dag.py:3504} INFO - Setting next_dagrun for example_external_task_marker_child to None, run_after=None
[2023-07-30T22:39:57.607+0300] {logging_mixin.py:150} INFO - [2023-07-30T22:39:57.607+0300] {dag.py:3504} INFO - Setting next_dagrun for example_external_task_marker_parent to None, run_after=None
[2023-07-30T22:39:57.625+0300] {processor.py:179} INFO - Processing /Users/olgastash/neoflex_env_airflow/lib/python3.10/site-packages/airflow/example_dags/example_external_task_marker_dag.py took 0.971 seconds
[2023-07-30T22:44:22.051+0300] {processor.py:157} INFO - Started process (PID=39266) to work on /Users/olgastash/neoflex_env_airflow/lib/python3.10/site-packages/airflow/example_dags/example_external_task_marker_dag.py
[2023-07-30T22:44:22.052+0300] {processor.py:826} INFO - Processing file /Users/olgastash/neoflex_env_airflow/lib/python3.10/site-packages/airflow/example_dags/example_external_task_marker_dag.py for tasks to queue
[2023-07-30T22:44:22.053+0300] {logging_mixin.py:150} INFO - [2023-07-30T22:44:22.053+0300] {dagbag.py:541} INFO - Filling up the DagBag from /Users/olgastash/neoflex_env_airflow/lib/python3.10/site-packages/airflow/example_dags/example_external_task_marker_dag.py
[2023-07-30T22:44:22.077+0300] {processor.py:836} INFO - DAG(s) dict_keys(['example_external_task_marker_parent', 'example_external_task_marker_child']) retrieved from /Users/olgastash/neoflex_env_airflow/lib/python3.10/site-packages/airflow/example_dags/example_external_task_marker_dag.py
[2023-07-30T22:44:23.105+0300] {logging_mixin.py:150} INFO - [2023-07-30T22:44:23.104+0300] {dag.py:2742} INFO - Sync 2 DAGs
[2023-07-30T22:44:23.125+0300] {logging_mixin.py:150} INFO - [2023-07-30T22:44:23.125+0300] {dag.py:3504} INFO - Setting next_dagrun for example_external_task_marker_child to None, run_after=None
[2023-07-30T22:44:23.127+0300] {logging_mixin.py:150} INFO - [2023-07-30T22:44:23.127+0300] {dag.py:3504} INFO - Setting next_dagrun for example_external_task_marker_parent to None, run_after=None
[2023-07-30T22:44:23.147+0300] {processor.py:179} INFO - Processing /Users/olgastash/neoflex_env_airflow/lib/python3.10/site-packages/airflow/example_dags/example_external_task_marker_dag.py took 1.096 seconds
[2023-07-30T22:48:50.399+0300] {processor.py:157} INFO - Started process (PID=39493) to work on /Users/olgastash/neoflex_env_airflow/lib/python3.10/site-packages/airflow/example_dags/example_external_task_marker_dag.py
[2023-07-30T22:48:50.400+0300] {processor.py:826} INFO - Processing file /Users/olgastash/neoflex_env_airflow/lib/python3.10/site-packages/airflow/example_dags/example_external_task_marker_dag.py for tasks to queue
[2023-07-30T22:48:50.400+0300] {logging_mixin.py:150} INFO - [2023-07-30T22:48:50.400+0300] {dagbag.py:541} INFO - Filling up the DagBag from /Users/olgastash/neoflex_env_airflow/lib/python3.10/site-packages/airflow/example_dags/example_external_task_marker_dag.py
[2023-07-30T22:48:50.424+0300] {processor.py:836} INFO - DAG(s) dict_keys(['example_external_task_marker_child', 'example_external_task_marker_parent']) retrieved from /Users/olgastash/neoflex_env_airflow/lib/python3.10/site-packages/airflow/example_dags/example_external_task_marker_dag.py
[2023-07-30T22:48:51.463+0300] {logging_mixin.py:150} INFO - [2023-07-30T22:48:51.463+0300] {dag.py:2742} INFO - Sync 2 DAGs
[2023-07-30T22:48:51.483+0300] {logging_mixin.py:150} INFO - [2023-07-30T22:48:51.483+0300] {dag.py:3504} INFO - Setting next_dagrun for example_external_task_marker_child to None, run_after=None
[2023-07-30T22:48:51.485+0300] {logging_mixin.py:150} INFO - [2023-07-30T22:48:51.485+0300] {dag.py:3504} INFO - Setting next_dagrun for example_external_task_marker_parent to None, run_after=None
[2023-07-30T22:48:51.507+0300] {processor.py:179} INFO - Processing /Users/olgastash/neoflex_env_airflow/lib/python3.10/site-packages/airflow/example_dags/example_external_task_marker_dag.py took 1.109 seconds
[2023-07-30T22:53:21.452+0300] {processor.py:157} INFO - Started process (PID=39736) to work on /Users/olgastash/neoflex_env_airflow/lib/python3.10/site-packages/airflow/example_dags/example_external_task_marker_dag.py
[2023-07-30T22:53:21.454+0300] {processor.py:826} INFO - Processing file /Users/olgastash/neoflex_env_airflow/lib/python3.10/site-packages/airflow/example_dags/example_external_task_marker_dag.py for tasks to queue
[2023-07-30T22:53:21.454+0300] {logging_mixin.py:150} INFO - [2023-07-30T22:53:21.454+0300] {dagbag.py:541} INFO - Filling up the DagBag from /Users/olgastash/neoflex_env_airflow/lib/python3.10/site-packages/airflow/example_dags/example_external_task_marker_dag.py
[2023-07-30T22:53:21.477+0300] {processor.py:836} INFO - DAG(s) dict_keys(['example_external_task_marker_parent', 'example_external_task_marker_child']) retrieved from /Users/olgastash/neoflex_env_airflow/lib/python3.10/site-packages/airflow/example_dags/example_external_task_marker_dag.py
[2023-07-30T22:53:22.485+0300] {logging_mixin.py:150} INFO - [2023-07-30T22:53:22.485+0300] {dag.py:2742} INFO - Sync 2 DAGs
[2023-07-30T22:53:22.506+0300] {logging_mixin.py:150} INFO - [2023-07-30T22:53:22.505+0300] {dag.py:3504} INFO - Setting next_dagrun for example_external_task_marker_child to None, run_after=None
[2023-07-30T22:53:22.508+0300] {logging_mixin.py:150} INFO - [2023-07-30T22:53:22.507+0300] {dag.py:3504} INFO - Setting next_dagrun for example_external_task_marker_parent to None, run_after=None
[2023-07-30T22:53:22.528+0300] {processor.py:179} INFO - Processing /Users/olgastash/neoflex_env_airflow/lib/python3.10/site-packages/airflow/example_dags/example_external_task_marker_dag.py took 1.076 seconds
[2023-07-30T22:57:54.725+0300] {processor.py:157} INFO - Started process (PID=39959) to work on /Users/olgastash/neoflex_env_airflow/lib/python3.10/site-packages/airflow/example_dags/example_external_task_marker_dag.py
[2023-07-30T22:57:54.726+0300] {processor.py:826} INFO - Processing file /Users/olgastash/neoflex_env_airflow/lib/python3.10/site-packages/airflow/example_dags/example_external_task_marker_dag.py for tasks to queue
[2023-07-30T22:57:54.726+0300] {logging_mixin.py:150} INFO - [2023-07-30T22:57:54.726+0300] {dagbag.py:541} INFO - Filling up the DagBag from /Users/olgastash/neoflex_env_airflow/lib/python3.10/site-packages/airflow/example_dags/example_external_task_marker_dag.py
[2023-07-30T22:57:54.750+0300] {processor.py:836} INFO - DAG(s) dict_keys(['example_external_task_marker_parent', 'example_external_task_marker_child']) retrieved from /Users/olgastash/neoflex_env_airflow/lib/python3.10/site-packages/airflow/example_dags/example_external_task_marker_dag.py
[2023-07-30T22:57:55.780+0300] {logging_mixin.py:150} INFO - [2023-07-30T22:57:55.780+0300] {dag.py:2742} INFO - Sync 2 DAGs
[2023-07-30T22:57:55.800+0300] {logging_mixin.py:150} INFO - [2023-07-30T22:57:55.800+0300] {dag.py:3504} INFO - Setting next_dagrun for example_external_task_marker_child to None, run_after=None
[2023-07-30T22:57:55.802+0300] {logging_mixin.py:150} INFO - [2023-07-30T22:57:55.802+0300] {dag.py:3504} INFO - Setting next_dagrun for example_external_task_marker_parent to None, run_after=None
[2023-07-30T22:57:55.822+0300] {processor.py:179} INFO - Processing /Users/olgastash/neoflex_env_airflow/lib/python3.10/site-packages/airflow/example_dags/example_external_task_marker_dag.py took 1.098 seconds
[2023-07-30T23:02:26.757+0300] {processor.py:157} INFO - Started process (PID=40206) to work on /Users/olgastash/neoflex_env_airflow/lib/python3.10/site-packages/airflow/example_dags/example_external_task_marker_dag.py
[2023-07-30T23:02:26.758+0300] {processor.py:826} INFO - Processing file /Users/olgastash/neoflex_env_airflow/lib/python3.10/site-packages/airflow/example_dags/example_external_task_marker_dag.py for tasks to queue
[2023-07-30T23:02:26.759+0300] {logging_mixin.py:150} INFO - [2023-07-30T23:02:26.758+0300] {dagbag.py:541} INFO - Filling up the DagBag from /Users/olgastash/neoflex_env_airflow/lib/python3.10/site-packages/airflow/example_dags/example_external_task_marker_dag.py
[2023-07-30T23:02:26.783+0300] {processor.py:836} INFO - DAG(s) dict_keys(['example_external_task_marker_child', 'example_external_task_marker_parent']) retrieved from /Users/olgastash/neoflex_env_airflow/lib/python3.10/site-packages/airflow/example_dags/example_external_task_marker_dag.py
[2023-07-30T23:02:27.830+0300] {logging_mixin.py:150} INFO - [2023-07-30T23:02:27.830+0300] {dag.py:2742} INFO - Sync 2 DAGs
[2023-07-30T23:02:27.850+0300] {logging_mixin.py:150} INFO - [2023-07-30T23:02:27.850+0300] {dag.py:3504} INFO - Setting next_dagrun for example_external_task_marker_child to None, run_after=None
[2023-07-30T23:02:27.852+0300] {logging_mixin.py:150} INFO - [2023-07-30T23:02:27.852+0300] {dag.py:3504} INFO - Setting next_dagrun for example_external_task_marker_parent to None, run_after=None
[2023-07-30T23:02:27.872+0300] {processor.py:179} INFO - Processing /Users/olgastash/neoflex_env_airflow/lib/python3.10/site-packages/airflow/example_dags/example_external_task_marker_dag.py took 1.116 seconds
