[2023-07-30T18:29:04.155+0300] {processor.py:157} INFO - Started process (PID=28962) to work on /Users/olgastash/neoflex_env_airflow/lib/python3.10/site-packages/airflow/example_dags/example_nested_branch_dag.py
[2023-07-30T18:29:04.156+0300] {processor.py:826} INFO - Processing file /Users/olgastash/neoflex_env_airflow/lib/python3.10/site-packages/airflow/example_dags/example_nested_branch_dag.py for tasks to queue
[2023-07-30T18:29:04.156+0300] {logging_mixin.py:150} INFO - [2023-07-30T18:29:04.156+0300] {dagbag.py:541} INFO - Filling up the DagBag from /Users/olgastash/neoflex_env_airflow/lib/python3.10/site-packages/airflow/example_dags/example_nested_branch_dag.py
[2023-07-30T18:29:04.216+0300] {processor.py:836} INFO - DAG(s) dict_keys(['example_nested_branch_dag']) retrieved from /Users/olgastash/neoflex_env_airflow/lib/python3.10/site-packages/airflow/example_dags/example_nested_branch_dag.py
[2023-07-30T18:29:05.154+0300] {logging_mixin.py:150} INFO - [2023-07-30T18:29:05.154+0300] {manager.py:504} INFO - Created Permission View: can read on DAG:example_nested_branch_dag
[2023-07-30T18:29:05.163+0300] {logging_mixin.py:150} INFO - [2023-07-30T18:29:05.163+0300] {manager.py:504} INFO - Created Permission View: can edit on DAG:example_nested_branch_dag
[2023-07-30T18:29:05.169+0300] {logging_mixin.py:150} INFO - [2023-07-30T18:29:05.169+0300] {manager.py:504} INFO - Created Permission View: can delete on DAG:example_nested_branch_dag
[2023-07-30T18:29:05.180+0300] {logging_mixin.py:150} INFO - [2023-07-30T18:29:05.180+0300] {dag.py:2742} INFO - Sync 1 DAGs
[2023-07-30T18:29:05.191+0300] {logging_mixin.py:150} INFO - [2023-07-30T18:29:05.191+0300] {dag.py:2763} INFO - Creating ORM DAG for example_nested_branch_dag
[2023-07-30T18:29:05.202+0300] {logging_mixin.py:150} INFO - [2023-07-30T18:29:05.202+0300] {dag.py:3504} INFO - Setting next_dagrun for example_nested_branch_dag to 2023-07-29T00:00:00+00:00, run_after=2023-07-30T00:00:00+00:00
[2023-07-30T18:29:05.219+0300] {processor.py:179} INFO - Processing /Users/olgastash/neoflex_env_airflow/lib/python3.10/site-packages/airflow/example_dags/example_nested_branch_dag.py took 1.065 seconds
[2023-07-30T18:31:35.633+0300] {processor.py:157} INFO - Started process (PID=29077) to work on /Users/olgastash/neoflex_env_airflow/lib/python3.10/site-packages/airflow/example_dags/example_nested_branch_dag.py
[2023-07-30T18:31:35.634+0300] {processor.py:826} INFO - Processing file /Users/olgastash/neoflex_env_airflow/lib/python3.10/site-packages/airflow/example_dags/example_nested_branch_dag.py for tasks to queue
[2023-07-30T18:31:35.635+0300] {logging_mixin.py:150} INFO - [2023-07-30T18:31:35.635+0300] {dagbag.py:541} INFO - Filling up the DagBag from /Users/olgastash/neoflex_env_airflow/lib/python3.10/site-packages/airflow/example_dags/example_nested_branch_dag.py
[2023-07-30T18:31:35.694+0300] {processor.py:836} INFO - DAG(s) dict_keys(['example_nested_branch_dag']) retrieved from /Users/olgastash/neoflex_env_airflow/lib/python3.10/site-packages/airflow/example_dags/example_nested_branch_dag.py
[2023-07-30T18:31:36.546+0300] {logging_mixin.py:150} INFO - [2023-07-30T18:31:36.546+0300] {dag.py:2742} INFO - Sync 1 DAGs
[2023-07-30T18:31:36.565+0300] {logging_mixin.py:150} INFO - [2023-07-30T18:31:36.565+0300] {dag.py:3504} INFO - Setting next_dagrun for example_nested_branch_dag to 2023-07-29T00:00:00+00:00, run_after=2023-07-30T00:00:00+00:00
[2023-07-30T18:31:36.585+0300] {processor.py:179} INFO - Processing /Users/olgastash/neoflex_env_airflow/lib/python3.10/site-packages/airflow/example_dags/example_nested_branch_dag.py took 0.952 seconds
[2023-07-30T18:35:33.454+0300] {processor.py:157} INFO - Started process (PID=29218) to work on /Users/olgastash/neoflex_env_airflow/lib/python3.10/site-packages/airflow/example_dags/example_nested_branch_dag.py
[2023-07-30T18:35:33.455+0300] {processor.py:826} INFO - Processing file /Users/olgastash/neoflex_env_airflow/lib/python3.10/site-packages/airflow/example_dags/example_nested_branch_dag.py for tasks to queue
[2023-07-30T18:35:33.456+0300] {logging_mixin.py:150} INFO - [2023-07-30T18:35:33.456+0300] {dagbag.py:541} INFO - Filling up the DagBag from /Users/olgastash/neoflex_env_airflow/lib/python3.10/site-packages/airflow/example_dags/example_nested_branch_dag.py
[2023-07-30T18:35:33.518+0300] {processor.py:836} INFO - DAG(s) dict_keys(['example_nested_branch_dag']) retrieved from /Users/olgastash/neoflex_env_airflow/lib/python3.10/site-packages/airflow/example_dags/example_nested_branch_dag.py
[2023-07-30T18:35:34.384+0300] {logging_mixin.py:150} INFO - [2023-07-30T18:35:34.383+0300] {dag.py:2742} INFO - Sync 1 DAGs
[2023-07-30T18:35:34.404+0300] {logging_mixin.py:150} INFO - [2023-07-30T18:35:34.404+0300] {dag.py:3504} INFO - Setting next_dagrun for example_nested_branch_dag to 2023-07-29T00:00:00+00:00, run_after=2023-07-30T00:00:00+00:00
[2023-07-30T18:35:34.423+0300] {processor.py:179} INFO - Processing /Users/olgastash/neoflex_env_airflow/lib/python3.10/site-packages/airflow/example_dags/example_nested_branch_dag.py took 0.970 seconds
[2023-07-30T18:39:24.341+0300] {processor.py:157} INFO - Started process (PID=29366) to work on /Users/olgastash/neoflex_env_airflow/lib/python3.10/site-packages/airflow/example_dags/example_nested_branch_dag.py
[2023-07-30T18:39:24.342+0300] {processor.py:826} INFO - Processing file /Users/olgastash/neoflex_env_airflow/lib/python3.10/site-packages/airflow/example_dags/example_nested_branch_dag.py for tasks to queue
[2023-07-30T18:39:24.343+0300] {logging_mixin.py:150} INFO - [2023-07-30T18:39:24.342+0300] {dagbag.py:541} INFO - Filling up the DagBag from /Users/olgastash/neoflex_env_airflow/lib/python3.10/site-packages/airflow/example_dags/example_nested_branch_dag.py
[2023-07-30T18:39:24.408+0300] {processor.py:836} INFO - DAG(s) dict_keys(['example_nested_branch_dag']) retrieved from /Users/olgastash/neoflex_env_airflow/lib/python3.10/site-packages/airflow/example_dags/example_nested_branch_dag.py
[2023-07-30T18:39:25.353+0300] {logging_mixin.py:150} INFO - [2023-07-30T18:39:25.352+0300] {dag.py:2742} INFO - Sync 1 DAGs
[2023-07-30T18:39:25.375+0300] {logging_mixin.py:150} INFO - [2023-07-30T18:39:25.374+0300] {dag.py:3504} INFO - Setting next_dagrun for example_nested_branch_dag to 2023-07-29T00:00:00+00:00, run_after=2023-07-30T00:00:00+00:00
[2023-07-30T18:39:25.395+0300] {processor.py:179} INFO - Processing /Users/olgastash/neoflex_env_airflow/lib/python3.10/site-packages/airflow/example_dags/example_nested_branch_dag.py took 1.055 seconds
[2023-07-30T18:43:23.525+0300] {processor.py:157} INFO - Started process (PID=29579) to work on /Users/olgastash/neoflex_env_airflow/lib/python3.10/site-packages/airflow/example_dags/example_nested_branch_dag.py
[2023-07-30T18:43:23.526+0300] {processor.py:826} INFO - Processing file /Users/olgastash/neoflex_env_airflow/lib/python3.10/site-packages/airflow/example_dags/example_nested_branch_dag.py for tasks to queue
[2023-07-30T18:43:23.526+0300] {logging_mixin.py:150} INFO - [2023-07-30T18:43:23.526+0300] {dagbag.py:541} INFO - Filling up the DagBag from /Users/olgastash/neoflex_env_airflow/lib/python3.10/site-packages/airflow/example_dags/example_nested_branch_dag.py
[2023-07-30T18:43:23.586+0300] {processor.py:836} INFO - DAG(s) dict_keys(['example_nested_branch_dag']) retrieved from /Users/olgastash/neoflex_env_airflow/lib/python3.10/site-packages/airflow/example_dags/example_nested_branch_dag.py
[2023-07-30T18:43:24.453+0300] {logging_mixin.py:150} INFO - [2023-07-30T18:43:24.452+0300] {dag.py:2742} INFO - Sync 1 DAGs
[2023-07-30T18:43:24.472+0300] {logging_mixin.py:150} INFO - [2023-07-30T18:43:24.472+0300] {dag.py:3504} INFO - Setting next_dagrun for example_nested_branch_dag to 2023-07-29T00:00:00+00:00, run_after=2023-07-30T00:00:00+00:00
[2023-07-30T18:43:24.491+0300] {processor.py:179} INFO - Processing /Users/olgastash/neoflex_env_airflow/lib/python3.10/site-packages/airflow/example_dags/example_nested_branch_dag.py took 0.967 seconds
[2023-07-30T18:47:17.463+0300] {processor.py:157} INFO - Started process (PID=29791) to work on /Users/olgastash/neoflex_env_airflow/lib/python3.10/site-packages/airflow/example_dags/example_nested_branch_dag.py
[2023-07-30T18:47:17.465+0300] {processor.py:826} INFO - Processing file /Users/olgastash/neoflex_env_airflow/lib/python3.10/site-packages/airflow/example_dags/example_nested_branch_dag.py for tasks to queue
[2023-07-30T18:47:17.465+0300] {logging_mixin.py:150} INFO - [2023-07-30T18:47:17.465+0300] {dagbag.py:541} INFO - Filling up the DagBag from /Users/olgastash/neoflex_env_airflow/lib/python3.10/site-packages/airflow/example_dags/example_nested_branch_dag.py
[2023-07-30T18:47:17.523+0300] {processor.py:836} INFO - DAG(s) dict_keys(['example_nested_branch_dag']) retrieved from /Users/olgastash/neoflex_env_airflow/lib/python3.10/site-packages/airflow/example_dags/example_nested_branch_dag.py
[2023-07-30T18:47:18.372+0300] {logging_mixin.py:150} INFO - [2023-07-30T18:47:18.372+0300] {dag.py:2742} INFO - Sync 1 DAGs
[2023-07-30T18:47:18.392+0300] {logging_mixin.py:150} INFO - [2023-07-30T18:47:18.392+0300] {dag.py:3504} INFO - Setting next_dagrun for example_nested_branch_dag to 2023-07-29T00:00:00+00:00, run_after=2023-07-30T00:00:00+00:00
[2023-07-30T18:47:18.412+0300] {processor.py:179} INFO - Processing /Users/olgastash/neoflex_env_airflow/lib/python3.10/site-packages/airflow/example_dags/example_nested_branch_dag.py took 0.949 seconds
[2023-07-30T18:51:08.095+0300] {processor.py:157} INFO - Started process (PID=29983) to work on /Users/olgastash/neoflex_env_airflow/lib/python3.10/site-packages/airflow/example_dags/example_nested_branch_dag.py
[2023-07-30T18:51:08.096+0300] {processor.py:826} INFO - Processing file /Users/olgastash/neoflex_env_airflow/lib/python3.10/site-packages/airflow/example_dags/example_nested_branch_dag.py for tasks to queue
[2023-07-30T18:51:08.097+0300] {logging_mixin.py:150} INFO - [2023-07-30T18:51:08.096+0300] {dagbag.py:541} INFO - Filling up the DagBag from /Users/olgastash/neoflex_env_airflow/lib/python3.10/site-packages/airflow/example_dags/example_nested_branch_dag.py
[2023-07-30T18:51:08.155+0300] {processor.py:836} INFO - DAG(s) dict_keys(['example_nested_branch_dag']) retrieved from /Users/olgastash/neoflex_env_airflow/lib/python3.10/site-packages/airflow/example_dags/example_nested_branch_dag.py
[2023-07-30T18:51:08.995+0300] {logging_mixin.py:150} INFO - [2023-07-30T18:51:08.995+0300] {dag.py:2742} INFO - Sync 1 DAGs
[2023-07-30T18:51:09.015+0300] {logging_mixin.py:150} INFO - [2023-07-30T18:51:09.014+0300] {dag.py:3504} INFO - Setting next_dagrun for example_nested_branch_dag to 2023-07-29T00:00:00+00:00, run_after=2023-07-30T00:00:00+00:00
[2023-07-30T18:51:09.034+0300] {processor.py:179} INFO - Processing /Users/olgastash/neoflex_env_airflow/lib/python3.10/site-packages/airflow/example_dags/example_nested_branch_dag.py took 0.940 seconds
[2023-07-30T18:54:53.984+0300] {processor.py:157} INFO - Started process (PID=30175) to work on /Users/olgastash/neoflex_env_airflow/lib/python3.10/site-packages/airflow/example_dags/example_nested_branch_dag.py
[2023-07-30T18:54:53.985+0300] {processor.py:826} INFO - Processing file /Users/olgastash/neoflex_env_airflow/lib/python3.10/site-packages/airflow/example_dags/example_nested_branch_dag.py for tasks to queue
[2023-07-30T18:54:53.986+0300] {logging_mixin.py:150} INFO - [2023-07-30T18:54:53.985+0300] {dagbag.py:541} INFO - Filling up the DagBag from /Users/olgastash/neoflex_env_airflow/lib/python3.10/site-packages/airflow/example_dags/example_nested_branch_dag.py
[2023-07-30T18:54:54.049+0300] {processor.py:836} INFO - DAG(s) dict_keys(['example_nested_branch_dag']) retrieved from /Users/olgastash/neoflex_env_airflow/lib/python3.10/site-packages/airflow/example_dags/example_nested_branch_dag.py
[2023-07-30T18:54:54.907+0300] {logging_mixin.py:150} INFO - [2023-07-30T18:54:54.907+0300] {dag.py:2742} INFO - Sync 1 DAGs
[2023-07-30T18:54:54.927+0300] {logging_mixin.py:150} INFO - [2023-07-30T18:54:54.927+0300] {dag.py:3504} INFO - Setting next_dagrun for example_nested_branch_dag to 2023-07-29T00:00:00+00:00, run_after=2023-07-30T00:00:00+00:00
[2023-07-30T18:54:54.946+0300] {processor.py:179} INFO - Processing /Users/olgastash/neoflex_env_airflow/lib/python3.10/site-packages/airflow/example_dags/example_nested_branch_dag.py took 0.963 seconds
[2023-07-30T18:58:43.251+0300] {processor.py:157} INFO - Started process (PID=30370) to work on /Users/olgastash/neoflex_env_airflow/lib/python3.10/site-packages/airflow/example_dags/example_nested_branch_dag.py
[2023-07-30T18:58:43.252+0300] {processor.py:826} INFO - Processing file /Users/olgastash/neoflex_env_airflow/lib/python3.10/site-packages/airflow/example_dags/example_nested_branch_dag.py for tasks to queue
[2023-07-30T18:58:43.253+0300] {logging_mixin.py:150} INFO - [2023-07-30T18:58:43.252+0300] {dagbag.py:541} INFO - Filling up the DagBag from /Users/olgastash/neoflex_env_airflow/lib/python3.10/site-packages/airflow/example_dags/example_nested_branch_dag.py
[2023-07-30T18:58:43.311+0300] {processor.py:836} INFO - DAG(s) dict_keys(['example_nested_branch_dag']) retrieved from /Users/olgastash/neoflex_env_airflow/lib/python3.10/site-packages/airflow/example_dags/example_nested_branch_dag.py
[2023-07-30T18:58:44.151+0300] {logging_mixin.py:150} INFO - [2023-07-30T18:58:44.151+0300] {dag.py:2742} INFO - Sync 1 DAGs
[2023-07-30T18:58:44.171+0300] {logging_mixin.py:150} INFO - [2023-07-30T18:58:44.171+0300] {dag.py:3504} INFO - Setting next_dagrun for example_nested_branch_dag to 2023-07-29T00:00:00+00:00, run_after=2023-07-30T00:00:00+00:00
[2023-07-30T18:58:44.190+0300] {processor.py:179} INFO - Processing /Users/olgastash/neoflex_env_airflow/lib/python3.10/site-packages/airflow/example_dags/example_nested_branch_dag.py took 0.940 seconds
[2023-07-30T19:02:50.480+0300] {processor.py:157} INFO - Started process (PID=30525) to work on /Users/olgastash/neoflex_env_airflow/lib/python3.10/site-packages/airflow/example_dags/example_nested_branch_dag.py
[2023-07-30T19:02:50.481+0300] {processor.py:826} INFO - Processing file /Users/olgastash/neoflex_env_airflow/lib/python3.10/site-packages/airflow/example_dags/example_nested_branch_dag.py for tasks to queue
[2023-07-30T19:02:50.482+0300] {logging_mixin.py:150} INFO - [2023-07-30T19:02:50.482+0300] {dagbag.py:541} INFO - Filling up the DagBag from /Users/olgastash/neoflex_env_airflow/lib/python3.10/site-packages/airflow/example_dags/example_nested_branch_dag.py
[2023-07-30T19:02:50.541+0300] {processor.py:836} INFO - DAG(s) dict_keys(['example_nested_branch_dag']) retrieved from /Users/olgastash/neoflex_env_airflow/lib/python3.10/site-packages/airflow/example_dags/example_nested_branch_dag.py
[2023-07-30T19:02:51.537+0300] {logging_mixin.py:150} INFO - [2023-07-30T19:02:51.536+0300] {dag.py:2742} INFO - Sync 1 DAGs
[2023-07-30T19:02:51.557+0300] {logging_mixin.py:150} INFO - [2023-07-30T19:02:51.557+0300] {dag.py:3504} INFO - Setting next_dagrun for example_nested_branch_dag to 2023-07-29T00:00:00+00:00, run_after=2023-07-30T00:00:00+00:00
[2023-07-30T19:02:51.578+0300] {processor.py:179} INFO - Processing /Users/olgastash/neoflex_env_airflow/lib/python3.10/site-packages/airflow/example_dags/example_nested_branch_dag.py took 1.098 seconds
[2023-07-30T19:04:56.736+0300] {processor.py:157} INFO - Started process (PID=30619) to work on /Users/olgastash/neoflex_env_airflow/lib/python3.10/site-packages/airflow/example_dags/example_nested_branch_dag.py
[2023-07-30T19:04:56.738+0300] {processor.py:826} INFO - Processing file /Users/olgastash/neoflex_env_airflow/lib/python3.10/site-packages/airflow/example_dags/example_nested_branch_dag.py for tasks to queue
[2023-07-30T19:04:56.738+0300] {logging_mixin.py:150} INFO - [2023-07-30T19:04:56.738+0300] {dagbag.py:541} INFO - Filling up the DagBag from /Users/olgastash/neoflex_env_airflow/lib/python3.10/site-packages/airflow/example_dags/example_nested_branch_dag.py
[2023-07-30T19:04:56.797+0300] {processor.py:836} INFO - DAG(s) dict_keys(['example_nested_branch_dag']) retrieved from /Users/olgastash/neoflex_env_airflow/lib/python3.10/site-packages/airflow/example_dags/example_nested_branch_dag.py
[2023-07-30T19:04:57.752+0300] {logging_mixin.py:150} INFO - [2023-07-30T19:04:57.751+0300] {dag.py:2742} INFO - Sync 1 DAGs
[2023-07-30T19:04:57.773+0300] {logging_mixin.py:150} INFO - [2023-07-30T19:04:57.772+0300] {dag.py:3504} INFO - Setting next_dagrun for example_nested_branch_dag to 2023-07-29T00:00:00+00:00, run_after=2023-07-30T00:00:00+00:00
[2023-07-30T19:04:57.794+0300] {processor.py:179} INFO - Processing /Users/olgastash/neoflex_env_airflow/lib/python3.10/site-packages/airflow/example_dags/example_nested_branch_dag.py took 1.058 seconds
[2023-07-30T19:06:59.387+0300] {processor.py:157} INFO - Started process (PID=30686) to work on /Users/olgastash/neoflex_env_airflow/lib/python3.10/site-packages/airflow/example_dags/example_nested_branch_dag.py
[2023-07-30T19:06:59.388+0300] {processor.py:826} INFO - Processing file /Users/olgastash/neoflex_env_airflow/lib/python3.10/site-packages/airflow/example_dags/example_nested_branch_dag.py for tasks to queue
[2023-07-30T19:06:59.388+0300] {logging_mixin.py:150} INFO - [2023-07-30T19:06:59.388+0300] {dagbag.py:541} INFO - Filling up the DagBag from /Users/olgastash/neoflex_env_airflow/lib/python3.10/site-packages/airflow/example_dags/example_nested_branch_dag.py
[2023-07-30T19:06:59.447+0300] {processor.py:836} INFO - DAG(s) dict_keys(['example_nested_branch_dag']) retrieved from /Users/olgastash/neoflex_env_airflow/lib/python3.10/site-packages/airflow/example_dags/example_nested_branch_dag.py
[2023-07-30T19:07:00.293+0300] {logging_mixin.py:150} INFO - [2023-07-30T19:07:00.293+0300] {dag.py:2742} INFO - Sync 1 DAGs
[2023-07-30T19:07:00.314+0300] {logging_mixin.py:150} INFO - [2023-07-30T19:07:00.314+0300] {dag.py:3504} INFO - Setting next_dagrun for example_nested_branch_dag to 2023-07-29T00:00:00+00:00, run_after=2023-07-30T00:00:00+00:00
[2023-07-30T19:07:00.336+0300] {processor.py:179} INFO - Processing /Users/olgastash/neoflex_env_airflow/lib/python3.10/site-packages/airflow/example_dags/example_nested_branch_dag.py took 0.950 seconds
[2023-07-30T19:10:54.892+0300] {processor.py:157} INFO - Started process (PID=30818) to work on /Users/olgastash/neoflex_env_airflow/lib/python3.10/site-packages/airflow/example_dags/example_nested_branch_dag.py
[2023-07-30T19:10:54.893+0300] {processor.py:826} INFO - Processing file /Users/olgastash/neoflex_env_airflow/lib/python3.10/site-packages/airflow/example_dags/example_nested_branch_dag.py for tasks to queue
[2023-07-30T19:10:54.894+0300] {logging_mixin.py:150} INFO - [2023-07-30T19:10:54.894+0300] {dagbag.py:541} INFO - Filling up the DagBag from /Users/olgastash/neoflex_env_airflow/lib/python3.10/site-packages/airflow/example_dags/example_nested_branch_dag.py
[2023-07-30T19:10:54.954+0300] {processor.py:836} INFO - DAG(s) dict_keys(['example_nested_branch_dag']) retrieved from /Users/olgastash/neoflex_env_airflow/lib/python3.10/site-packages/airflow/example_dags/example_nested_branch_dag.py
[2023-07-30T19:10:55.924+0300] {logging_mixin.py:150} INFO - [2023-07-30T19:10:55.924+0300] {dag.py:2742} INFO - Sync 1 DAGs
[2023-07-30T19:10:55.945+0300] {logging_mixin.py:150} INFO - [2023-07-30T19:10:55.945+0300] {dag.py:3504} INFO - Setting next_dagrun for example_nested_branch_dag to 2023-07-29T00:00:00+00:00, run_after=2023-07-30T00:00:00+00:00
[2023-07-30T19:10:55.966+0300] {processor.py:179} INFO - Processing /Users/olgastash/neoflex_env_airflow/lib/python3.10/site-packages/airflow/example_dags/example_nested_branch_dag.py took 1.075 seconds
[2023-07-30T19:15:10.889+0300] {processor.py:157} INFO - Started process (PID=30977) to work on /Users/olgastash/neoflex_env_airflow/lib/python3.10/site-packages/airflow/example_dags/example_nested_branch_dag.py
[2023-07-30T19:15:10.890+0300] {processor.py:826} INFO - Processing file /Users/olgastash/neoflex_env_airflow/lib/python3.10/site-packages/airflow/example_dags/example_nested_branch_dag.py for tasks to queue
[2023-07-30T19:15:10.891+0300] {logging_mixin.py:150} INFO - [2023-07-30T19:15:10.891+0300] {dagbag.py:541} INFO - Filling up the DagBag from /Users/olgastash/neoflex_env_airflow/lib/python3.10/site-packages/airflow/example_dags/example_nested_branch_dag.py
[2023-07-30T19:15:10.951+0300] {processor.py:836} INFO - DAG(s) dict_keys(['example_nested_branch_dag']) retrieved from /Users/olgastash/neoflex_env_airflow/lib/python3.10/site-packages/airflow/example_dags/example_nested_branch_dag.py
[2023-07-30T19:15:11.898+0300] {logging_mixin.py:150} INFO - [2023-07-30T19:15:11.898+0300] {dag.py:2742} INFO - Sync 1 DAGs
[2023-07-30T19:15:11.918+0300] {logging_mixin.py:150} INFO - [2023-07-30T19:15:11.918+0300] {dag.py:3504} INFO - Setting next_dagrun for example_nested_branch_dag to 2023-07-29T00:00:00+00:00, run_after=2023-07-30T00:00:00+00:00
[2023-07-30T19:15:11.941+0300] {processor.py:179} INFO - Processing /Users/olgastash/neoflex_env_airflow/lib/python3.10/site-packages/airflow/example_dags/example_nested_branch_dag.py took 1.052 seconds
[2023-07-30T19:19:17.390+0300] {processor.py:157} INFO - Started process (PID=31193) to work on /Users/olgastash/neoflex_env_airflow/lib/python3.10/site-packages/airflow/example_dags/example_nested_branch_dag.py
[2023-07-30T19:19:17.391+0300] {processor.py:826} INFO - Processing file /Users/olgastash/neoflex_env_airflow/lib/python3.10/site-packages/airflow/example_dags/example_nested_branch_dag.py for tasks to queue
[2023-07-30T19:19:17.392+0300] {logging_mixin.py:150} INFO - [2023-07-30T19:19:17.391+0300] {dagbag.py:541} INFO - Filling up the DagBag from /Users/olgastash/neoflex_env_airflow/lib/python3.10/site-packages/airflow/example_dags/example_nested_branch_dag.py
[2023-07-30T19:19:17.454+0300] {processor.py:836} INFO - DAG(s) dict_keys(['example_nested_branch_dag']) retrieved from /Users/olgastash/neoflex_env_airflow/lib/python3.10/site-packages/airflow/example_dags/example_nested_branch_dag.py
[2023-07-30T19:19:18.492+0300] {logging_mixin.py:150} INFO - [2023-07-30T19:19:18.492+0300] {dag.py:2742} INFO - Sync 1 DAGs
[2023-07-30T19:19:18.514+0300] {logging_mixin.py:150} INFO - [2023-07-30T19:19:18.514+0300] {dag.py:3504} INFO - Setting next_dagrun for example_nested_branch_dag to 2023-07-29T00:00:00+00:00, run_after=2023-07-30T00:00:00+00:00
[2023-07-30T19:19:18.536+0300] {processor.py:179} INFO - Processing /Users/olgastash/neoflex_env_airflow/lib/python3.10/site-packages/airflow/example_dags/example_nested_branch_dag.py took 1.147 seconds
[2023-07-30T19:23:32.365+0300] {processor.py:157} INFO - Started process (PID=31344) to work on /Users/olgastash/neoflex_env_airflow/lib/python3.10/site-packages/airflow/example_dags/example_nested_branch_dag.py
[2023-07-30T19:23:32.366+0300] {processor.py:826} INFO - Processing file /Users/olgastash/neoflex_env_airflow/lib/python3.10/site-packages/airflow/example_dags/example_nested_branch_dag.py for tasks to queue
[2023-07-30T19:23:32.367+0300] {logging_mixin.py:150} INFO - [2023-07-30T19:23:32.367+0300] {dagbag.py:541} INFO - Filling up the DagBag from /Users/olgastash/neoflex_env_airflow/lib/python3.10/site-packages/airflow/example_dags/example_nested_branch_dag.py
[2023-07-30T19:23:32.426+0300] {processor.py:836} INFO - DAG(s) dict_keys(['example_nested_branch_dag']) retrieved from /Users/olgastash/neoflex_env_airflow/lib/python3.10/site-packages/airflow/example_dags/example_nested_branch_dag.py
[2023-07-30T19:23:33.272+0300] {logging_mixin.py:150} INFO - [2023-07-30T19:23:33.271+0300] {dag.py:2742} INFO - Sync 1 DAGs
[2023-07-30T19:23:33.291+0300] {logging_mixin.py:150} INFO - [2023-07-30T19:23:33.291+0300] {dag.py:3504} INFO - Setting next_dagrun for example_nested_branch_dag to 2023-07-29T00:00:00+00:00, run_after=2023-07-30T00:00:00+00:00
[2023-07-30T19:23:33.310+0300] {processor.py:179} INFO - Processing /Users/olgastash/neoflex_env_airflow/lib/python3.10/site-packages/airflow/example_dags/example_nested_branch_dag.py took 0.946 seconds
[2023-07-30T19:27:33.595+0300] {processor.py:157} INFO - Started process (PID=31487) to work on /Users/olgastash/neoflex_env_airflow/lib/python3.10/site-packages/airflow/example_dags/example_nested_branch_dag.py
[2023-07-30T19:27:33.596+0300] {processor.py:826} INFO - Processing file /Users/olgastash/neoflex_env_airflow/lib/python3.10/site-packages/airflow/example_dags/example_nested_branch_dag.py for tasks to queue
[2023-07-30T19:27:33.597+0300] {logging_mixin.py:150} INFO - [2023-07-30T19:27:33.597+0300] {dagbag.py:541} INFO - Filling up the DagBag from /Users/olgastash/neoflex_env_airflow/lib/python3.10/site-packages/airflow/example_dags/example_nested_branch_dag.py
[2023-07-30T19:27:33.656+0300] {processor.py:836} INFO - DAG(s) dict_keys(['example_nested_branch_dag']) retrieved from /Users/olgastash/neoflex_env_airflow/lib/python3.10/site-packages/airflow/example_dags/example_nested_branch_dag.py
[2023-07-30T19:27:34.587+0300] {logging_mixin.py:150} INFO - [2023-07-30T19:27:34.587+0300] {dag.py:2742} INFO - Sync 1 DAGs
[2023-07-30T19:27:34.608+0300] {logging_mixin.py:150} INFO - [2023-07-30T19:27:34.608+0300] {dag.py:3504} INFO - Setting next_dagrun for example_nested_branch_dag to 2023-07-29T00:00:00+00:00, run_after=2023-07-30T00:00:00+00:00
[2023-07-30T19:27:34.629+0300] {processor.py:179} INFO - Processing /Users/olgastash/neoflex_env_airflow/lib/python3.10/site-packages/airflow/example_dags/example_nested_branch_dag.py took 1.034 seconds
[2023-07-30T20:11:43.157+0300] {processor.py:157} INFO - Started process (PID=31765) to work on /Users/olgastash/neoflex_env_airflow/lib/python3.10/site-packages/airflow/example_dags/example_nested_branch_dag.py
[2023-07-30T20:11:43.158+0300] {processor.py:826} INFO - Processing file /Users/olgastash/neoflex_env_airflow/lib/python3.10/site-packages/airflow/example_dags/example_nested_branch_dag.py for tasks to queue
[2023-07-30T20:11:43.158+0300] {logging_mixin.py:150} INFO - [2023-07-30T20:11:43.158+0300] {dagbag.py:541} INFO - Filling up the DagBag from /Users/olgastash/neoflex_env_airflow/lib/python3.10/site-packages/airflow/example_dags/example_nested_branch_dag.py
[2023-07-30T20:11:43.217+0300] {processor.py:836} INFO - DAG(s) dict_keys(['example_nested_branch_dag']) retrieved from /Users/olgastash/neoflex_env_airflow/lib/python3.10/site-packages/airflow/example_dags/example_nested_branch_dag.py
[2023-07-30T20:11:44.165+0300] {logging_mixin.py:150} INFO - [2023-07-30T20:11:44.165+0300] {dag.py:2742} INFO - Sync 1 DAGs
[2023-07-30T20:11:44.186+0300] {logging_mixin.py:150} INFO - [2023-07-30T20:11:44.186+0300] {dag.py:3504} INFO - Setting next_dagrun for example_nested_branch_dag to 2023-07-29T00:00:00+00:00, run_after=2023-07-30T00:00:00+00:00
[2023-07-30T20:11:44.207+0300] {processor.py:179} INFO - Processing /Users/olgastash/neoflex_env_airflow/lib/python3.10/site-packages/airflow/example_dags/example_nested_branch_dag.py took 1.051 seconds
[2023-07-30T20:14:10.675+0300] {processor.py:157} INFO - Started process (PID=31912) to work on /Users/olgastash/neoflex_env_airflow/lib/python3.10/site-packages/airflow/example_dags/example_nested_branch_dag.py
[2023-07-30T20:14:10.677+0300] {processor.py:826} INFO - Processing file /Users/olgastash/neoflex_env_airflow/lib/python3.10/site-packages/airflow/example_dags/example_nested_branch_dag.py for tasks to queue
[2023-07-30T20:14:10.679+0300] {logging_mixin.py:150} INFO - [2023-07-30T20:14:10.678+0300] {dagbag.py:541} INFO - Filling up the DagBag from /Users/olgastash/neoflex_env_airflow/lib/python3.10/site-packages/airflow/example_dags/example_nested_branch_dag.py
[2023-07-30T20:14:10.765+0300] {processor.py:836} INFO - DAG(s) dict_keys(['example_nested_branch_dag']) retrieved from /Users/olgastash/neoflex_env_airflow/lib/python3.10/site-packages/airflow/example_dags/example_nested_branch_dag.py
[2023-07-30T20:14:11.674+0300] {logging_mixin.py:150} INFO - [2023-07-30T20:14:11.674+0300] {dag.py:2742} INFO - Sync 1 DAGs
[2023-07-30T20:14:11.694+0300] {logging_mixin.py:150} INFO - [2023-07-30T20:14:11.694+0300] {dag.py:3504} INFO - Setting next_dagrun for example_nested_branch_dag to 2023-07-29T00:00:00+00:00, run_after=2023-07-30T00:00:00+00:00
[2023-07-30T20:14:11.714+0300] {processor.py:179} INFO - Processing /Users/olgastash/neoflex_env_airflow/lib/python3.10/site-packages/airflow/example_dags/example_nested_branch_dag.py took 1.040 seconds
[2023-07-30T20:18:32.606+0300] {processor.py:157} INFO - Started process (PID=32136) to work on /Users/olgastash/neoflex_env_airflow/lib/python3.10/site-packages/airflow/example_dags/example_nested_branch_dag.py
[2023-07-30T20:18:32.608+0300] {processor.py:826} INFO - Processing file /Users/olgastash/neoflex_env_airflow/lib/python3.10/site-packages/airflow/example_dags/example_nested_branch_dag.py for tasks to queue
[2023-07-30T20:18:32.608+0300] {logging_mixin.py:150} INFO - [2023-07-30T20:18:32.608+0300] {dagbag.py:541} INFO - Filling up the DagBag from /Users/olgastash/neoflex_env_airflow/lib/python3.10/site-packages/airflow/example_dags/example_nested_branch_dag.py
[2023-07-30T20:18:32.668+0300] {processor.py:836} INFO - DAG(s) dict_keys(['example_nested_branch_dag']) retrieved from /Users/olgastash/neoflex_env_airflow/lib/python3.10/site-packages/airflow/example_dags/example_nested_branch_dag.py
[2023-07-30T20:18:33.613+0300] {logging_mixin.py:150} INFO - [2023-07-30T20:18:33.612+0300] {dag.py:2742} INFO - Sync 1 DAGs
[2023-07-30T20:18:33.633+0300] {logging_mixin.py:150} INFO - [2023-07-30T20:18:33.633+0300] {dag.py:3504} INFO - Setting next_dagrun for example_nested_branch_dag to 2023-07-29T00:00:00+00:00, run_after=2023-07-30T00:00:00+00:00
[2023-07-30T20:18:33.655+0300] {processor.py:179} INFO - Processing /Users/olgastash/neoflex_env_airflow/lib/python3.10/site-packages/airflow/example_dags/example_nested_branch_dag.py took 1.050 seconds
[2023-07-30T20:23:06.080+0300] {processor.py:157} INFO - Started process (PID=32413) to work on /Users/olgastash/neoflex_env_airflow/lib/python3.10/site-packages/airflow/example_dags/example_nested_branch_dag.py
[2023-07-30T20:23:06.081+0300] {processor.py:826} INFO - Processing file /Users/olgastash/neoflex_env_airflow/lib/python3.10/site-packages/airflow/example_dags/example_nested_branch_dag.py for tasks to queue
[2023-07-30T20:23:06.082+0300] {logging_mixin.py:150} INFO - [2023-07-30T20:23:06.081+0300] {dagbag.py:541} INFO - Filling up the DagBag from /Users/olgastash/neoflex_env_airflow/lib/python3.10/site-packages/airflow/example_dags/example_nested_branch_dag.py
[2023-07-30T20:23:06.141+0300] {processor.py:836} INFO - DAG(s) dict_keys(['example_nested_branch_dag']) retrieved from /Users/olgastash/neoflex_env_airflow/lib/python3.10/site-packages/airflow/example_dags/example_nested_branch_dag.py
[2023-07-30T20:23:07.112+0300] {logging_mixin.py:150} INFO - [2023-07-30T20:23:07.111+0300] {dag.py:2742} INFO - Sync 1 DAGs
[2023-07-30T20:23:07.131+0300] {logging_mixin.py:150} INFO - [2023-07-30T20:23:07.131+0300] {dag.py:3504} INFO - Setting next_dagrun for example_nested_branch_dag to 2023-07-29T00:00:00+00:00, run_after=2023-07-30T00:00:00+00:00
[2023-07-30T20:23:07.151+0300] {processor.py:179} INFO - Processing /Users/olgastash/neoflex_env_airflow/lib/python3.10/site-packages/airflow/example_dags/example_nested_branch_dag.py took 1.072 seconds
[2023-07-30T20:27:27.227+0300] {processor.py:157} INFO - Started process (PID=32597) to work on /Users/olgastash/neoflex_env_airflow/lib/python3.10/site-packages/airflow/example_dags/example_nested_branch_dag.py
[2023-07-30T20:27:27.228+0300] {processor.py:826} INFO - Processing file /Users/olgastash/neoflex_env_airflow/lib/python3.10/site-packages/airflow/example_dags/example_nested_branch_dag.py for tasks to queue
[2023-07-30T20:27:27.229+0300] {logging_mixin.py:150} INFO - [2023-07-30T20:27:27.229+0300] {dagbag.py:541} INFO - Filling up the DagBag from /Users/olgastash/neoflex_env_airflow/lib/python3.10/site-packages/airflow/example_dags/example_nested_branch_dag.py
[2023-07-30T20:27:27.287+0300] {processor.py:836} INFO - DAG(s) dict_keys(['example_nested_branch_dag']) retrieved from /Users/olgastash/neoflex_env_airflow/lib/python3.10/site-packages/airflow/example_dags/example_nested_branch_dag.py
[2023-07-30T20:27:28.250+0300] {logging_mixin.py:150} INFO - [2023-07-30T20:27:28.249+0300] {dag.py:2742} INFO - Sync 1 DAGs
[2023-07-30T20:27:28.269+0300] {logging_mixin.py:150} INFO - [2023-07-30T20:27:28.269+0300] {dag.py:3504} INFO - Setting next_dagrun for example_nested_branch_dag to 2023-07-29T00:00:00+00:00, run_after=2023-07-30T00:00:00+00:00
[2023-07-30T20:27:28.289+0300] {processor.py:179} INFO - Processing /Users/olgastash/neoflex_env_airflow/lib/python3.10/site-packages/airflow/example_dags/example_nested_branch_dag.py took 1.062 seconds
[2023-07-30T20:31:47.334+0300] {processor.py:157} INFO - Started process (PID=32804) to work on /Users/olgastash/neoflex_env_airflow/lib/python3.10/site-packages/airflow/example_dags/example_nested_branch_dag.py
[2023-07-30T20:31:47.335+0300] {processor.py:826} INFO - Processing file /Users/olgastash/neoflex_env_airflow/lib/python3.10/site-packages/airflow/example_dags/example_nested_branch_dag.py for tasks to queue
[2023-07-30T20:31:47.335+0300] {logging_mixin.py:150} INFO - [2023-07-30T20:31:47.335+0300] {dagbag.py:541} INFO - Filling up the DagBag from /Users/olgastash/neoflex_env_airflow/lib/python3.10/site-packages/airflow/example_dags/example_nested_branch_dag.py
[2023-07-30T20:31:47.397+0300] {processor.py:836} INFO - DAG(s) dict_keys(['example_nested_branch_dag']) retrieved from /Users/olgastash/neoflex_env_airflow/lib/python3.10/site-packages/airflow/example_dags/example_nested_branch_dag.py
[2023-07-30T20:31:48.438+0300] {logging_mixin.py:150} INFO - [2023-07-30T20:31:48.437+0300] {dag.py:2742} INFO - Sync 1 DAGs
[2023-07-30T20:31:48.462+0300] {logging_mixin.py:150} INFO - [2023-07-30T20:31:48.462+0300] {dag.py:3504} INFO - Setting next_dagrun for example_nested_branch_dag to 2023-07-29T00:00:00+00:00, run_after=2023-07-30T00:00:00+00:00
[2023-07-30T20:31:48.482+0300] {processor.py:179} INFO - Processing /Users/olgastash/neoflex_env_airflow/lib/python3.10/site-packages/airflow/example_dags/example_nested_branch_dag.py took 1.149 seconds
[2023-07-30T20:33:55.911+0300] {processor.py:157} INFO - Started process (PID=32945) to work on /Users/olgastash/neoflex_env_airflow/lib/python3.10/site-packages/airflow/example_dags/example_nested_branch_dag.py
[2023-07-30T20:33:55.912+0300] {processor.py:826} INFO - Processing file /Users/olgastash/neoflex_env_airflow/lib/python3.10/site-packages/airflow/example_dags/example_nested_branch_dag.py for tasks to queue
[2023-07-30T20:33:55.912+0300] {logging_mixin.py:150} INFO - [2023-07-30T20:33:55.912+0300] {dagbag.py:541} INFO - Filling up the DagBag from /Users/olgastash/neoflex_env_airflow/lib/python3.10/site-packages/airflow/example_dags/example_nested_branch_dag.py
[2023-07-30T20:33:55.972+0300] {processor.py:836} INFO - DAG(s) dict_keys(['example_nested_branch_dag']) retrieved from /Users/olgastash/neoflex_env_airflow/lib/python3.10/site-packages/airflow/example_dags/example_nested_branch_dag.py
[2023-07-30T20:33:56.868+0300] {logging_mixin.py:150} INFO - [2023-07-30T20:33:56.868+0300] {dag.py:2742} INFO - Sync 1 DAGs
[2023-07-30T20:33:56.889+0300] {logging_mixin.py:150} INFO - [2023-07-30T20:33:56.889+0300] {dag.py:3504} INFO - Setting next_dagrun for example_nested_branch_dag to 2023-07-29T00:00:00+00:00, run_after=2023-07-30T00:00:00+00:00
[2023-07-30T20:33:56.907+0300] {processor.py:179} INFO - Processing /Users/olgastash/neoflex_env_airflow/lib/python3.10/site-packages/airflow/example_dags/example_nested_branch_dag.py took 0.998 seconds
[2023-07-30T20:38:10.914+0300] {processor.py:157} INFO - Started process (PID=33205) to work on /Users/olgastash/neoflex_env_airflow/lib/python3.10/site-packages/airflow/example_dags/example_nested_branch_dag.py
[2023-07-30T20:38:10.915+0300] {processor.py:826} INFO - Processing file /Users/olgastash/neoflex_env_airflow/lib/python3.10/site-packages/airflow/example_dags/example_nested_branch_dag.py for tasks to queue
[2023-07-30T20:38:10.916+0300] {logging_mixin.py:150} INFO - [2023-07-30T20:38:10.915+0300] {dagbag.py:541} INFO - Filling up the DagBag from /Users/olgastash/neoflex_env_airflow/lib/python3.10/site-packages/airflow/example_dags/example_nested_branch_dag.py
[2023-07-30T20:38:10.979+0300] {processor.py:836} INFO - DAG(s) dict_keys(['example_nested_branch_dag']) retrieved from /Users/olgastash/neoflex_env_airflow/lib/python3.10/site-packages/airflow/example_dags/example_nested_branch_dag.py
[2023-07-30T20:38:12.090+0300] {logging_mixin.py:150} INFO - [2023-07-30T20:38:12.090+0300] {dag.py:2742} INFO - Sync 1 DAGs
[2023-07-30T20:38:12.115+0300] {logging_mixin.py:150} INFO - [2023-07-30T20:38:12.115+0300] {dag.py:3504} INFO - Setting next_dagrun for example_nested_branch_dag to 2023-07-29T00:00:00+00:00, run_after=2023-07-30T00:00:00+00:00
[2023-07-30T20:38:12.139+0300] {processor.py:179} INFO - Processing /Users/olgastash/neoflex_env_airflow/lib/python3.10/site-packages/airflow/example_dags/example_nested_branch_dag.py took 1.227 seconds
[2023-07-30T20:42:30.315+0300] {processor.py:157} INFO - Started process (PID=33440) to work on /Users/olgastash/neoflex_env_airflow/lib/python3.10/site-packages/airflow/example_dags/example_nested_branch_dag.py
[2023-07-30T20:42:30.316+0300] {processor.py:826} INFO - Processing file /Users/olgastash/neoflex_env_airflow/lib/python3.10/site-packages/airflow/example_dags/example_nested_branch_dag.py for tasks to queue
[2023-07-30T20:42:30.317+0300] {logging_mixin.py:150} INFO - [2023-07-30T20:42:30.317+0300] {dagbag.py:541} INFO - Filling up the DagBag from /Users/olgastash/neoflex_env_airflow/lib/python3.10/site-packages/airflow/example_dags/example_nested_branch_dag.py
[2023-07-30T20:42:30.376+0300] {processor.py:836} INFO - DAG(s) dict_keys(['example_nested_branch_dag']) retrieved from /Users/olgastash/neoflex_env_airflow/lib/python3.10/site-packages/airflow/example_dags/example_nested_branch_dag.py
[2023-07-30T20:42:31.350+0300] {logging_mixin.py:150} INFO - [2023-07-30T20:42:31.350+0300] {dag.py:2742} INFO - Sync 1 DAGs
[2023-07-30T20:42:31.370+0300] {logging_mixin.py:150} INFO - [2023-07-30T20:42:31.370+0300] {dag.py:3504} INFO - Setting next_dagrun for example_nested_branch_dag to 2023-07-29T00:00:00+00:00, run_after=2023-07-30T00:00:00+00:00
[2023-07-30T20:42:31.391+0300] {processor.py:179} INFO - Processing /Users/olgastash/neoflex_env_airflow/lib/python3.10/site-packages/airflow/example_dags/example_nested_branch_dag.py took 1.076 seconds
[2023-07-30T20:46:48.472+0300] {processor.py:157} INFO - Started process (PID=33698) to work on /Users/olgastash/neoflex_env_airflow/lib/python3.10/site-packages/airflow/example_dags/example_nested_branch_dag.py
[2023-07-30T20:46:48.473+0300] {processor.py:826} INFO - Processing file /Users/olgastash/neoflex_env_airflow/lib/python3.10/site-packages/airflow/example_dags/example_nested_branch_dag.py for tasks to queue
[2023-07-30T20:46:48.474+0300] {logging_mixin.py:150} INFO - [2023-07-30T20:46:48.474+0300] {dagbag.py:541} INFO - Filling up the DagBag from /Users/olgastash/neoflex_env_airflow/lib/python3.10/site-packages/airflow/example_dags/example_nested_branch_dag.py
[2023-07-30T20:46:48.532+0300] {processor.py:836} INFO - DAG(s) dict_keys(['example_nested_branch_dag']) retrieved from /Users/olgastash/neoflex_env_airflow/lib/python3.10/site-packages/airflow/example_dags/example_nested_branch_dag.py
[2023-07-30T20:46:49.520+0300] {logging_mixin.py:150} INFO - [2023-07-30T20:46:49.520+0300] {dag.py:2742} INFO - Sync 1 DAGs
[2023-07-30T20:46:49.539+0300] {logging_mixin.py:150} INFO - [2023-07-30T20:46:49.539+0300] {dag.py:3504} INFO - Setting next_dagrun for example_nested_branch_dag to 2023-07-29T00:00:00+00:00, run_after=2023-07-30T00:00:00+00:00
[2023-07-30T20:46:49.561+0300] {processor.py:179} INFO - Processing /Users/olgastash/neoflex_env_airflow/lib/python3.10/site-packages/airflow/example_dags/example_nested_branch_dag.py took 1.089 seconds
[2023-07-30T20:51:09.475+0300] {processor.py:157} INFO - Started process (PID=33918) to work on /Users/olgastash/neoflex_env_airflow/lib/python3.10/site-packages/airflow/example_dags/example_nested_branch_dag.py
[2023-07-30T20:51:09.476+0300] {processor.py:826} INFO - Processing file /Users/olgastash/neoflex_env_airflow/lib/python3.10/site-packages/airflow/example_dags/example_nested_branch_dag.py for tasks to queue
[2023-07-30T20:51:09.476+0300] {logging_mixin.py:150} INFO - [2023-07-30T20:51:09.476+0300] {dagbag.py:541} INFO - Filling up the DagBag from /Users/olgastash/neoflex_env_airflow/lib/python3.10/site-packages/airflow/example_dags/example_nested_branch_dag.py
[2023-07-30T20:51:09.537+0300] {processor.py:836} INFO - DAG(s) dict_keys(['example_nested_branch_dag']) retrieved from /Users/olgastash/neoflex_env_airflow/lib/python3.10/site-packages/airflow/example_dags/example_nested_branch_dag.py
[2023-07-30T20:51:10.557+0300] {logging_mixin.py:150} INFO - [2023-07-30T20:51:10.556+0300] {dag.py:2742} INFO - Sync 1 DAGs
[2023-07-30T20:51:10.578+0300] {logging_mixin.py:150} INFO - [2023-07-30T20:51:10.578+0300] {dag.py:3504} INFO - Setting next_dagrun for example_nested_branch_dag to 2023-07-29T00:00:00+00:00, run_after=2023-07-30T00:00:00+00:00
[2023-07-30T20:51:10.600+0300] {processor.py:179} INFO - Processing /Users/olgastash/neoflex_env_airflow/lib/python3.10/site-packages/airflow/example_dags/example_nested_branch_dag.py took 1.126 seconds
[2023-07-30T20:55:38.941+0300] {processor.py:157} INFO - Started process (PID=34140) to work on /Users/olgastash/neoflex_env_airflow/lib/python3.10/site-packages/airflow/example_dags/example_nested_branch_dag.py
[2023-07-30T20:55:38.942+0300] {processor.py:826} INFO - Processing file /Users/olgastash/neoflex_env_airflow/lib/python3.10/site-packages/airflow/example_dags/example_nested_branch_dag.py for tasks to queue
[2023-07-30T20:55:38.942+0300] {logging_mixin.py:150} INFO - [2023-07-30T20:55:38.942+0300] {dagbag.py:541} INFO - Filling up the DagBag from /Users/olgastash/neoflex_env_airflow/lib/python3.10/site-packages/airflow/example_dags/example_nested_branch_dag.py
[2023-07-30T20:55:39.004+0300] {processor.py:836} INFO - DAG(s) dict_keys(['example_nested_branch_dag']) retrieved from /Users/olgastash/neoflex_env_airflow/lib/python3.10/site-packages/airflow/example_dags/example_nested_branch_dag.py
[2023-07-30T20:55:40.120+0300] {logging_mixin.py:150} INFO - [2023-07-30T20:55:40.119+0300] {dag.py:2742} INFO - Sync 1 DAGs
[2023-07-30T20:55:40.140+0300] {logging_mixin.py:150} INFO - [2023-07-30T20:55:40.140+0300] {dag.py:3504} INFO - Setting next_dagrun for example_nested_branch_dag to 2023-07-29T00:00:00+00:00, run_after=2023-07-30T00:00:00+00:00
[2023-07-30T20:55:40.161+0300] {processor.py:179} INFO - Processing /Users/olgastash/neoflex_env_airflow/lib/python3.10/site-packages/airflow/example_dags/example_nested_branch_dag.py took 1.221 seconds
[2023-07-30T21:00:03.852+0300] {processor.py:157} INFO - Started process (PID=34338) to work on /Users/olgastash/neoflex_env_airflow/lib/python3.10/site-packages/airflow/example_dags/example_nested_branch_dag.py
[2023-07-30T21:00:03.854+0300] {processor.py:826} INFO - Processing file /Users/olgastash/neoflex_env_airflow/lib/python3.10/site-packages/airflow/example_dags/example_nested_branch_dag.py for tasks to queue
[2023-07-30T21:00:03.854+0300] {logging_mixin.py:150} INFO - [2023-07-30T21:00:03.854+0300] {dagbag.py:541} INFO - Filling up the DagBag from /Users/olgastash/neoflex_env_airflow/lib/python3.10/site-packages/airflow/example_dags/example_nested_branch_dag.py
[2023-07-30T21:00:03.921+0300] {processor.py:836} INFO - DAG(s) dict_keys(['example_nested_branch_dag']) retrieved from /Users/olgastash/neoflex_env_airflow/lib/python3.10/site-packages/airflow/example_dags/example_nested_branch_dag.py
[2023-07-30T21:00:04.937+0300] {logging_mixin.py:150} INFO - [2023-07-30T21:00:04.937+0300] {dag.py:2742} INFO - Sync 1 DAGs
[2023-07-30T21:00:04.957+0300] {logging_mixin.py:150} INFO - [2023-07-30T21:00:04.956+0300] {dag.py:3504} INFO - Setting next_dagrun for example_nested_branch_dag to 2023-07-29T00:00:00+00:00, run_after=2023-07-30T00:00:00+00:00
[2023-07-30T21:00:04.976+0300] {processor.py:179} INFO - Processing /Users/olgastash/neoflex_env_airflow/lib/python3.10/site-packages/airflow/example_dags/example_nested_branch_dag.py took 1.125 seconds
[2023-07-30T21:02:21.401+0300] {processor.py:157} INFO - Started process (PID=34423) to work on /Users/olgastash/neoflex_env_airflow/lib/python3.10/site-packages/airflow/example_dags/example_nested_branch_dag.py
[2023-07-30T21:02:21.402+0300] {processor.py:826} INFO - Processing file /Users/olgastash/neoflex_env_airflow/lib/python3.10/site-packages/airflow/example_dags/example_nested_branch_dag.py for tasks to queue
[2023-07-30T21:02:21.402+0300] {logging_mixin.py:150} INFO - [2023-07-30T21:02:21.402+0300] {dagbag.py:541} INFO - Filling up the DagBag from /Users/olgastash/neoflex_env_airflow/lib/python3.10/site-packages/airflow/example_dags/example_nested_branch_dag.py
[2023-07-30T21:02:21.463+0300] {processor.py:836} INFO - DAG(s) dict_keys(['example_nested_branch_dag']) retrieved from /Users/olgastash/neoflex_env_airflow/lib/python3.10/site-packages/airflow/example_dags/example_nested_branch_dag.py
[2023-07-30T21:02:22.383+0300] {logging_mixin.py:150} INFO - [2023-07-30T21:02:22.383+0300] {dag.py:2742} INFO - Sync 1 DAGs
[2023-07-30T21:02:22.405+0300] {logging_mixin.py:150} INFO - [2023-07-30T21:02:22.405+0300] {dag.py:3504} INFO - Setting next_dagrun for example_nested_branch_dag to 2023-07-29T00:00:00+00:00, run_after=2023-07-30T00:00:00+00:00
[2023-07-30T21:02:22.423+0300] {processor.py:179} INFO - Processing /Users/olgastash/neoflex_env_airflow/lib/python3.10/site-packages/airflow/example_dags/example_nested_branch_dag.py took 1.023 seconds
[2023-07-30T21:06:54.703+0300] {processor.py:157} INFO - Started process (PID=34611) to work on /Users/olgastash/neoflex_env_airflow/lib/python3.10/site-packages/airflow/example_dags/example_nested_branch_dag.py
[2023-07-30T21:06:54.705+0300] {processor.py:826} INFO - Processing file /Users/olgastash/neoflex_env_airflow/lib/python3.10/site-packages/airflow/example_dags/example_nested_branch_dag.py for tasks to queue
[2023-07-30T21:06:54.706+0300] {logging_mixin.py:150} INFO - [2023-07-30T21:06:54.706+0300] {dagbag.py:541} INFO - Filling up the DagBag from /Users/olgastash/neoflex_env_airflow/lib/python3.10/site-packages/airflow/example_dags/example_nested_branch_dag.py
[2023-07-30T21:06:54.773+0300] {processor.py:836} INFO - DAG(s) dict_keys(['example_nested_branch_dag']) retrieved from /Users/olgastash/neoflex_env_airflow/lib/python3.10/site-packages/airflow/example_dags/example_nested_branch_dag.py
[2023-07-30T21:06:55.828+0300] {logging_mixin.py:150} INFO - [2023-07-30T21:06:55.828+0300] {dag.py:2742} INFO - Sync 1 DAGs
[2023-07-30T21:06:55.848+0300] {logging_mixin.py:150} INFO - [2023-07-30T21:06:55.848+0300] {dag.py:3504} INFO - Setting next_dagrun for example_nested_branch_dag to 2023-07-29T00:00:00+00:00, run_after=2023-07-30T00:00:00+00:00
[2023-07-30T21:06:55.869+0300] {processor.py:179} INFO - Processing /Users/olgastash/neoflex_env_airflow/lib/python3.10/site-packages/airflow/example_dags/example_nested_branch_dag.py took 1.167 seconds
[2023-07-30T21:09:09.464+0300] {processor.py:157} INFO - Started process (PID=34700) to work on /Users/olgastash/neoflex_env_airflow/lib/python3.10/site-packages/airflow/example_dags/example_nested_branch_dag.py
[2023-07-30T21:09:09.466+0300] {processor.py:826} INFO - Processing file /Users/olgastash/neoflex_env_airflow/lib/python3.10/site-packages/airflow/example_dags/example_nested_branch_dag.py for tasks to queue
[2023-07-30T21:09:09.466+0300] {logging_mixin.py:150} INFO - [2023-07-30T21:09:09.466+0300] {dagbag.py:541} INFO - Filling up the DagBag from /Users/olgastash/neoflex_env_airflow/lib/python3.10/site-packages/airflow/example_dags/example_nested_branch_dag.py
[2023-07-30T21:09:09.529+0300] {processor.py:836} INFO - DAG(s) dict_keys(['example_nested_branch_dag']) retrieved from /Users/olgastash/neoflex_env_airflow/lib/python3.10/site-packages/airflow/example_dags/example_nested_branch_dag.py
[2023-07-30T21:09:10.572+0300] {logging_mixin.py:150} INFO - [2023-07-30T21:09:10.571+0300] {dag.py:2742} INFO - Sync 1 DAGs
[2023-07-30T21:09:10.594+0300] {logging_mixin.py:150} INFO - [2023-07-30T21:09:10.593+0300] {dag.py:3504} INFO - Setting next_dagrun for example_nested_branch_dag to 2023-07-29T00:00:00+00:00, run_after=2023-07-30T00:00:00+00:00
[2023-07-30T21:09:10.617+0300] {processor.py:179} INFO - Processing /Users/olgastash/neoflex_env_airflow/lib/python3.10/site-packages/airflow/example_dags/example_nested_branch_dag.py took 1.153 seconds
[2023-07-30T21:13:39.778+0300] {processor.py:157} INFO - Started process (PID=34958) to work on /Users/olgastash/neoflex_env_airflow/lib/python3.10/site-packages/airflow/example_dags/example_nested_branch_dag.py
[2023-07-30T21:13:39.780+0300] {processor.py:826} INFO - Processing file /Users/olgastash/neoflex_env_airflow/lib/python3.10/site-packages/airflow/example_dags/example_nested_branch_dag.py for tasks to queue
[2023-07-30T21:13:39.781+0300] {logging_mixin.py:150} INFO - [2023-07-30T21:13:39.780+0300] {dagbag.py:541} INFO - Filling up the DagBag from /Users/olgastash/neoflex_env_airflow/lib/python3.10/site-packages/airflow/example_dags/example_nested_branch_dag.py
[2023-07-30T21:13:39.851+0300] {processor.py:836} INFO - DAG(s) dict_keys(['example_nested_branch_dag']) retrieved from /Users/olgastash/neoflex_env_airflow/lib/python3.10/site-packages/airflow/example_dags/example_nested_branch_dag.py
[2023-07-30T21:13:40.987+0300] {logging_mixin.py:150} INFO - [2023-07-30T21:13:40.986+0300] {dag.py:2742} INFO - Sync 1 DAGs
[2023-07-30T21:13:41.009+0300] {logging_mixin.py:150} INFO - [2023-07-30T21:13:41.009+0300] {dag.py:3504} INFO - Setting next_dagrun for example_nested_branch_dag to 2023-07-29T00:00:00+00:00, run_after=2023-07-30T00:00:00+00:00
[2023-07-30T21:13:41.034+0300] {processor.py:179} INFO - Processing /Users/olgastash/neoflex_env_airflow/lib/python3.10/site-packages/airflow/example_dags/example_nested_branch_dag.py took 1.256 seconds
[2023-07-30T21:15:58.768+0300] {processor.py:157} INFO - Started process (PID=35052) to work on /Users/olgastash/neoflex_env_airflow/lib/python3.10/site-packages/airflow/example_dags/example_nested_branch_dag.py
[2023-07-30T21:15:58.769+0300] {processor.py:826} INFO - Processing file /Users/olgastash/neoflex_env_airflow/lib/python3.10/site-packages/airflow/example_dags/example_nested_branch_dag.py for tasks to queue
[2023-07-30T21:15:58.770+0300] {logging_mixin.py:150} INFO - [2023-07-30T21:15:58.770+0300] {dagbag.py:541} INFO - Filling up the DagBag from /Users/olgastash/neoflex_env_airflow/lib/python3.10/site-packages/airflow/example_dags/example_nested_branch_dag.py
[2023-07-30T21:15:58.832+0300] {processor.py:836} INFO - DAG(s) dict_keys(['example_nested_branch_dag']) retrieved from /Users/olgastash/neoflex_env_airflow/lib/python3.10/site-packages/airflow/example_dags/example_nested_branch_dag.py
[2023-07-30T21:15:59.838+0300] {logging_mixin.py:150} INFO - [2023-07-30T21:15:59.837+0300] {dag.py:2742} INFO - Sync 1 DAGs
[2023-07-30T21:15:59.857+0300] {logging_mixin.py:150} INFO - [2023-07-30T21:15:59.857+0300] {dag.py:3504} INFO - Setting next_dagrun for example_nested_branch_dag to 2023-07-29T00:00:00+00:00, run_after=2023-07-30T00:00:00+00:00
[2023-07-30T21:15:59.877+0300] {processor.py:179} INFO - Processing /Users/olgastash/neoflex_env_airflow/lib/python3.10/site-packages/airflow/example_dags/example_nested_branch_dag.py took 1.110 seconds
[2023-07-30T21:18:20.373+0300] {processor.py:157} INFO - Started process (PID=35143) to work on /Users/olgastash/neoflex_env_airflow/lib/python3.10/site-packages/airflow/example_dags/example_nested_branch_dag.py
[2023-07-30T21:18:20.375+0300] {processor.py:826} INFO - Processing file /Users/olgastash/neoflex_env_airflow/lib/python3.10/site-packages/airflow/example_dags/example_nested_branch_dag.py for tasks to queue
[2023-07-30T21:18:20.376+0300] {logging_mixin.py:150} INFO - [2023-07-30T21:18:20.375+0300] {dagbag.py:541} INFO - Filling up the DagBag from /Users/olgastash/neoflex_env_airflow/lib/python3.10/site-packages/airflow/example_dags/example_nested_branch_dag.py
[2023-07-30T21:18:20.453+0300] {processor.py:836} INFO - DAG(s) dict_keys(['example_nested_branch_dag']) retrieved from /Users/olgastash/neoflex_env_airflow/lib/python3.10/site-packages/airflow/example_dags/example_nested_branch_dag.py
[2023-07-30T21:18:21.607+0300] {logging_mixin.py:150} INFO - [2023-07-30T21:18:21.606+0300] {dag.py:2742} INFO - Sync 1 DAGs
[2023-07-30T21:18:21.638+0300] {logging_mixin.py:150} INFO - [2023-07-30T21:18:21.638+0300] {dag.py:3504} INFO - Setting next_dagrun for example_nested_branch_dag to 2023-07-29T00:00:00+00:00, run_after=2023-07-30T00:00:00+00:00
[2023-07-30T21:18:21.667+0300] {processor.py:179} INFO - Processing /Users/olgastash/neoflex_env_airflow/lib/python3.10/site-packages/airflow/example_dags/example_nested_branch_dag.py took 1.295 seconds
[2023-07-30T21:22:40.658+0300] {processor.py:157} INFO - Started process (PID=35312) to work on /Users/olgastash/neoflex_env_airflow/lib/python3.10/site-packages/airflow/example_dags/example_nested_branch_dag.py
[2023-07-30T21:22:40.659+0300] {processor.py:826} INFO - Processing file /Users/olgastash/neoflex_env_airflow/lib/python3.10/site-packages/airflow/example_dags/example_nested_branch_dag.py for tasks to queue
[2023-07-30T21:22:40.660+0300] {logging_mixin.py:150} INFO - [2023-07-30T21:22:40.660+0300] {dagbag.py:541} INFO - Filling up the DagBag from /Users/olgastash/neoflex_env_airflow/lib/python3.10/site-packages/airflow/example_dags/example_nested_branch_dag.py
[2023-07-30T21:22:40.721+0300] {processor.py:836} INFO - DAG(s) dict_keys(['example_nested_branch_dag']) retrieved from /Users/olgastash/neoflex_env_airflow/lib/python3.10/site-packages/airflow/example_dags/example_nested_branch_dag.py
[2023-07-30T21:22:41.700+0300] {logging_mixin.py:150} INFO - [2023-07-30T21:22:41.699+0300] {dag.py:2742} INFO - Sync 1 DAGs
[2023-07-30T21:22:41.719+0300] {logging_mixin.py:150} INFO - [2023-07-30T21:22:41.719+0300] {dag.py:3504} INFO - Setting next_dagrun for example_nested_branch_dag to 2023-07-29T00:00:00+00:00, run_after=2023-07-30T00:00:00+00:00
[2023-07-30T21:22:41.740+0300] {processor.py:179} INFO - Processing /Users/olgastash/neoflex_env_airflow/lib/python3.10/site-packages/airflow/example_dags/example_nested_branch_dag.py took 1.083 seconds
[2023-07-30T21:26:58.748+0300] {processor.py:157} INFO - Started process (PID=35509) to work on /Users/olgastash/neoflex_env_airflow/lib/python3.10/site-packages/airflow/example_dags/example_nested_branch_dag.py
[2023-07-30T21:26:58.749+0300] {processor.py:826} INFO - Processing file /Users/olgastash/neoflex_env_airflow/lib/python3.10/site-packages/airflow/example_dags/example_nested_branch_dag.py for tasks to queue
[2023-07-30T21:26:58.749+0300] {logging_mixin.py:150} INFO - [2023-07-30T21:26:58.749+0300] {dagbag.py:541} INFO - Filling up the DagBag from /Users/olgastash/neoflex_env_airflow/lib/python3.10/site-packages/airflow/example_dags/example_nested_branch_dag.py
[2023-07-30T21:26:58.811+0300] {processor.py:836} INFO - DAG(s) dict_keys(['example_nested_branch_dag']) retrieved from /Users/olgastash/neoflex_env_airflow/lib/python3.10/site-packages/airflow/example_dags/example_nested_branch_dag.py
[2023-07-30T21:26:59.830+0300] {logging_mixin.py:150} INFO - [2023-07-30T21:26:59.830+0300] {dag.py:2742} INFO - Sync 1 DAGs
[2023-07-30T21:26:59.850+0300] {logging_mixin.py:150} INFO - [2023-07-30T21:26:59.850+0300] {dag.py:3504} INFO - Setting next_dagrun for example_nested_branch_dag to 2023-07-29T00:00:00+00:00, run_after=2023-07-30T00:00:00+00:00
[2023-07-30T21:26:59.872+0300] {processor.py:179} INFO - Processing /Users/olgastash/neoflex_env_airflow/lib/python3.10/site-packages/airflow/example_dags/example_nested_branch_dag.py took 1.125 seconds
[2023-07-30T21:29:10.195+0300] {processor.py:157} INFO - Started process (PID=35620) to work on /Users/olgastash/neoflex_env_airflow/lib/python3.10/site-packages/airflow/example_dags/example_nested_branch_dag.py
[2023-07-30T21:29:10.196+0300] {processor.py:826} INFO - Processing file /Users/olgastash/neoflex_env_airflow/lib/python3.10/site-packages/airflow/example_dags/example_nested_branch_dag.py for tasks to queue
[2023-07-30T21:29:10.196+0300] {logging_mixin.py:150} INFO - [2023-07-30T21:29:10.196+0300] {dagbag.py:541} INFO - Filling up the DagBag from /Users/olgastash/neoflex_env_airflow/lib/python3.10/site-packages/airflow/example_dags/example_nested_branch_dag.py
[2023-07-30T21:29:10.257+0300] {processor.py:836} INFO - DAG(s) dict_keys(['example_nested_branch_dag']) retrieved from /Users/olgastash/neoflex_env_airflow/lib/python3.10/site-packages/airflow/example_dags/example_nested_branch_dag.py
[2023-07-30T21:29:11.140+0300] {logging_mixin.py:150} INFO - [2023-07-30T21:29:11.140+0300] {dag.py:2742} INFO - Sync 1 DAGs
[2023-07-30T21:29:11.163+0300] {logging_mixin.py:150} INFO - [2023-07-30T21:29:11.163+0300] {dag.py:3504} INFO - Setting next_dagrun for example_nested_branch_dag to 2023-07-29T00:00:00+00:00, run_after=2023-07-30T00:00:00+00:00
[2023-07-30T21:29:11.182+0300] {processor.py:179} INFO - Processing /Users/olgastash/neoflex_env_airflow/lib/python3.10/site-packages/airflow/example_dags/example_nested_branch_dag.py took 0.987 seconds
[2023-07-30T21:33:19.031+0300] {processor.py:157} INFO - Started process (PID=35789) to work on /Users/olgastash/neoflex_env_airflow/lib/python3.10/site-packages/airflow/example_dags/example_nested_branch_dag.py
[2023-07-30T21:33:19.032+0300] {processor.py:826} INFO - Processing file /Users/olgastash/neoflex_env_airflow/lib/python3.10/site-packages/airflow/example_dags/example_nested_branch_dag.py for tasks to queue
[2023-07-30T21:33:19.033+0300] {logging_mixin.py:150} INFO - [2023-07-30T21:33:19.032+0300] {dagbag.py:541} INFO - Filling up the DagBag from /Users/olgastash/neoflex_env_airflow/lib/python3.10/site-packages/airflow/example_dags/example_nested_branch_dag.py
[2023-07-30T21:33:19.094+0300] {processor.py:836} INFO - DAG(s) dict_keys(['example_nested_branch_dag']) retrieved from /Users/olgastash/neoflex_env_airflow/lib/python3.10/site-packages/airflow/example_dags/example_nested_branch_dag.py
[2023-07-30T21:33:20.099+0300] {logging_mixin.py:150} INFO - [2023-07-30T21:33:20.099+0300] {dag.py:2742} INFO - Sync 1 DAGs
[2023-07-30T21:33:20.119+0300] {logging_mixin.py:150} INFO - [2023-07-30T21:33:20.119+0300] {dag.py:3504} INFO - Setting next_dagrun for example_nested_branch_dag to 2023-07-29T00:00:00+00:00, run_after=2023-07-30T00:00:00+00:00
[2023-07-30T21:33:20.140+0300] {processor.py:179} INFO - Processing /Users/olgastash/neoflex_env_airflow/lib/python3.10/site-packages/airflow/example_dags/example_nested_branch_dag.py took 1.110 seconds
[2023-07-30T21:35:33.596+0300] {processor.py:157} INFO - Started process (PID=35904) to work on /Users/olgastash/neoflex_env_airflow/lib/python3.10/site-packages/airflow/example_dags/example_nested_branch_dag.py
[2023-07-30T21:35:33.597+0300] {processor.py:826} INFO - Processing file /Users/olgastash/neoflex_env_airflow/lib/python3.10/site-packages/airflow/example_dags/example_nested_branch_dag.py for tasks to queue
[2023-07-30T21:35:33.598+0300] {logging_mixin.py:150} INFO - [2023-07-30T21:35:33.598+0300] {dagbag.py:541} INFO - Filling up the DagBag from /Users/olgastash/neoflex_env_airflow/lib/python3.10/site-packages/airflow/example_dags/example_nested_branch_dag.py
[2023-07-30T21:35:33.660+0300] {processor.py:836} INFO - DAG(s) dict_keys(['example_nested_branch_dag']) retrieved from /Users/olgastash/neoflex_env_airflow/lib/python3.10/site-packages/airflow/example_dags/example_nested_branch_dag.py
[2023-07-30T21:35:34.656+0300] {logging_mixin.py:150} INFO - [2023-07-30T21:35:34.655+0300] {dag.py:2742} INFO - Sync 1 DAGs
[2023-07-30T21:35:34.676+0300] {logging_mixin.py:150} INFO - [2023-07-30T21:35:34.676+0300] {dag.py:3504} INFO - Setting next_dagrun for example_nested_branch_dag to 2023-07-29T00:00:00+00:00, run_after=2023-07-30T00:00:00+00:00
[2023-07-30T21:35:34.696+0300] {processor.py:179} INFO - Processing /Users/olgastash/neoflex_env_airflow/lib/python3.10/site-packages/airflow/example_dags/example_nested_branch_dag.py took 1.101 seconds
[2023-07-30T21:39:53.860+0300] {processor.py:157} INFO - Started process (PID=36097) to work on /Users/olgastash/neoflex_env_airflow/lib/python3.10/site-packages/airflow/example_dags/example_nested_branch_dag.py
[2023-07-30T21:39:53.861+0300] {processor.py:826} INFO - Processing file /Users/olgastash/neoflex_env_airflow/lib/python3.10/site-packages/airflow/example_dags/example_nested_branch_dag.py for tasks to queue
[2023-07-30T21:39:53.862+0300] {logging_mixin.py:150} INFO - [2023-07-30T21:39:53.862+0300] {dagbag.py:541} INFO - Filling up the DagBag from /Users/olgastash/neoflex_env_airflow/lib/python3.10/site-packages/airflow/example_dags/example_nested_branch_dag.py
[2023-07-30T21:39:53.922+0300] {processor.py:836} INFO - DAG(s) dict_keys(['example_nested_branch_dag']) retrieved from /Users/olgastash/neoflex_env_airflow/lib/python3.10/site-packages/airflow/example_dags/example_nested_branch_dag.py
[2023-07-30T21:39:54.915+0300] {logging_mixin.py:150} INFO - [2023-07-30T21:39:54.914+0300] {dag.py:2742} INFO - Sync 1 DAGs
[2023-07-30T21:39:54.934+0300] {logging_mixin.py:150} INFO - [2023-07-30T21:39:54.934+0300] {dag.py:3504} INFO - Setting next_dagrun for example_nested_branch_dag to 2023-07-29T00:00:00+00:00, run_after=2023-07-30T00:00:00+00:00
[2023-07-30T21:39:54.955+0300] {processor.py:179} INFO - Processing /Users/olgastash/neoflex_env_airflow/lib/python3.10/site-packages/airflow/example_dags/example_nested_branch_dag.py took 1.096 seconds
[2023-07-30T21:44:13.981+0300] {processor.py:157} INFO - Started process (PID=36329) to work on /Users/olgastash/neoflex_env_airflow/lib/python3.10/site-packages/airflow/example_dags/example_nested_branch_dag.py
[2023-07-30T21:44:13.982+0300] {processor.py:826} INFO - Processing file /Users/olgastash/neoflex_env_airflow/lib/python3.10/site-packages/airflow/example_dags/example_nested_branch_dag.py for tasks to queue
[2023-07-30T21:44:13.983+0300] {logging_mixin.py:150} INFO - [2023-07-30T21:44:13.983+0300] {dagbag.py:541} INFO - Filling up the DagBag from /Users/olgastash/neoflex_env_airflow/lib/python3.10/site-packages/airflow/example_dags/example_nested_branch_dag.py
[2023-07-30T21:44:14.041+0300] {processor.py:836} INFO - DAG(s) dict_keys(['example_nested_branch_dag']) retrieved from /Users/olgastash/neoflex_env_airflow/lib/python3.10/site-packages/airflow/example_dags/example_nested_branch_dag.py
[2023-07-30T21:44:14.926+0300] {logging_mixin.py:150} INFO - [2023-07-30T21:44:14.925+0300] {dag.py:2742} INFO - Sync 1 DAGs
[2023-07-30T21:44:14.947+0300] {logging_mixin.py:150} INFO - [2023-07-30T21:44:14.947+0300] {dag.py:3504} INFO - Setting next_dagrun for example_nested_branch_dag to 2023-07-29T00:00:00+00:00, run_after=2023-07-30T00:00:00+00:00
[2023-07-30T21:44:14.965+0300] {processor.py:179} INFO - Processing /Users/olgastash/neoflex_env_airflow/lib/python3.10/site-packages/airflow/example_dags/example_nested_branch_dag.py took 0.984 seconds
[2023-07-30T21:48:33.038+0300] {processor.py:157} INFO - Started process (PID=36497) to work on /Users/olgastash/neoflex_env_airflow/lib/python3.10/site-packages/airflow/example_dags/example_nested_branch_dag.py
[2023-07-30T21:48:33.039+0300] {processor.py:826} INFO - Processing file /Users/olgastash/neoflex_env_airflow/lib/python3.10/site-packages/airflow/example_dags/example_nested_branch_dag.py for tasks to queue
[2023-07-30T21:48:33.040+0300] {logging_mixin.py:150} INFO - [2023-07-30T21:48:33.040+0300] {dagbag.py:541} INFO - Filling up the DagBag from /Users/olgastash/neoflex_env_airflow/lib/python3.10/site-packages/airflow/example_dags/example_nested_branch_dag.py
[2023-07-30T21:48:33.101+0300] {processor.py:836} INFO - DAG(s) dict_keys(['example_nested_branch_dag']) retrieved from /Users/olgastash/neoflex_env_airflow/lib/python3.10/site-packages/airflow/example_dags/example_nested_branch_dag.py
[2023-07-30T21:48:34.076+0300] {logging_mixin.py:150} INFO - [2023-07-30T21:48:34.075+0300] {dag.py:2742} INFO - Sync 1 DAGs
[2023-07-30T21:48:34.096+0300] {logging_mixin.py:150} INFO - [2023-07-30T21:48:34.096+0300] {dag.py:3504} INFO - Setting next_dagrun for example_nested_branch_dag to 2023-07-29T00:00:00+00:00, run_after=2023-07-30T00:00:00+00:00
[2023-07-30T21:48:34.117+0300] {processor.py:179} INFO - Processing /Users/olgastash/neoflex_env_airflow/lib/python3.10/site-packages/airflow/example_dags/example_nested_branch_dag.py took 1.079 seconds
[2023-07-30T21:52:52.078+0300] {processor.py:157} INFO - Started process (PID=36698) to work on /Users/olgastash/neoflex_env_airflow/lib/python3.10/site-packages/airflow/example_dags/example_nested_branch_dag.py
[2023-07-30T21:52:52.079+0300] {processor.py:826} INFO - Processing file /Users/olgastash/neoflex_env_airflow/lib/python3.10/site-packages/airflow/example_dags/example_nested_branch_dag.py for tasks to queue
[2023-07-30T21:52:52.079+0300] {logging_mixin.py:150} INFO - [2023-07-30T21:52:52.079+0300] {dagbag.py:541} INFO - Filling up the DagBag from /Users/olgastash/neoflex_env_airflow/lib/python3.10/site-packages/airflow/example_dags/example_nested_branch_dag.py
[2023-07-30T21:52:52.139+0300] {processor.py:836} INFO - DAG(s) dict_keys(['example_nested_branch_dag']) retrieved from /Users/olgastash/neoflex_env_airflow/lib/python3.10/site-packages/airflow/example_dags/example_nested_branch_dag.py
[2023-07-30T21:52:53.136+0300] {logging_mixin.py:150} INFO - [2023-07-30T21:52:53.136+0300] {dag.py:2742} INFO - Sync 1 DAGs
[2023-07-30T21:52:53.156+0300] {logging_mixin.py:150} INFO - [2023-07-30T21:52:53.156+0300] {dag.py:3504} INFO - Setting next_dagrun for example_nested_branch_dag to 2023-07-29T00:00:00+00:00, run_after=2023-07-30T00:00:00+00:00
[2023-07-30T21:52:53.176+0300] {processor.py:179} INFO - Processing /Users/olgastash/neoflex_env_airflow/lib/python3.10/site-packages/airflow/example_dags/example_nested_branch_dag.py took 1.100 seconds
[2023-07-30T21:57:15.611+0300] {processor.py:157} INFO - Started process (PID=36914) to work on /Users/olgastash/neoflex_env_airflow/lib/python3.10/site-packages/airflow/example_dags/example_nested_branch_dag.py
[2023-07-30T21:57:15.612+0300] {processor.py:826} INFO - Processing file /Users/olgastash/neoflex_env_airflow/lib/python3.10/site-packages/airflow/example_dags/example_nested_branch_dag.py for tasks to queue
[2023-07-30T21:57:15.613+0300] {logging_mixin.py:150} INFO - [2023-07-30T21:57:15.613+0300] {dagbag.py:541} INFO - Filling up the DagBag from /Users/olgastash/neoflex_env_airflow/lib/python3.10/site-packages/airflow/example_dags/example_nested_branch_dag.py
[2023-07-30T21:57:15.673+0300] {processor.py:836} INFO - DAG(s) dict_keys(['example_nested_branch_dag']) retrieved from /Users/olgastash/neoflex_env_airflow/lib/python3.10/site-packages/airflow/example_dags/example_nested_branch_dag.py
[2023-07-30T21:57:16.649+0300] {logging_mixin.py:150} INFO - [2023-07-30T21:57:16.649+0300] {dag.py:2742} INFO - Sync 1 DAGs
[2023-07-30T21:57:16.669+0300] {logging_mixin.py:150} INFO - [2023-07-30T21:57:16.669+0300] {dag.py:3504} INFO - Setting next_dagrun for example_nested_branch_dag to 2023-07-29T00:00:00+00:00, run_after=2023-07-30T00:00:00+00:00
[2023-07-30T21:57:16.691+0300] {processor.py:179} INFO - Processing /Users/olgastash/neoflex_env_airflow/lib/python3.10/site-packages/airflow/example_dags/example_nested_branch_dag.py took 1.080 seconds
[2023-07-30T22:01:40.902+0300] {processor.py:157} INFO - Started process (PID=37115) to work on /Users/olgastash/neoflex_env_airflow/lib/python3.10/site-packages/airflow/example_dags/example_nested_branch_dag.py
[2023-07-30T22:01:40.903+0300] {processor.py:826} INFO - Processing file /Users/olgastash/neoflex_env_airflow/lib/python3.10/site-packages/airflow/example_dags/example_nested_branch_dag.py for tasks to queue
[2023-07-30T22:01:40.903+0300] {logging_mixin.py:150} INFO - [2023-07-30T22:01:40.903+0300] {dagbag.py:541} INFO - Filling up the DagBag from /Users/olgastash/neoflex_env_airflow/lib/python3.10/site-packages/airflow/example_dags/example_nested_branch_dag.py
[2023-07-30T22:01:40.962+0300] {processor.py:836} INFO - DAG(s) dict_keys(['example_nested_branch_dag']) retrieved from /Users/olgastash/neoflex_env_airflow/lib/python3.10/site-packages/airflow/example_dags/example_nested_branch_dag.py
[2023-07-30T22:01:41.941+0300] {logging_mixin.py:150} INFO - [2023-07-30T22:01:41.941+0300] {dag.py:2742} INFO - Sync 1 DAGs
[2023-07-30T22:01:41.961+0300] {logging_mixin.py:150} INFO - [2023-07-30T22:01:41.961+0300] {dag.py:3504} INFO - Setting next_dagrun for example_nested_branch_dag to 2023-07-29T00:00:00+00:00, run_after=2023-07-30T00:00:00+00:00
[2023-07-30T22:01:41.982+0300] {processor.py:179} INFO - Processing /Users/olgastash/neoflex_env_airflow/lib/python3.10/site-packages/airflow/example_dags/example_nested_branch_dag.py took 1.081 seconds
[2023-07-30T22:06:09.888+0300] {processor.py:157} INFO - Started process (PID=37327) to work on /Users/olgastash/neoflex_env_airflow/lib/python3.10/site-packages/airflow/example_dags/example_nested_branch_dag.py
[2023-07-30T22:06:09.889+0300] {processor.py:826} INFO - Processing file /Users/olgastash/neoflex_env_airflow/lib/python3.10/site-packages/airflow/example_dags/example_nested_branch_dag.py for tasks to queue
[2023-07-30T22:06:09.890+0300] {logging_mixin.py:150} INFO - [2023-07-30T22:06:09.889+0300] {dagbag.py:541} INFO - Filling up the DagBag from /Users/olgastash/neoflex_env_airflow/lib/python3.10/site-packages/airflow/example_dags/example_nested_branch_dag.py
[2023-07-30T22:06:09.950+0300] {processor.py:836} INFO - DAG(s) dict_keys(['example_nested_branch_dag']) retrieved from /Users/olgastash/neoflex_env_airflow/lib/python3.10/site-packages/airflow/example_dags/example_nested_branch_dag.py
[2023-07-30T22:06:11.007+0300] {logging_mixin.py:150} INFO - [2023-07-30T22:06:11.006+0300] {dag.py:2742} INFO - Sync 1 DAGs
[2023-07-30T22:06:11.028+0300] {logging_mixin.py:150} INFO - [2023-07-30T22:06:11.028+0300] {dag.py:3504} INFO - Setting next_dagrun for example_nested_branch_dag to 2023-07-29T00:00:00+00:00, run_after=2023-07-30T00:00:00+00:00
[2023-07-30T22:06:11.049+0300] {processor.py:179} INFO - Processing /Users/olgastash/neoflex_env_airflow/lib/python3.10/site-packages/airflow/example_dags/example_nested_branch_dag.py took 1.162 seconds
[2023-07-30T22:10:37.477+0300] {processor.py:157} INFO - Started process (PID=37525) to work on /Users/olgastash/neoflex_env_airflow/lib/python3.10/site-packages/airflow/example_dags/example_nested_branch_dag.py
[2023-07-30T22:10:37.478+0300] {processor.py:826} INFO - Processing file /Users/olgastash/neoflex_env_airflow/lib/python3.10/site-packages/airflow/example_dags/example_nested_branch_dag.py for tasks to queue
[2023-07-30T22:10:37.479+0300] {logging_mixin.py:150} INFO - [2023-07-30T22:10:37.479+0300] {dagbag.py:541} INFO - Filling up the DagBag from /Users/olgastash/neoflex_env_airflow/lib/python3.10/site-packages/airflow/example_dags/example_nested_branch_dag.py
[2023-07-30T22:10:37.539+0300] {processor.py:836} INFO - DAG(s) dict_keys(['example_nested_branch_dag']) retrieved from /Users/olgastash/neoflex_env_airflow/lib/python3.10/site-packages/airflow/example_dags/example_nested_branch_dag.py
[2023-07-30T22:10:38.515+0300] {logging_mixin.py:150} INFO - [2023-07-30T22:10:38.515+0300] {dag.py:2742} INFO - Sync 1 DAGs
[2023-07-30T22:10:38.535+0300] {logging_mixin.py:150} INFO - [2023-07-30T22:10:38.535+0300] {dag.py:3504} INFO - Setting next_dagrun for example_nested_branch_dag to 2023-07-29T00:00:00+00:00, run_after=2023-07-30T00:00:00+00:00
[2023-07-30T22:10:38.557+0300] {processor.py:179} INFO - Processing /Users/olgastash/neoflex_env_airflow/lib/python3.10/site-packages/airflow/example_dags/example_nested_branch_dag.py took 1.080 seconds
[2023-07-30T22:15:07.769+0300] {processor.py:157} INFO - Started process (PID=37745) to work on /Users/olgastash/neoflex_env_airflow/lib/python3.10/site-packages/airflow/example_dags/example_nested_branch_dag.py
[2023-07-30T22:15:07.770+0300] {processor.py:826} INFO - Processing file /Users/olgastash/neoflex_env_airflow/lib/python3.10/site-packages/airflow/example_dags/example_nested_branch_dag.py for tasks to queue
[2023-07-30T22:15:07.771+0300] {logging_mixin.py:150} INFO - [2023-07-30T22:15:07.771+0300] {dagbag.py:541} INFO - Filling up the DagBag from /Users/olgastash/neoflex_env_airflow/lib/python3.10/site-packages/airflow/example_dags/example_nested_branch_dag.py
[2023-07-30T22:15:07.831+0300] {processor.py:836} INFO - DAG(s) dict_keys(['example_nested_branch_dag']) retrieved from /Users/olgastash/neoflex_env_airflow/lib/python3.10/site-packages/airflow/example_dags/example_nested_branch_dag.py
[2023-07-30T22:15:08.802+0300] {logging_mixin.py:150} INFO - [2023-07-30T22:15:08.802+0300] {dag.py:2742} INFO - Sync 1 DAGs
[2023-07-30T22:15:08.822+0300] {logging_mixin.py:150} INFO - [2023-07-30T22:15:08.822+0300] {dag.py:3504} INFO - Setting next_dagrun for example_nested_branch_dag to 2023-07-29T00:00:00+00:00, run_after=2023-07-30T00:00:00+00:00
[2023-07-30T22:15:08.843+0300] {processor.py:179} INFO - Processing /Users/olgastash/neoflex_env_airflow/lib/python3.10/site-packages/airflow/example_dags/example_nested_branch_dag.py took 1.075 seconds
[2023-07-30T22:19:37.027+0300] {processor.py:157} INFO - Started process (PID=37976) to work on /Users/olgastash/neoflex_env_airflow/lib/python3.10/site-packages/airflow/example_dags/example_nested_branch_dag.py
[2023-07-30T22:19:37.028+0300] {processor.py:826} INFO - Processing file /Users/olgastash/neoflex_env_airflow/lib/python3.10/site-packages/airflow/example_dags/example_nested_branch_dag.py for tasks to queue
[2023-07-30T22:19:37.029+0300] {logging_mixin.py:150} INFO - [2023-07-30T22:19:37.029+0300] {dagbag.py:541} INFO - Filling up the DagBag from /Users/olgastash/neoflex_env_airflow/lib/python3.10/site-packages/airflow/example_dags/example_nested_branch_dag.py
[2023-07-30T22:19:37.093+0300] {processor.py:836} INFO - DAG(s) dict_keys(['example_nested_branch_dag']) retrieved from /Users/olgastash/neoflex_env_airflow/lib/python3.10/site-packages/airflow/example_dags/example_nested_branch_dag.py
[2023-07-30T22:19:38.023+0300] {logging_mixin.py:150} INFO - [2023-07-30T22:19:38.022+0300] {dag.py:2742} INFO - Sync 1 DAGs
[2023-07-30T22:19:38.045+0300] {logging_mixin.py:150} INFO - [2023-07-30T22:19:38.045+0300] {dag.py:3504} INFO - Setting next_dagrun for example_nested_branch_dag to 2023-07-29T00:00:00+00:00, run_after=2023-07-30T00:00:00+00:00
[2023-07-30T22:19:38.065+0300] {processor.py:179} INFO - Processing /Users/olgastash/neoflex_env_airflow/lib/python3.10/site-packages/airflow/example_dags/example_nested_branch_dag.py took 1.038 seconds
[2023-07-30T22:24:06.001+0300] {processor.py:157} INFO - Started process (PID=38228) to work on /Users/olgastash/neoflex_env_airflow/lib/python3.10/site-packages/airflow/example_dags/example_nested_branch_dag.py
[2023-07-30T22:24:06.002+0300] {processor.py:826} INFO - Processing file /Users/olgastash/neoflex_env_airflow/lib/python3.10/site-packages/airflow/example_dags/example_nested_branch_dag.py for tasks to queue
[2023-07-30T22:24:06.003+0300] {logging_mixin.py:150} INFO - [2023-07-30T22:24:06.002+0300] {dagbag.py:541} INFO - Filling up the DagBag from /Users/olgastash/neoflex_env_airflow/lib/python3.10/site-packages/airflow/example_dags/example_nested_branch_dag.py
[2023-07-30T22:24:06.065+0300] {processor.py:836} INFO - DAG(s) dict_keys(['example_nested_branch_dag']) retrieved from /Users/olgastash/neoflex_env_airflow/lib/python3.10/site-packages/airflow/example_dags/example_nested_branch_dag.py
[2023-07-30T22:24:07.080+0300] {logging_mixin.py:150} INFO - [2023-07-30T22:24:07.080+0300] {dag.py:2742} INFO - Sync 1 DAGs
[2023-07-30T22:24:07.101+0300] {logging_mixin.py:150} INFO - [2023-07-30T22:24:07.100+0300] {dag.py:3504} INFO - Setting next_dagrun for example_nested_branch_dag to 2023-07-29T00:00:00+00:00, run_after=2023-07-30T00:00:00+00:00
[2023-07-30T22:24:07.127+0300] {processor.py:179} INFO - Processing /Users/olgastash/neoflex_env_airflow/lib/python3.10/site-packages/airflow/example_dags/example_nested_branch_dag.py took 1.127 seconds
[2023-07-30T22:28:36.938+0300] {processor.py:157} INFO - Started process (PID=38484) to work on /Users/olgastash/neoflex_env_airflow/lib/python3.10/site-packages/airflow/example_dags/example_nested_branch_dag.py
[2023-07-30T22:28:36.939+0300] {processor.py:826} INFO - Processing file /Users/olgastash/neoflex_env_airflow/lib/python3.10/site-packages/airflow/example_dags/example_nested_branch_dag.py for tasks to queue
[2023-07-30T22:28:36.939+0300] {logging_mixin.py:150} INFO - [2023-07-30T22:28:36.939+0300] {dagbag.py:541} INFO - Filling up the DagBag from /Users/olgastash/neoflex_env_airflow/lib/python3.10/site-packages/airflow/example_dags/example_nested_branch_dag.py
[2023-07-30T22:28:36.999+0300] {processor.py:836} INFO - DAG(s) dict_keys(['example_nested_branch_dag']) retrieved from /Users/olgastash/neoflex_env_airflow/lib/python3.10/site-packages/airflow/example_dags/example_nested_branch_dag.py
[2023-07-30T22:28:37.984+0300] {logging_mixin.py:150} INFO - [2023-07-30T22:28:37.984+0300] {dag.py:2742} INFO - Sync 1 DAGs
[2023-07-30T22:28:38.004+0300] {logging_mixin.py:150} INFO - [2023-07-30T22:28:38.004+0300] {dag.py:3504} INFO - Setting next_dagrun for example_nested_branch_dag to 2023-07-29T00:00:00+00:00, run_after=2023-07-30T00:00:00+00:00
[2023-07-30T22:28:38.026+0300] {processor.py:179} INFO - Processing /Users/olgastash/neoflex_env_airflow/lib/python3.10/site-packages/airflow/example_dags/example_nested_branch_dag.py took 1.089 seconds
[2023-07-30T22:33:04.185+0300] {processor.py:157} INFO - Started process (PID=38691) to work on /Users/olgastash/neoflex_env_airflow/lib/python3.10/site-packages/airflow/example_dags/example_nested_branch_dag.py
[2023-07-30T22:33:04.186+0300] {processor.py:826} INFO - Processing file /Users/olgastash/neoflex_env_airflow/lib/python3.10/site-packages/airflow/example_dags/example_nested_branch_dag.py for tasks to queue
[2023-07-30T22:33:04.187+0300] {logging_mixin.py:150} INFO - [2023-07-30T22:33:04.186+0300] {dagbag.py:541} INFO - Filling up the DagBag from /Users/olgastash/neoflex_env_airflow/lib/python3.10/site-packages/airflow/example_dags/example_nested_branch_dag.py
[2023-07-30T22:33:04.253+0300] {processor.py:836} INFO - DAG(s) dict_keys(['example_nested_branch_dag']) retrieved from /Users/olgastash/neoflex_env_airflow/lib/python3.10/site-packages/airflow/example_dags/example_nested_branch_dag.py
[2023-07-30T22:33:05.256+0300] {logging_mixin.py:150} INFO - [2023-07-30T22:33:05.256+0300] {dag.py:2742} INFO - Sync 1 DAGs
[2023-07-30T22:33:05.275+0300] {logging_mixin.py:150} INFO - [2023-07-30T22:33:05.275+0300] {dag.py:3504} INFO - Setting next_dagrun for example_nested_branch_dag to 2023-07-29T00:00:00+00:00, run_after=2023-07-30T00:00:00+00:00
[2023-07-30T22:33:05.295+0300] {processor.py:179} INFO - Processing /Users/olgastash/neoflex_env_airflow/lib/python3.10/site-packages/airflow/example_dags/example_nested_branch_dag.py took 1.111 seconds
[2023-07-30T22:37:32.410+0300] {processor.py:157} INFO - Started process (PID=38906) to work on /Users/olgastash/neoflex_env_airflow/lib/python3.10/site-packages/airflow/example_dags/example_nested_branch_dag.py
[2023-07-30T22:37:32.411+0300] {processor.py:826} INFO - Processing file /Users/olgastash/neoflex_env_airflow/lib/python3.10/site-packages/airflow/example_dags/example_nested_branch_dag.py for tasks to queue
[2023-07-30T22:37:32.411+0300] {logging_mixin.py:150} INFO - [2023-07-30T22:37:32.411+0300] {dagbag.py:541} INFO - Filling up the DagBag from /Users/olgastash/neoflex_env_airflow/lib/python3.10/site-packages/airflow/example_dags/example_nested_branch_dag.py
[2023-07-30T22:37:32.473+0300] {processor.py:836} INFO - DAG(s) dict_keys(['example_nested_branch_dag']) retrieved from /Users/olgastash/neoflex_env_airflow/lib/python3.10/site-packages/airflow/example_dags/example_nested_branch_dag.py
[2023-07-30T22:37:33.492+0300] {logging_mixin.py:150} INFO - [2023-07-30T22:37:33.491+0300] {dag.py:2742} INFO - Sync 1 DAGs
[2023-07-30T22:37:33.512+0300] {logging_mixin.py:150} INFO - [2023-07-30T22:37:33.512+0300] {dag.py:3504} INFO - Setting next_dagrun for example_nested_branch_dag to 2023-07-29T00:00:00+00:00, run_after=2023-07-30T00:00:00+00:00
[2023-07-30T22:37:33.533+0300] {processor.py:179} INFO - Processing /Users/olgastash/neoflex_env_airflow/lib/python3.10/site-packages/airflow/example_dags/example_nested_branch_dag.py took 1.124 seconds
[2023-07-30T22:41:58.226+0300] {processor.py:157} INFO - Started process (PID=39146) to work on /Users/olgastash/neoflex_env_airflow/lib/python3.10/site-packages/airflow/example_dags/example_nested_branch_dag.py
[2023-07-30T22:41:58.227+0300] {processor.py:826} INFO - Processing file /Users/olgastash/neoflex_env_airflow/lib/python3.10/site-packages/airflow/example_dags/example_nested_branch_dag.py for tasks to queue
[2023-07-30T22:41:58.228+0300] {logging_mixin.py:150} INFO - [2023-07-30T22:41:58.227+0300] {dagbag.py:541} INFO - Filling up the DagBag from /Users/olgastash/neoflex_env_airflow/lib/python3.10/site-packages/airflow/example_dags/example_nested_branch_dag.py
[2023-07-30T22:41:58.288+0300] {processor.py:836} INFO - DAG(s) dict_keys(['example_nested_branch_dag']) retrieved from /Users/olgastash/neoflex_env_airflow/lib/python3.10/site-packages/airflow/example_dags/example_nested_branch_dag.py
[2023-07-30T22:41:59.285+0300] {logging_mixin.py:150} INFO - [2023-07-30T22:41:59.285+0300] {dag.py:2742} INFO - Sync 1 DAGs
[2023-07-30T22:41:59.305+0300] {logging_mixin.py:150} INFO - [2023-07-30T22:41:59.305+0300] {dag.py:3504} INFO - Setting next_dagrun for example_nested_branch_dag to 2023-07-29T00:00:00+00:00, run_after=2023-07-30T00:00:00+00:00
[2023-07-30T22:41:59.326+0300] {processor.py:179} INFO - Processing /Users/olgastash/neoflex_env_airflow/lib/python3.10/site-packages/airflow/example_dags/example_nested_branch_dag.py took 1.101 seconds
[2023-07-30T22:46:24.958+0300] {processor.py:157} INFO - Started process (PID=39356) to work on /Users/olgastash/neoflex_env_airflow/lib/python3.10/site-packages/airflow/example_dags/example_nested_branch_dag.py
[2023-07-30T22:46:24.959+0300] {processor.py:826} INFO - Processing file /Users/olgastash/neoflex_env_airflow/lib/python3.10/site-packages/airflow/example_dags/example_nested_branch_dag.py for tasks to queue
[2023-07-30T22:46:24.960+0300] {logging_mixin.py:150} INFO - [2023-07-30T22:46:24.960+0300] {dagbag.py:541} INFO - Filling up the DagBag from /Users/olgastash/neoflex_env_airflow/lib/python3.10/site-packages/airflow/example_dags/example_nested_branch_dag.py
[2023-07-30T22:46:25.021+0300] {processor.py:836} INFO - DAG(s) dict_keys(['example_nested_branch_dag']) retrieved from /Users/olgastash/neoflex_env_airflow/lib/python3.10/site-packages/airflow/example_dags/example_nested_branch_dag.py
[2023-07-30T22:46:25.997+0300] {logging_mixin.py:150} INFO - [2023-07-30T22:46:25.997+0300] {dag.py:2742} INFO - Sync 1 DAGs
[2023-07-30T22:46:26.017+0300] {logging_mixin.py:150} INFO - [2023-07-30T22:46:26.017+0300] {dag.py:3504} INFO - Setting next_dagrun for example_nested_branch_dag to 2023-07-29T00:00:00+00:00, run_after=2023-07-30T00:00:00+00:00
[2023-07-30T22:46:26.037+0300] {processor.py:179} INFO - Processing /Users/olgastash/neoflex_env_airflow/lib/python3.10/site-packages/airflow/example_dags/example_nested_branch_dag.py took 1.080 seconds
[2023-07-30T22:50:51.368+0300] {processor.py:157} INFO - Started process (PID=39593) to work on /Users/olgastash/neoflex_env_airflow/lib/python3.10/site-packages/airflow/example_dags/example_nested_branch_dag.py
[2023-07-30T22:50:51.369+0300] {processor.py:826} INFO - Processing file /Users/olgastash/neoflex_env_airflow/lib/python3.10/site-packages/airflow/example_dags/example_nested_branch_dag.py for tasks to queue
[2023-07-30T22:50:51.369+0300] {logging_mixin.py:150} INFO - [2023-07-30T22:50:51.369+0300] {dagbag.py:541} INFO - Filling up the DagBag from /Users/olgastash/neoflex_env_airflow/lib/python3.10/site-packages/airflow/example_dags/example_nested_branch_dag.py
[2023-07-30T22:50:51.429+0300] {processor.py:836} INFO - DAG(s) dict_keys(['example_nested_branch_dag']) retrieved from /Users/olgastash/neoflex_env_airflow/lib/python3.10/site-packages/airflow/example_dags/example_nested_branch_dag.py
[2023-07-30T22:50:52.408+0300] {logging_mixin.py:150} INFO - [2023-07-30T22:50:52.407+0300] {dag.py:2742} INFO - Sync 1 DAGs
[2023-07-30T22:50:52.428+0300] {logging_mixin.py:150} INFO - [2023-07-30T22:50:52.427+0300] {dag.py:3504} INFO - Setting next_dagrun for example_nested_branch_dag to 2023-07-29T00:00:00+00:00, run_after=2023-07-30T00:00:00+00:00
[2023-07-30T22:50:52.449+0300] {processor.py:179} INFO - Processing /Users/olgastash/neoflex_env_airflow/lib/python3.10/site-packages/airflow/example_dags/example_nested_branch_dag.py took 1.082 seconds
[2023-07-30T22:55:22.967+0300] {processor.py:157} INFO - Started process (PID=39837) to work on /Users/olgastash/neoflex_env_airflow/lib/python3.10/site-packages/airflow/example_dags/example_nested_branch_dag.py
[2023-07-30T22:55:22.968+0300] {processor.py:826} INFO - Processing file /Users/olgastash/neoflex_env_airflow/lib/python3.10/site-packages/airflow/example_dags/example_nested_branch_dag.py for tasks to queue
[2023-07-30T22:55:22.969+0300] {logging_mixin.py:150} INFO - [2023-07-30T22:55:22.968+0300] {dagbag.py:541} INFO - Filling up the DagBag from /Users/olgastash/neoflex_env_airflow/lib/python3.10/site-packages/airflow/example_dags/example_nested_branch_dag.py
[2023-07-30T22:55:23.031+0300] {processor.py:836} INFO - DAG(s) dict_keys(['example_nested_branch_dag']) retrieved from /Users/olgastash/neoflex_env_airflow/lib/python3.10/site-packages/airflow/example_dags/example_nested_branch_dag.py
[2023-07-30T22:55:24.059+0300] {logging_mixin.py:150} INFO - [2023-07-30T22:55:24.059+0300] {dag.py:2742} INFO - Sync 1 DAGs
[2023-07-30T22:55:24.079+0300] {logging_mixin.py:150} INFO - [2023-07-30T22:55:24.079+0300] {dag.py:3504} INFO - Setting next_dagrun for example_nested_branch_dag to 2023-07-29T00:00:00+00:00, run_after=2023-07-30T00:00:00+00:00
[2023-07-30T22:55:24.101+0300] {processor.py:179} INFO - Processing /Users/olgastash/neoflex_env_airflow/lib/python3.10/site-packages/airflow/example_dags/example_nested_branch_dag.py took 1.135 seconds
[2023-07-30T22:59:56.107+0300] {processor.py:157} INFO - Started process (PID=40062) to work on /Users/olgastash/neoflex_env_airflow/lib/python3.10/site-packages/airflow/example_dags/example_nested_branch_dag.py
[2023-07-30T22:59:56.108+0300] {processor.py:826} INFO - Processing file /Users/olgastash/neoflex_env_airflow/lib/python3.10/site-packages/airflow/example_dags/example_nested_branch_dag.py for tasks to queue
[2023-07-30T22:59:56.108+0300] {logging_mixin.py:150} INFO - [2023-07-30T22:59:56.108+0300] {dagbag.py:541} INFO - Filling up the DagBag from /Users/olgastash/neoflex_env_airflow/lib/python3.10/site-packages/airflow/example_dags/example_nested_branch_dag.py
[2023-07-30T22:59:56.167+0300] {processor.py:836} INFO - DAG(s) dict_keys(['example_nested_branch_dag']) retrieved from /Users/olgastash/neoflex_env_airflow/lib/python3.10/site-packages/airflow/example_dags/example_nested_branch_dag.py
[2023-07-30T22:59:57.072+0300] {logging_mixin.py:150} INFO - [2023-07-30T22:59:57.072+0300] {dag.py:2742} INFO - Sync 1 DAGs
[2023-07-30T22:59:57.094+0300] {logging_mixin.py:150} INFO - [2023-07-30T22:59:57.094+0300] {dag.py:3504} INFO - Setting next_dagrun for example_nested_branch_dag to 2023-07-29T00:00:00+00:00, run_after=2023-07-30T00:00:00+00:00
[2023-07-30T22:59:57.113+0300] {processor.py:179} INFO - Processing /Users/olgastash/neoflex_env_airflow/lib/python3.10/site-packages/airflow/example_dags/example_nested_branch_dag.py took 1.007 seconds
[2023-07-30T23:04:27.259+0300] {processor.py:157} INFO - Started process (PID=40318) to work on /Users/olgastash/neoflex_env_airflow/lib/python3.10/site-packages/airflow/example_dags/example_nested_branch_dag.py
[2023-07-30T23:04:27.260+0300] {processor.py:826} INFO - Processing file /Users/olgastash/neoflex_env_airflow/lib/python3.10/site-packages/airflow/example_dags/example_nested_branch_dag.py for tasks to queue
[2023-07-30T23:04:27.260+0300] {logging_mixin.py:150} INFO - [2023-07-30T23:04:27.260+0300] {dagbag.py:541} INFO - Filling up the DagBag from /Users/olgastash/neoflex_env_airflow/lib/python3.10/site-packages/airflow/example_dags/example_nested_branch_dag.py
[2023-07-30T23:04:27.320+0300] {processor.py:836} INFO - DAG(s) dict_keys(['example_nested_branch_dag']) retrieved from /Users/olgastash/neoflex_env_airflow/lib/python3.10/site-packages/airflow/example_dags/example_nested_branch_dag.py
[2023-07-30T23:04:28.302+0300] {logging_mixin.py:150} INFO - [2023-07-30T23:04:28.302+0300] {dag.py:2742} INFO - Sync 1 DAGs
[2023-07-30T23:04:28.322+0300] {logging_mixin.py:150} INFO - [2023-07-30T23:04:28.322+0300] {dag.py:3504} INFO - Setting next_dagrun for example_nested_branch_dag to 2023-07-29T00:00:00+00:00, run_after=2023-07-30T00:00:00+00:00
[2023-07-30T23:04:28.343+0300] {processor.py:179} INFO - Processing /Users/olgastash/neoflex_env_airflow/lib/python3.10/site-packages/airflow/example_dags/example_nested_branch_dag.py took 1.085 seconds
