[2023-07-30T18:29:45.741+0300] {processor.py:157} INFO - Started process (PID=29003) to work on /Users/olgastash/neoflex_env_airflow/lib/python3.10/site-packages/airflow/example_dags/example_branch_operator_decorator.py
[2023-07-30T18:29:45.742+0300] {processor.py:826} INFO - Processing file /Users/olgastash/neoflex_env_airflow/lib/python3.10/site-packages/airflow/example_dags/example_branch_operator_decorator.py for tasks to queue
[2023-07-30T18:29:45.743+0300] {logging_mixin.py:150} INFO - [2023-07-30T18:29:45.743+0300] {dagbag.py:541} INFO - Filling up the DagBag from /Users/olgastash/neoflex_env_airflow/lib/python3.10/site-packages/airflow/example_dags/example_branch_operator_decorator.py
[2023-07-30T18:29:45.801+0300] {processor.py:836} INFO - DAG(s) dict_keys(['example_branch_python_operator_decorator']) retrieved from /Users/olgastash/neoflex_env_airflow/lib/python3.10/site-packages/airflow/example_dags/example_branch_operator_decorator.py
[2023-07-30T18:29:46.776+0300] {logging_mixin.py:150} INFO - [2023-07-30T18:29:46.776+0300] {manager.py:504} INFO - Created Permission View: can read on DAG:example_branch_python_operator_decorator
[2023-07-30T18:29:46.786+0300] {logging_mixin.py:150} INFO - [2023-07-30T18:29:46.785+0300] {manager.py:504} INFO - Created Permission View: can delete on DAG:example_branch_python_operator_decorator
[2023-07-30T18:29:46.792+0300] {logging_mixin.py:150} INFO - [2023-07-30T18:29:46.792+0300] {manager.py:504} INFO - Created Permission View: can edit on DAG:example_branch_python_operator_decorator
[2023-07-30T18:29:46.803+0300] {logging_mixin.py:150} INFO - [2023-07-30T18:29:46.803+0300] {dag.py:2742} INFO - Sync 1 DAGs
[2023-07-30T18:29:46.815+0300] {logging_mixin.py:150} INFO - [2023-07-30T18:29:46.814+0300] {dag.py:2763} INFO - Creating ORM DAG for example_branch_python_operator_decorator
[2023-07-30T18:29:46.826+0300] {logging_mixin.py:150} INFO - [2023-07-30T18:29:46.826+0300] {dag.py:3504} INFO - Setting next_dagrun for example_branch_python_operator_decorator to 2023-07-29T00:00:00+00:00, run_after=2023-07-30T00:00:00+00:00
[2023-07-30T18:29:46.844+0300] {processor.py:179} INFO - Processing /Users/olgastash/neoflex_env_airflow/lib/python3.10/site-packages/airflow/example_dags/example_branch_operator_decorator.py took 1.104 seconds
[2023-07-30T18:33:43.767+0300] {processor.py:157} INFO - Started process (PID=29158) to work on /Users/olgastash/neoflex_env_airflow/lib/python3.10/site-packages/airflow/example_dags/example_branch_operator_decorator.py
[2023-07-30T18:33:43.768+0300] {processor.py:826} INFO - Processing file /Users/olgastash/neoflex_env_airflow/lib/python3.10/site-packages/airflow/example_dags/example_branch_operator_decorator.py for tasks to queue
[2023-07-30T18:33:43.768+0300] {logging_mixin.py:150} INFO - [2023-07-30T18:33:43.768+0300] {dagbag.py:541} INFO - Filling up the DagBag from /Users/olgastash/neoflex_env_airflow/lib/python3.10/site-packages/airflow/example_dags/example_branch_operator_decorator.py
[2023-07-30T18:33:43.827+0300] {processor.py:836} INFO - DAG(s) dict_keys(['example_branch_python_operator_decorator']) retrieved from /Users/olgastash/neoflex_env_airflow/lib/python3.10/site-packages/airflow/example_dags/example_branch_operator_decorator.py
[2023-07-30T18:33:44.684+0300] {logging_mixin.py:150} INFO - [2023-07-30T18:33:44.683+0300] {dag.py:2742} INFO - Sync 1 DAGs
[2023-07-30T18:33:44.703+0300] {logging_mixin.py:150} INFO - [2023-07-30T18:33:44.703+0300] {dag.py:3504} INFO - Setting next_dagrun for example_branch_python_operator_decorator to 2023-07-29T00:00:00+00:00, run_after=2023-07-30T00:00:00+00:00
[2023-07-30T18:33:44.724+0300] {processor.py:179} INFO - Processing /Users/olgastash/neoflex_env_airflow/lib/python3.10/site-packages/airflow/example_dags/example_branch_operator_decorator.py took 0.958 seconds
[2023-07-30T18:37:37.543+0300] {processor.py:157} INFO - Started process (PID=29309) to work on /Users/olgastash/neoflex_env_airflow/lib/python3.10/site-packages/airflow/example_dags/example_branch_operator_decorator.py
[2023-07-30T18:37:37.544+0300] {processor.py:826} INFO - Processing file /Users/olgastash/neoflex_env_airflow/lib/python3.10/site-packages/airflow/example_dags/example_branch_operator_decorator.py for tasks to queue
[2023-07-30T18:37:37.544+0300] {logging_mixin.py:150} INFO - [2023-07-30T18:37:37.544+0300] {dagbag.py:541} INFO - Filling up the DagBag from /Users/olgastash/neoflex_env_airflow/lib/python3.10/site-packages/airflow/example_dags/example_branch_operator_decorator.py
[2023-07-30T18:37:37.604+0300] {processor.py:836} INFO - DAG(s) dict_keys(['example_branch_python_operator_decorator']) retrieved from /Users/olgastash/neoflex_env_airflow/lib/python3.10/site-packages/airflow/example_dags/example_branch_operator_decorator.py
[2023-07-30T18:37:38.456+0300] {logging_mixin.py:150} INFO - [2023-07-30T18:37:38.455+0300] {dag.py:2742} INFO - Sync 1 DAGs
[2023-07-30T18:37:38.476+0300] {logging_mixin.py:150} INFO - [2023-07-30T18:37:38.476+0300] {dag.py:3504} INFO - Setting next_dagrun for example_branch_python_operator_decorator to 2023-07-29T00:00:00+00:00, run_after=2023-07-30T00:00:00+00:00
[2023-07-30T18:37:38.496+0300] {processor.py:179} INFO - Processing /Users/olgastash/neoflex_env_airflow/lib/python3.10/site-packages/airflow/example_dags/example_branch_operator_decorator.py took 0.954 seconds
[2023-07-30T18:41:35.740+0300] {processor.py:157} INFO - Started process (PID=29467) to work on /Users/olgastash/neoflex_env_airflow/lib/python3.10/site-packages/airflow/example_dags/example_branch_operator_decorator.py
[2023-07-30T18:41:35.741+0300] {processor.py:826} INFO - Processing file /Users/olgastash/neoflex_env_airflow/lib/python3.10/site-packages/airflow/example_dags/example_branch_operator_decorator.py for tasks to queue
[2023-07-30T18:41:35.742+0300] {logging_mixin.py:150} INFO - [2023-07-30T18:41:35.742+0300] {dagbag.py:541} INFO - Filling up the DagBag from /Users/olgastash/neoflex_env_airflow/lib/python3.10/site-packages/airflow/example_dags/example_branch_operator_decorator.py
[2023-07-30T18:41:35.804+0300] {processor.py:836} INFO - DAG(s) dict_keys(['example_branch_python_operator_decorator']) retrieved from /Users/olgastash/neoflex_env_airflow/lib/python3.10/site-packages/airflow/example_dags/example_branch_operator_decorator.py
[2023-07-30T18:41:36.685+0300] {logging_mixin.py:150} INFO - [2023-07-30T18:41:36.685+0300] {dag.py:2742} INFO - Sync 1 DAGs
[2023-07-30T18:41:36.706+0300] {logging_mixin.py:150} INFO - [2023-07-30T18:41:36.706+0300] {dag.py:3504} INFO - Setting next_dagrun for example_branch_python_operator_decorator to 2023-07-29T00:00:00+00:00, run_after=2023-07-30T00:00:00+00:00
[2023-07-30T18:41:36.727+0300] {processor.py:179} INFO - Processing /Users/olgastash/neoflex_env_airflow/lib/python3.10/site-packages/airflow/example_dags/example_branch_operator_decorator.py took 0.987 seconds
[2023-07-30T18:45:28.141+0300] {processor.py:157} INFO - Started process (PID=29672) to work on /Users/olgastash/neoflex_env_airflow/lib/python3.10/site-packages/airflow/example_dags/example_branch_operator_decorator.py
[2023-07-30T18:45:28.142+0300] {processor.py:826} INFO - Processing file /Users/olgastash/neoflex_env_airflow/lib/python3.10/site-packages/airflow/example_dags/example_branch_operator_decorator.py for tasks to queue
[2023-07-30T18:45:28.142+0300] {logging_mixin.py:150} INFO - [2023-07-30T18:45:28.142+0300] {dagbag.py:541} INFO - Filling up the DagBag from /Users/olgastash/neoflex_env_airflow/lib/python3.10/site-packages/airflow/example_dags/example_branch_operator_decorator.py
[2023-07-30T18:45:28.204+0300] {processor.py:836} INFO - DAG(s) dict_keys(['example_branch_python_operator_decorator']) retrieved from /Users/olgastash/neoflex_env_airflow/lib/python3.10/site-packages/airflow/example_dags/example_branch_operator_decorator.py
[2023-07-30T18:45:29.113+0300] {logging_mixin.py:150} INFO - [2023-07-30T18:45:29.113+0300] {dag.py:2742} INFO - Sync 1 DAGs
[2023-07-30T18:45:29.134+0300] {logging_mixin.py:150} INFO - [2023-07-30T18:45:29.133+0300] {dag.py:3504} INFO - Setting next_dagrun for example_branch_python_operator_decorator to 2023-07-29T00:00:00+00:00, run_after=2023-07-30T00:00:00+00:00
[2023-07-30T18:45:29.154+0300] {processor.py:179} INFO - Processing /Users/olgastash/neoflex_env_airflow/lib/python3.10/site-packages/airflow/example_dags/example_branch_operator_decorator.py took 1.014 seconds
[2023-07-30T18:49:19.422+0300] {processor.py:157} INFO - Started process (PID=29898) to work on /Users/olgastash/neoflex_env_airflow/lib/python3.10/site-packages/airflow/example_dags/example_branch_operator_decorator.py
[2023-07-30T18:49:19.423+0300] {processor.py:826} INFO - Processing file /Users/olgastash/neoflex_env_airflow/lib/python3.10/site-packages/airflow/example_dags/example_branch_operator_decorator.py for tasks to queue
[2023-07-30T18:49:19.423+0300] {logging_mixin.py:150} INFO - [2023-07-30T18:49:19.423+0300] {dagbag.py:541} INFO - Filling up the DagBag from /Users/olgastash/neoflex_env_airflow/lib/python3.10/site-packages/airflow/example_dags/example_branch_operator_decorator.py
[2023-07-30T18:49:19.483+0300] {processor.py:836} INFO - DAG(s) dict_keys(['example_branch_python_operator_decorator']) retrieved from /Users/olgastash/neoflex_env_airflow/lib/python3.10/site-packages/airflow/example_dags/example_branch_operator_decorator.py
[2023-07-30T18:49:20.346+0300] {logging_mixin.py:150} INFO - [2023-07-30T18:49:20.345+0300] {dag.py:2742} INFO - Sync 1 DAGs
[2023-07-30T18:49:20.365+0300] {logging_mixin.py:150} INFO - [2023-07-30T18:49:20.365+0300] {dag.py:3504} INFO - Setting next_dagrun for example_branch_python_operator_decorator to 2023-07-29T00:00:00+00:00, run_after=2023-07-30T00:00:00+00:00
[2023-07-30T18:49:20.385+0300] {processor.py:179} INFO - Processing /Users/olgastash/neoflex_env_airflow/lib/python3.10/site-packages/airflow/example_dags/example_branch_operator_decorator.py took 0.964 seconds
[2023-07-30T18:53:12.560+0300] {processor.py:157} INFO - Started process (PID=30077) to work on /Users/olgastash/neoflex_env_airflow/lib/python3.10/site-packages/airflow/example_dags/example_branch_operator_decorator.py
[2023-07-30T18:53:12.561+0300] {processor.py:826} INFO - Processing file /Users/olgastash/neoflex_env_airflow/lib/python3.10/site-packages/airflow/example_dags/example_branch_operator_decorator.py for tasks to queue
[2023-07-30T18:53:12.562+0300] {logging_mixin.py:150} INFO - [2023-07-30T18:53:12.561+0300] {dagbag.py:541} INFO - Filling up the DagBag from /Users/olgastash/neoflex_env_airflow/lib/python3.10/site-packages/airflow/example_dags/example_branch_operator_decorator.py
[2023-07-30T18:53:12.620+0300] {processor.py:836} INFO - DAG(s) dict_keys(['example_branch_python_operator_decorator']) retrieved from /Users/olgastash/neoflex_env_airflow/lib/python3.10/site-packages/airflow/example_dags/example_branch_operator_decorator.py
[2023-07-30T18:53:13.468+0300] {logging_mixin.py:150} INFO - [2023-07-30T18:53:13.468+0300] {dag.py:2742} INFO - Sync 1 DAGs
[2023-07-30T18:53:13.487+0300] {logging_mixin.py:150} INFO - [2023-07-30T18:53:13.487+0300] {dag.py:3504} INFO - Setting next_dagrun for example_branch_python_operator_decorator to 2023-07-29T00:00:00+00:00, run_after=2023-07-30T00:00:00+00:00
[2023-07-30T18:53:13.507+0300] {processor.py:179} INFO - Processing /Users/olgastash/neoflex_env_airflow/lib/python3.10/site-packages/airflow/example_dags/example_branch_operator_decorator.py took 0.948 seconds
[2023-07-30T18:56:58.338+0300] {processor.py:157} INFO - Started process (PID=30290) to work on /Users/olgastash/neoflex_env_airflow/lib/python3.10/site-packages/airflow/example_dags/example_branch_operator_decorator.py
[2023-07-30T18:56:58.339+0300] {processor.py:826} INFO - Processing file /Users/olgastash/neoflex_env_airflow/lib/python3.10/site-packages/airflow/example_dags/example_branch_operator_decorator.py for tasks to queue
[2023-07-30T18:56:58.340+0300] {logging_mixin.py:150} INFO - [2023-07-30T18:56:58.340+0300] {dagbag.py:541} INFO - Filling up the DagBag from /Users/olgastash/neoflex_env_airflow/lib/python3.10/site-packages/airflow/example_dags/example_branch_operator_decorator.py
[2023-07-30T18:56:58.401+0300] {processor.py:836} INFO - DAG(s) dict_keys(['example_branch_python_operator_decorator']) retrieved from /Users/olgastash/neoflex_env_airflow/lib/python3.10/site-packages/airflow/example_dags/example_branch_operator_decorator.py
[2023-07-30T18:56:59.262+0300] {logging_mixin.py:150} INFO - [2023-07-30T18:56:59.262+0300] {dag.py:2742} INFO - Sync 1 DAGs
[2023-07-30T18:56:59.283+0300] {logging_mixin.py:150} INFO - [2023-07-30T18:56:59.282+0300] {dag.py:3504} INFO - Setting next_dagrun for example_branch_python_operator_decorator to 2023-07-29T00:00:00+00:00, run_after=2023-07-30T00:00:00+00:00
[2023-07-30T18:56:59.302+0300] {processor.py:179} INFO - Processing /Users/olgastash/neoflex_env_airflow/lib/python3.10/site-packages/airflow/example_dags/example_branch_operator_decorator.py took 0.965 seconds
[2023-07-30T19:00:58.260+0300] {processor.py:157} INFO - Started process (PID=30461) to work on /Users/olgastash/neoflex_env_airflow/lib/python3.10/site-packages/airflow/example_dags/example_branch_operator_decorator.py
[2023-07-30T19:00:58.261+0300] {processor.py:826} INFO - Processing file /Users/olgastash/neoflex_env_airflow/lib/python3.10/site-packages/airflow/example_dags/example_branch_operator_decorator.py for tasks to queue
[2023-07-30T19:00:58.261+0300] {logging_mixin.py:150} INFO - [2023-07-30T19:00:58.261+0300] {dagbag.py:541} INFO - Filling up the DagBag from /Users/olgastash/neoflex_env_airflow/lib/python3.10/site-packages/airflow/example_dags/example_branch_operator_decorator.py
[2023-07-30T19:00:58.320+0300] {processor.py:836} INFO - DAG(s) dict_keys(['example_branch_python_operator_decorator']) retrieved from /Users/olgastash/neoflex_env_airflow/lib/python3.10/site-packages/airflow/example_dags/example_branch_operator_decorator.py
[2023-07-30T19:00:59.270+0300] {logging_mixin.py:150} INFO - [2023-07-30T19:00:59.270+0300] {dag.py:2742} INFO - Sync 1 DAGs
[2023-07-30T19:00:59.291+0300] {logging_mixin.py:150} INFO - [2023-07-30T19:00:59.291+0300] {dag.py:3504} INFO - Setting next_dagrun for example_branch_python_operator_decorator to 2023-07-29T00:00:00+00:00, run_after=2023-07-30T00:00:00+00:00
[2023-07-30T19:00:59.313+0300] {processor.py:179} INFO - Processing /Users/olgastash/neoflex_env_airflow/lib/python3.10/site-packages/airflow/example_dags/example_branch_operator_decorator.py took 1.054 seconds
[2023-07-30T19:05:10.487+0300] {processor.py:157} INFO - Started process (PID=30626) to work on /Users/olgastash/neoflex_env_airflow/lib/python3.10/site-packages/airflow/example_dags/example_branch_operator_decorator.py
[2023-07-30T19:05:10.488+0300] {processor.py:826} INFO - Processing file /Users/olgastash/neoflex_env_airflow/lib/python3.10/site-packages/airflow/example_dags/example_branch_operator_decorator.py for tasks to queue
[2023-07-30T19:05:10.488+0300] {logging_mixin.py:150} INFO - [2023-07-30T19:05:10.488+0300] {dagbag.py:541} INFO - Filling up the DagBag from /Users/olgastash/neoflex_env_airflow/lib/python3.10/site-packages/airflow/example_dags/example_branch_operator_decorator.py
[2023-07-30T19:05:10.548+0300] {processor.py:836} INFO - DAG(s) dict_keys(['example_branch_python_operator_decorator']) retrieved from /Users/olgastash/neoflex_env_airflow/lib/python3.10/site-packages/airflow/example_dags/example_branch_operator_decorator.py
[2023-07-30T19:05:11.499+0300] {logging_mixin.py:150} INFO - [2023-07-30T19:05:11.498+0300] {dag.py:2742} INFO - Sync 1 DAGs
[2023-07-30T19:05:11.519+0300] {logging_mixin.py:150} INFO - [2023-07-30T19:05:11.519+0300] {dag.py:3504} INFO - Setting next_dagrun for example_branch_python_operator_decorator to 2023-07-29T00:00:00+00:00, run_after=2023-07-30T00:00:00+00:00
[2023-07-30T19:05:11.541+0300] {processor.py:179} INFO - Processing /Users/olgastash/neoflex_env_airflow/lib/python3.10/site-packages/airflow/example_dags/example_branch_operator_decorator.py took 1.055 seconds
[2023-07-30T19:09:01.366+0300] {processor.py:157} INFO - Started process (PID=30756) to work on /Users/olgastash/neoflex_env_airflow/lib/python3.10/site-packages/airflow/example_dags/example_branch_operator_decorator.py
[2023-07-30T19:09:01.367+0300] {processor.py:826} INFO - Processing file /Users/olgastash/neoflex_env_airflow/lib/python3.10/site-packages/airflow/example_dags/example_branch_operator_decorator.py for tasks to queue
[2023-07-30T19:09:01.368+0300] {logging_mixin.py:150} INFO - [2023-07-30T19:09:01.368+0300] {dagbag.py:541} INFO - Filling up the DagBag from /Users/olgastash/neoflex_env_airflow/lib/python3.10/site-packages/airflow/example_dags/example_branch_operator_decorator.py
[2023-07-30T19:09:01.427+0300] {processor.py:836} INFO - DAG(s) dict_keys(['example_branch_python_operator_decorator']) retrieved from /Users/olgastash/neoflex_env_airflow/lib/python3.10/site-packages/airflow/example_dags/example_branch_operator_decorator.py
[2023-07-30T19:09:02.382+0300] {logging_mixin.py:150} INFO - [2023-07-30T19:09:02.381+0300] {dag.py:2742} INFO - Sync 1 DAGs
[2023-07-30T19:09:02.403+0300] {logging_mixin.py:150} INFO - [2023-07-30T19:09:02.403+0300] {dag.py:3504} INFO - Setting next_dagrun for example_branch_python_operator_decorator to 2023-07-29T00:00:00+00:00, run_after=2023-07-30T00:00:00+00:00
[2023-07-30T19:09:02.424+0300] {processor.py:179} INFO - Processing /Users/olgastash/neoflex_env_airflow/lib/python3.10/site-packages/airflow/example_dags/example_branch_operator_decorator.py took 1.058 seconds
[2023-07-30T19:13:20.619+0300] {processor.py:157} INFO - Started process (PID=30919) to work on /Users/olgastash/neoflex_env_airflow/lib/python3.10/site-packages/airflow/example_dags/example_branch_operator_decorator.py
[2023-07-30T19:13:20.620+0300] {processor.py:826} INFO - Processing file /Users/olgastash/neoflex_env_airflow/lib/python3.10/site-packages/airflow/example_dags/example_branch_operator_decorator.py for tasks to queue
[2023-07-30T19:13:20.621+0300] {logging_mixin.py:150} INFO - [2023-07-30T19:13:20.621+0300] {dagbag.py:541} INFO - Filling up the DagBag from /Users/olgastash/neoflex_env_airflow/lib/python3.10/site-packages/airflow/example_dags/example_branch_operator_decorator.py
[2023-07-30T19:13:20.680+0300] {processor.py:836} INFO - DAG(s) dict_keys(['example_branch_python_operator_decorator']) retrieved from /Users/olgastash/neoflex_env_airflow/lib/python3.10/site-packages/airflow/example_dags/example_branch_operator_decorator.py
[2023-07-30T19:13:21.543+0300] {logging_mixin.py:150} INFO - [2023-07-30T19:13:21.543+0300] {dag.py:2742} INFO - Sync 1 DAGs
[2023-07-30T19:13:21.564+0300] {logging_mixin.py:150} INFO - [2023-07-30T19:13:21.563+0300] {dag.py:3504} INFO - Setting next_dagrun for example_branch_python_operator_decorator to 2023-07-29T00:00:00+00:00, run_after=2023-07-30T00:00:00+00:00
[2023-07-30T19:13:21.584+0300] {processor.py:179} INFO - Processing /Users/olgastash/neoflex_env_airflow/lib/python3.10/site-packages/airflow/example_dags/example_branch_operator_decorator.py took 0.965 seconds
[2023-07-30T19:17:21.825+0300] {processor.py:157} INFO - Started process (PID=31119) to work on /Users/olgastash/neoflex_env_airflow/lib/python3.10/site-packages/airflow/example_dags/example_branch_operator_decorator.py
[2023-07-30T19:17:21.826+0300] {processor.py:826} INFO - Processing file /Users/olgastash/neoflex_env_airflow/lib/python3.10/site-packages/airflow/example_dags/example_branch_operator_decorator.py for tasks to queue
[2023-07-30T19:17:21.827+0300] {logging_mixin.py:150} INFO - [2023-07-30T19:17:21.827+0300] {dagbag.py:541} INFO - Filling up the DagBag from /Users/olgastash/neoflex_env_airflow/lib/python3.10/site-packages/airflow/example_dags/example_branch_operator_decorator.py
[2023-07-30T19:17:21.892+0300] {processor.py:836} INFO - DAG(s) dict_keys(['example_branch_python_operator_decorator']) retrieved from /Users/olgastash/neoflex_env_airflow/lib/python3.10/site-packages/airflow/example_dags/example_branch_operator_decorator.py
[2023-07-30T19:17:22.842+0300] {logging_mixin.py:150} INFO - [2023-07-30T19:17:22.841+0300] {dag.py:2742} INFO - Sync 1 DAGs
[2023-07-30T19:17:22.863+0300] {logging_mixin.py:150} INFO - [2023-07-30T19:17:22.863+0300] {dag.py:3504} INFO - Setting next_dagrun for example_branch_python_operator_decorator to 2023-07-29T00:00:00+00:00, run_after=2023-07-30T00:00:00+00:00
[2023-07-30T19:17:22.893+0300] {processor.py:179} INFO - Processing /Users/olgastash/neoflex_env_airflow/lib/python3.10/site-packages/airflow/example_dags/example_branch_operator_decorator.py took 1.068 seconds
[2023-07-30T19:21:41.384+0300] {processor.py:157} INFO - Started process (PID=31276) to work on /Users/olgastash/neoflex_env_airflow/lib/python3.10/site-packages/airflow/example_dags/example_branch_operator_decorator.py
[2023-07-30T19:21:41.385+0300] {processor.py:826} INFO - Processing file /Users/olgastash/neoflex_env_airflow/lib/python3.10/site-packages/airflow/example_dags/example_branch_operator_decorator.py for tasks to queue
[2023-07-30T19:21:41.386+0300] {logging_mixin.py:150} INFO - [2023-07-30T19:21:41.385+0300] {dagbag.py:541} INFO - Filling up the DagBag from /Users/olgastash/neoflex_env_airflow/lib/python3.10/site-packages/airflow/example_dags/example_branch_operator_decorator.py
[2023-07-30T19:21:41.453+0300] {processor.py:836} INFO - DAG(s) dict_keys(['example_branch_python_operator_decorator']) retrieved from /Users/olgastash/neoflex_env_airflow/lib/python3.10/site-packages/airflow/example_dags/example_branch_operator_decorator.py
[2023-07-30T19:21:42.464+0300] {logging_mixin.py:150} INFO - [2023-07-30T19:21:42.463+0300] {dag.py:2742} INFO - Sync 1 DAGs
[2023-07-30T19:21:42.484+0300] {logging_mixin.py:150} INFO - [2023-07-30T19:21:42.484+0300] {dag.py:3504} INFO - Setting next_dagrun for example_branch_python_operator_decorator to 2023-07-29T00:00:00+00:00, run_after=2023-07-30T00:00:00+00:00
[2023-07-30T19:21:42.505+0300] {processor.py:179} INFO - Processing /Users/olgastash/neoflex_env_airflow/lib/python3.10/site-packages/airflow/example_dags/example_branch_operator_decorator.py took 1.123 seconds
[2023-07-30T19:25:43.758+0300] {processor.py:157} INFO - Started process (PID=31422) to work on /Users/olgastash/neoflex_env_airflow/lib/python3.10/site-packages/airflow/example_dags/example_branch_operator_decorator.py
[2023-07-30T19:25:43.759+0300] {processor.py:826} INFO - Processing file /Users/olgastash/neoflex_env_airflow/lib/python3.10/site-packages/airflow/example_dags/example_branch_operator_decorator.py for tasks to queue
[2023-07-30T19:25:43.759+0300] {logging_mixin.py:150} INFO - [2023-07-30T19:25:43.759+0300] {dagbag.py:541} INFO - Filling up the DagBag from /Users/olgastash/neoflex_env_airflow/lib/python3.10/site-packages/airflow/example_dags/example_branch_operator_decorator.py
[2023-07-30T19:25:43.820+0300] {processor.py:836} INFO - DAG(s) dict_keys(['example_branch_python_operator_decorator']) retrieved from /Users/olgastash/neoflex_env_airflow/lib/python3.10/site-packages/airflow/example_dags/example_branch_operator_decorator.py
[2023-07-30T19:25:44.765+0300] {logging_mixin.py:150} INFO - [2023-07-30T19:25:44.765+0300] {dag.py:2742} INFO - Sync 1 DAGs
[2023-07-30T19:25:44.786+0300] {logging_mixin.py:150} INFO - [2023-07-30T19:25:44.786+0300] {dag.py:3504} INFO - Setting next_dagrun for example_branch_python_operator_decorator to 2023-07-29T00:00:00+00:00, run_after=2023-07-30T00:00:00+00:00
[2023-07-30T19:25:44.807+0300] {processor.py:179} INFO - Processing /Users/olgastash/neoflex_env_airflow/lib/python3.10/site-packages/airflow/example_dags/example_branch_operator_decorator.py took 1.050 seconds
[2023-07-30T19:59:04.066+0300] {processor.py:157} INFO - Started process (PID=31601) to work on /Users/olgastash/neoflex_env_airflow/lib/python3.10/site-packages/airflow/example_dags/example_branch_operator_decorator.py
[2023-07-30T19:59:04.067+0300] {processor.py:826} INFO - Processing file /Users/olgastash/neoflex_env_airflow/lib/python3.10/site-packages/airflow/example_dags/example_branch_operator_decorator.py for tasks to queue
[2023-07-30T19:59:04.068+0300] {logging_mixin.py:150} INFO - [2023-07-30T19:59:04.068+0300] {dagbag.py:541} INFO - Filling up the DagBag from /Users/olgastash/neoflex_env_airflow/lib/python3.10/site-packages/airflow/example_dags/example_branch_operator_decorator.py
[2023-07-30T19:59:04.127+0300] {processor.py:836} INFO - DAG(s) dict_keys(['example_branch_python_operator_decorator']) retrieved from /Users/olgastash/neoflex_env_airflow/lib/python3.10/site-packages/airflow/example_dags/example_branch_operator_decorator.py
[2023-07-30T19:59:05.071+0300] {logging_mixin.py:150} INFO - [2023-07-30T19:59:05.071+0300] {dag.py:2742} INFO - Sync 1 DAGs
[2023-07-30T19:59:05.092+0300] {logging_mixin.py:150} INFO - [2023-07-30T19:59:05.092+0300] {dag.py:3504} INFO - Setting next_dagrun for example_branch_python_operator_decorator to 2023-07-29T00:00:00+00:00, run_after=2023-07-30T00:00:00+00:00
[2023-07-30T19:59:05.113+0300] {processor.py:179} INFO - Processing /Users/olgastash/neoflex_env_airflow/lib/python3.10/site-packages/airflow/example_dags/example_branch_operator_decorator.py took 1.047 seconds
[2023-07-30T20:12:25.187+0300] {processor.py:157} INFO - Started process (PID=31790) to work on /Users/olgastash/neoflex_env_airflow/lib/python3.10/site-packages/airflow/example_dags/example_branch_operator_decorator.py
[2023-07-30T20:12:25.188+0300] {processor.py:826} INFO - Processing file /Users/olgastash/neoflex_env_airflow/lib/python3.10/site-packages/airflow/example_dags/example_branch_operator_decorator.py for tasks to queue
[2023-07-30T20:12:25.189+0300] {logging_mixin.py:150} INFO - [2023-07-30T20:12:25.188+0300] {dagbag.py:541} INFO - Filling up the DagBag from /Users/olgastash/neoflex_env_airflow/lib/python3.10/site-packages/airflow/example_dags/example_branch_operator_decorator.py
[2023-07-30T20:12:25.248+0300] {processor.py:836} INFO - DAG(s) dict_keys(['example_branch_python_operator_decorator']) retrieved from /Users/olgastash/neoflex_env_airflow/lib/python3.10/site-packages/airflow/example_dags/example_branch_operator_decorator.py
[2023-07-30T20:12:26.201+0300] {logging_mixin.py:150} INFO - [2023-07-30T20:12:26.201+0300] {dag.py:2742} INFO - Sync 1 DAGs
[2023-07-30T20:12:26.222+0300] {logging_mixin.py:150} INFO - [2023-07-30T20:12:26.222+0300] {dag.py:3504} INFO - Setting next_dagrun for example_branch_python_operator_decorator to 2023-07-29T00:00:00+00:00, run_after=2023-07-30T00:00:00+00:00
[2023-07-30T20:12:26.243+0300] {processor.py:179} INFO - Processing /Users/olgastash/neoflex_env_airflow/lib/python3.10/site-packages/airflow/example_dags/example_branch_operator_decorator.py took 1.057 seconds
[2023-07-30T20:16:45.384+0300] {processor.py:157} INFO - Started process (PID=32013) to work on /Users/olgastash/neoflex_env_airflow/lib/python3.10/site-packages/airflow/example_dags/example_branch_operator_decorator.py
[2023-07-30T20:16:45.385+0300] {processor.py:826} INFO - Processing file /Users/olgastash/neoflex_env_airflow/lib/python3.10/site-packages/airflow/example_dags/example_branch_operator_decorator.py for tasks to queue
[2023-07-30T20:16:45.386+0300] {logging_mixin.py:150} INFO - [2023-07-30T20:16:45.386+0300] {dagbag.py:541} INFO - Filling up the DagBag from /Users/olgastash/neoflex_env_airflow/lib/python3.10/site-packages/airflow/example_dags/example_branch_operator_decorator.py
[2023-07-30T20:16:45.454+0300] {processor.py:836} INFO - DAG(s) dict_keys(['example_branch_python_operator_decorator']) retrieved from /Users/olgastash/neoflex_env_airflow/lib/python3.10/site-packages/airflow/example_dags/example_branch_operator_decorator.py
[2023-07-30T20:16:46.556+0300] {logging_mixin.py:150} INFO - [2023-07-30T20:16:46.556+0300] {dag.py:2742} INFO - Sync 1 DAGs
[2023-07-30T20:16:46.578+0300] {logging_mixin.py:150} INFO - [2023-07-30T20:16:46.578+0300] {dag.py:3504} INFO - Setting next_dagrun for example_branch_python_operator_decorator to 2023-07-29T00:00:00+00:00, run_after=2023-07-30T00:00:00+00:00
[2023-07-30T20:16:46.599+0300] {processor.py:179} INFO - Processing /Users/olgastash/neoflex_env_airflow/lib/python3.10/site-packages/airflow/example_dags/example_branch_operator_decorator.py took 1.216 seconds
[2023-07-30T20:21:22.036+0300] {processor.py:157} INFO - Started process (PID=32236) to work on /Users/olgastash/neoflex_env_airflow/lib/python3.10/site-packages/airflow/example_dags/example_branch_operator_decorator.py
[2023-07-30T20:21:22.037+0300] {processor.py:826} INFO - Processing file /Users/olgastash/neoflex_env_airflow/lib/python3.10/site-packages/airflow/example_dags/example_branch_operator_decorator.py for tasks to queue
[2023-07-30T20:21:22.038+0300] {logging_mixin.py:150} INFO - [2023-07-30T20:21:22.037+0300] {dagbag.py:541} INFO - Filling up the DagBag from /Users/olgastash/neoflex_env_airflow/lib/python3.10/site-packages/airflow/example_dags/example_branch_operator_decorator.py
[2023-07-30T20:21:22.097+0300] {processor.py:836} INFO - DAG(s) dict_keys(['example_branch_python_operator_decorator']) retrieved from /Users/olgastash/neoflex_env_airflow/lib/python3.10/site-packages/airflow/example_dags/example_branch_operator_decorator.py
[2023-07-30T20:21:23.050+0300] {logging_mixin.py:150} INFO - [2023-07-30T20:21:23.049+0300] {dag.py:2742} INFO - Sync 1 DAGs
[2023-07-30T20:21:23.070+0300] {logging_mixin.py:150} INFO - [2023-07-30T20:21:23.070+0300] {dag.py:3504} INFO - Setting next_dagrun for example_branch_python_operator_decorator to 2023-07-29T00:00:00+00:00, run_after=2023-07-30T00:00:00+00:00
[2023-07-30T20:21:23.090+0300] {processor.py:179} INFO - Processing /Users/olgastash/neoflex_env_airflow/lib/python3.10/site-packages/airflow/example_dags/example_branch_operator_decorator.py took 1.055 seconds
[2023-07-30T20:25:43.463+0300] {processor.py:157} INFO - Started process (PID=32529) to work on /Users/olgastash/neoflex_env_airflow/lib/python3.10/site-packages/airflow/example_dags/example_branch_operator_decorator.py
[2023-07-30T20:25:43.465+0300] {processor.py:826} INFO - Processing file /Users/olgastash/neoflex_env_airflow/lib/python3.10/site-packages/airflow/example_dags/example_branch_operator_decorator.py for tasks to queue
[2023-07-30T20:25:43.465+0300] {logging_mixin.py:150} INFO - [2023-07-30T20:25:43.465+0300] {dagbag.py:541} INFO - Filling up the DagBag from /Users/olgastash/neoflex_env_airflow/lib/python3.10/site-packages/airflow/example_dags/example_branch_operator_decorator.py
[2023-07-30T20:25:43.530+0300] {processor.py:836} INFO - DAG(s) dict_keys(['example_branch_python_operator_decorator']) retrieved from /Users/olgastash/neoflex_env_airflow/lib/python3.10/site-packages/airflow/example_dags/example_branch_operator_decorator.py
[2023-07-30T20:25:44.556+0300] {logging_mixin.py:150} INFO - [2023-07-30T20:25:44.555+0300] {dag.py:2742} INFO - Sync 1 DAGs
[2023-07-30T20:25:44.576+0300] {logging_mixin.py:150} INFO - [2023-07-30T20:25:44.576+0300] {dag.py:3504} INFO - Setting next_dagrun for example_branch_python_operator_decorator to 2023-07-29T00:00:00+00:00, run_after=2023-07-30T00:00:00+00:00
[2023-07-30T20:25:44.598+0300] {processor.py:179} INFO - Processing /Users/olgastash/neoflex_env_airflow/lib/python3.10/site-packages/airflow/example_dags/example_branch_operator_decorator.py took 1.135 seconds
[2023-07-30T20:29:58.026+0300] {processor.py:157} INFO - Started process (PID=32703) to work on /Users/olgastash/neoflex_env_airflow/lib/python3.10/site-packages/airflow/example_dags/example_branch_operator_decorator.py
[2023-07-30T20:29:58.027+0300] {processor.py:826} INFO - Processing file /Users/olgastash/neoflex_env_airflow/lib/python3.10/site-packages/airflow/example_dags/example_branch_operator_decorator.py for tasks to queue
[2023-07-30T20:29:58.027+0300] {logging_mixin.py:150} INFO - [2023-07-30T20:29:58.027+0300] {dagbag.py:541} INFO - Filling up the DagBag from /Users/olgastash/neoflex_env_airflow/lib/python3.10/site-packages/airflow/example_dags/example_branch_operator_decorator.py
[2023-07-30T20:29:58.089+0300] {processor.py:836} INFO - DAG(s) dict_keys(['example_branch_python_operator_decorator']) retrieved from /Users/olgastash/neoflex_env_airflow/lib/python3.10/site-packages/airflow/example_dags/example_branch_operator_decorator.py
[2023-07-30T20:29:59.433+0300] {logging_mixin.py:150} INFO - [2023-07-30T20:29:59.433+0300] {dag.py:2742} INFO - Sync 1 DAGs
[2023-07-30T20:29:59.463+0300] {logging_mixin.py:150} INFO - [2023-07-30T20:29:59.463+0300] {dag.py:3504} INFO - Setting next_dagrun for example_branch_python_operator_decorator to 2023-07-29T00:00:00+00:00, run_after=2023-07-30T00:00:00+00:00
[2023-07-30T20:29:59.492+0300] {processor.py:179} INFO - Processing /Users/olgastash/neoflex_env_airflow/lib/python3.10/site-packages/airflow/example_dags/example_branch_operator_decorator.py took 1.467 seconds
[2023-07-30T20:34:19.587+0300] {processor.py:157} INFO - Started process (PID=32964) to work on /Users/olgastash/neoflex_env_airflow/lib/python3.10/site-packages/airflow/example_dags/example_branch_operator_decorator.py
[2023-07-30T20:34:19.588+0300] {processor.py:826} INFO - Processing file /Users/olgastash/neoflex_env_airflow/lib/python3.10/site-packages/airflow/example_dags/example_branch_operator_decorator.py for tasks to queue
[2023-07-30T20:34:19.589+0300] {logging_mixin.py:150} INFO - [2023-07-30T20:34:19.589+0300] {dagbag.py:541} INFO - Filling up the DagBag from /Users/olgastash/neoflex_env_airflow/lib/python3.10/site-packages/airflow/example_dags/example_branch_operator_decorator.py
[2023-07-30T20:34:19.649+0300] {processor.py:836} INFO - DAG(s) dict_keys(['example_branch_python_operator_decorator']) retrieved from /Users/olgastash/neoflex_env_airflow/lib/python3.10/site-packages/airflow/example_dags/example_branch_operator_decorator.py
[2023-07-30T20:34:20.521+0300] {logging_mixin.py:150} INFO - [2023-07-30T20:34:20.521+0300] {dag.py:2742} INFO - Sync 1 DAGs
[2023-07-30T20:34:20.543+0300] {logging_mixin.py:150} INFO - [2023-07-30T20:34:20.543+0300] {dag.py:3504} INFO - Setting next_dagrun for example_branch_python_operator_decorator to 2023-07-29T00:00:00+00:00, run_after=2023-07-30T00:00:00+00:00
[2023-07-30T20:34:20.561+0300] {processor.py:179} INFO - Processing /Users/olgastash/neoflex_env_airflow/lib/python3.10/site-packages/airflow/example_dags/example_branch_operator_decorator.py took 0.974 seconds
[2023-07-30T20:38:35.833+0300] {processor.py:157} INFO - Started process (PID=33224) to work on /Users/olgastash/neoflex_env_airflow/lib/python3.10/site-packages/airflow/example_dags/example_branch_operator_decorator.py
[2023-07-30T20:38:35.834+0300] {processor.py:826} INFO - Processing file /Users/olgastash/neoflex_env_airflow/lib/python3.10/site-packages/airflow/example_dags/example_branch_operator_decorator.py for tasks to queue
[2023-07-30T20:38:35.835+0300] {logging_mixin.py:150} INFO - [2023-07-30T20:38:35.835+0300] {dagbag.py:541} INFO - Filling up the DagBag from /Users/olgastash/neoflex_env_airflow/lib/python3.10/site-packages/airflow/example_dags/example_branch_operator_decorator.py
[2023-07-30T20:38:35.897+0300] {processor.py:836} INFO - DAG(s) dict_keys(['example_branch_python_operator_decorator']) retrieved from /Users/olgastash/neoflex_env_airflow/lib/python3.10/site-packages/airflow/example_dags/example_branch_operator_decorator.py
[2023-07-30T20:38:36.892+0300] {logging_mixin.py:150} INFO - [2023-07-30T20:38:36.891+0300] {dag.py:2742} INFO - Sync 1 DAGs
[2023-07-30T20:38:36.912+0300] {logging_mixin.py:150} INFO - [2023-07-30T20:38:36.912+0300] {dag.py:3504} INFO - Setting next_dagrun for example_branch_python_operator_decorator to 2023-07-29T00:00:00+00:00, run_after=2023-07-30T00:00:00+00:00
[2023-07-30T20:38:36.932+0300] {processor.py:179} INFO - Processing /Users/olgastash/neoflex_env_airflow/lib/python3.10/site-packages/airflow/example_dags/example_branch_operator_decorator.py took 1.099 seconds
[2023-07-30T20:42:53.906+0300] {processor.py:157} INFO - Started process (PID=33456) to work on /Users/olgastash/neoflex_env_airflow/lib/python3.10/site-packages/airflow/example_dags/example_branch_operator_decorator.py
[2023-07-30T20:42:53.908+0300] {processor.py:826} INFO - Processing file /Users/olgastash/neoflex_env_airflow/lib/python3.10/site-packages/airflow/example_dags/example_branch_operator_decorator.py for tasks to queue
[2023-07-30T20:42:53.908+0300] {logging_mixin.py:150} INFO - [2023-07-30T20:42:53.908+0300] {dagbag.py:541} INFO - Filling up the DagBag from /Users/olgastash/neoflex_env_airflow/lib/python3.10/site-packages/airflow/example_dags/example_branch_operator_decorator.py
[2023-07-30T20:42:53.970+0300] {processor.py:836} INFO - DAG(s) dict_keys(['example_branch_python_operator_decorator']) retrieved from /Users/olgastash/neoflex_env_airflow/lib/python3.10/site-packages/airflow/example_dags/example_branch_operator_decorator.py
[2023-07-30T20:42:54.959+0300] {logging_mixin.py:150} INFO - [2023-07-30T20:42:54.959+0300] {dag.py:2742} INFO - Sync 1 DAGs
[2023-07-30T20:42:54.979+0300] {logging_mixin.py:150} INFO - [2023-07-30T20:42:54.979+0300] {dag.py:3504} INFO - Setting next_dagrun for example_branch_python_operator_decorator to 2023-07-29T00:00:00+00:00, run_after=2023-07-30T00:00:00+00:00
[2023-07-30T20:42:54.999+0300] {processor.py:179} INFO - Processing /Users/olgastash/neoflex_env_airflow/lib/python3.10/site-packages/airflow/example_dags/example_branch_operator_decorator.py took 1.093 seconds
[2023-07-30T20:47:11.294+0300] {processor.py:157} INFO - Started process (PID=33715) to work on /Users/olgastash/neoflex_env_airflow/lib/python3.10/site-packages/airflow/example_dags/example_branch_operator_decorator.py
[2023-07-30T20:47:11.295+0300] {processor.py:826} INFO - Processing file /Users/olgastash/neoflex_env_airflow/lib/python3.10/site-packages/airflow/example_dags/example_branch_operator_decorator.py for tasks to queue
[2023-07-30T20:47:11.296+0300] {logging_mixin.py:150} INFO - [2023-07-30T20:47:11.296+0300] {dagbag.py:541} INFO - Filling up the DagBag from /Users/olgastash/neoflex_env_airflow/lib/python3.10/site-packages/airflow/example_dags/example_branch_operator_decorator.py
[2023-07-30T20:47:11.356+0300] {processor.py:836} INFO - DAG(s) dict_keys(['example_branch_python_operator_decorator']) retrieved from /Users/olgastash/neoflex_env_airflow/lib/python3.10/site-packages/airflow/example_dags/example_branch_operator_decorator.py
[2023-07-30T20:47:12.329+0300] {logging_mixin.py:150} INFO - [2023-07-30T20:47:12.329+0300] {dag.py:2742} INFO - Sync 1 DAGs
[2023-07-30T20:47:12.349+0300] {logging_mixin.py:150} INFO - [2023-07-30T20:47:12.349+0300] {dag.py:3504} INFO - Setting next_dagrun for example_branch_python_operator_decorator to 2023-07-29T00:00:00+00:00, run_after=2023-07-30T00:00:00+00:00
[2023-07-30T20:47:12.370+0300] {processor.py:179} INFO - Processing /Users/olgastash/neoflex_env_airflow/lib/python3.10/site-packages/airflow/example_dags/example_branch_operator_decorator.py took 1.076 seconds
[2023-07-30T20:51:33.180+0300] {processor.py:157} INFO - Started process (PID=33941) to work on /Users/olgastash/neoflex_env_airflow/lib/python3.10/site-packages/airflow/example_dags/example_branch_operator_decorator.py
[2023-07-30T20:51:33.181+0300] {processor.py:826} INFO - Processing file /Users/olgastash/neoflex_env_airflow/lib/python3.10/site-packages/airflow/example_dags/example_branch_operator_decorator.py for tasks to queue
[2023-07-30T20:51:33.182+0300] {logging_mixin.py:150} INFO - [2023-07-30T20:51:33.182+0300] {dagbag.py:541} INFO - Filling up the DagBag from /Users/olgastash/neoflex_env_airflow/lib/python3.10/site-packages/airflow/example_dags/example_branch_operator_decorator.py
[2023-07-30T20:51:33.241+0300] {processor.py:836} INFO - DAG(s) dict_keys(['example_branch_python_operator_decorator']) retrieved from /Users/olgastash/neoflex_env_airflow/lib/python3.10/site-packages/airflow/example_dags/example_branch_operator_decorator.py
[2023-07-30T20:51:34.216+0300] {logging_mixin.py:150} INFO - [2023-07-30T20:51:34.216+0300] {dag.py:2742} INFO - Sync 1 DAGs
[2023-07-30T20:51:34.236+0300] {logging_mixin.py:150} INFO - [2023-07-30T20:51:34.236+0300] {dag.py:3504} INFO - Setting next_dagrun for example_branch_python_operator_decorator to 2023-07-29T00:00:00+00:00, run_after=2023-07-30T00:00:00+00:00
[2023-07-30T20:51:34.256+0300] {processor.py:179} INFO - Processing /Users/olgastash/neoflex_env_airflow/lib/python3.10/site-packages/airflow/example_dags/example_branch_operator_decorator.py took 1.076 seconds
[2023-07-30T20:56:03.901+0300] {processor.py:157} INFO - Started process (PID=34164) to work on /Users/olgastash/neoflex_env_airflow/lib/python3.10/site-packages/airflow/example_dags/example_branch_operator_decorator.py
[2023-07-30T20:56:03.902+0300] {processor.py:826} INFO - Processing file /Users/olgastash/neoflex_env_airflow/lib/python3.10/site-packages/airflow/example_dags/example_branch_operator_decorator.py for tasks to queue
[2023-07-30T20:56:03.903+0300] {logging_mixin.py:150} INFO - [2023-07-30T20:56:03.903+0300] {dagbag.py:541} INFO - Filling up the DagBag from /Users/olgastash/neoflex_env_airflow/lib/python3.10/site-packages/airflow/example_dags/example_branch_operator_decorator.py
[2023-07-30T20:56:03.962+0300] {processor.py:836} INFO - DAG(s) dict_keys(['example_branch_python_operator_decorator']) retrieved from /Users/olgastash/neoflex_env_airflow/lib/python3.10/site-packages/airflow/example_dags/example_branch_operator_decorator.py
[2023-07-30T20:56:04.945+0300] {logging_mixin.py:150} INFO - [2023-07-30T20:56:04.944+0300] {dag.py:2742} INFO - Sync 1 DAGs
[2023-07-30T20:56:04.965+0300] {logging_mixin.py:150} INFO - [2023-07-30T20:56:04.964+0300] {dag.py:3504} INFO - Setting next_dagrun for example_branch_python_operator_decorator to 2023-07-29T00:00:00+00:00, run_after=2023-07-30T00:00:00+00:00
[2023-07-30T20:56:04.985+0300] {processor.py:179} INFO - Processing /Users/olgastash/neoflex_env_airflow/lib/python3.10/site-packages/airflow/example_dags/example_branch_operator_decorator.py took 1.085 seconds
[2023-07-30T21:00:31.069+0300] {processor.py:157} INFO - Started process (PID=34357) to work on /Users/olgastash/neoflex_env_airflow/lib/python3.10/site-packages/airflow/example_dags/example_branch_operator_decorator.py
[2023-07-30T21:00:31.071+0300] {processor.py:826} INFO - Processing file /Users/olgastash/neoflex_env_airflow/lib/python3.10/site-packages/airflow/example_dags/example_branch_operator_decorator.py for tasks to queue
[2023-07-30T21:00:31.071+0300] {logging_mixin.py:150} INFO - [2023-07-30T21:00:31.071+0300] {dagbag.py:541} INFO - Filling up the DagBag from /Users/olgastash/neoflex_env_airflow/lib/python3.10/site-packages/airflow/example_dags/example_branch_operator_decorator.py
[2023-07-30T21:00:31.132+0300] {processor.py:836} INFO - DAG(s) dict_keys(['example_branch_python_operator_decorator']) retrieved from /Users/olgastash/neoflex_env_airflow/lib/python3.10/site-packages/airflow/example_dags/example_branch_operator_decorator.py
[2023-07-30T21:00:32.127+0300] {logging_mixin.py:150} INFO - [2023-07-30T21:00:32.126+0300] {dag.py:2742} INFO - Sync 1 DAGs
[2023-07-30T21:00:32.147+0300] {logging_mixin.py:150} INFO - [2023-07-30T21:00:32.146+0300] {dag.py:3504} INFO - Setting next_dagrun for example_branch_python_operator_decorator to 2023-07-29T00:00:00+00:00, run_after=2023-07-30T00:00:00+00:00
[2023-07-30T21:00:32.167+0300] {processor.py:179} INFO - Processing /Users/olgastash/neoflex_env_airflow/lib/python3.10/site-packages/airflow/example_dags/example_branch_operator_decorator.py took 1.098 seconds
[2023-07-30T21:05:00.074+0300] {processor.py:157} INFO - Started process (PID=34524) to work on /Users/olgastash/neoflex_env_airflow/lib/python3.10/site-packages/airflow/example_dags/example_branch_operator_decorator.py
[2023-07-30T21:05:00.075+0300] {processor.py:826} INFO - Processing file /Users/olgastash/neoflex_env_airflow/lib/python3.10/site-packages/airflow/example_dags/example_branch_operator_decorator.py for tasks to queue
[2023-07-30T21:05:00.076+0300] {logging_mixin.py:150} INFO - [2023-07-30T21:05:00.076+0300] {dagbag.py:541} INFO - Filling up the DagBag from /Users/olgastash/neoflex_env_airflow/lib/python3.10/site-packages/airflow/example_dags/example_branch_operator_decorator.py
[2023-07-30T21:05:00.146+0300] {processor.py:836} INFO - DAG(s) dict_keys(['example_branch_python_operator_decorator']) retrieved from /Users/olgastash/neoflex_env_airflow/lib/python3.10/site-packages/airflow/example_dags/example_branch_operator_decorator.py
[2023-07-30T21:05:01.790+0300] {logging_mixin.py:150} INFO - [2023-07-30T21:05:01.790+0300] {dag.py:2742} INFO - Sync 1 DAGs
[2023-07-30T21:05:01.862+0300] {logging_mixin.py:150} INFO - [2023-07-30T21:05:01.862+0300] {dag.py:3504} INFO - Setting next_dagrun for example_branch_python_operator_decorator to 2023-07-29T00:00:00+00:00, run_after=2023-07-30T00:00:00+00:00
[2023-07-30T21:05:01.888+0300] {processor.py:179} INFO - Processing /Users/olgastash/neoflex_env_airflow/lib/python3.10/site-packages/airflow/example_dags/example_branch_operator_decorator.py took 1.815 seconds
[2023-07-30T21:09:34.187+0300] {processor.py:157} INFO - Started process (PID=34730) to work on /Users/olgastash/neoflex_env_airflow/lib/python3.10/site-packages/airflow/example_dags/example_branch_operator_decorator.py
[2023-07-30T21:09:34.188+0300] {processor.py:826} INFO - Processing file /Users/olgastash/neoflex_env_airflow/lib/python3.10/site-packages/airflow/example_dags/example_branch_operator_decorator.py for tasks to queue
[2023-07-30T21:09:34.189+0300] {logging_mixin.py:150} INFO - [2023-07-30T21:09:34.189+0300] {dagbag.py:541} INFO - Filling up the DagBag from /Users/olgastash/neoflex_env_airflow/lib/python3.10/site-packages/airflow/example_dags/example_branch_operator_decorator.py
[2023-07-30T21:09:34.250+0300] {processor.py:836} INFO - DAG(s) dict_keys(['example_branch_python_operator_decorator']) retrieved from /Users/olgastash/neoflex_env_airflow/lib/python3.10/site-packages/airflow/example_dags/example_branch_operator_decorator.py
[2023-07-30T21:09:35.109+0300] {logging_mixin.py:150} INFO - [2023-07-30T21:09:35.109+0300] {dag.py:2742} INFO - Sync 1 DAGs
[2023-07-30T21:09:35.130+0300] {logging_mixin.py:150} INFO - [2023-07-30T21:09:35.130+0300] {dag.py:3504} INFO - Setting next_dagrun for example_branch_python_operator_decorator to 2023-07-29T00:00:00+00:00, run_after=2023-07-30T00:00:00+00:00
[2023-07-30T21:09:35.148+0300] {processor.py:179} INFO - Processing /Users/olgastash/neoflex_env_airflow/lib/python3.10/site-packages/airflow/example_dags/example_branch_operator_decorator.py took 0.962 seconds
[2023-07-30T21:14:08.039+0300] {processor.py:157} INFO - Started process (PID=34981) to work on /Users/olgastash/neoflex_env_airflow/lib/python3.10/site-packages/airflow/example_dags/example_branch_operator_decorator.py
[2023-07-30T21:14:08.041+0300] {processor.py:826} INFO - Processing file /Users/olgastash/neoflex_env_airflow/lib/python3.10/site-packages/airflow/example_dags/example_branch_operator_decorator.py for tasks to queue
[2023-07-30T21:14:08.042+0300] {logging_mixin.py:150} INFO - [2023-07-30T21:14:08.041+0300] {dagbag.py:541} INFO - Filling up the DagBag from /Users/olgastash/neoflex_env_airflow/lib/python3.10/site-packages/airflow/example_dags/example_branch_operator_decorator.py
[2023-07-30T21:14:08.121+0300] {processor.py:836} INFO - DAG(s) dict_keys(['example_branch_python_operator_decorator']) retrieved from /Users/olgastash/neoflex_env_airflow/lib/python3.10/site-packages/airflow/example_dags/example_branch_operator_decorator.py
[2023-07-30T21:14:09.328+0300] {logging_mixin.py:150} INFO - [2023-07-30T21:14:09.327+0300] {dag.py:2742} INFO - Sync 1 DAGs
[2023-07-30T21:14:09.351+0300] {logging_mixin.py:150} INFO - [2023-07-30T21:14:09.351+0300] {dag.py:3504} INFO - Setting next_dagrun for example_branch_python_operator_decorator to 2023-07-29T00:00:00+00:00, run_after=2023-07-30T00:00:00+00:00
[2023-07-30T21:14:09.379+0300] {processor.py:179} INFO - Processing /Users/olgastash/neoflex_env_airflow/lib/python3.10/site-packages/airflow/example_dags/example_branch_operator_decorator.py took 1.340 seconds
[2023-07-30T21:18:45.854+0300] {processor.py:157} INFO - Started process (PID=35160) to work on /Users/olgastash/neoflex_env_airflow/lib/python3.10/site-packages/airflow/example_dags/example_branch_operator_decorator.py
[2023-07-30T21:18:45.855+0300] {processor.py:826} INFO - Processing file /Users/olgastash/neoflex_env_airflow/lib/python3.10/site-packages/airflow/example_dags/example_branch_operator_decorator.py for tasks to queue
[2023-07-30T21:18:45.855+0300] {logging_mixin.py:150} INFO - [2023-07-30T21:18:45.855+0300] {dagbag.py:541} INFO - Filling up the DagBag from /Users/olgastash/neoflex_env_airflow/lib/python3.10/site-packages/airflow/example_dags/example_branch_operator_decorator.py
[2023-07-30T21:18:45.915+0300] {processor.py:836} INFO - DAG(s) dict_keys(['example_branch_python_operator_decorator']) retrieved from /Users/olgastash/neoflex_env_airflow/lib/python3.10/site-packages/airflow/example_dags/example_branch_operator_decorator.py
[2023-07-30T21:18:46.949+0300] {logging_mixin.py:150} INFO - [2023-07-30T21:18:46.949+0300] {dag.py:2742} INFO - Sync 1 DAGs
[2023-07-30T21:18:46.969+0300] {logging_mixin.py:150} INFO - [2023-07-30T21:18:46.968+0300] {dag.py:3504} INFO - Setting next_dagrun for example_branch_python_operator_decorator to 2023-07-29T00:00:00+00:00, run_after=2023-07-30T00:00:00+00:00
[2023-07-30T21:18:46.989+0300] {processor.py:179} INFO - Processing /Users/olgastash/neoflex_env_airflow/lib/python3.10/site-packages/airflow/example_dags/example_branch_operator_decorator.py took 1.136 seconds
[2023-07-30T21:23:05.194+0300] {processor.py:157} INFO - Started process (PID=35335) to work on /Users/olgastash/neoflex_env_airflow/lib/python3.10/site-packages/airflow/example_dags/example_branch_operator_decorator.py
[2023-07-30T21:23:05.195+0300] {processor.py:826} INFO - Processing file /Users/olgastash/neoflex_env_airflow/lib/python3.10/site-packages/airflow/example_dags/example_branch_operator_decorator.py for tasks to queue
[2023-07-30T21:23:05.196+0300] {logging_mixin.py:150} INFO - [2023-07-30T21:23:05.196+0300] {dagbag.py:541} INFO - Filling up the DagBag from /Users/olgastash/neoflex_env_airflow/lib/python3.10/site-packages/airflow/example_dags/example_branch_operator_decorator.py
[2023-07-30T21:23:05.255+0300] {processor.py:836} INFO - DAG(s) dict_keys(['example_branch_python_operator_decorator']) retrieved from /Users/olgastash/neoflex_env_airflow/lib/python3.10/site-packages/airflow/example_dags/example_branch_operator_decorator.py
[2023-07-30T21:23:06.233+0300] {logging_mixin.py:150} INFO - [2023-07-30T21:23:06.233+0300] {dag.py:2742} INFO - Sync 1 DAGs
[2023-07-30T21:23:06.253+0300] {logging_mixin.py:150} INFO - [2023-07-30T21:23:06.253+0300] {dag.py:3504} INFO - Setting next_dagrun for example_branch_python_operator_decorator to 2023-07-29T00:00:00+00:00, run_after=2023-07-30T00:00:00+00:00
[2023-07-30T21:23:06.275+0300] {processor.py:179} INFO - Processing /Users/olgastash/neoflex_env_airflow/lib/python3.10/site-packages/airflow/example_dags/example_branch_operator_decorator.py took 1.081 seconds
[2023-07-30T21:27:24.574+0300] {processor.py:157} INFO - Started process (PID=35551) to work on /Users/olgastash/neoflex_env_airflow/lib/python3.10/site-packages/airflow/example_dags/example_branch_operator_decorator.py
[2023-07-30T21:27:24.576+0300] {processor.py:826} INFO - Processing file /Users/olgastash/neoflex_env_airflow/lib/python3.10/site-packages/airflow/example_dags/example_branch_operator_decorator.py for tasks to queue
[2023-07-30T21:27:24.576+0300] {logging_mixin.py:150} INFO - [2023-07-30T21:27:24.576+0300] {dagbag.py:541} INFO - Filling up the DagBag from /Users/olgastash/neoflex_env_airflow/lib/python3.10/site-packages/airflow/example_dags/example_branch_operator_decorator.py
[2023-07-30T21:27:24.638+0300] {processor.py:836} INFO - DAG(s) dict_keys(['example_branch_python_operator_decorator']) retrieved from /Users/olgastash/neoflex_env_airflow/lib/python3.10/site-packages/airflow/example_dags/example_branch_operator_decorator.py
[2023-07-30T21:27:25.645+0300] {logging_mixin.py:150} INFO - [2023-07-30T21:27:25.645+0300] {dag.py:2742} INFO - Sync 1 DAGs
[2023-07-30T21:27:25.667+0300] {logging_mixin.py:150} INFO - [2023-07-30T21:27:25.666+0300] {dag.py:3504} INFO - Setting next_dagrun for example_branch_python_operator_decorator to 2023-07-29T00:00:00+00:00, run_after=2023-07-30T00:00:00+00:00
[2023-07-30T21:27:25.688+0300] {processor.py:179} INFO - Processing /Users/olgastash/neoflex_env_airflow/lib/python3.10/site-packages/airflow/example_dags/example_branch_operator_decorator.py took 1.114 seconds
[2023-07-30T21:31:40.190+0300] {processor.py:157} INFO - Started process (PID=35720) to work on /Users/olgastash/neoflex_env_airflow/lib/python3.10/site-packages/airflow/example_dags/example_branch_operator_decorator.py
[2023-07-30T21:31:40.192+0300] {processor.py:826} INFO - Processing file /Users/olgastash/neoflex_env_airflow/lib/python3.10/site-packages/airflow/example_dags/example_branch_operator_decorator.py for tasks to queue
[2023-07-30T21:31:40.192+0300] {logging_mixin.py:150} INFO - [2023-07-30T21:31:40.192+0300] {dagbag.py:541} INFO - Filling up the DagBag from /Users/olgastash/neoflex_env_airflow/lib/python3.10/site-packages/airflow/example_dags/example_branch_operator_decorator.py
[2023-07-30T21:31:40.252+0300] {processor.py:836} INFO - DAG(s) dict_keys(['example_branch_python_operator_decorator']) retrieved from /Users/olgastash/neoflex_env_airflow/lib/python3.10/site-packages/airflow/example_dags/example_branch_operator_decorator.py
[2023-07-30T21:31:41.211+0300] {logging_mixin.py:150} INFO - [2023-07-30T21:31:41.211+0300] {dag.py:2742} INFO - Sync 1 DAGs
[2023-07-30T21:31:41.230+0300] {logging_mixin.py:150} INFO - [2023-07-30T21:31:41.230+0300] {dag.py:3504} INFO - Setting next_dagrun for example_branch_python_operator_decorator to 2023-07-29T00:00:00+00:00, run_after=2023-07-30T00:00:00+00:00
[2023-07-30T21:31:41.251+0300] {processor.py:179} INFO - Processing /Users/olgastash/neoflex_env_airflow/lib/python3.10/site-packages/airflow/example_dags/example_branch_operator_decorator.py took 1.061 seconds
[2023-07-30T21:35:58.172+0300] {processor.py:157} INFO - Started process (PID=35919) to work on /Users/olgastash/neoflex_env_airflow/lib/python3.10/site-packages/airflow/example_dags/example_branch_operator_decorator.py
[2023-07-30T21:35:58.173+0300] {processor.py:826} INFO - Processing file /Users/olgastash/neoflex_env_airflow/lib/python3.10/site-packages/airflow/example_dags/example_branch_operator_decorator.py for tasks to queue
[2023-07-30T21:35:58.173+0300] {logging_mixin.py:150} INFO - [2023-07-30T21:35:58.173+0300] {dagbag.py:541} INFO - Filling up the DagBag from /Users/olgastash/neoflex_env_airflow/lib/python3.10/site-packages/airflow/example_dags/example_branch_operator_decorator.py
[2023-07-30T21:35:58.236+0300] {processor.py:836} INFO - DAG(s) dict_keys(['example_branch_python_operator_decorator']) retrieved from /Users/olgastash/neoflex_env_airflow/lib/python3.10/site-packages/airflow/example_dags/example_branch_operator_decorator.py
[2023-07-30T21:35:59.218+0300] {logging_mixin.py:150} INFO - [2023-07-30T21:35:59.217+0300] {dag.py:2742} INFO - Sync 1 DAGs
[2023-07-30T21:35:59.238+0300] {logging_mixin.py:150} INFO - [2023-07-30T21:35:59.238+0300] {dag.py:3504} INFO - Setting next_dagrun for example_branch_python_operator_decorator to 2023-07-29T00:00:00+00:00, run_after=2023-07-30T00:00:00+00:00
[2023-07-30T21:35:59.260+0300] {processor.py:179} INFO - Processing /Users/olgastash/neoflex_env_airflow/lib/python3.10/site-packages/airflow/example_dags/example_branch_operator_decorator.py took 1.089 seconds
[2023-07-30T21:40:18.209+0300] {processor.py:157} INFO - Started process (PID=36143) to work on /Users/olgastash/neoflex_env_airflow/lib/python3.10/site-packages/airflow/example_dags/example_branch_operator_decorator.py
[2023-07-30T21:40:18.211+0300] {processor.py:826} INFO - Processing file /Users/olgastash/neoflex_env_airflow/lib/python3.10/site-packages/airflow/example_dags/example_branch_operator_decorator.py for tasks to queue
[2023-07-30T21:40:18.211+0300] {logging_mixin.py:150} INFO - [2023-07-30T21:40:18.211+0300] {dagbag.py:541} INFO - Filling up the DagBag from /Users/olgastash/neoflex_env_airflow/lib/python3.10/site-packages/airflow/example_dags/example_branch_operator_decorator.py
[2023-07-30T21:40:18.272+0300] {processor.py:836} INFO - DAG(s) dict_keys(['example_branch_python_operator_decorator']) retrieved from /Users/olgastash/neoflex_env_airflow/lib/python3.10/site-packages/airflow/example_dags/example_branch_operator_decorator.py
[2023-07-30T21:40:19.241+0300] {logging_mixin.py:150} INFO - [2023-07-30T21:40:19.240+0300] {dag.py:2742} INFO - Sync 1 DAGs
[2023-07-30T21:40:19.260+0300] {logging_mixin.py:150} INFO - [2023-07-30T21:40:19.260+0300] {dag.py:3504} INFO - Setting next_dagrun for example_branch_python_operator_decorator to 2023-07-29T00:00:00+00:00, run_after=2023-07-30T00:00:00+00:00
[2023-07-30T21:40:19.280+0300] {processor.py:179} INFO - Processing /Users/olgastash/neoflex_env_airflow/lib/python3.10/site-packages/airflow/example_dags/example_branch_operator_decorator.py took 1.071 seconds
[2023-07-30T21:44:37.893+0300] {processor.py:157} INFO - Started process (PID=36344) to work on /Users/olgastash/neoflex_env_airflow/lib/python3.10/site-packages/airflow/example_dags/example_branch_operator_decorator.py
[2023-07-30T21:44:37.894+0300] {processor.py:826} INFO - Processing file /Users/olgastash/neoflex_env_airflow/lib/python3.10/site-packages/airflow/example_dags/example_branch_operator_decorator.py for tasks to queue
[2023-07-30T21:44:37.895+0300] {logging_mixin.py:150} INFO - [2023-07-30T21:44:37.894+0300] {dagbag.py:541} INFO - Filling up the DagBag from /Users/olgastash/neoflex_env_airflow/lib/python3.10/site-packages/airflow/example_dags/example_branch_operator_decorator.py
[2023-07-30T21:44:37.956+0300] {processor.py:836} INFO - DAG(s) dict_keys(['example_branch_python_operator_decorator']) retrieved from /Users/olgastash/neoflex_env_airflow/lib/python3.10/site-packages/airflow/example_dags/example_branch_operator_decorator.py
[2023-07-30T21:44:38.862+0300] {logging_mixin.py:150} INFO - [2023-07-30T21:44:38.861+0300] {dag.py:2742} INFO - Sync 1 DAGs
[2023-07-30T21:44:38.884+0300] {logging_mixin.py:150} INFO - [2023-07-30T21:44:38.884+0300] {dag.py:3504} INFO - Setting next_dagrun for example_branch_python_operator_decorator to 2023-07-29T00:00:00+00:00, run_after=2023-07-30T00:00:00+00:00
[2023-07-30T21:44:38.903+0300] {processor.py:179} INFO - Processing /Users/olgastash/neoflex_env_airflow/lib/python3.10/site-packages/airflow/example_dags/example_branch_operator_decorator.py took 1.011 seconds
[2023-07-30T21:48:57.725+0300] {processor.py:157} INFO - Started process (PID=36514) to work on /Users/olgastash/neoflex_env_airflow/lib/python3.10/site-packages/airflow/example_dags/example_branch_operator_decorator.py
[2023-07-30T21:48:57.727+0300] {processor.py:826} INFO - Processing file /Users/olgastash/neoflex_env_airflow/lib/python3.10/site-packages/airflow/example_dags/example_branch_operator_decorator.py for tasks to queue
[2023-07-30T21:48:57.727+0300] {logging_mixin.py:150} INFO - [2023-07-30T21:48:57.727+0300] {dagbag.py:541} INFO - Filling up the DagBag from /Users/olgastash/neoflex_env_airflow/lib/python3.10/site-packages/airflow/example_dags/example_branch_operator_decorator.py
[2023-07-30T21:48:57.788+0300] {processor.py:836} INFO - DAG(s) dict_keys(['example_branch_python_operator_decorator']) retrieved from /Users/olgastash/neoflex_env_airflow/lib/python3.10/site-packages/airflow/example_dags/example_branch_operator_decorator.py
[2023-07-30T21:48:58.810+0300] {logging_mixin.py:150} INFO - [2023-07-30T21:48:58.810+0300] {dag.py:2742} INFO - Sync 1 DAGs
[2023-07-30T21:48:58.830+0300] {logging_mixin.py:150} INFO - [2023-07-30T21:48:58.830+0300] {dag.py:3504} INFO - Setting next_dagrun for example_branch_python_operator_decorator to 2023-07-29T00:00:00+00:00, run_after=2023-07-30T00:00:00+00:00
[2023-07-30T21:48:58.851+0300] {processor.py:179} INFO - Processing /Users/olgastash/neoflex_env_airflow/lib/python3.10/site-packages/airflow/example_dags/example_branch_operator_decorator.py took 1.126 seconds
[2023-07-30T21:53:16.360+0300] {processor.py:157} INFO - Started process (PID=36713) to work on /Users/olgastash/neoflex_env_airflow/lib/python3.10/site-packages/airflow/example_dags/example_branch_operator_decorator.py
[2023-07-30T21:53:16.361+0300] {processor.py:826} INFO - Processing file /Users/olgastash/neoflex_env_airflow/lib/python3.10/site-packages/airflow/example_dags/example_branch_operator_decorator.py for tasks to queue
[2023-07-30T21:53:16.361+0300] {logging_mixin.py:150} INFO - [2023-07-30T21:53:16.361+0300] {dagbag.py:541} INFO - Filling up the DagBag from /Users/olgastash/neoflex_env_airflow/lib/python3.10/site-packages/airflow/example_dags/example_branch_operator_decorator.py
[2023-07-30T21:53:16.425+0300] {processor.py:836} INFO - DAG(s) dict_keys(['example_branch_python_operator_decorator']) retrieved from /Users/olgastash/neoflex_env_airflow/lib/python3.10/site-packages/airflow/example_dags/example_branch_operator_decorator.py
[2023-07-30T21:53:17.434+0300] {logging_mixin.py:150} INFO - [2023-07-30T21:53:17.434+0300] {dag.py:2742} INFO - Sync 1 DAGs
[2023-07-30T21:53:17.460+0300] {logging_mixin.py:150} INFO - [2023-07-30T21:53:17.459+0300] {dag.py:3504} INFO - Setting next_dagrun for example_branch_python_operator_decorator to 2023-07-29T00:00:00+00:00, run_after=2023-07-30T00:00:00+00:00
[2023-07-30T21:53:17.480+0300] {processor.py:179} INFO - Processing /Users/olgastash/neoflex_env_airflow/lib/python3.10/site-packages/airflow/example_dags/example_branch_operator_decorator.py took 1.121 seconds
[2023-07-30T21:57:40.243+0300] {processor.py:157} INFO - Started process (PID=36935) to work on /Users/olgastash/neoflex_env_airflow/lib/python3.10/site-packages/airflow/example_dags/example_branch_operator_decorator.py
[2023-07-30T21:57:40.244+0300] {processor.py:826} INFO - Processing file /Users/olgastash/neoflex_env_airflow/lib/python3.10/site-packages/airflow/example_dags/example_branch_operator_decorator.py for tasks to queue
[2023-07-30T21:57:40.244+0300] {logging_mixin.py:150} INFO - [2023-07-30T21:57:40.244+0300] {dagbag.py:541} INFO - Filling up the DagBag from /Users/olgastash/neoflex_env_airflow/lib/python3.10/site-packages/airflow/example_dags/example_branch_operator_decorator.py
[2023-07-30T21:57:40.305+0300] {processor.py:836} INFO - DAG(s) dict_keys(['example_branch_python_operator_decorator']) retrieved from /Users/olgastash/neoflex_env_airflow/lib/python3.10/site-packages/airflow/example_dags/example_branch_operator_decorator.py
[2023-07-30T21:57:41.296+0300] {logging_mixin.py:150} INFO - [2023-07-30T21:57:41.296+0300] {dag.py:2742} INFO - Sync 1 DAGs
[2023-07-30T21:57:41.316+0300] {logging_mixin.py:150} INFO - [2023-07-30T21:57:41.316+0300] {dag.py:3504} INFO - Setting next_dagrun for example_branch_python_operator_decorator to 2023-07-29T00:00:00+00:00, run_after=2023-07-30T00:00:00+00:00
[2023-07-30T21:57:41.338+0300] {processor.py:179} INFO - Processing /Users/olgastash/neoflex_env_airflow/lib/python3.10/site-packages/airflow/example_dags/example_branch_operator_decorator.py took 1.096 seconds
[2023-07-30T22:02:05.534+0300] {processor.py:157} INFO - Started process (PID=37129) to work on /Users/olgastash/neoflex_env_airflow/lib/python3.10/site-packages/airflow/example_dags/example_branch_operator_decorator.py
[2023-07-30T22:02:05.535+0300] {processor.py:826} INFO - Processing file /Users/olgastash/neoflex_env_airflow/lib/python3.10/site-packages/airflow/example_dags/example_branch_operator_decorator.py for tasks to queue
[2023-07-30T22:02:05.536+0300] {logging_mixin.py:150} INFO - [2023-07-30T22:02:05.536+0300] {dagbag.py:541} INFO - Filling up the DagBag from /Users/olgastash/neoflex_env_airflow/lib/python3.10/site-packages/airflow/example_dags/example_branch_operator_decorator.py
[2023-07-30T22:02:05.599+0300] {processor.py:836} INFO - DAG(s) dict_keys(['example_branch_python_operator_decorator']) retrieved from /Users/olgastash/neoflex_env_airflow/lib/python3.10/site-packages/airflow/example_dags/example_branch_operator_decorator.py
[2023-07-30T22:02:06.612+0300] {logging_mixin.py:150} INFO - [2023-07-30T22:02:06.611+0300] {dag.py:2742} INFO - Sync 1 DAGs
[2023-07-30T22:02:06.632+0300] {logging_mixin.py:150} INFO - [2023-07-30T22:02:06.632+0300] {dag.py:3504} INFO - Setting next_dagrun for example_branch_python_operator_decorator to 2023-07-29T00:00:00+00:00, run_after=2023-07-30T00:00:00+00:00
[2023-07-30T22:02:06.654+0300] {processor.py:179} INFO - Processing /Users/olgastash/neoflex_env_airflow/lib/python3.10/site-packages/airflow/example_dags/example_branch_operator_decorator.py took 1.121 seconds
[2023-07-30T22:06:34.220+0300] {processor.py:157} INFO - Started process (PID=37345) to work on /Users/olgastash/neoflex_env_airflow/lib/python3.10/site-packages/airflow/example_dags/example_branch_operator_decorator.py
[2023-07-30T22:06:34.221+0300] {processor.py:826} INFO - Processing file /Users/olgastash/neoflex_env_airflow/lib/python3.10/site-packages/airflow/example_dags/example_branch_operator_decorator.py for tasks to queue
[2023-07-30T22:06:34.221+0300] {logging_mixin.py:150} INFO - [2023-07-30T22:06:34.221+0300] {dagbag.py:541} INFO - Filling up the DagBag from /Users/olgastash/neoflex_env_airflow/lib/python3.10/site-packages/airflow/example_dags/example_branch_operator_decorator.py
[2023-07-30T22:06:34.281+0300] {processor.py:836} INFO - DAG(s) dict_keys(['example_branch_python_operator_decorator']) retrieved from /Users/olgastash/neoflex_env_airflow/lib/python3.10/site-packages/airflow/example_dags/example_branch_operator_decorator.py
[2023-07-30T22:06:35.267+0300] {logging_mixin.py:150} INFO - [2023-07-30T22:06:35.267+0300] {dag.py:2742} INFO - Sync 1 DAGs
[2023-07-30T22:06:35.287+0300] {logging_mixin.py:150} INFO - [2023-07-30T22:06:35.287+0300] {dag.py:3504} INFO - Setting next_dagrun for example_branch_python_operator_decorator to 2023-07-29T00:00:00+00:00, run_after=2023-07-30T00:00:00+00:00
[2023-07-30T22:06:35.308+0300] {processor.py:179} INFO - Processing /Users/olgastash/neoflex_env_airflow/lib/python3.10/site-packages/airflow/example_dags/example_branch_operator_decorator.py took 1.089 seconds
[2023-07-30T22:11:02.310+0300] {processor.py:157} INFO - Started process (PID=37541) to work on /Users/olgastash/neoflex_env_airflow/lib/python3.10/site-packages/airflow/example_dags/example_branch_operator_decorator.py
[2023-07-30T22:11:02.311+0300] {processor.py:826} INFO - Processing file /Users/olgastash/neoflex_env_airflow/lib/python3.10/site-packages/airflow/example_dags/example_branch_operator_decorator.py for tasks to queue
[2023-07-30T22:11:02.312+0300] {logging_mixin.py:150} INFO - [2023-07-30T22:11:02.312+0300] {dagbag.py:541} INFO - Filling up the DagBag from /Users/olgastash/neoflex_env_airflow/lib/python3.10/site-packages/airflow/example_dags/example_branch_operator_decorator.py
[2023-07-30T22:11:02.374+0300] {processor.py:836} INFO - DAG(s) dict_keys(['example_branch_python_operator_decorator']) retrieved from /Users/olgastash/neoflex_env_airflow/lib/python3.10/site-packages/airflow/example_dags/example_branch_operator_decorator.py
[2023-07-30T22:11:03.366+0300] {logging_mixin.py:150} INFO - [2023-07-30T22:11:03.365+0300] {dag.py:2742} INFO - Sync 1 DAGs
[2023-07-30T22:11:03.386+0300] {logging_mixin.py:150} INFO - [2023-07-30T22:11:03.385+0300] {dag.py:3504} INFO - Setting next_dagrun for example_branch_python_operator_decorator to 2023-07-29T00:00:00+00:00, run_after=2023-07-30T00:00:00+00:00
[2023-07-30T22:11:03.407+0300] {processor.py:179} INFO - Processing /Users/olgastash/neoflex_env_airflow/lib/python3.10/site-packages/airflow/example_dags/example_branch_operator_decorator.py took 1.098 seconds
[2023-07-30T22:15:32.205+0300] {processor.py:157} INFO - Started process (PID=37764) to work on /Users/olgastash/neoflex_env_airflow/lib/python3.10/site-packages/airflow/example_dags/example_branch_operator_decorator.py
[2023-07-30T22:15:32.206+0300] {processor.py:826} INFO - Processing file /Users/olgastash/neoflex_env_airflow/lib/python3.10/site-packages/airflow/example_dags/example_branch_operator_decorator.py for tasks to queue
[2023-07-30T22:15:32.206+0300] {logging_mixin.py:150} INFO - [2023-07-30T22:15:32.206+0300] {dagbag.py:541} INFO - Filling up the DagBag from /Users/olgastash/neoflex_env_airflow/lib/python3.10/site-packages/airflow/example_dags/example_branch_operator_decorator.py
[2023-07-30T22:15:32.268+0300] {processor.py:836} INFO - DAG(s) dict_keys(['example_branch_python_operator_decorator']) retrieved from /Users/olgastash/neoflex_env_airflow/lib/python3.10/site-packages/airflow/example_dags/example_branch_operator_decorator.py
[2023-07-30T22:15:33.254+0300] {logging_mixin.py:150} INFO - [2023-07-30T22:15:33.253+0300] {dag.py:2742} INFO - Sync 1 DAGs
[2023-07-30T22:15:33.273+0300] {logging_mixin.py:150} INFO - [2023-07-30T22:15:33.273+0300] {dag.py:3504} INFO - Setting next_dagrun for example_branch_python_operator_decorator to 2023-07-29T00:00:00+00:00, run_after=2023-07-30T00:00:00+00:00
[2023-07-30T22:15:33.295+0300] {processor.py:179} INFO - Processing /Users/olgastash/neoflex_env_airflow/lib/python3.10/site-packages/airflow/example_dags/example_branch_operator_decorator.py took 1.091 seconds
[2023-07-30T22:20:01.179+0300] {processor.py:157} INFO - Started process (PID=38002) to work on /Users/olgastash/neoflex_env_airflow/lib/python3.10/site-packages/airflow/example_dags/example_branch_operator_decorator.py
[2023-07-30T22:20:01.180+0300] {processor.py:826} INFO - Processing file /Users/olgastash/neoflex_env_airflow/lib/python3.10/site-packages/airflow/example_dags/example_branch_operator_decorator.py for tasks to queue
[2023-07-30T22:20:01.181+0300] {logging_mixin.py:150} INFO - [2023-07-30T22:20:01.180+0300] {dagbag.py:541} INFO - Filling up the DagBag from /Users/olgastash/neoflex_env_airflow/lib/python3.10/site-packages/airflow/example_dags/example_branch_operator_decorator.py
[2023-07-30T22:20:01.241+0300] {processor.py:836} INFO - DAG(s) dict_keys(['example_branch_python_operator_decorator']) retrieved from /Users/olgastash/neoflex_env_airflow/lib/python3.10/site-packages/airflow/example_dags/example_branch_operator_decorator.py
[2023-07-30T22:20:02.237+0300] {logging_mixin.py:150} INFO - [2023-07-30T22:20:02.236+0300] {dag.py:2742} INFO - Sync 1 DAGs
[2023-07-30T22:20:02.256+0300] {logging_mixin.py:150} INFO - [2023-07-30T22:20:02.256+0300] {dag.py:3504} INFO - Setting next_dagrun for example_branch_python_operator_decorator to 2023-07-29T00:00:00+00:00, run_after=2023-07-30T00:00:00+00:00
[2023-07-30T22:20:02.278+0300] {processor.py:179} INFO - Processing /Users/olgastash/neoflex_env_airflow/lib/python3.10/site-packages/airflow/example_dags/example_branch_operator_decorator.py took 1.099 seconds
[2023-07-30T22:24:29.573+0300] {processor.py:157} INFO - Started process (PID=38252) to work on /Users/olgastash/neoflex_env_airflow/lib/python3.10/site-packages/airflow/example_dags/example_branch_operator_decorator.py
[2023-07-30T22:24:29.574+0300] {processor.py:826} INFO - Processing file /Users/olgastash/neoflex_env_airflow/lib/python3.10/site-packages/airflow/example_dags/example_branch_operator_decorator.py for tasks to queue
[2023-07-30T22:24:29.575+0300] {logging_mixin.py:150} INFO - [2023-07-30T22:24:29.574+0300] {dagbag.py:541} INFO - Filling up the DagBag from /Users/olgastash/neoflex_env_airflow/lib/python3.10/site-packages/airflow/example_dags/example_branch_operator_decorator.py
[2023-07-30T22:24:29.635+0300] {processor.py:836} INFO - DAG(s) dict_keys(['example_branch_python_operator_decorator']) retrieved from /Users/olgastash/neoflex_env_airflow/lib/python3.10/site-packages/airflow/example_dags/example_branch_operator_decorator.py
[2023-07-30T22:24:30.530+0300] {logging_mixin.py:150} INFO - [2023-07-30T22:24:30.530+0300] {dag.py:2742} INFO - Sync 1 DAGs
[2023-07-30T22:24:30.552+0300] {logging_mixin.py:150} INFO - [2023-07-30T22:24:30.551+0300] {dag.py:3504} INFO - Setting next_dagrun for example_branch_python_operator_decorator to 2023-07-29T00:00:00+00:00, run_after=2023-07-30T00:00:00+00:00
[2023-07-30T22:24:30.571+0300] {processor.py:179} INFO - Processing /Users/olgastash/neoflex_env_airflow/lib/python3.10/site-packages/airflow/example_dags/example_branch_operator_decorator.py took 0.999 seconds
[2023-07-30T22:29:01.544+0300] {processor.py:157} INFO - Started process (PID=38515) to work on /Users/olgastash/neoflex_env_airflow/lib/python3.10/site-packages/airflow/example_dags/example_branch_operator_decorator.py
[2023-07-30T22:29:01.545+0300] {processor.py:826} INFO - Processing file /Users/olgastash/neoflex_env_airflow/lib/python3.10/site-packages/airflow/example_dags/example_branch_operator_decorator.py for tasks to queue
[2023-07-30T22:29:01.545+0300] {logging_mixin.py:150} INFO - [2023-07-30T22:29:01.545+0300] {dagbag.py:541} INFO - Filling up the DagBag from /Users/olgastash/neoflex_env_airflow/lib/python3.10/site-packages/airflow/example_dags/example_branch_operator_decorator.py
[2023-07-30T22:29:01.609+0300] {processor.py:836} INFO - DAG(s) dict_keys(['example_branch_python_operator_decorator']) retrieved from /Users/olgastash/neoflex_env_airflow/lib/python3.10/site-packages/airflow/example_dags/example_branch_operator_decorator.py
[2023-07-30T22:29:02.611+0300] {logging_mixin.py:150} INFO - [2023-07-30T22:29:02.611+0300] {dag.py:2742} INFO - Sync 1 DAGs
[2023-07-30T22:29:02.634+0300] {logging_mixin.py:150} INFO - [2023-07-30T22:29:02.634+0300] {dag.py:3504} INFO - Setting next_dagrun for example_branch_python_operator_decorator to 2023-07-29T00:00:00+00:00, run_after=2023-07-30T00:00:00+00:00
[2023-07-30T22:29:02.657+0300] {processor.py:179} INFO - Processing /Users/olgastash/neoflex_env_airflow/lib/python3.10/site-packages/airflow/example_dags/example_branch_operator_decorator.py took 1.114 seconds
[2023-07-30T22:33:28.748+0300] {processor.py:157} INFO - Started process (PID=38706) to work on /Users/olgastash/neoflex_env_airflow/lib/python3.10/site-packages/airflow/example_dags/example_branch_operator_decorator.py
[2023-07-30T22:33:28.749+0300] {processor.py:826} INFO - Processing file /Users/olgastash/neoflex_env_airflow/lib/python3.10/site-packages/airflow/example_dags/example_branch_operator_decorator.py for tasks to queue
[2023-07-30T22:33:28.749+0300] {logging_mixin.py:150} INFO - [2023-07-30T22:33:28.749+0300] {dagbag.py:541} INFO - Filling up the DagBag from /Users/olgastash/neoflex_env_airflow/lib/python3.10/site-packages/airflow/example_dags/example_branch_operator_decorator.py
[2023-07-30T22:33:28.810+0300] {processor.py:836} INFO - DAG(s) dict_keys(['example_branch_python_operator_decorator']) retrieved from /Users/olgastash/neoflex_env_airflow/lib/python3.10/site-packages/airflow/example_dags/example_branch_operator_decorator.py
[2023-07-30T22:33:29.806+0300] {logging_mixin.py:150} INFO - [2023-07-30T22:33:29.806+0300] {dag.py:2742} INFO - Sync 1 DAGs
[2023-07-30T22:33:29.827+0300] {logging_mixin.py:150} INFO - [2023-07-30T22:33:29.826+0300] {dag.py:3504} INFO - Setting next_dagrun for example_branch_python_operator_decorator to 2023-07-29T00:00:00+00:00, run_after=2023-07-30T00:00:00+00:00
[2023-07-30T22:33:29.848+0300] {processor.py:179} INFO - Processing /Users/olgastash/neoflex_env_airflow/lib/python3.10/site-packages/airflow/example_dags/example_branch_operator_decorator.py took 1.101 seconds
[2023-07-30T22:37:55.858+0300] {processor.py:157} INFO - Started process (PID=38931) to work on /Users/olgastash/neoflex_env_airflow/lib/python3.10/site-packages/airflow/example_dags/example_branch_operator_decorator.py
[2023-07-30T22:37:55.859+0300] {processor.py:826} INFO - Processing file /Users/olgastash/neoflex_env_airflow/lib/python3.10/site-packages/airflow/example_dags/example_branch_operator_decorator.py for tasks to queue
[2023-07-30T22:37:55.859+0300] {logging_mixin.py:150} INFO - [2023-07-30T22:37:55.859+0300] {dagbag.py:541} INFO - Filling up the DagBag from /Users/olgastash/neoflex_env_airflow/lib/python3.10/site-packages/airflow/example_dags/example_branch_operator_decorator.py
[2023-07-30T22:37:55.924+0300] {processor.py:836} INFO - DAG(s) dict_keys(['example_branch_python_operator_decorator']) retrieved from /Users/olgastash/neoflex_env_airflow/lib/python3.10/site-packages/airflow/example_dags/example_branch_operator_decorator.py
[2023-07-30T22:37:56.958+0300] {logging_mixin.py:150} INFO - [2023-07-30T22:37:56.958+0300] {dag.py:2742} INFO - Sync 1 DAGs
[2023-07-30T22:37:56.978+0300] {logging_mixin.py:150} INFO - [2023-07-30T22:37:56.978+0300] {dag.py:3504} INFO - Setting next_dagrun for example_branch_python_operator_decorator to 2023-07-29T00:00:00+00:00, run_after=2023-07-30T00:00:00+00:00
[2023-07-30T22:37:56.999+0300] {processor.py:179} INFO - Processing /Users/olgastash/neoflex_env_airflow/lib/python3.10/site-packages/airflow/example_dags/example_branch_operator_decorator.py took 1.142 seconds
[2023-07-30T22:42:22.673+0300] {processor.py:157} INFO - Started process (PID=39161) to work on /Users/olgastash/neoflex_env_airflow/lib/python3.10/site-packages/airflow/example_dags/example_branch_operator_decorator.py
[2023-07-30T22:42:22.674+0300] {processor.py:826} INFO - Processing file /Users/olgastash/neoflex_env_airflow/lib/python3.10/site-packages/airflow/example_dags/example_branch_operator_decorator.py for tasks to queue
[2023-07-30T22:42:22.675+0300] {logging_mixin.py:150} INFO - [2023-07-30T22:42:22.675+0300] {dagbag.py:541} INFO - Filling up the DagBag from /Users/olgastash/neoflex_env_airflow/lib/python3.10/site-packages/airflow/example_dags/example_branch_operator_decorator.py
[2023-07-30T22:42:22.740+0300] {processor.py:836} INFO - DAG(s) dict_keys(['example_branch_python_operator_decorator']) retrieved from /Users/olgastash/neoflex_env_airflow/lib/python3.10/site-packages/airflow/example_dags/example_branch_operator_decorator.py
[2023-07-30T22:42:23.752+0300] {logging_mixin.py:150} INFO - [2023-07-30T22:42:23.752+0300] {dag.py:2742} INFO - Sync 1 DAGs
[2023-07-30T22:42:23.772+0300] {logging_mixin.py:150} INFO - [2023-07-30T22:42:23.772+0300] {dag.py:3504} INFO - Setting next_dagrun for example_branch_python_operator_decorator to 2023-07-29T00:00:00+00:00, run_after=2023-07-30T00:00:00+00:00
[2023-07-30T22:42:23.794+0300] {processor.py:179} INFO - Processing /Users/olgastash/neoflex_env_airflow/lib/python3.10/site-packages/airflow/example_dags/example_branch_operator_decorator.py took 1.121 seconds
[2023-07-30T22:46:49.098+0300] {processor.py:157} INFO - Started process (PID=39372) to work on /Users/olgastash/neoflex_env_airflow/lib/python3.10/site-packages/airflow/example_dags/example_branch_operator_decorator.py
[2023-07-30T22:46:49.099+0300] {processor.py:826} INFO - Processing file /Users/olgastash/neoflex_env_airflow/lib/python3.10/site-packages/airflow/example_dags/example_branch_operator_decorator.py for tasks to queue
[2023-07-30T22:46:49.100+0300] {logging_mixin.py:150} INFO - [2023-07-30T22:46:49.100+0300] {dagbag.py:541} INFO - Filling up the DagBag from /Users/olgastash/neoflex_env_airflow/lib/python3.10/site-packages/airflow/example_dags/example_branch_operator_decorator.py
[2023-07-30T22:46:49.160+0300] {processor.py:836} INFO - DAG(s) dict_keys(['example_branch_python_operator_decorator']) retrieved from /Users/olgastash/neoflex_env_airflow/lib/python3.10/site-packages/airflow/example_dags/example_branch_operator_decorator.py
[2023-07-30T22:46:50.145+0300] {logging_mixin.py:150} INFO - [2023-07-30T22:46:50.145+0300] {dag.py:2742} INFO - Sync 1 DAGs
[2023-07-30T22:46:50.165+0300] {logging_mixin.py:150} INFO - [2023-07-30T22:46:50.165+0300] {dag.py:3504} INFO - Setting next_dagrun for example_branch_python_operator_decorator to 2023-07-29T00:00:00+00:00, run_after=2023-07-30T00:00:00+00:00
[2023-07-30T22:46:50.186+0300] {processor.py:179} INFO - Processing /Users/olgastash/neoflex_env_airflow/lib/python3.10/site-packages/airflow/example_dags/example_branch_operator_decorator.py took 1.088 seconds
[2023-07-30T22:51:16.685+0300] {processor.py:157} INFO - Started process (PID=39611) to work on /Users/olgastash/neoflex_env_airflow/lib/python3.10/site-packages/airflow/example_dags/example_branch_operator_decorator.py
[2023-07-30T22:51:16.686+0300] {processor.py:826} INFO - Processing file /Users/olgastash/neoflex_env_airflow/lib/python3.10/site-packages/airflow/example_dags/example_branch_operator_decorator.py for tasks to queue
[2023-07-30T22:51:16.687+0300] {logging_mixin.py:150} INFO - [2023-07-30T22:51:16.687+0300] {dagbag.py:541} INFO - Filling up the DagBag from /Users/olgastash/neoflex_env_airflow/lib/python3.10/site-packages/airflow/example_dags/example_branch_operator_decorator.py
[2023-07-30T22:51:16.750+0300] {processor.py:836} INFO - DAG(s) dict_keys(['example_branch_python_operator_decorator']) retrieved from /Users/olgastash/neoflex_env_airflow/lib/python3.10/site-packages/airflow/example_dags/example_branch_operator_decorator.py
[2023-07-30T22:51:17.786+0300] {logging_mixin.py:150} INFO - [2023-07-30T22:51:17.786+0300] {dag.py:2742} INFO - Sync 1 DAGs
[2023-07-30T22:51:17.807+0300] {logging_mixin.py:150} INFO - [2023-07-30T22:51:17.807+0300] {dag.py:3504} INFO - Setting next_dagrun for example_branch_python_operator_decorator to 2023-07-29T00:00:00+00:00, run_after=2023-07-30T00:00:00+00:00
[2023-07-30T22:51:17.828+0300] {processor.py:179} INFO - Processing /Users/olgastash/neoflex_env_airflow/lib/python3.10/site-packages/airflow/example_dags/example_branch_operator_decorator.py took 1.144 seconds
[2023-07-30T22:55:47.960+0300] {processor.py:157} INFO - Started process (PID=39851) to work on /Users/olgastash/neoflex_env_airflow/lib/python3.10/site-packages/airflow/example_dags/example_branch_operator_decorator.py
[2023-07-30T22:55:47.961+0300] {processor.py:826} INFO - Processing file /Users/olgastash/neoflex_env_airflow/lib/python3.10/site-packages/airflow/example_dags/example_branch_operator_decorator.py for tasks to queue
[2023-07-30T22:55:47.962+0300] {logging_mixin.py:150} INFO - [2023-07-30T22:55:47.961+0300] {dagbag.py:541} INFO - Filling up the DagBag from /Users/olgastash/neoflex_env_airflow/lib/python3.10/site-packages/airflow/example_dags/example_branch_operator_decorator.py
[2023-07-30T22:55:48.025+0300] {processor.py:836} INFO - DAG(s) dict_keys(['example_branch_python_operator_decorator']) retrieved from /Users/olgastash/neoflex_env_airflow/lib/python3.10/site-packages/airflow/example_dags/example_branch_operator_decorator.py
[2023-07-30T22:55:49.037+0300] {logging_mixin.py:150} INFO - [2023-07-30T22:55:49.037+0300] {dag.py:2742} INFO - Sync 1 DAGs
[2023-07-30T22:55:49.058+0300] {logging_mixin.py:150} INFO - [2023-07-30T22:55:49.057+0300] {dag.py:3504} INFO - Setting next_dagrun for example_branch_python_operator_decorator to 2023-07-29T00:00:00+00:00, run_after=2023-07-30T00:00:00+00:00
[2023-07-30T22:55:49.079+0300] {processor.py:179} INFO - Processing /Users/olgastash/neoflex_env_airflow/lib/python3.10/site-packages/airflow/example_dags/example_branch_operator_decorator.py took 1.119 seconds
[2023-07-30T23:00:20.684+0300] {processor.py:157} INFO - Started process (PID=40091) to work on /Users/olgastash/neoflex_env_airflow/lib/python3.10/site-packages/airflow/example_dags/example_branch_operator_decorator.py
[2023-07-30T23:00:20.685+0300] {processor.py:826} INFO - Processing file /Users/olgastash/neoflex_env_airflow/lib/python3.10/site-packages/airflow/example_dags/example_branch_operator_decorator.py for tasks to queue
[2023-07-30T23:00:20.686+0300] {logging_mixin.py:150} INFO - [2023-07-30T23:00:20.686+0300] {dagbag.py:541} INFO - Filling up the DagBag from /Users/olgastash/neoflex_env_airflow/lib/python3.10/site-packages/airflow/example_dags/example_branch_operator_decorator.py
[2023-07-30T23:00:20.751+0300] {processor.py:836} INFO - DAG(s) dict_keys(['example_branch_python_operator_decorator']) retrieved from /Users/olgastash/neoflex_env_airflow/lib/python3.10/site-packages/airflow/example_dags/example_branch_operator_decorator.py
[2023-07-30T23:00:21.762+0300] {logging_mixin.py:150} INFO - [2023-07-30T23:00:21.762+0300] {dag.py:2742} INFO - Sync 1 DAGs
[2023-07-30T23:00:21.782+0300] {logging_mixin.py:150} INFO - [2023-07-30T23:00:21.782+0300] {dag.py:3504} INFO - Setting next_dagrun for example_branch_python_operator_decorator to 2023-07-29T00:00:00+00:00, run_after=2023-07-30T00:00:00+00:00
[2023-07-30T23:00:21.803+0300] {processor.py:179} INFO - Processing /Users/olgastash/neoflex_env_airflow/lib/python3.10/site-packages/airflow/example_dags/example_branch_operator_decorator.py took 1.120 seconds
[2023-07-30T23:04:51.415+0300] {processor.py:157} INFO - Started process (PID=40342) to work on /Users/olgastash/neoflex_env_airflow/lib/python3.10/site-packages/airflow/example_dags/example_branch_operator_decorator.py
[2023-07-30T23:04:51.416+0300] {processor.py:826} INFO - Processing file /Users/olgastash/neoflex_env_airflow/lib/python3.10/site-packages/airflow/example_dags/example_branch_operator_decorator.py for tasks to queue
[2023-07-30T23:04:51.417+0300] {logging_mixin.py:150} INFO - [2023-07-30T23:04:51.417+0300] {dagbag.py:541} INFO - Filling up the DagBag from /Users/olgastash/neoflex_env_airflow/lib/python3.10/site-packages/airflow/example_dags/example_branch_operator_decorator.py
[2023-07-30T23:04:51.478+0300] {processor.py:836} INFO - DAG(s) dict_keys(['example_branch_python_operator_decorator']) retrieved from /Users/olgastash/neoflex_env_airflow/lib/python3.10/site-packages/airflow/example_dags/example_branch_operator_decorator.py
[2023-07-30T23:04:52.371+0300] {logging_mixin.py:150} INFO - [2023-07-30T23:04:52.370+0300] {dag.py:2742} INFO - Sync 1 DAGs
[2023-07-30T23:04:52.392+0300] {logging_mixin.py:150} INFO - [2023-07-30T23:04:52.392+0300] {dag.py:3504} INFO - Setting next_dagrun for example_branch_python_operator_decorator to 2023-07-29T00:00:00+00:00, run_after=2023-07-30T00:00:00+00:00
[2023-07-30T23:04:52.411+0300] {processor.py:179} INFO - Processing /Users/olgastash/neoflex_env_airflow/lib/python3.10/site-packages/airflow/example_dags/example_branch_operator_decorator.py took 0.997 seconds
