[2023-07-30T18:30:02.207+0300] {processor.py:157} INFO - Started process (PID=29014) to work on /Users/olgastash/neoflex_env_airflow/lib/python3.10/site-packages/airflow/example_dags/example_bash_operator.py
[2023-07-30T18:30:02.208+0300] {processor.py:826} INFO - Processing file /Users/olgastash/neoflex_env_airflow/lib/python3.10/site-packages/airflow/example_dags/example_bash_operator.py for tasks to queue
[2023-07-30T18:30:02.209+0300] {logging_mixin.py:150} INFO - [2023-07-30T18:30:02.209+0300] {dagbag.py:541} INFO - Filling up the DagBag from /Users/olgastash/neoflex_env_airflow/lib/python3.10/site-packages/airflow/example_dags/example_bash_operator.py
[2023-07-30T18:30:02.284+0300] {processor.py:836} INFO - DAG(s) dict_keys(['example_bash_operator']) retrieved from /Users/olgastash/neoflex_env_airflow/lib/python3.10/site-packages/airflow/example_dags/example_bash_operator.py
[2023-07-30T18:30:03.208+0300] {logging_mixin.py:150} INFO - [2023-07-30T18:30:03.208+0300] {manager.py:504} INFO - Created Permission View: can read on DAG:example_bash_operator
[2023-07-30T18:30:03.217+0300] {logging_mixin.py:150} INFO - [2023-07-30T18:30:03.217+0300] {manager.py:504} INFO - Created Permission View: can delete on DAG:example_bash_operator
[2023-07-30T18:30:03.223+0300] {logging_mixin.py:150} INFO - [2023-07-30T18:30:03.223+0300] {manager.py:504} INFO - Created Permission View: can edit on DAG:example_bash_operator
[2023-07-30T18:30:03.235+0300] {logging_mixin.py:150} INFO - [2023-07-30T18:30:03.234+0300] {dag.py:2742} INFO - Sync 1 DAGs
[2023-07-30T18:30:03.244+0300] {logging_mixin.py:150} INFO - [2023-07-30T18:30:03.244+0300] {dag.py:2763} INFO - Creating ORM DAG for example_bash_operator
[2023-07-30T18:30:03.255+0300] {logging_mixin.py:150} INFO - [2023-07-30T18:30:03.254+0300] {dag.py:3504} INFO - Setting next_dagrun for example_bash_operator to 2023-07-29T00:00:00+00:00, run_after=2023-07-30T00:00:00+00:00
[2023-07-30T18:30:03.273+0300] {processor.py:179} INFO - Processing /Users/olgastash/neoflex_env_airflow/lib/python3.10/site-packages/airflow/example_dags/example_bash_operator.py took 1.067 seconds
[2023-07-30T18:34:00.952+0300] {processor.py:157} INFO - Started process (PID=29168) to work on /Users/olgastash/neoflex_env_airflow/lib/python3.10/site-packages/airflow/example_dags/example_bash_operator.py
[2023-07-30T18:34:00.953+0300] {processor.py:826} INFO - Processing file /Users/olgastash/neoflex_env_airflow/lib/python3.10/site-packages/airflow/example_dags/example_bash_operator.py for tasks to queue
[2023-07-30T18:34:00.954+0300] {logging_mixin.py:150} INFO - [2023-07-30T18:34:00.954+0300] {dagbag.py:541} INFO - Filling up the DagBag from /Users/olgastash/neoflex_env_airflow/lib/python3.10/site-packages/airflow/example_dags/example_bash_operator.py
[2023-07-30T18:34:01.030+0300] {processor.py:836} INFO - DAG(s) dict_keys(['example_bash_operator']) retrieved from /Users/olgastash/neoflex_env_airflow/lib/python3.10/site-packages/airflow/example_dags/example_bash_operator.py
[2023-07-30T18:34:01.878+0300] {logging_mixin.py:150} INFO - [2023-07-30T18:34:01.878+0300] {dag.py:2742} INFO - Sync 1 DAGs
[2023-07-30T18:34:01.900+0300] {logging_mixin.py:150} INFO - [2023-07-30T18:34:01.900+0300] {dag.py:3504} INFO - Setting next_dagrun for example_bash_operator to 2023-07-29T00:00:00+00:00, run_after=2023-07-30T00:00:00+00:00
[2023-07-30T18:34:01.918+0300] {processor.py:179} INFO - Processing /Users/olgastash/neoflex_env_airflow/lib/python3.10/site-packages/airflow/example_dags/example_bash_operator.py took 0.967 seconds
[2023-07-30T18:37:52.209+0300] {processor.py:157} INFO - Started process (PID=29317) to work on /Users/olgastash/neoflex_env_airflow/lib/python3.10/site-packages/airflow/example_dags/example_bash_operator.py
[2023-07-30T18:37:52.210+0300] {processor.py:826} INFO - Processing file /Users/olgastash/neoflex_env_airflow/lib/python3.10/site-packages/airflow/example_dags/example_bash_operator.py for tasks to queue
[2023-07-30T18:37:52.210+0300] {logging_mixin.py:150} INFO - [2023-07-30T18:37:52.210+0300] {dagbag.py:541} INFO - Filling up the DagBag from /Users/olgastash/neoflex_env_airflow/lib/python3.10/site-packages/airflow/example_dags/example_bash_operator.py
[2023-07-30T18:37:52.285+0300] {processor.py:836} INFO - DAG(s) dict_keys(['example_bash_operator']) retrieved from /Users/olgastash/neoflex_env_airflow/lib/python3.10/site-packages/airflow/example_dags/example_bash_operator.py
[2023-07-30T18:37:53.121+0300] {logging_mixin.py:150} INFO - [2023-07-30T18:37:53.120+0300] {dag.py:2742} INFO - Sync 1 DAGs
[2023-07-30T18:37:53.142+0300] {logging_mixin.py:150} INFO - [2023-07-30T18:37:53.142+0300] {dag.py:3504} INFO - Setting next_dagrun for example_bash_operator to 2023-07-29T00:00:00+00:00, run_after=2023-07-30T00:00:00+00:00
[2023-07-30T18:37:53.161+0300] {processor.py:179} INFO - Processing /Users/olgastash/neoflex_env_airflow/lib/python3.10/site-packages/airflow/example_dags/example_bash_operator.py took 0.953 seconds
[2023-07-30T18:41:52.678+0300] {processor.py:157} INFO - Started process (PID=29519) to work on /Users/olgastash/neoflex_env_airflow/lib/python3.10/site-packages/airflow/example_dags/example_bash_operator.py
[2023-07-30T18:41:52.679+0300] {processor.py:826} INFO - Processing file /Users/olgastash/neoflex_env_airflow/lib/python3.10/site-packages/airflow/example_dags/example_bash_operator.py for tasks to queue
[2023-07-30T18:41:52.679+0300] {logging_mixin.py:150} INFO - [2023-07-30T18:41:52.679+0300] {dagbag.py:541} INFO - Filling up the DagBag from /Users/olgastash/neoflex_env_airflow/lib/python3.10/site-packages/airflow/example_dags/example_bash_operator.py
[2023-07-30T18:41:52.758+0300] {processor.py:836} INFO - DAG(s) dict_keys(['example_bash_operator']) retrieved from /Users/olgastash/neoflex_env_airflow/lib/python3.10/site-packages/airflow/example_dags/example_bash_operator.py
[2023-07-30T18:41:53.615+0300] {logging_mixin.py:150} INFO - [2023-07-30T18:41:53.614+0300] {dag.py:2742} INFO - Sync 1 DAGs
[2023-07-30T18:41:53.640+0300] {logging_mixin.py:150} INFO - [2023-07-30T18:41:53.639+0300] {dag.py:3504} INFO - Setting next_dagrun for example_bash_operator to 2023-07-29T00:00:00+00:00, run_after=2023-07-30T00:00:00+00:00
[2023-07-30T18:41:53.658+0300] {processor.py:179} INFO - Processing /Users/olgastash/neoflex_env_airflow/lib/python3.10/site-packages/airflow/example_dags/example_bash_operator.py took 0.981 seconds
[2023-07-30T18:45:45.499+0300] {processor.py:157} INFO - Started process (PID=29681) to work on /Users/olgastash/neoflex_env_airflow/lib/python3.10/site-packages/airflow/example_dags/example_bash_operator.py
[2023-07-30T18:45:45.500+0300] {processor.py:826} INFO - Processing file /Users/olgastash/neoflex_env_airflow/lib/python3.10/site-packages/airflow/example_dags/example_bash_operator.py for tasks to queue
[2023-07-30T18:45:45.501+0300] {logging_mixin.py:150} INFO - [2023-07-30T18:45:45.501+0300] {dagbag.py:541} INFO - Filling up the DagBag from /Users/olgastash/neoflex_env_airflow/lib/python3.10/site-packages/airflow/example_dags/example_bash_operator.py
[2023-07-30T18:45:45.592+0300] {processor.py:836} INFO - DAG(s) dict_keys(['example_bash_operator']) retrieved from /Users/olgastash/neoflex_env_airflow/lib/python3.10/site-packages/airflow/example_dags/example_bash_operator.py
[2023-07-30T18:45:46.638+0300] {logging_mixin.py:150} INFO - [2023-07-30T18:45:46.638+0300] {dag.py:2742} INFO - Sync 1 DAGs
[2023-07-30T18:45:46.667+0300] {logging_mixin.py:150} INFO - [2023-07-30T18:45:46.667+0300] {dag.py:3504} INFO - Setting next_dagrun for example_bash_operator to 2023-07-29T00:00:00+00:00, run_after=2023-07-30T00:00:00+00:00
[2023-07-30T18:45:46.693+0300] {processor.py:179} INFO - Processing /Users/olgastash/neoflex_env_airflow/lib/python3.10/site-packages/airflow/example_dags/example_bash_operator.py took 1.195 seconds
[2023-07-30T18:49:35.028+0300] {processor.py:157} INFO - Started process (PID=29907) to work on /Users/olgastash/neoflex_env_airflow/lib/python3.10/site-packages/airflow/example_dags/example_bash_operator.py
[2023-07-30T18:49:35.029+0300] {processor.py:826} INFO - Processing file /Users/olgastash/neoflex_env_airflow/lib/python3.10/site-packages/airflow/example_dags/example_bash_operator.py for tasks to queue
[2023-07-30T18:49:35.029+0300] {logging_mixin.py:150} INFO - [2023-07-30T18:49:35.029+0300] {dagbag.py:541} INFO - Filling up the DagBag from /Users/olgastash/neoflex_env_airflow/lib/python3.10/site-packages/airflow/example_dags/example_bash_operator.py
[2023-07-30T18:49:35.105+0300] {processor.py:836} INFO - DAG(s) dict_keys(['example_bash_operator']) retrieved from /Users/olgastash/neoflex_env_airflow/lib/python3.10/site-packages/airflow/example_dags/example_bash_operator.py
[2023-07-30T18:49:35.939+0300] {logging_mixin.py:150} INFO - [2023-07-30T18:49:35.939+0300] {dag.py:2742} INFO - Sync 1 DAGs
[2023-07-30T18:49:35.960+0300] {logging_mixin.py:150} INFO - [2023-07-30T18:49:35.960+0300] {dag.py:3504} INFO - Setting next_dagrun for example_bash_operator to 2023-07-29T00:00:00+00:00, run_after=2023-07-30T00:00:00+00:00
[2023-07-30T18:49:35.978+0300] {processor.py:179} INFO - Processing /Users/olgastash/neoflex_env_airflow/lib/python3.10/site-packages/airflow/example_dags/example_bash_operator.py took 0.952 seconds
[2023-07-30T18:53:28.141+0300] {processor.py:157} INFO - Started process (PID=30096) to work on /Users/olgastash/neoflex_env_airflow/lib/python3.10/site-packages/airflow/example_dags/example_bash_operator.py
[2023-07-30T18:53:28.142+0300] {processor.py:826} INFO - Processing file /Users/olgastash/neoflex_env_airflow/lib/python3.10/site-packages/airflow/example_dags/example_bash_operator.py for tasks to queue
[2023-07-30T18:53:28.142+0300] {logging_mixin.py:150} INFO - [2023-07-30T18:53:28.142+0300] {dagbag.py:541} INFO - Filling up the DagBag from /Users/olgastash/neoflex_env_airflow/lib/python3.10/site-packages/airflow/example_dags/example_bash_operator.py
[2023-07-30T18:53:28.216+0300] {processor.py:836} INFO - DAG(s) dict_keys(['example_bash_operator']) retrieved from /Users/olgastash/neoflex_env_airflow/lib/python3.10/site-packages/airflow/example_dags/example_bash_operator.py
[2023-07-30T18:53:29.027+0300] {logging_mixin.py:150} INFO - [2023-07-30T18:53:29.027+0300] {dag.py:2742} INFO - Sync 1 DAGs
[2023-07-30T18:53:29.048+0300] {logging_mixin.py:150} INFO - [2023-07-30T18:53:29.048+0300] {dag.py:3504} INFO - Setting next_dagrun for example_bash_operator to 2023-07-29T00:00:00+00:00, run_after=2023-07-30T00:00:00+00:00
[2023-07-30T18:53:29.068+0300] {processor.py:179} INFO - Processing /Users/olgastash/neoflex_env_airflow/lib/python3.10/site-packages/airflow/example_dags/example_bash_operator.py took 0.928 seconds
[2023-07-30T18:57:13.888+0300] {processor.py:157} INFO - Started process (PID=30298) to work on /Users/olgastash/neoflex_env_airflow/lib/python3.10/site-packages/airflow/example_dags/example_bash_operator.py
[2023-07-30T18:57:13.889+0300] {processor.py:826} INFO - Processing file /Users/olgastash/neoflex_env_airflow/lib/python3.10/site-packages/airflow/example_dags/example_bash_operator.py for tasks to queue
[2023-07-30T18:57:13.889+0300] {logging_mixin.py:150} INFO - [2023-07-30T18:57:13.889+0300] {dagbag.py:541} INFO - Filling up the DagBag from /Users/olgastash/neoflex_env_airflow/lib/python3.10/site-packages/airflow/example_dags/example_bash_operator.py
[2023-07-30T18:57:13.963+0300] {processor.py:836} INFO - DAG(s) dict_keys(['example_bash_operator']) retrieved from /Users/olgastash/neoflex_env_airflow/lib/python3.10/site-packages/airflow/example_dags/example_bash_operator.py
[2023-07-30T18:57:14.790+0300] {logging_mixin.py:150} INFO - [2023-07-30T18:57:14.789+0300] {dag.py:2742} INFO - Sync 1 DAGs
[2023-07-30T18:57:14.811+0300] {logging_mixin.py:150} INFO - [2023-07-30T18:57:14.811+0300] {dag.py:3504} INFO - Setting next_dagrun for example_bash_operator to 2023-07-29T00:00:00+00:00, run_after=2023-07-30T00:00:00+00:00
[2023-07-30T18:57:14.829+0300] {processor.py:179} INFO - Processing /Users/olgastash/neoflex_env_airflow/lib/python3.10/site-packages/airflow/example_dags/example_bash_operator.py took 0.942 seconds
[2023-07-30T19:01:15.135+0300] {processor.py:157} INFO - Started process (PID=30470) to work on /Users/olgastash/neoflex_env_airflow/lib/python3.10/site-packages/airflow/example_dags/example_bash_operator.py
[2023-07-30T19:01:15.136+0300] {processor.py:826} INFO - Processing file /Users/olgastash/neoflex_env_airflow/lib/python3.10/site-packages/airflow/example_dags/example_bash_operator.py for tasks to queue
[2023-07-30T19:01:15.137+0300] {logging_mixin.py:150} INFO - [2023-07-30T19:01:15.137+0300] {dagbag.py:541} INFO - Filling up the DagBag from /Users/olgastash/neoflex_env_airflow/lib/python3.10/site-packages/airflow/example_dags/example_bash_operator.py
[2023-07-30T19:01:15.213+0300] {processor.py:836} INFO - DAG(s) dict_keys(['example_bash_operator']) retrieved from /Users/olgastash/neoflex_env_airflow/lib/python3.10/site-packages/airflow/example_dags/example_bash_operator.py
[2023-07-30T19:01:16.159+0300] {logging_mixin.py:150} INFO - [2023-07-30T19:01:16.159+0300] {dag.py:2742} INFO - Sync 1 DAGs
[2023-07-30T19:01:16.179+0300] {logging_mixin.py:150} INFO - [2023-07-30T19:01:16.179+0300] {dag.py:3504} INFO - Setting next_dagrun for example_bash_operator to 2023-07-29T00:00:00+00:00, run_after=2023-07-30T00:00:00+00:00
[2023-07-30T19:01:16.203+0300] {processor.py:179} INFO - Processing /Users/olgastash/neoflex_env_airflow/lib/python3.10/site-packages/airflow/example_dags/example_bash_operator.py took 1.068 seconds
[2023-07-30T19:05:27.533+0300] {processor.py:157} INFO - Started process (PID=30635) to work on /Users/olgastash/neoflex_env_airflow/lib/python3.10/site-packages/airflow/example_dags/example_bash_operator.py
[2023-07-30T19:05:27.534+0300] {processor.py:826} INFO - Processing file /Users/olgastash/neoflex_env_airflow/lib/python3.10/site-packages/airflow/example_dags/example_bash_operator.py for tasks to queue
[2023-07-30T19:05:27.535+0300] {logging_mixin.py:150} INFO - [2023-07-30T19:05:27.535+0300] {dagbag.py:541} INFO - Filling up the DagBag from /Users/olgastash/neoflex_env_airflow/lib/python3.10/site-packages/airflow/example_dags/example_bash_operator.py
[2023-07-30T19:05:27.608+0300] {processor.py:836} INFO - DAG(s) dict_keys(['example_bash_operator']) retrieved from /Users/olgastash/neoflex_env_airflow/lib/python3.10/site-packages/airflow/example_dags/example_bash_operator.py
[2023-07-30T19:05:28.528+0300] {logging_mixin.py:150} INFO - [2023-07-30T19:05:28.528+0300] {dag.py:2742} INFO - Sync 1 DAGs
[2023-07-30T19:05:28.548+0300] {logging_mixin.py:150} INFO - [2023-07-30T19:05:28.548+0300] {dag.py:3504} INFO - Setting next_dagrun for example_bash_operator to 2023-07-29T00:00:00+00:00, run_after=2023-07-30T00:00:00+00:00
[2023-07-30T19:05:28.569+0300] {processor.py:179} INFO - Processing /Users/olgastash/neoflex_env_airflow/lib/python3.10/site-packages/airflow/example_dags/example_bash_operator.py took 1.037 seconds
[2023-07-30T19:09:18.561+0300] {processor.py:157} INFO - Started process (PID=30765) to work on /Users/olgastash/neoflex_env_airflow/lib/python3.10/site-packages/airflow/example_dags/example_bash_operator.py
[2023-07-30T19:09:18.562+0300] {processor.py:826} INFO - Processing file /Users/olgastash/neoflex_env_airflow/lib/python3.10/site-packages/airflow/example_dags/example_bash_operator.py for tasks to queue
[2023-07-30T19:09:18.563+0300] {logging_mixin.py:150} INFO - [2023-07-30T19:09:18.563+0300] {dagbag.py:541} INFO - Filling up the DagBag from /Users/olgastash/neoflex_env_airflow/lib/python3.10/site-packages/airflow/example_dags/example_bash_operator.py
[2023-07-30T19:09:18.637+0300] {processor.py:836} INFO - DAG(s) dict_keys(['example_bash_operator']) retrieved from /Users/olgastash/neoflex_env_airflow/lib/python3.10/site-packages/airflow/example_dags/example_bash_operator.py
[2023-07-30T19:09:19.559+0300] {logging_mixin.py:150} INFO - [2023-07-30T19:09:19.558+0300] {dag.py:2742} INFO - Sync 1 DAGs
[2023-07-30T19:09:19.578+0300] {logging_mixin.py:150} INFO - [2023-07-30T19:09:19.578+0300] {dag.py:3504} INFO - Setting next_dagrun for example_bash_operator to 2023-07-29T00:00:00+00:00, run_after=2023-07-30T00:00:00+00:00
[2023-07-30T19:09:19.600+0300] {processor.py:179} INFO - Processing /Users/olgastash/neoflex_env_airflow/lib/python3.10/site-packages/airflow/example_dags/example_bash_operator.py took 1.040 seconds
[2023-07-30T19:13:36.184+0300] {processor.py:157} INFO - Started process (PID=30927) to work on /Users/olgastash/neoflex_env_airflow/lib/python3.10/site-packages/airflow/example_dags/example_bash_operator.py
[2023-07-30T19:13:36.185+0300] {processor.py:826} INFO - Processing file /Users/olgastash/neoflex_env_airflow/lib/python3.10/site-packages/airflow/example_dags/example_bash_operator.py for tasks to queue
[2023-07-30T19:13:36.185+0300] {logging_mixin.py:150} INFO - [2023-07-30T19:13:36.185+0300] {dagbag.py:541} INFO - Filling up the DagBag from /Users/olgastash/neoflex_env_airflow/lib/python3.10/site-packages/airflow/example_dags/example_bash_operator.py
[2023-07-30T19:13:36.260+0300] {processor.py:836} INFO - DAG(s) dict_keys(['example_bash_operator']) retrieved from /Users/olgastash/neoflex_env_airflow/lib/python3.10/site-packages/airflow/example_dags/example_bash_operator.py
[2023-07-30T19:13:37.080+0300] {logging_mixin.py:150} INFO - [2023-07-30T19:13:37.080+0300] {dag.py:2742} INFO - Sync 1 DAGs
[2023-07-30T19:13:37.101+0300] {logging_mixin.py:150} INFO - [2023-07-30T19:13:37.101+0300] {dag.py:3504} INFO - Setting next_dagrun for example_bash_operator to 2023-07-29T00:00:00+00:00, run_after=2023-07-30T00:00:00+00:00
[2023-07-30T19:13:37.120+0300] {processor.py:179} INFO - Processing /Users/olgastash/neoflex_env_airflow/lib/python3.10/site-packages/airflow/example_dags/example_bash_operator.py took 0.938 seconds
[2023-07-30T19:17:38.554+0300] {processor.py:157} INFO - Started process (PID=31128) to work on /Users/olgastash/neoflex_env_airflow/lib/python3.10/site-packages/airflow/example_dags/example_bash_operator.py
[2023-07-30T19:17:38.555+0300] {processor.py:826} INFO - Processing file /Users/olgastash/neoflex_env_airflow/lib/python3.10/site-packages/airflow/example_dags/example_bash_operator.py for tasks to queue
[2023-07-30T19:17:38.555+0300] {logging_mixin.py:150} INFO - [2023-07-30T19:17:38.555+0300] {dagbag.py:541} INFO - Filling up the DagBag from /Users/olgastash/neoflex_env_airflow/lib/python3.10/site-packages/airflow/example_dags/example_bash_operator.py
[2023-07-30T19:17:38.629+0300] {processor.py:836} INFO - DAG(s) dict_keys(['example_bash_operator']) retrieved from /Users/olgastash/neoflex_env_airflow/lib/python3.10/site-packages/airflow/example_dags/example_bash_operator.py
[2023-07-30T19:17:39.554+0300] {logging_mixin.py:150} INFO - [2023-07-30T19:17:39.554+0300] {dag.py:2742} INFO - Sync 1 DAGs
[2023-07-30T19:17:39.574+0300] {logging_mixin.py:150} INFO - [2023-07-30T19:17:39.574+0300] {dag.py:3504} INFO - Setting next_dagrun for example_bash_operator to 2023-07-29T00:00:00+00:00, run_after=2023-07-30T00:00:00+00:00
[2023-07-30T19:17:39.596+0300] {processor.py:179} INFO - Processing /Users/olgastash/neoflex_env_airflow/lib/python3.10/site-packages/airflow/example_dags/example_bash_operator.py took 1.043 seconds
[2023-07-30T19:21:58.513+0300] {processor.py:157} INFO - Started process (PID=31288) to work on /Users/olgastash/neoflex_env_airflow/lib/python3.10/site-packages/airflow/example_dags/example_bash_operator.py
[2023-07-30T19:21:58.514+0300] {processor.py:826} INFO - Processing file /Users/olgastash/neoflex_env_airflow/lib/python3.10/site-packages/airflow/example_dags/example_bash_operator.py for tasks to queue
[2023-07-30T19:21:58.514+0300] {logging_mixin.py:150} INFO - [2023-07-30T19:21:58.514+0300] {dagbag.py:541} INFO - Filling up the DagBag from /Users/olgastash/neoflex_env_airflow/lib/python3.10/site-packages/airflow/example_dags/example_bash_operator.py
[2023-07-30T19:21:58.589+0300] {processor.py:836} INFO - DAG(s) dict_keys(['example_bash_operator']) retrieved from /Users/olgastash/neoflex_env_airflow/lib/python3.10/site-packages/airflow/example_dags/example_bash_operator.py
[2023-07-30T19:21:59.508+0300] {logging_mixin.py:150} INFO - [2023-07-30T19:21:59.508+0300] {dag.py:2742} INFO - Sync 1 DAGs
[2023-07-30T19:21:59.527+0300] {logging_mixin.py:150} INFO - [2023-07-30T19:21:59.527+0300] {dag.py:3504} INFO - Setting next_dagrun for example_bash_operator to 2023-07-29T00:00:00+00:00, run_after=2023-07-30T00:00:00+00:00
[2023-07-30T19:21:59.549+0300] {processor.py:179} INFO - Processing /Users/olgastash/neoflex_env_airflow/lib/python3.10/site-packages/airflow/example_dags/example_bash_operator.py took 1.037 seconds
[2023-07-30T19:26:00.840+0300] {processor.py:157} INFO - Started process (PID=31432) to work on /Users/olgastash/neoflex_env_airflow/lib/python3.10/site-packages/airflow/example_dags/example_bash_operator.py
[2023-07-30T19:26:00.841+0300] {processor.py:826} INFO - Processing file /Users/olgastash/neoflex_env_airflow/lib/python3.10/site-packages/airflow/example_dags/example_bash_operator.py for tasks to queue
[2023-07-30T19:26:00.842+0300] {logging_mixin.py:150} INFO - [2023-07-30T19:26:00.842+0300] {dagbag.py:541} INFO - Filling up the DagBag from /Users/olgastash/neoflex_env_airflow/lib/python3.10/site-packages/airflow/example_dags/example_bash_operator.py
[2023-07-30T19:26:00.916+0300] {processor.py:836} INFO - DAG(s) dict_keys(['example_bash_operator']) retrieved from /Users/olgastash/neoflex_env_airflow/lib/python3.10/site-packages/airflow/example_dags/example_bash_operator.py
[2023-07-30T19:26:01.834+0300] {logging_mixin.py:150} INFO - [2023-07-30T19:26:01.833+0300] {dag.py:2742} INFO - Sync 1 DAGs
[2023-07-30T19:26:01.853+0300] {logging_mixin.py:150} INFO - [2023-07-30T19:26:01.853+0300] {dag.py:3504} INFO - Setting next_dagrun for example_bash_operator to 2023-07-29T00:00:00+00:00, run_after=2023-07-30T00:00:00+00:00
[2023-07-30T19:26:01.874+0300] {processor.py:179} INFO - Processing /Users/olgastash/neoflex_env_airflow/lib/python3.10/site-packages/airflow/example_dags/example_bash_operator.py took 1.035 seconds
[2023-07-30T19:59:43.012+0300] {processor.py:157} INFO - Started process (PID=31628) to work on /Users/olgastash/neoflex_env_airflow/lib/python3.10/site-packages/airflow/example_dags/example_bash_operator.py
[2023-07-30T19:59:43.015+0300] {processor.py:826} INFO - Processing file /Users/olgastash/neoflex_env_airflow/lib/python3.10/site-packages/airflow/example_dags/example_bash_operator.py for tasks to queue
[2023-07-30T19:59:43.017+0300] {logging_mixin.py:150} INFO - [2023-07-30T19:59:43.017+0300] {dagbag.py:541} INFO - Filling up the DagBag from /Users/olgastash/neoflex_env_airflow/lib/python3.10/site-packages/airflow/example_dags/example_bash_operator.py
[2023-07-30T19:59:43.266+0300] {processor.py:836} INFO - DAG(s) dict_keys(['example_bash_operator']) retrieved from /Users/olgastash/neoflex_env_airflow/lib/python3.10/site-packages/airflow/example_dags/example_bash_operator.py
[2023-07-30T19:59:46.216+0300] {logging_mixin.py:150} INFO - [2023-07-30T19:59:46.215+0300] {dag.py:2742} INFO - Sync 1 DAGs
[2023-07-30T19:59:46.278+0300] {logging_mixin.py:150} INFO - [2023-07-30T19:59:46.277+0300] {dag.py:3504} INFO - Setting next_dagrun for example_bash_operator to 2023-07-29T00:00:00+00:00, run_after=2023-07-30T00:00:00+00:00
[2023-07-30T19:59:46.345+0300] {processor.py:179} INFO - Processing /Users/olgastash/neoflex_env_airflow/lib/python3.10/site-packages/airflow/example_dags/example_bash_operator.py took 3.336 seconds
[2023-07-30T20:14:38.427+0300] {processor.py:157} INFO - Started process (PID=31931) to work on /Users/olgastash/neoflex_env_airflow/lib/python3.10/site-packages/airflow/example_dags/example_bash_operator.py
[2023-07-30T20:14:38.429+0300] {processor.py:826} INFO - Processing file /Users/olgastash/neoflex_env_airflow/lib/python3.10/site-packages/airflow/example_dags/example_bash_operator.py for tasks to queue
[2023-07-30T20:14:38.429+0300] {logging_mixin.py:150} INFO - [2023-07-30T20:14:38.429+0300] {dagbag.py:541} INFO - Filling up the DagBag from /Users/olgastash/neoflex_env_airflow/lib/python3.10/site-packages/airflow/example_dags/example_bash_operator.py
[2023-07-30T20:14:38.516+0300] {processor.py:836} INFO - DAG(s) dict_keys(['example_bash_operator']) retrieved from /Users/olgastash/neoflex_env_airflow/lib/python3.10/site-packages/airflow/example_dags/example_bash_operator.py
[2023-07-30T20:14:39.487+0300] {logging_mixin.py:150} INFO - [2023-07-30T20:14:39.487+0300] {dag.py:2742} INFO - Sync 1 DAGs
[2023-07-30T20:14:39.508+0300] {logging_mixin.py:150} INFO - [2023-07-30T20:14:39.507+0300] {dag.py:3504} INFO - Setting next_dagrun for example_bash_operator to 2023-07-29T00:00:00+00:00, run_after=2023-07-30T00:00:00+00:00
[2023-07-30T20:14:39.530+0300] {processor.py:179} INFO - Processing /Users/olgastash/neoflex_env_airflow/lib/python3.10/site-packages/airflow/example_dags/example_bash_operator.py took 1.103 seconds
[2023-07-30T20:18:58.595+0300] {processor.py:157} INFO - Started process (PID=32152) to work on /Users/olgastash/neoflex_env_airflow/lib/python3.10/site-packages/airflow/example_dags/example_bash_operator.py
[2023-07-30T20:18:58.596+0300] {processor.py:826} INFO - Processing file /Users/olgastash/neoflex_env_airflow/lib/python3.10/site-packages/airflow/example_dags/example_bash_operator.py for tasks to queue
[2023-07-30T20:18:58.597+0300] {logging_mixin.py:150} INFO - [2023-07-30T20:18:58.596+0300] {dagbag.py:541} INFO - Filling up the DagBag from /Users/olgastash/neoflex_env_airflow/lib/python3.10/site-packages/airflow/example_dags/example_bash_operator.py
[2023-07-30T20:18:58.672+0300] {processor.py:836} INFO - DAG(s) dict_keys(['example_bash_operator']) retrieved from /Users/olgastash/neoflex_env_airflow/lib/python3.10/site-packages/airflow/example_dags/example_bash_operator.py
[2023-07-30T20:18:59.619+0300] {logging_mixin.py:150} INFO - [2023-07-30T20:18:59.619+0300] {dag.py:2742} INFO - Sync 1 DAGs
[2023-07-30T20:18:59.639+0300] {logging_mixin.py:150} INFO - [2023-07-30T20:18:59.639+0300] {dag.py:3504} INFO - Setting next_dagrun for example_bash_operator to 2023-07-29T00:00:00+00:00, run_after=2023-07-30T00:00:00+00:00
[2023-07-30T20:18:59.661+0300] {processor.py:179} INFO - Processing /Users/olgastash/neoflex_env_airflow/lib/python3.10/site-packages/airflow/example_dags/example_bash_operator.py took 1.067 seconds
[2023-07-30T20:23:34.394+0300] {processor.py:157} INFO - Started process (PID=32439) to work on /Users/olgastash/neoflex_env_airflow/lib/python3.10/site-packages/airflow/example_dags/example_bash_operator.py
[2023-07-30T20:23:34.396+0300] {processor.py:826} INFO - Processing file /Users/olgastash/neoflex_env_airflow/lib/python3.10/site-packages/airflow/example_dags/example_bash_operator.py for tasks to queue
[2023-07-30T20:23:34.398+0300] {logging_mixin.py:150} INFO - [2023-07-30T20:23:34.397+0300] {dagbag.py:541} INFO - Filling up the DagBag from /Users/olgastash/neoflex_env_airflow/lib/python3.10/site-packages/airflow/example_dags/example_bash_operator.py
[2023-07-30T20:23:34.488+0300] {processor.py:836} INFO - DAG(s) dict_keys(['example_bash_operator']) retrieved from /Users/olgastash/neoflex_env_airflow/lib/python3.10/site-packages/airflow/example_dags/example_bash_operator.py
[2023-07-30T20:23:35.548+0300] {logging_mixin.py:150} INFO - [2023-07-30T20:23:35.548+0300] {dag.py:2742} INFO - Sync 1 DAGs
[2023-07-30T20:23:35.570+0300] {logging_mixin.py:150} INFO - [2023-07-30T20:23:35.570+0300] {dag.py:3504} INFO - Setting next_dagrun for example_bash_operator to 2023-07-29T00:00:00+00:00, run_after=2023-07-30T00:00:00+00:00
[2023-07-30T20:23:35.591+0300] {processor.py:179} INFO - Processing /Users/olgastash/neoflex_env_airflow/lib/python3.10/site-packages/airflow/example_dags/example_bash_operator.py took 1.199 seconds
[2023-07-30T20:27:53.829+0300] {processor.py:157} INFO - Started process (PID=32611) to work on /Users/olgastash/neoflex_env_airflow/lib/python3.10/site-packages/airflow/example_dags/example_bash_operator.py
[2023-07-30T20:27:53.831+0300] {processor.py:826} INFO - Processing file /Users/olgastash/neoflex_env_airflow/lib/python3.10/site-packages/airflow/example_dags/example_bash_operator.py for tasks to queue
[2023-07-30T20:27:53.831+0300] {logging_mixin.py:150} INFO - [2023-07-30T20:27:53.831+0300] {dagbag.py:541} INFO - Filling up the DagBag from /Users/olgastash/neoflex_env_airflow/lib/python3.10/site-packages/airflow/example_dags/example_bash_operator.py
[2023-07-30T20:27:53.909+0300] {processor.py:836} INFO - DAG(s) dict_keys(['example_bash_operator']) retrieved from /Users/olgastash/neoflex_env_airflow/lib/python3.10/site-packages/airflow/example_dags/example_bash_operator.py
[2023-07-30T20:27:54.849+0300] {logging_mixin.py:150} INFO - [2023-07-30T20:27:54.848+0300] {dag.py:2742} INFO - Sync 1 DAGs
[2023-07-30T20:27:54.869+0300] {logging_mixin.py:150} INFO - [2023-07-30T20:27:54.869+0300] {dag.py:3504} INFO - Setting next_dagrun for example_bash_operator to 2023-07-29T00:00:00+00:00, run_after=2023-07-30T00:00:00+00:00
[2023-07-30T20:27:54.889+0300] {processor.py:179} INFO - Processing /Users/olgastash/neoflex_env_airflow/lib/python3.10/site-packages/airflow/example_dags/example_bash_operator.py took 1.062 seconds
[2023-07-30T20:32:17.495+0300] {processor.py:157} INFO - Started process (PID=32831) to work on /Users/olgastash/neoflex_env_airflow/lib/python3.10/site-packages/airflow/example_dags/example_bash_operator.py
[2023-07-30T20:32:17.496+0300] {processor.py:826} INFO - Processing file /Users/olgastash/neoflex_env_airflow/lib/python3.10/site-packages/airflow/example_dags/example_bash_operator.py for tasks to queue
[2023-07-30T20:32:17.496+0300] {logging_mixin.py:150} INFO - [2023-07-30T20:32:17.496+0300] {dagbag.py:541} INFO - Filling up the DagBag from /Users/olgastash/neoflex_env_airflow/lib/python3.10/site-packages/airflow/example_dags/example_bash_operator.py
[2023-07-30T20:32:17.573+0300] {processor.py:836} INFO - DAG(s) dict_keys(['example_bash_operator']) retrieved from /Users/olgastash/neoflex_env_airflow/lib/python3.10/site-packages/airflow/example_dags/example_bash_operator.py
[2023-07-30T20:32:18.574+0300] {logging_mixin.py:150} INFO - [2023-07-30T20:32:18.574+0300] {dag.py:2742} INFO - Sync 1 DAGs
[2023-07-30T20:32:18.597+0300] {logging_mixin.py:150} INFO - [2023-07-30T20:32:18.596+0300] {dag.py:3504} INFO - Setting next_dagrun for example_bash_operator to 2023-07-29T00:00:00+00:00, run_after=2023-07-30T00:00:00+00:00
[2023-07-30T20:32:18.618+0300] {processor.py:179} INFO - Processing /Users/olgastash/neoflex_env_airflow/lib/python3.10/site-packages/airflow/example_dags/example_bash_operator.py took 1.125 seconds
[2023-07-30T20:36:30.600+0300] {processor.py:157} INFO - Started process (PID=33081) to work on /Users/olgastash/neoflex_env_airflow/lib/python3.10/site-packages/airflow/example_dags/example_bash_operator.py
[2023-07-30T20:36:30.601+0300] {processor.py:826} INFO - Processing file /Users/olgastash/neoflex_env_airflow/lib/python3.10/site-packages/airflow/example_dags/example_bash_operator.py for tasks to queue
[2023-07-30T20:36:30.602+0300] {logging_mixin.py:150} INFO - [2023-07-30T20:36:30.602+0300] {dagbag.py:541} INFO - Filling up the DagBag from /Users/olgastash/neoflex_env_airflow/lib/python3.10/site-packages/airflow/example_dags/example_bash_operator.py
[2023-07-30T20:36:30.677+0300] {processor.py:836} INFO - DAG(s) dict_keys(['example_bash_operator']) retrieved from /Users/olgastash/neoflex_env_airflow/lib/python3.10/site-packages/airflow/example_dags/example_bash_operator.py
[2023-07-30T20:36:31.807+0300] {logging_mixin.py:150} INFO - [2023-07-30T20:36:31.806+0300] {dag.py:2742} INFO - Sync 1 DAGs
[2023-07-30T20:36:31.829+0300] {logging_mixin.py:150} INFO - [2023-07-30T20:36:31.829+0300] {dag.py:3504} INFO - Setting next_dagrun for example_bash_operator to 2023-07-29T00:00:00+00:00, run_after=2023-07-30T00:00:00+00:00
[2023-07-30T20:36:31.852+0300] {processor.py:179} INFO - Processing /Users/olgastash/neoflex_env_airflow/lib/python3.10/site-packages/airflow/example_dags/example_bash_operator.py took 1.252 seconds
[2023-07-30T20:40:49.202+0300] {processor.py:157} INFO - Started process (PID=33338) to work on /Users/olgastash/neoflex_env_airflow/lib/python3.10/site-packages/airflow/example_dags/example_bash_operator.py
[2023-07-30T20:40:49.203+0300] {processor.py:826} INFO - Processing file /Users/olgastash/neoflex_env_airflow/lib/python3.10/site-packages/airflow/example_dags/example_bash_operator.py for tasks to queue
[2023-07-30T20:40:49.204+0300] {logging_mixin.py:150} INFO - [2023-07-30T20:40:49.204+0300] {dagbag.py:541} INFO - Filling up the DagBag from /Users/olgastash/neoflex_env_airflow/lib/python3.10/site-packages/airflow/example_dags/example_bash_operator.py
[2023-07-30T20:40:49.281+0300] {processor.py:836} INFO - DAG(s) dict_keys(['example_bash_operator']) retrieved from /Users/olgastash/neoflex_env_airflow/lib/python3.10/site-packages/airflow/example_dags/example_bash_operator.py
[2023-07-30T20:40:50.259+0300] {logging_mixin.py:150} INFO - [2023-07-30T20:40:50.259+0300] {dag.py:2742} INFO - Sync 1 DAGs
[2023-07-30T20:40:50.281+0300] {logging_mixin.py:150} INFO - [2023-07-30T20:40:50.281+0300] {dag.py:3504} INFO - Setting next_dagrun for example_bash_operator to 2023-07-29T00:00:00+00:00, run_after=2023-07-30T00:00:00+00:00
[2023-07-30T20:40:50.301+0300] {processor.py:179} INFO - Processing /Users/olgastash/neoflex_env_airflow/lib/python3.10/site-packages/airflow/example_dags/example_bash_operator.py took 1.100 seconds
[2023-07-30T20:45:06.240+0300] {processor.py:157} INFO - Started process (PID=33606) to work on /Users/olgastash/neoflex_env_airflow/lib/python3.10/site-packages/airflow/example_dags/example_bash_operator.py
[2023-07-30T20:45:06.241+0300] {processor.py:826} INFO - Processing file /Users/olgastash/neoflex_env_airflow/lib/python3.10/site-packages/airflow/example_dags/example_bash_operator.py for tasks to queue
[2023-07-30T20:45:06.242+0300] {logging_mixin.py:150} INFO - [2023-07-30T20:45:06.241+0300] {dagbag.py:541} INFO - Filling up the DagBag from /Users/olgastash/neoflex_env_airflow/lib/python3.10/site-packages/airflow/example_dags/example_bash_operator.py
[2023-07-30T20:45:06.316+0300] {processor.py:836} INFO - DAG(s) dict_keys(['example_bash_operator']) retrieved from /Users/olgastash/neoflex_env_airflow/lib/python3.10/site-packages/airflow/example_dags/example_bash_operator.py
[2023-07-30T20:45:07.267+0300] {logging_mixin.py:150} INFO - [2023-07-30T20:45:07.267+0300] {dag.py:2742} INFO - Sync 1 DAGs
[2023-07-30T20:45:07.288+0300] {logging_mixin.py:150} INFO - [2023-07-30T20:45:07.288+0300] {dag.py:3504} INFO - Setting next_dagrun for example_bash_operator to 2023-07-29T00:00:00+00:00, run_after=2023-07-30T00:00:00+00:00
[2023-07-30T20:45:07.308+0300] {processor.py:179} INFO - Processing /Users/olgastash/neoflex_env_airflow/lib/python3.10/site-packages/airflow/example_dags/example_bash_operator.py took 1.069 seconds
[2023-07-30T20:49:24.509+0300] {processor.py:157} INFO - Started process (PID=33829) to work on /Users/olgastash/neoflex_env_airflow/lib/python3.10/site-packages/airflow/example_dags/example_bash_operator.py
[2023-07-30T20:49:24.511+0300] {processor.py:826} INFO - Processing file /Users/olgastash/neoflex_env_airflow/lib/python3.10/site-packages/airflow/example_dags/example_bash_operator.py for tasks to queue
[2023-07-30T20:49:24.511+0300] {logging_mixin.py:150} INFO - [2023-07-30T20:49:24.511+0300] {dagbag.py:541} INFO - Filling up the DagBag from /Users/olgastash/neoflex_env_airflow/lib/python3.10/site-packages/airflow/example_dags/example_bash_operator.py
[2023-07-30T20:49:24.598+0300] {processor.py:836} INFO - DAG(s) dict_keys(['example_bash_operator']) retrieved from /Users/olgastash/neoflex_env_airflow/lib/python3.10/site-packages/airflow/example_dags/example_bash_operator.py
[2023-07-30T20:49:25.676+0300] {logging_mixin.py:150} INFO - [2023-07-30T20:49:25.676+0300] {dag.py:2742} INFO - Sync 1 DAGs
[2023-07-30T20:49:25.714+0300] {logging_mixin.py:150} INFO - [2023-07-30T20:49:25.713+0300] {dag.py:3504} INFO - Setting next_dagrun for example_bash_operator to 2023-07-29T00:00:00+00:00, run_after=2023-07-30T00:00:00+00:00
[2023-07-30T20:49:25.756+0300] {processor.py:179} INFO - Processing /Users/olgastash/neoflex_env_airflow/lib/python3.10/site-packages/airflow/example_dags/example_bash_operator.py took 1.247 seconds
[2023-07-30T20:53:54.715+0300] {processor.py:157} INFO - Started process (PID=34064) to work on /Users/olgastash/neoflex_env_airflow/lib/python3.10/site-packages/airflow/example_dags/example_bash_operator.py
[2023-07-30T20:53:54.716+0300] {processor.py:826} INFO - Processing file /Users/olgastash/neoflex_env_airflow/lib/python3.10/site-packages/airflow/example_dags/example_bash_operator.py for tasks to queue
[2023-07-30T20:53:54.717+0300] {logging_mixin.py:150} INFO - [2023-07-30T20:53:54.717+0300] {dagbag.py:541} INFO - Filling up the DagBag from /Users/olgastash/neoflex_env_airflow/lib/python3.10/site-packages/airflow/example_dags/example_bash_operator.py
[2023-07-30T20:53:54.797+0300] {processor.py:836} INFO - DAG(s) dict_keys(['example_bash_operator']) retrieved from /Users/olgastash/neoflex_env_airflow/lib/python3.10/site-packages/airflow/example_dags/example_bash_operator.py
[2023-07-30T20:53:55.813+0300] {logging_mixin.py:150} INFO - [2023-07-30T20:53:55.812+0300] {dag.py:2742} INFO - Sync 1 DAGs
[2023-07-30T20:53:55.837+0300] {logging_mixin.py:150} INFO - [2023-07-30T20:53:55.837+0300] {dag.py:3504} INFO - Setting next_dagrun for example_bash_operator to 2023-07-29T00:00:00+00:00, run_after=2023-07-30T00:00:00+00:00
[2023-07-30T20:53:55.858+0300] {processor.py:179} INFO - Processing /Users/olgastash/neoflex_env_airflow/lib/python3.10/site-packages/airflow/example_dags/example_bash_operator.py took 1.143 seconds
[2023-07-30T20:58:19.969+0300] {processor.py:157} INFO - Started process (PID=34266) to work on /Users/olgastash/neoflex_env_airflow/lib/python3.10/site-packages/airflow/example_dags/example_bash_operator.py
[2023-07-30T20:58:19.970+0300] {processor.py:826} INFO - Processing file /Users/olgastash/neoflex_env_airflow/lib/python3.10/site-packages/airflow/example_dags/example_bash_operator.py for tasks to queue
[2023-07-30T20:58:19.971+0300] {logging_mixin.py:150} INFO - [2023-07-30T20:58:19.970+0300] {dagbag.py:541} INFO - Filling up the DagBag from /Users/olgastash/neoflex_env_airflow/lib/python3.10/site-packages/airflow/example_dags/example_bash_operator.py
[2023-07-30T20:58:20.050+0300] {processor.py:836} INFO - DAG(s) dict_keys(['example_bash_operator']) retrieved from /Users/olgastash/neoflex_env_airflow/lib/python3.10/site-packages/airflow/example_dags/example_bash_operator.py
[2023-07-30T20:58:21.032+0300] {logging_mixin.py:150} INFO - [2023-07-30T20:58:21.032+0300] {dag.py:2742} INFO - Sync 1 DAGs
[2023-07-30T20:58:21.057+0300] {logging_mixin.py:150} INFO - [2023-07-30T20:58:21.056+0300] {dag.py:3504} INFO - Setting next_dagrun for example_bash_operator to 2023-07-29T00:00:00+00:00, run_after=2023-07-30T00:00:00+00:00
[2023-07-30T20:58:21.080+0300] {processor.py:179} INFO - Processing /Users/olgastash/neoflex_env_airflow/lib/python3.10/site-packages/airflow/example_dags/example_bash_operator.py took 1.112 seconds
[2023-07-30T21:02:49.123+0300] {processor.py:157} INFO - Started process (PID=34446) to work on /Users/olgastash/neoflex_env_airflow/lib/python3.10/site-packages/airflow/example_dags/example_bash_operator.py
[2023-07-30T21:02:49.124+0300] {processor.py:826} INFO - Processing file /Users/olgastash/neoflex_env_airflow/lib/python3.10/site-packages/airflow/example_dags/example_bash_operator.py for tasks to queue
[2023-07-30T21:02:49.125+0300] {logging_mixin.py:150} INFO - [2023-07-30T21:02:49.125+0300] {dagbag.py:541} INFO - Filling up the DagBag from /Users/olgastash/neoflex_env_airflow/lib/python3.10/site-packages/airflow/example_dags/example_bash_operator.py
[2023-07-30T21:02:49.200+0300] {processor.py:836} INFO - DAG(s) dict_keys(['example_bash_operator']) retrieved from /Users/olgastash/neoflex_env_airflow/lib/python3.10/site-packages/airflow/example_dags/example_bash_operator.py
[2023-07-30T21:02:50.166+0300] {logging_mixin.py:150} INFO - [2023-07-30T21:02:50.166+0300] {dag.py:2742} INFO - Sync 1 DAGs
[2023-07-30T21:02:50.188+0300] {logging_mixin.py:150} INFO - [2023-07-30T21:02:50.187+0300] {dag.py:3504} INFO - Setting next_dagrun for example_bash_operator to 2023-07-29T00:00:00+00:00, run_after=2023-07-30T00:00:00+00:00
[2023-07-30T21:02:50.208+0300] {processor.py:179} INFO - Processing /Users/olgastash/neoflex_env_airflow/lib/python3.10/site-packages/airflow/example_dags/example_bash_operator.py took 1.086 seconds
[2023-07-30T21:07:25.492+0300] {processor.py:157} INFO - Started process (PID=34628) to work on /Users/olgastash/neoflex_env_airflow/lib/python3.10/site-packages/airflow/example_dags/example_bash_operator.py
[2023-07-30T21:07:25.494+0300] {processor.py:826} INFO - Processing file /Users/olgastash/neoflex_env_airflow/lib/python3.10/site-packages/airflow/example_dags/example_bash_operator.py for tasks to queue
[2023-07-30T21:07:25.494+0300] {logging_mixin.py:150} INFO - [2023-07-30T21:07:25.494+0300] {dagbag.py:541} INFO - Filling up the DagBag from /Users/olgastash/neoflex_env_airflow/lib/python3.10/site-packages/airflow/example_dags/example_bash_operator.py
[2023-07-30T21:07:25.571+0300] {processor.py:836} INFO - DAG(s) dict_keys(['example_bash_operator']) retrieved from /Users/olgastash/neoflex_env_airflow/lib/python3.10/site-packages/airflow/example_dags/example_bash_operator.py
[2023-07-30T21:07:26.529+0300] {logging_mixin.py:150} INFO - [2023-07-30T21:07:26.529+0300] {dag.py:2742} INFO - Sync 1 DAGs
[2023-07-30T21:07:26.550+0300] {logging_mixin.py:150} INFO - [2023-07-30T21:07:26.550+0300] {dag.py:3504} INFO - Setting next_dagrun for example_bash_operator to 2023-07-29T00:00:00+00:00, run_after=2023-07-30T00:00:00+00:00
[2023-07-30T21:07:26.571+0300] {processor.py:179} INFO - Processing /Users/olgastash/neoflex_env_airflow/lib/python3.10/site-packages/airflow/example_dags/example_bash_operator.py took 1.079 seconds
[2023-07-30T21:11:49.055+0300] {processor.py:157} INFO - Started process (PID=34854) to work on /Users/olgastash/neoflex_env_airflow/lib/python3.10/site-packages/airflow/example_dags/example_bash_operator.py
[2023-07-30T21:11:49.056+0300] {processor.py:826} INFO - Processing file /Users/olgastash/neoflex_env_airflow/lib/python3.10/site-packages/airflow/example_dags/example_bash_operator.py for tasks to queue
[2023-07-30T21:11:49.057+0300] {logging_mixin.py:150} INFO - [2023-07-30T21:11:49.056+0300] {dagbag.py:541} INFO - Filling up the DagBag from /Users/olgastash/neoflex_env_airflow/lib/python3.10/site-packages/airflow/example_dags/example_bash_operator.py
[2023-07-30T21:11:49.136+0300] {processor.py:836} INFO - DAG(s) dict_keys(['example_bash_operator']) retrieved from /Users/olgastash/neoflex_env_airflow/lib/python3.10/site-packages/airflow/example_dags/example_bash_operator.py
[2023-07-30T21:11:50.154+0300] {logging_mixin.py:150} INFO - [2023-07-30T21:11:50.154+0300] {dag.py:2742} INFO - Sync 1 DAGs
[2023-07-30T21:11:50.176+0300] {logging_mixin.py:150} INFO - [2023-07-30T21:11:50.176+0300] {dag.py:3504} INFO - Setting next_dagrun for example_bash_operator to 2023-07-29T00:00:00+00:00, run_after=2023-07-30T00:00:00+00:00
[2023-07-30T21:11:50.197+0300] {processor.py:179} INFO - Processing /Users/olgastash/neoflex_env_airflow/lib/python3.10/site-packages/airflow/example_dags/example_bash_operator.py took 1.143 seconds
[2023-07-30T21:16:30.065+0300] {processor.py:157} INFO - Started process (PID=35076) to work on /Users/olgastash/neoflex_env_airflow/lib/python3.10/site-packages/airflow/example_dags/example_bash_operator.py
[2023-07-30T21:16:30.066+0300] {processor.py:826} INFO - Processing file /Users/olgastash/neoflex_env_airflow/lib/python3.10/site-packages/airflow/example_dags/example_bash_operator.py for tasks to queue
[2023-07-30T21:16:30.066+0300] {logging_mixin.py:150} INFO - [2023-07-30T21:16:30.066+0300] {dagbag.py:541} INFO - Filling up the DagBag from /Users/olgastash/neoflex_env_airflow/lib/python3.10/site-packages/airflow/example_dags/example_bash_operator.py
[2023-07-30T21:16:30.142+0300] {processor.py:836} INFO - DAG(s) dict_keys(['example_bash_operator']) retrieved from /Users/olgastash/neoflex_env_airflow/lib/python3.10/site-packages/airflow/example_dags/example_bash_operator.py
[2023-07-30T21:16:31.094+0300] {logging_mixin.py:150} INFO - [2023-07-30T21:16:31.094+0300] {dag.py:2742} INFO - Sync 1 DAGs
[2023-07-30T21:16:31.114+0300] {logging_mixin.py:150} INFO - [2023-07-30T21:16:31.114+0300] {dag.py:3504} INFO - Setting next_dagrun for example_bash_operator to 2023-07-29T00:00:00+00:00, run_after=2023-07-30T00:00:00+00:00
[2023-07-30T21:16:31.135+0300] {processor.py:179} INFO - Processing /Users/olgastash/neoflex_env_airflow/lib/python3.10/site-packages/airflow/example_dags/example_bash_operator.py took 1.072 seconds
[2023-07-30T21:20:58.685+0300] {processor.py:157} INFO - Started process (PID=35241) to work on /Users/olgastash/neoflex_env_airflow/lib/python3.10/site-packages/airflow/example_dags/example_bash_operator.py
[2023-07-30T21:20:58.686+0300] {processor.py:826} INFO - Processing file /Users/olgastash/neoflex_env_airflow/lib/python3.10/site-packages/airflow/example_dags/example_bash_operator.py for tasks to queue
[2023-07-30T21:20:58.687+0300] {logging_mixin.py:150} INFO - [2023-07-30T21:20:58.686+0300] {dagbag.py:541} INFO - Filling up the DagBag from /Users/olgastash/neoflex_env_airflow/lib/python3.10/site-packages/airflow/example_dags/example_bash_operator.py
[2023-07-30T21:20:58.760+0300] {processor.py:836} INFO - DAG(s) dict_keys(['example_bash_operator']) retrieved from /Users/olgastash/neoflex_env_airflow/lib/python3.10/site-packages/airflow/example_dags/example_bash_operator.py
[2023-07-30T21:20:59.687+0300] {logging_mixin.py:150} INFO - [2023-07-30T21:20:59.687+0300] {dag.py:2742} INFO - Sync 1 DAGs
[2023-07-30T21:20:59.709+0300] {logging_mixin.py:150} INFO - [2023-07-30T21:20:59.709+0300] {dag.py:3504} INFO - Setting next_dagrun for example_bash_operator to 2023-07-29T00:00:00+00:00, run_after=2023-07-30T00:00:00+00:00
[2023-07-30T21:20:59.730+0300] {processor.py:179} INFO - Processing /Users/olgastash/neoflex_env_airflow/lib/python3.10/site-packages/airflow/example_dags/example_bash_operator.py took 1.046 seconds
[2023-07-30T21:25:15.292+0300] {processor.py:157} INFO - Started process (PID=35418) to work on /Users/olgastash/neoflex_env_airflow/lib/python3.10/site-packages/airflow/example_dags/example_bash_operator.py
[2023-07-30T21:25:15.293+0300] {processor.py:826} INFO - Processing file /Users/olgastash/neoflex_env_airflow/lib/python3.10/site-packages/airflow/example_dags/example_bash_operator.py for tasks to queue
[2023-07-30T21:25:15.294+0300] {logging_mixin.py:150} INFO - [2023-07-30T21:25:15.293+0300] {dagbag.py:541} INFO - Filling up the DagBag from /Users/olgastash/neoflex_env_airflow/lib/python3.10/site-packages/airflow/example_dags/example_bash_operator.py
[2023-07-30T21:25:15.369+0300] {processor.py:836} INFO - DAG(s) dict_keys(['example_bash_operator']) retrieved from /Users/olgastash/neoflex_env_airflow/lib/python3.10/site-packages/airflow/example_dags/example_bash_operator.py
[2023-07-30T21:25:16.315+0300] {logging_mixin.py:150} INFO - [2023-07-30T21:25:16.314+0300] {dag.py:2742} INFO - Sync 1 DAGs
[2023-07-30T21:25:16.335+0300] {logging_mixin.py:150} INFO - [2023-07-30T21:25:16.335+0300] {dag.py:3504} INFO - Setting next_dagrun for example_bash_operator to 2023-07-29T00:00:00+00:00, run_after=2023-07-30T00:00:00+00:00
[2023-07-30T21:25:16.355+0300] {processor.py:179} INFO - Processing /Users/olgastash/neoflex_env_airflow/lib/python3.10/site-packages/airflow/example_dags/example_bash_operator.py took 1.064 seconds
[2023-07-30T21:29:38.341+0300] {processor.py:157} INFO - Started process (PID=35637) to work on /Users/olgastash/neoflex_env_airflow/lib/python3.10/site-packages/airflow/example_dags/example_bash_operator.py
[2023-07-30T21:29:38.342+0300] {processor.py:826} INFO - Processing file /Users/olgastash/neoflex_env_airflow/lib/python3.10/site-packages/airflow/example_dags/example_bash_operator.py for tasks to queue
[2023-07-30T21:29:38.342+0300] {logging_mixin.py:150} INFO - [2023-07-30T21:29:38.342+0300] {dagbag.py:541} INFO - Filling up the DagBag from /Users/olgastash/neoflex_env_airflow/lib/python3.10/site-packages/airflow/example_dags/example_bash_operator.py
[2023-07-30T21:29:38.418+0300] {processor.py:836} INFO - DAG(s) dict_keys(['example_bash_operator']) retrieved from /Users/olgastash/neoflex_env_airflow/lib/python3.10/site-packages/airflow/example_dags/example_bash_operator.py
[2023-07-30T21:29:39.279+0300] {logging_mixin.py:150} INFO - [2023-07-30T21:29:39.279+0300] {dag.py:2742} INFO - Sync 1 DAGs
[2023-07-30T21:29:39.299+0300] {logging_mixin.py:150} INFO - [2023-07-30T21:29:39.299+0300] {dag.py:3504} INFO - Setting next_dagrun for example_bash_operator to 2023-07-29T00:00:00+00:00, run_after=2023-07-30T00:00:00+00:00
[2023-07-30T21:29:39.319+0300] {processor.py:179} INFO - Processing /Users/olgastash/neoflex_env_airflow/lib/python3.10/site-packages/airflow/example_dags/example_bash_operator.py took 0.979 seconds
[2023-07-30T21:33:50.241+0300] {processor.py:157} INFO - Started process (PID=35815) to work on /Users/olgastash/neoflex_env_airflow/lib/python3.10/site-packages/airflow/example_dags/example_bash_operator.py
[2023-07-30T21:33:50.242+0300] {processor.py:826} INFO - Processing file /Users/olgastash/neoflex_env_airflow/lib/python3.10/site-packages/airflow/example_dags/example_bash_operator.py for tasks to queue
[2023-07-30T21:33:50.242+0300] {logging_mixin.py:150} INFO - [2023-07-30T21:33:50.242+0300] {dagbag.py:541} INFO - Filling up the DagBag from /Users/olgastash/neoflex_env_airflow/lib/python3.10/site-packages/airflow/example_dags/example_bash_operator.py
[2023-07-30T21:33:50.316+0300] {processor.py:836} INFO - DAG(s) dict_keys(['example_bash_operator']) retrieved from /Users/olgastash/neoflex_env_airflow/lib/python3.10/site-packages/airflow/example_dags/example_bash_operator.py
[2023-07-30T21:33:51.256+0300] {logging_mixin.py:150} INFO - [2023-07-30T21:33:51.255+0300] {dag.py:2742} INFO - Sync 1 DAGs
[2023-07-30T21:33:51.277+0300] {logging_mixin.py:150} INFO - [2023-07-30T21:33:51.276+0300] {dag.py:3504} INFO - Setting next_dagrun for example_bash_operator to 2023-07-29T00:00:00+00:00, run_after=2023-07-30T00:00:00+00:00
[2023-07-30T21:33:51.299+0300] {processor.py:179} INFO - Processing /Users/olgastash/neoflex_env_airflow/lib/python3.10/site-packages/airflow/example_dags/example_bash_operator.py took 1.059 seconds
[2023-07-30T21:38:11.748+0300] {processor.py:157} INFO - Started process (PID=36017) to work on /Users/olgastash/neoflex_env_airflow/lib/python3.10/site-packages/airflow/example_dags/example_bash_operator.py
[2023-07-30T21:38:11.749+0300] {processor.py:826} INFO - Processing file /Users/olgastash/neoflex_env_airflow/lib/python3.10/site-packages/airflow/example_dags/example_bash_operator.py for tasks to queue
[2023-07-30T21:38:11.749+0300] {logging_mixin.py:150} INFO - [2023-07-30T21:38:11.749+0300] {dagbag.py:541} INFO - Filling up the DagBag from /Users/olgastash/neoflex_env_airflow/lib/python3.10/site-packages/airflow/example_dags/example_bash_operator.py
[2023-07-30T21:38:11.828+0300] {processor.py:836} INFO - DAG(s) dict_keys(['example_bash_operator']) retrieved from /Users/olgastash/neoflex_env_airflow/lib/python3.10/site-packages/airflow/example_dags/example_bash_operator.py
[2023-07-30T21:38:12.795+0300] {logging_mixin.py:150} INFO - [2023-07-30T21:38:12.795+0300] {dag.py:2742} INFO - Sync 1 DAGs
[2023-07-30T21:38:12.816+0300] {logging_mixin.py:150} INFO - [2023-07-30T21:38:12.816+0300] {dag.py:3504} INFO - Setting next_dagrun for example_bash_operator to 2023-07-29T00:00:00+00:00, run_after=2023-07-30T00:00:00+00:00
[2023-07-30T21:38:12.837+0300] {processor.py:179} INFO - Processing /Users/olgastash/neoflex_env_airflow/lib/python3.10/site-packages/airflow/example_dags/example_bash_operator.py took 1.090 seconds
[2023-07-30T21:42:30.702+0300] {processor.py:157} INFO - Started process (PID=36249) to work on /Users/olgastash/neoflex_env_airflow/lib/python3.10/site-packages/airflow/example_dags/example_bash_operator.py
[2023-07-30T21:42:30.703+0300] {processor.py:826} INFO - Processing file /Users/olgastash/neoflex_env_airflow/lib/python3.10/site-packages/airflow/example_dags/example_bash_operator.py for tasks to queue
[2023-07-30T21:42:30.704+0300] {logging_mixin.py:150} INFO - [2023-07-30T21:42:30.704+0300] {dagbag.py:541} INFO - Filling up the DagBag from /Users/olgastash/neoflex_env_airflow/lib/python3.10/site-packages/airflow/example_dags/example_bash_operator.py
[2023-07-30T21:42:30.779+0300] {processor.py:836} INFO - DAG(s) dict_keys(['example_bash_operator']) retrieved from /Users/olgastash/neoflex_env_airflow/lib/python3.10/site-packages/airflow/example_dags/example_bash_operator.py
[2023-07-30T21:42:31.771+0300] {logging_mixin.py:150} INFO - [2023-07-30T21:42:31.771+0300] {dag.py:2742} INFO - Sync 1 DAGs
[2023-07-30T21:42:31.794+0300] {logging_mixin.py:150} INFO - [2023-07-30T21:42:31.794+0300] {dag.py:3504} INFO - Setting next_dagrun for example_bash_operator to 2023-07-29T00:00:00+00:00, run_after=2023-07-30T00:00:00+00:00
[2023-07-30T21:42:31.817+0300] {processor.py:179} INFO - Processing /Users/olgastash/neoflex_env_airflow/lib/python3.10/site-packages/airflow/example_dags/example_bash_operator.py took 1.115 seconds
[2023-07-30T21:46:52.181+0300] {processor.py:157} INFO - Started process (PID=36429) to work on /Users/olgastash/neoflex_env_airflow/lib/python3.10/site-packages/airflow/example_dags/example_bash_operator.py
[2023-07-30T21:46:52.182+0300] {processor.py:826} INFO - Processing file /Users/olgastash/neoflex_env_airflow/lib/python3.10/site-packages/airflow/example_dags/example_bash_operator.py for tasks to queue
[2023-07-30T21:46:52.183+0300] {logging_mixin.py:150} INFO - [2023-07-30T21:46:52.183+0300] {dagbag.py:541} INFO - Filling up the DagBag from /Users/olgastash/neoflex_env_airflow/lib/python3.10/site-packages/airflow/example_dags/example_bash_operator.py
[2023-07-30T21:46:52.259+0300] {processor.py:836} INFO - DAG(s) dict_keys(['example_bash_operator']) retrieved from /Users/olgastash/neoflex_env_airflow/lib/python3.10/site-packages/airflow/example_dags/example_bash_operator.py
[2023-07-30T21:46:53.344+0300] {logging_mixin.py:150} INFO - [2023-07-30T21:46:53.344+0300] {dag.py:2742} INFO - Sync 1 DAGs
[2023-07-30T21:46:53.367+0300] {logging_mixin.py:150} INFO - [2023-07-30T21:46:53.366+0300] {dag.py:3504} INFO - Setting next_dagrun for example_bash_operator to 2023-07-29T00:00:00+00:00, run_after=2023-07-30T00:00:00+00:00
[2023-07-30T21:46:53.389+0300] {processor.py:179} INFO - Processing /Users/olgastash/neoflex_env_airflow/lib/python3.10/site-packages/airflow/example_dags/example_bash_operator.py took 1.209 seconds
[2023-07-30T21:51:11.413+0300] {processor.py:157} INFO - Started process (PID=36621) to work on /Users/olgastash/neoflex_env_airflow/lib/python3.10/site-packages/airflow/example_dags/example_bash_operator.py
[2023-07-30T21:51:11.414+0300] {processor.py:826} INFO - Processing file /Users/olgastash/neoflex_env_airflow/lib/python3.10/site-packages/airflow/example_dags/example_bash_operator.py for tasks to queue
[2023-07-30T21:51:11.414+0300] {logging_mixin.py:150} INFO - [2023-07-30T21:51:11.414+0300] {dagbag.py:541} INFO - Filling up the DagBag from /Users/olgastash/neoflex_env_airflow/lib/python3.10/site-packages/airflow/example_dags/example_bash_operator.py
[2023-07-30T21:51:11.490+0300] {processor.py:836} INFO - DAG(s) dict_keys(['example_bash_operator']) retrieved from /Users/olgastash/neoflex_env_airflow/lib/python3.10/site-packages/airflow/example_dags/example_bash_operator.py
[2023-07-30T21:51:12.495+0300] {logging_mixin.py:150} INFO - [2023-07-30T21:51:12.495+0300] {dag.py:2742} INFO - Sync 1 DAGs
[2023-07-30T21:51:12.518+0300] {logging_mixin.py:150} INFO - [2023-07-30T21:51:12.518+0300] {dag.py:3504} INFO - Setting next_dagrun for example_bash_operator to 2023-07-29T00:00:00+00:00, run_after=2023-07-30T00:00:00+00:00
[2023-07-30T21:51:12.541+0300] {processor.py:179} INFO - Processing /Users/olgastash/neoflex_env_airflow/lib/python3.10/site-packages/airflow/example_dags/example_bash_operator.py took 1.129 seconds
[2023-07-30T21:55:30.218+0300] {processor.py:157} INFO - Started process (PID=36834) to work on /Users/olgastash/neoflex_env_airflow/lib/python3.10/site-packages/airflow/example_dags/example_bash_operator.py
[2023-07-30T21:55:30.219+0300] {processor.py:826} INFO - Processing file /Users/olgastash/neoflex_env_airflow/lib/python3.10/site-packages/airflow/example_dags/example_bash_operator.py for tasks to queue
[2023-07-30T21:55:30.219+0300] {logging_mixin.py:150} INFO - [2023-07-30T21:55:30.219+0300] {dagbag.py:541} INFO - Filling up the DagBag from /Users/olgastash/neoflex_env_airflow/lib/python3.10/site-packages/airflow/example_dags/example_bash_operator.py
[2023-07-30T21:55:30.296+0300] {processor.py:836} INFO - DAG(s) dict_keys(['example_bash_operator']) retrieved from /Users/olgastash/neoflex_env_airflow/lib/python3.10/site-packages/airflow/example_dags/example_bash_operator.py
[2023-07-30T21:55:31.235+0300] {logging_mixin.py:150} INFO - [2023-07-30T21:55:31.235+0300] {dag.py:2742} INFO - Sync 1 DAGs
[2023-07-30T21:55:31.257+0300] {logging_mixin.py:150} INFO - [2023-07-30T21:55:31.257+0300] {dag.py:3504} INFO - Setting next_dagrun for example_bash_operator to 2023-07-29T00:00:00+00:00, run_after=2023-07-30T00:00:00+00:00
[2023-07-30T21:55:31.280+0300] {processor.py:179} INFO - Processing /Users/olgastash/neoflex_env_airflow/lib/python3.10/site-packages/airflow/example_dags/example_bash_operator.py took 1.063 seconds
[2023-07-30T21:59:53.257+0300] {processor.py:157} INFO - Started process (PID=37027) to work on /Users/olgastash/neoflex_env_airflow/lib/python3.10/site-packages/airflow/example_dags/example_bash_operator.py
[2023-07-30T21:59:53.258+0300] {processor.py:826} INFO - Processing file /Users/olgastash/neoflex_env_airflow/lib/python3.10/site-packages/airflow/example_dags/example_bash_operator.py for tasks to queue
[2023-07-30T21:59:53.259+0300] {logging_mixin.py:150} INFO - [2023-07-30T21:59:53.259+0300] {dagbag.py:541} INFO - Filling up the DagBag from /Users/olgastash/neoflex_env_airflow/lib/python3.10/site-packages/airflow/example_dags/example_bash_operator.py
[2023-07-30T21:59:53.333+0300] {processor.py:836} INFO - DAG(s) dict_keys(['example_bash_operator']) retrieved from /Users/olgastash/neoflex_env_airflow/lib/python3.10/site-packages/airflow/example_dags/example_bash_operator.py
[2023-07-30T21:59:54.192+0300] {logging_mixin.py:150} INFO - [2023-07-30T21:59:54.192+0300] {dag.py:2742} INFO - Sync 1 DAGs
[2023-07-30T21:59:54.213+0300] {logging_mixin.py:150} INFO - [2023-07-30T21:59:54.212+0300] {dag.py:3504} INFO - Setting next_dagrun for example_bash_operator to 2023-07-29T00:00:00+00:00, run_after=2023-07-30T00:00:00+00:00
[2023-07-30T21:59:54.233+0300] {processor.py:179} INFO - Processing /Users/olgastash/neoflex_env_airflow/lib/python3.10/site-packages/airflow/example_dags/example_bash_operator.py took 0.977 seconds
[2023-07-30T22:04:22.179+0300] {processor.py:157} INFO - Started process (PID=37247) to work on /Users/olgastash/neoflex_env_airflow/lib/python3.10/site-packages/airflow/example_dags/example_bash_operator.py
[2023-07-30T22:04:22.181+0300] {processor.py:826} INFO - Processing file /Users/olgastash/neoflex_env_airflow/lib/python3.10/site-packages/airflow/example_dags/example_bash_operator.py for tasks to queue
[2023-07-30T22:04:22.181+0300] {logging_mixin.py:150} INFO - [2023-07-30T22:04:22.181+0300] {dagbag.py:541} INFO - Filling up the DagBag from /Users/olgastash/neoflex_env_airflow/lib/python3.10/site-packages/airflow/example_dags/example_bash_operator.py
[2023-07-30T22:04:22.259+0300] {processor.py:836} INFO - DAG(s) dict_keys(['example_bash_operator']) retrieved from /Users/olgastash/neoflex_env_airflow/lib/python3.10/site-packages/airflow/example_dags/example_bash_operator.py
[2023-07-30T22:04:23.214+0300] {logging_mixin.py:150} INFO - [2023-07-30T22:04:23.214+0300] {dag.py:2742} INFO - Sync 1 DAGs
[2023-07-30T22:04:23.236+0300] {logging_mixin.py:150} INFO - [2023-07-30T22:04:23.236+0300] {dag.py:3504} INFO - Setting next_dagrun for example_bash_operator to 2023-07-29T00:00:00+00:00, run_after=2023-07-30T00:00:00+00:00
[2023-07-30T22:04:23.259+0300] {processor.py:179} INFO - Processing /Users/olgastash/neoflex_env_airflow/lib/python3.10/site-packages/airflow/example_dags/example_bash_operator.py took 1.081 seconds
[2023-07-30T22:08:52.490+0300] {processor.py:157} INFO - Started process (PID=37446) to work on /Users/olgastash/neoflex_env_airflow/lib/python3.10/site-packages/airflow/example_dags/example_bash_operator.py
[2023-07-30T22:08:52.491+0300] {processor.py:826} INFO - Processing file /Users/olgastash/neoflex_env_airflow/lib/python3.10/site-packages/airflow/example_dags/example_bash_operator.py for tasks to queue
[2023-07-30T22:08:52.492+0300] {logging_mixin.py:150} INFO - [2023-07-30T22:08:52.492+0300] {dagbag.py:541} INFO - Filling up the DagBag from /Users/olgastash/neoflex_env_airflow/lib/python3.10/site-packages/airflow/example_dags/example_bash_operator.py
[2023-07-30T22:08:52.570+0300] {processor.py:836} INFO - DAG(s) dict_keys(['example_bash_operator']) retrieved from /Users/olgastash/neoflex_env_airflow/lib/python3.10/site-packages/airflow/example_dags/example_bash_operator.py
[2023-07-30T22:08:53.529+0300] {logging_mixin.py:150} INFO - [2023-07-30T22:08:53.529+0300] {dag.py:2742} INFO - Sync 1 DAGs
[2023-07-30T22:08:53.551+0300] {logging_mixin.py:150} INFO - [2023-07-30T22:08:53.551+0300] {dag.py:3504} INFO - Setting next_dagrun for example_bash_operator to 2023-07-29T00:00:00+00:00, run_after=2023-07-30T00:00:00+00:00
[2023-07-30T22:08:53.572+0300] {processor.py:179} INFO - Processing /Users/olgastash/neoflex_env_airflow/lib/python3.10/site-packages/airflow/example_dags/example_bash_operator.py took 1.082 seconds
[2023-07-30T22:13:20.880+0300] {processor.py:157} INFO - Started process (PID=37661) to work on /Users/olgastash/neoflex_env_airflow/lib/python3.10/site-packages/airflow/example_dags/example_bash_operator.py
[2023-07-30T22:13:20.881+0300] {processor.py:826} INFO - Processing file /Users/olgastash/neoflex_env_airflow/lib/python3.10/site-packages/airflow/example_dags/example_bash_operator.py for tasks to queue
[2023-07-30T22:13:20.882+0300] {logging_mixin.py:150} INFO - [2023-07-30T22:13:20.881+0300] {dagbag.py:541} INFO - Filling up the DagBag from /Users/olgastash/neoflex_env_airflow/lib/python3.10/site-packages/airflow/example_dags/example_bash_operator.py
[2023-07-30T22:13:20.960+0300] {processor.py:836} INFO - DAG(s) dict_keys(['example_bash_operator']) retrieved from /Users/olgastash/neoflex_env_airflow/lib/python3.10/site-packages/airflow/example_dags/example_bash_operator.py
[2023-07-30T22:13:21.921+0300] {logging_mixin.py:150} INFO - [2023-07-30T22:13:21.921+0300] {dag.py:2742} INFO - Sync 1 DAGs
[2023-07-30T22:13:21.943+0300] {logging_mixin.py:150} INFO - [2023-07-30T22:13:21.942+0300] {dag.py:3504} INFO - Setting next_dagrun for example_bash_operator to 2023-07-29T00:00:00+00:00, run_after=2023-07-30T00:00:00+00:00
[2023-07-30T22:13:21.964+0300] {processor.py:179} INFO - Processing /Users/olgastash/neoflex_env_airflow/lib/python3.10/site-packages/airflow/example_dags/example_bash_operator.py took 1.085 seconds
[2023-07-30T22:17:50.787+0300] {processor.py:157} INFO - Started process (PID=37872) to work on /Users/olgastash/neoflex_env_airflow/lib/python3.10/site-packages/airflow/example_dags/example_bash_operator.py
[2023-07-30T22:17:50.788+0300] {processor.py:826} INFO - Processing file /Users/olgastash/neoflex_env_airflow/lib/python3.10/site-packages/airflow/example_dags/example_bash_operator.py for tasks to queue
[2023-07-30T22:17:50.789+0300] {logging_mixin.py:150} INFO - [2023-07-30T22:17:50.789+0300] {dagbag.py:541} INFO - Filling up the DagBag from /Users/olgastash/neoflex_env_airflow/lib/python3.10/site-packages/airflow/example_dags/example_bash_operator.py
[2023-07-30T22:17:50.865+0300] {processor.py:836} INFO - DAG(s) dict_keys(['example_bash_operator']) retrieved from /Users/olgastash/neoflex_env_airflow/lib/python3.10/site-packages/airflow/example_dags/example_bash_operator.py
[2023-07-30T22:17:51.823+0300] {logging_mixin.py:150} INFO - [2023-07-30T22:17:51.822+0300] {dag.py:2742} INFO - Sync 1 DAGs
[2023-07-30T22:17:51.843+0300] {logging_mixin.py:150} INFO - [2023-07-30T22:17:51.843+0300] {dag.py:3504} INFO - Setting next_dagrun for example_bash_operator to 2023-07-29T00:00:00+00:00, run_after=2023-07-30T00:00:00+00:00
[2023-07-30T22:17:51.864+0300] {processor.py:179} INFO - Processing /Users/olgastash/neoflex_env_airflow/lib/python3.10/site-packages/airflow/example_dags/example_bash_operator.py took 1.078 seconds
[2023-07-30T22:22:20.021+0300] {processor.py:157} INFO - Started process (PID=38130) to work on /Users/olgastash/neoflex_env_airflow/lib/python3.10/site-packages/airflow/example_dags/example_bash_operator.py
[2023-07-30T22:22:20.022+0300] {processor.py:826} INFO - Processing file /Users/olgastash/neoflex_env_airflow/lib/python3.10/site-packages/airflow/example_dags/example_bash_operator.py for tasks to queue
[2023-07-30T22:22:20.023+0300] {logging_mixin.py:150} INFO - [2023-07-30T22:22:20.023+0300] {dagbag.py:541} INFO - Filling up the DagBag from /Users/olgastash/neoflex_env_airflow/lib/python3.10/site-packages/airflow/example_dags/example_bash_operator.py
[2023-07-30T22:22:20.101+0300] {processor.py:836} INFO - DAG(s) dict_keys(['example_bash_operator']) retrieved from /Users/olgastash/neoflex_env_airflow/lib/python3.10/site-packages/airflow/example_dags/example_bash_operator.py
[2023-07-30T22:22:21.071+0300] {logging_mixin.py:150} INFO - [2023-07-30T22:22:21.071+0300] {dag.py:2742} INFO - Sync 1 DAGs
[2023-07-30T22:22:21.092+0300] {logging_mixin.py:150} INFO - [2023-07-30T22:22:21.092+0300] {dag.py:3504} INFO - Setting next_dagrun for example_bash_operator to 2023-07-29T00:00:00+00:00, run_after=2023-07-30T00:00:00+00:00
[2023-07-30T22:22:21.112+0300] {processor.py:179} INFO - Processing /Users/olgastash/neoflex_env_airflow/lib/python3.10/site-packages/airflow/example_dags/example_bash_operator.py took 1.092 seconds
[2023-07-30T22:26:49.730+0300] {processor.py:157} INFO - Started process (PID=38378) to work on /Users/olgastash/neoflex_env_airflow/lib/python3.10/site-packages/airflow/example_dags/example_bash_operator.py
[2023-07-30T22:26:49.731+0300] {processor.py:826} INFO - Processing file /Users/olgastash/neoflex_env_airflow/lib/python3.10/site-packages/airflow/example_dags/example_bash_operator.py for tasks to queue
[2023-07-30T22:26:49.732+0300] {logging_mixin.py:150} INFO - [2023-07-30T22:26:49.731+0300] {dagbag.py:541} INFO - Filling up the DagBag from /Users/olgastash/neoflex_env_airflow/lib/python3.10/site-packages/airflow/example_dags/example_bash_operator.py
[2023-07-30T22:26:49.808+0300] {processor.py:836} INFO - DAG(s) dict_keys(['example_bash_operator']) retrieved from /Users/olgastash/neoflex_env_airflow/lib/python3.10/site-packages/airflow/example_dags/example_bash_operator.py
[2023-07-30T22:26:50.791+0300] {logging_mixin.py:150} INFO - [2023-07-30T22:26:50.790+0300] {dag.py:2742} INFO - Sync 1 DAGs
[2023-07-30T22:26:50.813+0300] {logging_mixin.py:150} INFO - [2023-07-30T22:26:50.812+0300] {dag.py:3504} INFO - Setting next_dagrun for example_bash_operator to 2023-07-29T00:00:00+00:00, run_after=2023-07-30T00:00:00+00:00
[2023-07-30T22:26:50.834+0300] {processor.py:179} INFO - Processing /Users/olgastash/neoflex_env_airflow/lib/python3.10/site-packages/airflow/example_dags/example_bash_operator.py took 1.105 seconds
[2023-07-30T22:31:20.039+0300] {processor.py:157} INFO - Started process (PID=38615) to work on /Users/olgastash/neoflex_env_airflow/lib/python3.10/site-packages/airflow/example_dags/example_bash_operator.py
[2023-07-30T22:31:20.041+0300] {processor.py:826} INFO - Processing file /Users/olgastash/neoflex_env_airflow/lib/python3.10/site-packages/airflow/example_dags/example_bash_operator.py for tasks to queue
[2023-07-30T22:31:20.041+0300] {logging_mixin.py:150} INFO - [2023-07-30T22:31:20.041+0300] {dagbag.py:541} INFO - Filling up the DagBag from /Users/olgastash/neoflex_env_airflow/lib/python3.10/site-packages/airflow/example_dags/example_bash_operator.py
[2023-07-30T22:31:20.119+0300] {processor.py:836} INFO - DAG(s) dict_keys(['example_bash_operator']) retrieved from /Users/olgastash/neoflex_env_airflow/lib/python3.10/site-packages/airflow/example_dags/example_bash_operator.py
[2023-07-30T22:31:21.101+0300] {logging_mixin.py:150} INFO - [2023-07-30T22:31:21.100+0300] {dag.py:2742} INFO - Sync 1 DAGs
[2023-07-30T22:31:21.122+0300] {logging_mixin.py:150} INFO - [2023-07-30T22:31:21.122+0300] {dag.py:3504} INFO - Setting next_dagrun for example_bash_operator to 2023-07-29T00:00:00+00:00, run_after=2023-07-30T00:00:00+00:00
[2023-07-30T22:31:21.143+0300] {processor.py:179} INFO - Processing /Users/olgastash/neoflex_env_airflow/lib/python3.10/site-packages/airflow/example_dags/example_bash_operator.py took 1.105 seconds
[2023-07-30T22:35:46.320+0300] {processor.py:157} INFO - Started process (PID=38814) to work on /Users/olgastash/neoflex_env_airflow/lib/python3.10/site-packages/airflow/example_dags/example_bash_operator.py
[2023-07-30T22:35:46.321+0300] {processor.py:826} INFO - Processing file /Users/olgastash/neoflex_env_airflow/lib/python3.10/site-packages/airflow/example_dags/example_bash_operator.py for tasks to queue
[2023-07-30T22:35:46.322+0300] {logging_mixin.py:150} INFO - [2023-07-30T22:35:46.322+0300] {dagbag.py:541} INFO - Filling up the DagBag from /Users/olgastash/neoflex_env_airflow/lib/python3.10/site-packages/airflow/example_dags/example_bash_operator.py
[2023-07-30T22:35:46.398+0300] {processor.py:836} INFO - DAG(s) dict_keys(['example_bash_operator']) retrieved from /Users/olgastash/neoflex_env_airflow/lib/python3.10/site-packages/airflow/example_dags/example_bash_operator.py
[2023-07-30T22:35:47.359+0300] {logging_mixin.py:150} INFO - [2023-07-30T22:35:47.358+0300] {dag.py:2742} INFO - Sync 1 DAGs
[2023-07-30T22:35:47.379+0300] {logging_mixin.py:150} INFO - [2023-07-30T22:35:47.379+0300] {dag.py:3504} INFO - Setting next_dagrun for example_bash_operator to 2023-07-29T00:00:00+00:00, run_after=2023-07-30T00:00:00+00:00
[2023-07-30T22:35:47.400+0300] {processor.py:179} INFO - Processing /Users/olgastash/neoflex_env_airflow/lib/python3.10/site-packages/airflow/example_dags/example_bash_operator.py took 1.081 seconds
[2023-07-30T22:40:10.472+0300] {processor.py:157} INFO - Started process (PID=39031) to work on /Users/olgastash/neoflex_env_airflow/lib/python3.10/site-packages/airflow/example_dags/example_bash_operator.py
[2023-07-30T22:40:10.473+0300] {processor.py:826} INFO - Processing file /Users/olgastash/neoflex_env_airflow/lib/python3.10/site-packages/airflow/example_dags/example_bash_operator.py for tasks to queue
[2023-07-30T22:40:10.474+0300] {logging_mixin.py:150} INFO - [2023-07-30T22:40:10.473+0300] {dagbag.py:541} INFO - Filling up the DagBag from /Users/olgastash/neoflex_env_airflow/lib/python3.10/site-packages/airflow/example_dags/example_bash_operator.py
[2023-07-30T22:40:10.552+0300] {processor.py:836} INFO - DAG(s) dict_keys(['example_bash_operator']) retrieved from /Users/olgastash/neoflex_env_airflow/lib/python3.10/site-packages/airflow/example_dags/example_bash_operator.py
[2023-07-30T22:40:11.546+0300] {logging_mixin.py:150} INFO - [2023-07-30T22:40:11.545+0300] {dag.py:2742} INFO - Sync 1 DAGs
[2023-07-30T22:40:11.568+0300] {logging_mixin.py:150} INFO - [2023-07-30T22:40:11.568+0300] {dag.py:3504} INFO - Setting next_dagrun for example_bash_operator to 2023-07-29T00:00:00+00:00, run_after=2023-07-30T00:00:00+00:00
[2023-07-30T22:40:11.590+0300] {processor.py:179} INFO - Processing /Users/olgastash/neoflex_env_airflow/lib/python3.10/site-packages/airflow/example_dags/example_bash_operator.py took 1.119 seconds
[2023-07-30T22:44:35.636+0300] {processor.py:157} INFO - Started process (PID=39274) to work on /Users/olgastash/neoflex_env_airflow/lib/python3.10/site-packages/airflow/example_dags/example_bash_operator.py
[2023-07-30T22:44:35.637+0300] {processor.py:826} INFO - Processing file /Users/olgastash/neoflex_env_airflow/lib/python3.10/site-packages/airflow/example_dags/example_bash_operator.py for tasks to queue
[2023-07-30T22:44:35.637+0300] {logging_mixin.py:150} INFO - [2023-07-30T22:44:35.637+0300] {dagbag.py:541} INFO - Filling up the DagBag from /Users/olgastash/neoflex_env_airflow/lib/python3.10/site-packages/airflow/example_dags/example_bash_operator.py
[2023-07-30T22:44:35.713+0300] {processor.py:836} INFO - DAG(s) dict_keys(['example_bash_operator']) retrieved from /Users/olgastash/neoflex_env_airflow/lib/python3.10/site-packages/airflow/example_dags/example_bash_operator.py
[2023-07-30T22:44:36.565+0300] {logging_mixin.py:150} INFO - [2023-07-30T22:44:36.564+0300] {dag.py:2742} INFO - Sync 1 DAGs
[2023-07-30T22:44:36.585+0300] {logging_mixin.py:150} INFO - [2023-07-30T22:44:36.585+0300] {dag.py:3504} INFO - Setting next_dagrun for example_bash_operator to 2023-07-29T00:00:00+00:00, run_after=2023-07-30T00:00:00+00:00
[2023-07-30T22:44:36.606+0300] {processor.py:179} INFO - Processing /Users/olgastash/neoflex_env_airflow/lib/python3.10/site-packages/airflow/example_dags/example_bash_operator.py took 0.971 seconds
[2023-07-30T22:49:04.311+0300] {processor.py:157} INFO - Started process (PID=39511) to work on /Users/olgastash/neoflex_env_airflow/lib/python3.10/site-packages/airflow/example_dags/example_bash_operator.py
[2023-07-30T22:49:04.313+0300] {processor.py:826} INFO - Processing file /Users/olgastash/neoflex_env_airflow/lib/python3.10/site-packages/airflow/example_dags/example_bash_operator.py for tasks to queue
[2023-07-30T22:49:04.313+0300] {logging_mixin.py:150} INFO - [2023-07-30T22:49:04.313+0300] {dagbag.py:541} INFO - Filling up the DagBag from /Users/olgastash/neoflex_env_airflow/lib/python3.10/site-packages/airflow/example_dags/example_bash_operator.py
[2023-07-30T22:49:04.391+0300] {processor.py:836} INFO - DAG(s) dict_keys(['example_bash_operator']) retrieved from /Users/olgastash/neoflex_env_airflow/lib/python3.10/site-packages/airflow/example_dags/example_bash_operator.py
[2023-07-30T22:49:05.372+0300] {logging_mixin.py:150} INFO - [2023-07-30T22:49:05.371+0300] {dag.py:2742} INFO - Sync 1 DAGs
[2023-07-30T22:49:05.394+0300] {logging_mixin.py:150} INFO - [2023-07-30T22:49:05.394+0300] {dag.py:3504} INFO - Setting next_dagrun for example_bash_operator to 2023-07-29T00:00:00+00:00, run_after=2023-07-30T00:00:00+00:00
[2023-07-30T22:49:05.416+0300] {processor.py:179} INFO - Processing /Users/olgastash/neoflex_env_airflow/lib/python3.10/site-packages/airflow/example_dags/example_bash_operator.py took 1.106 seconds
[2023-07-30T22:53:35.436+0300] {processor.py:157} INFO - Started process (PID=39749) to work on /Users/olgastash/neoflex_env_airflow/lib/python3.10/site-packages/airflow/example_dags/example_bash_operator.py
[2023-07-30T22:53:35.437+0300] {processor.py:826} INFO - Processing file /Users/olgastash/neoflex_env_airflow/lib/python3.10/site-packages/airflow/example_dags/example_bash_operator.py for tasks to queue
[2023-07-30T22:53:35.438+0300] {logging_mixin.py:150} INFO - [2023-07-30T22:53:35.438+0300] {dagbag.py:541} INFO - Filling up the DagBag from /Users/olgastash/neoflex_env_airflow/lib/python3.10/site-packages/airflow/example_dags/example_bash_operator.py
[2023-07-30T22:53:35.517+0300] {processor.py:836} INFO - DAG(s) dict_keys(['example_bash_operator']) retrieved from /Users/olgastash/neoflex_env_airflow/lib/python3.10/site-packages/airflow/example_dags/example_bash_operator.py
[2023-07-30T22:53:36.478+0300] {logging_mixin.py:150} INFO - [2023-07-30T22:53:36.477+0300] {dag.py:2742} INFO - Sync 1 DAGs
[2023-07-30T22:53:36.500+0300] {logging_mixin.py:150} INFO - [2023-07-30T22:53:36.500+0300] {dag.py:3504} INFO - Setting next_dagrun for example_bash_operator to 2023-07-29T00:00:00+00:00, run_after=2023-07-30T00:00:00+00:00
[2023-07-30T22:53:36.522+0300] {processor.py:179} INFO - Processing /Users/olgastash/neoflex_env_airflow/lib/python3.10/site-packages/airflow/example_dags/example_bash_operator.py took 1.087 seconds
[2023-07-30T22:58:08.778+0300] {processor.py:157} INFO - Started process (PID=39971) to work on /Users/olgastash/neoflex_env_airflow/lib/python3.10/site-packages/airflow/example_dags/example_bash_operator.py
[2023-07-30T22:58:08.779+0300] {processor.py:826} INFO - Processing file /Users/olgastash/neoflex_env_airflow/lib/python3.10/site-packages/airflow/example_dags/example_bash_operator.py for tasks to queue
[2023-07-30T22:58:08.779+0300] {logging_mixin.py:150} INFO - [2023-07-30T22:58:08.779+0300] {dagbag.py:541} INFO - Filling up the DagBag from /Users/olgastash/neoflex_env_airflow/lib/python3.10/site-packages/airflow/example_dags/example_bash_operator.py
[2023-07-30T22:58:08.855+0300] {processor.py:836} INFO - DAG(s) dict_keys(['example_bash_operator']) retrieved from /Users/olgastash/neoflex_env_airflow/lib/python3.10/site-packages/airflow/example_dags/example_bash_operator.py
[2023-07-30T22:58:09.817+0300] {logging_mixin.py:150} INFO - [2023-07-30T22:58:09.817+0300] {dag.py:2742} INFO - Sync 1 DAGs
[2023-07-30T22:58:09.840+0300] {logging_mixin.py:150} INFO - [2023-07-30T22:58:09.839+0300] {dag.py:3504} INFO - Setting next_dagrun for example_bash_operator to 2023-07-29T00:00:00+00:00, run_after=2023-07-30T00:00:00+00:00
[2023-07-30T22:58:09.862+0300] {processor.py:179} INFO - Processing /Users/olgastash/neoflex_env_airflow/lib/python3.10/site-packages/airflow/example_dags/example_bash_operator.py took 1.085 seconds
[2023-07-30T23:02:40.739+0300] {processor.py:157} INFO - Started process (PID=40216) to work on /Users/olgastash/neoflex_env_airflow/lib/python3.10/site-packages/airflow/example_dags/example_bash_operator.py
[2023-07-30T23:02:40.740+0300] {processor.py:826} INFO - Processing file /Users/olgastash/neoflex_env_airflow/lib/python3.10/site-packages/airflow/example_dags/example_bash_operator.py for tasks to queue
[2023-07-30T23:02:40.741+0300] {logging_mixin.py:150} INFO - [2023-07-30T23:02:40.741+0300] {dagbag.py:541} INFO - Filling up the DagBag from /Users/olgastash/neoflex_env_airflow/lib/python3.10/site-packages/airflow/example_dags/example_bash_operator.py
[2023-07-30T23:02:40.821+0300] {processor.py:836} INFO - DAG(s) dict_keys(['example_bash_operator']) retrieved from /Users/olgastash/neoflex_env_airflow/lib/python3.10/site-packages/airflow/example_dags/example_bash_operator.py
[2023-07-30T23:02:41.889+0300] {logging_mixin.py:150} INFO - [2023-07-30T23:02:41.889+0300] {dag.py:2742} INFO - Sync 1 DAGs
[2023-07-30T23:02:41.910+0300] {logging_mixin.py:150} INFO - [2023-07-30T23:02:41.910+0300] {dag.py:3504} INFO - Setting next_dagrun for example_bash_operator to 2023-07-29T00:00:00+00:00, run_after=2023-07-30T00:00:00+00:00
[2023-07-30T23:02:41.931+0300] {processor.py:179} INFO - Processing /Users/olgastash/neoflex_env_airflow/lib/python3.10/site-packages/airflow/example_dags/example_bash_operator.py took 1.193 seconds
