[2023-07-30T18:29:55.266+0300] {processor.py:157} INFO - Started process (PID=29009) to work on /Users/olgastash/neoflex_env_airflow/lib/python3.10/site-packages/airflow/example_dags/example_branch_day_of_week_operator.py
[2023-07-30T18:29:55.267+0300] {processor.py:826} INFO - Processing file /Users/olgastash/neoflex_env_airflow/lib/python3.10/site-packages/airflow/example_dags/example_branch_day_of_week_operator.py for tasks to queue
[2023-07-30T18:29:55.267+0300] {logging_mixin.py:150} INFO - [2023-07-30T18:29:55.267+0300] {dagbag.py:541} INFO - Filling up the DagBag from /Users/olgastash/neoflex_env_airflow/lib/python3.10/site-packages/airflow/example_dags/example_branch_day_of_week_operator.py
[2023-07-30T18:29:55.292+0300] {processor.py:836} INFO - DAG(s) dict_keys(['example_weekday_branch_operator']) retrieved from /Users/olgastash/neoflex_env_airflow/lib/python3.10/site-packages/airflow/example_dags/example_branch_day_of_week_operator.py
[2023-07-30T18:29:56.255+0300] {logging_mixin.py:150} INFO - [2023-07-30T18:29:56.255+0300] {manager.py:504} INFO - Created Permission View: can delete on DAG:example_weekday_branch_operator
[2023-07-30T18:29:56.264+0300] {logging_mixin.py:150} INFO - [2023-07-30T18:29:56.264+0300] {manager.py:504} INFO - Created Permission View: can edit on DAG:example_weekday_branch_operator
[2023-07-30T18:29:56.270+0300] {logging_mixin.py:150} INFO - [2023-07-30T18:29:56.270+0300] {manager.py:504} INFO - Created Permission View: can read on DAG:example_weekday_branch_operator
[2023-07-30T18:29:56.282+0300] {logging_mixin.py:150} INFO - [2023-07-30T18:29:56.281+0300] {dag.py:2742} INFO - Sync 1 DAGs
[2023-07-30T18:29:56.293+0300] {logging_mixin.py:150} INFO - [2023-07-30T18:29:56.292+0300] {dag.py:2763} INFO - Creating ORM DAG for example_weekday_branch_operator
[2023-07-30T18:29:56.304+0300] {logging_mixin.py:150} INFO - [2023-07-30T18:29:56.303+0300] {dag.py:3504} INFO - Setting next_dagrun for example_weekday_branch_operator to 2023-07-29T00:00:00+00:00, run_after=2023-07-30T00:00:00+00:00
[2023-07-30T18:29:56.324+0300] {processor.py:179} INFO - Processing /Users/olgastash/neoflex_env_airflow/lib/python3.10/site-packages/airflow/example_dags/example_branch_day_of_week_operator.py took 1.059 seconds
[2023-07-30T18:33:54.207+0300] {processor.py:157} INFO - Started process (PID=29164) to work on /Users/olgastash/neoflex_env_airflow/lib/python3.10/site-packages/airflow/example_dags/example_branch_day_of_week_operator.py
[2023-07-30T18:33:54.209+0300] {processor.py:826} INFO - Processing file /Users/olgastash/neoflex_env_airflow/lib/python3.10/site-packages/airflow/example_dags/example_branch_day_of_week_operator.py for tasks to queue
[2023-07-30T18:33:54.209+0300] {logging_mixin.py:150} INFO - [2023-07-30T18:33:54.209+0300] {dagbag.py:541} INFO - Filling up the DagBag from /Users/olgastash/neoflex_env_airflow/lib/python3.10/site-packages/airflow/example_dags/example_branch_day_of_week_operator.py
[2023-07-30T18:33:54.234+0300] {processor.py:836} INFO - DAG(s) dict_keys(['example_weekday_branch_operator']) retrieved from /Users/olgastash/neoflex_env_airflow/lib/python3.10/site-packages/airflow/example_dags/example_branch_day_of_week_operator.py
[2023-07-30T18:33:55.123+0300] {logging_mixin.py:150} INFO - [2023-07-30T18:33:55.122+0300] {dag.py:2742} INFO - Sync 1 DAGs
[2023-07-30T18:33:55.144+0300] {logging_mixin.py:150} INFO - [2023-07-30T18:33:55.144+0300] {dag.py:3504} INFO - Setting next_dagrun for example_weekday_branch_operator to 2023-07-29T00:00:00+00:00, run_after=2023-07-30T00:00:00+00:00
[2023-07-30T18:33:55.163+0300] {processor.py:179} INFO - Processing /Users/olgastash/neoflex_env_airflow/lib/python3.10/site-packages/airflow/example_dags/example_branch_day_of_week_operator.py took 0.956 seconds
[2023-07-30T18:37:46.489+0300] {processor.py:157} INFO - Started process (PID=29313) to work on /Users/olgastash/neoflex_env_airflow/lib/python3.10/site-packages/airflow/example_dags/example_branch_day_of_week_operator.py
[2023-07-30T18:37:46.490+0300] {processor.py:826} INFO - Processing file /Users/olgastash/neoflex_env_airflow/lib/python3.10/site-packages/airflow/example_dags/example_branch_day_of_week_operator.py for tasks to queue
[2023-07-30T18:37:46.491+0300] {logging_mixin.py:150} INFO - [2023-07-30T18:37:46.491+0300] {dagbag.py:541} INFO - Filling up the DagBag from /Users/olgastash/neoflex_env_airflow/lib/python3.10/site-packages/airflow/example_dags/example_branch_day_of_week_operator.py
[2023-07-30T18:37:46.516+0300] {processor.py:836} INFO - DAG(s) dict_keys(['example_weekday_branch_operator']) retrieved from /Users/olgastash/neoflex_env_airflow/lib/python3.10/site-packages/airflow/example_dags/example_branch_day_of_week_operator.py
[2023-07-30T18:37:47.395+0300] {logging_mixin.py:150} INFO - [2023-07-30T18:37:47.395+0300] {dag.py:2742} INFO - Sync 1 DAGs
[2023-07-30T18:37:47.416+0300] {logging_mixin.py:150} INFO - [2023-07-30T18:37:47.416+0300] {dag.py:3504} INFO - Setting next_dagrun for example_weekday_branch_operator to 2023-07-29T00:00:00+00:00, run_after=2023-07-30T00:00:00+00:00
[2023-07-30T18:37:47.434+0300] {processor.py:179} INFO - Processing /Users/olgastash/neoflex_env_airflow/lib/python3.10/site-packages/airflow/example_dags/example_branch_day_of_week_operator.py took 0.946 seconds
[2023-07-30T18:41:46.051+0300] {processor.py:157} INFO - Started process (PID=29515) to work on /Users/olgastash/neoflex_env_airflow/lib/python3.10/site-packages/airflow/example_dags/example_branch_day_of_week_operator.py
[2023-07-30T18:41:46.052+0300] {processor.py:826} INFO - Processing file /Users/olgastash/neoflex_env_airflow/lib/python3.10/site-packages/airflow/example_dags/example_branch_day_of_week_operator.py for tasks to queue
[2023-07-30T18:41:46.052+0300] {logging_mixin.py:150} INFO - [2023-07-30T18:41:46.052+0300] {dagbag.py:541} INFO - Filling up the DagBag from /Users/olgastash/neoflex_env_airflow/lib/python3.10/site-packages/airflow/example_dags/example_branch_day_of_week_operator.py
[2023-07-30T18:41:46.077+0300] {processor.py:836} INFO - DAG(s) dict_keys(['example_weekday_branch_operator']) retrieved from /Users/olgastash/neoflex_env_airflow/lib/python3.10/site-packages/airflow/example_dags/example_branch_day_of_week_operator.py
[2023-07-30T18:41:46.946+0300] {logging_mixin.py:150} INFO - [2023-07-30T18:41:46.946+0300] {dag.py:2742} INFO - Sync 1 DAGs
[2023-07-30T18:41:46.967+0300] {logging_mixin.py:150} INFO - [2023-07-30T18:41:46.967+0300] {dag.py:3504} INFO - Setting next_dagrun for example_weekday_branch_operator to 2023-07-29T00:00:00+00:00, run_after=2023-07-30T00:00:00+00:00
[2023-07-30T18:41:46.986+0300] {processor.py:179} INFO - Processing /Users/olgastash/neoflex_env_airflow/lib/python3.10/site-packages/airflow/example_dags/example_branch_day_of_week_operator.py took 0.936 seconds
[2023-07-30T18:45:38.298+0300] {processor.py:157} INFO - Started process (PID=29677) to work on /Users/olgastash/neoflex_env_airflow/lib/python3.10/site-packages/airflow/example_dags/example_branch_day_of_week_operator.py
[2023-07-30T18:45:38.299+0300] {processor.py:826} INFO - Processing file /Users/olgastash/neoflex_env_airflow/lib/python3.10/site-packages/airflow/example_dags/example_branch_day_of_week_operator.py for tasks to queue
[2023-07-30T18:45:38.300+0300] {logging_mixin.py:150} INFO - [2023-07-30T18:45:38.300+0300] {dagbag.py:541} INFO - Filling up the DagBag from /Users/olgastash/neoflex_env_airflow/lib/python3.10/site-packages/airflow/example_dags/example_branch_day_of_week_operator.py
[2023-07-30T18:45:38.326+0300] {processor.py:836} INFO - DAG(s) dict_keys(['example_weekday_branch_operator']) retrieved from /Users/olgastash/neoflex_env_airflow/lib/python3.10/site-packages/airflow/example_dags/example_branch_day_of_week_operator.py
[2023-07-30T18:45:39.212+0300] {logging_mixin.py:150} INFO - [2023-07-30T18:45:39.211+0300] {dag.py:2742} INFO - Sync 1 DAGs
[2023-07-30T18:45:39.236+0300] {logging_mixin.py:150} INFO - [2023-07-30T18:45:39.236+0300] {dag.py:3504} INFO - Setting next_dagrun for example_weekday_branch_operator to 2023-07-29T00:00:00+00:00, run_after=2023-07-30T00:00:00+00:00
[2023-07-30T18:45:39.267+0300] {processor.py:179} INFO - Processing /Users/olgastash/neoflex_env_airflow/lib/python3.10/site-packages/airflow/example_dags/example_branch_day_of_week_operator.py took 0.970 seconds
[2023-07-30T18:49:28.419+0300] {processor.py:157} INFO - Started process (PID=29903) to work on /Users/olgastash/neoflex_env_airflow/lib/python3.10/site-packages/airflow/example_dags/example_branch_day_of_week_operator.py
[2023-07-30T18:49:28.420+0300] {processor.py:826} INFO - Processing file /Users/olgastash/neoflex_env_airflow/lib/python3.10/site-packages/airflow/example_dags/example_branch_day_of_week_operator.py for tasks to queue
[2023-07-30T18:49:28.420+0300] {logging_mixin.py:150} INFO - [2023-07-30T18:49:28.420+0300] {dagbag.py:541} INFO - Filling up the DagBag from /Users/olgastash/neoflex_env_airflow/lib/python3.10/site-packages/airflow/example_dags/example_branch_day_of_week_operator.py
[2023-07-30T18:49:28.445+0300] {processor.py:836} INFO - DAG(s) dict_keys(['example_weekday_branch_operator']) retrieved from /Users/olgastash/neoflex_env_airflow/lib/python3.10/site-packages/airflow/example_dags/example_branch_day_of_week_operator.py
[2023-07-30T18:49:29.307+0300] {logging_mixin.py:150} INFO - [2023-07-30T18:49:29.307+0300] {dag.py:2742} INFO - Sync 1 DAGs
[2023-07-30T18:49:29.328+0300] {logging_mixin.py:150} INFO - [2023-07-30T18:49:29.328+0300] {dag.py:3504} INFO - Setting next_dagrun for example_weekday_branch_operator to 2023-07-29T00:00:00+00:00, run_after=2023-07-30T00:00:00+00:00
[2023-07-30T18:49:29.347+0300] {processor.py:179} INFO - Processing /Users/olgastash/neoflex_env_airflow/lib/python3.10/site-packages/airflow/example_dags/example_branch_day_of_week_operator.py took 0.929 seconds
[2023-07-30T18:53:22.384+0300] {processor.py:157} INFO - Started process (PID=30088) to work on /Users/olgastash/neoflex_env_airflow/lib/python3.10/site-packages/airflow/example_dags/example_branch_day_of_week_operator.py
[2023-07-30T18:53:22.385+0300] {processor.py:826} INFO - Processing file /Users/olgastash/neoflex_env_airflow/lib/python3.10/site-packages/airflow/example_dags/example_branch_day_of_week_operator.py for tasks to queue
[2023-07-30T18:53:22.386+0300] {logging_mixin.py:150} INFO - [2023-07-30T18:53:22.385+0300] {dagbag.py:541} INFO - Filling up the DagBag from /Users/olgastash/neoflex_env_airflow/lib/python3.10/site-packages/airflow/example_dags/example_branch_day_of_week_operator.py
[2023-07-30T18:53:22.411+0300] {processor.py:836} INFO - DAG(s) dict_keys(['example_weekday_branch_operator']) retrieved from /Users/olgastash/neoflex_env_airflow/lib/python3.10/site-packages/airflow/example_dags/example_branch_day_of_week_operator.py
[2023-07-30T18:53:23.286+0300] {logging_mixin.py:150} INFO - [2023-07-30T18:53:23.285+0300] {dag.py:2742} INFO - Sync 1 DAGs
[2023-07-30T18:53:23.307+0300] {logging_mixin.py:150} INFO - [2023-07-30T18:53:23.306+0300] {dag.py:3504} INFO - Setting next_dagrun for example_weekday_branch_operator to 2023-07-29T00:00:00+00:00, run_after=2023-07-30T00:00:00+00:00
[2023-07-30T18:53:23.325+0300] {processor.py:179} INFO - Processing /Users/olgastash/neoflex_env_airflow/lib/python3.10/site-packages/airflow/example_dags/example_branch_day_of_week_operator.py took 0.942 seconds
[2023-07-30T18:57:07.318+0300] {processor.py:157} INFO - Started process (PID=30295) to work on /Users/olgastash/neoflex_env_airflow/lib/python3.10/site-packages/airflow/example_dags/example_branch_day_of_week_operator.py
[2023-07-30T18:57:07.319+0300] {processor.py:826} INFO - Processing file /Users/olgastash/neoflex_env_airflow/lib/python3.10/site-packages/airflow/example_dags/example_branch_day_of_week_operator.py for tasks to queue
[2023-07-30T18:57:07.320+0300] {logging_mixin.py:150} INFO - [2023-07-30T18:57:07.320+0300] {dagbag.py:541} INFO - Filling up the DagBag from /Users/olgastash/neoflex_env_airflow/lib/python3.10/site-packages/airflow/example_dags/example_branch_day_of_week_operator.py
[2023-07-30T18:57:07.345+0300] {processor.py:836} INFO - DAG(s) dict_keys(['example_weekday_branch_operator']) retrieved from /Users/olgastash/neoflex_env_airflow/lib/python3.10/site-packages/airflow/example_dags/example_branch_day_of_week_operator.py
[2023-07-30T18:57:08.203+0300] {logging_mixin.py:150} INFO - [2023-07-30T18:57:08.202+0300] {dag.py:2742} INFO - Sync 1 DAGs
[2023-07-30T18:57:08.224+0300] {logging_mixin.py:150} INFO - [2023-07-30T18:57:08.223+0300] {dag.py:3504} INFO - Setting next_dagrun for example_weekday_branch_operator to 2023-07-29T00:00:00+00:00, run_after=2023-07-30T00:00:00+00:00
[2023-07-30T18:57:08.242+0300] {processor.py:179} INFO - Processing /Users/olgastash/neoflex_env_airflow/lib/python3.10/site-packages/airflow/example_dags/example_branch_day_of_week_operator.py took 0.925 seconds
[2023-07-30T19:01:08.642+0300] {processor.py:157} INFO - Started process (PID=30467) to work on /Users/olgastash/neoflex_env_airflow/lib/python3.10/site-packages/airflow/example_dags/example_branch_day_of_week_operator.py
[2023-07-30T19:01:08.643+0300] {processor.py:826} INFO - Processing file /Users/olgastash/neoflex_env_airflow/lib/python3.10/site-packages/airflow/example_dags/example_branch_day_of_week_operator.py for tasks to queue
[2023-07-30T19:01:08.643+0300] {logging_mixin.py:150} INFO - [2023-07-30T19:01:08.643+0300] {dagbag.py:541} INFO - Filling up the DagBag from /Users/olgastash/neoflex_env_airflow/lib/python3.10/site-packages/airflow/example_dags/example_branch_day_of_week_operator.py
[2023-07-30T19:01:08.668+0300] {processor.py:836} INFO - DAG(s) dict_keys(['example_weekday_branch_operator']) retrieved from /Users/olgastash/neoflex_env_airflow/lib/python3.10/site-packages/airflow/example_dags/example_branch_day_of_week_operator.py
[2023-07-30T19:01:09.640+0300] {logging_mixin.py:150} INFO - [2023-07-30T19:01:09.640+0300] {dag.py:2742} INFO - Sync 1 DAGs
[2023-07-30T19:01:09.660+0300] {logging_mixin.py:150} INFO - [2023-07-30T19:01:09.660+0300] {dag.py:3504} INFO - Setting next_dagrun for example_weekday_branch_operator to 2023-07-29T00:00:00+00:00, run_after=2023-07-30T00:00:00+00:00
[2023-07-30T19:01:09.681+0300] {processor.py:179} INFO - Processing /Users/olgastash/neoflex_env_airflow/lib/python3.10/site-packages/airflow/example_dags/example_branch_day_of_week_operator.py took 1.040 seconds
[2023-07-30T19:05:20.723+0300] {processor.py:157} INFO - Started process (PID=30631) to work on /Users/olgastash/neoflex_env_airflow/lib/python3.10/site-packages/airflow/example_dags/example_branch_day_of_week_operator.py
[2023-07-30T19:05:20.724+0300] {processor.py:826} INFO - Processing file /Users/olgastash/neoflex_env_airflow/lib/python3.10/site-packages/airflow/example_dags/example_branch_day_of_week_operator.py for tasks to queue
[2023-07-30T19:05:20.724+0300] {logging_mixin.py:150} INFO - [2023-07-30T19:05:20.724+0300] {dagbag.py:541} INFO - Filling up the DagBag from /Users/olgastash/neoflex_env_airflow/lib/python3.10/site-packages/airflow/example_dags/example_branch_day_of_week_operator.py
[2023-07-30T19:05:20.749+0300] {processor.py:836} INFO - DAG(s) dict_keys(['example_weekday_branch_operator']) retrieved from /Users/olgastash/neoflex_env_airflow/lib/python3.10/site-packages/airflow/example_dags/example_branch_day_of_week_operator.py
[2023-07-30T19:05:21.708+0300] {logging_mixin.py:150} INFO - [2023-07-30T19:05:21.708+0300] {dag.py:2742} INFO - Sync 1 DAGs
[2023-07-30T19:05:21.728+0300] {logging_mixin.py:150} INFO - [2023-07-30T19:05:21.728+0300] {dag.py:3504} INFO - Setting next_dagrun for example_weekday_branch_operator to 2023-07-29T00:00:00+00:00, run_after=2023-07-30T00:00:00+00:00
[2023-07-30T19:05:21.750+0300] {processor.py:179} INFO - Processing /Users/olgastash/neoflex_env_airflow/lib/python3.10/site-packages/airflow/example_dags/example_branch_day_of_week_operator.py took 1.028 seconds
[2023-07-30T19:09:11.691+0300] {processor.py:157} INFO - Started process (PID=30761) to work on /Users/olgastash/neoflex_env_airflow/lib/python3.10/site-packages/airflow/example_dags/example_branch_day_of_week_operator.py
[2023-07-30T19:09:11.693+0300] {processor.py:826} INFO - Processing file /Users/olgastash/neoflex_env_airflow/lib/python3.10/site-packages/airflow/example_dags/example_branch_day_of_week_operator.py for tasks to queue
[2023-07-30T19:09:11.693+0300] {logging_mixin.py:150} INFO - [2023-07-30T19:09:11.693+0300] {dagbag.py:541} INFO - Filling up the DagBag from /Users/olgastash/neoflex_env_airflow/lib/python3.10/site-packages/airflow/example_dags/example_branch_day_of_week_operator.py
[2023-07-30T19:09:11.718+0300] {processor.py:836} INFO - DAG(s) dict_keys(['example_weekday_branch_operator']) retrieved from /Users/olgastash/neoflex_env_airflow/lib/python3.10/site-packages/airflow/example_dags/example_branch_day_of_week_operator.py
[2023-07-30T19:09:12.695+0300] {logging_mixin.py:150} INFO - [2023-07-30T19:09:12.695+0300] {dag.py:2742} INFO - Sync 1 DAGs
[2023-07-30T19:09:12.719+0300] {logging_mixin.py:150} INFO - [2023-07-30T19:09:12.719+0300] {dag.py:3504} INFO - Setting next_dagrun for example_weekday_branch_operator to 2023-07-29T00:00:00+00:00, run_after=2023-07-30T00:00:00+00:00
[2023-07-30T19:09:12.742+0300] {processor.py:179} INFO - Processing /Users/olgastash/neoflex_env_airflow/lib/python3.10/site-packages/airflow/example_dags/example_branch_day_of_week_operator.py took 1.051 seconds
[2023-07-30T19:13:29.611+0300] {processor.py:157} INFO - Started process (PID=30923) to work on /Users/olgastash/neoflex_env_airflow/lib/python3.10/site-packages/airflow/example_dags/example_branch_day_of_week_operator.py
[2023-07-30T19:13:29.613+0300] {processor.py:826} INFO - Processing file /Users/olgastash/neoflex_env_airflow/lib/python3.10/site-packages/airflow/example_dags/example_branch_day_of_week_operator.py for tasks to queue
[2023-07-30T19:13:29.613+0300] {logging_mixin.py:150} INFO - [2023-07-30T19:13:29.613+0300] {dagbag.py:541} INFO - Filling up the DagBag from /Users/olgastash/neoflex_env_airflow/lib/python3.10/site-packages/airflow/example_dags/example_branch_day_of_week_operator.py
[2023-07-30T19:13:29.637+0300] {processor.py:836} INFO - DAG(s) dict_keys(['example_weekday_branch_operator']) retrieved from /Users/olgastash/neoflex_env_airflow/lib/python3.10/site-packages/airflow/example_dags/example_branch_day_of_week_operator.py
[2023-07-30T19:13:30.493+0300] {logging_mixin.py:150} INFO - [2023-07-30T19:13:30.493+0300] {dag.py:2742} INFO - Sync 1 DAGs
[2023-07-30T19:13:30.515+0300] {logging_mixin.py:150} INFO - [2023-07-30T19:13:30.514+0300] {dag.py:3504} INFO - Setting next_dagrun for example_weekday_branch_operator to 2023-07-29T00:00:00+00:00, run_after=2023-07-30T00:00:00+00:00
[2023-07-30T19:13:30.534+0300] {processor.py:179} INFO - Processing /Users/olgastash/neoflex_env_airflow/lib/python3.10/site-packages/airflow/example_dags/example_branch_day_of_week_operator.py took 0.926 seconds
[2023-07-30T19:17:32.170+0300] {processor.py:157} INFO - Started process (PID=31124) to work on /Users/olgastash/neoflex_env_airflow/lib/python3.10/site-packages/airflow/example_dags/example_branch_day_of_week_operator.py
[2023-07-30T19:17:32.171+0300] {processor.py:826} INFO - Processing file /Users/olgastash/neoflex_env_airflow/lib/python3.10/site-packages/airflow/example_dags/example_branch_day_of_week_operator.py for tasks to queue
[2023-07-30T19:17:32.172+0300] {logging_mixin.py:150} INFO - [2023-07-30T19:17:32.172+0300] {dagbag.py:541} INFO - Filling up the DagBag from /Users/olgastash/neoflex_env_airflow/lib/python3.10/site-packages/airflow/example_dags/example_branch_day_of_week_operator.py
[2023-07-30T19:17:32.196+0300] {processor.py:836} INFO - DAG(s) dict_keys(['example_weekday_branch_operator']) retrieved from /Users/olgastash/neoflex_env_airflow/lib/python3.10/site-packages/airflow/example_dags/example_branch_day_of_week_operator.py
[2023-07-30T19:17:33.242+0300] {logging_mixin.py:150} INFO - [2023-07-30T19:17:33.241+0300] {dag.py:2742} INFO - Sync 1 DAGs
[2023-07-30T19:17:33.262+0300] {logging_mixin.py:150} INFO - [2023-07-30T19:17:33.261+0300] {dag.py:3504} INFO - Setting next_dagrun for example_weekday_branch_operator to 2023-07-29T00:00:00+00:00, run_after=2023-07-30T00:00:00+00:00
[2023-07-30T19:17:33.285+0300] {processor.py:179} INFO - Processing /Users/olgastash/neoflex_env_airflow/lib/python3.10/site-packages/airflow/example_dags/example_branch_day_of_week_operator.py took 1.115 seconds
[2023-07-30T19:21:51.673+0300] {processor.py:157} INFO - Started process (PID=31283) to work on /Users/olgastash/neoflex_env_airflow/lib/python3.10/site-packages/airflow/example_dags/example_branch_day_of_week_operator.py
[2023-07-30T19:21:51.674+0300] {processor.py:826} INFO - Processing file /Users/olgastash/neoflex_env_airflow/lib/python3.10/site-packages/airflow/example_dags/example_branch_day_of_week_operator.py for tasks to queue
[2023-07-30T19:21:51.674+0300] {logging_mixin.py:150} INFO - [2023-07-30T19:21:51.674+0300] {dagbag.py:541} INFO - Filling up the DagBag from /Users/olgastash/neoflex_env_airflow/lib/python3.10/site-packages/airflow/example_dags/example_branch_day_of_week_operator.py
[2023-07-30T19:21:51.700+0300] {processor.py:836} INFO - DAG(s) dict_keys(['example_weekday_branch_operator']) retrieved from /Users/olgastash/neoflex_env_airflow/lib/python3.10/site-packages/airflow/example_dags/example_branch_day_of_week_operator.py
[2023-07-30T19:21:52.664+0300] {logging_mixin.py:150} INFO - [2023-07-30T19:21:52.664+0300] {dag.py:2742} INFO - Sync 1 DAGs
[2023-07-30T19:21:52.684+0300] {logging_mixin.py:150} INFO - [2023-07-30T19:21:52.684+0300] {dag.py:3504} INFO - Setting next_dagrun for example_weekday_branch_operator to 2023-07-29T00:00:00+00:00, run_after=2023-07-30T00:00:00+00:00
[2023-07-30T19:21:52.706+0300] {processor.py:179} INFO - Processing /Users/olgastash/neoflex_env_airflow/lib/python3.10/site-packages/airflow/example_dags/example_branch_day_of_week_operator.py took 1.034 seconds
[2023-07-30T19:25:53.996+0300] {processor.py:157} INFO - Started process (PID=31428) to work on /Users/olgastash/neoflex_env_airflow/lib/python3.10/site-packages/airflow/example_dags/example_branch_day_of_week_operator.py
[2023-07-30T19:25:53.998+0300] {processor.py:826} INFO - Processing file /Users/olgastash/neoflex_env_airflow/lib/python3.10/site-packages/airflow/example_dags/example_branch_day_of_week_operator.py for tasks to queue
[2023-07-30T19:25:53.998+0300] {logging_mixin.py:150} INFO - [2023-07-30T19:25:53.998+0300] {dagbag.py:541} INFO - Filling up the DagBag from /Users/olgastash/neoflex_env_airflow/lib/python3.10/site-packages/airflow/example_dags/example_branch_day_of_week_operator.py
[2023-07-30T19:25:54.023+0300] {processor.py:836} INFO - DAG(s) dict_keys(['example_weekday_branch_operator']) retrieved from /Users/olgastash/neoflex_env_airflow/lib/python3.10/site-packages/airflow/example_dags/example_branch_day_of_week_operator.py
[2023-07-30T19:25:54.979+0300] {logging_mixin.py:150} INFO - [2023-07-30T19:25:54.979+0300] {dag.py:2742} INFO - Sync 1 DAGs
[2023-07-30T19:25:54.999+0300] {logging_mixin.py:150} INFO - [2023-07-30T19:25:54.999+0300] {dag.py:3504} INFO - Setting next_dagrun for example_weekday_branch_operator to 2023-07-29T00:00:00+00:00, run_after=2023-07-30T00:00:00+00:00
[2023-07-30T19:25:55.021+0300] {processor.py:179} INFO - Processing /Users/olgastash/neoflex_env_airflow/lib/python3.10/site-packages/airflow/example_dags/example_branch_day_of_week_operator.py took 1.026 seconds
[2023-07-30T19:59:26.137+0300] {processor.py:157} INFO - Started process (PID=31621) to work on /Users/olgastash/neoflex_env_airflow/lib/python3.10/site-packages/airflow/example_dags/example_branch_day_of_week_operator.py
[2023-07-30T19:59:26.141+0300] {processor.py:826} INFO - Processing file /Users/olgastash/neoflex_env_airflow/lib/python3.10/site-packages/airflow/example_dags/example_branch_day_of_week_operator.py for tasks to queue
[2023-07-30T19:59:26.142+0300] {logging_mixin.py:150} INFO - [2023-07-30T19:59:26.142+0300] {dagbag.py:541} INFO - Filling up the DagBag from /Users/olgastash/neoflex_env_airflow/lib/python3.10/site-packages/airflow/example_dags/example_branch_day_of_week_operator.py
[2023-07-30T19:59:26.220+0300] {processor.py:836} INFO - DAG(s) dict_keys(['example_weekday_branch_operator']) retrieved from /Users/olgastash/neoflex_env_airflow/lib/python3.10/site-packages/airflow/example_dags/example_branch_day_of_week_operator.py
[2023-07-30T19:59:29.230+0300] {logging_mixin.py:150} INFO - [2023-07-30T19:59:29.229+0300] {dag.py:2742} INFO - Sync 1 DAGs
[2023-07-30T19:59:29.290+0300] {logging_mixin.py:150} INFO - [2023-07-30T19:59:29.290+0300] {dag.py:3504} INFO - Setting next_dagrun for example_weekday_branch_operator to 2023-07-29T00:00:00+00:00, run_after=2023-07-30T00:00:00+00:00
[2023-07-30T19:59:29.356+0300] {processor.py:179} INFO - Processing /Users/olgastash/neoflex_env_airflow/lib/python3.10/site-packages/airflow/example_dags/example_branch_day_of_week_operator.py took 3.221 seconds
[2023-07-30T20:14:31.419+0300] {processor.py:157} INFO - Started process (PID=31927) to work on /Users/olgastash/neoflex_env_airflow/lib/python3.10/site-packages/airflow/example_dags/example_branch_day_of_week_operator.py
[2023-07-30T20:14:31.420+0300] {processor.py:826} INFO - Processing file /Users/olgastash/neoflex_env_airflow/lib/python3.10/site-packages/airflow/example_dags/example_branch_day_of_week_operator.py for tasks to queue
[2023-07-30T20:14:31.421+0300] {logging_mixin.py:150} INFO - [2023-07-30T20:14:31.420+0300] {dagbag.py:541} INFO - Filling up the DagBag from /Users/olgastash/neoflex_env_airflow/lib/python3.10/site-packages/airflow/example_dags/example_branch_day_of_week_operator.py
[2023-07-30T20:14:31.445+0300] {processor.py:836} INFO - DAG(s) dict_keys(['example_weekday_branch_operator']) retrieved from /Users/olgastash/neoflex_env_airflow/lib/python3.10/site-packages/airflow/example_dags/example_branch_day_of_week_operator.py
[2023-07-30T20:14:32.420+0300] {logging_mixin.py:150} INFO - [2023-07-30T20:14:32.420+0300] {dag.py:2742} INFO - Sync 1 DAGs
[2023-07-30T20:14:32.440+0300] {logging_mixin.py:150} INFO - [2023-07-30T20:14:32.440+0300] {dag.py:3504} INFO - Setting next_dagrun for example_weekday_branch_operator to 2023-07-29T00:00:00+00:00, run_after=2023-07-30T00:00:00+00:00
[2023-07-30T20:14:32.462+0300] {processor.py:179} INFO - Processing /Users/olgastash/neoflex_env_airflow/lib/python3.10/site-packages/airflow/example_dags/example_branch_day_of_week_operator.py took 1.044 seconds
[2023-07-30T20:18:51.676+0300] {processor.py:157} INFO - Started process (PID=32149) to work on /Users/olgastash/neoflex_env_airflow/lib/python3.10/site-packages/airflow/example_dags/example_branch_day_of_week_operator.py
[2023-07-30T20:18:51.677+0300] {processor.py:826} INFO - Processing file /Users/olgastash/neoflex_env_airflow/lib/python3.10/site-packages/airflow/example_dags/example_branch_day_of_week_operator.py for tasks to queue
[2023-07-30T20:18:51.677+0300] {logging_mixin.py:150} INFO - [2023-07-30T20:18:51.677+0300] {dagbag.py:541} INFO - Filling up the DagBag from /Users/olgastash/neoflex_env_airflow/lib/python3.10/site-packages/airflow/example_dags/example_branch_day_of_week_operator.py
[2023-07-30T20:18:51.702+0300] {processor.py:836} INFO - DAG(s) dict_keys(['example_weekday_branch_operator']) retrieved from /Users/olgastash/neoflex_env_airflow/lib/python3.10/site-packages/airflow/example_dags/example_branch_day_of_week_operator.py
[2023-07-30T20:18:52.704+0300] {logging_mixin.py:150} INFO - [2023-07-30T20:18:52.704+0300] {dag.py:2742} INFO - Sync 1 DAGs
[2023-07-30T20:18:52.724+0300] {logging_mixin.py:150} INFO - [2023-07-30T20:18:52.724+0300] {dag.py:3504} INFO - Setting next_dagrun for example_weekday_branch_operator to 2023-07-29T00:00:00+00:00, run_after=2023-07-30T00:00:00+00:00
[2023-07-30T20:18:52.746+0300] {processor.py:179} INFO - Processing /Users/olgastash/neoflex_env_airflow/lib/python3.10/site-packages/airflow/example_dags/example_branch_day_of_week_operator.py took 1.071 seconds
[2023-07-30T20:23:26.640+0300] {processor.py:157} INFO - Started process (PID=32425) to work on /Users/olgastash/neoflex_env_airflow/lib/python3.10/site-packages/airflow/example_dags/example_branch_day_of_week_operator.py
[2023-07-30T20:23:26.641+0300] {processor.py:826} INFO - Processing file /Users/olgastash/neoflex_env_airflow/lib/python3.10/site-packages/airflow/example_dags/example_branch_day_of_week_operator.py for tasks to queue
[2023-07-30T20:23:26.642+0300] {logging_mixin.py:150} INFO - [2023-07-30T20:23:26.642+0300] {dagbag.py:541} INFO - Filling up the DagBag from /Users/olgastash/neoflex_env_airflow/lib/python3.10/site-packages/airflow/example_dags/example_branch_day_of_week_operator.py
[2023-07-30T20:23:26.666+0300] {processor.py:836} INFO - DAG(s) dict_keys(['example_weekday_branch_operator']) retrieved from /Users/olgastash/neoflex_env_airflow/lib/python3.10/site-packages/airflow/example_dags/example_branch_day_of_week_operator.py
[2023-07-30T20:23:27.710+0300] {logging_mixin.py:150} INFO - [2023-07-30T20:23:27.710+0300] {dag.py:2742} INFO - Sync 1 DAGs
[2023-07-30T20:23:27.739+0300] {logging_mixin.py:150} INFO - [2023-07-30T20:23:27.739+0300] {dag.py:3504} INFO - Setting next_dagrun for example_weekday_branch_operator to 2023-07-29T00:00:00+00:00, run_after=2023-07-30T00:00:00+00:00
[2023-07-30T20:23:27.768+0300] {processor.py:179} INFO - Processing /Users/olgastash/neoflex_env_airflow/lib/python3.10/site-packages/airflow/example_dags/example_branch_day_of_week_operator.py took 1.128 seconds
[2023-07-30T20:27:47.363+0300] {processor.py:157} INFO - Started process (PID=32607) to work on /Users/olgastash/neoflex_env_airflow/lib/python3.10/site-packages/airflow/example_dags/example_branch_day_of_week_operator.py
[2023-07-30T20:27:47.364+0300] {processor.py:826} INFO - Processing file /Users/olgastash/neoflex_env_airflow/lib/python3.10/site-packages/airflow/example_dags/example_branch_day_of_week_operator.py for tasks to queue
[2023-07-30T20:27:47.365+0300] {logging_mixin.py:150} INFO - [2023-07-30T20:27:47.365+0300] {dagbag.py:541} INFO - Filling up the DagBag from /Users/olgastash/neoflex_env_airflow/lib/python3.10/site-packages/airflow/example_dags/example_branch_day_of_week_operator.py
[2023-07-30T20:27:47.389+0300] {processor.py:836} INFO - DAG(s) dict_keys(['example_weekday_branch_operator']) retrieved from /Users/olgastash/neoflex_env_airflow/lib/python3.10/site-packages/airflow/example_dags/example_branch_day_of_week_operator.py
[2023-07-30T20:27:48.353+0300] {logging_mixin.py:150} INFO - [2023-07-30T20:27:48.353+0300] {dag.py:2742} INFO - Sync 1 DAGs
[2023-07-30T20:27:48.373+0300] {logging_mixin.py:150} INFO - [2023-07-30T20:27:48.373+0300] {dag.py:3504} INFO - Setting next_dagrun for example_weekday_branch_operator to 2023-07-29T00:00:00+00:00, run_after=2023-07-30T00:00:00+00:00
[2023-07-30T20:27:48.393+0300] {processor.py:179} INFO - Processing /Users/olgastash/neoflex_env_airflow/lib/python3.10/site-packages/airflow/example_dags/example_branch_day_of_week_operator.py took 1.032 seconds
[2023-07-30T20:32:10.022+0300] {processor.py:157} INFO - Started process (PID=32823) to work on /Users/olgastash/neoflex_env_airflow/lib/python3.10/site-packages/airflow/example_dags/example_branch_day_of_week_operator.py
[2023-07-30T20:32:10.024+0300] {processor.py:826} INFO - Processing file /Users/olgastash/neoflex_env_airflow/lib/python3.10/site-packages/airflow/example_dags/example_branch_day_of_week_operator.py for tasks to queue
[2023-07-30T20:32:10.024+0300] {logging_mixin.py:150} INFO - [2023-07-30T20:32:10.024+0300] {dagbag.py:541} INFO - Filling up the DagBag from /Users/olgastash/neoflex_env_airflow/lib/python3.10/site-packages/airflow/example_dags/example_branch_day_of_week_operator.py
[2023-07-30T20:32:10.049+0300] {processor.py:836} INFO - DAG(s) dict_keys(['example_weekday_branch_operator']) retrieved from /Users/olgastash/neoflex_env_airflow/lib/python3.10/site-packages/airflow/example_dags/example_branch_day_of_week_operator.py
[2023-07-30T20:32:11.044+0300] {logging_mixin.py:150} INFO - [2023-07-30T20:32:11.043+0300] {dag.py:2742} INFO - Sync 1 DAGs
[2023-07-30T20:32:11.066+0300] {logging_mixin.py:150} INFO - [2023-07-30T20:32:11.065+0300] {dag.py:3504} INFO - Setting next_dagrun for example_weekday_branch_operator to 2023-07-29T00:00:00+00:00, run_after=2023-07-30T00:00:00+00:00
[2023-07-30T20:32:11.087+0300] {processor.py:179} INFO - Processing /Users/olgastash/neoflex_env_airflow/lib/python3.10/site-packages/airflow/example_dags/example_branch_day_of_week_operator.py took 1.065 seconds
[2023-07-30T20:36:23.602+0300] {processor.py:157} INFO - Started process (PID=33076) to work on /Users/olgastash/neoflex_env_airflow/lib/python3.10/site-packages/airflow/example_dags/example_branch_day_of_week_operator.py
[2023-07-30T20:36:23.603+0300] {processor.py:826} INFO - Processing file /Users/olgastash/neoflex_env_airflow/lib/python3.10/site-packages/airflow/example_dags/example_branch_day_of_week_operator.py for tasks to queue
[2023-07-30T20:36:23.604+0300] {logging_mixin.py:150} INFO - [2023-07-30T20:36:23.604+0300] {dagbag.py:541} INFO - Filling up the DagBag from /Users/olgastash/neoflex_env_airflow/lib/python3.10/site-packages/airflow/example_dags/example_branch_day_of_week_operator.py
[2023-07-30T20:36:23.628+0300] {processor.py:836} INFO - DAG(s) dict_keys(['example_weekday_branch_operator']) retrieved from /Users/olgastash/neoflex_env_airflow/lib/python3.10/site-packages/airflow/example_dags/example_branch_day_of_week_operator.py
[2023-07-30T20:36:24.605+0300] {logging_mixin.py:150} INFO - [2023-07-30T20:36:24.604+0300] {dag.py:2742} INFO - Sync 1 DAGs
[2023-07-30T20:36:24.626+0300] {logging_mixin.py:150} INFO - [2023-07-30T20:36:24.625+0300] {dag.py:3504} INFO - Setting next_dagrun for example_weekday_branch_operator to 2023-07-29T00:00:00+00:00, run_after=2023-07-30T00:00:00+00:00
[2023-07-30T20:36:24.646+0300] {processor.py:179} INFO - Processing /Users/olgastash/neoflex_env_airflow/lib/python3.10/site-packages/airflow/example_dags/example_branch_day_of_week_operator.py took 1.045 seconds
[2023-07-30T20:40:42.556+0300] {processor.py:157} INFO - Started process (PID=33333) to work on /Users/olgastash/neoflex_env_airflow/lib/python3.10/site-packages/airflow/example_dags/example_branch_day_of_week_operator.py
[2023-07-30T20:40:42.557+0300] {processor.py:826} INFO - Processing file /Users/olgastash/neoflex_env_airflow/lib/python3.10/site-packages/airflow/example_dags/example_branch_day_of_week_operator.py for tasks to queue
[2023-07-30T20:40:42.558+0300] {logging_mixin.py:150} INFO - [2023-07-30T20:40:42.557+0300] {dagbag.py:541} INFO - Filling up the DagBag from /Users/olgastash/neoflex_env_airflow/lib/python3.10/site-packages/airflow/example_dags/example_branch_day_of_week_operator.py
[2023-07-30T20:40:42.584+0300] {processor.py:836} INFO - DAG(s) dict_keys(['example_weekday_branch_operator']) retrieved from /Users/olgastash/neoflex_env_airflow/lib/python3.10/site-packages/airflow/example_dags/example_branch_day_of_week_operator.py
[2023-07-30T20:40:43.599+0300] {logging_mixin.py:150} INFO - [2023-07-30T20:40:43.598+0300] {dag.py:2742} INFO - Sync 1 DAGs
[2023-07-30T20:40:43.621+0300] {logging_mixin.py:150} INFO - [2023-07-30T20:40:43.621+0300] {dag.py:3504} INFO - Setting next_dagrun for example_weekday_branch_operator to 2023-07-29T00:00:00+00:00, run_after=2023-07-30T00:00:00+00:00
[2023-07-30T20:40:43.643+0300] {processor.py:179} INFO - Processing /Users/olgastash/neoflex_env_airflow/lib/python3.10/site-packages/airflow/example_dags/example_branch_day_of_week_operator.py took 1.088 seconds
[2023-07-30T20:44:59.349+0300] {processor.py:157} INFO - Started process (PID=33602) to work on /Users/olgastash/neoflex_env_airflow/lib/python3.10/site-packages/airflow/example_dags/example_branch_day_of_week_operator.py
[2023-07-30T20:44:59.350+0300] {processor.py:826} INFO - Processing file /Users/olgastash/neoflex_env_airflow/lib/python3.10/site-packages/airflow/example_dags/example_branch_day_of_week_operator.py for tasks to queue
[2023-07-30T20:44:59.351+0300] {logging_mixin.py:150} INFO - [2023-07-30T20:44:59.351+0300] {dagbag.py:541} INFO - Filling up the DagBag from /Users/olgastash/neoflex_env_airflow/lib/python3.10/site-packages/airflow/example_dags/example_branch_day_of_week_operator.py
[2023-07-30T20:44:59.376+0300] {processor.py:836} INFO - DAG(s) dict_keys(['example_weekday_branch_operator']) retrieved from /Users/olgastash/neoflex_env_airflow/lib/python3.10/site-packages/airflow/example_dags/example_branch_day_of_week_operator.py
[2023-07-30T20:45:00.375+0300] {logging_mixin.py:150} INFO - [2023-07-30T20:45:00.374+0300] {dag.py:2742} INFO - Sync 1 DAGs
[2023-07-30T20:45:00.396+0300] {logging_mixin.py:150} INFO - [2023-07-30T20:45:00.395+0300] {dag.py:3504} INFO - Setting next_dagrun for example_weekday_branch_operator to 2023-07-29T00:00:00+00:00, run_after=2023-07-30T00:00:00+00:00
[2023-07-30T20:45:00.416+0300] {processor.py:179} INFO - Processing /Users/olgastash/neoflex_env_airflow/lib/python3.10/site-packages/airflow/example_dags/example_branch_day_of_week_operator.py took 1.067 seconds
[2023-07-30T20:49:17.089+0300] {processor.py:157} INFO - Started process (PID=33823) to work on /Users/olgastash/neoflex_env_airflow/lib/python3.10/site-packages/airflow/example_dags/example_branch_day_of_week_operator.py
[2023-07-30T20:49:17.090+0300] {processor.py:826} INFO - Processing file /Users/olgastash/neoflex_env_airflow/lib/python3.10/site-packages/airflow/example_dags/example_branch_day_of_week_operator.py for tasks to queue
[2023-07-30T20:49:17.091+0300] {logging_mixin.py:150} INFO - [2023-07-30T20:49:17.091+0300] {dagbag.py:541} INFO - Filling up the DagBag from /Users/olgastash/neoflex_env_airflow/lib/python3.10/site-packages/airflow/example_dags/example_branch_day_of_week_operator.py
[2023-07-30T20:49:17.117+0300] {processor.py:836} INFO - DAG(s) dict_keys(['example_weekday_branch_operator']) retrieved from /Users/olgastash/neoflex_env_airflow/lib/python3.10/site-packages/airflow/example_dags/example_branch_day_of_week_operator.py
[2023-07-30T20:49:18.201+0300] {logging_mixin.py:150} INFO - [2023-07-30T20:49:18.200+0300] {dag.py:2742} INFO - Sync 1 DAGs
[2023-07-30T20:49:18.234+0300] {logging_mixin.py:150} INFO - [2023-07-30T20:49:18.234+0300] {dag.py:3504} INFO - Setting next_dagrun for example_weekday_branch_operator to 2023-07-29T00:00:00+00:00, run_after=2023-07-30T00:00:00+00:00
[2023-07-30T20:49:18.262+0300] {processor.py:179} INFO - Processing /Users/olgastash/neoflex_env_airflow/lib/python3.10/site-packages/airflow/example_dags/example_branch_day_of_week_operator.py took 1.174 seconds
[2023-07-30T20:53:47.750+0300] {processor.py:157} INFO - Started process (PID=34059) to work on /Users/olgastash/neoflex_env_airflow/lib/python3.10/site-packages/airflow/example_dags/example_branch_day_of_week_operator.py
[2023-07-30T20:53:47.751+0300] {processor.py:826} INFO - Processing file /Users/olgastash/neoflex_env_airflow/lib/python3.10/site-packages/airflow/example_dags/example_branch_day_of_week_operator.py for tasks to queue
[2023-07-30T20:53:47.752+0300] {logging_mixin.py:150} INFO - [2023-07-30T20:53:47.752+0300] {dagbag.py:541} INFO - Filling up the DagBag from /Users/olgastash/neoflex_env_airflow/lib/python3.10/site-packages/airflow/example_dags/example_branch_day_of_week_operator.py
[2023-07-30T20:53:47.779+0300] {processor.py:836} INFO - DAG(s) dict_keys(['example_weekday_branch_operator']) retrieved from /Users/olgastash/neoflex_env_airflow/lib/python3.10/site-packages/airflow/example_dags/example_branch_day_of_week_operator.py
[2023-07-30T20:53:48.767+0300] {logging_mixin.py:150} INFO - [2023-07-30T20:53:48.766+0300] {dag.py:2742} INFO - Sync 1 DAGs
[2023-07-30T20:53:48.788+0300] {logging_mixin.py:150} INFO - [2023-07-30T20:53:48.788+0300] {dag.py:3504} INFO - Setting next_dagrun for example_weekday_branch_operator to 2023-07-29T00:00:00+00:00, run_after=2023-07-30T00:00:00+00:00
[2023-07-30T20:53:48.808+0300] {processor.py:179} INFO - Processing /Users/olgastash/neoflex_env_airflow/lib/python3.10/site-packages/airflow/example_dags/example_branch_day_of_week_operator.py took 1.059 seconds
[2023-07-30T20:58:12.287+0300] {processor.py:157} INFO - Started process (PID=34262) to work on /Users/olgastash/neoflex_env_airflow/lib/python3.10/site-packages/airflow/example_dags/example_branch_day_of_week_operator.py
[2023-07-30T20:58:12.288+0300] {processor.py:826} INFO - Processing file /Users/olgastash/neoflex_env_airflow/lib/python3.10/site-packages/airflow/example_dags/example_branch_day_of_week_operator.py for tasks to queue
[2023-07-30T20:58:12.289+0300] {logging_mixin.py:150} INFO - [2023-07-30T20:58:12.289+0300] {dagbag.py:541} INFO - Filling up the DagBag from /Users/olgastash/neoflex_env_airflow/lib/python3.10/site-packages/airflow/example_dags/example_branch_day_of_week_operator.py
[2023-07-30T20:58:12.316+0300] {processor.py:836} INFO - DAG(s) dict_keys(['example_weekday_branch_operator']) retrieved from /Users/olgastash/neoflex_env_airflow/lib/python3.10/site-packages/airflow/example_dags/example_branch_day_of_week_operator.py
[2023-07-30T20:58:13.372+0300] {logging_mixin.py:150} INFO - [2023-07-30T20:58:13.372+0300] {dag.py:2742} INFO - Sync 1 DAGs
[2023-07-30T20:58:13.402+0300] {logging_mixin.py:150} INFO - [2023-07-30T20:58:13.401+0300] {dag.py:3504} INFO - Setting next_dagrun for example_weekday_branch_operator to 2023-07-29T00:00:00+00:00, run_after=2023-07-30T00:00:00+00:00
[2023-07-30T20:58:13.430+0300] {processor.py:179} INFO - Processing /Users/olgastash/neoflex_env_airflow/lib/python3.10/site-packages/airflow/example_dags/example_branch_day_of_week_operator.py took 1.143 seconds
[2023-07-30T21:02:41.983+0300] {processor.py:157} INFO - Started process (PID=34442) to work on /Users/olgastash/neoflex_env_airflow/lib/python3.10/site-packages/airflow/example_dags/example_branch_day_of_week_operator.py
[2023-07-30T21:02:41.985+0300] {processor.py:826} INFO - Processing file /Users/olgastash/neoflex_env_airflow/lib/python3.10/site-packages/airflow/example_dags/example_branch_day_of_week_operator.py for tasks to queue
[2023-07-30T21:02:41.985+0300] {logging_mixin.py:150} INFO - [2023-07-30T21:02:41.985+0300] {dagbag.py:541} INFO - Filling up the DagBag from /Users/olgastash/neoflex_env_airflow/lib/python3.10/site-packages/airflow/example_dags/example_branch_day_of_week_operator.py
[2023-07-30T21:02:42.011+0300] {processor.py:836} INFO - DAG(s) dict_keys(['example_weekday_branch_operator']) retrieved from /Users/olgastash/neoflex_env_airflow/lib/python3.10/site-packages/airflow/example_dags/example_branch_day_of_week_operator.py
[2023-07-30T21:02:43.031+0300] {logging_mixin.py:150} INFO - [2023-07-30T21:02:43.031+0300] {dag.py:2742} INFO - Sync 1 DAGs
[2023-07-30T21:02:43.052+0300] {logging_mixin.py:150} INFO - [2023-07-30T21:02:43.052+0300] {dag.py:3504} INFO - Setting next_dagrun for example_weekday_branch_operator to 2023-07-29T00:00:00+00:00, run_after=2023-07-30T00:00:00+00:00
[2023-07-30T21:02:43.072+0300] {processor.py:179} INFO - Processing /Users/olgastash/neoflex_env_airflow/lib/python3.10/site-packages/airflow/example_dags/example_branch_day_of_week_operator.py took 1.090 seconds
[2023-07-30T21:07:18.594+0300] {processor.py:157} INFO - Started process (PID=34624) to work on /Users/olgastash/neoflex_env_airflow/lib/python3.10/site-packages/airflow/example_dags/example_branch_day_of_week_operator.py
[2023-07-30T21:07:18.595+0300] {processor.py:826} INFO - Processing file /Users/olgastash/neoflex_env_airflow/lib/python3.10/site-packages/airflow/example_dags/example_branch_day_of_week_operator.py for tasks to queue
[2023-07-30T21:07:18.596+0300] {logging_mixin.py:150} INFO - [2023-07-30T21:07:18.596+0300] {dagbag.py:541} INFO - Filling up the DagBag from /Users/olgastash/neoflex_env_airflow/lib/python3.10/site-packages/airflow/example_dags/example_branch_day_of_week_operator.py
[2023-07-30T21:07:18.623+0300] {processor.py:836} INFO - DAG(s) dict_keys(['example_weekday_branch_operator']) retrieved from /Users/olgastash/neoflex_env_airflow/lib/python3.10/site-packages/airflow/example_dags/example_branch_day_of_week_operator.py
[2023-07-30T21:07:19.603+0300] {logging_mixin.py:150} INFO - [2023-07-30T21:07:19.603+0300] {dag.py:2742} INFO - Sync 1 DAGs
[2023-07-30T21:07:19.624+0300] {logging_mixin.py:150} INFO - [2023-07-30T21:07:19.623+0300] {dag.py:3504} INFO - Setting next_dagrun for example_weekday_branch_operator to 2023-07-29T00:00:00+00:00, run_after=2023-07-30T00:00:00+00:00
[2023-07-30T21:07:19.645+0300] {processor.py:179} INFO - Processing /Users/olgastash/neoflex_env_airflow/lib/python3.10/site-packages/airflow/example_dags/example_branch_day_of_week_operator.py took 1.052 seconds
[2023-07-30T21:11:42.086+0300] {processor.py:157} INFO - Started process (PID=34849) to work on /Users/olgastash/neoflex_env_airflow/lib/python3.10/site-packages/airflow/example_dags/example_branch_day_of_week_operator.py
[2023-07-30T21:11:42.087+0300] {processor.py:826} INFO - Processing file /Users/olgastash/neoflex_env_airflow/lib/python3.10/site-packages/airflow/example_dags/example_branch_day_of_week_operator.py for tasks to queue
[2023-07-30T21:11:42.088+0300] {logging_mixin.py:150} INFO - [2023-07-30T21:11:42.088+0300] {dagbag.py:541} INFO - Filling up the DagBag from /Users/olgastash/neoflex_env_airflow/lib/python3.10/site-packages/airflow/example_dags/example_branch_day_of_week_operator.py
[2023-07-30T21:11:42.114+0300] {processor.py:836} INFO - DAG(s) dict_keys(['example_weekday_branch_operator']) retrieved from /Users/olgastash/neoflex_env_airflow/lib/python3.10/site-packages/airflow/example_dags/example_branch_day_of_week_operator.py
[2023-07-30T21:11:43.134+0300] {logging_mixin.py:150} INFO - [2023-07-30T21:11:43.134+0300] {dag.py:2742} INFO - Sync 1 DAGs
[2023-07-30T21:11:43.155+0300] {logging_mixin.py:150} INFO - [2023-07-30T21:11:43.155+0300] {dag.py:3504} INFO - Setting next_dagrun for example_weekday_branch_operator to 2023-07-29T00:00:00+00:00, run_after=2023-07-30T00:00:00+00:00
[2023-07-30T21:11:43.176+0300] {processor.py:179} INFO - Processing /Users/olgastash/neoflex_env_airflow/lib/python3.10/site-packages/airflow/example_dags/example_branch_day_of_week_operator.py took 1.091 seconds
[2023-07-30T21:16:23.058+0300] {processor.py:157} INFO - Started process (PID=35072) to work on /Users/olgastash/neoflex_env_airflow/lib/python3.10/site-packages/airflow/example_dags/example_branch_day_of_week_operator.py
[2023-07-30T21:16:23.060+0300] {processor.py:826} INFO - Processing file /Users/olgastash/neoflex_env_airflow/lib/python3.10/site-packages/airflow/example_dags/example_branch_day_of_week_operator.py for tasks to queue
[2023-07-30T21:16:23.062+0300] {logging_mixin.py:150} INFO - [2023-07-30T21:16:23.062+0300] {dagbag.py:541} INFO - Filling up the DagBag from /Users/olgastash/neoflex_env_airflow/lib/python3.10/site-packages/airflow/example_dags/example_branch_day_of_week_operator.py
[2023-07-30T21:16:23.099+0300] {processor.py:836} INFO - DAG(s) dict_keys(['example_weekday_branch_operator']) retrieved from /Users/olgastash/neoflex_env_airflow/lib/python3.10/site-packages/airflow/example_dags/example_branch_day_of_week_operator.py
[2023-07-30T21:16:24.154+0300] {logging_mixin.py:150} INFO - [2023-07-30T21:16:24.154+0300] {dag.py:2742} INFO - Sync 1 DAGs
[2023-07-30T21:16:24.176+0300] {logging_mixin.py:150} INFO - [2023-07-30T21:16:24.176+0300] {dag.py:3504} INFO - Setting next_dagrun for example_weekday_branch_operator to 2023-07-29T00:00:00+00:00, run_after=2023-07-30T00:00:00+00:00
[2023-07-30T21:16:24.197+0300] {processor.py:179} INFO - Processing /Users/olgastash/neoflex_env_airflow/lib/python3.10/site-packages/airflow/example_dags/example_branch_day_of_week_operator.py took 1.141 seconds
[2023-07-30T21:20:51.761+0300] {processor.py:157} INFO - Started process (PID=35236) to work on /Users/olgastash/neoflex_env_airflow/lib/python3.10/site-packages/airflow/example_dags/example_branch_day_of_week_operator.py
[2023-07-30T21:20:51.762+0300] {processor.py:826} INFO - Processing file /Users/olgastash/neoflex_env_airflow/lib/python3.10/site-packages/airflow/example_dags/example_branch_day_of_week_operator.py for tasks to queue
[2023-07-30T21:20:51.763+0300] {logging_mixin.py:150} INFO - [2023-07-30T21:20:51.763+0300] {dagbag.py:541} INFO - Filling up the DagBag from /Users/olgastash/neoflex_env_airflow/lib/python3.10/site-packages/airflow/example_dags/example_branch_day_of_week_operator.py
[2023-07-30T21:20:51.787+0300] {processor.py:836} INFO - DAG(s) dict_keys(['example_weekday_branch_operator']) retrieved from /Users/olgastash/neoflex_env_airflow/lib/python3.10/site-packages/airflow/example_dags/example_branch_day_of_week_operator.py
[2023-07-30T21:20:52.759+0300] {logging_mixin.py:150} INFO - [2023-07-30T21:20:52.759+0300] {dag.py:2742} INFO - Sync 1 DAGs
[2023-07-30T21:20:52.780+0300] {logging_mixin.py:150} INFO - [2023-07-30T21:20:52.780+0300] {dag.py:3504} INFO - Setting next_dagrun for example_weekday_branch_operator to 2023-07-29T00:00:00+00:00, run_after=2023-07-30T00:00:00+00:00
[2023-07-30T21:20:52.801+0300] {processor.py:179} INFO - Processing /Users/olgastash/neoflex_env_airflow/lib/python3.10/site-packages/airflow/example_dags/example_branch_day_of_week_operator.py took 1.040 seconds
[2023-07-30T21:25:08.300+0300] {processor.py:157} INFO - Started process (PID=35414) to work on /Users/olgastash/neoflex_env_airflow/lib/python3.10/site-packages/airflow/example_dags/example_branch_day_of_week_operator.py
[2023-07-30T21:25:08.301+0300] {processor.py:826} INFO - Processing file /Users/olgastash/neoflex_env_airflow/lib/python3.10/site-packages/airflow/example_dags/example_branch_day_of_week_operator.py for tasks to queue
[2023-07-30T21:25:08.302+0300] {logging_mixin.py:150} INFO - [2023-07-30T21:25:08.302+0300] {dagbag.py:541} INFO - Filling up the DagBag from /Users/olgastash/neoflex_env_airflow/lib/python3.10/site-packages/airflow/example_dags/example_branch_day_of_week_operator.py
[2023-07-30T21:25:08.327+0300] {processor.py:836} INFO - DAG(s) dict_keys(['example_weekday_branch_operator']) retrieved from /Users/olgastash/neoflex_env_airflow/lib/python3.10/site-packages/airflow/example_dags/example_branch_day_of_week_operator.py
[2023-07-30T21:25:09.334+0300] {logging_mixin.py:150} INFO - [2023-07-30T21:25:09.334+0300] {dag.py:2742} INFO - Sync 1 DAGs
[2023-07-30T21:25:09.355+0300] {logging_mixin.py:150} INFO - [2023-07-30T21:25:09.355+0300] {dag.py:3504} INFO - Setting next_dagrun for example_weekday_branch_operator to 2023-07-29T00:00:00+00:00, run_after=2023-07-30T00:00:00+00:00
[2023-07-30T21:25:09.376+0300] {processor.py:179} INFO - Processing /Users/olgastash/neoflex_env_airflow/lib/python3.10/site-packages/airflow/example_dags/example_branch_day_of_week_operator.py took 1.076 seconds
[2023-07-30T21:29:32.590+0300] {processor.py:157} INFO - Started process (PID=35633) to work on /Users/olgastash/neoflex_env_airflow/lib/python3.10/site-packages/airflow/example_dags/example_branch_day_of_week_operator.py
[2023-07-30T21:29:32.591+0300] {processor.py:826} INFO - Processing file /Users/olgastash/neoflex_env_airflow/lib/python3.10/site-packages/airflow/example_dags/example_branch_day_of_week_operator.py for tasks to queue
[2023-07-30T21:29:32.592+0300] {logging_mixin.py:150} INFO - [2023-07-30T21:29:32.592+0300] {dagbag.py:541} INFO - Filling up the DagBag from /Users/olgastash/neoflex_env_airflow/lib/python3.10/site-packages/airflow/example_dags/example_branch_day_of_week_operator.py
[2023-07-30T21:29:32.618+0300] {processor.py:836} INFO - DAG(s) dict_keys(['example_weekday_branch_operator']) retrieved from /Users/olgastash/neoflex_env_airflow/lib/python3.10/site-packages/airflow/example_dags/example_branch_day_of_week_operator.py
[2023-07-30T21:29:33.540+0300] {logging_mixin.py:150} INFO - [2023-07-30T21:29:33.540+0300] {dag.py:2742} INFO - Sync 1 DAGs
[2023-07-30T21:29:33.560+0300] {logging_mixin.py:150} INFO - [2023-07-30T21:29:33.560+0300] {dag.py:3504} INFO - Setting next_dagrun for example_weekday_branch_operator to 2023-07-29T00:00:00+00:00, run_after=2023-07-30T00:00:00+00:00
[2023-07-30T21:29:33.582+0300] {processor.py:179} INFO - Processing /Users/olgastash/neoflex_env_airflow/lib/python3.10/site-packages/airflow/example_dags/example_branch_day_of_week_operator.py took 0.993 seconds
[2023-07-30T21:33:43.248+0300] {processor.py:157} INFO - Started process (PID=35810) to work on /Users/olgastash/neoflex_env_airflow/lib/python3.10/site-packages/airflow/example_dags/example_branch_day_of_week_operator.py
[2023-07-30T21:33:43.249+0300] {processor.py:826} INFO - Processing file /Users/olgastash/neoflex_env_airflow/lib/python3.10/site-packages/airflow/example_dags/example_branch_day_of_week_operator.py for tasks to queue
[2023-07-30T21:33:43.250+0300] {logging_mixin.py:150} INFO - [2023-07-30T21:33:43.249+0300] {dagbag.py:541} INFO - Filling up the DagBag from /Users/olgastash/neoflex_env_airflow/lib/python3.10/site-packages/airflow/example_dags/example_branch_day_of_week_operator.py
[2023-07-30T21:33:43.274+0300] {processor.py:836} INFO - DAG(s) dict_keys(['example_weekday_branch_operator']) retrieved from /Users/olgastash/neoflex_env_airflow/lib/python3.10/site-packages/airflow/example_dags/example_branch_day_of_week_operator.py
[2023-07-30T21:33:44.263+0300] {logging_mixin.py:150} INFO - [2023-07-30T21:33:44.263+0300] {dag.py:2742} INFO - Sync 1 DAGs
[2023-07-30T21:33:44.285+0300] {logging_mixin.py:150} INFO - [2023-07-30T21:33:44.285+0300] {dag.py:3504} INFO - Setting next_dagrun for example_weekday_branch_operator to 2023-07-29T00:00:00+00:00, run_after=2023-07-30T00:00:00+00:00
[2023-07-30T21:33:44.307+0300] {processor.py:179} INFO - Processing /Users/olgastash/neoflex_env_airflow/lib/python3.10/site-packages/airflow/example_dags/example_branch_day_of_week_operator.py took 1.059 seconds
[2023-07-30T21:38:04.870+0300] {processor.py:157} INFO - Started process (PID=36014) to work on /Users/olgastash/neoflex_env_airflow/lib/python3.10/site-packages/airflow/example_dags/example_branch_day_of_week_operator.py
[2023-07-30T21:38:04.871+0300] {processor.py:826} INFO - Processing file /Users/olgastash/neoflex_env_airflow/lib/python3.10/site-packages/airflow/example_dags/example_branch_day_of_week_operator.py for tasks to queue
[2023-07-30T21:38:04.872+0300] {logging_mixin.py:150} INFO - [2023-07-30T21:38:04.872+0300] {dagbag.py:541} INFO - Filling up the DagBag from /Users/olgastash/neoflex_env_airflow/lib/python3.10/site-packages/airflow/example_dags/example_branch_day_of_week_operator.py
[2023-07-30T21:38:04.897+0300] {processor.py:836} INFO - DAG(s) dict_keys(['example_weekday_branch_operator']) retrieved from /Users/olgastash/neoflex_env_airflow/lib/python3.10/site-packages/airflow/example_dags/example_branch_day_of_week_operator.py
[2023-07-30T21:38:05.866+0300] {logging_mixin.py:150} INFO - [2023-07-30T21:38:05.866+0300] {dag.py:2742} INFO - Sync 1 DAGs
[2023-07-30T21:38:05.886+0300] {logging_mixin.py:150} INFO - [2023-07-30T21:38:05.886+0300] {dag.py:3504} INFO - Setting next_dagrun for example_weekday_branch_operator to 2023-07-29T00:00:00+00:00, run_after=2023-07-30T00:00:00+00:00
[2023-07-30T21:38:05.907+0300] {processor.py:179} INFO - Processing /Users/olgastash/neoflex_env_airflow/lib/python3.10/site-packages/airflow/example_dags/example_branch_day_of_week_operator.py took 1.037 seconds
[2023-07-30T21:42:23.791+0300] {processor.py:157} INFO - Started process (PID=36244) to work on /Users/olgastash/neoflex_env_airflow/lib/python3.10/site-packages/airflow/example_dags/example_branch_day_of_week_operator.py
[2023-07-30T21:42:23.792+0300] {processor.py:826} INFO - Processing file /Users/olgastash/neoflex_env_airflow/lib/python3.10/site-packages/airflow/example_dags/example_branch_day_of_week_operator.py for tasks to queue
[2023-07-30T21:42:23.792+0300] {logging_mixin.py:150} INFO - [2023-07-30T21:42:23.792+0300] {dagbag.py:541} INFO - Filling up the DagBag from /Users/olgastash/neoflex_env_airflow/lib/python3.10/site-packages/airflow/example_dags/example_branch_day_of_week_operator.py
[2023-07-30T21:42:23.817+0300] {processor.py:836} INFO - DAG(s) dict_keys(['example_weekday_branch_operator']) retrieved from /Users/olgastash/neoflex_env_airflow/lib/python3.10/site-packages/airflow/example_dags/example_branch_day_of_week_operator.py
[2023-07-30T21:42:24.910+0300] {logging_mixin.py:150} INFO - [2023-07-30T21:42:24.910+0300] {dag.py:2742} INFO - Sync 1 DAGs
[2023-07-30T21:42:24.933+0300] {logging_mixin.py:150} INFO - [2023-07-30T21:42:24.932+0300] {dag.py:3504} INFO - Setting next_dagrun for example_weekday_branch_operator to 2023-07-29T00:00:00+00:00, run_after=2023-07-30T00:00:00+00:00
[2023-07-30T21:42:24.955+0300] {processor.py:179} INFO - Processing /Users/olgastash/neoflex_env_airflow/lib/python3.10/site-packages/airflow/example_dags/example_branch_day_of_week_operator.py took 1.165 seconds
[2023-07-30T21:46:45.836+0300] {processor.py:157} INFO - Started process (PID=36422) to work on /Users/olgastash/neoflex_env_airflow/lib/python3.10/site-packages/airflow/example_dags/example_branch_day_of_week_operator.py
[2023-07-30T21:46:45.837+0300] {processor.py:826} INFO - Processing file /Users/olgastash/neoflex_env_airflow/lib/python3.10/site-packages/airflow/example_dags/example_branch_day_of_week_operator.py for tasks to queue
[2023-07-30T21:46:45.838+0300] {logging_mixin.py:150} INFO - [2023-07-30T21:46:45.838+0300] {dagbag.py:541} INFO - Filling up the DagBag from /Users/olgastash/neoflex_env_airflow/lib/python3.10/site-packages/airflow/example_dags/example_branch_day_of_week_operator.py
[2023-07-30T21:46:45.864+0300] {processor.py:836} INFO - DAG(s) dict_keys(['example_weekday_branch_operator']) retrieved from /Users/olgastash/neoflex_env_airflow/lib/python3.10/site-packages/airflow/example_dags/example_branch_day_of_week_operator.py
[2023-07-30T21:46:46.909+0300] {logging_mixin.py:150} INFO - [2023-07-30T21:46:46.909+0300] {dag.py:2742} INFO - Sync 1 DAGs
[2023-07-30T21:46:46.932+0300] {logging_mixin.py:150} INFO - [2023-07-30T21:46:46.932+0300] {dag.py:3504} INFO - Setting next_dagrun for example_weekday_branch_operator to 2023-07-29T00:00:00+00:00, run_after=2023-07-30T00:00:00+00:00
[2023-07-30T21:46:46.954+0300] {processor.py:179} INFO - Processing /Users/olgastash/neoflex_env_airflow/lib/python3.10/site-packages/airflow/example_dags/example_branch_day_of_week_operator.py took 1.118 seconds
[2023-07-30T21:51:04.444+0300] {processor.py:157} INFO - Started process (PID=36617) to work on /Users/olgastash/neoflex_env_airflow/lib/python3.10/site-packages/airflow/example_dags/example_branch_day_of_week_operator.py
[2023-07-30T21:51:04.445+0300] {processor.py:826} INFO - Processing file /Users/olgastash/neoflex_env_airflow/lib/python3.10/site-packages/airflow/example_dags/example_branch_day_of_week_operator.py for tasks to queue
[2023-07-30T21:51:04.445+0300] {logging_mixin.py:150} INFO - [2023-07-30T21:51:04.445+0300] {dagbag.py:541} INFO - Filling up the DagBag from /Users/olgastash/neoflex_env_airflow/lib/python3.10/site-packages/airflow/example_dags/example_branch_day_of_week_operator.py
[2023-07-30T21:51:04.470+0300] {processor.py:836} INFO - DAG(s) dict_keys(['example_weekday_branch_operator']) retrieved from /Users/olgastash/neoflex_env_airflow/lib/python3.10/site-packages/airflow/example_dags/example_branch_day_of_week_operator.py
[2023-07-30T21:51:05.451+0300] {logging_mixin.py:150} INFO - [2023-07-30T21:51:05.451+0300] {dag.py:2742} INFO - Sync 1 DAGs
[2023-07-30T21:51:05.472+0300] {logging_mixin.py:150} INFO - [2023-07-30T21:51:05.472+0300] {dag.py:3504} INFO - Setting next_dagrun for example_weekday_branch_operator to 2023-07-29T00:00:00+00:00, run_after=2023-07-30T00:00:00+00:00
[2023-07-30T21:51:05.494+0300] {processor.py:179} INFO - Processing /Users/olgastash/neoflex_env_airflow/lib/python3.10/site-packages/airflow/example_dags/example_branch_day_of_week_operator.py took 1.051 seconds
[2023-07-30T21:55:23.248+0300] {processor.py:157} INFO - Started process (PID=36829) to work on /Users/olgastash/neoflex_env_airflow/lib/python3.10/site-packages/airflow/example_dags/example_branch_day_of_week_operator.py
[2023-07-30T21:55:23.249+0300] {processor.py:826} INFO - Processing file /Users/olgastash/neoflex_env_airflow/lib/python3.10/site-packages/airflow/example_dags/example_branch_day_of_week_operator.py for tasks to queue
[2023-07-30T21:55:23.250+0300] {logging_mixin.py:150} INFO - [2023-07-30T21:55:23.250+0300] {dagbag.py:541} INFO - Filling up the DagBag from /Users/olgastash/neoflex_env_airflow/lib/python3.10/site-packages/airflow/example_dags/example_branch_day_of_week_operator.py
[2023-07-30T21:55:23.277+0300] {processor.py:836} INFO - DAG(s) dict_keys(['example_weekday_branch_operator']) retrieved from /Users/olgastash/neoflex_env_airflow/lib/python3.10/site-packages/airflow/example_dags/example_branch_day_of_week_operator.py
[2023-07-30T21:55:24.264+0300] {logging_mixin.py:150} INFO - [2023-07-30T21:55:24.263+0300] {dag.py:2742} INFO - Sync 1 DAGs
[2023-07-30T21:55:24.285+0300] {logging_mixin.py:150} INFO - [2023-07-30T21:55:24.285+0300] {dag.py:3504} INFO - Setting next_dagrun for example_weekday_branch_operator to 2023-07-29T00:00:00+00:00, run_after=2023-07-30T00:00:00+00:00
[2023-07-30T21:55:24.306+0300] {processor.py:179} INFO - Processing /Users/olgastash/neoflex_env_airflow/lib/python3.10/site-packages/airflow/example_dags/example_branch_day_of_week_operator.py took 1.059 seconds
[2023-07-30T21:59:46.364+0300] {processor.py:157} INFO - Started process (PID=37019) to work on /Users/olgastash/neoflex_env_airflow/lib/python3.10/site-packages/airflow/example_dags/example_branch_day_of_week_operator.py
[2023-07-30T21:59:46.365+0300] {processor.py:826} INFO - Processing file /Users/olgastash/neoflex_env_airflow/lib/python3.10/site-packages/airflow/example_dags/example_branch_day_of_week_operator.py for tasks to queue
[2023-07-30T21:59:46.366+0300] {logging_mixin.py:150} INFO - [2023-07-30T21:59:46.366+0300] {dagbag.py:541} INFO - Filling up the DagBag from /Users/olgastash/neoflex_env_airflow/lib/python3.10/site-packages/airflow/example_dags/example_branch_day_of_week_operator.py
[2023-07-30T21:59:46.394+0300] {processor.py:836} INFO - DAG(s) dict_keys(['example_weekday_branch_operator']) retrieved from /Users/olgastash/neoflex_env_airflow/lib/python3.10/site-packages/airflow/example_dags/example_branch_day_of_week_operator.py
[2023-07-30T21:59:47.353+0300] {logging_mixin.py:150} INFO - [2023-07-30T21:59:47.353+0300] {dag.py:2742} INFO - Sync 1 DAGs
[2023-07-30T21:59:47.374+0300] {logging_mixin.py:150} INFO - [2023-07-30T21:59:47.374+0300] {dag.py:3504} INFO - Setting next_dagrun for example_weekday_branch_operator to 2023-07-29T00:00:00+00:00, run_after=2023-07-30T00:00:00+00:00
[2023-07-30T21:59:47.395+0300] {processor.py:179} INFO - Processing /Users/olgastash/neoflex_env_airflow/lib/python3.10/site-packages/airflow/example_dags/example_branch_day_of_week_operator.py took 1.031 seconds
[2023-07-30T22:04:15.063+0300] {processor.py:157} INFO - Started process (PID=37241) to work on /Users/olgastash/neoflex_env_airflow/lib/python3.10/site-packages/airflow/example_dags/example_branch_day_of_week_operator.py
[2023-07-30T22:04:15.064+0300] {processor.py:826} INFO - Processing file /Users/olgastash/neoflex_env_airflow/lib/python3.10/site-packages/airflow/example_dags/example_branch_day_of_week_operator.py for tasks to queue
[2023-07-30T22:04:15.064+0300] {logging_mixin.py:150} INFO - [2023-07-30T22:04:15.064+0300] {dagbag.py:541} INFO - Filling up the DagBag from /Users/olgastash/neoflex_env_airflow/lib/python3.10/site-packages/airflow/example_dags/example_branch_day_of_week_operator.py
[2023-07-30T22:04:15.090+0300] {processor.py:836} INFO - DAG(s) dict_keys(['example_weekday_branch_operator']) retrieved from /Users/olgastash/neoflex_env_airflow/lib/python3.10/site-packages/airflow/example_dags/example_branch_day_of_week_operator.py
[2023-07-30T22:04:16.174+0300] {logging_mixin.py:150} INFO - [2023-07-30T22:04:16.173+0300] {dag.py:2742} INFO - Sync 1 DAGs
[2023-07-30T22:04:16.195+0300] {logging_mixin.py:150} INFO - [2023-07-30T22:04:16.195+0300] {dag.py:3504} INFO - Setting next_dagrun for example_weekday_branch_operator to 2023-07-29T00:00:00+00:00, run_after=2023-07-30T00:00:00+00:00
[2023-07-30T22:04:16.216+0300] {processor.py:179} INFO - Processing /Users/olgastash/neoflex_env_airflow/lib/python3.10/site-packages/airflow/example_dags/example_branch_day_of_week_operator.py took 1.154 seconds
[2023-07-30T22:08:45.563+0300] {processor.py:157} INFO - Started process (PID=37443) to work on /Users/olgastash/neoflex_env_airflow/lib/python3.10/site-packages/airflow/example_dags/example_branch_day_of_week_operator.py
[2023-07-30T22:08:45.564+0300] {processor.py:826} INFO - Processing file /Users/olgastash/neoflex_env_airflow/lib/python3.10/site-packages/airflow/example_dags/example_branch_day_of_week_operator.py for tasks to queue
[2023-07-30T22:08:45.564+0300] {logging_mixin.py:150} INFO - [2023-07-30T22:08:45.564+0300] {dagbag.py:541} INFO - Filling up the DagBag from /Users/olgastash/neoflex_env_airflow/lib/python3.10/site-packages/airflow/example_dags/example_branch_day_of_week_operator.py
[2023-07-30T22:08:45.589+0300] {processor.py:836} INFO - DAG(s) dict_keys(['example_weekday_branch_operator']) retrieved from /Users/olgastash/neoflex_env_airflow/lib/python3.10/site-packages/airflow/example_dags/example_branch_day_of_week_operator.py
[2023-07-30T22:08:46.597+0300] {logging_mixin.py:150} INFO - [2023-07-30T22:08:46.597+0300] {dag.py:2742} INFO - Sync 1 DAGs
[2023-07-30T22:08:46.618+0300] {logging_mixin.py:150} INFO - [2023-07-30T22:08:46.618+0300] {dag.py:3504} INFO - Setting next_dagrun for example_weekday_branch_operator to 2023-07-29T00:00:00+00:00, run_after=2023-07-30T00:00:00+00:00
[2023-07-30T22:08:46.639+0300] {processor.py:179} INFO - Processing /Users/olgastash/neoflex_env_airflow/lib/python3.10/site-packages/airflow/example_dags/example_branch_day_of_week_operator.py took 1.077 seconds
[2023-07-30T22:13:13.832+0300] {processor.py:157} INFO - Started process (PID=37655) to work on /Users/olgastash/neoflex_env_airflow/lib/python3.10/site-packages/airflow/example_dags/example_branch_day_of_week_operator.py
[2023-07-30T22:13:13.833+0300] {processor.py:826} INFO - Processing file /Users/olgastash/neoflex_env_airflow/lib/python3.10/site-packages/airflow/example_dags/example_branch_day_of_week_operator.py for tasks to queue
[2023-07-30T22:13:13.834+0300] {logging_mixin.py:150} INFO - [2023-07-30T22:13:13.833+0300] {dagbag.py:541} INFO - Filling up the DagBag from /Users/olgastash/neoflex_env_airflow/lib/python3.10/site-packages/airflow/example_dags/example_branch_day_of_week_operator.py
[2023-07-30T22:13:13.858+0300] {processor.py:836} INFO - DAG(s) dict_keys(['example_weekday_branch_operator']) retrieved from /Users/olgastash/neoflex_env_airflow/lib/python3.10/site-packages/airflow/example_dags/example_branch_day_of_week_operator.py
[2023-07-30T22:13:14.841+0300] {logging_mixin.py:150} INFO - [2023-07-30T22:13:14.841+0300] {dag.py:2742} INFO - Sync 1 DAGs
[2023-07-30T22:13:14.861+0300] {logging_mixin.py:150} INFO - [2023-07-30T22:13:14.861+0300] {dag.py:3504} INFO - Setting next_dagrun for example_weekday_branch_operator to 2023-07-29T00:00:00+00:00, run_after=2023-07-30T00:00:00+00:00
[2023-07-30T22:13:14.882+0300] {processor.py:179} INFO - Processing /Users/olgastash/neoflex_env_airflow/lib/python3.10/site-packages/airflow/example_dags/example_branch_day_of_week_operator.py took 1.051 seconds
[2023-07-30T22:17:43.864+0300] {processor.py:157} INFO - Started process (PID=37867) to work on /Users/olgastash/neoflex_env_airflow/lib/python3.10/site-packages/airflow/example_dags/example_branch_day_of_week_operator.py
[2023-07-30T22:17:43.865+0300] {processor.py:826} INFO - Processing file /Users/olgastash/neoflex_env_airflow/lib/python3.10/site-packages/airflow/example_dags/example_branch_day_of_week_operator.py for tasks to queue
[2023-07-30T22:17:43.866+0300] {logging_mixin.py:150} INFO - [2023-07-30T22:17:43.865+0300] {dagbag.py:541} INFO - Filling up the DagBag from /Users/olgastash/neoflex_env_airflow/lib/python3.10/site-packages/airflow/example_dags/example_branch_day_of_week_operator.py
[2023-07-30T22:17:43.892+0300] {processor.py:836} INFO - DAG(s) dict_keys(['example_weekday_branch_operator']) retrieved from /Users/olgastash/neoflex_env_airflow/lib/python3.10/site-packages/airflow/example_dags/example_branch_day_of_week_operator.py
[2023-07-30T22:17:44.922+0300] {logging_mixin.py:150} INFO - [2023-07-30T22:17:44.921+0300] {dag.py:2742} INFO - Sync 1 DAGs
[2023-07-30T22:17:44.944+0300] {logging_mixin.py:150} INFO - [2023-07-30T22:17:44.943+0300] {dag.py:3504} INFO - Setting next_dagrun for example_weekday_branch_operator to 2023-07-29T00:00:00+00:00, run_after=2023-07-30T00:00:00+00:00
[2023-07-30T22:17:44.965+0300] {processor.py:179} INFO - Processing /Users/olgastash/neoflex_env_airflow/lib/python3.10/site-packages/airflow/example_dags/example_branch_day_of_week_operator.py took 1.102 seconds
[2023-07-30T22:22:13.383+0300] {processor.py:157} INFO - Started process (PID=38125) to work on /Users/olgastash/neoflex_env_airflow/lib/python3.10/site-packages/airflow/example_dags/example_branch_day_of_week_operator.py
[2023-07-30T22:22:13.384+0300] {processor.py:826} INFO - Processing file /Users/olgastash/neoflex_env_airflow/lib/python3.10/site-packages/airflow/example_dags/example_branch_day_of_week_operator.py for tasks to queue
[2023-07-30T22:22:13.385+0300] {logging_mixin.py:150} INFO - [2023-07-30T22:22:13.385+0300] {dagbag.py:541} INFO - Filling up the DagBag from /Users/olgastash/neoflex_env_airflow/lib/python3.10/site-packages/airflow/example_dags/example_branch_day_of_week_operator.py
[2023-07-30T22:22:13.411+0300] {processor.py:836} INFO - DAG(s) dict_keys(['example_weekday_branch_operator']) retrieved from /Users/olgastash/neoflex_env_airflow/lib/python3.10/site-packages/airflow/example_dags/example_branch_day_of_week_operator.py
[2023-07-30T22:22:14.507+0300] {logging_mixin.py:150} INFO - [2023-07-30T22:22:14.507+0300] {dag.py:2742} INFO - Sync 1 DAGs
[2023-07-30T22:22:14.529+0300] {logging_mixin.py:150} INFO - [2023-07-30T22:22:14.529+0300] {dag.py:3504} INFO - Setting next_dagrun for example_weekday_branch_operator to 2023-07-29T00:00:00+00:00, run_after=2023-07-30T00:00:00+00:00
[2023-07-30T22:22:14.550+0300] {processor.py:179} INFO - Processing /Users/olgastash/neoflex_env_airflow/lib/python3.10/site-packages/airflow/example_dags/example_branch_day_of_week_operator.py took 1.168 seconds
[2023-07-30T22:26:42.621+0300] {processor.py:157} INFO - Started process (PID=38370) to work on /Users/olgastash/neoflex_env_airflow/lib/python3.10/site-packages/airflow/example_dags/example_branch_day_of_week_operator.py
[2023-07-30T22:26:42.622+0300] {processor.py:826} INFO - Processing file /Users/olgastash/neoflex_env_airflow/lib/python3.10/site-packages/airflow/example_dags/example_branch_day_of_week_operator.py for tasks to queue
[2023-07-30T22:26:42.622+0300] {logging_mixin.py:150} INFO - [2023-07-30T22:26:42.622+0300] {dagbag.py:541} INFO - Filling up the DagBag from /Users/olgastash/neoflex_env_airflow/lib/python3.10/site-packages/airflow/example_dags/example_branch_day_of_week_operator.py
[2023-07-30T22:26:42.650+0300] {processor.py:836} INFO - DAG(s) dict_keys(['example_weekday_branch_operator']) retrieved from /Users/olgastash/neoflex_env_airflow/lib/python3.10/site-packages/airflow/example_dags/example_branch_day_of_week_operator.py
[2023-07-30T22:26:43.665+0300] {logging_mixin.py:150} INFO - [2023-07-30T22:26:43.665+0300] {dag.py:2742} INFO - Sync 1 DAGs
[2023-07-30T22:26:43.687+0300] {logging_mixin.py:150} INFO - [2023-07-30T22:26:43.686+0300] {dag.py:3504} INFO - Setting next_dagrun for example_weekday_branch_operator to 2023-07-29T00:00:00+00:00, run_after=2023-07-30T00:00:00+00:00
[2023-07-30T22:26:43.708+0300] {processor.py:179} INFO - Processing /Users/olgastash/neoflex_env_airflow/lib/python3.10/site-packages/airflow/example_dags/example_branch_day_of_week_operator.py took 1.089 seconds
[2023-07-30T22:31:12.942+0300] {processor.py:157} INFO - Started process (PID=38610) to work on /Users/olgastash/neoflex_env_airflow/lib/python3.10/site-packages/airflow/example_dags/example_branch_day_of_week_operator.py
[2023-07-30T22:31:12.943+0300] {processor.py:826} INFO - Processing file /Users/olgastash/neoflex_env_airflow/lib/python3.10/site-packages/airflow/example_dags/example_branch_day_of_week_operator.py for tasks to queue
[2023-07-30T22:31:12.944+0300] {logging_mixin.py:150} INFO - [2023-07-30T22:31:12.944+0300] {dagbag.py:541} INFO - Filling up the DagBag from /Users/olgastash/neoflex_env_airflow/lib/python3.10/site-packages/airflow/example_dags/example_branch_day_of_week_operator.py
[2023-07-30T22:31:12.969+0300] {processor.py:836} INFO - DAG(s) dict_keys(['example_weekday_branch_operator']) retrieved from /Users/olgastash/neoflex_env_airflow/lib/python3.10/site-packages/airflow/example_dags/example_branch_day_of_week_operator.py
[2023-07-30T22:31:13.990+0300] {logging_mixin.py:150} INFO - [2023-07-30T22:31:13.989+0300] {dag.py:2742} INFO - Sync 1 DAGs
[2023-07-30T22:31:14.013+0300] {logging_mixin.py:150} INFO - [2023-07-30T22:31:14.013+0300] {dag.py:3504} INFO - Setting next_dagrun for example_weekday_branch_operator to 2023-07-29T00:00:00+00:00, run_after=2023-07-30T00:00:00+00:00
[2023-07-30T22:31:14.035+0300] {processor.py:179} INFO - Processing /Users/olgastash/neoflex_env_airflow/lib/python3.10/site-packages/airflow/example_dags/example_branch_day_of_week_operator.py took 1.093 seconds
[2023-07-30T22:35:39.341+0300] {processor.py:157} INFO - Started process (PID=38810) to work on /Users/olgastash/neoflex_env_airflow/lib/python3.10/site-packages/airflow/example_dags/example_branch_day_of_week_operator.py
[2023-07-30T22:35:39.342+0300] {processor.py:826} INFO - Processing file /Users/olgastash/neoflex_env_airflow/lib/python3.10/site-packages/airflow/example_dags/example_branch_day_of_week_operator.py for tasks to queue
[2023-07-30T22:35:39.343+0300] {logging_mixin.py:150} INFO - [2023-07-30T22:35:39.343+0300] {dagbag.py:541} INFO - Filling up the DagBag from /Users/olgastash/neoflex_env_airflow/lib/python3.10/site-packages/airflow/example_dags/example_branch_day_of_week_operator.py
[2023-07-30T22:35:39.367+0300] {processor.py:836} INFO - DAG(s) dict_keys(['example_weekday_branch_operator']) retrieved from /Users/olgastash/neoflex_env_airflow/lib/python3.10/site-packages/airflow/example_dags/example_branch_day_of_week_operator.py
[2023-07-30T22:35:40.350+0300] {logging_mixin.py:150} INFO - [2023-07-30T22:35:40.350+0300] {dag.py:2742} INFO - Sync 1 DAGs
[2023-07-30T22:35:40.371+0300] {logging_mixin.py:150} INFO - [2023-07-30T22:35:40.371+0300] {dag.py:3504} INFO - Setting next_dagrun for example_weekday_branch_operator to 2023-07-29T00:00:00+00:00, run_after=2023-07-30T00:00:00+00:00
[2023-07-30T22:35:40.392+0300] {processor.py:179} INFO - Processing /Users/olgastash/neoflex_env_airflow/lib/python3.10/site-packages/airflow/example_dags/example_branch_day_of_week_operator.py took 1.051 seconds
[2023-07-30T22:40:03.429+0300] {processor.py:157} INFO - Started process (PID=39027) to work on /Users/olgastash/neoflex_env_airflow/lib/python3.10/site-packages/airflow/example_dags/example_branch_day_of_week_operator.py
[2023-07-30T22:40:03.430+0300] {processor.py:826} INFO - Processing file /Users/olgastash/neoflex_env_airflow/lib/python3.10/site-packages/airflow/example_dags/example_branch_day_of_week_operator.py for tasks to queue
[2023-07-30T22:40:03.431+0300] {logging_mixin.py:150} INFO - [2023-07-30T22:40:03.431+0300] {dagbag.py:541} INFO - Filling up the DagBag from /Users/olgastash/neoflex_env_airflow/lib/python3.10/site-packages/airflow/example_dags/example_branch_day_of_week_operator.py
[2023-07-30T22:40:03.456+0300] {processor.py:836} INFO - DAG(s) dict_keys(['example_weekday_branch_operator']) retrieved from /Users/olgastash/neoflex_env_airflow/lib/python3.10/site-packages/airflow/example_dags/example_branch_day_of_week_operator.py
[2023-07-30T22:40:04.460+0300] {logging_mixin.py:150} INFO - [2023-07-30T22:40:04.460+0300] {dag.py:2742} INFO - Sync 1 DAGs
[2023-07-30T22:40:04.481+0300] {logging_mixin.py:150} INFO - [2023-07-30T22:40:04.481+0300] {dag.py:3504} INFO - Setting next_dagrun for example_weekday_branch_operator to 2023-07-29T00:00:00+00:00, run_after=2023-07-30T00:00:00+00:00
[2023-07-30T22:40:04.502+0300] {processor.py:179} INFO - Processing /Users/olgastash/neoflex_env_airflow/lib/python3.10/site-packages/airflow/example_dags/example_branch_day_of_week_operator.py took 1.074 seconds
[2023-07-30T22:44:28.974+0300] {processor.py:157} INFO - Started process (PID=39270) to work on /Users/olgastash/neoflex_env_airflow/lib/python3.10/site-packages/airflow/example_dags/example_branch_day_of_week_operator.py
[2023-07-30T22:44:28.976+0300] {processor.py:826} INFO - Processing file /Users/olgastash/neoflex_env_airflow/lib/python3.10/site-packages/airflow/example_dags/example_branch_day_of_week_operator.py for tasks to queue
[2023-07-30T22:44:28.976+0300] {logging_mixin.py:150} INFO - [2023-07-30T22:44:28.976+0300] {dagbag.py:541} INFO - Filling up the DagBag from /Users/olgastash/neoflex_env_airflow/lib/python3.10/site-packages/airflow/example_dags/example_branch_day_of_week_operator.py
[2023-07-30T22:44:29.001+0300] {processor.py:836} INFO - DAG(s) dict_keys(['example_weekday_branch_operator']) retrieved from /Users/olgastash/neoflex_env_airflow/lib/python3.10/site-packages/airflow/example_dags/example_branch_day_of_week_operator.py
[2023-07-30T22:44:29.893+0300] {logging_mixin.py:150} INFO - [2023-07-30T22:44:29.893+0300] {dag.py:2742} INFO - Sync 1 DAGs
[2023-07-30T22:44:29.913+0300] {logging_mixin.py:150} INFO - [2023-07-30T22:44:29.913+0300] {dag.py:3504} INFO - Setting next_dagrun for example_weekday_branch_operator to 2023-07-29T00:00:00+00:00, run_after=2023-07-30T00:00:00+00:00
[2023-07-30T22:44:29.934+0300] {processor.py:179} INFO - Processing /Users/olgastash/neoflex_env_airflow/lib/python3.10/site-packages/airflow/example_dags/example_branch_day_of_week_operator.py took 0.960 seconds
[2023-07-30T22:48:57.657+0300] {processor.py:157} INFO - Started process (PID=39502) to work on /Users/olgastash/neoflex_env_airflow/lib/python3.10/site-packages/airflow/example_dags/example_branch_day_of_week_operator.py
[2023-07-30T22:48:57.658+0300] {processor.py:826} INFO - Processing file /Users/olgastash/neoflex_env_airflow/lib/python3.10/site-packages/airflow/example_dags/example_branch_day_of_week_operator.py for tasks to queue
[2023-07-30T22:48:57.659+0300] {logging_mixin.py:150} INFO - [2023-07-30T22:48:57.659+0300] {dagbag.py:541} INFO - Filling up the DagBag from /Users/olgastash/neoflex_env_airflow/lib/python3.10/site-packages/airflow/example_dags/example_branch_day_of_week_operator.py
[2023-07-30T22:48:57.684+0300] {processor.py:836} INFO - DAG(s) dict_keys(['example_weekday_branch_operator']) retrieved from /Users/olgastash/neoflex_env_airflow/lib/python3.10/site-packages/airflow/example_dags/example_branch_day_of_week_operator.py
[2023-07-30T22:48:58.717+0300] {logging_mixin.py:150} INFO - [2023-07-30T22:48:58.717+0300] {dag.py:2742} INFO - Sync 1 DAGs
[2023-07-30T22:48:58.739+0300] {logging_mixin.py:150} INFO - [2023-07-30T22:48:58.739+0300] {dag.py:3504} INFO - Setting next_dagrun for example_weekday_branch_operator to 2023-07-29T00:00:00+00:00, run_after=2023-07-30T00:00:00+00:00
[2023-07-30T22:48:58.761+0300] {processor.py:179} INFO - Processing /Users/olgastash/neoflex_env_airflow/lib/python3.10/site-packages/airflow/example_dags/example_branch_day_of_week_operator.py took 1.105 seconds
[2023-07-30T22:53:28.495+0300] {processor.py:157} INFO - Started process (PID=39741) to work on /Users/olgastash/neoflex_env_airflow/lib/python3.10/site-packages/airflow/example_dags/example_branch_day_of_week_operator.py
[2023-07-30T22:53:28.496+0300] {processor.py:826} INFO - Processing file /Users/olgastash/neoflex_env_airflow/lib/python3.10/site-packages/airflow/example_dags/example_branch_day_of_week_operator.py for tasks to queue
[2023-07-30T22:53:28.496+0300] {logging_mixin.py:150} INFO - [2023-07-30T22:53:28.496+0300] {dagbag.py:541} INFO - Filling up the DagBag from /Users/olgastash/neoflex_env_airflow/lib/python3.10/site-packages/airflow/example_dags/example_branch_day_of_week_operator.py
[2023-07-30T22:53:28.521+0300] {processor.py:836} INFO - DAG(s) dict_keys(['example_weekday_branch_operator']) retrieved from /Users/olgastash/neoflex_env_airflow/lib/python3.10/site-packages/airflow/example_dags/example_branch_day_of_week_operator.py
[2023-07-30T22:53:29.512+0300] {logging_mixin.py:150} INFO - [2023-07-30T22:53:29.511+0300] {dag.py:2742} INFO - Sync 1 DAGs
[2023-07-30T22:53:29.532+0300] {logging_mixin.py:150} INFO - [2023-07-30T22:53:29.532+0300] {dag.py:3504} INFO - Setting next_dagrun for example_weekday_branch_operator to 2023-07-29T00:00:00+00:00, run_after=2023-07-30T00:00:00+00:00
[2023-07-30T22:53:29.554+0300] {processor.py:179} INFO - Processing /Users/olgastash/neoflex_env_airflow/lib/python3.10/site-packages/airflow/example_dags/example_branch_day_of_week_operator.py took 1.060 seconds
[2023-07-30T22:58:01.742+0300] {processor.py:157} INFO - Started process (PID=39963) to work on /Users/olgastash/neoflex_env_airflow/lib/python3.10/site-packages/airflow/example_dags/example_branch_day_of_week_operator.py
[2023-07-30T22:58:01.743+0300] {processor.py:826} INFO - Processing file /Users/olgastash/neoflex_env_airflow/lib/python3.10/site-packages/airflow/example_dags/example_branch_day_of_week_operator.py for tasks to queue
[2023-07-30T22:58:01.744+0300] {logging_mixin.py:150} INFO - [2023-07-30T22:58:01.743+0300] {dagbag.py:541} INFO - Filling up the DagBag from /Users/olgastash/neoflex_env_airflow/lib/python3.10/site-packages/airflow/example_dags/example_branch_day_of_week_operator.py
[2023-07-30T22:58:01.769+0300] {processor.py:836} INFO - DAG(s) dict_keys(['example_weekday_branch_operator']) retrieved from /Users/olgastash/neoflex_env_airflow/lib/python3.10/site-packages/airflow/example_dags/example_branch_day_of_week_operator.py
[2023-07-30T22:58:02.763+0300] {logging_mixin.py:150} INFO - [2023-07-30T22:58:02.762+0300] {dag.py:2742} INFO - Sync 1 DAGs
[2023-07-30T22:58:02.783+0300] {logging_mixin.py:150} INFO - [2023-07-30T22:58:02.783+0300] {dag.py:3504} INFO - Setting next_dagrun for example_weekday_branch_operator to 2023-07-29T00:00:00+00:00, run_after=2023-07-30T00:00:00+00:00
[2023-07-30T22:58:02.804+0300] {processor.py:179} INFO - Processing /Users/olgastash/neoflex_env_airflow/lib/python3.10/site-packages/airflow/example_dags/example_branch_day_of_week_operator.py took 1.062 seconds
[2023-07-30T23:02:33.406+0300] {processor.py:157} INFO - Started process (PID=40209) to work on /Users/olgastash/neoflex_env_airflow/lib/python3.10/site-packages/airflow/example_dags/example_branch_day_of_week_operator.py
[2023-07-30T23:02:33.407+0300] {processor.py:826} INFO - Processing file /Users/olgastash/neoflex_env_airflow/lib/python3.10/site-packages/airflow/example_dags/example_branch_day_of_week_operator.py for tasks to queue
[2023-07-30T23:02:33.407+0300] {logging_mixin.py:150} INFO - [2023-07-30T23:02:33.407+0300] {dagbag.py:541} INFO - Filling up the DagBag from /Users/olgastash/neoflex_env_airflow/lib/python3.10/site-packages/airflow/example_dags/example_branch_day_of_week_operator.py
[2023-07-30T23:02:33.432+0300] {processor.py:836} INFO - DAG(s) dict_keys(['example_weekday_branch_operator']) retrieved from /Users/olgastash/neoflex_env_airflow/lib/python3.10/site-packages/airflow/example_dags/example_branch_day_of_week_operator.py
[2023-07-30T23:02:34.428+0300] {logging_mixin.py:150} INFO - [2023-07-30T23:02:34.428+0300] {dag.py:2742} INFO - Sync 1 DAGs
[2023-07-30T23:02:34.449+0300] {logging_mixin.py:150} INFO - [2023-07-30T23:02:34.448+0300] {dag.py:3504} INFO - Setting next_dagrun for example_weekday_branch_operator to 2023-07-29T00:00:00+00:00, run_after=2023-07-30T00:00:00+00:00
[2023-07-30T23:02:34.469+0300] {processor.py:179} INFO - Processing /Users/olgastash/neoflex_env_airflow/lib/python3.10/site-packages/airflow/example_dags/example_branch_day_of_week_operator.py took 1.064 seconds
