[2023-07-30T18:29:28.279+0300] {processor.py:157} INFO - Started process (PID=28974) to work on /Users/olgastash/neoflex_env_airflow/lib/python3.10/site-packages/airflow/example_dags/example_dynamic_task_mapping.py
[2023-07-30T18:29:28.280+0300] {processor.py:826} INFO - Processing file /Users/olgastash/neoflex_env_airflow/lib/python3.10/site-packages/airflow/example_dags/example_dynamic_task_mapping.py for tasks to queue
[2023-07-30T18:29:28.281+0300] {logging_mixin.py:150} INFO - [2023-07-30T18:29:28.281+0300] {dagbag.py:541} INFO - Filling up the DagBag from /Users/olgastash/neoflex_env_airflow/lib/python3.10/site-packages/airflow/example_dags/example_dynamic_task_mapping.py
[2023-07-30T18:29:28.340+0300] {processor.py:836} INFO - DAG(s) dict_keys(['example_dynamic_task_mapping']) retrieved from /Users/olgastash/neoflex_env_airflow/lib/python3.10/site-packages/airflow/example_dags/example_dynamic_task_mapping.py
[2023-07-30T18:29:29.335+0300] {logging_mixin.py:150} INFO - [2023-07-30T18:29:29.335+0300] {manager.py:504} INFO - Created Permission View: can delete on DAG:example_dynamic_task_mapping
[2023-07-30T18:29:29.344+0300] {logging_mixin.py:150} INFO - [2023-07-30T18:29:29.344+0300] {manager.py:504} INFO - Created Permission View: can read on DAG:example_dynamic_task_mapping
[2023-07-30T18:29:29.351+0300] {logging_mixin.py:150} INFO - [2023-07-30T18:29:29.351+0300] {manager.py:504} INFO - Created Permission View: can edit on DAG:example_dynamic_task_mapping
[2023-07-30T18:29:29.362+0300] {logging_mixin.py:150} INFO - [2023-07-30T18:29:29.362+0300] {dag.py:2742} INFO - Sync 1 DAGs
[2023-07-30T18:29:29.375+0300] {logging_mixin.py:150} INFO - [2023-07-30T18:29:29.374+0300] {dag.py:2763} INFO - Creating ORM DAG for example_dynamic_task_mapping
[2023-07-30T18:29:29.384+0300] {logging_mixin.py:150} INFO - [2023-07-30T18:29:29.384+0300] {dag.py:3504} INFO - Setting next_dagrun for example_dynamic_task_mapping to 2022-03-04T00:00:00+00:00, run_after=2022-03-05T00:00:00+00:00
[2023-07-30T18:29:29.402+0300] {processor.py:179} INFO - Processing /Users/olgastash/neoflex_env_airflow/lib/python3.10/site-packages/airflow/example_dags/example_dynamic_task_mapping.py took 1.124 seconds
[2023-07-30T18:31:58.119+0300] {processor.py:157} INFO - Started process (PID=29090) to work on /Users/olgastash/neoflex_env_airflow/lib/python3.10/site-packages/airflow/example_dags/example_dynamic_task_mapping.py
[2023-07-30T18:31:58.120+0300] {processor.py:826} INFO - Processing file /Users/olgastash/neoflex_env_airflow/lib/python3.10/site-packages/airflow/example_dags/example_dynamic_task_mapping.py for tasks to queue
[2023-07-30T18:31:58.122+0300] {logging_mixin.py:150} INFO - [2023-07-30T18:31:58.121+0300] {dagbag.py:541} INFO - Filling up the DagBag from /Users/olgastash/neoflex_env_airflow/lib/python3.10/site-packages/airflow/example_dags/example_dynamic_task_mapping.py
[2023-07-30T18:31:58.210+0300] {processor.py:836} INFO - DAG(s) dict_keys(['example_dynamic_task_mapping']) retrieved from /Users/olgastash/neoflex_env_airflow/lib/python3.10/site-packages/airflow/example_dags/example_dynamic_task_mapping.py
[2023-07-30T18:31:59.158+0300] {logging_mixin.py:150} INFO - [2023-07-30T18:31:59.158+0300] {dag.py:2742} INFO - Sync 1 DAGs
[2023-07-30T18:31:59.185+0300] {logging_mixin.py:150} INFO - [2023-07-30T18:31:59.184+0300] {dag.py:3504} INFO - Setting next_dagrun for example_dynamic_task_mapping to 2022-03-04T00:00:00+00:00, run_after=2022-03-05T00:00:00+00:00
[2023-07-30T18:31:59.210+0300] {processor.py:179} INFO - Processing /Users/olgastash/neoflex_env_airflow/lib/python3.10/site-packages/airflow/example_dags/example_dynamic_task_mapping.py took 1.093 seconds
[2023-07-30T18:35:55.692+0300] {processor.py:157} INFO - Started process (PID=29246) to work on /Users/olgastash/neoflex_env_airflow/lib/python3.10/site-packages/airflow/example_dags/example_dynamic_task_mapping.py
[2023-07-30T18:35:55.693+0300] {processor.py:826} INFO - Processing file /Users/olgastash/neoflex_env_airflow/lib/python3.10/site-packages/airflow/example_dags/example_dynamic_task_mapping.py for tasks to queue
[2023-07-30T18:35:55.693+0300] {logging_mixin.py:150} INFO - [2023-07-30T18:35:55.693+0300] {dagbag.py:541} INFO - Filling up the DagBag from /Users/olgastash/neoflex_env_airflow/lib/python3.10/site-packages/airflow/example_dags/example_dynamic_task_mapping.py
[2023-07-30T18:35:55.751+0300] {processor.py:836} INFO - DAG(s) dict_keys(['example_dynamic_task_mapping']) retrieved from /Users/olgastash/neoflex_env_airflow/lib/python3.10/site-packages/airflow/example_dags/example_dynamic_task_mapping.py
[2023-07-30T18:35:56.639+0300] {logging_mixin.py:150} INFO - [2023-07-30T18:35:56.639+0300] {dag.py:2742} INFO - Sync 1 DAGs
[2023-07-30T18:35:56.659+0300] {logging_mixin.py:150} INFO - [2023-07-30T18:35:56.659+0300] {dag.py:3504} INFO - Setting next_dagrun for example_dynamic_task_mapping to 2022-03-04T00:00:00+00:00, run_after=2022-03-05T00:00:00+00:00
[2023-07-30T18:35:56.680+0300] {processor.py:179} INFO - Processing /Users/olgastash/neoflex_env_airflow/lib/python3.10/site-packages/airflow/example_dags/example_dynamic_task_mapping.py took 0.989 seconds
[2023-07-30T18:39:49.759+0300] {processor.py:157} INFO - Started process (PID=29391) to work on /Users/olgastash/neoflex_env_airflow/lib/python3.10/site-packages/airflow/example_dags/example_dynamic_task_mapping.py
[2023-07-30T18:39:49.760+0300] {processor.py:826} INFO - Processing file /Users/olgastash/neoflex_env_airflow/lib/python3.10/site-packages/airflow/example_dags/example_dynamic_task_mapping.py for tasks to queue
[2023-07-30T18:39:49.760+0300] {logging_mixin.py:150} INFO - [2023-07-30T18:39:49.760+0300] {dagbag.py:541} INFO - Filling up the DagBag from /Users/olgastash/neoflex_env_airflow/lib/python3.10/site-packages/airflow/example_dags/example_dynamic_task_mapping.py
[2023-07-30T18:39:49.815+0300] {processor.py:836} INFO - DAG(s) dict_keys(['example_dynamic_task_mapping']) retrieved from /Users/olgastash/neoflex_env_airflow/lib/python3.10/site-packages/airflow/example_dags/example_dynamic_task_mapping.py
[2023-07-30T18:39:50.660+0300] {logging_mixin.py:150} INFO - [2023-07-30T18:39:50.660+0300] {dag.py:2742} INFO - Sync 1 DAGs
[2023-07-30T18:39:50.678+0300] {logging_mixin.py:150} INFO - [2023-07-30T18:39:50.678+0300] {dag.py:3504} INFO - Setting next_dagrun for example_dynamic_task_mapping to 2022-03-04T00:00:00+00:00, run_after=2022-03-05T00:00:00+00:00
[2023-07-30T18:39:50.697+0300] {processor.py:179} INFO - Processing /Users/olgastash/neoflex_env_airflow/lib/python3.10/site-packages/airflow/example_dags/example_dynamic_task_mapping.py took 0.939 seconds
[2023-07-30T18:43:45.874+0300] {processor.py:157} INFO - Started process (PID=29591) to work on /Users/olgastash/neoflex_env_airflow/lib/python3.10/site-packages/airflow/example_dags/example_dynamic_task_mapping.py
[2023-07-30T18:43:45.875+0300] {processor.py:826} INFO - Processing file /Users/olgastash/neoflex_env_airflow/lib/python3.10/site-packages/airflow/example_dags/example_dynamic_task_mapping.py for tasks to queue
[2023-07-30T18:43:45.876+0300] {logging_mixin.py:150} INFO - [2023-07-30T18:43:45.875+0300] {dagbag.py:541} INFO - Filling up the DagBag from /Users/olgastash/neoflex_env_airflow/lib/python3.10/site-packages/airflow/example_dags/example_dynamic_task_mapping.py
[2023-07-30T18:43:45.939+0300] {processor.py:836} INFO - DAG(s) dict_keys(['example_dynamic_task_mapping']) retrieved from /Users/olgastash/neoflex_env_airflow/lib/python3.10/site-packages/airflow/example_dags/example_dynamic_task_mapping.py
[2023-07-30T18:43:46.819+0300] {logging_mixin.py:150} INFO - [2023-07-30T18:43:46.818+0300] {dag.py:2742} INFO - Sync 1 DAGs
[2023-07-30T18:43:46.837+0300] {logging_mixin.py:150} INFO - [2023-07-30T18:43:46.837+0300] {dag.py:3504} INFO - Setting next_dagrun for example_dynamic_task_mapping to 2022-03-04T00:00:00+00:00, run_after=2022-03-05T00:00:00+00:00
[2023-07-30T18:43:46.855+0300] {processor.py:179} INFO - Processing /Users/olgastash/neoflex_env_airflow/lib/python3.10/site-packages/airflow/example_dags/example_dynamic_task_mapping.py took 0.982 seconds
[2023-07-30T18:47:39.515+0300] {processor.py:157} INFO - Started process (PID=29809) to work on /Users/olgastash/neoflex_env_airflow/lib/python3.10/site-packages/airflow/example_dags/example_dynamic_task_mapping.py
[2023-07-30T18:47:39.517+0300] {processor.py:826} INFO - Processing file /Users/olgastash/neoflex_env_airflow/lib/python3.10/site-packages/airflow/example_dags/example_dynamic_task_mapping.py for tasks to queue
[2023-07-30T18:47:39.517+0300] {logging_mixin.py:150} INFO - [2023-07-30T18:47:39.517+0300] {dagbag.py:541} INFO - Filling up the DagBag from /Users/olgastash/neoflex_env_airflow/lib/python3.10/site-packages/airflow/example_dags/example_dynamic_task_mapping.py
[2023-07-30T18:47:39.572+0300] {processor.py:836} INFO - DAG(s) dict_keys(['example_dynamic_task_mapping']) retrieved from /Users/olgastash/neoflex_env_airflow/lib/python3.10/site-packages/airflow/example_dags/example_dynamic_task_mapping.py
[2023-07-30T18:47:40.436+0300] {logging_mixin.py:150} INFO - [2023-07-30T18:47:40.436+0300] {dag.py:2742} INFO - Sync 1 DAGs
[2023-07-30T18:47:40.454+0300] {logging_mixin.py:150} INFO - [2023-07-30T18:47:40.454+0300] {dag.py:3504} INFO - Setting next_dagrun for example_dynamic_task_mapping to 2022-03-04T00:00:00+00:00, run_after=2022-03-05T00:00:00+00:00
[2023-07-30T18:47:40.473+0300] {processor.py:179} INFO - Processing /Users/olgastash/neoflex_env_airflow/lib/python3.10/site-packages/airflow/example_dags/example_dynamic_task_mapping.py took 0.958 seconds
[2023-07-30T18:51:30.514+0300] {processor.py:157} INFO - Started process (PID=29996) to work on /Users/olgastash/neoflex_env_airflow/lib/python3.10/site-packages/airflow/example_dags/example_dynamic_task_mapping.py
[2023-07-30T18:51:30.515+0300] {processor.py:826} INFO - Processing file /Users/olgastash/neoflex_env_airflow/lib/python3.10/site-packages/airflow/example_dags/example_dynamic_task_mapping.py for tasks to queue
[2023-07-30T18:51:30.515+0300] {logging_mixin.py:150} INFO - [2023-07-30T18:51:30.515+0300] {dagbag.py:541} INFO - Filling up the DagBag from /Users/olgastash/neoflex_env_airflow/lib/python3.10/site-packages/airflow/example_dags/example_dynamic_task_mapping.py
[2023-07-30T18:51:30.571+0300] {processor.py:836} INFO - DAG(s) dict_keys(['example_dynamic_task_mapping']) retrieved from /Users/olgastash/neoflex_env_airflow/lib/python3.10/site-packages/airflow/example_dags/example_dynamic_task_mapping.py
[2023-07-30T18:51:31.453+0300] {logging_mixin.py:150} INFO - [2023-07-30T18:51:31.453+0300] {dag.py:2742} INFO - Sync 1 DAGs
[2023-07-30T18:51:31.472+0300] {logging_mixin.py:150} INFO - [2023-07-30T18:51:31.472+0300] {dag.py:3504} INFO - Setting next_dagrun for example_dynamic_task_mapping to 2022-03-04T00:00:00+00:00, run_after=2022-03-05T00:00:00+00:00
[2023-07-30T18:51:31.492+0300] {processor.py:179} INFO - Processing /Users/olgastash/neoflex_env_airflow/lib/python3.10/site-packages/airflow/example_dags/example_dynamic_task_mapping.py took 0.979 seconds
[2023-07-30T18:55:15.281+0300] {processor.py:157} INFO - Started process (PID=30196) to work on /Users/olgastash/neoflex_env_airflow/lib/python3.10/site-packages/airflow/example_dags/example_dynamic_task_mapping.py
[2023-07-30T18:55:15.282+0300] {processor.py:826} INFO - Processing file /Users/olgastash/neoflex_env_airflow/lib/python3.10/site-packages/airflow/example_dags/example_dynamic_task_mapping.py for tasks to queue
[2023-07-30T18:55:15.283+0300] {logging_mixin.py:150} INFO - [2023-07-30T18:55:15.283+0300] {dagbag.py:541} INFO - Filling up the DagBag from /Users/olgastash/neoflex_env_airflow/lib/python3.10/site-packages/airflow/example_dags/example_dynamic_task_mapping.py
[2023-07-30T18:55:15.341+0300] {processor.py:836} INFO - DAG(s) dict_keys(['example_dynamic_task_mapping']) retrieved from /Users/olgastash/neoflex_env_airflow/lib/python3.10/site-packages/airflow/example_dags/example_dynamic_task_mapping.py
[2023-07-30T18:55:16.212+0300] {logging_mixin.py:150} INFO - [2023-07-30T18:55:16.211+0300] {dag.py:2742} INFO - Sync 1 DAGs
[2023-07-30T18:55:16.230+0300] {logging_mixin.py:150} INFO - [2023-07-30T18:55:16.230+0300] {dag.py:3504} INFO - Setting next_dagrun for example_dynamic_task_mapping to 2022-03-04T00:00:00+00:00, run_after=2022-03-05T00:00:00+00:00
[2023-07-30T18:55:16.250+0300] {processor.py:179} INFO - Processing /Users/olgastash/neoflex_env_airflow/lib/python3.10/site-packages/airflow/example_dags/example_dynamic_task_mapping.py took 0.969 seconds
[2023-07-30T18:59:03.926+0300] {processor.py:157} INFO - Started process (PID=30385) to work on /Users/olgastash/neoflex_env_airflow/lib/python3.10/site-packages/airflow/example_dags/example_dynamic_task_mapping.py
[2023-07-30T18:59:03.927+0300] {processor.py:826} INFO - Processing file /Users/olgastash/neoflex_env_airflow/lib/python3.10/site-packages/airflow/example_dags/example_dynamic_task_mapping.py for tasks to queue
[2023-07-30T18:59:03.928+0300] {logging_mixin.py:150} INFO - [2023-07-30T18:59:03.928+0300] {dagbag.py:541} INFO - Filling up the DagBag from /Users/olgastash/neoflex_env_airflow/lib/python3.10/site-packages/airflow/example_dags/example_dynamic_task_mapping.py
[2023-07-30T18:59:03.984+0300] {processor.py:836} INFO - DAG(s) dict_keys(['example_dynamic_task_mapping']) retrieved from /Users/olgastash/neoflex_env_airflow/lib/python3.10/site-packages/airflow/example_dags/example_dynamic_task_mapping.py
[2023-07-30T18:59:04.928+0300] {logging_mixin.py:150} INFO - [2023-07-30T18:59:04.928+0300] {dag.py:2742} INFO - Sync 1 DAGs
[2023-07-30T18:59:04.947+0300] {logging_mixin.py:150} INFO - [2023-07-30T18:59:04.947+0300] {dag.py:3504} INFO - Setting next_dagrun for example_dynamic_task_mapping to 2022-03-04T00:00:00+00:00, run_after=2022-03-05T00:00:00+00:00
[2023-07-30T18:59:04.968+0300] {processor.py:179} INFO - Processing /Users/olgastash/neoflex_env_airflow/lib/python3.10/site-packages/airflow/example_dags/example_dynamic_task_mapping.py took 1.042 seconds
[2023-07-30T19:03:16.750+0300] {processor.py:157} INFO - Started process (PID=30562) to work on /Users/olgastash/neoflex_env_airflow/lib/python3.10/site-packages/airflow/example_dags/example_dynamic_task_mapping.py
[2023-07-30T19:03:16.752+0300] {processor.py:826} INFO - Processing file /Users/olgastash/neoflex_env_airflow/lib/python3.10/site-packages/airflow/example_dags/example_dynamic_task_mapping.py for tasks to queue
[2023-07-30T19:03:16.753+0300] {logging_mixin.py:150} INFO - [2023-07-30T19:03:16.753+0300] {dagbag.py:541} INFO - Filling up the DagBag from /Users/olgastash/neoflex_env_airflow/lib/python3.10/site-packages/airflow/example_dags/example_dynamic_task_mapping.py
[2023-07-30T19:03:16.868+0300] {processor.py:836} INFO - DAG(s) dict_keys(['example_dynamic_task_mapping']) retrieved from /Users/olgastash/neoflex_env_airflow/lib/python3.10/site-packages/airflow/example_dags/example_dynamic_task_mapping.py
[2023-07-30T19:03:18.482+0300] {logging_mixin.py:150} INFO - [2023-07-30T19:03:18.482+0300] {dag.py:2742} INFO - Sync 1 DAGs
[2023-07-30T19:03:18.514+0300] {logging_mixin.py:150} INFO - [2023-07-30T19:03:18.513+0300] {dag.py:3504} INFO - Setting next_dagrun for example_dynamic_task_mapping to 2022-03-04T00:00:00+00:00, run_after=2022-03-05T00:00:00+00:00
[2023-07-30T19:03:18.550+0300] {processor.py:179} INFO - Processing /Users/olgastash/neoflex_env_airflow/lib/python3.10/site-packages/airflow/example_dags/example_dynamic_task_mapping.py took 1.801 seconds
[2023-07-30T19:07:19.896+0300] {processor.py:157} INFO - Started process (PID=30697) to work on /Users/olgastash/neoflex_env_airflow/lib/python3.10/site-packages/airflow/example_dags/example_dynamic_task_mapping.py
[2023-07-30T19:07:19.897+0300] {processor.py:826} INFO - Processing file /Users/olgastash/neoflex_env_airflow/lib/python3.10/site-packages/airflow/example_dags/example_dynamic_task_mapping.py for tasks to queue
[2023-07-30T19:07:19.897+0300] {logging_mixin.py:150} INFO - [2023-07-30T19:07:19.897+0300] {dagbag.py:541} INFO - Filling up the DagBag from /Users/olgastash/neoflex_env_airflow/lib/python3.10/site-packages/airflow/example_dags/example_dynamic_task_mapping.py
[2023-07-30T19:07:19.953+0300] {processor.py:836} INFO - DAG(s) dict_keys(['example_dynamic_task_mapping']) retrieved from /Users/olgastash/neoflex_env_airflow/lib/python3.10/site-packages/airflow/example_dags/example_dynamic_task_mapping.py
[2023-07-30T19:07:20.883+0300] {logging_mixin.py:150} INFO - [2023-07-30T19:07:20.883+0300] {dag.py:2742} INFO - Sync 1 DAGs
[2023-07-30T19:07:20.902+0300] {logging_mixin.py:150} INFO - [2023-07-30T19:07:20.901+0300] {dag.py:3504} INFO - Setting next_dagrun for example_dynamic_task_mapping to 2022-03-04T00:00:00+00:00, run_after=2022-03-05T00:00:00+00:00
[2023-07-30T19:07:20.923+0300] {processor.py:179} INFO - Processing /Users/olgastash/neoflex_env_airflow/lib/python3.10/site-packages/airflow/example_dags/example_dynamic_task_mapping.py took 1.028 seconds
[2023-07-30T19:11:18.862+0300] {processor.py:157} INFO - Started process (PID=30835) to work on /Users/olgastash/neoflex_env_airflow/lib/python3.10/site-packages/airflow/example_dags/example_dynamic_task_mapping.py
[2023-07-30T19:11:18.863+0300] {processor.py:826} INFO - Processing file /Users/olgastash/neoflex_env_airflow/lib/python3.10/site-packages/airflow/example_dags/example_dynamic_task_mapping.py for tasks to queue
[2023-07-30T19:11:18.863+0300] {logging_mixin.py:150} INFO - [2023-07-30T19:11:18.863+0300] {dagbag.py:541} INFO - Filling up the DagBag from /Users/olgastash/neoflex_env_airflow/lib/python3.10/site-packages/airflow/example_dags/example_dynamic_task_mapping.py
[2023-07-30T19:11:18.922+0300] {processor.py:836} INFO - DAG(s) dict_keys(['example_dynamic_task_mapping']) retrieved from /Users/olgastash/neoflex_env_airflow/lib/python3.10/site-packages/airflow/example_dags/example_dynamic_task_mapping.py
[2023-07-30T19:11:19.889+0300] {logging_mixin.py:150} INFO - [2023-07-30T19:11:19.889+0300] {dag.py:2742} INFO - Sync 1 DAGs
[2023-07-30T19:11:19.909+0300] {logging_mixin.py:150} INFO - [2023-07-30T19:11:19.909+0300] {dag.py:3504} INFO - Setting next_dagrun for example_dynamic_task_mapping to 2022-03-04T00:00:00+00:00, run_after=2022-03-05T00:00:00+00:00
[2023-07-30T19:11:19.930+0300] {processor.py:179} INFO - Processing /Users/olgastash/neoflex_env_airflow/lib/python3.10/site-packages/airflow/example_dags/example_dynamic_task_mapping.py took 1.069 seconds
[2023-07-30T19:15:33.797+0300] {processor.py:157} INFO - Started process (PID=30990) to work on /Users/olgastash/neoflex_env_airflow/lib/python3.10/site-packages/airflow/example_dags/example_dynamic_task_mapping.py
[2023-07-30T19:15:33.798+0300] {processor.py:826} INFO - Processing file /Users/olgastash/neoflex_env_airflow/lib/python3.10/site-packages/airflow/example_dags/example_dynamic_task_mapping.py for tasks to queue
[2023-07-30T19:15:33.799+0300] {logging_mixin.py:150} INFO - [2023-07-30T19:15:33.799+0300] {dagbag.py:541} INFO - Filling up the DagBag from /Users/olgastash/neoflex_env_airflow/lib/python3.10/site-packages/airflow/example_dags/example_dynamic_task_mapping.py
[2023-07-30T19:15:33.854+0300] {processor.py:836} INFO - DAG(s) dict_keys(['example_dynamic_task_mapping']) retrieved from /Users/olgastash/neoflex_env_airflow/lib/python3.10/site-packages/airflow/example_dags/example_dynamic_task_mapping.py
[2023-07-30T19:15:34.804+0300] {logging_mixin.py:150} INFO - [2023-07-30T19:15:34.804+0300] {dag.py:2742} INFO - Sync 1 DAGs
[2023-07-30T19:15:34.824+0300] {logging_mixin.py:150} INFO - [2023-07-30T19:15:34.824+0300] {dag.py:3504} INFO - Setting next_dagrun for example_dynamic_task_mapping to 2022-03-04T00:00:00+00:00, run_after=2022-03-05T00:00:00+00:00
[2023-07-30T19:15:34.846+0300] {processor.py:179} INFO - Processing /Users/olgastash/neoflex_env_airflow/lib/python3.10/site-packages/airflow/example_dags/example_dynamic_task_mapping.py took 1.049 seconds
[2023-07-30T19:19:42.060+0300] {processor.py:157} INFO - Started process (PID=31206) to work on /Users/olgastash/neoflex_env_airflow/lib/python3.10/site-packages/airflow/example_dags/example_dynamic_task_mapping.py
[2023-07-30T19:19:42.062+0300] {processor.py:826} INFO - Processing file /Users/olgastash/neoflex_env_airflow/lib/python3.10/site-packages/airflow/example_dags/example_dynamic_task_mapping.py for tasks to queue
[2023-07-30T19:19:42.062+0300] {logging_mixin.py:150} INFO - [2023-07-30T19:19:42.062+0300] {dagbag.py:541} INFO - Filling up the DagBag from /Users/olgastash/neoflex_env_airflow/lib/python3.10/site-packages/airflow/example_dags/example_dynamic_task_mapping.py
[2023-07-30T19:19:42.127+0300] {processor.py:836} INFO - DAG(s) dict_keys(['example_dynamic_task_mapping']) retrieved from /Users/olgastash/neoflex_env_airflow/lib/python3.10/site-packages/airflow/example_dags/example_dynamic_task_mapping.py
[2023-07-30T19:19:43.234+0300] {logging_mixin.py:150} INFO - [2023-07-30T19:19:43.234+0300] {dag.py:2742} INFO - Sync 1 DAGs
[2023-07-30T19:19:43.256+0300] {logging_mixin.py:150} INFO - [2023-07-30T19:19:43.256+0300] {dag.py:3504} INFO - Setting next_dagrun for example_dynamic_task_mapping to 2022-03-04T00:00:00+00:00, run_after=2022-03-05T00:00:00+00:00
[2023-07-30T19:19:43.282+0300] {processor.py:179} INFO - Processing /Users/olgastash/neoflex_env_airflow/lib/python3.10/site-packages/airflow/example_dags/example_dynamic_task_mapping.py took 1.222 seconds
[2023-07-30T19:23:53.653+0300] {processor.py:157} INFO - Started process (PID=31358) to work on /Users/olgastash/neoflex_env_airflow/lib/python3.10/site-packages/airflow/example_dags/example_dynamic_task_mapping.py
[2023-07-30T19:23:53.654+0300] {processor.py:826} INFO - Processing file /Users/olgastash/neoflex_env_airflow/lib/python3.10/site-packages/airflow/example_dags/example_dynamic_task_mapping.py for tasks to queue
[2023-07-30T19:23:53.654+0300] {logging_mixin.py:150} INFO - [2023-07-30T19:23:53.654+0300] {dagbag.py:541} INFO - Filling up the DagBag from /Users/olgastash/neoflex_env_airflow/lib/python3.10/site-packages/airflow/example_dags/example_dynamic_task_mapping.py
[2023-07-30T19:23:53.708+0300] {processor.py:836} INFO - DAG(s) dict_keys(['example_dynamic_task_mapping']) retrieved from /Users/olgastash/neoflex_env_airflow/lib/python3.10/site-packages/airflow/example_dags/example_dynamic_task_mapping.py
[2023-07-30T19:23:54.559+0300] {logging_mixin.py:150} INFO - [2023-07-30T19:23:54.559+0300] {dag.py:2742} INFO - Sync 1 DAGs
[2023-07-30T19:23:54.577+0300] {logging_mixin.py:150} INFO - [2023-07-30T19:23:54.577+0300] {dag.py:3504} INFO - Setting next_dagrun for example_dynamic_task_mapping to 2022-03-04T00:00:00+00:00, run_after=2022-03-05T00:00:00+00:00
[2023-07-30T19:23:54.596+0300] {processor.py:179} INFO - Processing /Users/olgastash/neoflex_env_airflow/lib/python3.10/site-packages/airflow/example_dags/example_dynamic_task_mapping.py took 0.944 seconds
[2023-07-30T19:27:55.322+0300] {processor.py:157} INFO - Started process (PID=31501) to work on /Users/olgastash/neoflex_env_airflow/lib/python3.10/site-packages/airflow/example_dags/example_dynamic_task_mapping.py
[2023-07-30T19:27:55.323+0300] {processor.py:826} INFO - Processing file /Users/olgastash/neoflex_env_airflow/lib/python3.10/site-packages/airflow/example_dags/example_dynamic_task_mapping.py for tasks to queue
[2023-07-30T19:27:55.324+0300] {logging_mixin.py:150} INFO - [2023-07-30T19:27:55.323+0300] {dagbag.py:541} INFO - Filling up the DagBag from /Users/olgastash/neoflex_env_airflow/lib/python3.10/site-packages/airflow/example_dags/example_dynamic_task_mapping.py
[2023-07-30T19:27:55.379+0300] {processor.py:836} INFO - DAG(s) dict_keys(['example_dynamic_task_mapping']) retrieved from /Users/olgastash/neoflex_env_airflow/lib/python3.10/site-packages/airflow/example_dags/example_dynamic_task_mapping.py
[2023-07-30T19:27:56.330+0300] {logging_mixin.py:150} INFO - [2023-07-30T19:27:56.330+0300] {dag.py:2742} INFO - Sync 1 DAGs
[2023-07-30T19:27:56.349+0300] {logging_mixin.py:150} INFO - [2023-07-30T19:27:56.349+0300] {dag.py:3504} INFO - Setting next_dagrun for example_dynamic_task_mapping to 2022-03-04T00:00:00+00:00, run_after=2022-03-05T00:00:00+00:00
[2023-07-30T19:27:56.371+0300] {processor.py:179} INFO - Processing /Users/olgastash/neoflex_env_airflow/lib/python3.10/site-packages/airflow/example_dags/example_dynamic_task_mapping.py took 1.050 seconds
[2023-07-30T20:12:07.690+0300] {processor.py:157} INFO - Started process (PID=31779) to work on /Users/olgastash/neoflex_env_airflow/lib/python3.10/site-packages/airflow/example_dags/example_dynamic_task_mapping.py
[2023-07-30T20:12:07.691+0300] {processor.py:826} INFO - Processing file /Users/olgastash/neoflex_env_airflow/lib/python3.10/site-packages/airflow/example_dags/example_dynamic_task_mapping.py for tasks to queue
[2023-07-30T20:12:07.692+0300] {logging_mixin.py:150} INFO - [2023-07-30T20:12:07.692+0300] {dagbag.py:541} INFO - Filling up the DagBag from /Users/olgastash/neoflex_env_airflow/lib/python3.10/site-packages/airflow/example_dags/example_dynamic_task_mapping.py
[2023-07-30T20:12:07.746+0300] {processor.py:836} INFO - DAG(s) dict_keys(['example_dynamic_task_mapping']) retrieved from /Users/olgastash/neoflex_env_airflow/lib/python3.10/site-packages/airflow/example_dags/example_dynamic_task_mapping.py
[2023-07-30T20:12:08.766+0300] {logging_mixin.py:150} INFO - [2023-07-30T20:12:08.766+0300] {dag.py:2742} INFO - Sync 1 DAGs
[2023-07-30T20:12:08.787+0300] {logging_mixin.py:150} INFO - [2023-07-30T20:12:08.787+0300] {dag.py:3504} INFO - Setting next_dagrun for example_dynamic_task_mapping to 2022-03-04T00:00:00+00:00, run_after=2022-03-05T00:00:00+00:00
[2023-07-30T20:12:08.808+0300] {processor.py:179} INFO - Processing /Users/olgastash/neoflex_env_airflow/lib/python3.10/site-packages/airflow/example_dags/example_dynamic_task_mapping.py took 1.118 seconds
[2023-07-30T20:16:28.373+0300] {processor.py:157} INFO - Started process (PID=32002) to work on /Users/olgastash/neoflex_env_airflow/lib/python3.10/site-packages/airflow/example_dags/example_dynamic_task_mapping.py
[2023-07-30T20:16:28.374+0300] {processor.py:826} INFO - Processing file /Users/olgastash/neoflex_env_airflow/lib/python3.10/site-packages/airflow/example_dags/example_dynamic_task_mapping.py for tasks to queue
[2023-07-30T20:16:28.374+0300] {logging_mixin.py:150} INFO - [2023-07-30T20:16:28.374+0300] {dagbag.py:541} INFO - Filling up the DagBag from /Users/olgastash/neoflex_env_airflow/lib/python3.10/site-packages/airflow/example_dags/example_dynamic_task_mapping.py
[2023-07-30T20:16:28.430+0300] {processor.py:836} INFO - DAG(s) dict_keys(['example_dynamic_task_mapping']) retrieved from /Users/olgastash/neoflex_env_airflow/lib/python3.10/site-packages/airflow/example_dags/example_dynamic_task_mapping.py
[2023-07-30T20:16:29.394+0300] {logging_mixin.py:150} INFO - [2023-07-30T20:16:29.394+0300] {dag.py:2742} INFO - Sync 1 DAGs
[2023-07-30T20:16:29.415+0300] {logging_mixin.py:150} INFO - [2023-07-30T20:16:29.415+0300] {dag.py:3504} INFO - Setting next_dagrun for example_dynamic_task_mapping to 2022-03-04T00:00:00+00:00, run_after=2022-03-05T00:00:00+00:00
[2023-07-30T20:16:29.436+0300] {processor.py:179} INFO - Processing /Users/olgastash/neoflex_env_airflow/lib/python3.10/site-packages/airflow/example_dags/example_dynamic_task_mapping.py took 1.064 seconds
[2023-07-30T20:21:04.577+0300] {processor.py:157} INFO - Started process (PID=32225) to work on /Users/olgastash/neoflex_env_airflow/lib/python3.10/site-packages/airflow/example_dags/example_dynamic_task_mapping.py
[2023-07-30T20:21:04.578+0300] {processor.py:826} INFO - Processing file /Users/olgastash/neoflex_env_airflow/lib/python3.10/site-packages/airflow/example_dags/example_dynamic_task_mapping.py for tasks to queue
[2023-07-30T20:21:04.579+0300] {logging_mixin.py:150} INFO - [2023-07-30T20:21:04.579+0300] {dagbag.py:541} INFO - Filling up the DagBag from /Users/olgastash/neoflex_env_airflow/lib/python3.10/site-packages/airflow/example_dags/example_dynamic_task_mapping.py
[2023-07-30T20:21:04.635+0300] {processor.py:836} INFO - DAG(s) dict_keys(['example_dynamic_task_mapping']) retrieved from /Users/olgastash/neoflex_env_airflow/lib/python3.10/site-packages/airflow/example_dags/example_dynamic_task_mapping.py
[2023-07-30T20:21:05.587+0300] {logging_mixin.py:150} INFO - [2023-07-30T20:21:05.587+0300] {dag.py:2742} INFO - Sync 1 DAGs
[2023-07-30T20:21:05.606+0300] {logging_mixin.py:150} INFO - [2023-07-30T20:21:05.606+0300] {dag.py:3504} INFO - Setting next_dagrun for example_dynamic_task_mapping to 2022-03-04T00:00:00+00:00, run_after=2022-03-05T00:00:00+00:00
[2023-07-30T20:21:05.626+0300] {processor.py:179} INFO - Processing /Users/olgastash/neoflex_env_airflow/lib/python3.10/site-packages/airflow/example_dags/example_dynamic_task_mapping.py took 1.049 seconds
[2023-07-30T20:25:25.742+0300] {processor.py:157} INFO - Started process (PID=32517) to work on /Users/olgastash/neoflex_env_airflow/lib/python3.10/site-packages/airflow/example_dags/example_dynamic_task_mapping.py
[2023-07-30T20:25:25.743+0300] {processor.py:826} INFO - Processing file /Users/olgastash/neoflex_env_airflow/lib/python3.10/site-packages/airflow/example_dags/example_dynamic_task_mapping.py for tasks to queue
[2023-07-30T20:25:25.744+0300] {logging_mixin.py:150} INFO - [2023-07-30T20:25:25.743+0300] {dagbag.py:541} INFO - Filling up the DagBag from /Users/olgastash/neoflex_env_airflow/lib/python3.10/site-packages/airflow/example_dags/example_dynamic_task_mapping.py
[2023-07-30T20:25:25.804+0300] {processor.py:836} INFO - DAG(s) dict_keys(['example_dynamic_task_mapping']) retrieved from /Users/olgastash/neoflex_env_airflow/lib/python3.10/site-packages/airflow/example_dags/example_dynamic_task_mapping.py
[2023-07-30T20:25:26.830+0300] {logging_mixin.py:150} INFO - [2023-07-30T20:25:26.830+0300] {dag.py:2742} INFO - Sync 1 DAGs
[2023-07-30T20:25:26.850+0300] {logging_mixin.py:150} INFO - [2023-07-30T20:25:26.850+0300] {dag.py:3504} INFO - Setting next_dagrun for example_dynamic_task_mapping to 2022-03-04T00:00:00+00:00, run_after=2022-03-05T00:00:00+00:00
[2023-07-30T20:25:26.872+0300] {processor.py:179} INFO - Processing /Users/olgastash/neoflex_env_airflow/lib/python3.10/site-packages/airflow/example_dags/example_dynamic_task_mapping.py took 1.131 seconds
[2023-07-30T20:29:38.460+0300] {processor.py:157} INFO - Started process (PID=32686) to work on /Users/olgastash/neoflex_env_airflow/lib/python3.10/site-packages/airflow/example_dags/example_dynamic_task_mapping.py
[2023-07-30T20:29:38.461+0300] {processor.py:826} INFO - Processing file /Users/olgastash/neoflex_env_airflow/lib/python3.10/site-packages/airflow/example_dags/example_dynamic_task_mapping.py for tasks to queue
[2023-07-30T20:29:38.462+0300] {logging_mixin.py:150} INFO - [2023-07-30T20:29:38.462+0300] {dagbag.py:541} INFO - Filling up the DagBag from /Users/olgastash/neoflex_env_airflow/lib/python3.10/site-packages/airflow/example_dags/example_dynamic_task_mapping.py
[2023-07-30T20:29:38.548+0300] {processor.py:836} INFO - DAG(s) dict_keys(['example_dynamic_task_mapping']) retrieved from /Users/olgastash/neoflex_env_airflow/lib/python3.10/site-packages/airflow/example_dags/example_dynamic_task_mapping.py
[2023-07-30T20:29:39.774+0300] {logging_mixin.py:150} INFO - [2023-07-30T20:29:39.774+0300] {dag.py:2742} INFO - Sync 1 DAGs
[2023-07-30T20:29:39.802+0300] {logging_mixin.py:150} INFO - [2023-07-30T20:29:39.802+0300] {dag.py:3504} INFO - Setting next_dagrun for example_dynamic_task_mapping to 2022-03-04T00:00:00+00:00, run_after=2022-03-05T00:00:00+00:00
[2023-07-30T20:29:39.824+0300] {processor.py:179} INFO - Processing /Users/olgastash/neoflex_env_airflow/lib/python3.10/site-packages/airflow/example_dags/example_dynamic_task_mapping.py took 1.365 seconds
[2023-07-30T20:34:02.722+0300] {processor.py:157} INFO - Started process (PID=32951) to work on /Users/olgastash/neoflex_env_airflow/lib/python3.10/site-packages/airflow/example_dags/example_dynamic_task_mapping.py
[2023-07-30T20:34:02.723+0300] {processor.py:826} INFO - Processing file /Users/olgastash/neoflex_env_airflow/lib/python3.10/site-packages/airflow/example_dags/example_dynamic_task_mapping.py for tasks to queue
[2023-07-30T20:34:02.723+0300] {logging_mixin.py:150} INFO - [2023-07-30T20:34:02.723+0300] {dagbag.py:541} INFO - Filling up the DagBag from /Users/olgastash/neoflex_env_airflow/lib/python3.10/site-packages/airflow/example_dags/example_dynamic_task_mapping.py
[2023-07-30T20:34:02.779+0300] {processor.py:836} INFO - DAG(s) dict_keys(['example_dynamic_task_mapping']) retrieved from /Users/olgastash/neoflex_env_airflow/lib/python3.10/site-packages/airflow/example_dags/example_dynamic_task_mapping.py
[2023-07-30T20:34:03.753+0300] {logging_mixin.py:150} INFO - [2023-07-30T20:34:03.753+0300] {dag.py:2742} INFO - Sync 1 DAGs
[2023-07-30T20:34:03.771+0300] {logging_mixin.py:150} INFO - [2023-07-30T20:34:03.771+0300] {dag.py:3504} INFO - Setting next_dagrun for example_dynamic_task_mapping to 2022-03-04T00:00:00+00:00, run_after=2022-03-05T00:00:00+00:00
[2023-07-30T20:34:03.791+0300] {processor.py:179} INFO - Processing /Users/olgastash/neoflex_env_airflow/lib/python3.10/site-packages/airflow/example_dags/example_dynamic_task_mapping.py took 1.070 seconds
[2023-07-30T20:38:17.814+0300] {processor.py:157} INFO - Started process (PID=33208) to work on /Users/olgastash/neoflex_env_airflow/lib/python3.10/site-packages/airflow/example_dags/example_dynamic_task_mapping.py
[2023-07-30T20:38:17.815+0300] {processor.py:826} INFO - Processing file /Users/olgastash/neoflex_env_airflow/lib/python3.10/site-packages/airflow/example_dags/example_dynamic_task_mapping.py for tasks to queue
[2023-07-30T20:38:17.816+0300] {logging_mixin.py:150} INFO - [2023-07-30T20:38:17.816+0300] {dagbag.py:541} INFO - Filling up the DagBag from /Users/olgastash/neoflex_env_airflow/lib/python3.10/site-packages/airflow/example_dags/example_dynamic_task_mapping.py
[2023-07-30T20:38:17.872+0300] {processor.py:836} INFO - DAG(s) dict_keys(['example_dynamic_task_mapping']) retrieved from /Users/olgastash/neoflex_env_airflow/lib/python3.10/site-packages/airflow/example_dags/example_dynamic_task_mapping.py
[2023-07-30T20:38:18.886+0300] {logging_mixin.py:150} INFO - [2023-07-30T20:38:18.886+0300] {dag.py:2742} INFO - Sync 1 DAGs
[2023-07-30T20:38:18.904+0300] {logging_mixin.py:150} INFO - [2023-07-30T20:38:18.904+0300] {dag.py:3504} INFO - Setting next_dagrun for example_dynamic_task_mapping to 2022-03-04T00:00:00+00:00, run_after=2022-03-05T00:00:00+00:00
[2023-07-30T20:38:18.924+0300] {processor.py:179} INFO - Processing /Users/olgastash/neoflex_env_airflow/lib/python3.10/site-packages/airflow/example_dags/example_dynamic_task_mapping.py took 1.111 seconds
[2023-07-30T20:42:37.679+0300] {processor.py:157} INFO - Started process (PID=33447) to work on /Users/olgastash/neoflex_env_airflow/lib/python3.10/site-packages/airflow/example_dags/example_dynamic_task_mapping.py
[2023-07-30T20:42:37.680+0300] {processor.py:826} INFO - Processing file /Users/olgastash/neoflex_env_airflow/lib/python3.10/site-packages/airflow/example_dags/example_dynamic_task_mapping.py for tasks to queue
[2023-07-30T20:42:37.680+0300] {logging_mixin.py:150} INFO - [2023-07-30T20:42:37.680+0300] {dagbag.py:541} INFO - Filling up the DagBag from /Users/olgastash/neoflex_env_airflow/lib/python3.10/site-packages/airflow/example_dags/example_dynamic_task_mapping.py
[2023-07-30T20:42:37.739+0300] {processor.py:836} INFO - DAG(s) dict_keys(['example_dynamic_task_mapping']) retrieved from /Users/olgastash/neoflex_env_airflow/lib/python3.10/site-packages/airflow/example_dags/example_dynamic_task_mapping.py
[2023-07-30T20:42:38.741+0300] {logging_mixin.py:150} INFO - [2023-07-30T20:42:38.740+0300] {dag.py:2742} INFO - Sync 1 DAGs
[2023-07-30T20:42:38.758+0300] {logging_mixin.py:150} INFO - [2023-07-30T20:42:38.758+0300] {dag.py:3504} INFO - Setting next_dagrun for example_dynamic_task_mapping to 2022-03-04T00:00:00+00:00, run_after=2022-03-05T00:00:00+00:00
[2023-07-30T20:42:38.778+0300] {processor.py:179} INFO - Processing /Users/olgastash/neoflex_env_airflow/lib/python3.10/site-packages/airflow/example_dags/example_dynamic_task_mapping.py took 1.101 seconds
[2023-07-30T20:46:55.435+0300] {processor.py:157} INFO - Started process (PID=33701) to work on /Users/olgastash/neoflex_env_airflow/lib/python3.10/site-packages/airflow/example_dags/example_dynamic_task_mapping.py
[2023-07-30T20:46:55.436+0300] {processor.py:826} INFO - Processing file /Users/olgastash/neoflex_env_airflow/lib/python3.10/site-packages/airflow/example_dags/example_dynamic_task_mapping.py for tasks to queue
[2023-07-30T20:46:55.437+0300] {logging_mixin.py:150} INFO - [2023-07-30T20:46:55.436+0300] {dagbag.py:541} INFO - Filling up the DagBag from /Users/olgastash/neoflex_env_airflow/lib/python3.10/site-packages/airflow/example_dags/example_dynamic_task_mapping.py
[2023-07-30T20:46:55.495+0300] {processor.py:836} INFO - DAG(s) dict_keys(['example_dynamic_task_mapping']) retrieved from /Users/olgastash/neoflex_env_airflow/lib/python3.10/site-packages/airflow/example_dags/example_dynamic_task_mapping.py
[2023-07-30T20:46:56.472+0300] {logging_mixin.py:150} INFO - [2023-07-30T20:46:56.472+0300] {dag.py:2742} INFO - Sync 1 DAGs
[2023-07-30T20:46:56.491+0300] {logging_mixin.py:150} INFO - [2023-07-30T20:46:56.491+0300] {dag.py:3504} INFO - Setting next_dagrun for example_dynamic_task_mapping to 2022-03-04T00:00:00+00:00, run_after=2022-03-05T00:00:00+00:00
[2023-07-30T20:46:56.511+0300] {processor.py:179} INFO - Processing /Users/olgastash/neoflex_env_airflow/lib/python3.10/site-packages/airflow/example_dags/example_dynamic_task_mapping.py took 1.077 seconds
[2023-07-30T20:51:16.342+0300] {processor.py:157} INFO - Started process (PID=33925) to work on /Users/olgastash/neoflex_env_airflow/lib/python3.10/site-packages/airflow/example_dags/example_dynamic_task_mapping.py
[2023-07-30T20:51:16.343+0300] {processor.py:826} INFO - Processing file /Users/olgastash/neoflex_env_airflow/lib/python3.10/site-packages/airflow/example_dags/example_dynamic_task_mapping.py for tasks to queue
[2023-07-30T20:51:16.344+0300] {logging_mixin.py:150} INFO - [2023-07-30T20:51:16.344+0300] {dagbag.py:541} INFO - Filling up the DagBag from /Users/olgastash/neoflex_env_airflow/lib/python3.10/site-packages/airflow/example_dags/example_dynamic_task_mapping.py
[2023-07-30T20:51:16.400+0300] {processor.py:836} INFO - DAG(s) dict_keys(['example_dynamic_task_mapping']) retrieved from /Users/olgastash/neoflex_env_airflow/lib/python3.10/site-packages/airflow/example_dags/example_dynamic_task_mapping.py
[2023-07-30T20:51:17.376+0300] {logging_mixin.py:150} INFO - [2023-07-30T20:51:17.376+0300] {dag.py:2742} INFO - Sync 1 DAGs
[2023-07-30T20:51:17.394+0300] {logging_mixin.py:150} INFO - [2023-07-30T20:51:17.393+0300] {dag.py:3504} INFO - Setting next_dagrun for example_dynamic_task_mapping to 2022-03-04T00:00:00+00:00, run_after=2022-03-05T00:00:00+00:00
[2023-07-30T20:51:17.413+0300] {processor.py:179} INFO - Processing /Users/olgastash/neoflex_env_airflow/lib/python3.10/site-packages/airflow/example_dags/example_dynamic_task_mapping.py took 1.072 seconds
[2023-07-30T20:55:46.470+0300] {processor.py:157} INFO - Started process (PID=34152) to work on /Users/olgastash/neoflex_env_airflow/lib/python3.10/site-packages/airflow/example_dags/example_dynamic_task_mapping.py
[2023-07-30T20:55:46.471+0300] {processor.py:826} INFO - Processing file /Users/olgastash/neoflex_env_airflow/lib/python3.10/site-packages/airflow/example_dags/example_dynamic_task_mapping.py for tasks to queue
[2023-07-30T20:55:46.472+0300] {logging_mixin.py:150} INFO - [2023-07-30T20:55:46.472+0300] {dagbag.py:541} INFO - Filling up the DagBag from /Users/olgastash/neoflex_env_airflow/lib/python3.10/site-packages/airflow/example_dags/example_dynamic_task_mapping.py
[2023-07-30T20:55:46.527+0300] {processor.py:836} INFO - DAG(s) dict_keys(['example_dynamic_task_mapping']) retrieved from /Users/olgastash/neoflex_env_airflow/lib/python3.10/site-packages/airflow/example_dags/example_dynamic_task_mapping.py
[2023-07-30T20:55:47.497+0300] {logging_mixin.py:150} INFO - [2023-07-30T20:55:47.497+0300] {dag.py:2742} INFO - Sync 1 DAGs
[2023-07-30T20:55:47.514+0300] {logging_mixin.py:150} INFO - [2023-07-30T20:55:47.514+0300] {dag.py:3504} INFO - Setting next_dagrun for example_dynamic_task_mapping to 2022-03-04T00:00:00+00:00, run_after=2022-03-05T00:00:00+00:00
[2023-07-30T20:55:47.533+0300] {processor.py:179} INFO - Processing /Users/olgastash/neoflex_env_airflow/lib/python3.10/site-packages/airflow/example_dags/example_dynamic_task_mapping.py took 1.064 seconds
[2023-07-30T21:00:13.739+0300] {processor.py:157} INFO - Started process (PID=34344) to work on /Users/olgastash/neoflex_env_airflow/lib/python3.10/site-packages/airflow/example_dags/example_dynamic_task_mapping.py
[2023-07-30T21:00:13.740+0300] {processor.py:826} INFO - Processing file /Users/olgastash/neoflex_env_airflow/lib/python3.10/site-packages/airflow/example_dags/example_dynamic_task_mapping.py for tasks to queue
[2023-07-30T21:00:13.741+0300] {logging_mixin.py:150} INFO - [2023-07-30T21:00:13.741+0300] {dagbag.py:541} INFO - Filling up the DagBag from /Users/olgastash/neoflex_env_airflow/lib/python3.10/site-packages/airflow/example_dags/example_dynamic_task_mapping.py
[2023-07-30T21:00:13.796+0300] {processor.py:836} INFO - DAG(s) dict_keys(['example_dynamic_task_mapping']) retrieved from /Users/olgastash/neoflex_env_airflow/lib/python3.10/site-packages/airflow/example_dags/example_dynamic_task_mapping.py
[2023-07-30T21:00:14.785+0300] {logging_mixin.py:150} INFO - [2023-07-30T21:00:14.784+0300] {dag.py:2742} INFO - Sync 1 DAGs
[2023-07-30T21:00:14.805+0300] {logging_mixin.py:150} INFO - [2023-07-30T21:00:14.804+0300] {dag.py:3504} INFO - Setting next_dagrun for example_dynamic_task_mapping to 2022-03-04T00:00:00+00:00, run_after=2022-03-05T00:00:00+00:00
[2023-07-30T21:00:14.830+0300] {processor.py:179} INFO - Processing /Users/olgastash/neoflex_env_airflow/lib/python3.10/site-packages/airflow/example_dags/example_dynamic_task_mapping.py took 1.091 seconds
[2023-07-30T21:04:41.205+0300] {processor.py:157} INFO - Started process (PID=34515) to work on /Users/olgastash/neoflex_env_airflow/lib/python3.10/site-packages/airflow/example_dags/example_dynamic_task_mapping.py
[2023-07-30T21:04:41.206+0300] {processor.py:826} INFO - Processing file /Users/olgastash/neoflex_env_airflow/lib/python3.10/site-packages/airflow/example_dags/example_dynamic_task_mapping.py for tasks to queue
[2023-07-30T21:04:41.207+0300] {logging_mixin.py:150} INFO - [2023-07-30T21:04:41.207+0300] {dagbag.py:541} INFO - Filling up the DagBag from /Users/olgastash/neoflex_env_airflow/lib/python3.10/site-packages/airflow/example_dags/example_dynamic_task_mapping.py
[2023-07-30T21:04:41.265+0300] {processor.py:836} INFO - DAG(s) dict_keys(['example_dynamic_task_mapping']) retrieved from /Users/olgastash/neoflex_env_airflow/lib/python3.10/site-packages/airflow/example_dags/example_dynamic_task_mapping.py
[2023-07-30T21:04:42.185+0300] {logging_mixin.py:150} INFO - [2023-07-30T21:04:42.185+0300] {dag.py:2742} INFO - Sync 1 DAGs
[2023-07-30T21:04:42.205+0300] {logging_mixin.py:150} INFO - [2023-07-30T21:04:42.205+0300] {dag.py:3504} INFO - Setting next_dagrun for example_dynamic_task_mapping to 2022-03-04T00:00:00+00:00, run_after=2022-03-05T00:00:00+00:00
[2023-07-30T21:04:42.223+0300] {processor.py:179} INFO - Processing /Users/olgastash/neoflex_env_airflow/lib/python3.10/site-packages/airflow/example_dags/example_dynamic_task_mapping.py took 1.018 seconds
[2023-07-30T21:09:16.907+0300] {processor.py:157} INFO - Started process (PID=34709) to work on /Users/olgastash/neoflex_env_airflow/lib/python3.10/site-packages/airflow/example_dags/example_dynamic_task_mapping.py
[2023-07-30T21:09:16.908+0300] {processor.py:826} INFO - Processing file /Users/olgastash/neoflex_env_airflow/lib/python3.10/site-packages/airflow/example_dags/example_dynamic_task_mapping.py for tasks to queue
[2023-07-30T21:09:16.909+0300] {logging_mixin.py:150} INFO - [2023-07-30T21:09:16.909+0300] {dagbag.py:541} INFO - Filling up the DagBag from /Users/olgastash/neoflex_env_airflow/lib/python3.10/site-packages/airflow/example_dags/example_dynamic_task_mapping.py
[2023-07-30T21:09:16.975+0300] {processor.py:836} INFO - DAG(s) dict_keys(['example_dynamic_task_mapping']) retrieved from /Users/olgastash/neoflex_env_airflow/lib/python3.10/site-packages/airflow/example_dags/example_dynamic_task_mapping.py
[2023-07-30T21:09:18.047+0300] {logging_mixin.py:150} INFO - [2023-07-30T21:09:18.047+0300] {dag.py:2742} INFO - Sync 1 DAGs
[2023-07-30T21:09:18.071+0300] {logging_mixin.py:150} INFO - [2023-07-30T21:09:18.071+0300] {dag.py:3504} INFO - Setting next_dagrun for example_dynamic_task_mapping to 2022-03-04T00:00:00+00:00, run_after=2022-03-05T00:00:00+00:00
[2023-07-30T21:09:18.096+0300] {processor.py:179} INFO - Processing /Users/olgastash/neoflex_env_airflow/lib/python3.10/site-packages/airflow/example_dags/example_dynamic_task_mapping.py took 1.190 seconds
[2023-07-30T21:13:47.656+0300] {processor.py:157} INFO - Started process (PID=34962) to work on /Users/olgastash/neoflex_env_airflow/lib/python3.10/site-packages/airflow/example_dags/example_dynamic_task_mapping.py
[2023-07-30T21:13:47.658+0300] {processor.py:826} INFO - Processing file /Users/olgastash/neoflex_env_airflow/lib/python3.10/site-packages/airflow/example_dags/example_dynamic_task_mapping.py for tasks to queue
[2023-07-30T21:13:47.659+0300] {logging_mixin.py:150} INFO - [2023-07-30T21:13:47.659+0300] {dagbag.py:541} INFO - Filling up the DagBag from /Users/olgastash/neoflex_env_airflow/lib/python3.10/site-packages/airflow/example_dags/example_dynamic_task_mapping.py
[2023-07-30T21:13:47.722+0300] {processor.py:836} INFO - DAG(s) dict_keys(['example_dynamic_task_mapping']) retrieved from /Users/olgastash/neoflex_env_airflow/lib/python3.10/site-packages/airflow/example_dags/example_dynamic_task_mapping.py
[2023-07-30T21:13:48.854+0300] {logging_mixin.py:150} INFO - [2023-07-30T21:13:48.854+0300] {dag.py:2742} INFO - Sync 1 DAGs
[2023-07-30T21:13:48.875+0300] {logging_mixin.py:150} INFO - [2023-07-30T21:13:48.874+0300] {dag.py:3504} INFO - Setting next_dagrun for example_dynamic_task_mapping to 2022-03-04T00:00:00+00:00, run_after=2022-03-05T00:00:00+00:00
[2023-07-30T21:13:48.900+0300] {processor.py:179} INFO - Processing /Users/olgastash/neoflex_env_airflow/lib/python3.10/site-packages/airflow/example_dags/example_dynamic_task_mapping.py took 1.245 seconds
[2023-07-30T21:18:28.383+0300] {processor.py:157} INFO - Started process (PID=35150) to work on /Users/olgastash/neoflex_env_airflow/lib/python3.10/site-packages/airflow/example_dags/example_dynamic_task_mapping.py
[2023-07-30T21:18:28.384+0300] {processor.py:826} INFO - Processing file /Users/olgastash/neoflex_env_airflow/lib/python3.10/site-packages/airflow/example_dags/example_dynamic_task_mapping.py for tasks to queue
[2023-07-30T21:18:28.385+0300] {logging_mixin.py:150} INFO - [2023-07-30T21:18:28.385+0300] {dagbag.py:541} INFO - Filling up the DagBag from /Users/olgastash/neoflex_env_airflow/lib/python3.10/site-packages/airflow/example_dags/example_dynamic_task_mapping.py
[2023-07-30T21:18:28.441+0300] {processor.py:836} INFO - DAG(s) dict_keys(['example_dynamic_task_mapping']) retrieved from /Users/olgastash/neoflex_env_airflow/lib/python3.10/site-packages/airflow/example_dags/example_dynamic_task_mapping.py
[2023-07-30T21:18:29.428+0300] {logging_mixin.py:150} INFO - [2023-07-30T21:18:29.427+0300] {dag.py:2742} INFO - Sync 1 DAGs
[2023-07-30T21:18:29.445+0300] {logging_mixin.py:150} INFO - [2023-07-30T21:18:29.445+0300] {dag.py:3504} INFO - Setting next_dagrun for example_dynamic_task_mapping to 2022-03-04T00:00:00+00:00, run_after=2022-03-05T00:00:00+00:00
[2023-07-30T21:18:29.466+0300] {processor.py:179} INFO - Processing /Users/olgastash/neoflex_env_airflow/lib/python3.10/site-packages/airflow/example_dags/example_dynamic_task_mapping.py took 1.084 seconds
[2023-07-30T21:22:47.696+0300] {processor.py:157} INFO - Started process (PID=35320) to work on /Users/olgastash/neoflex_env_airflow/lib/python3.10/site-packages/airflow/example_dags/example_dynamic_task_mapping.py
[2023-07-30T21:22:47.697+0300] {processor.py:826} INFO - Processing file /Users/olgastash/neoflex_env_airflow/lib/python3.10/site-packages/airflow/example_dags/example_dynamic_task_mapping.py for tasks to queue
[2023-07-30T21:22:47.698+0300] {logging_mixin.py:150} INFO - [2023-07-30T21:22:47.698+0300] {dagbag.py:541} INFO - Filling up the DagBag from /Users/olgastash/neoflex_env_airflow/lib/python3.10/site-packages/airflow/example_dags/example_dynamic_task_mapping.py
[2023-07-30T21:22:47.755+0300] {processor.py:836} INFO - DAG(s) dict_keys(['example_dynamic_task_mapping']) retrieved from /Users/olgastash/neoflex_env_airflow/lib/python3.10/site-packages/airflow/example_dags/example_dynamic_task_mapping.py
[2023-07-30T21:22:48.748+0300] {logging_mixin.py:150} INFO - [2023-07-30T21:22:48.748+0300] {dag.py:2742} INFO - Sync 1 DAGs
[2023-07-30T21:22:48.768+0300] {logging_mixin.py:150} INFO - [2023-07-30T21:22:48.768+0300] {dag.py:3504} INFO - Setting next_dagrun for example_dynamic_task_mapping to 2022-03-04T00:00:00+00:00, run_after=2022-03-05T00:00:00+00:00
[2023-07-30T21:22:48.788+0300] {processor.py:179} INFO - Processing /Users/olgastash/neoflex_env_airflow/lib/python3.10/site-packages/airflow/example_dags/example_dynamic_task_mapping.py took 1.093 seconds
[2023-07-30T21:27:05.755+0300] {processor.py:157} INFO - Started process (PID=35513) to work on /Users/olgastash/neoflex_env_airflow/lib/python3.10/site-packages/airflow/example_dags/example_dynamic_task_mapping.py
[2023-07-30T21:27:05.757+0300] {processor.py:826} INFO - Processing file /Users/olgastash/neoflex_env_airflow/lib/python3.10/site-packages/airflow/example_dags/example_dynamic_task_mapping.py for tasks to queue
[2023-07-30T21:27:05.757+0300] {logging_mixin.py:150} INFO - [2023-07-30T21:27:05.757+0300] {dagbag.py:541} INFO - Filling up the DagBag from /Users/olgastash/neoflex_env_airflow/lib/python3.10/site-packages/airflow/example_dags/example_dynamic_task_mapping.py
[2023-07-30T21:27:05.813+0300] {processor.py:836} INFO - DAG(s) dict_keys(['example_dynamic_task_mapping']) retrieved from /Users/olgastash/neoflex_env_airflow/lib/python3.10/site-packages/airflow/example_dags/example_dynamic_task_mapping.py
[2023-07-30T21:27:06.857+0300] {logging_mixin.py:150} INFO - [2023-07-30T21:27:06.857+0300] {dag.py:2742} INFO - Sync 1 DAGs
[2023-07-30T21:27:06.877+0300] {logging_mixin.py:150} INFO - [2023-07-30T21:27:06.877+0300] {dag.py:3504} INFO - Setting next_dagrun for example_dynamic_task_mapping to 2022-03-04T00:00:00+00:00, run_after=2022-03-05T00:00:00+00:00
[2023-07-30T21:27:06.901+0300] {processor.py:179} INFO - Processing /Users/olgastash/neoflex_env_airflow/lib/python3.10/site-packages/airflow/example_dags/example_dynamic_task_mapping.py took 1.146 seconds
[2023-07-30T21:31:23.729+0300] {processor.py:157} INFO - Started process (PID=35710) to work on /Users/olgastash/neoflex_env_airflow/lib/python3.10/site-packages/airflow/example_dags/example_dynamic_task_mapping.py
[2023-07-30T21:31:23.731+0300] {processor.py:826} INFO - Processing file /Users/olgastash/neoflex_env_airflow/lib/python3.10/site-packages/airflow/example_dags/example_dynamic_task_mapping.py for tasks to queue
[2023-07-30T21:31:23.731+0300] {logging_mixin.py:150} INFO - [2023-07-30T21:31:23.731+0300] {dagbag.py:541} INFO - Filling up the DagBag from /Users/olgastash/neoflex_env_airflow/lib/python3.10/site-packages/airflow/example_dags/example_dynamic_task_mapping.py
[2023-07-30T21:31:23.786+0300] {processor.py:836} INFO - DAG(s) dict_keys(['example_dynamic_task_mapping']) retrieved from /Users/olgastash/neoflex_env_airflow/lib/python3.10/site-packages/airflow/example_dags/example_dynamic_task_mapping.py
[2023-07-30T21:31:24.760+0300] {logging_mixin.py:150} INFO - [2023-07-30T21:31:24.760+0300] {dag.py:2742} INFO - Sync 1 DAGs
[2023-07-30T21:31:24.778+0300] {logging_mixin.py:150} INFO - [2023-07-30T21:31:24.777+0300] {dag.py:3504} INFO - Setting next_dagrun for example_dynamic_task_mapping to 2022-03-04T00:00:00+00:00, run_after=2022-03-05T00:00:00+00:00
[2023-07-30T21:31:24.797+0300] {processor.py:179} INFO - Processing /Users/olgastash/neoflex_env_airflow/lib/python3.10/site-packages/airflow/example_dags/example_dynamic_task_mapping.py took 1.068 seconds
[2023-07-30T21:35:40.649+0300] {processor.py:157} INFO - Started process (PID=35907) to work on /Users/olgastash/neoflex_env_airflow/lib/python3.10/site-packages/airflow/example_dags/example_dynamic_task_mapping.py
[2023-07-30T21:35:40.650+0300] {processor.py:826} INFO - Processing file /Users/olgastash/neoflex_env_airflow/lib/python3.10/site-packages/airflow/example_dags/example_dynamic_task_mapping.py for tasks to queue
[2023-07-30T21:35:40.651+0300] {logging_mixin.py:150} INFO - [2023-07-30T21:35:40.650+0300] {dagbag.py:541} INFO - Filling up the DagBag from /Users/olgastash/neoflex_env_airflow/lib/python3.10/site-packages/airflow/example_dags/example_dynamic_task_mapping.py
[2023-07-30T21:35:40.709+0300] {processor.py:836} INFO - DAG(s) dict_keys(['example_dynamic_task_mapping']) retrieved from /Users/olgastash/neoflex_env_airflow/lib/python3.10/site-packages/airflow/example_dags/example_dynamic_task_mapping.py
[2023-07-30T21:35:41.705+0300] {logging_mixin.py:150} INFO - [2023-07-30T21:35:41.704+0300] {dag.py:2742} INFO - Sync 1 DAGs
[2023-07-30T21:35:41.723+0300] {logging_mixin.py:150} INFO - [2023-07-30T21:35:41.723+0300] {dag.py:3504} INFO - Setting next_dagrun for example_dynamic_task_mapping to 2022-03-04T00:00:00+00:00, run_after=2022-03-05T00:00:00+00:00
[2023-07-30T21:35:41.744+0300] {processor.py:179} INFO - Processing /Users/olgastash/neoflex_env_airflow/lib/python3.10/site-packages/airflow/example_dags/example_dynamic_task_mapping.py took 1.096 seconds
[2023-07-30T21:40:00.839+0300] {processor.py:157} INFO - Started process (PID=36104) to work on /Users/olgastash/neoflex_env_airflow/lib/python3.10/site-packages/airflow/example_dags/example_dynamic_task_mapping.py
[2023-07-30T21:40:00.840+0300] {processor.py:826} INFO - Processing file /Users/olgastash/neoflex_env_airflow/lib/python3.10/site-packages/airflow/example_dags/example_dynamic_task_mapping.py for tasks to queue
[2023-07-30T21:40:00.840+0300] {logging_mixin.py:150} INFO - [2023-07-30T21:40:00.840+0300] {dagbag.py:541} INFO - Filling up the DagBag from /Users/olgastash/neoflex_env_airflow/lib/python3.10/site-packages/airflow/example_dags/example_dynamic_task_mapping.py
[2023-07-30T21:40:00.895+0300] {processor.py:836} INFO - DAG(s) dict_keys(['example_dynamic_task_mapping']) retrieved from /Users/olgastash/neoflex_env_airflow/lib/python3.10/site-packages/airflow/example_dags/example_dynamic_task_mapping.py
[2023-07-30T21:40:01.875+0300] {logging_mixin.py:150} INFO - [2023-07-30T21:40:01.874+0300] {dag.py:2742} INFO - Sync 1 DAGs
[2023-07-30T21:40:01.892+0300] {logging_mixin.py:150} INFO - [2023-07-30T21:40:01.892+0300] {dag.py:3504} INFO - Setting next_dagrun for example_dynamic_task_mapping to 2022-03-04T00:00:00+00:00, run_after=2022-03-05T00:00:00+00:00
[2023-07-30T21:40:01.913+0300] {processor.py:179} INFO - Processing /Users/olgastash/neoflex_env_airflow/lib/python3.10/site-packages/airflow/example_dags/example_dynamic_task_mapping.py took 1.075 seconds
[2023-07-30T21:44:20.704+0300] {processor.py:157} INFO - Started process (PID=36333) to work on /Users/olgastash/neoflex_env_airflow/lib/python3.10/site-packages/airflow/example_dags/example_dynamic_task_mapping.py
[2023-07-30T21:44:20.705+0300] {processor.py:826} INFO - Processing file /Users/olgastash/neoflex_env_airflow/lib/python3.10/site-packages/airflow/example_dags/example_dynamic_task_mapping.py for tasks to queue
[2023-07-30T21:44:20.705+0300] {logging_mixin.py:150} INFO - [2023-07-30T21:44:20.705+0300] {dagbag.py:541} INFO - Filling up the DagBag from /Users/olgastash/neoflex_env_airflow/lib/python3.10/site-packages/airflow/example_dags/example_dynamic_task_mapping.py
[2023-07-30T21:44:20.762+0300] {processor.py:836} INFO - DAG(s) dict_keys(['example_dynamic_task_mapping']) retrieved from /Users/olgastash/neoflex_env_airflow/lib/python3.10/site-packages/airflow/example_dags/example_dynamic_task_mapping.py
[2023-07-30T21:44:21.656+0300] {logging_mixin.py:150} INFO - [2023-07-30T21:44:21.656+0300] {dag.py:2742} INFO - Sync 1 DAGs
[2023-07-30T21:44:21.677+0300] {logging_mixin.py:150} INFO - [2023-07-30T21:44:21.677+0300] {dag.py:3504} INFO - Setting next_dagrun for example_dynamic_task_mapping to 2022-03-04T00:00:00+00:00, run_after=2022-03-05T00:00:00+00:00
[2023-07-30T21:44:21.696+0300] {processor.py:179} INFO - Processing /Users/olgastash/neoflex_env_airflow/lib/python3.10/site-packages/airflow/example_dags/example_dynamic_task_mapping.py took 0.993 seconds
[2023-07-30T21:48:39.948+0300] {processor.py:157} INFO - Started process (PID=36503) to work on /Users/olgastash/neoflex_env_airflow/lib/python3.10/site-packages/airflow/example_dags/example_dynamic_task_mapping.py
[2023-07-30T21:48:39.949+0300] {processor.py:826} INFO - Processing file /Users/olgastash/neoflex_env_airflow/lib/python3.10/site-packages/airflow/example_dags/example_dynamic_task_mapping.py for tasks to queue
[2023-07-30T21:48:39.949+0300] {logging_mixin.py:150} INFO - [2023-07-30T21:48:39.949+0300] {dagbag.py:541} INFO - Filling up the DagBag from /Users/olgastash/neoflex_env_airflow/lib/python3.10/site-packages/airflow/example_dags/example_dynamic_task_mapping.py
[2023-07-30T21:48:40.005+0300] {processor.py:836} INFO - DAG(s) dict_keys(['example_dynamic_task_mapping']) retrieved from /Users/olgastash/neoflex_env_airflow/lib/python3.10/site-packages/airflow/example_dags/example_dynamic_task_mapping.py
[2023-07-30T21:48:41.003+0300] {logging_mixin.py:150} INFO - [2023-07-30T21:48:41.003+0300] {dag.py:2742} INFO - Sync 1 DAGs
[2023-07-30T21:48:41.023+0300] {logging_mixin.py:150} INFO - [2023-07-30T21:48:41.023+0300] {dag.py:3504} INFO - Setting next_dagrun for example_dynamic_task_mapping to 2022-03-04T00:00:00+00:00, run_after=2022-03-05T00:00:00+00:00
[2023-07-30T21:48:41.046+0300] {processor.py:179} INFO - Processing /Users/olgastash/neoflex_env_airflow/lib/python3.10/site-packages/airflow/example_dags/example_dynamic_task_mapping.py took 1.100 seconds
[2023-07-30T21:52:58.950+0300] {processor.py:157} INFO - Started process (PID=36703) to work on /Users/olgastash/neoflex_env_airflow/lib/python3.10/site-packages/airflow/example_dags/example_dynamic_task_mapping.py
[2023-07-30T21:52:58.951+0300] {processor.py:826} INFO - Processing file /Users/olgastash/neoflex_env_airflow/lib/python3.10/site-packages/airflow/example_dags/example_dynamic_task_mapping.py for tasks to queue
[2023-07-30T21:52:58.952+0300] {logging_mixin.py:150} INFO - [2023-07-30T21:52:58.952+0300] {dagbag.py:541} INFO - Filling up the DagBag from /Users/olgastash/neoflex_env_airflow/lib/python3.10/site-packages/airflow/example_dags/example_dynamic_task_mapping.py
[2023-07-30T21:52:59.007+0300] {processor.py:836} INFO - DAG(s) dict_keys(['example_dynamic_task_mapping']) retrieved from /Users/olgastash/neoflex_env_airflow/lib/python3.10/site-packages/airflow/example_dags/example_dynamic_task_mapping.py
[2023-07-30T21:53:00.010+0300] {logging_mixin.py:150} INFO - [2023-07-30T21:53:00.009+0300] {dag.py:2742} INFO - Sync 1 DAGs
[2023-07-30T21:53:00.028+0300] {logging_mixin.py:150} INFO - [2023-07-30T21:53:00.028+0300] {dag.py:3504} INFO - Setting next_dagrun for example_dynamic_task_mapping to 2022-03-04T00:00:00+00:00, run_after=2022-03-05T00:00:00+00:00
[2023-07-30T21:53:00.050+0300] {processor.py:179} INFO - Processing /Users/olgastash/neoflex_env_airflow/lib/python3.10/site-packages/airflow/example_dags/example_dynamic_task_mapping.py took 1.101 seconds
[2023-07-30T21:57:22.646+0300] {processor.py:157} INFO - Started process (PID=36917) to work on /Users/olgastash/neoflex_env_airflow/lib/python3.10/site-packages/airflow/example_dags/example_dynamic_task_mapping.py
[2023-07-30T21:57:22.647+0300] {processor.py:826} INFO - Processing file /Users/olgastash/neoflex_env_airflow/lib/python3.10/site-packages/airflow/example_dags/example_dynamic_task_mapping.py for tasks to queue
[2023-07-30T21:57:22.648+0300] {logging_mixin.py:150} INFO - [2023-07-30T21:57:22.647+0300] {dagbag.py:541} INFO - Filling up the DagBag from /Users/olgastash/neoflex_env_airflow/lib/python3.10/site-packages/airflow/example_dags/example_dynamic_task_mapping.py
[2023-07-30T21:57:22.704+0300] {processor.py:836} INFO - DAG(s) dict_keys(['example_dynamic_task_mapping']) retrieved from /Users/olgastash/neoflex_env_airflow/lib/python3.10/site-packages/airflow/example_dags/example_dynamic_task_mapping.py
[2023-07-30T21:57:23.718+0300] {logging_mixin.py:150} INFO - [2023-07-30T21:57:23.717+0300] {dag.py:2742} INFO - Sync 1 DAGs
[2023-07-30T21:57:23.738+0300] {logging_mixin.py:150} INFO - [2023-07-30T21:57:23.738+0300] {dag.py:3504} INFO - Setting next_dagrun for example_dynamic_task_mapping to 2022-03-04T00:00:00+00:00, run_after=2022-03-05T00:00:00+00:00
[2023-07-30T21:57:23.762+0300] {processor.py:179} INFO - Processing /Users/olgastash/neoflex_env_airflow/lib/python3.10/site-packages/airflow/example_dags/example_dynamic_task_mapping.py took 1.117 seconds
[2023-07-30T22:01:47.882+0300] {processor.py:157} INFO - Started process (PID=37117) to work on /Users/olgastash/neoflex_env_airflow/lib/python3.10/site-packages/airflow/example_dags/example_dynamic_task_mapping.py
[2023-07-30T22:01:47.884+0300] {processor.py:826} INFO - Processing file /Users/olgastash/neoflex_env_airflow/lib/python3.10/site-packages/airflow/example_dags/example_dynamic_task_mapping.py for tasks to queue
[2023-07-30T22:01:47.884+0300] {logging_mixin.py:150} INFO - [2023-07-30T22:01:47.884+0300] {dagbag.py:541} INFO - Filling up the DagBag from /Users/olgastash/neoflex_env_airflow/lib/python3.10/site-packages/airflow/example_dags/example_dynamic_task_mapping.py
[2023-07-30T22:01:47.949+0300] {processor.py:836} INFO - DAG(s) dict_keys(['example_dynamic_task_mapping']) retrieved from /Users/olgastash/neoflex_env_airflow/lib/python3.10/site-packages/airflow/example_dags/example_dynamic_task_mapping.py
[2023-07-30T22:01:49.082+0300] {logging_mixin.py:150} INFO - [2023-07-30T22:01:49.081+0300] {dag.py:2742} INFO - Sync 1 DAGs
[2023-07-30T22:01:49.101+0300] {logging_mixin.py:150} INFO - [2023-07-30T22:01:49.100+0300] {dag.py:3504} INFO - Setting next_dagrun for example_dynamic_task_mapping to 2022-03-04T00:00:00+00:00, run_after=2022-03-05T00:00:00+00:00
[2023-07-30T22:01:49.123+0300] {processor.py:179} INFO - Processing /Users/olgastash/neoflex_env_airflow/lib/python3.10/site-packages/airflow/example_dags/example_dynamic_task_mapping.py took 1.242 seconds
[2023-07-30T22:06:16.660+0300] {processor.py:157} INFO - Started process (PID=37331) to work on /Users/olgastash/neoflex_env_airflow/lib/python3.10/site-packages/airflow/example_dags/example_dynamic_task_mapping.py
[2023-07-30T22:06:16.661+0300] {processor.py:826} INFO - Processing file /Users/olgastash/neoflex_env_airflow/lib/python3.10/site-packages/airflow/example_dags/example_dynamic_task_mapping.py for tasks to queue
[2023-07-30T22:06:16.662+0300] {logging_mixin.py:150} INFO - [2023-07-30T22:06:16.661+0300] {dagbag.py:541} INFO - Filling up the DagBag from /Users/olgastash/neoflex_env_airflow/lib/python3.10/site-packages/airflow/example_dags/example_dynamic_task_mapping.py
[2023-07-30T22:06:16.724+0300] {processor.py:836} INFO - DAG(s) dict_keys(['example_dynamic_task_mapping']) retrieved from /Users/olgastash/neoflex_env_airflow/lib/python3.10/site-packages/airflow/example_dags/example_dynamic_task_mapping.py
[2023-07-30T22:06:17.756+0300] {logging_mixin.py:150} INFO - [2023-07-30T22:06:17.755+0300] {dag.py:2742} INFO - Sync 1 DAGs
[2023-07-30T22:06:17.775+0300] {logging_mixin.py:150} INFO - [2023-07-30T22:06:17.775+0300] {dag.py:3504} INFO - Setting next_dagrun for example_dynamic_task_mapping to 2022-03-04T00:00:00+00:00, run_after=2022-03-05T00:00:00+00:00
[2023-07-30T22:06:17.797+0300] {processor.py:179} INFO - Processing /Users/olgastash/neoflex_env_airflow/lib/python3.10/site-packages/airflow/example_dags/example_dynamic_task_mapping.py took 1.138 seconds
[2023-07-30T22:10:44.713+0300] {processor.py:157} INFO - Started process (PID=37528) to work on /Users/olgastash/neoflex_env_airflow/lib/python3.10/site-packages/airflow/example_dags/example_dynamic_task_mapping.py
[2023-07-30T22:10:44.714+0300] {processor.py:826} INFO - Processing file /Users/olgastash/neoflex_env_airflow/lib/python3.10/site-packages/airflow/example_dags/example_dynamic_task_mapping.py for tasks to queue
[2023-07-30T22:10:44.714+0300] {logging_mixin.py:150} INFO - [2023-07-30T22:10:44.714+0300] {dagbag.py:541} INFO - Filling up the DagBag from /Users/olgastash/neoflex_env_airflow/lib/python3.10/site-packages/airflow/example_dags/example_dynamic_task_mapping.py
[2023-07-30T22:10:44.774+0300] {processor.py:836} INFO - DAG(s) dict_keys(['example_dynamic_task_mapping']) retrieved from /Users/olgastash/neoflex_env_airflow/lib/python3.10/site-packages/airflow/example_dags/example_dynamic_task_mapping.py
[2023-07-30T22:10:45.794+0300] {logging_mixin.py:150} INFO - [2023-07-30T22:10:45.794+0300] {dag.py:2742} INFO - Sync 1 DAGs
[2023-07-30T22:10:45.813+0300] {logging_mixin.py:150} INFO - [2023-07-30T22:10:45.812+0300] {dag.py:3504} INFO - Setting next_dagrun for example_dynamic_task_mapping to 2022-03-04T00:00:00+00:00, run_after=2022-03-05T00:00:00+00:00
[2023-07-30T22:10:45.834+0300] {processor.py:179} INFO - Processing /Users/olgastash/neoflex_env_airflow/lib/python3.10/site-packages/airflow/example_dags/example_dynamic_task_mapping.py took 1.122 seconds
[2023-07-30T22:15:14.640+0300] {processor.py:157} INFO - Started process (PID=37749) to work on /Users/olgastash/neoflex_env_airflow/lib/python3.10/site-packages/airflow/example_dags/example_dynamic_task_mapping.py
[2023-07-30T22:15:14.641+0300] {processor.py:826} INFO - Processing file /Users/olgastash/neoflex_env_airflow/lib/python3.10/site-packages/airflow/example_dags/example_dynamic_task_mapping.py for tasks to queue
[2023-07-30T22:15:14.641+0300] {logging_mixin.py:150} INFO - [2023-07-30T22:15:14.641+0300] {dagbag.py:541} INFO - Filling up the DagBag from /Users/olgastash/neoflex_env_airflow/lib/python3.10/site-packages/airflow/example_dags/example_dynamic_task_mapping.py
[2023-07-30T22:15:14.698+0300] {processor.py:836} INFO - DAG(s) dict_keys(['example_dynamic_task_mapping']) retrieved from /Users/olgastash/neoflex_env_airflow/lib/python3.10/site-packages/airflow/example_dags/example_dynamic_task_mapping.py
[2023-07-30T22:15:15.720+0300] {logging_mixin.py:150} INFO - [2023-07-30T22:15:15.720+0300] {dag.py:2742} INFO - Sync 1 DAGs
[2023-07-30T22:15:15.738+0300] {logging_mixin.py:150} INFO - [2023-07-30T22:15:15.737+0300] {dag.py:3504} INFO - Setting next_dagrun for example_dynamic_task_mapping to 2022-03-04T00:00:00+00:00, run_after=2022-03-05T00:00:00+00:00
[2023-07-30T22:15:15.758+0300] {processor.py:179} INFO - Processing /Users/olgastash/neoflex_env_airflow/lib/python3.10/site-packages/airflow/example_dags/example_dynamic_task_mapping.py took 1.119 seconds
[2023-07-30T22:19:43.821+0300] {processor.py:157} INFO - Started process (PID=37980) to work on /Users/olgastash/neoflex_env_airflow/lib/python3.10/site-packages/airflow/example_dags/example_dynamic_task_mapping.py
[2023-07-30T22:19:43.822+0300] {processor.py:826} INFO - Processing file /Users/olgastash/neoflex_env_airflow/lib/python3.10/site-packages/airflow/example_dags/example_dynamic_task_mapping.py for tasks to queue
[2023-07-30T22:19:43.823+0300] {logging_mixin.py:150} INFO - [2023-07-30T22:19:43.823+0300] {dagbag.py:541} INFO - Filling up the DagBag from /Users/olgastash/neoflex_env_airflow/lib/python3.10/site-packages/airflow/example_dags/example_dynamic_task_mapping.py
[2023-07-30T22:19:43.882+0300] {processor.py:836} INFO - DAG(s) dict_keys(['example_dynamic_task_mapping']) retrieved from /Users/olgastash/neoflex_env_airflow/lib/python3.10/site-packages/airflow/example_dags/example_dynamic_task_mapping.py
[2023-07-30T22:19:44.788+0300] {logging_mixin.py:150} INFO - [2023-07-30T22:19:44.787+0300] {dag.py:2742} INFO - Sync 1 DAGs
[2023-07-30T22:19:44.808+0300] {logging_mixin.py:150} INFO - [2023-07-30T22:19:44.808+0300] {dag.py:3504} INFO - Setting next_dagrun for example_dynamic_task_mapping to 2022-03-04T00:00:00+00:00, run_after=2022-03-05T00:00:00+00:00
[2023-07-30T22:19:44.826+0300] {processor.py:179} INFO - Processing /Users/olgastash/neoflex_env_airflow/lib/python3.10/site-packages/airflow/example_dags/example_dynamic_task_mapping.py took 1.006 seconds
[2023-07-30T22:24:13.250+0300] {processor.py:157} INFO - Started process (PID=38232) to work on /Users/olgastash/neoflex_env_airflow/lib/python3.10/site-packages/airflow/example_dags/example_dynamic_task_mapping.py
[2023-07-30T22:24:13.251+0300] {processor.py:826} INFO - Processing file /Users/olgastash/neoflex_env_airflow/lib/python3.10/site-packages/airflow/example_dags/example_dynamic_task_mapping.py for tasks to queue
[2023-07-30T22:24:13.252+0300] {logging_mixin.py:150} INFO - [2023-07-30T22:24:13.251+0300] {dagbag.py:541} INFO - Filling up the DagBag from /Users/olgastash/neoflex_env_airflow/lib/python3.10/site-packages/airflow/example_dags/example_dynamic_task_mapping.py
[2023-07-30T22:24:13.310+0300] {processor.py:836} INFO - DAG(s) dict_keys(['example_dynamic_task_mapping']) retrieved from /Users/olgastash/neoflex_env_airflow/lib/python3.10/site-packages/airflow/example_dags/example_dynamic_task_mapping.py
[2023-07-30T22:24:14.305+0300] {logging_mixin.py:150} INFO - [2023-07-30T22:24:14.304+0300] {dag.py:2742} INFO - Sync 1 DAGs
[2023-07-30T22:24:14.338+0300] {logging_mixin.py:150} INFO - [2023-07-30T22:24:14.337+0300] {dag.py:3504} INFO - Setting next_dagrun for example_dynamic_task_mapping to 2022-03-04T00:00:00+00:00, run_after=2022-03-05T00:00:00+00:00
[2023-07-30T22:24:14.370+0300] {processor.py:179} INFO - Processing /Users/olgastash/neoflex_env_airflow/lib/python3.10/site-packages/airflow/example_dags/example_dynamic_task_mapping.py took 1.121 seconds
[2023-07-30T22:28:43.965+0300] {processor.py:157} INFO - Started process (PID=38489) to work on /Users/olgastash/neoflex_env_airflow/lib/python3.10/site-packages/airflow/example_dags/example_dynamic_task_mapping.py
[2023-07-30T22:28:43.966+0300] {processor.py:826} INFO - Processing file /Users/olgastash/neoflex_env_airflow/lib/python3.10/site-packages/airflow/example_dags/example_dynamic_task_mapping.py for tasks to queue
[2023-07-30T22:28:43.966+0300] {logging_mixin.py:150} INFO - [2023-07-30T22:28:43.966+0300] {dagbag.py:541} INFO - Filling up the DagBag from /Users/olgastash/neoflex_env_airflow/lib/python3.10/site-packages/airflow/example_dags/example_dynamic_task_mapping.py
[2023-07-30T22:28:44.025+0300] {processor.py:836} INFO - DAG(s) dict_keys(['example_dynamic_task_mapping']) retrieved from /Users/olgastash/neoflex_env_airflow/lib/python3.10/site-packages/airflow/example_dags/example_dynamic_task_mapping.py
[2023-07-30T22:28:45.071+0300] {logging_mixin.py:150} INFO - [2023-07-30T22:28:45.071+0300] {dag.py:2742} INFO - Sync 1 DAGs
[2023-07-30T22:28:45.089+0300] {logging_mixin.py:150} INFO - [2023-07-30T22:28:45.089+0300] {dag.py:3504} INFO - Setting next_dagrun for example_dynamic_task_mapping to 2022-03-04T00:00:00+00:00, run_after=2022-03-05T00:00:00+00:00
[2023-07-30T22:28:45.110+0300] {processor.py:179} INFO - Processing /Users/olgastash/neoflex_env_airflow/lib/python3.10/site-packages/airflow/example_dags/example_dynamic_task_mapping.py took 1.147 seconds
[2023-07-30T22:33:11.241+0300] {processor.py:157} INFO - Started process (PID=38694) to work on /Users/olgastash/neoflex_env_airflow/lib/python3.10/site-packages/airflow/example_dags/example_dynamic_task_mapping.py
[2023-07-30T22:33:11.243+0300] {processor.py:826} INFO - Processing file /Users/olgastash/neoflex_env_airflow/lib/python3.10/site-packages/airflow/example_dags/example_dynamic_task_mapping.py for tasks to queue
[2023-07-30T22:33:11.243+0300] {logging_mixin.py:150} INFO - [2023-07-30T22:33:11.243+0300] {dagbag.py:541} INFO - Filling up the DagBag from /Users/olgastash/neoflex_env_airflow/lib/python3.10/site-packages/airflow/example_dags/example_dynamic_task_mapping.py
[2023-07-30T22:33:11.300+0300] {processor.py:836} INFO - DAG(s) dict_keys(['example_dynamic_task_mapping']) retrieved from /Users/olgastash/neoflex_env_airflow/lib/python3.10/site-packages/airflow/example_dags/example_dynamic_task_mapping.py
[2023-07-30T22:33:12.286+0300] {logging_mixin.py:150} INFO - [2023-07-30T22:33:12.285+0300] {dag.py:2742} INFO - Sync 1 DAGs
[2023-07-30T22:33:12.304+0300] {logging_mixin.py:150} INFO - [2023-07-30T22:33:12.304+0300] {dag.py:3504} INFO - Setting next_dagrun for example_dynamic_task_mapping to 2022-03-04T00:00:00+00:00, run_after=2022-03-05T00:00:00+00:00
[2023-07-30T22:33:12.324+0300] {processor.py:179} INFO - Processing /Users/olgastash/neoflex_env_airflow/lib/python3.10/site-packages/airflow/example_dags/example_dynamic_task_mapping.py took 1.083 seconds
[2023-07-30T22:37:39.656+0300] {processor.py:157} INFO - Started process (PID=38921) to work on /Users/olgastash/neoflex_env_airflow/lib/python3.10/site-packages/airflow/example_dags/example_dynamic_task_mapping.py
[2023-07-30T22:37:39.657+0300] {processor.py:826} INFO - Processing file /Users/olgastash/neoflex_env_airflow/lib/python3.10/site-packages/airflow/example_dags/example_dynamic_task_mapping.py for tasks to queue
[2023-07-30T22:37:39.658+0300] {logging_mixin.py:150} INFO - [2023-07-30T22:37:39.657+0300] {dagbag.py:541} INFO - Filling up the DagBag from /Users/olgastash/neoflex_env_airflow/lib/python3.10/site-packages/airflow/example_dags/example_dynamic_task_mapping.py
[2023-07-30T22:37:39.715+0300] {processor.py:836} INFO - DAG(s) dict_keys(['example_dynamic_task_mapping']) retrieved from /Users/olgastash/neoflex_env_airflow/lib/python3.10/site-packages/airflow/example_dags/example_dynamic_task_mapping.py
[2023-07-30T22:37:40.709+0300] {logging_mixin.py:150} INFO - [2023-07-30T22:37:40.709+0300] {dag.py:2742} INFO - Sync 1 DAGs
[2023-07-30T22:37:40.729+0300] {logging_mixin.py:150} INFO - [2023-07-30T22:37:40.729+0300] {dag.py:3504} INFO - Setting next_dagrun for example_dynamic_task_mapping to 2022-03-04T00:00:00+00:00, run_after=2022-03-05T00:00:00+00:00
[2023-07-30T22:37:40.752+0300] {processor.py:179} INFO - Processing /Users/olgastash/neoflex_env_airflow/lib/python3.10/site-packages/airflow/example_dags/example_dynamic_task_mapping.py took 1.096 seconds
[2023-07-30T22:42:05.166+0300] {processor.py:157} INFO - Started process (PID=39150) to work on /Users/olgastash/neoflex_env_airflow/lib/python3.10/site-packages/airflow/example_dags/example_dynamic_task_mapping.py
[2023-07-30T22:42:05.167+0300] {processor.py:826} INFO - Processing file /Users/olgastash/neoflex_env_airflow/lib/python3.10/site-packages/airflow/example_dags/example_dynamic_task_mapping.py for tasks to queue
[2023-07-30T22:42:05.168+0300] {logging_mixin.py:150} INFO - [2023-07-30T22:42:05.168+0300] {dagbag.py:541} INFO - Filling up the DagBag from /Users/olgastash/neoflex_env_airflow/lib/python3.10/site-packages/airflow/example_dags/example_dynamic_task_mapping.py
[2023-07-30T22:42:05.225+0300] {processor.py:836} INFO - DAG(s) dict_keys(['example_dynamic_task_mapping']) retrieved from /Users/olgastash/neoflex_env_airflow/lib/python3.10/site-packages/airflow/example_dags/example_dynamic_task_mapping.py
[2023-07-30T22:42:06.236+0300] {logging_mixin.py:150} INFO - [2023-07-30T22:42:06.236+0300] {dag.py:2742} INFO - Sync 1 DAGs
[2023-07-30T22:42:06.255+0300] {logging_mixin.py:150} INFO - [2023-07-30T22:42:06.255+0300] {dag.py:3504} INFO - Setting next_dagrun for example_dynamic_task_mapping to 2022-03-04T00:00:00+00:00, run_after=2022-03-05T00:00:00+00:00
[2023-07-30T22:42:06.276+0300] {processor.py:179} INFO - Processing /Users/olgastash/neoflex_env_airflow/lib/python3.10/site-packages/airflow/example_dags/example_dynamic_task_mapping.py took 1.111 seconds
[2023-07-30T22:46:31.560+0300] {processor.py:157} INFO - Started process (PID=39361) to work on /Users/olgastash/neoflex_env_airflow/lib/python3.10/site-packages/airflow/example_dags/example_dynamic_task_mapping.py
[2023-07-30T22:46:31.561+0300] {processor.py:826} INFO - Processing file /Users/olgastash/neoflex_env_airflow/lib/python3.10/site-packages/airflow/example_dags/example_dynamic_task_mapping.py for tasks to queue
[2023-07-30T22:46:31.562+0300] {logging_mixin.py:150} INFO - [2023-07-30T22:46:31.561+0300] {dagbag.py:541} INFO - Filling up the DagBag from /Users/olgastash/neoflex_env_airflow/lib/python3.10/site-packages/airflow/example_dags/example_dynamic_task_mapping.py
[2023-07-30T22:46:31.617+0300] {processor.py:836} INFO - DAG(s) dict_keys(['example_dynamic_task_mapping']) retrieved from /Users/olgastash/neoflex_env_airflow/lib/python3.10/site-packages/airflow/example_dags/example_dynamic_task_mapping.py
[2023-07-30T22:46:32.610+0300] {logging_mixin.py:150} INFO - [2023-07-30T22:46:32.609+0300] {dag.py:2742} INFO - Sync 1 DAGs
[2023-07-30T22:46:32.628+0300] {logging_mixin.py:150} INFO - [2023-07-30T22:46:32.628+0300] {dag.py:3504} INFO - Setting next_dagrun for example_dynamic_task_mapping to 2022-03-04T00:00:00+00:00, run_after=2022-03-05T00:00:00+00:00
[2023-07-30T22:46:32.651+0300] {processor.py:179} INFO - Processing /Users/olgastash/neoflex_env_airflow/lib/python3.10/site-packages/airflow/example_dags/example_dynamic_task_mapping.py took 1.091 seconds
[2023-07-30T22:50:58.595+0300] {processor.py:157} INFO - Started process (PID=39598) to work on /Users/olgastash/neoflex_env_airflow/lib/python3.10/site-packages/airflow/example_dags/example_dynamic_task_mapping.py
[2023-07-30T22:50:58.596+0300] {processor.py:826} INFO - Processing file /Users/olgastash/neoflex_env_airflow/lib/python3.10/site-packages/airflow/example_dags/example_dynamic_task_mapping.py for tasks to queue
[2023-07-30T22:50:58.596+0300] {logging_mixin.py:150} INFO - [2023-07-30T22:50:58.596+0300] {dagbag.py:541} INFO - Filling up the DagBag from /Users/olgastash/neoflex_env_airflow/lib/python3.10/site-packages/airflow/example_dags/example_dynamic_task_mapping.py
[2023-07-30T22:50:58.656+0300] {processor.py:836} INFO - DAG(s) dict_keys(['example_dynamic_task_mapping']) retrieved from /Users/olgastash/neoflex_env_airflow/lib/python3.10/site-packages/airflow/example_dags/example_dynamic_task_mapping.py
[2023-07-30T22:50:59.673+0300] {logging_mixin.py:150} INFO - [2023-07-30T22:50:59.673+0300] {dag.py:2742} INFO - Sync 1 DAGs
[2023-07-30T22:50:59.691+0300] {logging_mixin.py:150} INFO - [2023-07-30T22:50:59.691+0300] {dag.py:3504} INFO - Setting next_dagrun for example_dynamic_task_mapping to 2022-03-04T00:00:00+00:00, run_after=2022-03-05T00:00:00+00:00
[2023-07-30T22:50:59.712+0300] {processor.py:179} INFO - Processing /Users/olgastash/neoflex_env_airflow/lib/python3.10/site-packages/airflow/example_dags/example_dynamic_task_mapping.py took 1.118 seconds
[2023-07-30T22:55:30.172+0300] {processor.py:157} INFO - Started process (PID=39842) to work on /Users/olgastash/neoflex_env_airflow/lib/python3.10/site-packages/airflow/example_dags/example_dynamic_task_mapping.py
[2023-07-30T22:55:30.173+0300] {processor.py:826} INFO - Processing file /Users/olgastash/neoflex_env_airflow/lib/python3.10/site-packages/airflow/example_dags/example_dynamic_task_mapping.py for tasks to queue
[2023-07-30T22:55:30.173+0300] {logging_mixin.py:150} INFO - [2023-07-30T22:55:30.173+0300] {dagbag.py:541} INFO - Filling up the DagBag from /Users/olgastash/neoflex_env_airflow/lib/python3.10/site-packages/airflow/example_dags/example_dynamic_task_mapping.py
[2023-07-30T22:55:30.230+0300] {processor.py:836} INFO - DAG(s) dict_keys(['example_dynamic_task_mapping']) retrieved from /Users/olgastash/neoflex_env_airflow/lib/python3.10/site-packages/airflow/example_dags/example_dynamic_task_mapping.py
[2023-07-30T22:55:31.209+0300] {logging_mixin.py:150} INFO - [2023-07-30T22:55:31.209+0300] {dag.py:2742} INFO - Sync 1 DAGs
[2023-07-30T22:55:31.228+0300] {logging_mixin.py:150} INFO - [2023-07-30T22:55:31.227+0300] {dag.py:3504} INFO - Setting next_dagrun for example_dynamic_task_mapping to 2022-03-04T00:00:00+00:00, run_after=2022-03-05T00:00:00+00:00
[2023-07-30T22:55:31.249+0300] {processor.py:179} INFO - Processing /Users/olgastash/neoflex_env_airflow/lib/python3.10/site-packages/airflow/example_dags/example_dynamic_task_mapping.py took 1.078 seconds
[2023-07-30T23:00:03.447+0300] {processor.py:157} INFO - Started process (PID=40074) to work on /Users/olgastash/neoflex_env_airflow/lib/python3.10/site-packages/airflow/example_dags/example_dynamic_task_mapping.py
[2023-07-30T23:00:03.448+0300] {processor.py:826} INFO - Processing file /Users/olgastash/neoflex_env_airflow/lib/python3.10/site-packages/airflow/example_dags/example_dynamic_task_mapping.py for tasks to queue
[2023-07-30T23:00:03.448+0300] {logging_mixin.py:150} INFO - [2023-07-30T23:00:03.448+0300] {dagbag.py:541} INFO - Filling up the DagBag from /Users/olgastash/neoflex_env_airflow/lib/python3.10/site-packages/airflow/example_dags/example_dynamic_task_mapping.py
[2023-07-30T23:00:03.512+0300] {processor.py:836} INFO - DAG(s) dict_keys(['example_dynamic_task_mapping']) retrieved from /Users/olgastash/neoflex_env_airflow/lib/python3.10/site-packages/airflow/example_dags/example_dynamic_task_mapping.py
[2023-07-30T23:00:04.482+0300] {logging_mixin.py:150} INFO - [2023-07-30T23:00:04.481+0300] {dag.py:2742} INFO - Sync 1 DAGs
[2023-07-30T23:00:04.504+0300] {logging_mixin.py:150} INFO - [2023-07-30T23:00:04.503+0300] {dag.py:3504} INFO - Setting next_dagrun for example_dynamic_task_mapping to 2022-03-04T00:00:00+00:00, run_after=2022-03-05T00:00:00+00:00
[2023-07-30T23:00:04.522+0300] {processor.py:179} INFO - Processing /Users/olgastash/neoflex_env_airflow/lib/python3.10/site-packages/airflow/example_dags/example_dynamic_task_mapping.py took 1.076 seconds
[2023-07-30T23:04:34.264+0300] {processor.py:157} INFO - Started process (PID=40324) to work on /Users/olgastash/neoflex_env_airflow/lib/python3.10/site-packages/airflow/example_dags/example_dynamic_task_mapping.py
[2023-07-30T23:04:34.265+0300] {processor.py:826} INFO - Processing file /Users/olgastash/neoflex_env_airflow/lib/python3.10/site-packages/airflow/example_dags/example_dynamic_task_mapping.py for tasks to queue
[2023-07-30T23:04:34.266+0300] {logging_mixin.py:150} INFO - [2023-07-30T23:04:34.266+0300] {dagbag.py:541} INFO - Filling up the DagBag from /Users/olgastash/neoflex_env_airflow/lib/python3.10/site-packages/airflow/example_dags/example_dynamic_task_mapping.py
[2023-07-30T23:04:34.323+0300] {processor.py:836} INFO - DAG(s) dict_keys(['example_dynamic_task_mapping']) retrieved from /Users/olgastash/neoflex_env_airflow/lib/python3.10/site-packages/airflow/example_dags/example_dynamic_task_mapping.py
[2023-07-30T23:04:35.355+0300] {logging_mixin.py:150} INFO - [2023-07-30T23:04:35.355+0300] {dag.py:2742} INFO - Sync 1 DAGs
[2023-07-30T23:04:35.375+0300] {logging_mixin.py:150} INFO - [2023-07-30T23:04:35.375+0300] {dag.py:3504} INFO - Setting next_dagrun for example_dynamic_task_mapping to 2022-03-04T00:00:00+00:00, run_after=2022-03-05T00:00:00+00:00
[2023-07-30T23:04:35.396+0300] {processor.py:179} INFO - Processing /Users/olgastash/neoflex_env_airflow/lib/python3.10/site-packages/airflow/example_dags/example_dynamic_task_mapping.py took 1.133 seconds
