[2023-07-30T18:29:42.209+0300] {processor.py:157} INFO - Started process (PID=29002) to work on /Users/olgastash/neoflex_env_airflow/lib/python3.10/site-packages/airflow/example_dags/example_branch_python_dop_operator_3.py
[2023-07-30T18:29:42.210+0300] {processor.py:826} INFO - Processing file /Users/olgastash/neoflex_env_airflow/lib/python3.10/site-packages/airflow/example_dags/example_branch_python_dop_operator_3.py for tasks to queue
[2023-07-30T18:29:42.211+0300] {logging_mixin.py:150} INFO - [2023-07-30T18:29:42.210+0300] {dagbag.py:541} INFO - Filling up the DagBag from /Users/olgastash/neoflex_env_airflow/lib/python3.10/site-packages/airflow/example_dags/example_branch_python_dop_operator_3.py
[2023-07-30T18:29:42.269+0300] {processor.py:836} INFO - DAG(s) dict_keys(['example_branch_dop_operator_v3']) retrieved from /Users/olgastash/neoflex_env_airflow/lib/python3.10/site-packages/airflow/example_dags/example_branch_python_dop_operator_3.py
[2023-07-30T18:29:43.238+0300] {logging_mixin.py:150} INFO - [2023-07-30T18:29:43.238+0300] {manager.py:504} INFO - Created Permission View: can delete on DAG:example_branch_dop_operator_v3
[2023-07-30T18:29:43.248+0300] {logging_mixin.py:150} INFO - [2023-07-30T18:29:43.248+0300] {manager.py:504} INFO - Created Permission View: can read on DAG:example_branch_dop_operator_v3
[2023-07-30T18:29:43.254+0300] {logging_mixin.py:150} INFO - [2023-07-30T18:29:43.254+0300] {manager.py:504} INFO - Created Permission View: can edit on DAG:example_branch_dop_operator_v3
[2023-07-30T18:29:43.266+0300] {logging_mixin.py:150} INFO - [2023-07-30T18:29:43.266+0300] {dag.py:2742} INFO - Sync 1 DAGs
[2023-07-30T18:29:43.279+0300] {logging_mixin.py:150} INFO - [2023-07-30T18:29:43.278+0300] {dag.py:2763} INFO - Creating ORM DAG for example_branch_dop_operator_v3
[2023-07-30T18:29:43.293+0300] {logging_mixin.py:150} INFO - [2023-07-30T18:29:43.293+0300] {dag.py:3504} INFO - Setting next_dagrun for example_branch_dop_operator_v3 to 2023-07-30T15:28:00+00:00, run_after=2023-07-30T15:29:00+00:00
[2023-07-30T18:29:43.312+0300] {processor.py:179} INFO - Processing /Users/olgastash/neoflex_env_airflow/lib/python3.10/site-packages/airflow/example_dags/example_branch_python_dop_operator_3.py took 1.104 seconds
[2023-07-30T18:33:40.444+0300] {processor.py:157} INFO - Started process (PID=29156) to work on /Users/olgastash/neoflex_env_airflow/lib/python3.10/site-packages/airflow/example_dags/example_branch_python_dop_operator_3.py
[2023-07-30T18:33:40.445+0300] {processor.py:826} INFO - Processing file /Users/olgastash/neoflex_env_airflow/lib/python3.10/site-packages/airflow/example_dags/example_branch_python_dop_operator_3.py for tasks to queue
[2023-07-30T18:33:40.445+0300] {logging_mixin.py:150} INFO - [2023-07-30T18:33:40.445+0300] {dagbag.py:541} INFO - Filling up the DagBag from /Users/olgastash/neoflex_env_airflow/lib/python3.10/site-packages/airflow/example_dags/example_branch_python_dop_operator_3.py
[2023-07-30T18:33:40.504+0300] {processor.py:836} INFO - DAG(s) dict_keys(['example_branch_dop_operator_v3']) retrieved from /Users/olgastash/neoflex_env_airflow/lib/python3.10/site-packages/airflow/example_dags/example_branch_python_dop_operator_3.py
[2023-07-30T18:33:41.363+0300] {logging_mixin.py:150} INFO - [2023-07-30T18:33:41.362+0300] {dag.py:2742} INFO - Sync 1 DAGs
[2023-07-30T18:33:41.387+0300] {logging_mixin.py:150} INFO - [2023-07-30T18:33:41.387+0300] {dag.py:3504} INFO - Setting next_dagrun for example_branch_dop_operator_v3 to 2023-07-30T15:32:00+00:00, run_after=2023-07-30T15:33:00+00:00
[2023-07-30T18:33:41.408+0300] {processor.py:179} INFO - Processing /Users/olgastash/neoflex_env_airflow/lib/python3.10/site-packages/airflow/example_dags/example_branch_python_dop_operator_3.py took 0.965 seconds
[2023-07-30T18:37:34.241+0300] {processor.py:157} INFO - Started process (PID=29307) to work on /Users/olgastash/neoflex_env_airflow/lib/python3.10/site-packages/airflow/example_dags/example_branch_python_dop_operator_3.py
[2023-07-30T18:37:34.242+0300] {processor.py:826} INFO - Processing file /Users/olgastash/neoflex_env_airflow/lib/python3.10/site-packages/airflow/example_dags/example_branch_python_dop_operator_3.py for tasks to queue
[2023-07-30T18:37:34.243+0300] {logging_mixin.py:150} INFO - [2023-07-30T18:37:34.242+0300] {dagbag.py:541} INFO - Filling up the DagBag from /Users/olgastash/neoflex_env_airflow/lib/python3.10/site-packages/airflow/example_dags/example_branch_python_dop_operator_3.py
[2023-07-30T18:37:34.302+0300] {processor.py:836} INFO - DAG(s) dict_keys(['example_branch_dop_operator_v3']) retrieved from /Users/olgastash/neoflex_env_airflow/lib/python3.10/site-packages/airflow/example_dags/example_branch_python_dop_operator_3.py
[2023-07-30T18:37:35.156+0300] {logging_mixin.py:150} INFO - [2023-07-30T18:37:35.155+0300] {dag.py:2742} INFO - Sync 1 DAGs
[2023-07-30T18:37:35.179+0300] {logging_mixin.py:150} INFO - [2023-07-30T18:37:35.178+0300] {dag.py:3504} INFO - Setting next_dagrun for example_branch_dop_operator_v3 to 2023-07-30T15:36:00+00:00, run_after=2023-07-30T15:37:00+00:00
[2023-07-30T18:37:35.198+0300] {processor.py:179} INFO - Processing /Users/olgastash/neoflex_env_airflow/lib/python3.10/site-packages/airflow/example_dags/example_branch_python_dop_operator_3.py took 0.958 seconds
[2023-07-30T18:41:32.355+0300] {processor.py:157} INFO - Started process (PID=29465) to work on /Users/olgastash/neoflex_env_airflow/lib/python3.10/site-packages/airflow/example_dags/example_branch_python_dop_operator_3.py
[2023-07-30T18:41:32.356+0300] {processor.py:826} INFO - Processing file /Users/olgastash/neoflex_env_airflow/lib/python3.10/site-packages/airflow/example_dags/example_branch_python_dop_operator_3.py for tasks to queue
[2023-07-30T18:41:32.356+0300] {logging_mixin.py:150} INFO - [2023-07-30T18:41:32.356+0300] {dagbag.py:541} INFO - Filling up the DagBag from /Users/olgastash/neoflex_env_airflow/lib/python3.10/site-packages/airflow/example_dags/example_branch_python_dop_operator_3.py
[2023-07-30T18:41:32.417+0300] {processor.py:836} INFO - DAG(s) dict_keys(['example_branch_dop_operator_v3']) retrieved from /Users/olgastash/neoflex_env_airflow/lib/python3.10/site-packages/airflow/example_dags/example_branch_python_dop_operator_3.py
[2023-07-30T18:41:33.294+0300] {logging_mixin.py:150} INFO - [2023-07-30T18:41:33.294+0300] {dag.py:2742} INFO - Sync 1 DAGs
[2023-07-30T18:41:33.318+0300] {logging_mixin.py:150} INFO - [2023-07-30T18:41:33.318+0300] {dag.py:3504} INFO - Setting next_dagrun for example_branch_dop_operator_v3 to 2023-07-30T15:40:00+00:00, run_after=2023-07-30T15:41:00+00:00
[2023-07-30T18:41:33.338+0300] {processor.py:179} INFO - Processing /Users/olgastash/neoflex_env_airflow/lib/python3.10/site-packages/airflow/example_dags/example_branch_python_dop_operator_3.py took 0.984 seconds
[2023-07-30T18:45:24.757+0300] {processor.py:157} INFO - Started process (PID=29671) to work on /Users/olgastash/neoflex_env_airflow/lib/python3.10/site-packages/airflow/example_dags/example_branch_python_dop_operator_3.py
[2023-07-30T18:45:24.758+0300] {processor.py:826} INFO - Processing file /Users/olgastash/neoflex_env_airflow/lib/python3.10/site-packages/airflow/example_dags/example_branch_python_dop_operator_3.py for tasks to queue
[2023-07-30T18:45:24.758+0300] {logging_mixin.py:150} INFO - [2023-07-30T18:45:24.758+0300] {dagbag.py:541} INFO - Filling up the DagBag from /Users/olgastash/neoflex_env_airflow/lib/python3.10/site-packages/airflow/example_dags/example_branch_python_dop_operator_3.py
[2023-07-30T18:45:24.817+0300] {processor.py:836} INFO - DAG(s) dict_keys(['example_branch_dop_operator_v3']) retrieved from /Users/olgastash/neoflex_env_airflow/lib/python3.10/site-packages/airflow/example_dags/example_branch_python_dop_operator_3.py
[2023-07-30T18:45:25.681+0300] {logging_mixin.py:150} INFO - [2023-07-30T18:45:25.681+0300] {dag.py:2742} INFO - Sync 1 DAGs
[2023-07-30T18:45:25.706+0300] {logging_mixin.py:150} INFO - [2023-07-30T18:45:25.705+0300] {dag.py:3504} INFO - Setting next_dagrun for example_branch_dop_operator_v3 to 2023-07-30T15:44:00+00:00, run_after=2023-07-30T15:45:00+00:00
[2023-07-30T18:45:25.726+0300] {processor.py:179} INFO - Processing /Users/olgastash/neoflex_env_airflow/lib/python3.10/site-packages/airflow/example_dags/example_branch_python_dop_operator_3.py took 0.970 seconds
[2023-07-30T18:49:16.095+0300] {processor.py:157} INFO - Started process (PID=29897) to work on /Users/olgastash/neoflex_env_airflow/lib/python3.10/site-packages/airflow/example_dags/example_branch_python_dop_operator_3.py
[2023-07-30T18:49:16.096+0300] {processor.py:826} INFO - Processing file /Users/olgastash/neoflex_env_airflow/lib/python3.10/site-packages/airflow/example_dags/example_branch_python_dop_operator_3.py for tasks to queue
[2023-07-30T18:49:16.097+0300] {logging_mixin.py:150} INFO - [2023-07-30T18:49:16.097+0300] {dagbag.py:541} INFO - Filling up the DagBag from /Users/olgastash/neoflex_env_airflow/lib/python3.10/site-packages/airflow/example_dags/example_branch_python_dop_operator_3.py
[2023-07-30T18:49:16.155+0300] {processor.py:836} INFO - DAG(s) dict_keys(['example_branch_dop_operator_v3']) retrieved from /Users/olgastash/neoflex_env_airflow/lib/python3.10/site-packages/airflow/example_dags/example_branch_python_dop_operator_3.py
[2023-07-30T18:49:17.001+0300] {logging_mixin.py:150} INFO - [2023-07-30T18:49:17.000+0300] {dag.py:2742} INFO - Sync 1 DAGs
[2023-07-30T18:49:17.024+0300] {logging_mixin.py:150} INFO - [2023-07-30T18:49:17.024+0300] {dag.py:3504} INFO - Setting next_dagrun for example_branch_dop_operator_v3 to 2023-07-30T15:48:00+00:00, run_after=2023-07-30T15:49:00+00:00
[2023-07-30T18:49:17.044+0300] {processor.py:179} INFO - Processing /Users/olgastash/neoflex_env_airflow/lib/python3.10/site-packages/airflow/example_dags/example_branch_python_dop_operator_3.py took 0.949 seconds
[2023-07-30T18:53:09.319+0300] {processor.py:157} INFO - Started process (PID=30076) to work on /Users/olgastash/neoflex_env_airflow/lib/python3.10/site-packages/airflow/example_dags/example_branch_python_dop_operator_3.py
[2023-07-30T18:53:09.320+0300] {processor.py:826} INFO - Processing file /Users/olgastash/neoflex_env_airflow/lib/python3.10/site-packages/airflow/example_dags/example_branch_python_dop_operator_3.py for tasks to queue
[2023-07-30T18:53:09.320+0300] {logging_mixin.py:150} INFO - [2023-07-30T18:53:09.320+0300] {dagbag.py:541} INFO - Filling up the DagBag from /Users/olgastash/neoflex_env_airflow/lib/python3.10/site-packages/airflow/example_dags/example_branch_python_dop_operator_3.py
[2023-07-30T18:53:09.378+0300] {processor.py:836} INFO - DAG(s) dict_keys(['example_branch_dop_operator_v3']) retrieved from /Users/olgastash/neoflex_env_airflow/lib/python3.10/site-packages/airflow/example_dags/example_branch_python_dop_operator_3.py
[2023-07-30T18:53:10.222+0300] {logging_mixin.py:150} INFO - [2023-07-30T18:53:10.222+0300] {dag.py:2742} INFO - Sync 1 DAGs
[2023-07-30T18:53:10.246+0300] {logging_mixin.py:150} INFO - [2023-07-30T18:53:10.246+0300] {dag.py:3504} INFO - Setting next_dagrun for example_branch_dop_operator_v3 to 2023-07-30T15:52:00+00:00, run_after=2023-07-30T15:53:00+00:00
[2023-07-30T18:53:10.266+0300] {processor.py:179} INFO - Processing /Users/olgastash/neoflex_env_airflow/lib/python3.10/site-packages/airflow/example_dags/example_branch_python_dop_operator_3.py took 0.947 seconds
[2023-07-30T18:56:55.008+0300] {processor.py:157} INFO - Started process (PID=30259) to work on /Users/olgastash/neoflex_env_airflow/lib/python3.10/site-packages/airflow/example_dags/example_branch_python_dop_operator_3.py
[2023-07-30T18:56:55.009+0300] {processor.py:826} INFO - Processing file /Users/olgastash/neoflex_env_airflow/lib/python3.10/site-packages/airflow/example_dags/example_branch_python_dop_operator_3.py for tasks to queue
[2023-07-30T18:56:55.010+0300] {logging_mixin.py:150} INFO - [2023-07-30T18:56:55.010+0300] {dagbag.py:541} INFO - Filling up the DagBag from /Users/olgastash/neoflex_env_airflow/lib/python3.10/site-packages/airflow/example_dags/example_branch_python_dop_operator_3.py
[2023-07-30T18:56:55.067+0300] {processor.py:836} INFO - DAG(s) dict_keys(['example_branch_dop_operator_v3']) retrieved from /Users/olgastash/neoflex_env_airflow/lib/python3.10/site-packages/airflow/example_dags/example_branch_python_dop_operator_3.py
[2023-07-30T18:56:55.915+0300] {logging_mixin.py:150} INFO - [2023-07-30T18:56:55.915+0300] {dag.py:2742} INFO - Sync 1 DAGs
[2023-07-30T18:56:55.939+0300] {logging_mixin.py:150} INFO - [2023-07-30T18:56:55.939+0300] {dag.py:3504} INFO - Setting next_dagrun for example_branch_dop_operator_v3 to 2023-07-30T15:55:00+00:00, run_after=2023-07-30T15:56:00+00:00
[2023-07-30T18:56:55.959+0300] {processor.py:179} INFO - Processing /Users/olgastash/neoflex_env_airflow/lib/python3.10/site-packages/airflow/example_dags/example_branch_python_dop_operator_3.py took 0.952 seconds
[2023-07-30T19:00:54.836+0300] {processor.py:157} INFO - Started process (PID=30459) to work on /Users/olgastash/neoflex_env_airflow/lib/python3.10/site-packages/airflow/example_dags/example_branch_python_dop_operator_3.py
[2023-07-30T19:00:54.837+0300] {processor.py:826} INFO - Processing file /Users/olgastash/neoflex_env_airflow/lib/python3.10/site-packages/airflow/example_dags/example_branch_python_dop_operator_3.py for tasks to queue
[2023-07-30T19:00:54.837+0300] {logging_mixin.py:150} INFO - [2023-07-30T19:00:54.837+0300] {dagbag.py:541} INFO - Filling up the DagBag from /Users/olgastash/neoflex_env_airflow/lib/python3.10/site-packages/airflow/example_dags/example_branch_python_dop_operator_3.py
[2023-07-30T19:00:54.896+0300] {processor.py:836} INFO - DAG(s) dict_keys(['example_branch_dop_operator_v3']) retrieved from /Users/olgastash/neoflex_env_airflow/lib/python3.10/site-packages/airflow/example_dags/example_branch_python_dop_operator_3.py
[2023-07-30T19:00:55.836+0300] {logging_mixin.py:150} INFO - [2023-07-30T19:00:55.836+0300] {dag.py:2742} INFO - Sync 1 DAGs
[2023-07-30T19:00:55.860+0300] {logging_mixin.py:150} INFO - [2023-07-30T19:00:55.860+0300] {dag.py:3504} INFO - Setting next_dagrun for example_branch_dop_operator_v3 to 2023-07-30T15:59:00+00:00, run_after=2023-07-30T16:00:00+00:00
[2023-07-30T19:00:55.881+0300] {processor.py:179} INFO - Processing /Users/olgastash/neoflex_env_airflow/lib/python3.10/site-packages/airflow/example_dags/example_branch_python_dop_operator_3.py took 1.046 seconds
[2023-07-30T19:05:07.072+0300] {processor.py:157} INFO - Started process (PID=30624) to work on /Users/olgastash/neoflex_env_airflow/lib/python3.10/site-packages/airflow/example_dags/example_branch_python_dop_operator_3.py
[2023-07-30T19:05:07.073+0300] {processor.py:826} INFO - Processing file /Users/olgastash/neoflex_env_airflow/lib/python3.10/site-packages/airflow/example_dags/example_branch_python_dop_operator_3.py for tasks to queue
[2023-07-30T19:05:07.074+0300] {logging_mixin.py:150} INFO - [2023-07-30T19:05:07.074+0300] {dagbag.py:541} INFO - Filling up the DagBag from /Users/olgastash/neoflex_env_airflow/lib/python3.10/site-packages/airflow/example_dags/example_branch_python_dop_operator_3.py
[2023-07-30T19:05:07.133+0300] {processor.py:836} INFO - DAG(s) dict_keys(['example_branch_dop_operator_v3']) retrieved from /Users/olgastash/neoflex_env_airflow/lib/python3.10/site-packages/airflow/example_dags/example_branch_python_dop_operator_3.py
[2023-07-30T19:05:08.064+0300] {logging_mixin.py:150} INFO - [2023-07-30T19:05:08.064+0300] {dag.py:2742} INFO - Sync 1 DAGs
[2023-07-30T19:05:08.088+0300] {logging_mixin.py:150} INFO - [2023-07-30T19:05:08.088+0300] {dag.py:3504} INFO - Setting next_dagrun for example_branch_dop_operator_v3 to 2023-07-30T16:04:00+00:00, run_after=2023-07-30T16:05:00+00:00
[2023-07-30T19:05:08.109+0300] {processor.py:179} INFO - Processing /Users/olgastash/neoflex_env_airflow/lib/python3.10/site-packages/airflow/example_dags/example_branch_python_dop_operator_3.py took 1.038 seconds
[2023-07-30T19:08:57.940+0300] {processor.py:157} INFO - Started process (PID=30754) to work on /Users/olgastash/neoflex_env_airflow/lib/python3.10/site-packages/airflow/example_dags/example_branch_python_dop_operator_3.py
[2023-07-30T19:08:57.941+0300] {processor.py:826} INFO - Processing file /Users/olgastash/neoflex_env_airflow/lib/python3.10/site-packages/airflow/example_dags/example_branch_python_dop_operator_3.py for tasks to queue
[2023-07-30T19:08:57.942+0300] {logging_mixin.py:150} INFO - [2023-07-30T19:08:57.942+0300] {dagbag.py:541} INFO - Filling up the DagBag from /Users/olgastash/neoflex_env_airflow/lib/python3.10/site-packages/airflow/example_dags/example_branch_python_dop_operator_3.py
[2023-07-30T19:08:58.001+0300] {processor.py:836} INFO - DAG(s) dict_keys(['example_branch_dop_operator_v3']) retrieved from /Users/olgastash/neoflex_env_airflow/lib/python3.10/site-packages/airflow/example_dags/example_branch_python_dop_operator_3.py
[2023-07-30T19:08:58.942+0300] {logging_mixin.py:150} INFO - [2023-07-30T19:08:58.942+0300] {dag.py:2742} INFO - Sync 1 DAGs
[2023-07-30T19:08:58.966+0300] {logging_mixin.py:150} INFO - [2023-07-30T19:08:58.966+0300] {dag.py:3504} INFO - Setting next_dagrun for example_branch_dop_operator_v3 to 2023-07-30T16:07:00+00:00, run_after=2023-07-30T16:08:00+00:00
[2023-07-30T19:08:58.987+0300] {processor.py:179} INFO - Processing /Users/olgastash/neoflex_env_airflow/lib/python3.10/site-packages/airflow/example_dags/example_branch_python_dop_operator_3.py took 1.047 seconds
[2023-07-30T19:13:17.289+0300] {processor.py:157} INFO - Started process (PID=30917) to work on /Users/olgastash/neoflex_env_airflow/lib/python3.10/site-packages/airflow/example_dags/example_branch_python_dop_operator_3.py
[2023-07-30T19:13:17.290+0300] {processor.py:826} INFO - Processing file /Users/olgastash/neoflex_env_airflow/lib/python3.10/site-packages/airflow/example_dags/example_branch_python_dop_operator_3.py for tasks to queue
[2023-07-30T19:13:17.291+0300] {logging_mixin.py:150} INFO - [2023-07-30T19:13:17.291+0300] {dagbag.py:541} INFO - Filling up the DagBag from /Users/olgastash/neoflex_env_airflow/lib/python3.10/site-packages/airflow/example_dags/example_branch_python_dop_operator_3.py
[2023-07-30T19:13:17.350+0300] {processor.py:836} INFO - DAG(s) dict_keys(['example_branch_dop_operator_v3']) retrieved from /Users/olgastash/neoflex_env_airflow/lib/python3.10/site-packages/airflow/example_dags/example_branch_python_dop_operator_3.py
[2023-07-30T19:13:18.202+0300] {logging_mixin.py:150} INFO - [2023-07-30T19:13:18.201+0300] {dag.py:2742} INFO - Sync 1 DAGs
[2023-07-30T19:13:18.225+0300] {logging_mixin.py:150} INFO - [2023-07-30T19:13:18.225+0300] {dag.py:3504} INFO - Setting next_dagrun for example_branch_dop_operator_v3 to 2023-07-30T16:12:00+00:00, run_after=2023-07-30T16:13:00+00:00
[2023-07-30T19:13:18.245+0300] {processor.py:179} INFO - Processing /Users/olgastash/neoflex_env_airflow/lib/python3.10/site-packages/airflow/example_dags/example_branch_python_dop_operator_3.py took 0.957 seconds
[2023-07-30T19:17:18.365+0300] {processor.py:157} INFO - Started process (PID=31118) to work on /Users/olgastash/neoflex_env_airflow/lib/python3.10/site-packages/airflow/example_dags/example_branch_python_dop_operator_3.py
[2023-07-30T19:17:18.366+0300] {processor.py:826} INFO - Processing file /Users/olgastash/neoflex_env_airflow/lib/python3.10/site-packages/airflow/example_dags/example_branch_python_dop_operator_3.py for tasks to queue
[2023-07-30T19:17:18.367+0300] {logging_mixin.py:150} INFO - [2023-07-30T19:17:18.367+0300] {dagbag.py:541} INFO - Filling up the DagBag from /Users/olgastash/neoflex_env_airflow/lib/python3.10/site-packages/airflow/example_dags/example_branch_python_dop_operator_3.py
[2023-07-30T19:17:18.428+0300] {processor.py:836} INFO - DAG(s) dict_keys(['example_branch_dop_operator_v3']) retrieved from /Users/olgastash/neoflex_env_airflow/lib/python3.10/site-packages/airflow/example_dags/example_branch_python_dop_operator_3.py
[2023-07-30T19:17:19.406+0300] {logging_mixin.py:150} INFO - [2023-07-30T19:17:19.406+0300] {dag.py:2742} INFO - Sync 1 DAGs
[2023-07-30T19:17:19.431+0300] {logging_mixin.py:150} INFO - [2023-07-30T19:17:19.431+0300] {dag.py:3504} INFO - Setting next_dagrun for example_branch_dop_operator_v3 to 2023-07-30T16:16:00+00:00, run_after=2023-07-30T16:17:00+00:00
[2023-07-30T19:17:19.453+0300] {processor.py:179} INFO - Processing /Users/olgastash/neoflex_env_airflow/lib/python3.10/site-packages/airflow/example_dags/example_branch_python_dop_operator_3.py took 1.088 seconds
[2023-07-30T19:21:37.880+0300] {processor.py:157} INFO - Started process (PID=31275) to work on /Users/olgastash/neoflex_env_airflow/lib/python3.10/site-packages/airflow/example_dags/example_branch_python_dop_operator_3.py
[2023-07-30T19:21:37.881+0300] {processor.py:826} INFO - Processing file /Users/olgastash/neoflex_env_airflow/lib/python3.10/site-packages/airflow/example_dags/example_branch_python_dop_operator_3.py for tasks to queue
[2023-07-30T19:21:37.882+0300] {logging_mixin.py:150} INFO - [2023-07-30T19:21:37.882+0300] {dagbag.py:541} INFO - Filling up the DagBag from /Users/olgastash/neoflex_env_airflow/lib/python3.10/site-packages/airflow/example_dags/example_branch_python_dop_operator_3.py
[2023-07-30T19:21:37.943+0300] {processor.py:836} INFO - DAG(s) dict_keys(['example_branch_dop_operator_v3']) retrieved from /Users/olgastash/neoflex_env_airflow/lib/python3.10/site-packages/airflow/example_dags/example_branch_python_dop_operator_3.py
[2023-07-30T19:21:38.916+0300] {logging_mixin.py:150} INFO - [2023-07-30T19:21:38.915+0300] {dag.py:2742} INFO - Sync 1 DAGs
[2023-07-30T19:21:38.940+0300] {logging_mixin.py:150} INFO - [2023-07-30T19:21:38.940+0300] {dag.py:3504} INFO - Setting next_dagrun for example_branch_dop_operator_v3 to 2023-07-30T16:20:00+00:00, run_after=2023-07-30T16:21:00+00:00
[2023-07-30T19:21:38.962+0300] {processor.py:179} INFO - Processing /Users/olgastash/neoflex_env_airflow/lib/python3.10/site-packages/airflow/example_dags/example_branch_python_dop_operator_3.py took 1.083 seconds
[2023-07-30T19:25:40.332+0300] {processor.py:157} INFO - Started process (PID=31420) to work on /Users/olgastash/neoflex_env_airflow/lib/python3.10/site-packages/airflow/example_dags/example_branch_python_dop_operator_3.py
[2023-07-30T19:25:40.333+0300] {processor.py:826} INFO - Processing file /Users/olgastash/neoflex_env_airflow/lib/python3.10/site-packages/airflow/example_dags/example_branch_python_dop_operator_3.py for tasks to queue
[2023-07-30T19:25:40.333+0300] {logging_mixin.py:150} INFO - [2023-07-30T19:25:40.333+0300] {dagbag.py:541} INFO - Filling up the DagBag from /Users/olgastash/neoflex_env_airflow/lib/python3.10/site-packages/airflow/example_dags/example_branch_python_dop_operator_3.py
[2023-07-30T19:25:40.391+0300] {processor.py:836} INFO - DAG(s) dict_keys(['example_branch_dop_operator_v3']) retrieved from /Users/olgastash/neoflex_env_airflow/lib/python3.10/site-packages/airflow/example_dags/example_branch_python_dop_operator_3.py
[2023-07-30T19:25:41.327+0300] {logging_mixin.py:150} INFO - [2023-07-30T19:25:41.327+0300] {dag.py:2742} INFO - Sync 1 DAGs
[2023-07-30T19:25:41.350+0300] {logging_mixin.py:150} INFO - [2023-07-30T19:25:41.350+0300] {dag.py:3504} INFO - Setting next_dagrun for example_branch_dop_operator_v3 to 2023-07-30T16:24:00+00:00, run_after=2023-07-30T16:25:00+00:00
[2023-07-30T19:25:41.371+0300] {processor.py:179} INFO - Processing /Users/olgastash/neoflex_env_airflow/lib/python3.10/site-packages/airflow/example_dags/example_branch_python_dop_operator_3.py took 1.040 seconds
[2023-07-30T19:59:00.548+0300] {processor.py:157} INFO - Started process (PID=31596) to work on /Users/olgastash/neoflex_env_airflow/lib/python3.10/site-packages/airflow/example_dags/example_branch_python_dop_operator_3.py
[2023-07-30T19:59:00.549+0300] {processor.py:826} INFO - Processing file /Users/olgastash/neoflex_env_airflow/lib/python3.10/site-packages/airflow/example_dags/example_branch_python_dop_operator_3.py for tasks to queue
[2023-07-30T19:59:00.550+0300] {logging_mixin.py:150} INFO - [2023-07-30T19:59:00.550+0300] {dagbag.py:541} INFO - Filling up the DagBag from /Users/olgastash/neoflex_env_airflow/lib/python3.10/site-packages/airflow/example_dags/example_branch_python_dop_operator_3.py
[2023-07-30T19:59:00.609+0300] {processor.py:836} INFO - DAG(s) dict_keys(['example_branch_dop_operator_v3']) retrieved from /Users/olgastash/neoflex_env_airflow/lib/python3.10/site-packages/airflow/example_dags/example_branch_python_dop_operator_3.py
[2023-07-30T19:59:01.569+0300] {logging_mixin.py:150} INFO - [2023-07-30T19:59:01.569+0300] {dag.py:2742} INFO - Sync 1 DAGs
[2023-07-30T19:59:01.594+0300] {logging_mixin.py:150} INFO - [2023-07-30T19:59:01.594+0300] {dag.py:3504} INFO - Setting next_dagrun for example_branch_dop_operator_v3 to 2023-07-30T16:58:00+00:00, run_after=2023-07-30T16:59:00+00:00
[2023-07-30T19:59:01.615+0300] {processor.py:179} INFO - Processing /Users/olgastash/neoflex_env_airflow/lib/python3.10/site-packages/airflow/example_dags/example_branch_python_dop_operator_3.py took 1.067 seconds
[2023-07-30T20:12:21.843+0300] {processor.py:157} INFO - Started process (PID=31787) to work on /Users/olgastash/neoflex_env_airflow/lib/python3.10/site-packages/airflow/example_dags/example_branch_python_dop_operator_3.py
[2023-07-30T20:12:21.844+0300] {processor.py:826} INFO - Processing file /Users/olgastash/neoflex_env_airflow/lib/python3.10/site-packages/airflow/example_dags/example_branch_python_dop_operator_3.py for tasks to queue
[2023-07-30T20:12:21.845+0300] {logging_mixin.py:150} INFO - [2023-07-30T20:12:21.845+0300] {dagbag.py:541} INFO - Filling up the DagBag from /Users/olgastash/neoflex_env_airflow/lib/python3.10/site-packages/airflow/example_dags/example_branch_python_dop_operator_3.py
[2023-07-30T20:12:21.906+0300] {processor.py:836} INFO - DAG(s) dict_keys(['example_branch_dop_operator_v3']) retrieved from /Users/olgastash/neoflex_env_airflow/lib/python3.10/site-packages/airflow/example_dags/example_branch_python_dop_operator_3.py
[2023-07-30T20:12:22.879+0300] {logging_mixin.py:150} INFO - [2023-07-30T20:12:22.879+0300] {dag.py:2742} INFO - Sync 1 DAGs
[2023-07-30T20:12:22.903+0300] {logging_mixin.py:150} INFO - [2023-07-30T20:12:22.903+0300] {dag.py:3504} INFO - Setting next_dagrun for example_branch_dop_operator_v3 to 2023-07-30T17:11:00+00:00, run_after=2023-07-30T17:12:00+00:00
[2023-07-30T20:12:22.925+0300] {processor.py:179} INFO - Processing /Users/olgastash/neoflex_env_airflow/lib/python3.10/site-packages/airflow/example_dags/example_branch_python_dop_operator_3.py took 1.082 seconds
[2023-07-30T20:16:41.703+0300] {processor.py:157} INFO - Started process (PID=32011) to work on /Users/olgastash/neoflex_env_airflow/lib/python3.10/site-packages/airflow/example_dags/example_branch_python_dop_operator_3.py
[2023-07-30T20:16:41.704+0300] {processor.py:826} INFO - Processing file /Users/olgastash/neoflex_env_airflow/lib/python3.10/site-packages/airflow/example_dags/example_branch_python_dop_operator_3.py for tasks to queue
[2023-07-30T20:16:41.704+0300] {logging_mixin.py:150} INFO - [2023-07-30T20:16:41.704+0300] {dagbag.py:541} INFO - Filling up the DagBag from /Users/olgastash/neoflex_env_airflow/lib/python3.10/site-packages/airflow/example_dags/example_branch_python_dop_operator_3.py
[2023-07-30T20:16:41.763+0300] {processor.py:836} INFO - DAG(s) dict_keys(['example_branch_dop_operator_v3']) retrieved from /Users/olgastash/neoflex_env_airflow/lib/python3.10/site-packages/airflow/example_dags/example_branch_python_dop_operator_3.py
[2023-07-30T20:16:42.734+0300] {logging_mixin.py:150} INFO - [2023-07-30T20:16:42.734+0300] {dag.py:2742} INFO - Sync 1 DAGs
[2023-07-30T20:16:42.760+0300] {logging_mixin.py:150} INFO - [2023-07-30T20:16:42.760+0300] {dag.py:3504} INFO - Setting next_dagrun for example_branch_dop_operator_v3 to 2023-07-30T17:15:00+00:00, run_after=2023-07-30T17:16:00+00:00
[2023-07-30T20:16:42.780+0300] {processor.py:179} INFO - Processing /Users/olgastash/neoflex_env_airflow/lib/python3.10/site-packages/airflow/example_dags/example_branch_python_dop_operator_3.py took 1.079 seconds
[2023-07-30T20:21:18.462+0300] {processor.py:157} INFO - Started process (PID=32234) to work on /Users/olgastash/neoflex_env_airflow/lib/python3.10/site-packages/airflow/example_dags/example_branch_python_dop_operator_3.py
[2023-07-30T20:21:18.464+0300] {processor.py:826} INFO - Processing file /Users/olgastash/neoflex_env_airflow/lib/python3.10/site-packages/airflow/example_dags/example_branch_python_dop_operator_3.py for tasks to queue
[2023-07-30T20:21:18.464+0300] {logging_mixin.py:150} INFO - [2023-07-30T20:21:18.464+0300] {dagbag.py:541} INFO - Filling up the DagBag from /Users/olgastash/neoflex_env_airflow/lib/python3.10/site-packages/airflow/example_dags/example_branch_python_dop_operator_3.py
[2023-07-30T20:21:18.523+0300] {processor.py:836} INFO - DAG(s) dict_keys(['example_branch_dop_operator_v3']) retrieved from /Users/olgastash/neoflex_env_airflow/lib/python3.10/site-packages/airflow/example_dags/example_branch_python_dop_operator_3.py
[2023-07-30T20:21:19.570+0300] {logging_mixin.py:150} INFO - [2023-07-30T20:21:19.570+0300] {dag.py:2742} INFO - Sync 1 DAGs
[2023-07-30T20:21:19.596+0300] {logging_mixin.py:150} INFO - [2023-07-30T20:21:19.596+0300] {dag.py:3504} INFO - Setting next_dagrun for example_branch_dop_operator_v3 to 2023-07-30T17:20:00+00:00, run_after=2023-07-30T17:21:00+00:00
[2023-07-30T20:21:19.619+0300] {processor.py:179} INFO - Processing /Users/olgastash/neoflex_env_airflow/lib/python3.10/site-packages/airflow/example_dags/example_branch_python_dop_operator_3.py took 1.158 seconds
[2023-07-30T20:25:39.730+0300] {processor.py:157} INFO - Started process (PID=32525) to work on /Users/olgastash/neoflex_env_airflow/lib/python3.10/site-packages/airflow/example_dags/example_branch_python_dop_operator_3.py
[2023-07-30T20:25:39.731+0300] {processor.py:826} INFO - Processing file /Users/olgastash/neoflex_env_airflow/lib/python3.10/site-packages/airflow/example_dags/example_branch_python_dop_operator_3.py for tasks to queue
[2023-07-30T20:25:39.732+0300] {logging_mixin.py:150} INFO - [2023-07-30T20:25:39.732+0300] {dagbag.py:541} INFO - Filling up the DagBag from /Users/olgastash/neoflex_env_airflow/lib/python3.10/site-packages/airflow/example_dags/example_branch_python_dop_operator_3.py
[2023-07-30T20:25:39.792+0300] {processor.py:836} INFO - DAG(s) dict_keys(['example_branch_dop_operator_v3']) retrieved from /Users/olgastash/neoflex_env_airflow/lib/python3.10/site-packages/airflow/example_dags/example_branch_python_dop_operator_3.py
[2023-07-30T20:25:40.813+0300] {logging_mixin.py:150} INFO - [2023-07-30T20:25:40.813+0300] {dag.py:2742} INFO - Sync 1 DAGs
[2023-07-30T20:25:40.841+0300] {logging_mixin.py:150} INFO - [2023-07-30T20:25:40.841+0300] {dag.py:3504} INFO - Setting next_dagrun for example_branch_dop_operator_v3 to 2023-07-30T17:24:00+00:00, run_after=2023-07-30T17:25:00+00:00
[2023-07-30T20:25:40.866+0300] {processor.py:179} INFO - Processing /Users/olgastash/neoflex_env_airflow/lib/python3.10/site-packages/airflow/example_dags/example_branch_python_dop_operator_3.py took 1.137 seconds
[2023-07-30T20:29:54.380+0300] {processor.py:157} INFO - Started process (PID=32701) to work on /Users/olgastash/neoflex_env_airflow/lib/python3.10/site-packages/airflow/example_dags/example_branch_python_dop_operator_3.py
[2023-07-30T20:29:54.381+0300] {processor.py:826} INFO - Processing file /Users/olgastash/neoflex_env_airflow/lib/python3.10/site-packages/airflow/example_dags/example_branch_python_dop_operator_3.py for tasks to queue
[2023-07-30T20:29:54.382+0300] {logging_mixin.py:150} INFO - [2023-07-30T20:29:54.382+0300] {dagbag.py:541} INFO - Filling up the DagBag from /Users/olgastash/neoflex_env_airflow/lib/python3.10/site-packages/airflow/example_dags/example_branch_python_dop_operator_3.py
[2023-07-30T20:29:54.442+0300] {processor.py:836} INFO - DAG(s) dict_keys(['example_branch_dop_operator_v3']) retrieved from /Users/olgastash/neoflex_env_airflow/lib/python3.10/site-packages/airflow/example_dags/example_branch_python_dop_operator_3.py
[2023-07-30T20:29:55.452+0300] {logging_mixin.py:150} INFO - [2023-07-30T20:29:55.452+0300] {dag.py:2742} INFO - Sync 1 DAGs
[2023-07-30T20:29:55.477+0300] {logging_mixin.py:150} INFO - [2023-07-30T20:29:55.477+0300] {dag.py:3504} INFO - Setting next_dagrun for example_branch_dop_operator_v3 to 2023-07-30T17:28:00+00:00, run_after=2023-07-30T17:29:00+00:00
[2023-07-30T20:29:55.499+0300] {processor.py:179} INFO - Processing /Users/olgastash/neoflex_env_airflow/lib/python3.10/site-packages/airflow/example_dags/example_branch_python_dop_operator_3.py took 1.119 seconds
[2023-07-30T20:34:16.261+0300] {processor.py:157} INFO - Started process (PID=32958) to work on /Users/olgastash/neoflex_env_airflow/lib/python3.10/site-packages/airflow/example_dags/example_branch_python_dop_operator_3.py
[2023-07-30T20:34:16.262+0300] {processor.py:826} INFO - Processing file /Users/olgastash/neoflex_env_airflow/lib/python3.10/site-packages/airflow/example_dags/example_branch_python_dop_operator_3.py for tasks to queue
[2023-07-30T20:34:16.263+0300] {logging_mixin.py:150} INFO - [2023-07-30T20:34:16.262+0300] {dagbag.py:541} INFO - Filling up the DagBag from /Users/olgastash/neoflex_env_airflow/lib/python3.10/site-packages/airflow/example_dags/example_branch_python_dop_operator_3.py
[2023-07-30T20:34:16.322+0300] {processor.py:836} INFO - DAG(s) dict_keys(['example_branch_dop_operator_v3']) retrieved from /Users/olgastash/neoflex_env_airflow/lib/python3.10/site-packages/airflow/example_dags/example_branch_python_dop_operator_3.py
[2023-07-30T20:34:17.199+0300] {logging_mixin.py:150} INFO - [2023-07-30T20:34:17.198+0300] {dag.py:2742} INFO - Sync 1 DAGs
[2023-07-30T20:34:17.223+0300] {logging_mixin.py:150} INFO - [2023-07-30T20:34:17.222+0300] {dag.py:3504} INFO - Setting next_dagrun for example_branch_dop_operator_v3 to 2023-07-30T17:33:00+00:00, run_after=2023-07-30T17:34:00+00:00
[2023-07-30T20:34:17.241+0300] {processor.py:179} INFO - Processing /Users/olgastash/neoflex_env_airflow/lib/python3.10/site-packages/airflow/example_dags/example_branch_python_dop_operator_3.py took 0.981 seconds
[2023-07-30T20:38:32.171+0300] {processor.py:157} INFO - Started process (PID=33220) to work on /Users/olgastash/neoflex_env_airflow/lib/python3.10/site-packages/airflow/example_dags/example_branch_python_dop_operator_3.py
[2023-07-30T20:38:32.172+0300] {processor.py:826} INFO - Processing file /Users/olgastash/neoflex_env_airflow/lib/python3.10/site-packages/airflow/example_dags/example_branch_python_dop_operator_3.py for tasks to queue
[2023-07-30T20:38:32.172+0300] {logging_mixin.py:150} INFO - [2023-07-30T20:38:32.172+0300] {dagbag.py:541} INFO - Filling up the DagBag from /Users/olgastash/neoflex_env_airflow/lib/python3.10/site-packages/airflow/example_dags/example_branch_python_dop_operator_3.py
[2023-07-30T20:38:32.236+0300] {processor.py:836} INFO - DAG(s) dict_keys(['example_branch_dop_operator_v3']) retrieved from /Users/olgastash/neoflex_env_airflow/lib/python3.10/site-packages/airflow/example_dags/example_branch_python_dop_operator_3.py
[2023-07-30T20:38:33.288+0300] {logging_mixin.py:150} INFO - [2023-07-30T20:38:33.288+0300] {dag.py:2742} INFO - Sync 1 DAGs
[2023-07-30T20:38:33.316+0300] {logging_mixin.py:150} INFO - [2023-07-30T20:38:33.316+0300] {dag.py:3504} INFO - Setting next_dagrun for example_branch_dop_operator_v3 to 2023-07-30T17:37:00+00:00, run_after=2023-07-30T17:38:00+00:00
[2023-07-30T20:38:33.341+0300] {processor.py:179} INFO - Processing /Users/olgastash/neoflex_env_airflow/lib/python3.10/site-packages/airflow/example_dags/example_branch_python_dop_operator_3.py took 1.171 seconds
[2023-07-30T20:42:51.319+0300] {processor.py:157} INFO - Started process (PID=33454) to work on /Users/olgastash/neoflex_env_airflow/lib/python3.10/site-packages/airflow/example_dags/example_branch_python_dop_operator_3.py
[2023-07-30T20:42:51.320+0300] {processor.py:826} INFO - Processing file /Users/olgastash/neoflex_env_airflow/lib/python3.10/site-packages/airflow/example_dags/example_branch_python_dop_operator_3.py for tasks to queue
[2023-07-30T20:42:51.321+0300] {logging_mixin.py:150} INFO - [2023-07-30T20:42:51.320+0300] {dagbag.py:541} INFO - Filling up the DagBag from /Users/olgastash/neoflex_env_airflow/lib/python3.10/site-packages/airflow/example_dags/example_branch_python_dop_operator_3.py
[2023-07-30T20:42:51.380+0300] {processor.py:836} INFO - DAG(s) dict_keys(['example_branch_dop_operator_v3']) retrieved from /Users/olgastash/neoflex_env_airflow/lib/python3.10/site-packages/airflow/example_dags/example_branch_python_dop_operator_3.py
[2023-07-30T20:42:52.364+0300] {logging_mixin.py:150} INFO - [2023-07-30T20:42:52.364+0300] {dag.py:2742} INFO - Sync 1 DAGs
[2023-07-30T20:42:52.388+0300] {logging_mixin.py:150} INFO - [2023-07-30T20:42:52.388+0300] {dag.py:3504} INFO - Setting next_dagrun for example_branch_dop_operator_v3 to 2023-07-30T17:41:00+00:00, run_after=2023-07-30T17:42:00+00:00
[2023-07-30T20:42:52.408+0300] {processor.py:179} INFO - Processing /Users/olgastash/neoflex_env_airflow/lib/python3.10/site-packages/airflow/example_dags/example_branch_python_dop_operator_3.py took 1.090 seconds
[2023-07-30T20:47:07.869+0300] {processor.py:157} INFO - Started process (PID=33713) to work on /Users/olgastash/neoflex_env_airflow/lib/python3.10/site-packages/airflow/example_dags/example_branch_python_dop_operator_3.py
[2023-07-30T20:47:07.870+0300] {processor.py:826} INFO - Processing file /Users/olgastash/neoflex_env_airflow/lib/python3.10/site-packages/airflow/example_dags/example_branch_python_dop_operator_3.py for tasks to queue
[2023-07-30T20:47:07.871+0300] {logging_mixin.py:150} INFO - [2023-07-30T20:47:07.870+0300] {dagbag.py:541} INFO - Filling up the DagBag from /Users/olgastash/neoflex_env_airflow/lib/python3.10/site-packages/airflow/example_dags/example_branch_python_dop_operator_3.py
[2023-07-30T20:47:07.928+0300] {processor.py:836} INFO - DAG(s) dict_keys(['example_branch_dop_operator_v3']) retrieved from /Users/olgastash/neoflex_env_airflow/lib/python3.10/site-packages/airflow/example_dags/example_branch_python_dop_operator_3.py
[2023-07-30T20:47:08.885+0300] {logging_mixin.py:150} INFO - [2023-07-30T20:47:08.885+0300] {dag.py:2742} INFO - Sync 1 DAGs
[2023-07-30T20:47:08.909+0300] {logging_mixin.py:150} INFO - [2023-07-30T20:47:08.908+0300] {dag.py:3504} INFO - Setting next_dagrun for example_branch_dop_operator_v3 to 2023-07-30T17:46:00+00:00, run_after=2023-07-30T17:47:00+00:00
[2023-07-30T20:47:08.929+0300] {processor.py:179} INFO - Processing /Users/olgastash/neoflex_env_airflow/lib/python3.10/site-packages/airflow/example_dags/example_branch_python_dop_operator_3.py took 1.061 seconds
[2023-07-30T20:51:30.322+0300] {processor.py:157} INFO - Started process (PID=33939) to work on /Users/olgastash/neoflex_env_airflow/lib/python3.10/site-packages/airflow/example_dags/example_branch_python_dop_operator_3.py
[2023-07-30T20:51:30.323+0300] {processor.py:826} INFO - Processing file /Users/olgastash/neoflex_env_airflow/lib/python3.10/site-packages/airflow/example_dags/example_branch_python_dop_operator_3.py for tasks to queue
[2023-07-30T20:51:30.324+0300] {logging_mixin.py:150} INFO - [2023-07-30T20:51:30.324+0300] {dagbag.py:541} INFO - Filling up the DagBag from /Users/olgastash/neoflex_env_airflow/lib/python3.10/site-packages/airflow/example_dags/example_branch_python_dop_operator_3.py
[2023-07-30T20:51:30.383+0300] {processor.py:836} INFO - DAG(s) dict_keys(['example_branch_dop_operator_v3']) retrieved from /Users/olgastash/neoflex_env_airflow/lib/python3.10/site-packages/airflow/example_dags/example_branch_python_dop_operator_3.py
[2023-07-30T20:51:31.355+0300] {logging_mixin.py:150} INFO - [2023-07-30T20:51:31.355+0300] {dag.py:2742} INFO - Sync 1 DAGs
[2023-07-30T20:51:31.379+0300] {logging_mixin.py:150} INFO - [2023-07-30T20:51:31.379+0300] {dag.py:3504} INFO - Setting next_dagrun for example_branch_dop_operator_v3 to 2023-07-30T17:50:00+00:00, run_after=2023-07-30T17:51:00+00:00
[2023-07-30T20:51:31.400+0300] {processor.py:179} INFO - Processing /Users/olgastash/neoflex_env_airflow/lib/python3.10/site-packages/airflow/example_dags/example_branch_python_dop_operator_3.py took 1.078 seconds
[2023-07-30T20:56:00.431+0300] {processor.py:157} INFO - Started process (PID=34161) to work on /Users/olgastash/neoflex_env_airflow/lib/python3.10/site-packages/airflow/example_dags/example_branch_python_dop_operator_3.py
[2023-07-30T20:56:00.432+0300] {processor.py:826} INFO - Processing file /Users/olgastash/neoflex_env_airflow/lib/python3.10/site-packages/airflow/example_dags/example_branch_python_dop_operator_3.py for tasks to queue
[2023-07-30T20:56:00.432+0300] {logging_mixin.py:150} INFO - [2023-07-30T20:56:00.432+0300] {dagbag.py:541} INFO - Filling up the DagBag from /Users/olgastash/neoflex_env_airflow/lib/python3.10/site-packages/airflow/example_dags/example_branch_python_dop_operator_3.py
[2023-07-30T20:56:00.492+0300] {processor.py:836} INFO - DAG(s) dict_keys(['example_branch_dop_operator_v3']) retrieved from /Users/olgastash/neoflex_env_airflow/lib/python3.10/site-packages/airflow/example_dags/example_branch_python_dop_operator_3.py
[2023-07-30T20:56:01.478+0300] {logging_mixin.py:150} INFO - [2023-07-30T20:56:01.478+0300] {dag.py:2742} INFO - Sync 1 DAGs
[2023-07-30T20:56:01.501+0300] {logging_mixin.py:150} INFO - [2023-07-30T20:56:01.501+0300] {dag.py:3504} INFO - Setting next_dagrun for example_branch_dop_operator_v3 to 2023-07-30T17:55:00+00:00, run_after=2023-07-30T17:56:00+00:00
[2023-07-30T20:56:01.521+0300] {processor.py:179} INFO - Processing /Users/olgastash/neoflex_env_airflow/lib/python3.10/site-packages/airflow/example_dags/example_branch_python_dop_operator_3.py took 1.091 seconds
[2023-07-30T21:00:27.384+0300] {processor.py:157} INFO - Started process (PID=34355) to work on /Users/olgastash/neoflex_env_airflow/lib/python3.10/site-packages/airflow/example_dags/example_branch_python_dop_operator_3.py
[2023-07-30T21:00:27.386+0300] {processor.py:826} INFO - Processing file /Users/olgastash/neoflex_env_airflow/lib/python3.10/site-packages/airflow/example_dags/example_branch_python_dop_operator_3.py for tasks to queue
[2023-07-30T21:00:27.387+0300] {logging_mixin.py:150} INFO - [2023-07-30T21:00:27.386+0300] {dagbag.py:541} INFO - Filling up the DagBag from /Users/olgastash/neoflex_env_airflow/lib/python3.10/site-packages/airflow/example_dags/example_branch_python_dop_operator_3.py
[2023-07-30T21:00:27.449+0300] {processor.py:836} INFO - DAG(s) dict_keys(['example_branch_dop_operator_v3']) retrieved from /Users/olgastash/neoflex_env_airflow/lib/python3.10/site-packages/airflow/example_dags/example_branch_python_dop_operator_3.py
[2023-07-30T21:00:28.463+0300] {logging_mixin.py:150} INFO - [2023-07-30T21:00:28.462+0300] {dag.py:2742} INFO - Sync 1 DAGs
[2023-07-30T21:00:28.488+0300] {logging_mixin.py:150} INFO - [2023-07-30T21:00:28.487+0300] {dag.py:3504} INFO - Setting next_dagrun for example_branch_dop_operator_v3 to 2023-07-30T17:59:00+00:00, run_after=2023-07-30T18:00:00+00:00
[2023-07-30T21:00:28.512+0300] {processor.py:179} INFO - Processing /Users/olgastash/neoflex_env_airflow/lib/python3.10/site-packages/airflow/example_dags/example_branch_python_dop_operator_3.py took 1.129 seconds
[2023-07-30T21:04:56.468+0300] {processor.py:157} INFO - Started process (PID=34522) to work on /Users/olgastash/neoflex_env_airflow/lib/python3.10/site-packages/airflow/example_dags/example_branch_python_dop_operator_3.py
[2023-07-30T21:04:56.469+0300] {processor.py:826} INFO - Processing file /Users/olgastash/neoflex_env_airflow/lib/python3.10/site-packages/airflow/example_dags/example_branch_python_dop_operator_3.py for tasks to queue
[2023-07-30T21:04:56.470+0300] {logging_mixin.py:150} INFO - [2023-07-30T21:04:56.470+0300] {dagbag.py:541} INFO - Filling up the DagBag from /Users/olgastash/neoflex_env_airflow/lib/python3.10/site-packages/airflow/example_dags/example_branch_python_dop_operator_3.py
[2023-07-30T21:04:56.548+0300] {processor.py:836} INFO - DAG(s) dict_keys(['example_branch_dop_operator_v3']) retrieved from /Users/olgastash/neoflex_env_airflow/lib/python3.10/site-packages/airflow/example_dags/example_branch_python_dop_operator_3.py
[2023-07-30T21:04:57.968+0300] {logging_mixin.py:150} INFO - [2023-07-30T21:04:57.968+0300] {dag.py:2742} INFO - Sync 1 DAGs
[2023-07-30T21:04:57.991+0300] {logging_mixin.py:150} INFO - [2023-07-30T21:04:57.991+0300] {dag.py:3504} INFO - Setting next_dagrun for example_branch_dop_operator_v3 to 2023-07-30T18:03:00+00:00, run_after=2023-07-30T18:04:00+00:00
[2023-07-30T21:04:58.012+0300] {processor.py:179} INFO - Processing /Users/olgastash/neoflex_env_airflow/lib/python3.10/site-packages/airflow/example_dags/example_branch_python_dop_operator_3.py took 1.545 seconds
[2023-07-30T21:09:30.820+0300] {processor.py:157} INFO - Started process (PID=34727) to work on /Users/olgastash/neoflex_env_airflow/lib/python3.10/site-packages/airflow/example_dags/example_branch_python_dop_operator_3.py
[2023-07-30T21:09:30.822+0300] {processor.py:826} INFO - Processing file /Users/olgastash/neoflex_env_airflow/lib/python3.10/site-packages/airflow/example_dags/example_branch_python_dop_operator_3.py for tasks to queue
[2023-07-30T21:09:30.823+0300] {logging_mixin.py:150} INFO - [2023-07-30T21:09:30.823+0300] {dagbag.py:541} INFO - Filling up the DagBag from /Users/olgastash/neoflex_env_airflow/lib/python3.10/site-packages/airflow/example_dags/example_branch_python_dop_operator_3.py
[2023-07-30T21:09:30.882+0300] {processor.py:836} INFO - DAG(s) dict_keys(['example_branch_dop_operator_v3']) retrieved from /Users/olgastash/neoflex_env_airflow/lib/python3.10/site-packages/airflow/example_dags/example_branch_python_dop_operator_3.py
[2023-07-30T21:09:31.784+0300] {logging_mixin.py:150} INFO - [2023-07-30T21:09:31.784+0300] {dag.py:2742} INFO - Sync 1 DAGs
[2023-07-30T21:09:31.809+0300] {logging_mixin.py:150} INFO - [2023-07-30T21:09:31.808+0300] {dag.py:3504} INFO - Setting next_dagrun for example_branch_dop_operator_v3 to 2023-07-30T18:08:00+00:00, run_after=2023-07-30T18:09:00+00:00
[2023-07-30T21:09:31.827+0300] {processor.py:179} INFO - Processing /Users/olgastash/neoflex_env_airflow/lib/python3.10/site-packages/airflow/example_dags/example_branch_python_dop_operator_3.py took 1.007 seconds
[2023-07-30T21:14:04.092+0300] {processor.py:157} INFO - Started process (PID=34979) to work on /Users/olgastash/neoflex_env_airflow/lib/python3.10/site-packages/airflow/example_dags/example_branch_python_dop_operator_3.py
[2023-07-30T21:14:04.094+0300] {processor.py:826} INFO - Processing file /Users/olgastash/neoflex_env_airflow/lib/python3.10/site-packages/airflow/example_dags/example_branch_python_dop_operator_3.py for tasks to queue
[2023-07-30T21:14:04.095+0300] {logging_mixin.py:150} INFO - [2023-07-30T21:14:04.094+0300] {dagbag.py:541} INFO - Filling up the DagBag from /Users/olgastash/neoflex_env_airflow/lib/python3.10/site-packages/airflow/example_dags/example_branch_python_dop_operator_3.py
[2023-07-30T21:14:04.171+0300] {processor.py:836} INFO - DAG(s) dict_keys(['example_branch_dop_operator_v3']) retrieved from /Users/olgastash/neoflex_env_airflow/lib/python3.10/site-packages/airflow/example_dags/example_branch_python_dop_operator_3.py
[2023-07-30T21:14:05.392+0300] {logging_mixin.py:150} INFO - [2023-07-30T21:14:05.391+0300] {dag.py:2742} INFO - Sync 1 DAGs
[2023-07-30T21:14:05.422+0300] {logging_mixin.py:150} INFO - [2023-07-30T21:14:05.422+0300] {dag.py:3504} INFO - Setting next_dagrun for example_branch_dop_operator_v3 to 2023-07-30T18:13:00+00:00, run_after=2023-07-30T18:14:00+00:00
[2023-07-30T21:14:05.449+0300] {processor.py:179} INFO - Processing /Users/olgastash/neoflex_env_airflow/lib/python3.10/site-packages/airflow/example_dags/example_branch_python_dop_operator_3.py took 1.358 seconds
[2023-07-30T21:18:42.780+0300] {processor.py:157} INFO - Started process (PID=35158) to work on /Users/olgastash/neoflex_env_airflow/lib/python3.10/site-packages/airflow/example_dags/example_branch_python_dop_operator_3.py
[2023-07-30T21:18:42.781+0300] {processor.py:826} INFO - Processing file /Users/olgastash/neoflex_env_airflow/lib/python3.10/site-packages/airflow/example_dags/example_branch_python_dop_operator_3.py for tasks to queue
[2023-07-30T21:18:42.782+0300] {logging_mixin.py:150} INFO - [2023-07-30T21:18:42.782+0300] {dagbag.py:541} INFO - Filling up the DagBag from /Users/olgastash/neoflex_env_airflow/lib/python3.10/site-packages/airflow/example_dags/example_branch_python_dop_operator_3.py
[2023-07-30T21:18:42.843+0300] {processor.py:836} INFO - DAG(s) dict_keys(['example_branch_dop_operator_v3']) retrieved from /Users/olgastash/neoflex_env_airflow/lib/python3.10/site-packages/airflow/example_dags/example_branch_python_dop_operator_3.py
[2023-07-30T21:18:43.849+0300] {logging_mixin.py:150} INFO - [2023-07-30T21:18:43.848+0300] {dag.py:2742} INFO - Sync 1 DAGs
[2023-07-30T21:18:43.872+0300] {logging_mixin.py:150} INFO - [2023-07-30T21:18:43.872+0300] {dag.py:3504} INFO - Setting next_dagrun for example_branch_dop_operator_v3 to 2023-07-30T18:17:00+00:00, run_after=2023-07-30T18:18:00+00:00
[2023-07-30T21:18:43.895+0300] {processor.py:179} INFO - Processing /Users/olgastash/neoflex_env_airflow/lib/python3.10/site-packages/airflow/example_dags/example_branch_python_dop_operator_3.py took 1.116 seconds
[2023-07-30T21:23:01.682+0300] {processor.py:157} INFO - Started process (PID=35332) to work on /Users/olgastash/neoflex_env_airflow/lib/python3.10/site-packages/airflow/example_dags/example_branch_python_dop_operator_3.py
[2023-07-30T21:23:01.683+0300] {processor.py:826} INFO - Processing file /Users/olgastash/neoflex_env_airflow/lib/python3.10/site-packages/airflow/example_dags/example_branch_python_dop_operator_3.py for tasks to queue
[2023-07-30T21:23:01.684+0300] {logging_mixin.py:150} INFO - [2023-07-30T21:23:01.684+0300] {dagbag.py:541} INFO - Filling up the DagBag from /Users/olgastash/neoflex_env_airflow/lib/python3.10/site-packages/airflow/example_dags/example_branch_python_dop_operator_3.py
[2023-07-30T21:23:01.744+0300] {processor.py:836} INFO - DAG(s) dict_keys(['example_branch_dop_operator_v3']) retrieved from /Users/olgastash/neoflex_env_airflow/lib/python3.10/site-packages/airflow/example_dags/example_branch_python_dop_operator_3.py
[2023-07-30T21:23:02.736+0300] {logging_mixin.py:150} INFO - [2023-07-30T21:23:02.735+0300] {dag.py:2742} INFO - Sync 1 DAGs
[2023-07-30T21:23:02.760+0300] {logging_mixin.py:150} INFO - [2023-07-30T21:23:02.759+0300] {dag.py:3504} INFO - Setting next_dagrun for example_branch_dop_operator_v3 to 2023-07-30T18:22:00+00:00, run_after=2023-07-30T18:23:00+00:00
[2023-07-30T21:23:02.782+0300] {processor.py:179} INFO - Processing /Users/olgastash/neoflex_env_airflow/lib/python3.10/site-packages/airflow/example_dags/example_branch_python_dop_operator_3.py took 1.101 seconds
[2023-07-30T21:27:20.881+0300] {processor.py:157} INFO - Started process (PID=35550) to work on /Users/olgastash/neoflex_env_airflow/lib/python3.10/site-packages/airflow/example_dags/example_branch_python_dop_operator_3.py
[2023-07-30T21:27:20.882+0300] {processor.py:826} INFO - Processing file /Users/olgastash/neoflex_env_airflow/lib/python3.10/site-packages/airflow/example_dags/example_branch_python_dop_operator_3.py for tasks to queue
[2023-07-30T21:27:20.883+0300] {logging_mixin.py:150} INFO - [2023-07-30T21:27:20.883+0300] {dagbag.py:541} INFO - Filling up the DagBag from /Users/olgastash/neoflex_env_airflow/lib/python3.10/site-packages/airflow/example_dags/example_branch_python_dop_operator_3.py
[2023-07-30T21:27:20.961+0300] {processor.py:836} INFO - DAG(s) dict_keys(['example_branch_dop_operator_v3']) retrieved from /Users/olgastash/neoflex_env_airflow/lib/python3.10/site-packages/airflow/example_dags/example_branch_python_dop_operator_3.py
[2023-07-30T21:27:22.043+0300] {logging_mixin.py:150} INFO - [2023-07-30T21:27:22.042+0300] {dag.py:2742} INFO - Sync 1 DAGs
[2023-07-30T21:27:22.070+0300] {logging_mixin.py:150} INFO - [2023-07-30T21:27:22.070+0300] {dag.py:3504} INFO - Setting next_dagrun for example_branch_dop_operator_v3 to 2023-07-30T18:26:00+00:00, run_after=2023-07-30T18:27:00+00:00
[2023-07-30T21:27:22.093+0300] {processor.py:179} INFO - Processing /Users/olgastash/neoflex_env_airflow/lib/python3.10/site-packages/airflow/example_dags/example_branch_python_dop_operator_3.py took 1.213 seconds
[2023-07-30T21:31:37.531+0300] {processor.py:157} INFO - Started process (PID=35718) to work on /Users/olgastash/neoflex_env_airflow/lib/python3.10/site-packages/airflow/example_dags/example_branch_python_dop_operator_3.py
[2023-07-30T21:31:37.532+0300] {processor.py:826} INFO - Processing file /Users/olgastash/neoflex_env_airflow/lib/python3.10/site-packages/airflow/example_dags/example_branch_python_dop_operator_3.py for tasks to queue
[2023-07-30T21:31:37.533+0300] {logging_mixin.py:150} INFO - [2023-07-30T21:31:37.533+0300] {dagbag.py:541} INFO - Filling up the DagBag from /Users/olgastash/neoflex_env_airflow/lib/python3.10/site-packages/airflow/example_dags/example_branch_python_dop_operator_3.py
[2023-07-30T21:31:37.591+0300] {processor.py:836} INFO - DAG(s) dict_keys(['example_branch_dop_operator_v3']) retrieved from /Users/olgastash/neoflex_env_airflow/lib/python3.10/site-packages/airflow/example_dags/example_branch_python_dop_operator_3.py
[2023-07-30T21:31:38.564+0300] {logging_mixin.py:150} INFO - [2023-07-30T21:31:38.563+0300] {dag.py:2742} INFO - Sync 1 DAGs
[2023-07-30T21:31:38.587+0300] {logging_mixin.py:150} INFO - [2023-07-30T21:31:38.587+0300] {dag.py:3504} INFO - Setting next_dagrun for example_branch_dop_operator_v3 to 2023-07-30T18:30:00+00:00, run_after=2023-07-30T18:31:00+00:00
[2023-07-30T21:31:38.608+0300] {processor.py:179} INFO - Processing /Users/olgastash/neoflex_env_airflow/lib/python3.10/site-packages/airflow/example_dags/example_branch_python_dop_operator_3.py took 1.078 seconds
[2023-07-30T21:35:54.745+0300] {processor.py:157} INFO - Started process (PID=35915) to work on /Users/olgastash/neoflex_env_airflow/lib/python3.10/site-packages/airflow/example_dags/example_branch_python_dop_operator_3.py
[2023-07-30T21:35:54.765+0300] {processor.py:826} INFO - Processing file /Users/olgastash/neoflex_env_airflow/lib/python3.10/site-packages/airflow/example_dags/example_branch_python_dop_operator_3.py for tasks to queue
[2023-07-30T21:35:54.766+0300] {logging_mixin.py:150} INFO - [2023-07-30T21:35:54.766+0300] {dagbag.py:541} INFO - Filling up the DagBag from /Users/olgastash/neoflex_env_airflow/lib/python3.10/site-packages/airflow/example_dags/example_branch_python_dop_operator_3.py
[2023-07-30T21:35:54.826+0300] {processor.py:836} INFO - DAG(s) dict_keys(['example_branch_dop_operator_v3']) retrieved from /Users/olgastash/neoflex_env_airflow/lib/python3.10/site-packages/airflow/example_dags/example_branch_python_dop_operator_3.py
[2023-07-30T21:35:55.819+0300] {logging_mixin.py:150} INFO - [2023-07-30T21:35:55.819+0300] {dag.py:2742} INFO - Sync 1 DAGs
[2023-07-30T21:35:55.844+0300] {logging_mixin.py:150} INFO - [2023-07-30T21:35:55.844+0300] {dag.py:3504} INFO - Setting next_dagrun for example_branch_dop_operator_v3 to 2023-07-30T18:34:00+00:00, run_after=2023-07-30T18:35:00+00:00
[2023-07-30T21:35:55.865+0300] {processor.py:179} INFO - Processing /Users/olgastash/neoflex_env_airflow/lib/python3.10/site-packages/airflow/example_dags/example_branch_python_dop_operator_3.py took 1.121 seconds
[2023-07-30T21:40:14.723+0300] {processor.py:157} INFO - Started process (PID=36141) to work on /Users/olgastash/neoflex_env_airflow/lib/python3.10/site-packages/airflow/example_dags/example_branch_python_dop_operator_3.py
[2023-07-30T21:40:14.724+0300] {processor.py:826} INFO - Processing file /Users/olgastash/neoflex_env_airflow/lib/python3.10/site-packages/airflow/example_dags/example_branch_python_dop_operator_3.py for tasks to queue
[2023-07-30T21:40:14.725+0300] {logging_mixin.py:150} INFO - [2023-07-30T21:40:14.725+0300] {dagbag.py:541} INFO - Filling up the DagBag from /Users/olgastash/neoflex_env_airflow/lib/python3.10/site-packages/airflow/example_dags/example_branch_python_dop_operator_3.py
[2023-07-30T21:40:14.782+0300] {processor.py:836} INFO - DAG(s) dict_keys(['example_branch_dop_operator_v3']) retrieved from /Users/olgastash/neoflex_env_airflow/lib/python3.10/site-packages/airflow/example_dags/example_branch_python_dop_operator_3.py
[2023-07-30T21:40:15.740+0300] {logging_mixin.py:150} INFO - [2023-07-30T21:40:15.739+0300] {dag.py:2742} INFO - Sync 1 DAGs
[2023-07-30T21:40:15.762+0300] {logging_mixin.py:150} INFO - [2023-07-30T21:40:15.762+0300] {dag.py:3504} INFO - Setting next_dagrun for example_branch_dop_operator_v3 to 2023-07-30T18:39:00+00:00, run_after=2023-07-30T18:40:00+00:00
[2023-07-30T21:40:15.783+0300] {processor.py:179} INFO - Processing /Users/olgastash/neoflex_env_airflow/lib/python3.10/site-packages/airflow/example_dags/example_branch_python_dop_operator_3.py took 1.061 seconds
[2023-07-30T21:44:34.397+0300] {processor.py:157} INFO - Started process (PID=36341) to work on /Users/olgastash/neoflex_env_airflow/lib/python3.10/site-packages/airflow/example_dags/example_branch_python_dop_operator_3.py
[2023-07-30T21:44:34.398+0300] {processor.py:826} INFO - Processing file /Users/olgastash/neoflex_env_airflow/lib/python3.10/site-packages/airflow/example_dags/example_branch_python_dop_operator_3.py for tasks to queue
[2023-07-30T21:44:34.399+0300] {logging_mixin.py:150} INFO - [2023-07-30T21:44:34.398+0300] {dagbag.py:541} INFO - Filling up the DagBag from /Users/olgastash/neoflex_env_airflow/lib/python3.10/site-packages/airflow/example_dags/example_branch_python_dop_operator_3.py
[2023-07-30T21:44:34.458+0300] {processor.py:836} INFO - DAG(s) dict_keys(['example_branch_dop_operator_v3']) retrieved from /Users/olgastash/neoflex_env_airflow/lib/python3.10/site-packages/airflow/example_dags/example_branch_python_dop_operator_3.py
[2023-07-30T21:44:35.346+0300] {logging_mixin.py:150} INFO - [2023-07-30T21:44:35.345+0300] {dag.py:2742} INFO - Sync 1 DAGs
[2023-07-30T21:44:35.371+0300] {logging_mixin.py:150} INFO - [2023-07-30T21:44:35.371+0300] {dag.py:3504} INFO - Setting next_dagrun for example_branch_dop_operator_v3 to 2023-07-30T18:43:00+00:00, run_after=2023-07-30T18:44:00+00:00
[2023-07-30T21:44:35.390+0300] {processor.py:179} INFO - Processing /Users/olgastash/neoflex_env_airflow/lib/python3.10/site-packages/airflow/example_dags/example_branch_python_dop_operator_3.py took 0.994 seconds
[2023-07-30T21:48:54.207+0300] {processor.py:157} INFO - Started process (PID=36510) to work on /Users/olgastash/neoflex_env_airflow/lib/python3.10/site-packages/airflow/example_dags/example_branch_python_dop_operator_3.py
[2023-07-30T21:48:54.208+0300] {processor.py:826} INFO - Processing file /Users/olgastash/neoflex_env_airflow/lib/python3.10/site-packages/airflow/example_dags/example_branch_python_dop_operator_3.py for tasks to queue
[2023-07-30T21:48:54.209+0300] {logging_mixin.py:150} INFO - [2023-07-30T21:48:54.209+0300] {dagbag.py:541} INFO - Filling up the DagBag from /Users/olgastash/neoflex_env_airflow/lib/python3.10/site-packages/airflow/example_dags/example_branch_python_dop_operator_3.py
[2023-07-30T21:48:54.267+0300] {processor.py:836} INFO - DAG(s) dict_keys(['example_branch_dop_operator_v3']) retrieved from /Users/olgastash/neoflex_env_airflow/lib/python3.10/site-packages/airflow/example_dags/example_branch_python_dop_operator_3.py
[2023-07-30T21:48:55.259+0300] {logging_mixin.py:150} INFO - [2023-07-30T21:48:55.259+0300] {dag.py:2742} INFO - Sync 1 DAGs
[2023-07-30T21:48:55.283+0300] {logging_mixin.py:150} INFO - [2023-07-30T21:48:55.283+0300] {dag.py:3504} INFO - Setting next_dagrun for example_branch_dop_operator_v3 to 2023-07-30T18:47:00+00:00, run_after=2023-07-30T18:48:00+00:00
[2023-07-30T21:48:55.305+0300] {processor.py:179} INFO - Processing /Users/olgastash/neoflex_env_airflow/lib/python3.10/site-packages/airflow/example_dags/example_branch_python_dop_operator_3.py took 1.098 seconds
[2023-07-30T21:53:12.889+0300] {processor.py:157} INFO - Started process (PID=36712) to work on /Users/olgastash/neoflex_env_airflow/lib/python3.10/site-packages/airflow/example_dags/example_branch_python_dop_operator_3.py
[2023-07-30T21:53:12.890+0300] {processor.py:826} INFO - Processing file /Users/olgastash/neoflex_env_airflow/lib/python3.10/site-packages/airflow/example_dags/example_branch_python_dop_operator_3.py for tasks to queue
[2023-07-30T21:53:12.890+0300] {logging_mixin.py:150} INFO - [2023-07-30T21:53:12.890+0300] {dagbag.py:541} INFO - Filling up the DagBag from /Users/olgastash/neoflex_env_airflow/lib/python3.10/site-packages/airflow/example_dags/example_branch_python_dop_operator_3.py
[2023-07-30T21:53:12.948+0300] {processor.py:836} INFO - DAG(s) dict_keys(['example_branch_dop_operator_v3']) retrieved from /Users/olgastash/neoflex_env_airflow/lib/python3.10/site-packages/airflow/example_dags/example_branch_python_dop_operator_3.py
[2023-07-30T21:53:13.916+0300] {logging_mixin.py:150} INFO - [2023-07-30T21:53:13.915+0300] {dag.py:2742} INFO - Sync 1 DAGs
[2023-07-30T21:53:13.939+0300] {logging_mixin.py:150} INFO - [2023-07-30T21:53:13.939+0300] {dag.py:3504} INFO - Setting next_dagrun for example_branch_dop_operator_v3 to 2023-07-30T18:52:00+00:00, run_after=2023-07-30T18:53:00+00:00
[2023-07-30T21:53:13.960+0300] {processor.py:179} INFO - Processing /Users/olgastash/neoflex_env_airflow/lib/python3.10/site-packages/airflow/example_dags/example_branch_python_dop_operator_3.py took 1.072 seconds
[2023-07-30T21:57:37.296+0300] {processor.py:157} INFO - Started process (PID=36931) to work on /Users/olgastash/neoflex_env_airflow/lib/python3.10/site-packages/airflow/example_dags/example_branch_python_dop_operator_3.py
[2023-07-30T21:57:37.298+0300] {processor.py:826} INFO - Processing file /Users/olgastash/neoflex_env_airflow/lib/python3.10/site-packages/airflow/example_dags/example_branch_python_dop_operator_3.py for tasks to queue
[2023-07-30T21:57:37.298+0300] {logging_mixin.py:150} INFO - [2023-07-30T21:57:37.298+0300] {dagbag.py:541} INFO - Filling up the DagBag from /Users/olgastash/neoflex_env_airflow/lib/python3.10/site-packages/airflow/example_dags/example_branch_python_dop_operator_3.py
[2023-07-30T21:57:37.360+0300] {processor.py:836} INFO - DAG(s) dict_keys(['example_branch_dop_operator_v3']) retrieved from /Users/olgastash/neoflex_env_airflow/lib/python3.10/site-packages/airflow/example_dags/example_branch_python_dop_operator_3.py
[2023-07-30T21:57:38.400+0300] {logging_mixin.py:150} INFO - [2023-07-30T21:57:38.400+0300] {dag.py:2742} INFO - Sync 1 DAGs
[2023-07-30T21:57:38.424+0300] {logging_mixin.py:150} INFO - [2023-07-30T21:57:38.424+0300] {dag.py:3504} INFO - Setting next_dagrun for example_branch_dop_operator_v3 to 2023-07-30T18:56:00+00:00, run_after=2023-07-30T18:57:00+00:00
[2023-07-30T21:57:38.446+0300] {processor.py:179} INFO - Processing /Users/olgastash/neoflex_env_airflow/lib/python3.10/site-packages/airflow/example_dags/example_branch_python_dop_operator_3.py took 1.150 seconds
[2023-07-30T22:02:01.968+0300] {processor.py:157} INFO - Started process (PID=37126) to work on /Users/olgastash/neoflex_env_airflow/lib/python3.10/site-packages/airflow/example_dags/example_branch_python_dop_operator_3.py
[2023-07-30T22:02:01.969+0300] {processor.py:826} INFO - Processing file /Users/olgastash/neoflex_env_airflow/lib/python3.10/site-packages/airflow/example_dags/example_branch_python_dop_operator_3.py for tasks to queue
[2023-07-30T22:02:01.969+0300] {logging_mixin.py:150} INFO - [2023-07-30T22:02:01.969+0300] {dagbag.py:541} INFO - Filling up the DagBag from /Users/olgastash/neoflex_env_airflow/lib/python3.10/site-packages/airflow/example_dags/example_branch_python_dop_operator_3.py
[2023-07-30T22:02:02.028+0300] {processor.py:836} INFO - DAG(s) dict_keys(['example_branch_dop_operator_v3']) retrieved from /Users/olgastash/neoflex_env_airflow/lib/python3.10/site-packages/airflow/example_dags/example_branch_python_dop_operator_3.py
[2023-07-30T22:02:03.033+0300] {logging_mixin.py:150} INFO - [2023-07-30T22:02:03.033+0300] {dag.py:2742} INFO - Sync 1 DAGs
[2023-07-30T22:02:03.058+0300] {logging_mixin.py:150} INFO - [2023-07-30T22:02:03.057+0300] {dag.py:3504} INFO - Setting next_dagrun for example_branch_dop_operator_v3 to 2023-07-30T19:01:00+00:00, run_after=2023-07-30T19:02:00+00:00
[2023-07-30T22:02:03.080+0300] {processor.py:179} INFO - Processing /Users/olgastash/neoflex_env_airflow/lib/python3.10/site-packages/airflow/example_dags/example_branch_python_dop_operator_3.py took 1.113 seconds
[2023-07-30T22:06:30.941+0300] {processor.py:157} INFO - Started process (PID=37342) to work on /Users/olgastash/neoflex_env_airflow/lib/python3.10/site-packages/airflow/example_dags/example_branch_python_dop_operator_3.py
[2023-07-30T22:06:30.942+0300] {processor.py:826} INFO - Processing file /Users/olgastash/neoflex_env_airflow/lib/python3.10/site-packages/airflow/example_dags/example_branch_python_dop_operator_3.py for tasks to queue
[2023-07-30T22:06:30.942+0300] {logging_mixin.py:150} INFO - [2023-07-30T22:06:30.942+0300] {dagbag.py:541} INFO - Filling up the DagBag from /Users/olgastash/neoflex_env_airflow/lib/python3.10/site-packages/airflow/example_dags/example_branch_python_dop_operator_3.py
[2023-07-30T22:06:31.001+0300] {processor.py:836} INFO - DAG(s) dict_keys(['example_branch_dop_operator_v3']) retrieved from /Users/olgastash/neoflex_env_airflow/lib/python3.10/site-packages/airflow/example_dags/example_branch_python_dop_operator_3.py
[2023-07-30T22:06:31.995+0300] {logging_mixin.py:150} INFO - [2023-07-30T22:06:31.995+0300] {dag.py:2742} INFO - Sync 1 DAGs
[2023-07-30T22:06:32.019+0300] {logging_mixin.py:150} INFO - [2023-07-30T22:06:32.018+0300] {dag.py:3504} INFO - Setting next_dagrun for example_branch_dop_operator_v3 to 2023-07-30T19:05:00+00:00, run_after=2023-07-30T19:06:00+00:00
[2023-07-30T22:06:32.040+0300] {processor.py:179} INFO - Processing /Users/olgastash/neoflex_env_airflow/lib/python3.10/site-packages/airflow/example_dags/example_branch_python_dop_operator_3.py took 1.100 seconds
[2023-07-30T22:10:58.747+0300] {processor.py:157} INFO - Started process (PID=37540) to work on /Users/olgastash/neoflex_env_airflow/lib/python3.10/site-packages/airflow/example_dags/example_branch_python_dop_operator_3.py
[2023-07-30T22:10:58.748+0300] {processor.py:826} INFO - Processing file /Users/olgastash/neoflex_env_airflow/lib/python3.10/site-packages/airflow/example_dags/example_branch_python_dop_operator_3.py for tasks to queue
[2023-07-30T22:10:58.748+0300] {logging_mixin.py:150} INFO - [2023-07-30T22:10:58.748+0300] {dagbag.py:541} INFO - Filling up the DagBag from /Users/olgastash/neoflex_env_airflow/lib/python3.10/site-packages/airflow/example_dags/example_branch_python_dop_operator_3.py
[2023-07-30T22:10:58.811+0300] {processor.py:836} INFO - DAG(s) dict_keys(['example_branch_dop_operator_v3']) retrieved from /Users/olgastash/neoflex_env_airflow/lib/python3.10/site-packages/airflow/example_dags/example_branch_python_dop_operator_3.py
[2023-07-30T22:10:59.815+0300] {logging_mixin.py:150} INFO - [2023-07-30T22:10:59.814+0300] {dag.py:2742} INFO - Sync 1 DAGs
[2023-07-30T22:10:59.838+0300] {logging_mixin.py:150} INFO - [2023-07-30T22:10:59.838+0300] {dag.py:3504} INFO - Setting next_dagrun for example_branch_dop_operator_v3 to 2023-07-30T19:09:00+00:00, run_after=2023-07-30T19:10:00+00:00
[2023-07-30T22:10:59.860+0300] {processor.py:179} INFO - Processing /Users/olgastash/neoflex_env_airflow/lib/python3.10/site-packages/airflow/example_dags/example_branch_python_dop_operator_3.py took 1.114 seconds
[2023-07-30T22:15:28.670+0300] {processor.py:157} INFO - Started process (PID=37761) to work on /Users/olgastash/neoflex_env_airflow/lib/python3.10/site-packages/airflow/example_dags/example_branch_python_dop_operator_3.py
[2023-07-30T22:15:28.671+0300] {processor.py:826} INFO - Processing file /Users/olgastash/neoflex_env_airflow/lib/python3.10/site-packages/airflow/example_dags/example_branch_python_dop_operator_3.py for tasks to queue
[2023-07-30T22:15:28.672+0300] {logging_mixin.py:150} INFO - [2023-07-30T22:15:28.672+0300] {dagbag.py:541} INFO - Filling up the DagBag from /Users/olgastash/neoflex_env_airflow/lib/python3.10/site-packages/airflow/example_dags/example_branch_python_dop_operator_3.py
[2023-07-30T22:15:28.731+0300] {processor.py:836} INFO - DAG(s) dict_keys(['example_branch_dop_operator_v3']) retrieved from /Users/olgastash/neoflex_env_airflow/lib/python3.10/site-packages/airflow/example_dags/example_branch_python_dop_operator_3.py
[2023-07-30T22:15:29.725+0300] {logging_mixin.py:150} INFO - [2023-07-30T22:15:29.724+0300] {dag.py:2742} INFO - Sync 1 DAGs
[2023-07-30T22:15:29.748+0300] {logging_mixin.py:150} INFO - [2023-07-30T22:15:29.748+0300] {dag.py:3504} INFO - Setting next_dagrun for example_branch_dop_operator_v3 to 2023-07-30T19:14:00+00:00, run_after=2023-07-30T19:15:00+00:00
[2023-07-30T22:15:29.769+0300] {processor.py:179} INFO - Processing /Users/olgastash/neoflex_env_airflow/lib/python3.10/site-packages/airflow/example_dags/example_branch_python_dop_operator_3.py took 1.100 seconds
[2023-07-30T22:19:57.786+0300] {processor.py:157} INFO - Started process (PID=37999) to work on /Users/olgastash/neoflex_env_airflow/lib/python3.10/site-packages/airflow/example_dags/example_branch_python_dop_operator_3.py
[2023-07-30T22:19:57.787+0300] {processor.py:826} INFO - Processing file /Users/olgastash/neoflex_env_airflow/lib/python3.10/site-packages/airflow/example_dags/example_branch_python_dop_operator_3.py for tasks to queue
[2023-07-30T22:19:57.788+0300] {logging_mixin.py:150} INFO - [2023-07-30T22:19:57.788+0300] {dagbag.py:541} INFO - Filling up the DagBag from /Users/olgastash/neoflex_env_airflow/lib/python3.10/site-packages/airflow/example_dags/example_branch_python_dop_operator_3.py
[2023-07-30T22:19:57.847+0300] {processor.py:836} INFO - DAG(s) dict_keys(['example_branch_dop_operator_v3']) retrieved from /Users/olgastash/neoflex_env_airflow/lib/python3.10/site-packages/airflow/example_dags/example_branch_python_dop_operator_3.py
[2023-07-30T22:19:58.741+0300] {logging_mixin.py:150} INFO - [2023-07-30T22:19:58.740+0300] {dag.py:2742} INFO - Sync 1 DAGs
[2023-07-30T22:19:58.767+0300] {logging_mixin.py:150} INFO - [2023-07-30T22:19:58.767+0300] {dag.py:3504} INFO - Setting next_dagrun for example_branch_dop_operator_v3 to 2023-07-30T19:18:00+00:00, run_after=2023-07-30T19:19:00+00:00
[2023-07-30T22:19:58.786+0300] {processor.py:179} INFO - Processing /Users/olgastash/neoflex_env_airflow/lib/python3.10/site-packages/airflow/example_dags/example_branch_python_dop_operator_3.py took 1.001 seconds
[2023-07-30T22:24:26.432+0300] {processor.py:157} INFO - Started process (PID=38251) to work on /Users/olgastash/neoflex_env_airflow/lib/python3.10/site-packages/airflow/example_dags/example_branch_python_dop_operator_3.py
[2023-07-30T22:24:26.433+0300] {processor.py:826} INFO - Processing file /Users/olgastash/neoflex_env_airflow/lib/python3.10/site-packages/airflow/example_dags/example_branch_python_dop_operator_3.py for tasks to queue
[2023-07-30T22:24:26.434+0300] {logging_mixin.py:150} INFO - [2023-07-30T22:24:26.433+0300] {dagbag.py:541} INFO - Filling up the DagBag from /Users/olgastash/neoflex_env_airflow/lib/python3.10/site-packages/airflow/example_dags/example_branch_python_dop_operator_3.py
[2023-07-30T22:24:26.493+0300] {processor.py:836} INFO - DAG(s) dict_keys(['example_branch_dop_operator_v3']) retrieved from /Users/olgastash/neoflex_env_airflow/lib/python3.10/site-packages/airflow/example_dags/example_branch_python_dop_operator_3.py
[2023-07-30T22:24:27.476+0300] {logging_mixin.py:150} INFO - [2023-07-30T22:24:27.476+0300] {dag.py:2742} INFO - Sync 1 DAGs
[2023-07-30T22:24:27.499+0300] {logging_mixin.py:150} INFO - [2023-07-30T22:24:27.499+0300] {dag.py:3504} INFO - Setting next_dagrun for example_branch_dop_operator_v3 to 2023-07-30T19:23:00+00:00, run_after=2023-07-30T19:24:00+00:00
[2023-07-30T22:24:27.521+0300] {processor.py:179} INFO - Processing /Users/olgastash/neoflex_env_airflow/lib/python3.10/site-packages/airflow/example_dags/example_branch_python_dop_operator_3.py took 1.089 seconds
[2023-07-30T22:28:57.968+0300] {processor.py:157} INFO - Started process (PID=38514) to work on /Users/olgastash/neoflex_env_airflow/lib/python3.10/site-packages/airflow/example_dags/example_branch_python_dop_operator_3.py
[2023-07-30T22:28:57.969+0300] {processor.py:826} INFO - Processing file /Users/olgastash/neoflex_env_airflow/lib/python3.10/site-packages/airflow/example_dags/example_branch_python_dop_operator_3.py for tasks to queue
[2023-07-30T22:28:57.970+0300] {logging_mixin.py:150} INFO - [2023-07-30T22:28:57.970+0300] {dagbag.py:541} INFO - Filling up the DagBag from /Users/olgastash/neoflex_env_airflow/lib/python3.10/site-packages/airflow/example_dags/example_branch_python_dop_operator_3.py
[2023-07-30T22:28:58.029+0300] {processor.py:836} INFO - DAG(s) dict_keys(['example_branch_dop_operator_v3']) retrieved from /Users/olgastash/neoflex_env_airflow/lib/python3.10/site-packages/airflow/example_dags/example_branch_python_dop_operator_3.py
[2023-07-30T22:28:59.029+0300] {logging_mixin.py:150} INFO - [2023-07-30T22:28:59.028+0300] {dag.py:2742} INFO - Sync 1 DAGs
[2023-07-30T22:28:59.053+0300] {logging_mixin.py:150} INFO - [2023-07-30T22:28:59.053+0300] {dag.py:3504} INFO - Setting next_dagrun for example_branch_dop_operator_v3 to 2023-07-30T19:27:00+00:00, run_after=2023-07-30T19:28:00+00:00
[2023-07-30T22:28:59.075+0300] {processor.py:179} INFO - Processing /Users/olgastash/neoflex_env_airflow/lib/python3.10/site-packages/airflow/example_dags/example_branch_python_dop_operator_3.py took 1.108 seconds
[2023-07-30T22:33:25.457+0300] {processor.py:157} INFO - Started process (PID=38704) to work on /Users/olgastash/neoflex_env_airflow/lib/python3.10/site-packages/airflow/example_dags/example_branch_python_dop_operator_3.py
[2023-07-30T22:33:25.458+0300] {processor.py:826} INFO - Processing file /Users/olgastash/neoflex_env_airflow/lib/python3.10/site-packages/airflow/example_dags/example_branch_python_dop_operator_3.py for tasks to queue
[2023-07-30T22:33:25.458+0300] {logging_mixin.py:150} INFO - [2023-07-30T22:33:25.458+0300] {dagbag.py:541} INFO - Filling up the DagBag from /Users/olgastash/neoflex_env_airflow/lib/python3.10/site-packages/airflow/example_dags/example_branch_python_dop_operator_3.py
[2023-07-30T22:33:25.517+0300] {processor.py:836} INFO - DAG(s) dict_keys(['example_branch_dop_operator_v3']) retrieved from /Users/olgastash/neoflex_env_airflow/lib/python3.10/site-packages/airflow/example_dags/example_branch_python_dop_operator_3.py
[2023-07-30T22:33:26.518+0300] {logging_mixin.py:150} INFO - [2023-07-30T22:33:26.518+0300] {dag.py:2742} INFO - Sync 1 DAGs
[2023-07-30T22:33:26.542+0300] {logging_mixin.py:150} INFO - [2023-07-30T22:33:26.542+0300] {dag.py:3504} INFO - Setting next_dagrun for example_branch_dop_operator_v3 to 2023-07-30T19:32:00+00:00, run_after=2023-07-30T19:33:00+00:00
[2023-07-30T22:33:26.563+0300] {processor.py:179} INFO - Processing /Users/olgastash/neoflex_env_airflow/lib/python3.10/site-packages/airflow/example_dags/example_branch_python_dop_operator_3.py took 1.107 seconds
[2023-07-30T22:37:53.098+0300] {processor.py:157} INFO - Started process (PID=38929) to work on /Users/olgastash/neoflex_env_airflow/lib/python3.10/site-packages/airflow/example_dags/example_branch_python_dop_operator_3.py
[2023-07-30T22:37:53.099+0300] {processor.py:826} INFO - Processing file /Users/olgastash/neoflex_env_airflow/lib/python3.10/site-packages/airflow/example_dags/example_branch_python_dop_operator_3.py for tasks to queue
[2023-07-30T22:37:53.100+0300] {logging_mixin.py:150} INFO - [2023-07-30T22:37:53.099+0300] {dagbag.py:541} INFO - Filling up the DagBag from /Users/olgastash/neoflex_env_airflow/lib/python3.10/site-packages/airflow/example_dags/example_branch_python_dop_operator_3.py
[2023-07-30T22:37:53.158+0300] {processor.py:836} INFO - DAG(s) dict_keys(['example_branch_dop_operator_v3']) retrieved from /Users/olgastash/neoflex_env_airflow/lib/python3.10/site-packages/airflow/example_dags/example_branch_python_dop_operator_3.py
[2023-07-30T22:37:54.142+0300] {logging_mixin.py:150} INFO - [2023-07-30T22:37:54.142+0300] {dag.py:2742} INFO - Sync 1 DAGs
[2023-07-30T22:37:54.166+0300] {logging_mixin.py:150} INFO - [2023-07-30T22:37:54.165+0300] {dag.py:3504} INFO - Setting next_dagrun for example_branch_dop_operator_v3 to 2023-07-30T19:36:00+00:00, run_after=2023-07-30T19:37:00+00:00
[2023-07-30T22:37:54.187+0300] {processor.py:179} INFO - Processing /Users/olgastash/neoflex_env_airflow/lib/python3.10/site-packages/airflow/example_dags/example_branch_python_dop_operator_3.py took 1.090 seconds
[2023-07-30T22:42:19.130+0300] {processor.py:157} INFO - Started process (PID=39159) to work on /Users/olgastash/neoflex_env_airflow/lib/python3.10/site-packages/airflow/example_dags/example_branch_python_dop_operator_3.py
[2023-07-30T22:42:19.131+0300] {processor.py:826} INFO - Processing file /Users/olgastash/neoflex_env_airflow/lib/python3.10/site-packages/airflow/example_dags/example_branch_python_dop_operator_3.py for tasks to queue
[2023-07-30T22:42:19.131+0300] {logging_mixin.py:150} INFO - [2023-07-30T22:42:19.131+0300] {dagbag.py:541} INFO - Filling up the DagBag from /Users/olgastash/neoflex_env_airflow/lib/python3.10/site-packages/airflow/example_dags/example_branch_python_dop_operator_3.py
[2023-07-30T22:42:19.193+0300] {processor.py:836} INFO - DAG(s) dict_keys(['example_branch_dop_operator_v3']) retrieved from /Users/olgastash/neoflex_env_airflow/lib/python3.10/site-packages/airflow/example_dags/example_branch_python_dop_operator_3.py
[2023-07-30T22:42:20.186+0300] {logging_mixin.py:150} INFO - [2023-07-30T22:42:20.185+0300] {dag.py:2742} INFO - Sync 1 DAGs
[2023-07-30T22:42:20.209+0300] {logging_mixin.py:150} INFO - [2023-07-30T22:42:20.209+0300] {dag.py:3504} INFO - Setting next_dagrun for example_branch_dop_operator_v3 to 2023-07-30T19:41:00+00:00, run_after=2023-07-30T19:42:00+00:00
[2023-07-30T22:42:20.231+0300] {processor.py:179} INFO - Processing /Users/olgastash/neoflex_env_airflow/lib/python3.10/site-packages/airflow/example_dags/example_branch_python_dop_operator_3.py took 1.102 seconds
[2023-07-30T22:46:45.696+0300] {processor.py:157} INFO - Started process (PID=39369) to work on /Users/olgastash/neoflex_env_airflow/lib/python3.10/site-packages/airflow/example_dags/example_branch_python_dop_operator_3.py
[2023-07-30T22:46:45.697+0300] {processor.py:826} INFO - Processing file /Users/olgastash/neoflex_env_airflow/lib/python3.10/site-packages/airflow/example_dags/example_branch_python_dop_operator_3.py for tasks to queue
[2023-07-30T22:46:45.698+0300] {logging_mixin.py:150} INFO - [2023-07-30T22:46:45.698+0300] {dagbag.py:541} INFO - Filling up the DagBag from /Users/olgastash/neoflex_env_airflow/lib/python3.10/site-packages/airflow/example_dags/example_branch_python_dop_operator_3.py
[2023-07-30T22:46:45.759+0300] {processor.py:836} INFO - DAG(s) dict_keys(['example_branch_dop_operator_v3']) retrieved from /Users/olgastash/neoflex_env_airflow/lib/python3.10/site-packages/airflow/example_dags/example_branch_python_dop_operator_3.py
[2023-07-30T22:46:46.745+0300] {logging_mixin.py:150} INFO - [2023-07-30T22:46:46.744+0300] {dag.py:2742} INFO - Sync 1 DAGs
[2023-07-30T22:46:46.769+0300] {logging_mixin.py:150} INFO - [2023-07-30T22:46:46.769+0300] {dag.py:3504} INFO - Setting next_dagrun for example_branch_dop_operator_v3 to 2023-07-30T19:45:00+00:00, run_after=2023-07-30T19:46:00+00:00
[2023-07-30T22:46:46.790+0300] {processor.py:179} INFO - Processing /Users/olgastash/neoflex_env_airflow/lib/python3.10/site-packages/airflow/example_dags/example_branch_python_dop_operator_3.py took 1.095 seconds
[2023-07-30T22:51:12.969+0300] {processor.py:157} INFO - Started process (PID=39609) to work on /Users/olgastash/neoflex_env_airflow/lib/python3.10/site-packages/airflow/example_dags/example_branch_python_dop_operator_3.py
[2023-07-30T22:51:12.971+0300] {processor.py:826} INFO - Processing file /Users/olgastash/neoflex_env_airflow/lib/python3.10/site-packages/airflow/example_dags/example_branch_python_dop_operator_3.py for tasks to queue
[2023-07-30T22:51:12.971+0300] {logging_mixin.py:150} INFO - [2023-07-30T22:51:12.971+0300] {dagbag.py:541} INFO - Filling up the DagBag from /Users/olgastash/neoflex_env_airflow/lib/python3.10/site-packages/airflow/example_dags/example_branch_python_dop_operator_3.py
[2023-07-30T22:51:13.038+0300] {processor.py:836} INFO - DAG(s) dict_keys(['example_branch_dop_operator_v3']) retrieved from /Users/olgastash/neoflex_env_airflow/lib/python3.10/site-packages/airflow/example_dags/example_branch_python_dop_operator_3.py
[2023-07-30T22:51:14.069+0300] {logging_mixin.py:150} INFO - [2023-07-30T22:51:14.068+0300] {dag.py:2742} INFO - Sync 1 DAGs
[2023-07-30T22:51:14.094+0300] {logging_mixin.py:150} INFO - [2023-07-30T22:51:14.094+0300] {dag.py:3504} INFO - Setting next_dagrun for example_branch_dop_operator_v3 to 2023-07-30T19:50:00+00:00, run_after=2023-07-30T19:51:00+00:00
[2023-07-30T22:51:14.116+0300] {processor.py:179} INFO - Processing /Users/olgastash/neoflex_env_airflow/lib/python3.10/site-packages/airflow/example_dags/example_branch_python_dop_operator_3.py took 1.148 seconds
[2023-07-30T22:55:44.389+0300] {processor.py:157} INFO - Started process (PID=39849) to work on /Users/olgastash/neoflex_env_airflow/lib/python3.10/site-packages/airflow/example_dags/example_branch_python_dop_operator_3.py
[2023-07-30T22:55:44.391+0300] {processor.py:826} INFO - Processing file /Users/olgastash/neoflex_env_airflow/lib/python3.10/site-packages/airflow/example_dags/example_branch_python_dop_operator_3.py for tasks to queue
[2023-07-30T22:55:44.391+0300] {logging_mixin.py:150} INFO - [2023-07-30T22:55:44.391+0300] {dagbag.py:541} INFO - Filling up the DagBag from /Users/olgastash/neoflex_env_airflow/lib/python3.10/site-packages/airflow/example_dags/example_branch_python_dop_operator_3.py
[2023-07-30T22:55:44.451+0300] {processor.py:836} INFO - DAG(s) dict_keys(['example_branch_dop_operator_v3']) retrieved from /Users/olgastash/neoflex_env_airflow/lib/python3.10/site-packages/airflow/example_dags/example_branch_python_dop_operator_3.py
[2023-07-30T22:55:45.454+0300] {logging_mixin.py:150} INFO - [2023-07-30T22:55:45.454+0300] {dag.py:2742} INFO - Sync 1 DAGs
[2023-07-30T22:55:45.479+0300] {logging_mixin.py:150} INFO - [2023-07-30T22:55:45.479+0300] {dag.py:3504} INFO - Setting next_dagrun for example_branch_dop_operator_v3 to 2023-07-30T19:54:00+00:00, run_after=2023-07-30T19:55:00+00:00
[2023-07-30T22:55:45.501+0300] {processor.py:179} INFO - Processing /Users/olgastash/neoflex_env_airflow/lib/python3.10/site-packages/airflow/example_dags/example_branch_python_dop_operator_3.py took 1.112 seconds
[2023-07-30T23:00:17.101+0300] {processor.py:157} INFO - Started process (PID=40088) to work on /Users/olgastash/neoflex_env_airflow/lib/python3.10/site-packages/airflow/example_dags/example_branch_python_dop_operator_3.py
[2023-07-30T23:00:17.102+0300] {processor.py:826} INFO - Processing file /Users/olgastash/neoflex_env_airflow/lib/python3.10/site-packages/airflow/example_dags/example_branch_python_dop_operator_3.py for tasks to queue
[2023-07-30T23:00:17.102+0300] {logging_mixin.py:150} INFO - [2023-07-30T23:00:17.102+0300] {dagbag.py:541} INFO - Filling up the DagBag from /Users/olgastash/neoflex_env_airflow/lib/python3.10/site-packages/airflow/example_dags/example_branch_python_dop_operator_3.py
[2023-07-30T23:00:17.162+0300] {processor.py:836} INFO - DAG(s) dict_keys(['example_branch_dop_operator_v3']) retrieved from /Users/olgastash/neoflex_env_airflow/lib/python3.10/site-packages/airflow/example_dags/example_branch_python_dop_operator_3.py
[2023-07-30T23:00:18.163+0300] {logging_mixin.py:150} INFO - [2023-07-30T23:00:18.163+0300] {dag.py:2742} INFO - Sync 1 DAGs
[2023-07-30T23:00:18.187+0300] {logging_mixin.py:150} INFO - [2023-07-30T23:00:18.187+0300] {dag.py:3504} INFO - Setting next_dagrun for example_branch_dop_operator_v3 to 2023-07-30T19:59:00+00:00, run_after=2023-07-30T20:00:00+00:00
[2023-07-30T23:00:18.208+0300] {processor.py:179} INFO - Processing /Users/olgastash/neoflex_env_airflow/lib/python3.10/site-packages/airflow/example_dags/example_branch_python_dop_operator_3.py took 1.108 seconds
[2023-07-30T23:04:48.063+0300] {processor.py:157} INFO - Started process (PID=40336) to work on /Users/olgastash/neoflex_env_airflow/lib/python3.10/site-packages/airflow/example_dags/example_branch_python_dop_operator_3.py
[2023-07-30T23:04:48.064+0300] {processor.py:826} INFO - Processing file /Users/olgastash/neoflex_env_airflow/lib/python3.10/site-packages/airflow/example_dags/example_branch_python_dop_operator_3.py for tasks to queue
[2023-07-30T23:04:48.064+0300] {logging_mixin.py:150} INFO - [2023-07-30T23:04:48.064+0300] {dagbag.py:541} INFO - Filling up the DagBag from /Users/olgastash/neoflex_env_airflow/lib/python3.10/site-packages/airflow/example_dags/example_branch_python_dop_operator_3.py
[2023-07-30T23:04:48.123+0300] {processor.py:836} INFO - DAG(s) dict_keys(['example_branch_dop_operator_v3']) retrieved from /Users/olgastash/neoflex_env_airflow/lib/python3.10/site-packages/airflow/example_dags/example_branch_python_dop_operator_3.py
[2023-07-30T23:04:48.995+0300] {logging_mixin.py:150} INFO - [2023-07-30T23:04:48.995+0300] {dag.py:2742} INFO - Sync 1 DAGs
[2023-07-30T23:04:49.023+0300] {logging_mixin.py:150} INFO - [2023-07-30T23:04:49.023+0300] {dag.py:3504} INFO - Setting next_dagrun for example_branch_dop_operator_v3 to 2023-07-30T20:03:00+00:00, run_after=2023-07-30T20:04:00+00:00
[2023-07-30T23:04:49.042+0300] {processor.py:179} INFO - Processing /Users/olgastash/neoflex_env_airflow/lib/python3.10/site-packages/airflow/example_dags/example_branch_python_dop_operator_3.py took 0.980 seconds
