[2023-07-30T18:29:39.327+0300] {processor.py:157} INFO - Started process (PID=28989) to work on /Users/olgastash/neoflex_env_airflow/lib/python3.10/site-packages/airflow/example_dags/example_complex.py
[2023-07-30T18:29:39.328+0300] {processor.py:826} INFO - Processing file /Users/olgastash/neoflex_env_airflow/lib/python3.10/site-packages/airflow/example_dags/example_complex.py for tasks to queue
[2023-07-30T18:29:39.329+0300] {logging_mixin.py:150} INFO - [2023-07-30T18:29:39.328+0300] {dagbag.py:541} INFO - Filling up the DagBag from /Users/olgastash/neoflex_env_airflow/lib/python3.10/site-packages/airflow/example_dags/example_complex.py
[2023-07-30T18:29:39.358+0300] {processor.py:836} INFO - DAG(s) dict_keys(['example_complex']) retrieved from /Users/olgastash/neoflex_env_airflow/lib/python3.10/site-packages/airflow/example_dags/example_complex.py
[2023-07-30T18:29:40.334+0300] {logging_mixin.py:150} INFO - [2023-07-30T18:29:40.334+0300] {manager.py:504} INFO - Created Permission View: can delete on DAG:example_complex
[2023-07-30T18:29:40.344+0300] {logging_mixin.py:150} INFO - [2023-07-30T18:29:40.344+0300] {manager.py:504} INFO - Created Permission View: can read on DAG:example_complex
[2023-07-30T18:29:40.350+0300] {logging_mixin.py:150} INFO - [2023-07-30T18:29:40.350+0300] {manager.py:504} INFO - Created Permission View: can edit on DAG:example_complex
[2023-07-30T18:29:40.362+0300] {logging_mixin.py:150} INFO - [2023-07-30T18:29:40.361+0300] {dag.py:2742} INFO - Sync 1 DAGs
[2023-07-30T18:29:40.372+0300] {logging_mixin.py:150} INFO - [2023-07-30T18:29:40.372+0300] {dag.py:2763} INFO - Creating ORM DAG for example_complex
[2023-07-30T18:29:40.382+0300] {logging_mixin.py:150} INFO - [2023-07-30T18:29:40.381+0300] {dag.py:3504} INFO - Setting next_dagrun for example_complex to None, run_after=None
[2023-07-30T18:29:40.402+0300] {processor.py:179} INFO - Processing /Users/olgastash/neoflex_env_airflow/lib/python3.10/site-packages/airflow/example_dags/example_complex.py took 1.075 seconds
[2023-07-30T18:33:37.131+0300] {processor.py:157} INFO - Started process (PID=29144) to work on /Users/olgastash/neoflex_env_airflow/lib/python3.10/site-packages/airflow/example_dags/example_complex.py
[2023-07-30T18:33:37.132+0300] {processor.py:826} INFO - Processing file /Users/olgastash/neoflex_env_airflow/lib/python3.10/site-packages/airflow/example_dags/example_complex.py for tasks to queue
[2023-07-30T18:33:37.132+0300] {logging_mixin.py:150} INFO - [2023-07-30T18:33:37.132+0300] {dagbag.py:541} INFO - Filling up the DagBag from /Users/olgastash/neoflex_env_airflow/lib/python3.10/site-packages/airflow/example_dags/example_complex.py
[2023-07-30T18:33:37.162+0300] {processor.py:836} INFO - DAG(s) dict_keys(['example_complex']) retrieved from /Users/olgastash/neoflex_env_airflow/lib/python3.10/site-packages/airflow/example_dags/example_complex.py
[2023-07-30T18:33:38.038+0300] {logging_mixin.py:150} INFO - [2023-07-30T18:33:38.038+0300] {dag.py:2742} INFO - Sync 1 DAGs
[2023-07-30T18:33:38.057+0300] {logging_mixin.py:150} INFO - [2023-07-30T18:33:38.056+0300] {dag.py:3504} INFO - Setting next_dagrun for example_complex to None, run_after=None
[2023-07-30T18:33:38.075+0300] {processor.py:179} INFO - Processing /Users/olgastash/neoflex_env_airflow/lib/python3.10/site-packages/airflow/example_dags/example_complex.py took 0.945 seconds
[2023-07-30T18:37:30.950+0300] {processor.py:157} INFO - Started process (PID=29305) to work on /Users/olgastash/neoflex_env_airflow/lib/python3.10/site-packages/airflow/example_dags/example_complex.py
[2023-07-30T18:37:30.951+0300] {processor.py:826} INFO - Processing file /Users/olgastash/neoflex_env_airflow/lib/python3.10/site-packages/airflow/example_dags/example_complex.py for tasks to queue
[2023-07-30T18:37:30.951+0300] {logging_mixin.py:150} INFO - [2023-07-30T18:37:30.951+0300] {dagbag.py:541} INFO - Filling up the DagBag from /Users/olgastash/neoflex_env_airflow/lib/python3.10/site-packages/airflow/example_dags/example_complex.py
[2023-07-30T18:37:30.980+0300] {processor.py:836} INFO - DAG(s) dict_keys(['example_complex']) retrieved from /Users/olgastash/neoflex_env_airflow/lib/python3.10/site-packages/airflow/example_dags/example_complex.py
[2023-07-30T18:37:31.854+0300] {logging_mixin.py:150} INFO - [2023-07-30T18:37:31.854+0300] {dag.py:2742} INFO - Sync 1 DAGs
[2023-07-30T18:37:31.872+0300] {logging_mixin.py:150} INFO - [2023-07-30T18:37:31.872+0300] {dag.py:3504} INFO - Setting next_dagrun for example_complex to None, run_after=None
[2023-07-30T18:37:31.891+0300] {processor.py:179} INFO - Processing /Users/olgastash/neoflex_env_airflow/lib/python3.10/site-packages/airflow/example_dags/example_complex.py took 0.942 seconds
[2023-07-30T18:41:28.977+0300] {processor.py:157} INFO - Started process (PID=29462) to work on /Users/olgastash/neoflex_env_airflow/lib/python3.10/site-packages/airflow/example_dags/example_complex.py
[2023-07-30T18:41:28.978+0300] {processor.py:826} INFO - Processing file /Users/olgastash/neoflex_env_airflow/lib/python3.10/site-packages/airflow/example_dags/example_complex.py for tasks to queue
[2023-07-30T18:41:28.979+0300] {logging_mixin.py:150} INFO - [2023-07-30T18:41:28.979+0300] {dagbag.py:541} INFO - Filling up the DagBag from /Users/olgastash/neoflex_env_airflow/lib/python3.10/site-packages/airflow/example_dags/example_complex.py
[2023-07-30T18:41:29.009+0300] {processor.py:836} INFO - DAG(s) dict_keys(['example_complex']) retrieved from /Users/olgastash/neoflex_env_airflow/lib/python3.10/site-packages/airflow/example_dags/example_complex.py
[2023-07-30T18:41:29.908+0300] {logging_mixin.py:150} INFO - [2023-07-30T18:41:29.908+0300] {dag.py:2742} INFO - Sync 1 DAGs
[2023-07-30T18:41:29.927+0300] {logging_mixin.py:150} INFO - [2023-07-30T18:41:29.927+0300] {dag.py:3504} INFO - Setting next_dagrun for example_complex to None, run_after=None
[2023-07-30T18:41:29.946+0300] {processor.py:179} INFO - Processing /Users/olgastash/neoflex_env_airflow/lib/python3.10/site-packages/airflow/example_dags/example_complex.py took 0.969 seconds
[2023-07-30T18:45:21.472+0300] {processor.py:157} INFO - Started process (PID=29668) to work on /Users/olgastash/neoflex_env_airflow/lib/python3.10/site-packages/airflow/example_dags/example_complex.py
[2023-07-30T18:45:21.473+0300] {processor.py:826} INFO - Processing file /Users/olgastash/neoflex_env_airflow/lib/python3.10/site-packages/airflow/example_dags/example_complex.py for tasks to queue
[2023-07-30T18:45:21.474+0300] {logging_mixin.py:150} INFO - [2023-07-30T18:45:21.474+0300] {dagbag.py:541} INFO - Filling up the DagBag from /Users/olgastash/neoflex_env_airflow/lib/python3.10/site-packages/airflow/example_dags/example_complex.py
[2023-07-30T18:45:21.504+0300] {processor.py:836} INFO - DAG(s) dict_keys(['example_complex']) retrieved from /Users/olgastash/neoflex_env_airflow/lib/python3.10/site-packages/airflow/example_dags/example_complex.py
[2023-07-30T18:45:22.382+0300] {logging_mixin.py:150} INFO - [2023-07-30T18:45:22.382+0300] {dag.py:2742} INFO - Sync 1 DAGs
[2023-07-30T18:45:22.400+0300] {logging_mixin.py:150} INFO - [2023-07-30T18:45:22.400+0300] {dag.py:3504} INFO - Setting next_dagrun for example_complex to None, run_after=None
[2023-07-30T18:45:22.420+0300] {processor.py:179} INFO - Processing /Users/olgastash/neoflex_env_airflow/lib/python3.10/site-packages/airflow/example_dags/example_complex.py took 0.948 seconds
[2023-07-30T18:49:12.723+0300] {processor.py:157} INFO - Started process (PID=29894) to work on /Users/olgastash/neoflex_env_airflow/lib/python3.10/site-packages/airflow/example_dags/example_complex.py
[2023-07-30T18:49:12.724+0300] {processor.py:826} INFO - Processing file /Users/olgastash/neoflex_env_airflow/lib/python3.10/site-packages/airflow/example_dags/example_complex.py for tasks to queue
[2023-07-30T18:49:12.725+0300] {logging_mixin.py:150} INFO - [2023-07-30T18:49:12.724+0300] {dagbag.py:541} INFO - Filling up the DagBag from /Users/olgastash/neoflex_env_airflow/lib/python3.10/site-packages/airflow/example_dags/example_complex.py
[2023-07-30T18:49:12.757+0300] {processor.py:836} INFO - DAG(s) dict_keys(['example_complex']) retrieved from /Users/olgastash/neoflex_env_airflow/lib/python3.10/site-packages/airflow/example_dags/example_complex.py
[2023-07-30T18:49:13.671+0300] {logging_mixin.py:150} INFO - [2023-07-30T18:49:13.671+0300] {dag.py:2742} INFO - Sync 1 DAGs
[2023-07-30T18:49:13.690+0300] {logging_mixin.py:150} INFO - [2023-07-30T18:49:13.690+0300] {dag.py:3504} INFO - Setting next_dagrun for example_complex to None, run_after=None
[2023-07-30T18:49:13.709+0300] {processor.py:179} INFO - Processing /Users/olgastash/neoflex_env_airflow/lib/python3.10/site-packages/airflow/example_dags/example_complex.py took 0.987 seconds
[2023-07-30T18:53:06.057+0300] {processor.py:157} INFO - Started process (PID=30069) to work on /Users/olgastash/neoflex_env_airflow/lib/python3.10/site-packages/airflow/example_dags/example_complex.py
[2023-07-30T18:53:06.058+0300] {processor.py:826} INFO - Processing file /Users/olgastash/neoflex_env_airflow/lib/python3.10/site-packages/airflow/example_dags/example_complex.py for tasks to queue
[2023-07-30T18:53:06.059+0300] {logging_mixin.py:150} INFO - [2023-07-30T18:53:06.058+0300] {dagbag.py:541} INFO - Filling up the DagBag from /Users/olgastash/neoflex_env_airflow/lib/python3.10/site-packages/airflow/example_dags/example_complex.py
[2023-07-30T18:53:06.088+0300] {processor.py:836} INFO - DAG(s) dict_keys(['example_complex']) retrieved from /Users/olgastash/neoflex_env_airflow/lib/python3.10/site-packages/airflow/example_dags/example_complex.py
[2023-07-30T18:53:06.953+0300] {logging_mixin.py:150} INFO - [2023-07-30T18:53:06.952+0300] {dag.py:2742} INFO - Sync 1 DAGs
[2023-07-30T18:53:06.970+0300] {logging_mixin.py:150} INFO - [2023-07-30T18:53:06.970+0300] {dag.py:3504} INFO - Setting next_dagrun for example_complex to None, run_after=None
[2023-07-30T18:53:06.989+0300] {processor.py:179} INFO - Processing /Users/olgastash/neoflex_env_airflow/lib/python3.10/site-packages/airflow/example_dags/example_complex.py took 0.933 seconds
[2023-07-30T18:56:51.676+0300] {processor.py:157} INFO - Started process (PID=30258) to work on /Users/olgastash/neoflex_env_airflow/lib/python3.10/site-packages/airflow/example_dags/example_complex.py
[2023-07-30T18:56:51.677+0300] {processor.py:826} INFO - Processing file /Users/olgastash/neoflex_env_airflow/lib/python3.10/site-packages/airflow/example_dags/example_complex.py for tasks to queue
[2023-07-30T18:56:51.678+0300] {logging_mixin.py:150} INFO - [2023-07-30T18:56:51.677+0300] {dagbag.py:541} INFO - Filling up the DagBag from /Users/olgastash/neoflex_env_airflow/lib/python3.10/site-packages/airflow/example_dags/example_complex.py
[2023-07-30T18:56:51.708+0300] {processor.py:836} INFO - DAG(s) dict_keys(['example_complex']) retrieved from /Users/olgastash/neoflex_env_airflow/lib/python3.10/site-packages/airflow/example_dags/example_complex.py
[2023-07-30T18:56:52.595+0300] {logging_mixin.py:150} INFO - [2023-07-30T18:56:52.595+0300] {dag.py:2742} INFO - Sync 1 DAGs
[2023-07-30T18:56:52.613+0300] {logging_mixin.py:150} INFO - [2023-07-30T18:56:52.613+0300] {dag.py:3504} INFO - Setting next_dagrun for example_complex to None, run_after=None
[2023-07-30T18:56:52.632+0300] {processor.py:179} INFO - Processing /Users/olgastash/neoflex_env_airflow/lib/python3.10/site-packages/airflow/example_dags/example_complex.py took 0.957 seconds
[2023-07-30T19:00:51.419+0300] {processor.py:157} INFO - Started process (PID=30457) to work on /Users/olgastash/neoflex_env_airflow/lib/python3.10/site-packages/airflow/example_dags/example_complex.py
[2023-07-30T19:00:51.420+0300] {processor.py:826} INFO - Processing file /Users/olgastash/neoflex_env_airflow/lib/python3.10/site-packages/airflow/example_dags/example_complex.py for tasks to queue
[2023-07-30T19:00:51.421+0300] {logging_mixin.py:150} INFO - [2023-07-30T19:00:51.421+0300] {dagbag.py:541} INFO - Filling up the DagBag from /Users/olgastash/neoflex_env_airflow/lib/python3.10/site-packages/airflow/example_dags/example_complex.py
[2023-07-30T19:00:51.450+0300] {processor.py:836} INFO - DAG(s) dict_keys(['example_complex']) retrieved from /Users/olgastash/neoflex_env_airflow/lib/python3.10/site-packages/airflow/example_dags/example_complex.py
[2023-07-30T19:00:52.419+0300] {logging_mixin.py:150} INFO - [2023-07-30T19:00:52.418+0300] {dag.py:2742} INFO - Sync 1 DAGs
[2023-07-30T19:00:52.436+0300] {logging_mixin.py:150} INFO - [2023-07-30T19:00:52.436+0300] {dag.py:3504} INFO - Setting next_dagrun for example_complex to None, run_after=None
[2023-07-30T19:00:52.460+0300] {processor.py:179} INFO - Processing /Users/olgastash/neoflex_env_airflow/lib/python3.10/site-packages/airflow/example_dags/example_complex.py took 1.042 seconds
[2023-07-30T19:05:03.678+0300] {processor.py:157} INFO - Started process (PID=30622) to work on /Users/olgastash/neoflex_env_airflow/lib/python3.10/site-packages/airflow/example_dags/example_complex.py
[2023-07-30T19:05:03.679+0300] {processor.py:826} INFO - Processing file /Users/olgastash/neoflex_env_airflow/lib/python3.10/site-packages/airflow/example_dags/example_complex.py for tasks to queue
[2023-07-30T19:05:03.680+0300] {logging_mixin.py:150} INFO - [2023-07-30T19:05:03.679+0300] {dagbag.py:541} INFO - Filling up the DagBag from /Users/olgastash/neoflex_env_airflow/lib/python3.10/site-packages/airflow/example_dags/example_complex.py
[2023-07-30T19:05:03.709+0300] {processor.py:836} INFO - DAG(s) dict_keys(['example_complex']) retrieved from /Users/olgastash/neoflex_env_airflow/lib/python3.10/site-packages/airflow/example_dags/example_complex.py
[2023-07-30T19:05:04.694+0300] {logging_mixin.py:150} INFO - [2023-07-30T19:05:04.694+0300] {dag.py:2742} INFO - Sync 1 DAGs
[2023-07-30T19:05:04.712+0300] {logging_mixin.py:150} INFO - [2023-07-30T19:05:04.712+0300] {dag.py:3504} INFO - Setting next_dagrun for example_complex to None, run_after=None
[2023-07-30T19:05:04.734+0300] {processor.py:179} INFO - Processing /Users/olgastash/neoflex_env_airflow/lib/python3.10/site-packages/airflow/example_dags/example_complex.py took 1.057 seconds
[2023-07-30T19:08:54.645+0300] {processor.py:157} INFO - Started process (PID=30752) to work on /Users/olgastash/neoflex_env_airflow/lib/python3.10/site-packages/airflow/example_dags/example_complex.py
[2023-07-30T19:08:54.646+0300] {processor.py:826} INFO - Processing file /Users/olgastash/neoflex_env_airflow/lib/python3.10/site-packages/airflow/example_dags/example_complex.py for tasks to queue
[2023-07-30T19:08:54.646+0300] {logging_mixin.py:150} INFO - [2023-07-30T19:08:54.646+0300] {dagbag.py:541} INFO - Filling up the DagBag from /Users/olgastash/neoflex_env_airflow/lib/python3.10/site-packages/airflow/example_dags/example_complex.py
[2023-07-30T19:08:54.675+0300] {processor.py:836} INFO - DAG(s) dict_keys(['example_complex']) retrieved from /Users/olgastash/neoflex_env_airflow/lib/python3.10/site-packages/airflow/example_dags/example_complex.py
[2023-07-30T19:08:55.554+0300] {logging_mixin.py:150} INFO - [2023-07-30T19:08:55.554+0300] {dag.py:2742} INFO - Sync 1 DAGs
[2023-07-30T19:08:55.573+0300] {logging_mixin.py:150} INFO - [2023-07-30T19:08:55.573+0300] {dag.py:3504} INFO - Setting next_dagrun for example_complex to None, run_after=None
[2023-07-30T19:08:55.593+0300] {processor.py:179} INFO - Processing /Users/olgastash/neoflex_env_airflow/lib/python3.10/site-packages/airflow/example_dags/example_complex.py took 0.949 seconds
[2023-07-30T19:13:13.858+0300] {processor.py:157} INFO - Started process (PID=30915) to work on /Users/olgastash/neoflex_env_airflow/lib/python3.10/site-packages/airflow/example_dags/example_complex.py
[2023-07-30T19:13:13.859+0300] {processor.py:826} INFO - Processing file /Users/olgastash/neoflex_env_airflow/lib/python3.10/site-packages/airflow/example_dags/example_complex.py for tasks to queue
[2023-07-30T19:13:13.860+0300] {logging_mixin.py:150} INFO - [2023-07-30T19:13:13.859+0300] {dagbag.py:541} INFO - Filling up the DagBag from /Users/olgastash/neoflex_env_airflow/lib/python3.10/site-packages/airflow/example_dags/example_complex.py
[2023-07-30T19:13:13.890+0300] {processor.py:836} INFO - DAG(s) dict_keys(['example_complex']) retrieved from /Users/olgastash/neoflex_env_airflow/lib/python3.10/site-packages/airflow/example_dags/example_complex.py
[2023-07-30T19:13:14.867+0300] {logging_mixin.py:150} INFO - [2023-07-30T19:13:14.867+0300] {dag.py:2742} INFO - Sync 1 DAGs
[2023-07-30T19:13:14.885+0300] {logging_mixin.py:150} INFO - [2023-07-30T19:13:14.885+0300] {dag.py:3504} INFO - Setting next_dagrun for example_complex to None, run_after=None
[2023-07-30T19:13:14.908+0300] {processor.py:179} INFO - Processing /Users/olgastash/neoflex_env_airflow/lib/python3.10/site-packages/airflow/example_dags/example_complex.py took 1.051 seconds
[2023-07-30T19:17:14.852+0300] {processor.py:157} INFO - Started process (PID=31116) to work on /Users/olgastash/neoflex_env_airflow/lib/python3.10/site-packages/airflow/example_dags/example_complex.py
[2023-07-30T19:17:14.853+0300] {processor.py:826} INFO - Processing file /Users/olgastash/neoflex_env_airflow/lib/python3.10/site-packages/airflow/example_dags/example_complex.py for tasks to queue
[2023-07-30T19:17:14.853+0300] {logging_mixin.py:150} INFO - [2023-07-30T19:17:14.853+0300] {dagbag.py:541} INFO - Filling up the DagBag from /Users/olgastash/neoflex_env_airflow/lib/python3.10/site-packages/airflow/example_dags/example_complex.py
[2023-07-30T19:17:14.883+0300] {processor.py:836} INFO - DAG(s) dict_keys(['example_complex']) retrieved from /Users/olgastash/neoflex_env_airflow/lib/python3.10/site-packages/airflow/example_dags/example_complex.py
[2023-07-30T19:17:15.896+0300] {logging_mixin.py:150} INFO - [2023-07-30T19:17:15.896+0300] {dag.py:2742} INFO - Sync 1 DAGs
[2023-07-30T19:17:15.916+0300] {logging_mixin.py:150} INFO - [2023-07-30T19:17:15.915+0300] {dag.py:3504} INFO - Setting next_dagrun for example_complex to None, run_after=None
[2023-07-30T19:17:15.941+0300] {processor.py:179} INFO - Processing /Users/olgastash/neoflex_env_airflow/lib/python3.10/site-packages/airflow/example_dags/example_complex.py took 1.090 seconds
[2023-07-30T19:21:34.337+0300] {processor.py:157} INFO - Started process (PID=31273) to work on /Users/olgastash/neoflex_env_airflow/lib/python3.10/site-packages/airflow/example_dags/example_complex.py
[2023-07-30T19:21:34.338+0300] {processor.py:826} INFO - Processing file /Users/olgastash/neoflex_env_airflow/lib/python3.10/site-packages/airflow/example_dags/example_complex.py for tasks to queue
[2023-07-30T19:21:34.339+0300] {logging_mixin.py:150} INFO - [2023-07-30T19:21:34.339+0300] {dagbag.py:541} INFO - Filling up the DagBag from /Users/olgastash/neoflex_env_airflow/lib/python3.10/site-packages/airflow/example_dags/example_complex.py
[2023-07-30T19:21:34.372+0300] {processor.py:836} INFO - DAG(s) dict_keys(['example_complex']) retrieved from /Users/olgastash/neoflex_env_airflow/lib/python3.10/site-packages/airflow/example_dags/example_complex.py
[2023-07-30T19:21:35.398+0300] {logging_mixin.py:150} INFO - [2023-07-30T19:21:35.398+0300] {dag.py:2742} INFO - Sync 1 DAGs
[2023-07-30T19:21:35.416+0300] {logging_mixin.py:150} INFO - [2023-07-30T19:21:35.415+0300] {dag.py:3504} INFO - Setting next_dagrun for example_complex to None, run_after=None
[2023-07-30T19:21:35.438+0300] {processor.py:179} INFO - Processing /Users/olgastash/neoflex_env_airflow/lib/python3.10/site-packages/airflow/example_dags/example_complex.py took 1.101 seconds
[2023-07-30T19:25:36.935+0300] {processor.py:157} INFO - Started process (PID=31418) to work on /Users/olgastash/neoflex_env_airflow/lib/python3.10/site-packages/airflow/example_dags/example_complex.py
[2023-07-30T19:25:36.936+0300] {processor.py:826} INFO - Processing file /Users/olgastash/neoflex_env_airflow/lib/python3.10/site-packages/airflow/example_dags/example_complex.py for tasks to queue
[2023-07-30T19:25:36.937+0300] {logging_mixin.py:150} INFO - [2023-07-30T19:25:36.936+0300] {dagbag.py:541} INFO - Filling up the DagBag from /Users/olgastash/neoflex_env_airflow/lib/python3.10/site-packages/airflow/example_dags/example_complex.py
[2023-07-30T19:25:36.966+0300] {processor.py:836} INFO - DAG(s) dict_keys(['example_complex']) retrieved from /Users/olgastash/neoflex_env_airflow/lib/python3.10/site-packages/airflow/example_dags/example_complex.py
[2023-07-30T19:25:37.933+0300] {logging_mixin.py:150} INFO - [2023-07-30T19:25:37.932+0300] {dag.py:2742} INFO - Sync 1 DAGs
[2023-07-30T19:25:37.950+0300] {logging_mixin.py:150} INFO - [2023-07-30T19:25:37.950+0300] {dag.py:3504} INFO - Setting next_dagrun for example_complex to None, run_after=None
[2023-07-30T19:25:37.971+0300] {processor.py:179} INFO - Processing /Users/olgastash/neoflex_env_airflow/lib/python3.10/site-packages/airflow/example_dags/example_complex.py took 1.037 seconds
[2023-07-30T19:58:58.005+0300] {processor.py:157} INFO - Started process (PID=31586) to work on /Users/olgastash/neoflex_env_airflow/lib/python3.10/site-packages/airflow/example_dags/example_complex.py
[2023-07-30T19:58:58.006+0300] {processor.py:826} INFO - Processing file /Users/olgastash/neoflex_env_airflow/lib/python3.10/site-packages/airflow/example_dags/example_complex.py for tasks to queue
[2023-07-30T19:58:58.007+0300] {logging_mixin.py:150} INFO - [2023-07-30T19:58:58.007+0300] {dagbag.py:541} INFO - Filling up the DagBag from /Users/olgastash/neoflex_env_airflow/lib/python3.10/site-packages/airflow/example_dags/example_complex.py
[2023-07-30T19:58:58.038+0300] {processor.py:836} INFO - DAG(s) dict_keys(['example_complex']) retrieved from /Users/olgastash/neoflex_env_airflow/lib/python3.10/site-packages/airflow/example_dags/example_complex.py
[2023-07-30T19:58:59.068+0300] {logging_mixin.py:150} INFO - [2023-07-30T19:58:59.068+0300] {dag.py:2742} INFO - Sync 1 DAGs
[2023-07-30T19:58:59.089+0300] {logging_mixin.py:150} INFO - [2023-07-30T19:58:59.089+0300] {dag.py:3504} INFO - Setting next_dagrun for example_complex to None, run_after=None
[2023-07-30T19:58:59.113+0300] {processor.py:179} INFO - Processing /Users/olgastash/neoflex_env_airflow/lib/python3.10/site-packages/airflow/example_dags/example_complex.py took 1.108 seconds
[2023-07-30T20:12:18.269+0300] {processor.py:157} INFO - Started process (PID=31785) to work on /Users/olgastash/neoflex_env_airflow/lib/python3.10/site-packages/airflow/example_dags/example_complex.py
[2023-07-30T20:12:18.270+0300] {processor.py:826} INFO - Processing file /Users/olgastash/neoflex_env_airflow/lib/python3.10/site-packages/airflow/example_dags/example_complex.py for tasks to queue
[2023-07-30T20:12:18.271+0300] {logging_mixin.py:150} INFO - [2023-07-30T20:12:18.271+0300] {dagbag.py:541} INFO - Filling up the DagBag from /Users/olgastash/neoflex_env_airflow/lib/python3.10/site-packages/airflow/example_dags/example_complex.py
[2023-07-30T20:12:18.300+0300] {processor.py:836} INFO - DAG(s) dict_keys(['example_complex']) retrieved from /Users/olgastash/neoflex_env_airflow/lib/python3.10/site-packages/airflow/example_dags/example_complex.py
[2023-07-30T20:12:19.321+0300] {logging_mixin.py:150} INFO - [2023-07-30T20:12:19.320+0300] {dag.py:2742} INFO - Sync 1 DAGs
[2023-07-30T20:12:19.342+0300] {logging_mixin.py:150} INFO - [2023-07-30T20:12:19.342+0300] {dag.py:3504} INFO - Setting next_dagrun for example_complex to None, run_after=None
[2023-07-30T20:12:19.369+0300] {processor.py:179} INFO - Processing /Users/olgastash/neoflex_env_airflow/lib/python3.10/site-packages/airflow/example_dags/example_complex.py took 1.101 seconds
[2023-07-30T20:16:38.217+0300] {processor.py:157} INFO - Started process (PID=32010) to work on /Users/olgastash/neoflex_env_airflow/lib/python3.10/site-packages/airflow/example_dags/example_complex.py
[2023-07-30T20:16:38.218+0300] {processor.py:826} INFO - Processing file /Users/olgastash/neoflex_env_airflow/lib/python3.10/site-packages/airflow/example_dags/example_complex.py for tasks to queue
[2023-07-30T20:16:38.218+0300] {logging_mixin.py:150} INFO - [2023-07-30T20:16:38.218+0300] {dagbag.py:541} INFO - Filling up the DagBag from /Users/olgastash/neoflex_env_airflow/lib/python3.10/site-packages/airflow/example_dags/example_complex.py
[2023-07-30T20:16:38.249+0300] {processor.py:836} INFO - DAG(s) dict_keys(['example_complex']) retrieved from /Users/olgastash/neoflex_env_airflow/lib/python3.10/site-packages/airflow/example_dags/example_complex.py
[2023-07-30T20:16:39.281+0300] {logging_mixin.py:150} INFO - [2023-07-30T20:16:39.281+0300] {dag.py:2742} INFO - Sync 1 DAGs
[2023-07-30T20:16:39.299+0300] {logging_mixin.py:150} INFO - [2023-07-30T20:16:39.299+0300] {dag.py:3504} INFO - Setting next_dagrun for example_complex to None, run_after=None
[2023-07-30T20:16:39.321+0300] {processor.py:179} INFO - Processing /Users/olgastash/neoflex_env_airflow/lib/python3.10/site-packages/airflow/example_dags/example_complex.py took 1.105 seconds
[2023-07-30T20:21:15.022+0300] {processor.py:157} INFO - Started process (PID=32232) to work on /Users/olgastash/neoflex_env_airflow/lib/python3.10/site-packages/airflow/example_dags/example_complex.py
[2023-07-30T20:21:15.024+0300] {processor.py:826} INFO - Processing file /Users/olgastash/neoflex_env_airflow/lib/python3.10/site-packages/airflow/example_dags/example_complex.py for tasks to queue
[2023-07-30T20:21:15.024+0300] {logging_mixin.py:150} INFO - [2023-07-30T20:21:15.024+0300] {dagbag.py:541} INFO - Filling up the DagBag from /Users/olgastash/neoflex_env_airflow/lib/python3.10/site-packages/airflow/example_dags/example_complex.py
[2023-07-30T20:21:15.053+0300] {processor.py:836} INFO - DAG(s) dict_keys(['example_complex']) retrieved from /Users/olgastash/neoflex_env_airflow/lib/python3.10/site-packages/airflow/example_dags/example_complex.py
[2023-07-30T20:21:16.047+0300] {logging_mixin.py:150} INFO - [2023-07-30T20:21:16.046+0300] {dag.py:2742} INFO - Sync 1 DAGs
[2023-07-30T20:21:16.064+0300] {logging_mixin.py:150} INFO - [2023-07-30T20:21:16.064+0300] {dag.py:3504} INFO - Setting next_dagrun for example_complex to None, run_after=None
[2023-07-30T20:21:16.086+0300] {processor.py:179} INFO - Processing /Users/olgastash/neoflex_env_airflow/lib/python3.10/site-packages/airflow/example_dags/example_complex.py took 1.064 seconds
[2023-07-30T20:25:36.588+0300] {processor.py:157} INFO - Started process (PID=32523) to work on /Users/olgastash/neoflex_env_airflow/lib/python3.10/site-packages/airflow/example_dags/example_complex.py
[2023-07-30T20:25:36.589+0300] {processor.py:826} INFO - Processing file /Users/olgastash/neoflex_env_airflow/lib/python3.10/site-packages/airflow/example_dags/example_complex.py for tasks to queue
[2023-07-30T20:25:36.589+0300] {logging_mixin.py:150} INFO - [2023-07-30T20:25:36.589+0300] {dagbag.py:541} INFO - Filling up the DagBag from /Users/olgastash/neoflex_env_airflow/lib/python3.10/site-packages/airflow/example_dags/example_complex.py
[2023-07-30T20:25:36.618+0300] {processor.py:836} INFO - DAG(s) dict_keys(['example_complex']) retrieved from /Users/olgastash/neoflex_env_airflow/lib/python3.10/site-packages/airflow/example_dags/example_complex.py
[2023-07-30T20:25:37.642+0300] {logging_mixin.py:150} INFO - [2023-07-30T20:25:37.642+0300] {dag.py:2742} INFO - Sync 1 DAGs
[2023-07-30T20:25:37.662+0300] {logging_mixin.py:150} INFO - [2023-07-30T20:25:37.662+0300] {dag.py:3504} INFO - Setting next_dagrun for example_complex to None, run_after=None
[2023-07-30T20:25:37.683+0300] {processor.py:179} INFO - Processing /Users/olgastash/neoflex_env_airflow/lib/python3.10/site-packages/airflow/example_dags/example_complex.py took 1.096 seconds
[2023-07-30T20:29:50.777+0300] {processor.py:157} INFO - Started process (PID=32699) to work on /Users/olgastash/neoflex_env_airflow/lib/python3.10/site-packages/airflow/example_dags/example_complex.py
[2023-07-30T20:29:50.778+0300] {processor.py:826} INFO - Processing file /Users/olgastash/neoflex_env_airflow/lib/python3.10/site-packages/airflow/example_dags/example_complex.py for tasks to queue
[2023-07-30T20:29:50.779+0300] {logging_mixin.py:150} INFO - [2023-07-30T20:29:50.779+0300] {dagbag.py:541} INFO - Filling up the DagBag from /Users/olgastash/neoflex_env_airflow/lib/python3.10/site-packages/airflow/example_dags/example_complex.py
[2023-07-30T20:29:50.811+0300] {processor.py:836} INFO - DAG(s) dict_keys(['example_complex']) retrieved from /Users/olgastash/neoflex_env_airflow/lib/python3.10/site-packages/airflow/example_dags/example_complex.py
[2023-07-30T20:29:51.876+0300] {logging_mixin.py:150} INFO - [2023-07-30T20:29:51.876+0300] {dag.py:2742} INFO - Sync 1 DAGs
[2023-07-30T20:29:51.897+0300] {logging_mixin.py:150} INFO - [2023-07-30T20:29:51.897+0300] {dag.py:3504} INFO - Setting next_dagrun for example_complex to None, run_after=None
[2023-07-30T20:29:51.919+0300] {processor.py:179} INFO - Processing /Users/olgastash/neoflex_env_airflow/lib/python3.10/site-packages/airflow/example_dags/example_complex.py took 1.143 seconds
[2023-07-30T20:34:12.940+0300] {processor.py:157} INFO - Started process (PID=32957) to work on /Users/olgastash/neoflex_env_airflow/lib/python3.10/site-packages/airflow/example_dags/example_complex.py
[2023-07-30T20:34:12.941+0300] {processor.py:826} INFO - Processing file /Users/olgastash/neoflex_env_airflow/lib/python3.10/site-packages/airflow/example_dags/example_complex.py for tasks to queue
[2023-07-30T20:34:12.941+0300] {logging_mixin.py:150} INFO - [2023-07-30T20:34:12.941+0300] {dagbag.py:541} INFO - Filling up the DagBag from /Users/olgastash/neoflex_env_airflow/lib/python3.10/site-packages/airflow/example_dags/example_complex.py
[2023-07-30T20:34:12.971+0300] {processor.py:836} INFO - DAG(s) dict_keys(['example_complex']) retrieved from /Users/olgastash/neoflex_env_airflow/lib/python3.10/site-packages/airflow/example_dags/example_complex.py
[2023-07-30T20:34:13.855+0300] {logging_mixin.py:150} INFO - [2023-07-30T20:34:13.855+0300] {dag.py:2742} INFO - Sync 1 DAGs
[2023-07-30T20:34:13.873+0300] {logging_mixin.py:150} INFO - [2023-07-30T20:34:13.873+0300] {dag.py:3504} INFO - Setting next_dagrun for example_complex to None, run_after=None
[2023-07-30T20:34:13.892+0300] {processor.py:179} INFO - Processing /Users/olgastash/neoflex_env_airflow/lib/python3.10/site-packages/airflow/example_dags/example_complex.py took 0.953 seconds
[2023-07-30T20:38:28.594+0300] {processor.py:157} INFO - Started process (PID=33218) to work on /Users/olgastash/neoflex_env_airflow/lib/python3.10/site-packages/airflow/example_dags/example_complex.py
[2023-07-30T20:38:28.595+0300] {processor.py:826} INFO - Processing file /Users/olgastash/neoflex_env_airflow/lib/python3.10/site-packages/airflow/example_dags/example_complex.py for tasks to queue
[2023-07-30T20:38:28.595+0300] {logging_mixin.py:150} INFO - [2023-07-30T20:38:28.595+0300] {dagbag.py:541} INFO - Filling up the DagBag from /Users/olgastash/neoflex_env_airflow/lib/python3.10/site-packages/airflow/example_dags/example_complex.py
[2023-07-30T20:38:28.625+0300] {processor.py:836} INFO - DAG(s) dict_keys(['example_complex']) retrieved from /Users/olgastash/neoflex_env_airflow/lib/python3.10/site-packages/airflow/example_dags/example_complex.py
[2023-07-30T20:38:29.643+0300] {logging_mixin.py:150} INFO - [2023-07-30T20:38:29.642+0300] {dag.py:2742} INFO - Sync 1 DAGs
[2023-07-30T20:38:29.662+0300] {logging_mixin.py:150} INFO - [2023-07-30T20:38:29.662+0300] {dag.py:3504} INFO - Setting next_dagrun for example_complex to None, run_after=None
[2023-07-30T20:38:29.683+0300] {processor.py:179} INFO - Processing /Users/olgastash/neoflex_env_airflow/lib/python3.10/site-packages/airflow/example_dags/example_complex.py took 1.090 seconds
[2023-07-30T20:42:47.846+0300] {processor.py:157} INFO - Started process (PID=33453) to work on /Users/olgastash/neoflex_env_airflow/lib/python3.10/site-packages/airflow/example_dags/example_complex.py
[2023-07-30T20:42:47.847+0300] {processor.py:826} INFO - Processing file /Users/olgastash/neoflex_env_airflow/lib/python3.10/site-packages/airflow/example_dags/example_complex.py for tasks to queue
[2023-07-30T20:42:47.847+0300] {logging_mixin.py:150} INFO - [2023-07-30T20:42:47.847+0300] {dagbag.py:541} INFO - Filling up the DagBag from /Users/olgastash/neoflex_env_airflow/lib/python3.10/site-packages/airflow/example_dags/example_complex.py
[2023-07-30T20:42:47.877+0300] {processor.py:836} INFO - DAG(s) dict_keys(['example_complex']) retrieved from /Users/olgastash/neoflex_env_airflow/lib/python3.10/site-packages/airflow/example_dags/example_complex.py
[2023-07-30T20:42:48.883+0300] {logging_mixin.py:150} INFO - [2023-07-30T20:42:48.883+0300] {dag.py:2742} INFO - Sync 1 DAGs
[2023-07-30T20:42:48.902+0300] {logging_mixin.py:150} INFO - [2023-07-30T20:42:48.902+0300] {dag.py:3504} INFO - Setting next_dagrun for example_complex to None, run_after=None
[2023-07-30T20:42:48.923+0300] {processor.py:179} INFO - Processing /Users/olgastash/neoflex_env_airflow/lib/python3.10/site-packages/airflow/example_dags/example_complex.py took 1.078 seconds
[2023-07-30T20:47:05.243+0300] {processor.py:157} INFO - Started process (PID=33710) to work on /Users/olgastash/neoflex_env_airflow/lib/python3.10/site-packages/airflow/example_dags/example_complex.py
[2023-07-30T20:47:05.244+0300] {processor.py:826} INFO - Processing file /Users/olgastash/neoflex_env_airflow/lib/python3.10/site-packages/airflow/example_dags/example_complex.py for tasks to queue
[2023-07-30T20:47:05.245+0300] {logging_mixin.py:150} INFO - [2023-07-30T20:47:05.244+0300] {dagbag.py:541} INFO - Filling up the DagBag from /Users/olgastash/neoflex_env_airflow/lib/python3.10/site-packages/airflow/example_dags/example_complex.py
[2023-07-30T20:47:05.274+0300] {processor.py:836} INFO - DAG(s) dict_keys(['example_complex']) retrieved from /Users/olgastash/neoflex_env_airflow/lib/python3.10/site-packages/airflow/example_dags/example_complex.py
[2023-07-30T20:47:06.272+0300] {logging_mixin.py:150} INFO - [2023-07-30T20:47:06.272+0300] {dag.py:2742} INFO - Sync 1 DAGs
[2023-07-30T20:47:06.292+0300] {logging_mixin.py:150} INFO - [2023-07-30T20:47:06.291+0300] {dag.py:3504} INFO - Setting next_dagrun for example_complex to None, run_after=None
[2023-07-30T20:47:06.313+0300] {processor.py:179} INFO - Processing /Users/olgastash/neoflex_env_airflow/lib/python3.10/site-packages/airflow/example_dags/example_complex.py took 1.071 seconds
[2023-07-30T20:51:26.893+0300] {processor.py:157} INFO - Started process (PID=33937) to work on /Users/olgastash/neoflex_env_airflow/lib/python3.10/site-packages/airflow/example_dags/example_complex.py
[2023-07-30T20:51:26.894+0300] {processor.py:826} INFO - Processing file /Users/olgastash/neoflex_env_airflow/lib/python3.10/site-packages/airflow/example_dags/example_complex.py for tasks to queue
[2023-07-30T20:51:26.894+0300] {logging_mixin.py:150} INFO - [2023-07-30T20:51:26.894+0300] {dagbag.py:541} INFO - Filling up the DagBag from /Users/olgastash/neoflex_env_airflow/lib/python3.10/site-packages/airflow/example_dags/example_complex.py
[2023-07-30T20:51:26.924+0300] {processor.py:836} INFO - DAG(s) dict_keys(['example_complex']) retrieved from /Users/olgastash/neoflex_env_airflow/lib/python3.10/site-packages/airflow/example_dags/example_complex.py
[2023-07-30T20:51:27.920+0300] {logging_mixin.py:150} INFO - [2023-07-30T20:51:27.920+0300] {dag.py:2742} INFO - Sync 1 DAGs
[2023-07-30T20:51:27.940+0300] {logging_mixin.py:150} INFO - [2023-07-30T20:51:27.940+0300] {dag.py:3504} INFO - Setting next_dagrun for example_complex to None, run_after=None
[2023-07-30T20:51:27.961+0300] {processor.py:179} INFO - Processing /Users/olgastash/neoflex_env_airflow/lib/python3.10/site-packages/airflow/example_dags/example_complex.py took 1.069 seconds
[2023-07-30T20:55:56.957+0300] {processor.py:157} INFO - Started process (PID=34158) to work on /Users/olgastash/neoflex_env_airflow/lib/python3.10/site-packages/airflow/example_dags/example_complex.py
[2023-07-30T20:55:56.958+0300] {processor.py:826} INFO - Processing file /Users/olgastash/neoflex_env_airflow/lib/python3.10/site-packages/airflow/example_dags/example_complex.py for tasks to queue
[2023-07-30T20:55:56.959+0300] {logging_mixin.py:150} INFO - [2023-07-30T20:55:56.959+0300] {dagbag.py:541} INFO - Filling up the DagBag from /Users/olgastash/neoflex_env_airflow/lib/python3.10/site-packages/airflow/example_dags/example_complex.py
[2023-07-30T20:55:56.989+0300] {processor.py:836} INFO - DAG(s) dict_keys(['example_complex']) retrieved from /Users/olgastash/neoflex_env_airflow/lib/python3.10/site-packages/airflow/example_dags/example_complex.py
[2023-07-30T20:55:57.996+0300] {logging_mixin.py:150} INFO - [2023-07-30T20:55:57.995+0300] {dag.py:2742} INFO - Sync 1 DAGs
[2023-07-30T20:55:58.015+0300] {logging_mixin.py:150} INFO - [2023-07-30T20:55:58.015+0300] {dag.py:3504} INFO - Setting next_dagrun for example_complex to None, run_after=None
[2023-07-30T20:55:58.036+0300] {processor.py:179} INFO - Processing /Users/olgastash/neoflex_env_airflow/lib/python3.10/site-packages/airflow/example_dags/example_complex.py took 1.080 seconds
[2023-07-30T21:00:23.848+0300] {processor.py:157} INFO - Started process (PID=34353) to work on /Users/olgastash/neoflex_env_airflow/lib/python3.10/site-packages/airflow/example_dags/example_complex.py
[2023-07-30T21:00:23.850+0300] {processor.py:826} INFO - Processing file /Users/olgastash/neoflex_env_airflow/lib/python3.10/site-packages/airflow/example_dags/example_complex.py for tasks to queue
[2023-07-30T21:00:23.850+0300] {logging_mixin.py:150} INFO - [2023-07-30T21:00:23.850+0300] {dagbag.py:541} INFO - Filling up the DagBag from /Users/olgastash/neoflex_env_airflow/lib/python3.10/site-packages/airflow/example_dags/example_complex.py
[2023-07-30T21:00:23.880+0300] {processor.py:836} INFO - DAG(s) dict_keys(['example_complex']) retrieved from /Users/olgastash/neoflex_env_airflow/lib/python3.10/site-packages/airflow/example_dags/example_complex.py
[2023-07-30T21:00:24.910+0300] {logging_mixin.py:150} INFO - [2023-07-30T21:00:24.910+0300] {dag.py:2742} INFO - Sync 1 DAGs
[2023-07-30T21:00:24.930+0300] {logging_mixin.py:150} INFO - [2023-07-30T21:00:24.929+0300] {dag.py:3504} INFO - Setting next_dagrun for example_complex to None, run_after=None
[2023-07-30T21:00:24.950+0300] {processor.py:179} INFO - Processing /Users/olgastash/neoflex_env_airflow/lib/python3.10/site-packages/airflow/example_dags/example_complex.py took 1.103 seconds
[2023-07-30T21:04:51.898+0300] {processor.py:157} INFO - Started process (PID=34520) to work on /Users/olgastash/neoflex_env_airflow/lib/python3.10/site-packages/airflow/example_dags/example_complex.py
[2023-07-30T21:04:51.900+0300] {processor.py:826} INFO - Processing file /Users/olgastash/neoflex_env_airflow/lib/python3.10/site-packages/airflow/example_dags/example_complex.py for tasks to queue
[2023-07-30T21:04:51.901+0300] {logging_mixin.py:150} INFO - [2023-07-30T21:04:51.901+0300] {dagbag.py:541} INFO - Filling up the DagBag from /Users/olgastash/neoflex_env_airflow/lib/python3.10/site-packages/airflow/example_dags/example_complex.py
[2023-07-30T21:04:51.941+0300] {processor.py:836} INFO - DAG(s) dict_keys(['example_complex']) retrieved from /Users/olgastash/neoflex_env_airflow/lib/python3.10/site-packages/airflow/example_dags/example_complex.py
[2023-07-30T21:04:53.468+0300] {logging_mixin.py:150} INFO - [2023-07-30T21:04:53.468+0300] {dag.py:2742} INFO - Sync 1 DAGs
[2023-07-30T21:04:53.491+0300] {logging_mixin.py:150} INFO - [2023-07-30T21:04:53.491+0300] {dag.py:3504} INFO - Setting next_dagrun for example_complex to None, run_after=None
[2023-07-30T21:04:53.522+0300] {processor.py:179} INFO - Processing /Users/olgastash/neoflex_env_airflow/lib/python3.10/site-packages/airflow/example_dags/example_complex.py took 1.625 seconds
[2023-07-30T21:09:27.403+0300] {processor.py:157} INFO - Started process (PID=34724) to work on /Users/olgastash/neoflex_env_airflow/lib/python3.10/site-packages/airflow/example_dags/example_complex.py
[2023-07-30T21:09:27.405+0300] {processor.py:826} INFO - Processing file /Users/olgastash/neoflex_env_airflow/lib/python3.10/site-packages/airflow/example_dags/example_complex.py for tasks to queue
[2023-07-30T21:09:27.405+0300] {logging_mixin.py:150} INFO - [2023-07-30T21:09:27.405+0300] {dagbag.py:541} INFO - Filling up the DagBag from /Users/olgastash/neoflex_env_airflow/lib/python3.10/site-packages/airflow/example_dags/example_complex.py
[2023-07-30T21:09:27.435+0300] {processor.py:836} INFO - DAG(s) dict_keys(['example_complex']) retrieved from /Users/olgastash/neoflex_env_airflow/lib/python3.10/site-packages/airflow/example_dags/example_complex.py
[2023-07-30T21:09:28.354+0300] {logging_mixin.py:150} INFO - [2023-07-30T21:09:28.354+0300] {dag.py:2742} INFO - Sync 1 DAGs
[2023-07-30T21:09:28.373+0300] {logging_mixin.py:150} INFO - [2023-07-30T21:09:28.373+0300] {dag.py:3504} INFO - Setting next_dagrun for example_complex to None, run_after=None
[2023-07-30T21:09:28.393+0300] {processor.py:179} INFO - Processing /Users/olgastash/neoflex_env_airflow/lib/python3.10/site-packages/airflow/example_dags/example_complex.py took 0.990 seconds
[2023-07-30T21:13:59.855+0300] {processor.py:157} INFO - Started process (PID=34977) to work on /Users/olgastash/neoflex_env_airflow/lib/python3.10/site-packages/airflow/example_dags/example_complex.py
[2023-07-30T21:13:59.857+0300] {processor.py:826} INFO - Processing file /Users/olgastash/neoflex_env_airflow/lib/python3.10/site-packages/airflow/example_dags/example_complex.py for tasks to queue
[2023-07-30T21:13:59.857+0300] {logging_mixin.py:150} INFO - [2023-07-30T21:13:59.857+0300] {dagbag.py:541} INFO - Filling up the DagBag from /Users/olgastash/neoflex_env_airflow/lib/python3.10/site-packages/airflow/example_dags/example_complex.py
[2023-07-30T21:13:59.894+0300] {processor.py:836} INFO - DAG(s) dict_keys(['example_complex']) retrieved from /Users/olgastash/neoflex_env_airflow/lib/python3.10/site-packages/airflow/example_dags/example_complex.py
[2023-07-30T21:14:01.108+0300] {logging_mixin.py:150} INFO - [2023-07-30T21:14:01.108+0300] {dag.py:2742} INFO - Sync 1 DAGs
[2023-07-30T21:14:01.133+0300] {logging_mixin.py:150} INFO - [2023-07-30T21:14:01.133+0300] {dag.py:3504} INFO - Setting next_dagrun for example_complex to None, run_after=None
[2023-07-30T21:14:01.161+0300] {processor.py:179} INFO - Processing /Users/olgastash/neoflex_env_airflow/lib/python3.10/site-packages/airflow/example_dags/example_complex.py took 1.307 seconds
[2023-07-30T21:18:38.975+0300] {processor.py:157} INFO - Started process (PID=35156) to work on /Users/olgastash/neoflex_env_airflow/lib/python3.10/site-packages/airflow/example_dags/example_complex.py
[2023-07-30T21:18:38.976+0300] {processor.py:826} INFO - Processing file /Users/olgastash/neoflex_env_airflow/lib/python3.10/site-packages/airflow/example_dags/example_complex.py for tasks to queue
[2023-07-30T21:18:38.976+0300] {logging_mixin.py:150} INFO - [2023-07-30T21:18:38.976+0300] {dagbag.py:541} INFO - Filling up the DagBag from /Users/olgastash/neoflex_env_airflow/lib/python3.10/site-packages/airflow/example_dags/example_complex.py
[2023-07-30T21:18:39.006+0300] {processor.py:836} INFO - DAG(s) dict_keys(['example_complex']) retrieved from /Users/olgastash/neoflex_env_airflow/lib/python3.10/site-packages/airflow/example_dags/example_complex.py
[2023-07-30T21:18:40.025+0300] {logging_mixin.py:150} INFO - [2023-07-30T21:18:40.024+0300] {dag.py:2742} INFO - Sync 1 DAGs
[2023-07-30T21:18:40.061+0300] {logging_mixin.py:150} INFO - [2023-07-30T21:18:40.060+0300] {dag.py:3504} INFO - Setting next_dagrun for example_complex to None, run_after=None
[2023-07-30T21:18:40.257+0300] {processor.py:179} INFO - Processing /Users/olgastash/neoflex_env_airflow/lib/python3.10/site-packages/airflow/example_dags/example_complex.py took 1.283 seconds
[2023-07-30T21:22:58.326+0300] {processor.py:157} INFO - Started process (PID=35328) to work on /Users/olgastash/neoflex_env_airflow/lib/python3.10/site-packages/airflow/example_dags/example_complex.py
[2023-07-30T21:22:58.328+0300] {processor.py:826} INFO - Processing file /Users/olgastash/neoflex_env_airflow/lib/python3.10/site-packages/airflow/example_dags/example_complex.py for tasks to queue
[2023-07-30T21:22:58.328+0300] {logging_mixin.py:150} INFO - [2023-07-30T21:22:58.328+0300] {dagbag.py:541} INFO - Filling up the DagBag from /Users/olgastash/neoflex_env_airflow/lib/python3.10/site-packages/airflow/example_dags/example_complex.py
[2023-07-30T21:22:58.360+0300] {processor.py:836} INFO - DAG(s) dict_keys(['example_complex']) retrieved from /Users/olgastash/neoflex_env_airflow/lib/python3.10/site-packages/airflow/example_dags/example_complex.py
[2023-07-30T21:22:59.415+0300] {logging_mixin.py:150} INFO - [2023-07-30T21:22:59.415+0300] {dag.py:2742} INFO - Sync 1 DAGs
[2023-07-30T21:22:59.438+0300] {logging_mixin.py:150} INFO - [2023-07-30T21:22:59.437+0300] {dag.py:3504} INFO - Setting next_dagrun for example_complex to None, run_after=None
[2023-07-30T21:22:59.461+0300] {processor.py:179} INFO - Processing /Users/olgastash/neoflex_env_airflow/lib/python3.10/site-packages/airflow/example_dags/example_complex.py took 1.136 seconds
[2023-07-30T21:27:16.789+0300] {processor.py:157} INFO - Started process (PID=35540) to work on /Users/olgastash/neoflex_env_airflow/lib/python3.10/site-packages/airflow/example_dags/example_complex.py
[2023-07-30T21:27:16.791+0300] {processor.py:826} INFO - Processing file /Users/olgastash/neoflex_env_airflow/lib/python3.10/site-packages/airflow/example_dags/example_complex.py for tasks to queue
[2023-07-30T21:27:16.792+0300] {logging_mixin.py:150} INFO - [2023-07-30T21:27:16.791+0300] {dagbag.py:541} INFO - Filling up the DagBag from /Users/olgastash/neoflex_env_airflow/lib/python3.10/site-packages/airflow/example_dags/example_complex.py
[2023-07-30T21:27:16.882+0300] {processor.py:836} INFO - DAG(s) dict_keys(['example_complex']) retrieved from /Users/olgastash/neoflex_env_airflow/lib/python3.10/site-packages/airflow/example_dags/example_complex.py
[2023-07-30T21:27:18.204+0300] {logging_mixin.py:150} INFO - [2023-07-30T21:27:18.203+0300] {dag.py:2742} INFO - Sync 1 DAGs
[2023-07-30T21:27:18.227+0300] {logging_mixin.py:150} INFO - [2023-07-30T21:27:18.227+0300] {dag.py:3504} INFO - Setting next_dagrun for example_complex to None, run_after=None
[2023-07-30T21:27:18.257+0300] {processor.py:179} INFO - Processing /Users/olgastash/neoflex_env_airflow/lib/python3.10/site-packages/airflow/example_dags/example_complex.py took 1.469 seconds
[2023-07-30T21:31:34.130+0300] {processor.py:157} INFO - Started process (PID=35716) to work on /Users/olgastash/neoflex_env_airflow/lib/python3.10/site-packages/airflow/example_dags/example_complex.py
[2023-07-30T21:31:34.131+0300] {processor.py:826} INFO - Processing file /Users/olgastash/neoflex_env_airflow/lib/python3.10/site-packages/airflow/example_dags/example_complex.py for tasks to queue
[2023-07-30T21:31:34.132+0300] {logging_mixin.py:150} INFO - [2023-07-30T21:31:34.132+0300] {dagbag.py:541} INFO - Filling up the DagBag from /Users/olgastash/neoflex_env_airflow/lib/python3.10/site-packages/airflow/example_dags/example_complex.py
[2023-07-30T21:31:34.161+0300] {processor.py:836} INFO - DAG(s) dict_keys(['example_complex']) retrieved from /Users/olgastash/neoflex_env_airflow/lib/python3.10/site-packages/airflow/example_dags/example_complex.py
[2023-07-30T21:31:35.130+0300] {logging_mixin.py:150} INFO - [2023-07-30T21:31:35.130+0300] {dag.py:2742} INFO - Sync 1 DAGs
[2023-07-30T21:31:35.149+0300] {logging_mixin.py:150} INFO - [2023-07-30T21:31:35.149+0300] {dag.py:3504} INFO - Setting next_dagrun for example_complex to None, run_after=None
[2023-07-30T21:31:35.171+0300] {processor.py:179} INFO - Processing /Users/olgastash/neoflex_env_airflow/lib/python3.10/site-packages/airflow/example_dags/example_complex.py took 1.041 seconds
[2023-07-30T21:35:51.254+0300] {processor.py:157} INFO - Started process (PID=35912) to work on /Users/olgastash/neoflex_env_airflow/lib/python3.10/site-packages/airflow/example_dags/example_complex.py
[2023-07-30T21:35:51.255+0300] {processor.py:826} INFO - Processing file /Users/olgastash/neoflex_env_airflow/lib/python3.10/site-packages/airflow/example_dags/example_complex.py for tasks to queue
[2023-07-30T21:35:51.256+0300] {logging_mixin.py:150} INFO - [2023-07-30T21:35:51.256+0300] {dagbag.py:541} INFO - Filling up the DagBag from /Users/olgastash/neoflex_env_airflow/lib/python3.10/site-packages/airflow/example_dags/example_complex.py
[2023-07-30T21:35:51.287+0300] {processor.py:836} INFO - DAG(s) dict_keys(['example_complex']) retrieved from /Users/olgastash/neoflex_env_airflow/lib/python3.10/site-packages/airflow/example_dags/example_complex.py
[2023-07-30T21:35:52.298+0300] {logging_mixin.py:150} INFO - [2023-07-30T21:35:52.298+0300] {dag.py:2742} INFO - Sync 1 DAGs
[2023-07-30T21:35:52.318+0300] {logging_mixin.py:150} INFO - [2023-07-30T21:35:52.318+0300] {dag.py:3504} INFO - Setting next_dagrun for example_complex to None, run_after=None
[2023-07-30T21:35:52.340+0300] {processor.py:179} INFO - Processing /Users/olgastash/neoflex_env_airflow/lib/python3.10/site-packages/airflow/example_dags/example_complex.py took 1.086 seconds
[2023-07-30T21:40:11.319+0300] {processor.py:157} INFO - Started process (PID=36139) to work on /Users/olgastash/neoflex_env_airflow/lib/python3.10/site-packages/airflow/example_dags/example_complex.py
[2023-07-30T21:40:11.320+0300] {processor.py:826} INFO - Processing file /Users/olgastash/neoflex_env_airflow/lib/python3.10/site-packages/airflow/example_dags/example_complex.py for tasks to queue
[2023-07-30T21:40:11.321+0300] {logging_mixin.py:150} INFO - [2023-07-30T21:40:11.320+0300] {dagbag.py:541} INFO - Filling up the DagBag from /Users/olgastash/neoflex_env_airflow/lib/python3.10/site-packages/airflow/example_dags/example_complex.py
[2023-07-30T21:40:11.350+0300] {processor.py:836} INFO - DAG(s) dict_keys(['example_complex']) retrieved from /Users/olgastash/neoflex_env_airflow/lib/python3.10/site-packages/airflow/example_dags/example_complex.py
[2023-07-30T21:40:12.329+0300] {logging_mixin.py:150} INFO - [2023-07-30T21:40:12.329+0300] {dag.py:2742} INFO - Sync 1 DAGs
[2023-07-30T21:40:12.348+0300] {logging_mixin.py:150} INFO - [2023-07-30T21:40:12.347+0300] {dag.py:3504} INFO - Setting next_dagrun for example_complex to None, run_after=None
[2023-07-30T21:40:12.368+0300] {processor.py:179} INFO - Processing /Users/olgastash/neoflex_env_airflow/lib/python3.10/site-packages/airflow/example_dags/example_complex.py took 1.050 seconds
[2023-07-30T21:44:31.015+0300] {processor.py:157} INFO - Started process (PID=36339) to work on /Users/olgastash/neoflex_env_airflow/lib/python3.10/site-packages/airflow/example_dags/example_complex.py
[2023-07-30T21:44:31.016+0300] {processor.py:826} INFO - Processing file /Users/olgastash/neoflex_env_airflow/lib/python3.10/site-packages/airflow/example_dags/example_complex.py for tasks to queue
[2023-07-30T21:44:31.017+0300] {logging_mixin.py:150} INFO - [2023-07-30T21:44:31.017+0300] {dagbag.py:541} INFO - Filling up the DagBag from /Users/olgastash/neoflex_env_airflow/lib/python3.10/site-packages/airflow/example_dags/example_complex.py
[2023-07-30T21:44:31.046+0300] {processor.py:836} INFO - DAG(s) dict_keys(['example_complex']) retrieved from /Users/olgastash/neoflex_env_airflow/lib/python3.10/site-packages/airflow/example_dags/example_complex.py
[2023-07-30T21:44:31.965+0300] {logging_mixin.py:150} INFO - [2023-07-30T21:44:31.964+0300] {dag.py:2742} INFO - Sync 1 DAGs
[2023-07-30T21:44:31.984+0300] {logging_mixin.py:150} INFO - [2023-07-30T21:44:31.984+0300] {dag.py:3504} INFO - Setting next_dagrun for example_complex to None, run_after=None
[2023-07-30T21:44:32.004+0300] {processor.py:179} INFO - Processing /Users/olgastash/neoflex_env_airflow/lib/python3.10/site-packages/airflow/example_dags/example_complex.py took 0.990 seconds
[2023-07-30T21:48:50.582+0300] {processor.py:157} INFO - Started process (PID=36509) to work on /Users/olgastash/neoflex_env_airflow/lib/python3.10/site-packages/airflow/example_dags/example_complex.py
[2023-07-30T21:48:50.583+0300] {processor.py:826} INFO - Processing file /Users/olgastash/neoflex_env_airflow/lib/python3.10/site-packages/airflow/example_dags/example_complex.py for tasks to queue
[2023-07-30T21:48:50.584+0300] {logging_mixin.py:150} INFO - [2023-07-30T21:48:50.583+0300] {dagbag.py:541} INFO - Filling up the DagBag from /Users/olgastash/neoflex_env_airflow/lib/python3.10/site-packages/airflow/example_dags/example_complex.py
[2023-07-30T21:48:50.613+0300] {processor.py:836} INFO - DAG(s) dict_keys(['example_complex']) retrieved from /Users/olgastash/neoflex_env_airflow/lib/python3.10/site-packages/airflow/example_dags/example_complex.py
[2023-07-30T21:48:51.603+0300] {logging_mixin.py:150} INFO - [2023-07-30T21:48:51.603+0300] {dag.py:2742} INFO - Sync 1 DAGs
[2023-07-30T21:48:51.622+0300] {logging_mixin.py:150} INFO - [2023-07-30T21:48:51.622+0300] {dag.py:3504} INFO - Setting next_dagrun for example_complex to None, run_after=None
[2023-07-30T21:48:51.643+0300] {processor.py:179} INFO - Processing /Users/olgastash/neoflex_env_airflow/lib/python3.10/site-packages/airflow/example_dags/example_complex.py took 1.062 seconds
[2023-07-30T21:53:09.409+0300] {processor.py:157} INFO - Started process (PID=36708) to work on /Users/olgastash/neoflex_env_airflow/lib/python3.10/site-packages/airflow/example_dags/example_complex.py
[2023-07-30T21:53:09.410+0300] {processor.py:826} INFO - Processing file /Users/olgastash/neoflex_env_airflow/lib/python3.10/site-packages/airflow/example_dags/example_complex.py for tasks to queue
[2023-07-30T21:53:09.411+0300] {logging_mixin.py:150} INFO - [2023-07-30T21:53:09.410+0300] {dagbag.py:541} INFO - Filling up the DagBag from /Users/olgastash/neoflex_env_airflow/lib/python3.10/site-packages/airflow/example_dags/example_complex.py
[2023-07-30T21:53:09.440+0300] {processor.py:836} INFO - DAG(s) dict_keys(['example_complex']) retrieved from /Users/olgastash/neoflex_env_airflow/lib/python3.10/site-packages/airflow/example_dags/example_complex.py
[2023-07-30T21:53:10.457+0300] {logging_mixin.py:150} INFO - [2023-07-30T21:53:10.457+0300] {dag.py:2742} INFO - Sync 1 DAGs
[2023-07-30T21:53:10.477+0300] {logging_mixin.py:150} INFO - [2023-07-30T21:53:10.477+0300] {dag.py:3504} INFO - Setting next_dagrun for example_complex to None, run_after=None
[2023-07-30T21:53:10.498+0300] {processor.py:179} INFO - Processing /Users/olgastash/neoflex_env_airflow/lib/python3.10/site-packages/airflow/example_dags/example_complex.py took 1.090 seconds
[2023-07-30T21:57:33.521+0300] {processor.py:157} INFO - Started process (PID=36929) to work on /Users/olgastash/neoflex_env_airflow/lib/python3.10/site-packages/airflow/example_dags/example_complex.py
[2023-07-30T21:57:33.522+0300] {processor.py:826} INFO - Processing file /Users/olgastash/neoflex_env_airflow/lib/python3.10/site-packages/airflow/example_dags/example_complex.py for tasks to queue
[2023-07-30T21:57:33.523+0300] {logging_mixin.py:150} INFO - [2023-07-30T21:57:33.523+0300] {dagbag.py:541} INFO - Filling up the DagBag from /Users/olgastash/neoflex_env_airflow/lib/python3.10/site-packages/airflow/example_dags/example_complex.py
[2023-07-30T21:57:33.553+0300] {processor.py:836} INFO - DAG(s) dict_keys(['example_complex']) retrieved from /Users/olgastash/neoflex_env_airflow/lib/python3.10/site-packages/airflow/example_dags/example_complex.py
[2023-07-30T21:57:34.676+0300] {logging_mixin.py:150} INFO - [2023-07-30T21:57:34.675+0300] {dag.py:2742} INFO - Sync 1 DAGs
[2023-07-30T21:57:34.710+0300] {logging_mixin.py:150} INFO - [2023-07-30T21:57:34.710+0300] {dag.py:3504} INFO - Setting next_dagrun for example_complex to None, run_after=None
[2023-07-30T21:57:34.748+0300] {processor.py:179} INFO - Processing /Users/olgastash/neoflex_env_airflow/lib/python3.10/site-packages/airflow/example_dags/example_complex.py took 1.228 seconds
[2023-07-30T22:01:58.372+0300] {processor.py:157} INFO - Started process (PID=37124) to work on /Users/olgastash/neoflex_env_airflow/lib/python3.10/site-packages/airflow/example_dags/example_complex.py
[2023-07-30T22:01:58.373+0300] {processor.py:826} INFO - Processing file /Users/olgastash/neoflex_env_airflow/lib/python3.10/site-packages/airflow/example_dags/example_complex.py for tasks to queue
[2023-07-30T22:01:58.374+0300] {logging_mixin.py:150} INFO - [2023-07-30T22:01:58.373+0300] {dagbag.py:541} INFO - Filling up the DagBag from /Users/olgastash/neoflex_env_airflow/lib/python3.10/site-packages/airflow/example_dags/example_complex.py
[2023-07-30T22:01:58.404+0300] {processor.py:836} INFO - DAG(s) dict_keys(['example_complex']) retrieved from /Users/olgastash/neoflex_env_airflow/lib/python3.10/site-packages/airflow/example_dags/example_complex.py
[2023-07-30T22:01:59.445+0300] {logging_mixin.py:150} INFO - [2023-07-30T22:01:59.445+0300] {dag.py:2742} INFO - Sync 1 DAGs
[2023-07-30T22:01:59.465+0300] {logging_mixin.py:150} INFO - [2023-07-30T22:01:59.465+0300] {dag.py:3504} INFO - Setting next_dagrun for example_complex to None, run_after=None
[2023-07-30T22:01:59.487+0300] {processor.py:179} INFO - Processing /Users/olgastash/neoflex_env_airflow/lib/python3.10/site-packages/airflow/example_dags/example_complex.py took 1.116 seconds
[2023-07-30T22:06:27.366+0300] {processor.py:157} INFO - Started process (PID=37338) to work on /Users/olgastash/neoflex_env_airflow/lib/python3.10/site-packages/airflow/example_dags/example_complex.py
[2023-07-30T22:06:27.367+0300] {processor.py:826} INFO - Processing file /Users/olgastash/neoflex_env_airflow/lib/python3.10/site-packages/airflow/example_dags/example_complex.py for tasks to queue
[2023-07-30T22:06:27.367+0300] {logging_mixin.py:150} INFO - [2023-07-30T22:06:27.367+0300] {dagbag.py:541} INFO - Filling up the DagBag from /Users/olgastash/neoflex_env_airflow/lib/python3.10/site-packages/airflow/example_dags/example_complex.py
[2023-07-30T22:06:27.397+0300] {processor.py:836} INFO - DAG(s) dict_keys(['example_complex']) retrieved from /Users/olgastash/neoflex_env_airflow/lib/python3.10/site-packages/airflow/example_dags/example_complex.py
[2023-07-30T22:06:28.456+0300] {logging_mixin.py:150} INFO - [2023-07-30T22:06:28.456+0300] {dag.py:2742} INFO - Sync 1 DAGs
[2023-07-30T22:06:28.476+0300] {logging_mixin.py:150} INFO - [2023-07-30T22:06:28.476+0300] {dag.py:3504} INFO - Setting next_dagrun for example_complex to None, run_after=None
[2023-07-30T22:06:28.498+0300] {processor.py:179} INFO - Processing /Users/olgastash/neoflex_env_airflow/lib/python3.10/site-packages/airflow/example_dags/example_complex.py took 1.133 seconds
[2023-07-30T22:10:55.158+0300] {processor.py:157} INFO - Started process (PID=37538) to work on /Users/olgastash/neoflex_env_airflow/lib/python3.10/site-packages/airflow/example_dags/example_complex.py
[2023-07-30T22:10:55.159+0300] {processor.py:826} INFO - Processing file /Users/olgastash/neoflex_env_airflow/lib/python3.10/site-packages/airflow/example_dags/example_complex.py for tasks to queue
[2023-07-30T22:10:55.159+0300] {logging_mixin.py:150} INFO - [2023-07-30T22:10:55.159+0300] {dagbag.py:541} INFO - Filling up the DagBag from /Users/olgastash/neoflex_env_airflow/lib/python3.10/site-packages/airflow/example_dags/example_complex.py
[2023-07-30T22:10:55.199+0300] {processor.py:836} INFO - DAG(s) dict_keys(['example_complex']) retrieved from /Users/olgastash/neoflex_env_airflow/lib/python3.10/site-packages/airflow/example_dags/example_complex.py
[2023-07-30T22:10:56.271+0300] {logging_mixin.py:150} INFO - [2023-07-30T22:10:56.270+0300] {dag.py:2742} INFO - Sync 1 DAGs
[2023-07-30T22:10:56.291+0300] {logging_mixin.py:150} INFO - [2023-07-30T22:10:56.290+0300] {dag.py:3504} INFO - Setting next_dagrun for example_complex to None, run_after=None
[2023-07-30T22:10:56.312+0300] {processor.py:179} INFO - Processing /Users/olgastash/neoflex_env_airflow/lib/python3.10/site-packages/airflow/example_dags/example_complex.py took 1.156 seconds
[2023-07-30T22:15:25.515+0300] {processor.py:157} INFO - Started process (PID=37759) to work on /Users/olgastash/neoflex_env_airflow/lib/python3.10/site-packages/airflow/example_dags/example_complex.py
[2023-07-30T22:15:25.516+0300] {processor.py:826} INFO - Processing file /Users/olgastash/neoflex_env_airflow/lib/python3.10/site-packages/airflow/example_dags/example_complex.py for tasks to queue
[2023-07-30T22:15:25.516+0300] {logging_mixin.py:150} INFO - [2023-07-30T22:15:25.516+0300] {dagbag.py:541} INFO - Filling up the DagBag from /Users/olgastash/neoflex_env_airflow/lib/python3.10/site-packages/airflow/example_dags/example_complex.py
[2023-07-30T22:15:25.547+0300] {processor.py:836} INFO - DAG(s) dict_keys(['example_complex']) retrieved from /Users/olgastash/neoflex_env_airflow/lib/python3.10/site-packages/airflow/example_dags/example_complex.py
[2023-07-30T22:15:26.546+0300] {logging_mixin.py:150} INFO - [2023-07-30T22:15:26.546+0300] {dag.py:2742} INFO - Sync 1 DAGs
[2023-07-30T22:15:26.566+0300] {logging_mixin.py:150} INFO - [2023-07-30T22:15:26.566+0300] {dag.py:3504} INFO - Setting next_dagrun for example_complex to None, run_after=None
[2023-07-30T22:15:26.588+0300] {processor.py:179} INFO - Processing /Users/olgastash/neoflex_env_airflow/lib/python3.10/site-packages/airflow/example_dags/example_complex.py took 1.075 seconds
[2023-07-30T22:19:54.407+0300] {processor.py:157} INFO - Started process (PID=37992) to work on /Users/olgastash/neoflex_env_airflow/lib/python3.10/site-packages/airflow/example_dags/example_complex.py
[2023-07-30T22:19:54.408+0300] {processor.py:826} INFO - Processing file /Users/olgastash/neoflex_env_airflow/lib/python3.10/site-packages/airflow/example_dags/example_complex.py for tasks to queue
[2023-07-30T22:19:54.408+0300] {logging_mixin.py:150} INFO - [2023-07-30T22:19:54.408+0300] {dagbag.py:541} INFO - Filling up the DagBag from /Users/olgastash/neoflex_env_airflow/lib/python3.10/site-packages/airflow/example_dags/example_complex.py
[2023-07-30T22:19:54.441+0300] {processor.py:836} INFO - DAG(s) dict_keys(['example_complex']) retrieved from /Users/olgastash/neoflex_env_airflow/lib/python3.10/site-packages/airflow/example_dags/example_complex.py
[2023-07-30T22:19:55.362+0300] {logging_mixin.py:150} INFO - [2023-07-30T22:19:55.361+0300] {dag.py:2742} INFO - Sync 1 DAGs
[2023-07-30T22:19:55.380+0300] {logging_mixin.py:150} INFO - [2023-07-30T22:19:55.379+0300] {dag.py:3504} INFO - Setting next_dagrun for example_complex to None, run_after=None
[2023-07-30T22:19:55.401+0300] {processor.py:179} INFO - Processing /Users/olgastash/neoflex_env_airflow/lib/python3.10/site-packages/airflow/example_dags/example_complex.py took 0.995 seconds
[2023-07-30T22:24:23.565+0300] {processor.py:157} INFO - Started process (PID=38248) to work on /Users/olgastash/neoflex_env_airflow/lib/python3.10/site-packages/airflow/example_dags/example_complex.py
[2023-07-30T22:24:23.566+0300] {processor.py:826} INFO - Processing file /Users/olgastash/neoflex_env_airflow/lib/python3.10/site-packages/airflow/example_dags/example_complex.py for tasks to queue
[2023-07-30T22:24:23.567+0300] {logging_mixin.py:150} INFO - [2023-07-30T22:24:23.566+0300] {dagbag.py:541} INFO - Filling up the DagBag from /Users/olgastash/neoflex_env_airflow/lib/python3.10/site-packages/airflow/example_dags/example_complex.py
[2023-07-30T22:24:23.597+0300] {processor.py:836} INFO - DAG(s) dict_keys(['example_complex']) retrieved from /Users/olgastash/neoflex_env_airflow/lib/python3.10/site-packages/airflow/example_dags/example_complex.py
[2023-07-30T22:24:24.617+0300] {logging_mixin.py:150} INFO - [2023-07-30T22:24:24.617+0300] {dag.py:2742} INFO - Sync 1 DAGs
[2023-07-30T22:24:24.637+0300] {logging_mixin.py:150} INFO - [2023-07-30T22:24:24.636+0300] {dag.py:3504} INFO - Setting next_dagrun for example_complex to None, run_after=None
[2023-07-30T22:24:24.657+0300] {processor.py:179} INFO - Processing /Users/olgastash/neoflex_env_airflow/lib/python3.10/site-packages/airflow/example_dags/example_complex.py took 1.093 seconds
[2023-07-30T22:28:55.060+0300] {processor.py:157} INFO - Started process (PID=38505) to work on /Users/olgastash/neoflex_env_airflow/lib/python3.10/site-packages/airflow/example_dags/example_complex.py
[2023-07-30T22:28:55.061+0300] {processor.py:826} INFO - Processing file /Users/olgastash/neoflex_env_airflow/lib/python3.10/site-packages/airflow/example_dags/example_complex.py for tasks to queue
[2023-07-30T22:28:55.062+0300] {logging_mixin.py:150} INFO - [2023-07-30T22:28:55.061+0300] {dagbag.py:541} INFO - Filling up the DagBag from /Users/olgastash/neoflex_env_airflow/lib/python3.10/site-packages/airflow/example_dags/example_complex.py
[2023-07-30T22:28:55.093+0300] {processor.py:836} INFO - DAG(s) dict_keys(['example_complex']) retrieved from /Users/olgastash/neoflex_env_airflow/lib/python3.10/site-packages/airflow/example_dags/example_complex.py
[2023-07-30T22:28:56.135+0300] {logging_mixin.py:150} INFO - [2023-07-30T22:28:56.135+0300] {dag.py:2742} INFO - Sync 1 DAGs
[2023-07-30T22:28:56.156+0300] {logging_mixin.py:150} INFO - [2023-07-30T22:28:56.156+0300] {dag.py:3504} INFO - Setting next_dagrun for example_complex to None, run_after=None
[2023-07-30T22:28:56.178+0300] {processor.py:179} INFO - Processing /Users/olgastash/neoflex_env_airflow/lib/python3.10/site-packages/airflow/example_dags/example_complex.py took 1.120 seconds
[2023-07-30T22:33:21.908+0300] {processor.py:157} INFO - Started process (PID=38701) to work on /Users/olgastash/neoflex_env_airflow/lib/python3.10/site-packages/airflow/example_dags/example_complex.py
[2023-07-30T22:33:21.909+0300] {processor.py:826} INFO - Processing file /Users/olgastash/neoflex_env_airflow/lib/python3.10/site-packages/airflow/example_dags/example_complex.py for tasks to queue
[2023-07-30T22:33:21.910+0300] {logging_mixin.py:150} INFO - [2023-07-30T22:33:21.909+0300] {dagbag.py:541} INFO - Filling up the DagBag from /Users/olgastash/neoflex_env_airflow/lib/python3.10/site-packages/airflow/example_dags/example_complex.py
[2023-07-30T22:33:21.940+0300] {processor.py:836} INFO - DAG(s) dict_keys(['example_complex']) retrieved from /Users/olgastash/neoflex_env_airflow/lib/python3.10/site-packages/airflow/example_dags/example_complex.py
[2023-07-30T22:33:22.969+0300] {logging_mixin.py:150} INFO - [2023-07-30T22:33:22.968+0300] {dag.py:2742} INFO - Sync 1 DAGs
[2023-07-30T22:33:22.988+0300] {logging_mixin.py:150} INFO - [2023-07-30T22:33:22.988+0300] {dag.py:3504} INFO - Setting next_dagrun for example_complex to None, run_after=None
[2023-07-30T22:33:23.009+0300] {processor.py:179} INFO - Processing /Users/olgastash/neoflex_env_airflow/lib/python3.10/site-packages/airflow/example_dags/example_complex.py took 1.102 seconds
[2023-07-30T22:37:49.609+0300] {processor.py:157} INFO - Started process (PID=38928) to work on /Users/olgastash/neoflex_env_airflow/lib/python3.10/site-packages/airflow/example_dags/example_complex.py
[2023-07-30T22:37:49.610+0300] {processor.py:826} INFO - Processing file /Users/olgastash/neoflex_env_airflow/lib/python3.10/site-packages/airflow/example_dags/example_complex.py for tasks to queue
[2023-07-30T22:37:49.611+0300] {logging_mixin.py:150} INFO - [2023-07-30T22:37:49.611+0300] {dagbag.py:541} INFO - Filling up the DagBag from /Users/olgastash/neoflex_env_airflow/lib/python3.10/site-packages/airflow/example_dags/example_complex.py
[2023-07-30T22:37:49.640+0300] {processor.py:836} INFO - DAG(s) dict_keys(['example_complex']) retrieved from /Users/olgastash/neoflex_env_airflow/lib/python3.10/site-packages/airflow/example_dags/example_complex.py
[2023-07-30T22:37:50.653+0300] {logging_mixin.py:150} INFO - [2023-07-30T22:37:50.652+0300] {dag.py:2742} INFO - Sync 1 DAGs
[2023-07-30T22:37:50.672+0300] {logging_mixin.py:150} INFO - [2023-07-30T22:37:50.672+0300] {dag.py:3504} INFO - Setting next_dagrun for example_complex to None, run_after=None
[2023-07-30T22:37:50.693+0300] {processor.py:179} INFO - Processing /Users/olgastash/neoflex_env_airflow/lib/python3.10/site-packages/airflow/example_dags/example_complex.py took 1.085 seconds
[2023-07-30T22:42:15.825+0300] {processor.py:157} INFO - Started process (PID=39155) to work on /Users/olgastash/neoflex_env_airflow/lib/python3.10/site-packages/airflow/example_dags/example_complex.py
[2023-07-30T22:42:15.826+0300] {processor.py:826} INFO - Processing file /Users/olgastash/neoflex_env_airflow/lib/python3.10/site-packages/airflow/example_dags/example_complex.py for tasks to queue
[2023-07-30T22:42:15.827+0300] {logging_mixin.py:150} INFO - [2023-07-30T22:42:15.827+0300] {dagbag.py:541} INFO - Filling up the DagBag from /Users/olgastash/neoflex_env_airflow/lib/python3.10/site-packages/airflow/example_dags/example_complex.py
[2023-07-30T22:42:15.858+0300] {processor.py:836} INFO - DAG(s) dict_keys(['example_complex']) retrieved from /Users/olgastash/neoflex_env_airflow/lib/python3.10/site-packages/airflow/example_dags/example_complex.py
[2023-07-30T22:42:16.929+0300] {logging_mixin.py:150} INFO - [2023-07-30T22:42:16.928+0300] {dag.py:2742} INFO - Sync 1 DAGs
[2023-07-30T22:42:16.951+0300] {logging_mixin.py:150} INFO - [2023-07-30T22:42:16.951+0300] {dag.py:3504} INFO - Setting next_dagrun for example_complex to None, run_after=None
[2023-07-30T22:42:16.976+0300] {processor.py:179} INFO - Processing /Users/olgastash/neoflex_env_airflow/lib/python3.10/site-packages/airflow/example_dags/example_complex.py took 1.151 seconds
[2023-07-30T22:46:42.266+0300] {processor.py:157} INFO - Started process (PID=39368) to work on /Users/olgastash/neoflex_env_airflow/lib/python3.10/site-packages/airflow/example_dags/example_complex.py
[2023-07-30T22:46:42.267+0300] {processor.py:826} INFO - Processing file /Users/olgastash/neoflex_env_airflow/lib/python3.10/site-packages/airflow/example_dags/example_complex.py for tasks to queue
[2023-07-30T22:46:42.268+0300] {logging_mixin.py:150} INFO - [2023-07-30T22:46:42.267+0300] {dagbag.py:541} INFO - Filling up the DagBag from /Users/olgastash/neoflex_env_airflow/lib/python3.10/site-packages/airflow/example_dags/example_complex.py
[2023-07-30T22:46:42.297+0300] {processor.py:836} INFO - DAG(s) dict_keys(['example_complex']) retrieved from /Users/olgastash/neoflex_env_airflow/lib/python3.10/site-packages/airflow/example_dags/example_complex.py
[2023-07-30T22:46:43.287+0300] {logging_mixin.py:150} INFO - [2023-07-30T22:46:43.287+0300] {dag.py:2742} INFO - Sync 1 DAGs
[2023-07-30T22:46:43.306+0300] {logging_mixin.py:150} INFO - [2023-07-30T22:46:43.306+0300] {dag.py:3504} INFO - Setting next_dagrun for example_complex to None, run_after=None
[2023-07-30T22:46:43.328+0300] {processor.py:179} INFO - Processing /Users/olgastash/neoflex_env_airflow/lib/python3.10/site-packages/airflow/example_dags/example_complex.py took 1.063 seconds
[2023-07-30T22:51:09.318+0300] {processor.py:157} INFO - Started process (PID=39605) to work on /Users/olgastash/neoflex_env_airflow/lib/python3.10/site-packages/airflow/example_dags/example_complex.py
[2023-07-30T22:51:09.319+0300] {processor.py:826} INFO - Processing file /Users/olgastash/neoflex_env_airflow/lib/python3.10/site-packages/airflow/example_dags/example_complex.py for tasks to queue
[2023-07-30T22:51:09.320+0300] {logging_mixin.py:150} INFO - [2023-07-30T22:51:09.320+0300] {dagbag.py:541} INFO - Filling up the DagBag from /Users/olgastash/neoflex_env_airflow/lib/python3.10/site-packages/airflow/example_dags/example_complex.py
[2023-07-30T22:51:09.351+0300] {processor.py:836} INFO - DAG(s) dict_keys(['example_complex']) retrieved from /Users/olgastash/neoflex_env_airflow/lib/python3.10/site-packages/airflow/example_dags/example_complex.py
[2023-07-30T22:51:10.380+0300] {logging_mixin.py:150} INFO - [2023-07-30T22:51:10.380+0300] {dag.py:2742} INFO - Sync 1 DAGs
[2023-07-30T22:51:10.401+0300] {logging_mixin.py:150} INFO - [2023-07-30T22:51:10.401+0300] {dag.py:3504} INFO - Setting next_dagrun for example_complex to None, run_after=None
[2023-07-30T22:51:10.424+0300] {processor.py:179} INFO - Processing /Users/olgastash/neoflex_env_airflow/lib/python3.10/site-packages/airflow/example_dags/example_complex.py took 1.107 seconds
[2023-07-30T22:55:40.719+0300] {processor.py:157} INFO - Started process (PID=39847) to work on /Users/olgastash/neoflex_env_airflow/lib/python3.10/site-packages/airflow/example_dags/example_complex.py
[2023-07-30T22:55:40.721+0300] {processor.py:826} INFO - Processing file /Users/olgastash/neoflex_env_airflow/lib/python3.10/site-packages/airflow/example_dags/example_complex.py for tasks to queue
[2023-07-30T22:55:40.721+0300] {logging_mixin.py:150} INFO - [2023-07-30T22:55:40.721+0300] {dagbag.py:541} INFO - Filling up the DagBag from /Users/olgastash/neoflex_env_airflow/lib/python3.10/site-packages/airflow/example_dags/example_complex.py
[2023-07-30T22:55:40.755+0300] {processor.py:836} INFO - DAG(s) dict_keys(['example_complex']) retrieved from /Users/olgastash/neoflex_env_airflow/lib/python3.10/site-packages/airflow/example_dags/example_complex.py
[2023-07-30T22:55:41.838+0300] {logging_mixin.py:150} INFO - [2023-07-30T22:55:41.838+0300] {dag.py:2742} INFO - Sync 1 DAGs
[2023-07-30T22:55:41.859+0300] {logging_mixin.py:150} INFO - [2023-07-30T22:55:41.859+0300] {dag.py:3504} INFO - Setting next_dagrun for example_complex to None, run_after=None
[2023-07-30T22:55:41.883+0300] {processor.py:179} INFO - Processing /Users/olgastash/neoflex_env_airflow/lib/python3.10/site-packages/airflow/example_dags/example_complex.py took 1.164 seconds
[2023-07-30T23:00:13.595+0300] {processor.py:157} INFO - Started process (PID=40087) to work on /Users/olgastash/neoflex_env_airflow/lib/python3.10/site-packages/airflow/example_dags/example_complex.py
[2023-07-30T23:00:13.597+0300] {processor.py:826} INFO - Processing file /Users/olgastash/neoflex_env_airflow/lib/python3.10/site-packages/airflow/example_dags/example_complex.py for tasks to queue
[2023-07-30T23:00:13.597+0300] {logging_mixin.py:150} INFO - [2023-07-30T23:00:13.597+0300] {dagbag.py:541} INFO - Filling up the DagBag from /Users/olgastash/neoflex_env_airflow/lib/python3.10/site-packages/airflow/example_dags/example_complex.py
[2023-07-30T23:00:13.627+0300] {processor.py:836} INFO - DAG(s) dict_keys(['example_complex']) retrieved from /Users/olgastash/neoflex_env_airflow/lib/python3.10/site-packages/airflow/example_dags/example_complex.py
[2023-07-30T23:00:14.651+0300] {logging_mixin.py:150} INFO - [2023-07-30T23:00:14.650+0300] {dag.py:2742} INFO - Sync 1 DAGs
[2023-07-30T23:00:14.670+0300] {logging_mixin.py:150} INFO - [2023-07-30T23:00:14.670+0300] {dag.py:3504} INFO - Setting next_dagrun for example_complex to None, run_after=None
[2023-07-30T23:00:14.692+0300] {processor.py:179} INFO - Processing /Users/olgastash/neoflex_env_airflow/lib/python3.10/site-packages/airflow/example_dags/example_complex.py took 1.097 seconds
[2023-07-30T23:04:44.866+0300] {processor.py:157} INFO - Started process (PID=40333) to work on /Users/olgastash/neoflex_env_airflow/lib/python3.10/site-packages/airflow/example_dags/example_complex.py
[2023-07-30T23:04:44.867+0300] {processor.py:826} INFO - Processing file /Users/olgastash/neoflex_env_airflow/lib/python3.10/site-packages/airflow/example_dags/example_complex.py for tasks to queue
[2023-07-30T23:04:44.868+0300] {logging_mixin.py:150} INFO - [2023-07-30T23:04:44.867+0300] {dagbag.py:541} INFO - Filling up the DagBag from /Users/olgastash/neoflex_env_airflow/lib/python3.10/site-packages/airflow/example_dags/example_complex.py
[2023-07-30T23:04:44.898+0300] {processor.py:836} INFO - DAG(s) dict_keys(['example_complex']) retrieved from /Users/olgastash/neoflex_env_airflow/lib/python3.10/site-packages/airflow/example_dags/example_complex.py
[2023-07-30T23:04:45.883+0300] {logging_mixin.py:150} INFO - [2023-07-30T23:04:45.882+0300] {dag.py:2742} INFO - Sync 1 DAGs
[2023-07-30T23:04:45.905+0300] {logging_mixin.py:150} INFO - [2023-07-30T23:04:45.905+0300] {dag.py:3504} INFO - Setting next_dagrun for example_complex to None, run_after=None
[2023-07-30T23:04:45.928+0300] {processor.py:179} INFO - Processing /Users/olgastash/neoflex_env_airflow/lib/python3.10/site-packages/airflow/example_dags/example_complex.py took 1.063 seconds
